[2025-10-31T23:14:58.594+0700] {local_task_job_runner.py:120} INFO - ::group::Pre task execution logs
[2025-10-31T23:14:58.607+0700] {taskinstance.py:2073} INFO - Dependencies all met for dep_context=non-requeueable deps ti=<TaskInstance: vehicle_pipeline_new_dag.cleanup_vehicle_checkpoints scheduled__2025-10-31T15:00:00+00:00 [queued]>
[2025-10-31T23:14:58.610+0700] {taskinstance.py:2073} INFO - Dependencies all met for dep_context=requeueable deps ti=<TaskInstance: vehicle_pipeline_new_dag.cleanup_vehicle_checkpoints scheduled__2025-10-31T15:00:00+00:00 [queued]>
[2025-10-31T23:14:58.611+0700] {taskinstance.py:2303} INFO - Starting attempt 2 of 4
[2025-10-31T23:14:58.616+0700] {taskinstance.py:2327} INFO - Executing <Task(BashOperator): cleanup_vehicle_checkpoints> on 2025-10-31 15:00:00+00:00
[2025-10-31T23:14:58.621+0700] {warnings.py:110} WARNING - /home/***/.local/lib/python3.12/site-packages/***/task/task_runner/standard_task_runner.py:61: DeprecationWarning: This process (pid=2365) is multi-threaded, use of fork() may lead to deadlocks in the child.
  pid = os.fork()

[2025-10-31T23:14:58.623+0700] {standard_task_runner.py:63} INFO - Started process 2367 to run task
[2025-10-31T23:14:58.624+0700] {standard_task_runner.py:90} INFO - Running: ['***', 'tasks', 'run', 'vehicle_pipeline_new_dag', 'cleanup_vehicle_checkpoints', 'scheduled__2025-10-31T15:00:00+00:00', '--job-id', '440', '--raw', '--subdir', 'DAGS_FOLDER/vehicel_pipeline_new_dag.py', '--cfg-path', '/tmp/tmplkhkntni']
[2025-10-31T23:14:58.626+0700] {standard_task_runner.py:91} INFO - Job 440: Subtask cleanup_vehicle_checkpoints
[2025-10-31T23:14:58.664+0700] {task_command.py:426} INFO - Running <TaskInstance: vehicle_pipeline_new_dag.cleanup_vehicle_checkpoints scheduled__2025-10-31T15:00:00+00:00 [running]> on host f7bb1ad77e89
[2025-10-31T23:14:58.723+0700] {taskinstance.py:2644} INFO - Exporting env vars: AIRFLOW_CTX_DAG_OWNER='***' AIRFLOW_CTX_DAG_ID='vehicle_pipeline_new_dag' AIRFLOW_CTX_TASK_ID='cleanup_vehicle_checkpoints' AIRFLOW_CTX_EXECUTION_DATE='2025-10-31T15:00:00+00:00' AIRFLOW_CTX_TRY_NUMBER='2' AIRFLOW_CTX_DAG_RUN_ID='scheduled__2025-10-31T15:00:00+00:00'
[2025-10-31T23:14:58.724+0700] {taskinstance.py:430} INFO - ::endgroup::
[2025-10-31T23:14:58.725+0700] {subprocess.py:63} INFO - Tmp dir root location: /tmp
[2025-10-31T23:14:58.726+0700] {subprocess.py:75} INFO - Running command: ['/usr/bin/bash', '-c', "echo '[Cleanup] Removing old vehicle checkpoint...'; rm -rf /opt/***/checkpoints/vehicle_pipeline_checkpoint || true; echo '[Cleanup] Done.'"]
[2025-10-31T23:14:58.735+0700] {subprocess.py:86} INFO - Output:
[2025-10-31T23:14:58.737+0700] {subprocess.py:93} INFO - [Cleanup] Removing old vehicle checkpoint...
[2025-10-31T23:14:58.739+0700] {subprocess.py:93} INFO - [Cleanup] Done.
[2025-10-31T23:14:58.739+0700] {subprocess.py:97} INFO - Command exited with return code 0
[2025-10-31T23:14:58.740+0700] {taskinstance.py:441} INFO - ::group::Post task execution logs
[2025-10-31T23:14:58.760+0700] {taskinstance.py:1205} INFO - Marking task as SUCCESS. dag_id=vehicle_pipeline_new_dag, task_id=cleanup_vehicle_checkpoints, execution_date=20251031T150000, start_date=20251031T161458, end_date=20251031T161458
[2025-10-31T23:14:58.798+0700] {local_task_job_runner.py:240} INFO - Task exited with return code 0
[2025-10-31T23:14:58.814+0700] {taskinstance.py:3482} INFO - 0 downstream tasks scheduled from follow-on schedule check
[2025-10-31T23:14:58.815+0700] {local_task_job_runner.py:222} INFO - ::endgroup::
