[2025-10-31T23:04:06.532+0700] {local_task_job_runner.py:120} INFO - ::group::Pre task execution logs
[2025-10-31T23:04:06.545+0700] {taskinstance.py:2073} INFO - Dependencies all met for dep_context=non-requeueable deps ti=<TaskInstance: vehicle_pipeline_new_dag.cleanup_vehicle_checkpoints scheduled__2025-10-31T15:00:00+00:00 [queued]>
[2025-10-31T23:04:06.548+0700] {taskinstance.py:2073} INFO - Dependencies all met for dep_context=requeueable deps ti=<TaskInstance: vehicle_pipeline_new_dag.cleanup_vehicle_checkpoints scheduled__2025-10-31T15:00:00+00:00 [queued]>
[2025-10-31T23:04:06.548+0700] {taskinstance.py:2303} INFO - Starting attempt 1 of 3
[2025-10-31T23:04:06.553+0700] {taskinstance.py:2327} INFO - Executing <Task(BashOperator): cleanup_vehicle_checkpoints> on 2025-10-31 15:00:00+00:00
[2025-10-31T23:04:06.558+0700] {warnings.py:110} WARNING - /home/***/.local/lib/python3.12/site-packages/***/task/task_runner/standard_task_runner.py:61: DeprecationWarning: This process (pid=2098) is multi-threaded, use of fork() may lead to deadlocks in the child.
  pid = os.fork()

[2025-10-31T23:04:06.559+0700] {standard_task_runner.py:63} INFO - Started process 2100 to run task
[2025-10-31T23:04:06.560+0700] {standard_task_runner.py:90} INFO - Running: ['***', 'tasks', 'run', 'vehicle_pipeline_new_dag', 'cleanup_vehicle_checkpoints', 'scheduled__2025-10-31T15:00:00+00:00', '--job-id', '428', '--raw', '--subdir', 'DAGS_FOLDER/vehicel_pipeline_new_dag.py', '--cfg-path', '/tmp/tmpte067oyj']
[2025-10-31T23:04:06.563+0700] {standard_task_runner.py:91} INFO - Job 428: Subtask cleanup_vehicle_checkpoints
[2025-10-31T23:04:06.597+0700] {task_command.py:426} INFO - Running <TaskInstance: vehicle_pipeline_new_dag.cleanup_vehicle_checkpoints scheduled__2025-10-31T15:00:00+00:00 [running]> on host f7bb1ad77e89
[2025-10-31T23:04:06.655+0700] {taskinstance.py:2644} INFO - Exporting env vars: AIRFLOW_CTX_DAG_OWNER='***' AIRFLOW_CTX_DAG_ID='vehicle_pipeline_new_dag' AIRFLOW_CTX_TASK_ID='cleanup_vehicle_checkpoints' AIRFLOW_CTX_EXECUTION_DATE='2025-10-31T15:00:00+00:00' AIRFLOW_CTX_TRY_NUMBER='1' AIRFLOW_CTX_DAG_RUN_ID='scheduled__2025-10-31T15:00:00+00:00'
[2025-10-31T23:04:06.657+0700] {taskinstance.py:430} INFO - ::endgroup::
[2025-10-31T23:04:06.657+0700] {subprocess.py:63} INFO - Tmp dir root location: /tmp
[2025-10-31T23:04:06.658+0700] {subprocess.py:75} INFO - Running command: ['/usr/bin/bash', '-c', "echo '[Cleanup] Removing old vehicle checkpoint...'; rm -rf /opt/***/checkpoints/vehicle_pipeline_checkpoint || true; echo '[Cleanup] Done.'"]
[2025-10-31T23:04:06.669+0700] {subprocess.py:86} INFO - Output:
[2025-10-31T23:04:06.671+0700] {subprocess.py:93} INFO - [Cleanup] Removing old vehicle checkpoint...
[2025-10-31T23:04:06.672+0700] {subprocess.py:93} INFO - [Cleanup] Done.
[2025-10-31T23:04:06.673+0700] {subprocess.py:97} INFO - Command exited with return code 0
[2025-10-31T23:04:06.673+0700] {taskinstance.py:441} INFO - ::group::Post task execution logs
[2025-10-31T23:04:06.694+0700] {taskinstance.py:1205} INFO - Marking task as SUCCESS. dag_id=vehicle_pipeline_new_dag, task_id=cleanup_vehicle_checkpoints, execution_date=20251031T150000, start_date=20251031T160406, end_date=20251031T160406
[2025-10-31T23:04:06.735+0700] {local_task_job_runner.py:240} INFO - Task exited with return code 0
[2025-10-31T23:04:06.748+0700] {taskinstance.py:3482} INFO - 0 downstream tasks scheduled from follow-on schedule check
[2025-10-31T23:04:06.749+0700] {local_task_job_runner.py:222} INFO - ::endgroup::
[2025-10-31T23:24:35.325+0700] {local_task_job_runner.py:120} INFO - ::group::Pre task execution logs
[2025-10-31T23:24:35.340+0700] {taskinstance.py:2073} INFO - Dependencies all met for dep_context=non-requeueable deps ti=<TaskInstance: vehicle_pipeline_new_dag.cleanup_vehicle_checkpoints scheduled__2025-10-31T15:00:00+00:00 [queued]>
[2025-10-31T23:24:35.344+0700] {taskinstance.py:2073} INFO - Dependencies all met for dep_context=requeueable deps ti=<TaskInstance: vehicle_pipeline_new_dag.cleanup_vehicle_checkpoints scheduled__2025-10-31T15:00:00+00:00 [queued]>
[2025-10-31T23:24:35.344+0700] {taskinstance.py:2303} INFO - Starting attempt 1 of 3
[2025-10-31T23:24:35.351+0700] {taskinstance.py:2327} INFO - Executing <Task(BashOperator): cleanup_vehicle_checkpoints> on 2025-10-31 15:00:00+00:00
[2025-10-31T23:24:35.357+0700] {warnings.py:110} WARNING - /home/***/.local/lib/python3.12/site-packages/***/task/task_runner/standard_task_runner.py:61: DeprecationWarning: This process (pid=3565) is multi-threaded, use of fork() may lead to deadlocks in the child.
  pid = os.fork()

[2025-10-31T23:24:35.358+0700] {standard_task_runner.py:63} INFO - Started process 3567 to run task
[2025-10-31T23:24:35.359+0700] {standard_task_runner.py:90} INFO - Running: ['***', 'tasks', 'run', 'vehicle_pipeline_new_dag', 'cleanup_vehicle_checkpoints', 'scheduled__2025-10-31T15:00:00+00:00', '--job-id', '474', '--raw', '--subdir', 'DAGS_FOLDER/vehicel_pipeline_new_dag.py', '--cfg-path', '/tmp/tmp674_s2kn']
[2025-10-31T23:24:35.361+0700] {standard_task_runner.py:91} INFO - Job 474: Subtask cleanup_vehicle_checkpoints
[2025-10-31T23:24:35.397+0700] {task_command.py:426} INFO - Running <TaskInstance: vehicle_pipeline_new_dag.cleanup_vehicle_checkpoints scheduled__2025-10-31T15:00:00+00:00 [running]> on host f7bb1ad77e89
[2025-10-31T23:24:35.452+0700] {taskinstance.py:2644} INFO - Exporting env vars: AIRFLOW_CTX_DAG_OWNER='***' AIRFLOW_CTX_DAG_ID='vehicle_pipeline_new_dag' AIRFLOW_CTX_TASK_ID='cleanup_vehicle_checkpoints' AIRFLOW_CTX_EXECUTION_DATE='2025-10-31T15:00:00+00:00' AIRFLOW_CTX_TRY_NUMBER='1' AIRFLOW_CTX_DAG_RUN_ID='scheduled__2025-10-31T15:00:00+00:00'
[2025-10-31T23:24:35.453+0700] {taskinstance.py:430} INFO - ::endgroup::
[2025-10-31T23:24:35.454+0700] {subprocess.py:63} INFO - Tmp dir root location: /tmp
[2025-10-31T23:24:35.454+0700] {subprocess.py:75} INFO - Running command: ['/usr/bin/bash', '-c', "echo '[Cleanup] Removing old vehicle checkpoint...'; rm -rf /opt/***/checkpoints/vehicle_pipeline_checkpoint || true; echo '[Cleanup] Done.'"]
[2025-10-31T23:24:35.464+0700] {subprocess.py:86} INFO - Output:
[2025-10-31T23:24:35.466+0700] {subprocess.py:93} INFO - [Cleanup] Removing old vehicle checkpoint...
[2025-10-31T23:24:35.468+0700] {subprocess.py:93} INFO - [Cleanup] Done.
[2025-10-31T23:24:35.468+0700] {subprocess.py:97} INFO - Command exited with return code 0
[2025-10-31T23:24:35.469+0700] {taskinstance.py:441} INFO - ::group::Post task execution logs
[2025-10-31T23:24:35.488+0700] {taskinstance.py:1205} INFO - Marking task as SUCCESS. dag_id=vehicle_pipeline_new_dag, task_id=cleanup_vehicle_checkpoints, execution_date=20251031T150000, start_date=20251031T162435, end_date=20251031T162435
[2025-10-31T23:24:35.536+0700] {local_task_job_runner.py:240} INFO - Task exited with return code 0
[2025-10-31T23:24:35.548+0700] {taskinstance.py:3482} INFO - 0 downstream tasks scheduled from follow-on schedule check
[2025-10-31T23:24:35.549+0700] {local_task_job_runner.py:222} INFO - ::endgroup::
