[2025-10-31T23:33:03.856+0700] {local_task_job_runner.py:120} INFO - ::group::Pre task execution logs
[2025-10-31T23:33:03.872+0700] {taskinstance.py:2073} INFO - Dependencies all met for dep_context=non-requeueable deps ti=<TaskInstance: vehicle_pipeline_new_dag.cleanup_vehicle_checkpoints manual__2025-10-31T16:20:34.210157+00:00 [queued]>
[2025-10-31T23:33:03.876+0700] {taskinstance.py:2073} INFO - Dependencies all met for dep_context=requeueable deps ti=<TaskInstance: vehicle_pipeline_new_dag.cleanup_vehicle_checkpoints manual__2025-10-31T16:20:34.210157+00:00 [queued]>
[2025-10-31T23:33:03.877+0700] {taskinstance.py:2303} INFO - Starting attempt 2 of 4
[2025-10-31T23:33:03.885+0700] {taskinstance.py:2327} INFO - Executing <Task(BashOperator): cleanup_vehicle_checkpoints> on 2025-10-31 16:20:34.210157+00:00
[2025-10-31T23:33:03.891+0700] {warnings.py:110} WARNING - /home/***/.local/lib/python3.12/site-packages/***/task/task_runner/standard_task_runner.py:61: DeprecationWarning: This process (pid=5351) is multi-threaded, use of fork() may lead to deadlocks in the child.
  pid = os.fork()

[2025-10-31T23:33:03.893+0700] {standard_task_runner.py:63} INFO - Started process 5353 to run task
[2025-10-31T23:33:03.894+0700] {standard_task_runner.py:90} INFO - Running: ['***', 'tasks', 'run', 'vehicle_pipeline_new_dag', 'cleanup_vehicle_checkpoints', 'manual__2025-10-31T16:20:34.210157+00:00', '--job-id', '496', '--raw', '--subdir', 'DAGS_FOLDER/vehicel_pipeline_new_dag.py', '--cfg-path', '/tmp/tmpe0zns56f']
[2025-10-31T23:33:03.897+0700] {standard_task_runner.py:91} INFO - Job 496: Subtask cleanup_vehicle_checkpoints
[2025-10-31T23:33:03.939+0700] {task_command.py:426} INFO - Running <TaskInstance: vehicle_pipeline_new_dag.cleanup_vehicle_checkpoints manual__2025-10-31T16:20:34.210157+00:00 [running]> on host f7bb1ad77e89
[2025-10-31T23:33:04.000+0700] {taskinstance.py:2644} INFO - Exporting env vars: AIRFLOW_CTX_DAG_OWNER='***' AIRFLOW_CTX_DAG_ID='vehicle_pipeline_new_dag' AIRFLOW_CTX_TASK_ID='cleanup_vehicle_checkpoints' AIRFLOW_CTX_EXECUTION_DATE='2025-10-31T16:20:34.210157+00:00' AIRFLOW_CTX_TRY_NUMBER='2' AIRFLOW_CTX_DAG_RUN_ID='manual__2025-10-31T16:20:34.210157+00:00'
[2025-10-31T23:33:04.001+0700] {taskinstance.py:430} INFO - ::endgroup::
[2025-10-31T23:33:04.002+0700] {subprocess.py:63} INFO - Tmp dir root location: /tmp
[2025-10-31T23:33:04.002+0700] {subprocess.py:75} INFO - Running command: ['/usr/bin/bash', '-c', "echo '[Cleanup] Removing old vehicle checkpoint...'; rm -rf /opt/***/checkpoints/vehicle_pipeline_checkpoint || true; echo '[Cleanup] Done.'"]
[2025-10-31T23:33:04.013+0700] {subprocess.py:86} INFO - Output:
[2025-10-31T23:33:04.015+0700] {subprocess.py:93} INFO - [Cleanup] Removing old vehicle checkpoint...
[2025-10-31T23:33:04.018+0700] {subprocess.py:93} INFO - [Cleanup] Done.
[2025-10-31T23:33:04.018+0700] {subprocess.py:97} INFO - Command exited with return code 0
[2025-10-31T23:33:04.018+0700] {taskinstance.py:441} INFO - ::group::Post task execution logs
[2025-10-31T23:33:04.039+0700] {taskinstance.py:1205} INFO - Marking task as SUCCESS. dag_id=vehicle_pipeline_new_dag, task_id=cleanup_vehicle_checkpoints, execution_date=20251031T162034, start_date=20251031T163303, end_date=20251031T163304
[2025-10-31T23:33:04.069+0700] {local_task_job_runner.py:240} INFO - Task exited with return code 0
[2025-10-31T23:33:04.085+0700] {taskinstance.py:3482} INFO - 0 downstream tasks scheduled from follow-on schedule check
[2025-10-31T23:33:04.086+0700] {local_task_job_runner.py:222} INFO - ::endgroup::
