[2025-10-31T23:24:40.652+0700] {local_task_job_runner.py:120} INFO - ::group::Pre task execution logs
[2025-10-31T23:24:40.665+0700] {taskinstance.py:2073} INFO - Dependencies all met for dep_context=non-requeueable deps ti=<TaskInstance: vehicle_pipeline_new_dag.cleanup_vehicle_checkpoints manual__2025-10-31T16:20:34.210157+00:00 [queued]>
[2025-10-31T23:24:40.668+0700] {taskinstance.py:2073} INFO - Dependencies all met for dep_context=requeueable deps ti=<TaskInstance: vehicle_pipeline_new_dag.cleanup_vehicle_checkpoints manual__2025-10-31T16:20:34.210157+00:00 [queued]>
[2025-10-31T23:24:40.668+0700] {taskinstance.py:2303} INFO - Starting attempt 1 of 3
[2025-10-31T23:24:40.673+0700] {taskinstance.py:2327} INFO - Executing <Task(BashOperator): cleanup_vehicle_checkpoints> on 2025-10-31 16:20:34.210157+00:00
[2025-10-31T23:24:40.679+0700] {warnings.py:110} WARNING - /home/***/.local/lib/python3.12/site-packages/***/task/task_runner/standard_task_runner.py:61: DeprecationWarning: This process (pid=3612) is multi-threaded, use of fork() may lead to deadlocks in the child.
  pid = os.fork()

[2025-10-31T23:24:40.680+0700] {standard_task_runner.py:63} INFO - Started process 3614 to run task
[2025-10-31T23:24:40.681+0700] {standard_task_runner.py:90} INFO - Running: ['***', 'tasks', 'run', 'vehicle_pipeline_new_dag', 'cleanup_vehicle_checkpoints', 'manual__2025-10-31T16:20:34.210157+00:00', '--job-id', '480', '--raw', '--subdir', 'DAGS_FOLDER/vehicel_pipeline_new_dag.py', '--cfg-path', '/tmp/tmpi7_4d344']
[2025-10-31T23:24:40.684+0700] {standard_task_runner.py:91} INFO - Job 480: Subtask cleanup_vehicle_checkpoints
[2025-10-31T23:24:40.718+0700] {task_command.py:426} INFO - Running <TaskInstance: vehicle_pipeline_new_dag.cleanup_vehicle_checkpoints manual__2025-10-31T16:20:34.210157+00:00 [running]> on host f7bb1ad77e89
[2025-10-31T23:24:40.770+0700] {taskinstance.py:2644} INFO - Exporting env vars: AIRFLOW_CTX_DAG_OWNER='***' AIRFLOW_CTX_DAG_ID='vehicle_pipeline_new_dag' AIRFLOW_CTX_TASK_ID='cleanup_vehicle_checkpoints' AIRFLOW_CTX_EXECUTION_DATE='2025-10-31T16:20:34.210157+00:00' AIRFLOW_CTX_TRY_NUMBER='1' AIRFLOW_CTX_DAG_RUN_ID='manual__2025-10-31T16:20:34.210157+00:00'
[2025-10-31T23:24:40.771+0700] {taskinstance.py:430} INFO - ::endgroup::
[2025-10-31T23:24:40.772+0700] {subprocess.py:63} INFO - Tmp dir root location: /tmp
[2025-10-31T23:24:40.772+0700] {subprocess.py:75} INFO - Running command: ['/usr/bin/bash', '-c', "echo '[Cleanup] Removing old vehicle checkpoint...'; rm -rf /opt/***/checkpoints/vehicle_pipeline_checkpoint || true; echo '[Cleanup] Done.'"]
[2025-10-31T23:24:40.782+0700] {subprocess.py:86} INFO - Output:
[2025-10-31T23:24:40.783+0700] {subprocess.py:93} INFO - [Cleanup] Removing old vehicle checkpoint...
[2025-10-31T23:24:40.785+0700] {subprocess.py:93} INFO - [Cleanup] Done.
[2025-10-31T23:24:40.785+0700] {subprocess.py:97} INFO - Command exited with return code 0
[2025-10-31T23:24:40.786+0700] {taskinstance.py:441} INFO - ::group::Post task execution logs
[2025-10-31T23:24:40.806+0700] {taskinstance.py:1205} INFO - Marking task as SUCCESS. dag_id=vehicle_pipeline_new_dag, task_id=cleanup_vehicle_checkpoints, execution_date=20251031T162034, start_date=20251031T162440, end_date=20251031T162440
[2025-10-31T23:24:40.855+0700] {local_task_job_runner.py:240} INFO - Task exited with return code 0
[2025-10-31T23:24:40.870+0700] {taskinstance.py:3482} INFO - 0 downstream tasks scheduled from follow-on schedule check
[2025-10-31T23:24:40.871+0700] {local_task_job_runner.py:222} INFO - ::endgroup::
