[2025-10-31T23:45:39.173+0700] {local_task_job_runner.py:120} INFO - ::group::Pre task execution logs
[2025-10-31T23:45:39.186+0700] {taskinstance.py:2073} INFO - Dependencies all met for dep_context=non-requeueable deps ti=<TaskInstance: vehicle_pipeline_new_dag.cleanup_vehicle_checkpoints manual__2025-10-31T16:20:34.210157+00:00 [queued]>
[2025-10-31T23:45:39.189+0700] {taskinstance.py:2073} INFO - Dependencies all met for dep_context=requeueable deps ti=<TaskInstance: vehicle_pipeline_new_dag.cleanup_vehicle_checkpoints manual__2025-10-31T16:20:34.210157+00:00 [queued]>
[2025-10-31T23:45:39.189+0700] {taskinstance.py:2303} INFO - Starting attempt 3 of 5
[2025-10-31T23:45:39.194+0700] {taskinstance.py:2327} INFO - Executing <Task(BashOperator): cleanup_vehicle_checkpoints> on 2025-10-31 16:20:34.210157+00:00
[2025-10-31T23:45:39.199+0700] {warnings.py:110} WARNING - /home/***/.local/lib/python3.12/site-packages/***/task/task_runner/standard_task_runner.py:61: DeprecationWarning: This process (pid=7529) is multi-threaded, use of fork() may lead to deadlocks in the child.
  pid = os.fork()

[2025-10-31T23:45:39.200+0700] {standard_task_runner.py:63} INFO - Started process 7531 to run task
[2025-10-31T23:45:39.201+0700] {standard_task_runner.py:90} INFO - Running: ['***', 'tasks', 'run', 'vehicle_pipeline_new_dag', 'cleanup_vehicle_checkpoints', 'manual__2025-10-31T16:20:34.210157+00:00', '--job-id', '504', '--raw', '--subdir', 'DAGS_FOLDER/vehicel_pipeline_new_dag.py', '--cfg-path', '/tmp/tmpodyhwdfk']
[2025-10-31T23:45:39.203+0700] {standard_task_runner.py:91} INFO - Job 504: Subtask cleanup_vehicle_checkpoints
[2025-10-31T23:45:39.241+0700] {task_command.py:426} INFO - Running <TaskInstance: vehicle_pipeline_new_dag.cleanup_vehicle_checkpoints manual__2025-10-31T16:20:34.210157+00:00 [running]> on host f7bb1ad77e89
[2025-10-31T23:45:39.313+0700] {taskinstance.py:2644} INFO - Exporting env vars: AIRFLOW_CTX_DAG_OWNER='***' AIRFLOW_CTX_DAG_ID='vehicle_pipeline_new_dag' AIRFLOW_CTX_TASK_ID='cleanup_vehicle_checkpoints' AIRFLOW_CTX_EXECUTION_DATE='2025-10-31T16:20:34.210157+00:00' AIRFLOW_CTX_TRY_NUMBER='3' AIRFLOW_CTX_DAG_RUN_ID='manual__2025-10-31T16:20:34.210157+00:00'
[2025-10-31T23:45:39.315+0700] {taskinstance.py:430} INFO - ::endgroup::
[2025-10-31T23:45:39.315+0700] {subprocess.py:63} INFO - Tmp dir root location: /tmp
[2025-10-31T23:45:39.316+0700] {subprocess.py:75} INFO - Running command: ['/usr/bin/bash', '-c', "echo '[Cleanup] Removing old vehicle checkpoint...'; rm -rf /opt/***/checkpoints/vehicle_pipeline_checkpoint || true; echo '[Cleanup] Done.'"]
[2025-10-31T23:45:39.330+0700] {subprocess.py:86} INFO - Output:
[2025-10-31T23:45:39.332+0700] {subprocess.py:93} INFO - [Cleanup] Removing old vehicle checkpoint...
[2025-10-31T23:45:39.334+0700] {subprocess.py:93} INFO - [Cleanup] Done.
[2025-10-31T23:45:39.335+0700] {subprocess.py:97} INFO - Command exited with return code 0
[2025-10-31T23:45:39.335+0700] {taskinstance.py:441} INFO - ::group::Post task execution logs
[2025-10-31T23:45:39.358+0700] {taskinstance.py:1205} INFO - Marking task as SUCCESS. dag_id=vehicle_pipeline_new_dag, task_id=cleanup_vehicle_checkpoints, execution_date=20251031T162034, start_date=20251031T164539, end_date=20251031T164539
[2025-10-31T23:45:39.414+0700] {local_task_job_runner.py:240} INFO - Task exited with return code 0
[2025-10-31T23:45:39.427+0700] {taskinstance.py:3482} INFO - 0 downstream tasks scheduled from follow-on schedule check
[2025-10-31T23:45:39.428+0700] {local_task_job_runner.py:222} INFO - ::endgroup::
