[2025-10-31T22:59:01.072+0700] {local_task_job_runner.py:120} INFO - ::group::Pre task execution logs
[2025-10-31T22:59:01.089+0700] {taskinstance.py:2073} INFO - Dependencies all met for dep_context=non-requeueable deps ti=<TaskInstance: absa_streaming_lifecycle_full.update_model manual__2025-10-31T15:58:51.797956+00:00 [queued]>
[2025-10-31T22:59:01.092+0700] {taskinstance.py:2073} INFO - Dependencies all met for dep_context=requeueable deps ti=<TaskInstance: absa_streaming_lifecycle_full.update_model manual__2025-10-31T15:58:51.797956+00:00 [queued]>
[2025-10-31T22:59:01.093+0700] {taskinstance.py:2303} INFO - Starting attempt 1 of 3
[2025-10-31T22:59:01.099+0700] {taskinstance.py:2327} INFO - Executing <Task(PythonOperator): update_model> on 2025-10-31 15:58:51.797956+00:00
[2025-10-31T22:59:01.105+0700] {warnings.py:110} WARNING - /home/***/.local/lib/python3.12/site-packages/***/task/task_runner/standard_task_runner.py:61: DeprecationWarning: This process (pid=1782) is multi-threaded, use of fork() may lead to deadlocks in the child.
  pid = os.fork()

[2025-10-31T22:59:01.106+0700] {standard_task_runner.py:63} INFO - Started process 1786 to run task
[2025-10-31T22:59:01.107+0700] {standard_task_runner.py:90} INFO - Running: ['***', 'tasks', 'run', 'absa_streaming_lifecycle_full', 'update_model', 'manual__2025-10-31T15:58:51.797956+00:00', '--job-id', '383', '--raw', '--subdir', 'DAGS_FOLDER/absa_streaming_lifecycle_full.py', '--cfg-path', '/tmp/tmpz0zj0hv9']
[2025-10-31T22:59:01.110+0700] {standard_task_runner.py:91} INFO - Job 383: Subtask update_model
[2025-10-31T22:59:01.155+0700] {task_command.py:426} INFO - Running <TaskInstance: absa_streaming_lifecycle_full.update_model manual__2025-10-31T15:58:51.797956+00:00 [running]> on host f7bb1ad77e89
[2025-10-31T22:59:01.216+0700] {taskinstance.py:2644} INFO - Exporting env vars: AIRFLOW_CTX_DAG_OWNER='***' AIRFLOW_CTX_DAG_ID='absa_streaming_lifecycle_full' AIRFLOW_CTX_TASK_ID='update_model' AIRFLOW_CTX_EXECUTION_DATE='2025-10-31T15:58:51.797956+00:00' AIRFLOW_CTX_TRY_NUMBER='1' AIRFLOW_CTX_DAG_RUN_ID='manual__2025-10-31T15:58:51.797956+00:00'
[2025-10-31T22:59:01.217+0700] {taskinstance.py:430} INFO - ::endgroup::
[2025-10-31T22:59:01.218+0700] {logging_mixin.py:188} INFO - [Update] Deploying new ABSA model...
[2025-10-31T22:59:01.222+0700] {logging_mixin.py:188} INFO - [Update] ✅ Model updated → /opt/***/projects/absa_streaming/models/best_absa_hardshare.pt
[2025-10-31T22:59:01.222+0700] {python.py:237} INFO - Done. Returned value was: None
[2025-10-31T22:59:01.223+0700] {taskinstance.py:441} INFO - ::group::Post task execution logs
[2025-10-31T22:59:01.231+0700] {taskinstance.py:1205} INFO - Marking task as SUCCESS. dag_id=absa_streaming_lifecycle_full, task_id=update_model, execution_date=20251031T155851, start_date=20251031T155901, end_date=20251031T155901
[2025-10-31T22:59:01.281+0700] {local_task_job_runner.py:240} INFO - Task exited with return code 0
[2025-10-31T22:59:01.295+0700] {taskinstance.py:3482} INFO - 0 downstream tasks scheduled from follow-on schedule check
[2025-10-31T22:59:01.296+0700] {local_task_job_runner.py:222} INFO - ::endgroup::
