[2025-10-31T23:04:04.347+0700] {local_task_job_runner.py:120} INFO - ::group::Pre task execution logs
[2025-10-31T23:04:04.364+0700] {taskinstance.py:2073} INFO - Dependencies all met for dep_context=non-requeueable deps ti=<TaskInstance: absa_streaming_lifecycle_full.deploy_consumer scheduled__2025-10-31T15:00:00+00:00 [queued]>
[2025-10-31T23:04:04.368+0700] {taskinstance.py:2073} INFO - Dependencies all met for dep_context=requeueable deps ti=<TaskInstance: absa_streaming_lifecycle_full.deploy_consumer scheduled__2025-10-31T15:00:00+00:00 [queued]>
[2025-10-31T23:04:04.368+0700] {taskinstance.py:2303} INFO - Starting attempt 3 of 3
[2025-10-31T23:04:04.374+0700] {taskinstance.py:2327} INFO - Executing <Task(BashOperator): deploy_consumer> on 2025-10-31 15:00:00+00:00
[2025-10-31T23:04:04.380+0700] {warnings.py:110} WARNING - /home/***/.local/lib/python3.12/site-packages/***/task/task_runner/standard_task_runner.py:61: DeprecationWarning: This process (pid=2067) is multi-threaded, use of fork() may lead to deadlocks in the child.
  pid = os.fork()

[2025-10-31T23:04:04.381+0700] {standard_task_runner.py:63} INFO - Started process 2076 to run task
[2025-10-31T23:04:04.383+0700] {standard_task_runner.py:90} INFO - Running: ['***', 'tasks', 'run', 'absa_streaming_lifecycle_full', 'deploy_consumer', 'scheduled__2025-10-31T15:00:00+00:00', '--job-id', '422', '--raw', '--subdir', 'DAGS_FOLDER/absa_streaming_lifecycle_full.py', '--cfg-path', '/tmp/tmpzc0tzvvv']
[2025-10-31T23:04:04.386+0700] {standard_task_runner.py:91} INFO - Job 422: Subtask deploy_consumer
[2025-10-31T23:04:04.430+0700] {task_command.py:426} INFO - Running <TaskInstance: absa_streaming_lifecycle_full.deploy_consumer scheduled__2025-10-31T15:00:00+00:00 [running]> on host f7bb1ad77e89
[2025-10-31T23:04:04.488+0700] {taskinstance.py:2644} INFO - Exporting env vars: AIRFLOW_CTX_DAG_OWNER='***' AIRFLOW_CTX_DAG_ID='absa_streaming_lifecycle_full' AIRFLOW_CTX_TASK_ID='deploy_consumer' AIRFLOW_CTX_EXECUTION_DATE='2025-10-31T15:00:00+00:00' AIRFLOW_CTX_TRY_NUMBER='3' AIRFLOW_CTX_DAG_RUN_ID='scheduled__2025-10-31T15:00:00+00:00'
[2025-10-31T23:04:04.489+0700] {taskinstance.py:430} INFO - ::endgroup::
[2025-10-31T23:04:04.490+0700] {subprocess.py:63} INFO - Tmp dir root location: /tmp
[2025-10-31T23:04:04.490+0700] {subprocess.py:75} INFO - Running command: ['/usr/bin/bash', '-c', 'bash -c "timeout 45m bash /opt/***/projects/absa_streaming/scripts/run_consumer.sh"']
[2025-10-31T23:04:04.502+0700] {subprocess.py:86} INFO - Output:
[2025-10-31T23:04:04.511+0700] {subprocess.py:93} INFO - [Consumer] Starting Spark Structured Streaming job...
[2025-10-31T23:04:04.512+0700] {subprocess.py:93} INFO - /opt/***/projects/absa_streaming/scripts/run_consumer.sh: line 15: spark-submit: command not found
[2025-10-31T23:04:04.514+0700] {subprocess.py:97} INFO - Command exited with return code 127
[2025-10-31T23:04:04.514+0700] {taskinstance.py:441} INFO - ::group::Post task execution logs
[2025-10-31T23:04:04.525+0700] {taskinstance.py:2890} ERROR - Task failed with exception
Traceback (most recent call last):
  File "/home/airflow/.local/lib/python3.12/site-packages/airflow/models/taskinstance.py", line 460, in _execute_task
    result = _execute_callable(context=context, **execute_callable_kwargs)
             ^^^^^^^^^^^^^^^^^^^^^^^^^^^^^^^^^^^^^^^^^^^^^^^^^^^^^^^^^^^^^
  File "/home/airflow/.local/lib/python3.12/site-packages/airflow/models/taskinstance.py", line 432, in _execute_callable
    return execute_callable(context=context, **execute_callable_kwargs)
           ^^^^^^^^^^^^^^^^^^^^^^^^^^^^^^^^^^^^^^^^^^^^^^^^^^^^^^^^^^^^
  File "/home/airflow/.local/lib/python3.12/site-packages/airflow/models/baseoperator.py", line 400, in wrapper
    return func(self, *args, **kwargs)
           ^^^^^^^^^^^^^^^^^^^^^^^^^^^
  File "/home/airflow/.local/lib/python3.12/site-packages/airflow/operators/bash.py", line 243, in execute
    raise AirflowException(
airflow.exceptions.AirflowException: Bash command failed. The command returned a non-zero exit code 127.
[2025-10-31T23:04:04.527+0700] {taskinstance.py:1205} INFO - Marking task as FAILED. dag_id=absa_streaming_lifecycle_full, task_id=deploy_consumer, execution_date=20251031T150000, start_date=20251031T160404, end_date=20251031T160404
[2025-10-31T23:04:04.535+0700] {standard_task_runner.py:110} ERROR - Failed to execute job 422 for task deploy_consumer (Bash command failed. The command returned a non-zero exit code 127.; 2076)
[2025-10-31T23:04:04.555+0700] {local_task_job_runner.py:240} INFO - Task exited with return code 1
[2025-10-31T23:04:04.572+0700] {taskinstance.py:3482} INFO - 0 downstream tasks scheduled from follow-on schedule check
[2025-10-31T23:04:04.574+0700] {local_task_job_runner.py:222} INFO - ::endgroup::
[2025-10-31T23:25:00.459+0700] {local_task_job_runner.py:120} INFO - ::group::Pre task execution logs
[2025-10-31T23:25:00.471+0700] {taskinstance.py:2073} INFO - Dependencies all met for dep_context=non-requeueable deps ti=<TaskInstance: absa_streaming_lifecycle_full.deploy_consumer scheduled__2025-10-31T15:00:00+00:00 [queued]>
[2025-10-31T23:25:00.474+0700] {taskinstance.py:2073} INFO - Dependencies all met for dep_context=requeueable deps ti=<TaskInstance: absa_streaming_lifecycle_full.deploy_consumer scheduled__2025-10-31T15:00:00+00:00 [queued]>
[2025-10-31T23:25:00.475+0700] {taskinstance.py:2303} INFO - Starting attempt 3 of 3
[2025-10-31T23:25:00.479+0700] {taskinstance.py:2327} INFO - Executing <Task(BashOperator): deploy_consumer> on 2025-10-31 15:00:00+00:00
[2025-10-31T23:25:00.484+0700] {warnings.py:110} WARNING - /home/***/.local/lib/python3.12/site-packages/***/task/task_runner/standard_task_runner.py:61: DeprecationWarning: This process (pid=3623) is multi-threaded, use of fork() may lead to deadlocks in the child.
  pid = os.fork()

[2025-10-31T23:25:00.485+0700] {standard_task_runner.py:63} INFO - Started process 3625 to run task
[2025-10-31T23:25:00.486+0700] {standard_task_runner.py:90} INFO - Running: ['***', 'tasks', 'run', 'absa_streaming_lifecycle_full', 'deploy_consumer', 'scheduled__2025-10-31T15:00:00+00:00', '--job-id', '481', '--raw', '--subdir', 'DAGS_FOLDER/absa_streaming_lifecycle_full.py', '--cfg-path', '/tmp/tmp9cbh6po4']
[2025-10-31T23:25:00.488+0700] {standard_task_runner.py:91} INFO - Job 481: Subtask deploy_consumer
[2025-10-31T23:25:00.521+0700] {task_command.py:426} INFO - Running <TaskInstance: absa_streaming_lifecycle_full.deploy_consumer scheduled__2025-10-31T15:00:00+00:00 [running]> on host f7bb1ad77e89
[2025-10-31T23:25:00.568+0700] {taskinstance.py:2644} INFO - Exporting env vars: AIRFLOW_CTX_DAG_OWNER='***' AIRFLOW_CTX_DAG_ID='absa_streaming_lifecycle_full' AIRFLOW_CTX_TASK_ID='deploy_consumer' AIRFLOW_CTX_EXECUTION_DATE='2025-10-31T15:00:00+00:00' AIRFLOW_CTX_TRY_NUMBER='3' AIRFLOW_CTX_DAG_RUN_ID='scheduled__2025-10-31T15:00:00+00:00'
[2025-10-31T23:25:00.570+0700] {taskinstance.py:430} INFO - ::endgroup::
[2025-10-31T23:25:00.570+0700] {subprocess.py:63} INFO - Tmp dir root location: /tmp
[2025-10-31T23:25:00.571+0700] {subprocess.py:75} INFO - Running command: ['/usr/bin/bash', '-c', 'bash -c "timeout 45m bash /opt/***/projects/absa_streaming/scripts/run_consumer.sh"']
[2025-10-31T23:25:00.580+0700] {subprocess.py:86} INFO - Output:
[2025-10-31T23:25:00.587+0700] {subprocess.py:93} INFO - [Consumer] Starting Spark Structured Streaming job...
[2025-10-31T23:25:00.620+0700] {subprocess.py:93} INFO - /home/***/.local/lib/python3.12/site-packages/pyspark/bin/load-spark-env.sh: line 68: ps: command not found
[2025-10-31T23:25:01.276+0700] {subprocess.py:93} INFO - :: loading settings :: url = jar:file:/home/***/.local/lib/python3.12/site-packages/pyspark/jars/ivy-2.5.1.jar!/org/apache/ivy/core/settings/ivysettings.xml
[2025-10-31T23:25:01.304+0700] {subprocess.py:93} INFO - Ivy Default Cache set to: /home/***/.ivy2/cache
[2025-10-31T23:25:01.304+0700] {subprocess.py:93} INFO - The jars for the packages stored in: /home/***/.ivy2/jars
[2025-10-31T23:25:01.306+0700] {subprocess.py:93} INFO - org.apache.spark#spark-sql-kafka-0-10_2.12 added as a dependency
[2025-10-31T23:25:01.306+0700] {subprocess.py:93} INFO - org.postgresql#postgresql added as a dependency
[2025-10-31T23:25:01.306+0700] {subprocess.py:93} INFO - :: resolving dependencies :: org.apache.spark#spark-submit-parent-b7b92473-2aa4-42a2-a0f2-d2f128e8c687;1.0
[2025-10-31T23:25:01.306+0700] {subprocess.py:93} INFO - 	confs: [default]
[2025-10-31T23:25:01.384+0700] {subprocess.py:93} INFO - 	found org.apache.spark#spark-sql-kafka-0-10_2.12;3.5.1 in central
[2025-10-31T23:25:01.409+0700] {subprocess.py:93} INFO - 	found org.apache.spark#spark-token-provider-kafka-0-10_2.12;3.5.1 in central
[2025-10-31T23:25:01.420+0700] {subprocess.py:93} INFO - 	found org.apache.kafka#kafka-clients;3.4.1 in central
[2025-10-31T23:25:01.431+0700] {subprocess.py:93} INFO - 	found org.lz4#lz4-java;1.8.0 in central
[2025-10-31T23:25:01.440+0700] {subprocess.py:93} INFO - 	found org.xerial.snappy#snappy-java;1.1.10.3 in central
[2025-10-31T23:25:01.448+0700] {subprocess.py:93} INFO - 	found org.slf4j#slf4j-api;2.0.7 in central
[2025-10-31T23:25:01.458+0700] {subprocess.py:93} INFO - 	found org.apache.hadoop#hadoop-client-runtime;3.3.4 in central
[2025-10-31T23:25:01.470+0700] {subprocess.py:93} INFO - 	found org.apache.hadoop#hadoop-client-api;3.3.4 in central
[2025-10-31T23:25:01.479+0700] {subprocess.py:93} INFO - 	found commons-logging#commons-logging;1.1.3 in central
[2025-10-31T23:25:01.486+0700] {subprocess.py:93} INFO - 	found com.google.code.findbugs#jsr305;3.0.0 in central
[2025-10-31T23:25:01.492+0700] {subprocess.py:93} INFO - 	found org.apache.commons#commons-pool2;2.11.1 in central
[2025-10-31T23:25:01.498+0700] {subprocess.py:93} INFO - 	found org.postgresql#postgresql;42.6.0 in central
[2025-10-31T23:25:01.502+0700] {subprocess.py:93} INFO - 	found org.checkerframework#checker-qual;3.31.0 in central
[2025-10-31T23:25:01.513+0700] {subprocess.py:93} INFO - :: resolution report :: resolve 201ms :: artifacts dl 6ms
[2025-10-31T23:25:01.513+0700] {subprocess.py:93} INFO - 	:: modules in use:
[2025-10-31T23:25:01.514+0700] {subprocess.py:93} INFO - 	com.google.code.findbugs#jsr305;3.0.0 from central in [default]
[2025-10-31T23:25:01.514+0700] {subprocess.py:93} INFO - 	commons-logging#commons-logging;1.1.3 from central in [default]
[2025-10-31T23:25:01.514+0700] {subprocess.py:93} INFO - 	org.apache.commons#commons-pool2;2.11.1 from central in [default]
[2025-10-31T23:25:01.514+0700] {subprocess.py:93} INFO - 	org.apache.hadoop#hadoop-client-api;3.3.4 from central in [default]
[2025-10-31T23:25:01.514+0700] {subprocess.py:93} INFO - 	org.apache.hadoop#hadoop-client-runtime;3.3.4 from central in [default]
[2025-10-31T23:25:01.515+0700] {subprocess.py:93} INFO - 	org.apache.kafka#kafka-clients;3.4.1 from central in [default]
[2025-10-31T23:25:01.515+0700] {subprocess.py:93} INFO - 	org.apache.spark#spark-sql-kafka-0-10_2.12;3.5.1 from central in [default]
[2025-10-31T23:25:01.515+0700] {subprocess.py:93} INFO - 	org.apache.spark#spark-token-provider-kafka-0-10_2.12;3.5.1 from central in [default]
[2025-10-31T23:25:01.515+0700] {subprocess.py:93} INFO - 	org.checkerframework#checker-qual;3.31.0 from central in [default]
[2025-10-31T23:25:01.516+0700] {subprocess.py:93} INFO - 	org.lz4#lz4-java;1.8.0 from central in [default]
[2025-10-31T23:25:01.516+0700] {subprocess.py:93} INFO - 	org.postgresql#postgresql;42.6.0 from central in [default]
[2025-10-31T23:25:01.516+0700] {subprocess.py:93} INFO - 	org.slf4j#slf4j-api;2.0.7 from central in [default]
[2025-10-31T23:25:01.516+0700] {subprocess.py:93} INFO - 	org.xerial.snappy#snappy-java;1.1.10.3 from central in [default]
[2025-10-31T23:25:01.516+0700] {subprocess.py:93} INFO - 	---------------------------------------------------------------------
[2025-10-31T23:25:01.516+0700] {subprocess.py:93} INFO - 	|                  |            modules            ||   artifacts   |
[2025-10-31T23:25:01.517+0700] {subprocess.py:93} INFO - 	|       conf       | number| search|dwnlded|evicted|| number|dwnlded|
[2025-10-31T23:25:01.517+0700] {subprocess.py:93} INFO - 	---------------------------------------------------------------------
[2025-10-31T23:25:01.517+0700] {subprocess.py:93} INFO - 	|      default     |   13  |   0   |   0   |   0   ||   13  |   0   |
[2025-10-31T23:25:01.517+0700] {subprocess.py:93} INFO - 	---------------------------------------------------------------------
[2025-10-31T23:25:01.517+0700] {subprocess.py:93} INFO - :: retrieving :: org.apache.spark#spark-submit-parent-b7b92473-2aa4-42a2-a0f2-d2f128e8c687
[2025-10-31T23:25:01.518+0700] {subprocess.py:93} INFO - 	confs: [default]
[2025-10-31T23:25:01.520+0700] {subprocess.py:93} INFO - 	0 artifacts copied, 13 already retrieved (0kB/4ms)
[2025-10-31T23:25:01.601+0700] {subprocess.py:93} INFO - 25/10/31 23:25:01 WARN NativeCodeLoader: Unable to load native-hadoop library for your platform... using builtin-java classes where applicable
[2025-10-31T23:25:03.571+0700] {subprocess.py:93} INFO - 25/10/31 23:25:03 INFO SparkContext: Running Spark version 3.5.1
[2025-10-31T23:25:03.571+0700] {subprocess.py:93} INFO - 25/10/31 23:25:03 INFO SparkContext: OS info Linux, 5.15.49-linuxkit, aarch64
[2025-10-31T23:25:03.571+0700] {subprocess.py:93} INFO - 25/10/31 23:25:03 INFO SparkContext: Java version 17.0.17
[2025-10-31T23:25:03.579+0700] {subprocess.py:93} INFO - 25/10/31 23:25:03 INFO ResourceUtils: ==============================================================
[2025-10-31T23:25:03.579+0700] {subprocess.py:93} INFO - 25/10/31 23:25:03 INFO ResourceUtils: No custom resources configured for spark.driver.
[2025-10-31T23:25:03.579+0700] {subprocess.py:93} INFO - 25/10/31 23:25:03 INFO ResourceUtils: ==============================================================
[2025-10-31T23:25:03.579+0700] {subprocess.py:93} INFO - 25/10/31 23:25:03 INFO SparkContext: Submitted application: Kafka_ABSA_Postgres
[2025-10-31T23:25:03.589+0700] {subprocess.py:93} INFO - 25/10/31 23:25:03 INFO ResourceProfile: Default ResourceProfile created, executor resources: Map(cores -> name: cores, amount: 1, script: , vendor: , memory -> name: memory, amount: 1024, script: , vendor: , offHeap -> name: offHeap, amount: 0, script: , vendor: ), task resources: Map(cpus -> name: cpus, amount: 1.0)
[2025-10-31T23:25:03.593+0700] {subprocess.py:93} INFO - 25/10/31 23:25:03 INFO ResourceProfile: Limiting resource is cpus at 1 tasks per executor
[2025-10-31T23:25:03.593+0700] {subprocess.py:93} INFO - 25/10/31 23:25:03 INFO ResourceProfileManager: Added ResourceProfile id: 0
[2025-10-31T23:25:03.615+0700] {subprocess.py:93} INFO - 25/10/31 23:25:03 INFO SecurityManager: Changing view acls to: ***
[2025-10-31T23:25:03.615+0700] {subprocess.py:93} INFO - 25/10/31 23:25:03 INFO SecurityManager: Changing modify acls to: ***
[2025-10-31T23:25:03.615+0700] {subprocess.py:93} INFO - 25/10/31 23:25:03 INFO SecurityManager: Changing view acls groups to:
[2025-10-31T23:25:03.616+0700] {subprocess.py:93} INFO - 25/10/31 23:25:03 INFO SecurityManager: Changing modify acls groups to:
[2025-10-31T23:25:03.616+0700] {subprocess.py:93} INFO - 25/10/31 23:25:03 INFO SecurityManager: SecurityManager: authentication disabled; ui acls disabled; users with view permissions: ***; groups with view permissions: EMPTY; users with modify permissions: ***; groups with modify permissions: EMPTY
[2025-10-31T23:25:03.696+0700] {subprocess.py:93} INFO - 25/10/31 23:25:03 INFO Utils: Successfully started service 'sparkDriver' on port 38793.
[2025-10-31T23:25:03.711+0700] {subprocess.py:93} INFO - 25/10/31 23:25:03 INFO SparkEnv: Registering MapOutputTracker
[2025-10-31T23:25:03.725+0700] {subprocess.py:93} INFO - 25/10/31 23:25:03 INFO SparkEnv: Registering BlockManagerMaster
[2025-10-31T23:25:03.732+0700] {subprocess.py:93} INFO - 25/10/31 23:25:03 INFO BlockManagerMasterEndpoint: Using org.apache.spark.storage.DefaultTopologyMapper for getting topology information
[2025-10-31T23:25:03.732+0700] {subprocess.py:93} INFO - 25/10/31 23:25:03 INFO BlockManagerMasterEndpoint: BlockManagerMasterEndpoint up
[2025-10-31T23:25:03.734+0700] {subprocess.py:93} INFO - 25/10/31 23:25:03 INFO SparkEnv: Registering BlockManagerMasterHeartbeat
[2025-10-31T23:25:03.742+0700] {subprocess.py:93} INFO - 25/10/31 23:25:03 INFO DiskBlockManager: Created local directory at /tmp/blockmgr-61a55c45-080b-4899-8083-b545095fdf20
[2025-10-31T23:25:03.748+0700] {subprocess.py:93} INFO - 25/10/31 23:25:03 INFO MemoryStore: MemoryStore started with capacity 434.4 MiB
[2025-10-31T23:25:03.755+0700] {subprocess.py:93} INFO - 25/10/31 23:25:03 INFO SparkEnv: Registering OutputCommitCoordinator
[2025-10-31T23:25:03.803+0700] {subprocess.py:93} INFO - 25/10/31 23:25:03 INFO JettyUtils: Start Jetty 0.0.0.0:4040 for SparkUI
[2025-10-31T23:25:03.825+0700] {subprocess.py:93} INFO - 25/10/31 23:25:03 INFO Utils: Successfully started service 'SparkUI' on port 4040.
[2025-10-31T23:25:03.839+0700] {subprocess.py:93} INFO - 25/10/31 23:25:03 INFO SparkContext: Added JAR file:///home/***/.ivy2/jars/org.apache.spark_spark-sql-kafka-0-10_2.12-3.5.1.jar at spark://f7bb1ad77e89:38793/jars/org.apache.spark_spark-sql-kafka-0-10_2.12-3.5.1.jar with timestamp 1761927903568
[2025-10-31T23:25:03.840+0700] {subprocess.py:93} INFO - 25/10/31 23:25:03 INFO SparkContext: Added JAR file:///home/***/.ivy2/jars/org.postgresql_postgresql-42.6.0.jar at spark://f7bb1ad77e89:38793/jars/org.postgresql_postgresql-42.6.0.jar with timestamp 1761927903568
[2025-10-31T23:25:03.840+0700] {subprocess.py:93} INFO - 25/10/31 23:25:03 INFO SparkContext: Added JAR file:///home/***/.ivy2/jars/org.apache.spark_spark-token-provider-kafka-0-10_2.12-3.5.1.jar at spark://f7bb1ad77e89:38793/jars/org.apache.spark_spark-token-provider-kafka-0-10_2.12-3.5.1.jar with timestamp 1761927903568
[2025-10-31T23:25:03.840+0700] {subprocess.py:93} INFO - 25/10/31 23:25:03 INFO SparkContext: Added JAR file:///home/***/.ivy2/jars/org.apache.kafka_kafka-clients-3.4.1.jar at spark://f7bb1ad77e89:38793/jars/org.apache.kafka_kafka-clients-3.4.1.jar with timestamp 1761927903568
[2025-10-31T23:25:03.840+0700] {subprocess.py:93} INFO - 25/10/31 23:25:03 INFO SparkContext: Added JAR file:///home/***/.ivy2/jars/com.google.code.findbugs_jsr305-3.0.0.jar at spark://f7bb1ad77e89:38793/jars/com.google.code.findbugs_jsr305-3.0.0.jar with timestamp 1761927903568
[2025-10-31T23:25:03.841+0700] {subprocess.py:93} INFO - 25/10/31 23:25:03 INFO SparkContext: Added JAR file:///home/***/.ivy2/jars/org.apache.commons_commons-pool2-2.11.1.jar at spark://f7bb1ad77e89:38793/jars/org.apache.commons_commons-pool2-2.11.1.jar with timestamp 1761927903568
[2025-10-31T23:25:03.841+0700] {subprocess.py:93} INFO - 25/10/31 23:25:03 INFO SparkContext: Added JAR file:///home/***/.ivy2/jars/org.apache.hadoop_hadoop-client-runtime-3.3.4.jar at spark://f7bb1ad77e89:38793/jars/org.apache.hadoop_hadoop-client-runtime-3.3.4.jar with timestamp 1761927903568
[2025-10-31T23:25:03.841+0700] {subprocess.py:93} INFO - 25/10/31 23:25:03 INFO SparkContext: Added JAR file:///home/***/.ivy2/jars/org.lz4_lz4-java-1.8.0.jar at spark://f7bb1ad77e89:38793/jars/org.lz4_lz4-java-1.8.0.jar with timestamp 1761927903568
[2025-10-31T23:25:03.841+0700] {subprocess.py:93} INFO - 25/10/31 23:25:03 INFO SparkContext: Added JAR file:///home/***/.ivy2/jars/org.xerial.snappy_snappy-java-1.1.10.3.jar at spark://f7bb1ad77e89:38793/jars/org.xerial.snappy_snappy-java-1.1.10.3.jar with timestamp 1761927903568
[2025-10-31T23:25:03.842+0700] {subprocess.py:93} INFO - 25/10/31 23:25:03 INFO SparkContext: Added JAR file:///home/***/.ivy2/jars/org.slf4j_slf4j-api-2.0.7.jar at spark://f7bb1ad77e89:38793/jars/org.slf4j_slf4j-api-2.0.7.jar with timestamp 1761927903568
[2025-10-31T23:25:03.842+0700] {subprocess.py:93} INFO - 25/10/31 23:25:03 INFO SparkContext: Added JAR file:///home/***/.ivy2/jars/org.apache.hadoop_hadoop-client-api-3.3.4.jar at spark://f7bb1ad77e89:38793/jars/org.apache.hadoop_hadoop-client-api-3.3.4.jar with timestamp 1761927903568
[2025-10-31T23:25:03.842+0700] {subprocess.py:93} INFO - 25/10/31 23:25:03 INFO SparkContext: Added JAR file:///home/***/.ivy2/jars/commons-logging_commons-logging-1.1.3.jar at spark://f7bb1ad77e89:38793/jars/commons-logging_commons-logging-1.1.3.jar with timestamp 1761927903568
[2025-10-31T23:25:03.842+0700] {subprocess.py:93} INFO - 25/10/31 23:25:03 INFO SparkContext: Added JAR file:///home/***/.ivy2/jars/org.checkerframework_checker-qual-3.31.0.jar at spark://f7bb1ad77e89:38793/jars/org.checkerframework_checker-qual-3.31.0.jar with timestamp 1761927903568
[2025-10-31T23:25:03.843+0700] {subprocess.py:93} INFO - 25/10/31 23:25:03 INFO SparkContext: Added file file:///home/***/.ivy2/jars/org.apache.spark_spark-sql-kafka-0-10_2.12-3.5.1.jar at file:///home/***/.ivy2/jars/org.apache.spark_spark-sql-kafka-0-10_2.12-3.5.1.jar with timestamp 1761927903568
[2025-10-31T23:25:03.843+0700] {subprocess.py:93} INFO - 25/10/31 23:25:03 INFO Utils: Copying /home/***/.ivy2/jars/org.apache.spark_spark-sql-kafka-0-10_2.12-3.5.1.jar to /tmp/spark-db6d7583-7e36-4145-a03b-49a5a564a51a/userFiles-322f1b54-1326-4e66-b324-52773b05fcb5/org.apache.spark_spark-sql-kafka-0-10_2.12-3.5.1.jar
[2025-10-31T23:25:03.851+0700] {subprocess.py:93} INFO - 25/10/31 23:25:03 INFO SparkContext: Added file file:///home/***/.ivy2/jars/org.postgresql_postgresql-42.6.0.jar at file:///home/***/.ivy2/jars/org.postgresql_postgresql-42.6.0.jar with timestamp 1761927903568
[2025-10-31T23:25:03.851+0700] {subprocess.py:93} INFO - 25/10/31 23:25:03 INFO Utils: Copying /home/***/.ivy2/jars/org.postgresql_postgresql-42.6.0.jar to /tmp/spark-db6d7583-7e36-4145-a03b-49a5a564a51a/userFiles-322f1b54-1326-4e66-b324-52773b05fcb5/org.postgresql_postgresql-42.6.0.jar
[2025-10-31T23:25:03.856+0700] {subprocess.py:93} INFO - 25/10/31 23:25:03 INFO SparkContext: Added file file:///home/***/.ivy2/jars/org.apache.spark_spark-token-provider-kafka-0-10_2.12-3.5.1.jar at file:///home/***/.ivy2/jars/org.apache.spark_spark-token-provider-kafka-0-10_2.12-3.5.1.jar with timestamp 1761927903568
[2025-10-31T23:25:03.856+0700] {subprocess.py:93} INFO - 25/10/31 23:25:03 INFO Utils: Copying /home/***/.ivy2/jars/org.apache.spark_spark-token-provider-kafka-0-10_2.12-3.5.1.jar to /tmp/spark-db6d7583-7e36-4145-a03b-49a5a564a51a/userFiles-322f1b54-1326-4e66-b324-52773b05fcb5/org.apache.spark_spark-token-provider-kafka-0-10_2.12-3.5.1.jar
[2025-10-31T23:25:03.860+0700] {subprocess.py:93} INFO - 25/10/31 23:25:03 INFO SparkContext: Added file file:///home/***/.ivy2/jars/org.apache.kafka_kafka-clients-3.4.1.jar at file:///home/***/.ivy2/jars/org.apache.kafka_kafka-clients-3.4.1.jar with timestamp 1761927903568
[2025-10-31T23:25:03.860+0700] {subprocess.py:93} INFO - 25/10/31 23:25:03 INFO Utils: Copying /home/***/.ivy2/jars/org.apache.kafka_kafka-clients-3.4.1.jar to /tmp/spark-db6d7583-7e36-4145-a03b-49a5a564a51a/userFiles-322f1b54-1326-4e66-b324-52773b05fcb5/org.apache.kafka_kafka-clients-3.4.1.jar
[2025-10-31T23:25:03.867+0700] {subprocess.py:93} INFO - 25/10/31 23:25:03 INFO SparkContext: Added file file:///home/***/.ivy2/jars/com.google.code.findbugs_jsr305-3.0.0.jar at file:///home/***/.ivy2/jars/com.google.code.findbugs_jsr305-3.0.0.jar with timestamp 1761927903568
[2025-10-31T23:25:03.868+0700] {subprocess.py:93} INFO - 25/10/31 23:25:03 INFO Utils: Copying /home/***/.ivy2/jars/com.google.code.findbugs_jsr305-3.0.0.jar to /tmp/spark-db6d7583-7e36-4145-a03b-49a5a564a51a/userFiles-322f1b54-1326-4e66-b324-52773b05fcb5/com.google.code.findbugs_jsr305-3.0.0.jar
[2025-10-31T23:25:03.871+0700] {subprocess.py:93} INFO - 25/10/31 23:25:03 INFO SparkContext: Added file file:///home/***/.ivy2/jars/org.apache.commons_commons-pool2-2.11.1.jar at file:///home/***/.ivy2/jars/org.apache.commons_commons-pool2-2.11.1.jar with timestamp 1761927903568
[2025-10-31T23:25:03.871+0700] {subprocess.py:93} INFO - 25/10/31 23:25:03 INFO Utils: Copying /home/***/.ivy2/jars/org.apache.commons_commons-pool2-2.11.1.jar to /tmp/spark-db6d7583-7e36-4145-a03b-49a5a564a51a/userFiles-322f1b54-1326-4e66-b324-52773b05fcb5/org.apache.commons_commons-pool2-2.11.1.jar
[2025-10-31T23:25:03.875+0700] {subprocess.py:93} INFO - 25/10/31 23:25:03 INFO SparkContext: Added file file:///home/***/.ivy2/jars/org.apache.hadoop_hadoop-client-runtime-3.3.4.jar at file:///home/***/.ivy2/jars/org.apache.hadoop_hadoop-client-runtime-3.3.4.jar with timestamp 1761927903568
[2025-10-31T23:25:03.875+0700] {subprocess.py:93} INFO - 25/10/31 23:25:03 INFO Utils: Copying /home/***/.ivy2/jars/org.apache.hadoop_hadoop-client-runtime-3.3.4.jar to /tmp/spark-db6d7583-7e36-4145-a03b-49a5a564a51a/userFiles-322f1b54-1326-4e66-b324-52773b05fcb5/org.apache.hadoop_hadoop-client-runtime-3.3.4.jar
[2025-10-31T23:25:03.900+0700] {subprocess.py:93} INFO - 25/10/31 23:25:03 INFO SparkContext: Added file file:///home/***/.ivy2/jars/org.lz4_lz4-java-1.8.0.jar at file:///home/***/.ivy2/jars/org.lz4_lz4-java-1.8.0.jar with timestamp 1761927903568
[2025-10-31T23:25:03.901+0700] {subprocess.py:93} INFO - 25/10/31 23:25:03 INFO Utils: Copying /home/***/.ivy2/jars/org.lz4_lz4-java-1.8.0.jar to /tmp/spark-db6d7583-7e36-4145-a03b-49a5a564a51a/userFiles-322f1b54-1326-4e66-b324-52773b05fcb5/org.lz4_lz4-java-1.8.0.jar
[2025-10-31T23:25:03.905+0700] {subprocess.py:93} INFO - 25/10/31 23:25:03 INFO SparkContext: Added file file:///home/***/.ivy2/jars/org.xerial.snappy_snappy-java-1.1.10.3.jar at file:///home/***/.ivy2/jars/org.xerial.snappy_snappy-java-1.1.10.3.jar with timestamp 1761927903568
[2025-10-31T23:25:03.905+0700] {subprocess.py:93} INFO - 25/10/31 23:25:03 INFO Utils: Copying /home/***/.ivy2/jars/org.xerial.snappy_snappy-java-1.1.10.3.jar to /tmp/spark-db6d7583-7e36-4145-a03b-49a5a564a51a/userFiles-322f1b54-1326-4e66-b324-52773b05fcb5/org.xerial.snappy_snappy-java-1.1.10.3.jar
[2025-10-31T23:25:03.911+0700] {subprocess.py:93} INFO - 25/10/31 23:25:03 INFO SparkContext: Added file file:///home/***/.ivy2/jars/org.slf4j_slf4j-api-2.0.7.jar at file:///home/***/.ivy2/jars/org.slf4j_slf4j-api-2.0.7.jar with timestamp 1761927903568
[2025-10-31T23:25:03.911+0700] {subprocess.py:93} INFO - 25/10/31 23:25:03 INFO Utils: Copying /home/***/.ivy2/jars/org.slf4j_slf4j-api-2.0.7.jar to /tmp/spark-db6d7583-7e36-4145-a03b-49a5a564a51a/userFiles-322f1b54-1326-4e66-b324-52773b05fcb5/org.slf4j_slf4j-api-2.0.7.jar
[2025-10-31T23:25:03.915+0700] {subprocess.py:93} INFO - 25/10/31 23:25:03 INFO SparkContext: Added file file:///home/***/.ivy2/jars/org.apache.hadoop_hadoop-client-api-3.3.4.jar at file:///home/***/.ivy2/jars/org.apache.hadoop_hadoop-client-api-3.3.4.jar with timestamp 1761927903568
[2025-10-31T23:25:03.915+0700] {subprocess.py:93} INFO - 25/10/31 23:25:03 INFO Utils: Copying /home/***/.ivy2/jars/org.apache.hadoop_hadoop-client-api-3.3.4.jar to /tmp/spark-db6d7583-7e36-4145-a03b-49a5a564a51a/userFiles-322f1b54-1326-4e66-b324-52773b05fcb5/org.apache.hadoop_hadoop-client-api-3.3.4.jar
[2025-10-31T23:25:03.933+0700] {subprocess.py:93} INFO - 25/10/31 23:25:03 INFO SparkContext: Added file file:///home/***/.ivy2/jars/commons-logging_commons-logging-1.1.3.jar at file:///home/***/.ivy2/jars/commons-logging_commons-logging-1.1.3.jar with timestamp 1761927903568
[2025-10-31T23:25:03.933+0700] {subprocess.py:93} INFO - 25/10/31 23:25:03 INFO Utils: Copying /home/***/.ivy2/jars/commons-logging_commons-logging-1.1.3.jar to /tmp/spark-db6d7583-7e36-4145-a03b-49a5a564a51a/userFiles-322f1b54-1326-4e66-b324-52773b05fcb5/commons-logging_commons-logging-1.1.3.jar
[2025-10-31T23:25:03.937+0700] {subprocess.py:93} INFO - 25/10/31 23:25:03 INFO SparkContext: Added file file:///home/***/.ivy2/jars/org.checkerframework_checker-qual-3.31.0.jar at file:///home/***/.ivy2/jars/org.checkerframework_checker-qual-3.31.0.jar with timestamp 1761927903568
[2025-10-31T23:25:03.937+0700] {subprocess.py:93} INFO - 25/10/31 23:25:03 INFO Utils: Copying /home/***/.ivy2/jars/org.checkerframework_checker-qual-3.31.0.jar to /tmp/spark-db6d7583-7e36-4145-a03b-49a5a564a51a/userFiles-322f1b54-1326-4e66-b324-52773b05fcb5/org.checkerframework_checker-qual-3.31.0.jar
[2025-10-31T23:25:03.962+0700] {subprocess.py:93} INFO - 25/10/31 23:25:03 INFO Executor: Starting executor ID driver on host f7bb1ad77e89
[2025-10-31T23:25:03.963+0700] {subprocess.py:93} INFO - 25/10/31 23:25:03 INFO Executor: OS info Linux, 5.15.49-linuxkit, aarch64
[2025-10-31T23:25:03.963+0700] {subprocess.py:93} INFO - 25/10/31 23:25:03 INFO Executor: Java version 17.0.17
[2025-10-31T23:25:03.965+0700] {subprocess.py:93} INFO - 25/10/31 23:25:03 INFO Executor: Starting executor with user classpath (userClassPathFirst = false): ''
[2025-10-31T23:25:03.965+0700] {subprocess.py:93} INFO - 25/10/31 23:25:03 INFO Executor: Created or updated repl class loader org.apache.spark.util.MutableURLClassLoader@2613e663 for default.
[2025-10-31T23:25:03.969+0700] {subprocess.py:93} INFO - 25/10/31 23:25:03 INFO Executor: Fetching file:///home/***/.ivy2/jars/org.apache.spark_spark-sql-kafka-0-10_2.12-3.5.1.jar with timestamp 1761927903568
[2025-10-31T23:25:03.978+0700] {subprocess.py:93} INFO - 25/10/31 23:25:03 INFO Utils: /home/***/.ivy2/jars/org.apache.spark_spark-sql-kafka-0-10_2.12-3.5.1.jar has been previously copied to /tmp/spark-db6d7583-7e36-4145-a03b-49a5a564a51a/userFiles-322f1b54-1326-4e66-b324-52773b05fcb5/org.apache.spark_spark-sql-kafka-0-10_2.12-3.5.1.jar
[2025-10-31T23:25:03.982+0700] {subprocess.py:93} INFO - 25/10/31 23:25:03 INFO Executor: Fetching file:///home/***/.ivy2/jars/org.apache.hadoop_hadoop-client-runtime-3.3.4.jar with timestamp 1761927903568
[2025-10-31T23:25:03.996+0700] {subprocess.py:93} INFO - 25/10/31 23:25:03 INFO Utils: /home/***/.ivy2/jars/org.apache.hadoop_hadoop-client-runtime-3.3.4.jar has been previously copied to /tmp/spark-db6d7583-7e36-4145-a03b-49a5a564a51a/userFiles-322f1b54-1326-4e66-b324-52773b05fcb5/org.apache.hadoop_hadoop-client-runtime-3.3.4.jar
[2025-10-31T23:25:04.001+0700] {subprocess.py:93} INFO - 25/10/31 23:25:04 INFO Executor: Fetching file:///home/***/.ivy2/jars/org.apache.hadoop_hadoop-client-api-3.3.4.jar with timestamp 1761927903568
[2025-10-31T23:25:04.010+0700] {subprocess.py:93} INFO - 25/10/31 23:25:04 INFO Utils: /home/***/.ivy2/jars/org.apache.hadoop_hadoop-client-api-3.3.4.jar has been previously copied to /tmp/spark-db6d7583-7e36-4145-a03b-49a5a564a51a/userFiles-322f1b54-1326-4e66-b324-52773b05fcb5/org.apache.hadoop_hadoop-client-api-3.3.4.jar
[2025-10-31T23:25:04.014+0700] {subprocess.py:93} INFO - 25/10/31 23:25:04 INFO Executor: Fetching file:///home/***/.ivy2/jars/org.apache.spark_spark-token-provider-kafka-0-10_2.12-3.5.1.jar with timestamp 1761927903568
[2025-10-31T23:25:04.015+0700] {subprocess.py:93} INFO - 25/10/31 23:25:04 INFO Utils: /home/***/.ivy2/jars/org.apache.spark_spark-token-provider-kafka-0-10_2.12-3.5.1.jar has been previously copied to /tmp/spark-db6d7583-7e36-4145-a03b-49a5a564a51a/userFiles-322f1b54-1326-4e66-b324-52773b05fcb5/org.apache.spark_spark-token-provider-kafka-0-10_2.12-3.5.1.jar
[2025-10-31T23:25:04.027+0700] {subprocess.py:93} INFO - 25/10/31 23:25:04 INFO Executor: Fetching file:///home/***/.ivy2/jars/com.google.code.findbugs_jsr305-3.0.0.jar with timestamp 1761927903568
[2025-10-31T23:25:04.029+0700] {subprocess.py:93} INFO - 25/10/31 23:25:04 INFO Utils: /home/***/.ivy2/jars/com.google.code.findbugs_jsr305-3.0.0.jar has been previously copied to /tmp/spark-db6d7583-7e36-4145-a03b-49a5a564a51a/userFiles-322f1b54-1326-4e66-b324-52773b05fcb5/com.google.code.findbugs_jsr305-3.0.0.jar
[2025-10-31T23:25:04.034+0700] {subprocess.py:93} INFO - 25/10/31 23:25:04 INFO Executor: Fetching file:///home/***/.ivy2/jars/org.lz4_lz4-java-1.8.0.jar with timestamp 1761927903568
[2025-10-31T23:25:04.035+0700] {subprocess.py:93} INFO - 25/10/31 23:25:04 INFO Utils: /home/***/.ivy2/jars/org.lz4_lz4-java-1.8.0.jar has been previously copied to /tmp/spark-db6d7583-7e36-4145-a03b-49a5a564a51a/userFiles-322f1b54-1326-4e66-b324-52773b05fcb5/org.lz4_lz4-java-1.8.0.jar
[2025-10-31T23:25:04.039+0700] {subprocess.py:93} INFO - 25/10/31 23:25:04 INFO Executor: Fetching file:///home/***/.ivy2/jars/org.slf4j_slf4j-api-2.0.7.jar with timestamp 1761927903568
[2025-10-31T23:25:04.040+0700] {subprocess.py:93} INFO - 25/10/31 23:25:04 INFO Utils: /home/***/.ivy2/jars/org.slf4j_slf4j-api-2.0.7.jar has been previously copied to /tmp/spark-db6d7583-7e36-4145-a03b-49a5a564a51a/userFiles-322f1b54-1326-4e66-b324-52773b05fcb5/org.slf4j_slf4j-api-2.0.7.jar
[2025-10-31T23:25:04.044+0700] {subprocess.py:93} INFO - 25/10/31 23:25:04 INFO Executor: Fetching file:///home/***/.ivy2/jars/org.checkerframework_checker-qual-3.31.0.jar with timestamp 1761927903568
[2025-10-31T23:25:04.044+0700] {subprocess.py:93} INFO - 25/10/31 23:25:04 INFO Utils: /home/***/.ivy2/jars/org.checkerframework_checker-qual-3.31.0.jar has been previously copied to /tmp/spark-db6d7583-7e36-4145-a03b-49a5a564a51a/userFiles-322f1b54-1326-4e66-b324-52773b05fcb5/org.checkerframework_checker-qual-3.31.0.jar
[2025-10-31T23:25:04.048+0700] {subprocess.py:93} INFO - 25/10/31 23:25:04 INFO Executor: Fetching file:///home/***/.ivy2/jars/org.apache.commons_commons-pool2-2.11.1.jar with timestamp 1761927903568
[2025-10-31T23:25:04.049+0700] {subprocess.py:93} INFO - 25/10/31 23:25:04 INFO Utils: /home/***/.ivy2/jars/org.apache.commons_commons-pool2-2.11.1.jar has been previously copied to /tmp/spark-db6d7583-7e36-4145-a03b-49a5a564a51a/userFiles-322f1b54-1326-4e66-b324-52773b05fcb5/org.apache.commons_commons-pool2-2.11.1.jar
[2025-10-31T23:25:04.054+0700] {subprocess.py:93} INFO - 25/10/31 23:25:04 INFO Executor: Fetching file:///home/***/.ivy2/jars/commons-logging_commons-logging-1.1.3.jar with timestamp 1761927903568
[2025-10-31T23:25:04.054+0700] {subprocess.py:93} INFO - 25/10/31 23:25:04 INFO Utils: /home/***/.ivy2/jars/commons-logging_commons-logging-1.1.3.jar has been previously copied to /tmp/spark-db6d7583-7e36-4145-a03b-49a5a564a51a/userFiles-322f1b54-1326-4e66-b324-52773b05fcb5/commons-logging_commons-logging-1.1.3.jar
[2025-10-31T23:25:04.060+0700] {subprocess.py:93} INFO - 25/10/31 23:25:04 INFO Executor: Fetching file:///home/***/.ivy2/jars/org.xerial.snappy_snappy-java-1.1.10.3.jar with timestamp 1761927903568
[2025-10-31T23:25:04.061+0700] {subprocess.py:93} INFO - 25/10/31 23:25:04 INFO Utils: /home/***/.ivy2/jars/org.xerial.snappy_snappy-java-1.1.10.3.jar has been previously copied to /tmp/spark-db6d7583-7e36-4145-a03b-49a5a564a51a/userFiles-322f1b54-1326-4e66-b324-52773b05fcb5/org.xerial.snappy_snappy-java-1.1.10.3.jar
[2025-10-31T23:25:04.065+0700] {subprocess.py:93} INFO - 25/10/31 23:25:04 INFO Executor: Fetching file:///home/***/.ivy2/jars/org.postgresql_postgresql-42.6.0.jar with timestamp 1761927903568
[2025-10-31T23:25:04.066+0700] {subprocess.py:93} INFO - 25/10/31 23:25:04 INFO Utils: /home/***/.ivy2/jars/org.postgresql_postgresql-42.6.0.jar has been previously copied to /tmp/spark-db6d7583-7e36-4145-a03b-49a5a564a51a/userFiles-322f1b54-1326-4e66-b324-52773b05fcb5/org.postgresql_postgresql-42.6.0.jar
[2025-10-31T23:25:04.071+0700] {subprocess.py:93} INFO - 25/10/31 23:25:04 INFO Executor: Fetching file:///home/***/.ivy2/jars/org.apache.kafka_kafka-clients-3.4.1.jar with timestamp 1761927903568
[2025-10-31T23:25:04.073+0700] {subprocess.py:93} INFO - 25/10/31 23:25:04 INFO Utils: /home/***/.ivy2/jars/org.apache.kafka_kafka-clients-3.4.1.jar has been previously copied to /tmp/spark-db6d7583-7e36-4145-a03b-49a5a564a51a/userFiles-322f1b54-1326-4e66-b324-52773b05fcb5/org.apache.kafka_kafka-clients-3.4.1.jar
[2025-10-31T23:25:04.079+0700] {subprocess.py:93} INFO - 25/10/31 23:25:04 INFO Executor: Fetching spark://f7bb1ad77e89:38793/jars/org.apache.hadoop_hadoop-client-api-3.3.4.jar with timestamp 1761927903568
[2025-10-31T23:25:04.097+0700] {subprocess.py:93} INFO - 25/10/31 23:25:04 INFO TransportClientFactory: Successfully created connection to f7bb1ad77e89/172.23.0.6:38793 after 12 ms (0 ms spent in bootstraps)
[2025-10-31T23:25:04.103+0700] {subprocess.py:93} INFO - 25/10/31 23:25:04 INFO Utils: Fetching spark://f7bb1ad77e89:38793/jars/org.apache.hadoop_hadoop-client-api-3.3.4.jar to /tmp/spark-db6d7583-7e36-4145-a03b-49a5a564a51a/userFiles-322f1b54-1326-4e66-b324-52773b05fcb5/fetchFileTemp16051489195870387478.tmp
[2025-10-31T23:25:04.182+0700] {subprocess.py:93} INFO - 25/10/31 23:25:04 INFO Utils: /tmp/spark-db6d7583-7e36-4145-a03b-49a5a564a51a/userFiles-322f1b54-1326-4e66-b324-52773b05fcb5/fetchFileTemp16051489195870387478.tmp has been previously copied to /tmp/spark-db6d7583-7e36-4145-a03b-49a5a564a51a/userFiles-322f1b54-1326-4e66-b324-52773b05fcb5/org.apache.hadoop_hadoop-client-api-3.3.4.jar
[2025-10-31T23:25:04.219+0700] {subprocess.py:93} INFO - 25/10/31 23:25:04 INFO Executor: Adding file:/tmp/spark-db6d7583-7e36-4145-a03b-49a5a564a51a/userFiles-322f1b54-1326-4e66-b324-52773b05fcb5/org.apache.hadoop_hadoop-client-api-3.3.4.jar to class loader default
[2025-10-31T23:25:04.220+0700] {subprocess.py:93} INFO - 25/10/31 23:25:04 INFO Executor: Fetching spark://f7bb1ad77e89:38793/jars/commons-logging_commons-logging-1.1.3.jar with timestamp 1761927903568
[2025-10-31T23:25:04.220+0700] {subprocess.py:93} INFO - 25/10/31 23:25:04 INFO Utils: Fetching spark://f7bb1ad77e89:38793/jars/commons-logging_commons-logging-1.1.3.jar to /tmp/spark-db6d7583-7e36-4145-a03b-49a5a564a51a/userFiles-322f1b54-1326-4e66-b324-52773b05fcb5/fetchFileTemp6672644865358165432.tmp
[2025-10-31T23:25:04.222+0700] {subprocess.py:93} INFO - 25/10/31 23:25:04 INFO Utils: /tmp/spark-db6d7583-7e36-4145-a03b-49a5a564a51a/userFiles-322f1b54-1326-4e66-b324-52773b05fcb5/fetchFileTemp6672644865358165432.tmp has been previously copied to /tmp/spark-db6d7583-7e36-4145-a03b-49a5a564a51a/userFiles-322f1b54-1326-4e66-b324-52773b05fcb5/commons-logging_commons-logging-1.1.3.jar
[2025-10-31T23:25:04.229+0700] {subprocess.py:93} INFO - 25/10/31 23:25:04 INFO Executor: Adding file:/tmp/spark-db6d7583-7e36-4145-a03b-49a5a564a51a/userFiles-322f1b54-1326-4e66-b324-52773b05fcb5/commons-logging_commons-logging-1.1.3.jar to class loader default
[2025-10-31T23:25:04.230+0700] {subprocess.py:93} INFO - 25/10/31 23:25:04 INFO Executor: Fetching spark://f7bb1ad77e89:38793/jars/org.apache.spark_spark-token-provider-kafka-0-10_2.12-3.5.1.jar with timestamp 1761927903568
[2025-10-31T23:25:04.230+0700] {subprocess.py:93} INFO - 25/10/31 23:25:04 INFO Utils: Fetching spark://f7bb1ad77e89:38793/jars/org.apache.spark_spark-token-provider-kafka-0-10_2.12-3.5.1.jar to /tmp/spark-db6d7583-7e36-4145-a03b-49a5a564a51a/userFiles-322f1b54-1326-4e66-b324-52773b05fcb5/fetchFileTemp4628533437938130617.tmp
[2025-10-31T23:25:04.231+0700] {subprocess.py:93} INFO - 25/10/31 23:25:04 INFO Utils: /tmp/spark-db6d7583-7e36-4145-a03b-49a5a564a51a/userFiles-322f1b54-1326-4e66-b324-52773b05fcb5/fetchFileTemp4628533437938130617.tmp has been previously copied to /tmp/spark-db6d7583-7e36-4145-a03b-49a5a564a51a/userFiles-322f1b54-1326-4e66-b324-52773b05fcb5/org.apache.spark_spark-token-provider-kafka-0-10_2.12-3.5.1.jar
[2025-10-31T23:25:04.240+0700] {subprocess.py:93} INFO - 25/10/31 23:25:04 INFO Executor: Adding file:/tmp/spark-db6d7583-7e36-4145-a03b-49a5a564a51a/userFiles-322f1b54-1326-4e66-b324-52773b05fcb5/org.apache.spark_spark-token-provider-kafka-0-10_2.12-3.5.1.jar to class loader default
[2025-10-31T23:25:04.240+0700] {subprocess.py:93} INFO - 25/10/31 23:25:04 INFO Executor: Fetching spark://f7bb1ad77e89:38793/jars/org.apache.spark_spark-sql-kafka-0-10_2.12-3.5.1.jar with timestamp 1761927903568
[2025-10-31T23:25:04.240+0700] {subprocess.py:93} INFO - 25/10/31 23:25:04 INFO Utils: Fetching spark://f7bb1ad77e89:38793/jars/org.apache.spark_spark-sql-kafka-0-10_2.12-3.5.1.jar to /tmp/spark-db6d7583-7e36-4145-a03b-49a5a564a51a/userFiles-322f1b54-1326-4e66-b324-52773b05fcb5/fetchFileTemp12497822868936819034.tmp
[2025-10-31T23:25:04.242+0700] {subprocess.py:93} INFO - 25/10/31 23:25:04 INFO Utils: /tmp/spark-db6d7583-7e36-4145-a03b-49a5a564a51a/userFiles-322f1b54-1326-4e66-b324-52773b05fcb5/fetchFileTemp12497822868936819034.tmp has been previously copied to /tmp/spark-db6d7583-7e36-4145-a03b-49a5a564a51a/userFiles-322f1b54-1326-4e66-b324-52773b05fcb5/org.apache.spark_spark-sql-kafka-0-10_2.12-3.5.1.jar
[2025-10-31T23:25:04.253+0700] {subprocess.py:93} INFO - 25/10/31 23:25:04 INFO Executor: Adding file:/tmp/spark-db6d7583-7e36-4145-a03b-49a5a564a51a/userFiles-322f1b54-1326-4e66-b324-52773b05fcb5/org.apache.spark_spark-sql-kafka-0-10_2.12-3.5.1.jar to class loader default
[2025-10-31T23:25:04.253+0700] {subprocess.py:93} INFO - 25/10/31 23:25:04 INFO Executor: Fetching spark://f7bb1ad77e89:38793/jars/com.google.code.findbugs_jsr305-3.0.0.jar with timestamp 1761927903568
[2025-10-31T23:25:04.254+0700] {subprocess.py:93} INFO - 25/10/31 23:25:04 INFO Utils: Fetching spark://f7bb1ad77e89:38793/jars/com.google.code.findbugs_jsr305-3.0.0.jar to /tmp/spark-db6d7583-7e36-4145-a03b-49a5a564a51a/userFiles-322f1b54-1326-4e66-b324-52773b05fcb5/fetchFileTemp16197766933813171378.tmp
[2025-10-31T23:25:04.254+0700] {subprocess.py:93} INFO - 25/10/31 23:25:04 INFO Utils: /tmp/spark-db6d7583-7e36-4145-a03b-49a5a564a51a/userFiles-322f1b54-1326-4e66-b324-52773b05fcb5/fetchFileTemp16197766933813171378.tmp has been previously copied to /tmp/spark-db6d7583-7e36-4145-a03b-49a5a564a51a/userFiles-322f1b54-1326-4e66-b324-52773b05fcb5/com.google.code.findbugs_jsr305-3.0.0.jar
[2025-10-31T23:25:04.265+0700] {subprocess.py:93} INFO - 25/10/31 23:25:04 INFO Executor: Adding file:/tmp/spark-db6d7583-7e36-4145-a03b-49a5a564a51a/userFiles-322f1b54-1326-4e66-b324-52773b05fcb5/com.google.code.findbugs_jsr305-3.0.0.jar to class loader default
[2025-10-31T23:25:04.265+0700] {subprocess.py:93} INFO - 25/10/31 23:25:04 INFO Executor: Fetching spark://f7bb1ad77e89:38793/jars/org.xerial.snappy_snappy-java-1.1.10.3.jar with timestamp 1761927903568
[2025-10-31T23:25:04.266+0700] {subprocess.py:93} INFO - 25/10/31 23:25:04 INFO Utils: Fetching spark://f7bb1ad77e89:38793/jars/org.xerial.snappy_snappy-java-1.1.10.3.jar to /tmp/spark-db6d7583-7e36-4145-a03b-49a5a564a51a/userFiles-322f1b54-1326-4e66-b324-52773b05fcb5/fetchFileTemp15905592012351355190.tmp
[2025-10-31T23:25:04.275+0700] {subprocess.py:93} INFO - 25/10/31 23:25:04 INFO Utils: /tmp/spark-db6d7583-7e36-4145-a03b-49a5a564a51a/userFiles-322f1b54-1326-4e66-b324-52773b05fcb5/fetchFileTemp15905592012351355190.tmp has been previously copied to /tmp/spark-db6d7583-7e36-4145-a03b-49a5a564a51a/userFiles-322f1b54-1326-4e66-b324-52773b05fcb5/org.xerial.snappy_snappy-java-1.1.10.3.jar
[2025-10-31T23:25:04.324+0700] {subprocess.py:93} INFO - 25/10/31 23:25:04 INFO Executor: Adding file:/tmp/spark-db6d7583-7e36-4145-a03b-49a5a564a51a/userFiles-322f1b54-1326-4e66-b324-52773b05fcb5/org.xerial.snappy_snappy-java-1.1.10.3.jar to class loader default
[2025-10-31T23:25:04.326+0700] {subprocess.py:93} INFO - 25/10/31 23:25:04 INFO Executor: Fetching spark://f7bb1ad77e89:38793/jars/org.postgresql_postgresql-42.6.0.jar with timestamp 1761927903568
[2025-10-31T23:25:04.328+0700] {subprocess.py:93} INFO - 25/10/31 23:25:04 INFO Utils: Fetching spark://f7bb1ad77e89:38793/jars/org.postgresql_postgresql-42.6.0.jar to /tmp/spark-db6d7583-7e36-4145-a03b-49a5a564a51a/userFiles-322f1b54-1326-4e66-b324-52773b05fcb5/fetchFileTemp10687568102111912152.tmp
[2025-10-31T23:25:04.338+0700] {subprocess.py:93} INFO - 25/10/31 23:25:04 INFO Utils: /tmp/spark-db6d7583-7e36-4145-a03b-49a5a564a51a/userFiles-322f1b54-1326-4e66-b324-52773b05fcb5/fetchFileTemp10687568102111912152.tmp has been previously copied to /tmp/spark-db6d7583-7e36-4145-a03b-49a5a564a51a/userFiles-322f1b54-1326-4e66-b324-52773b05fcb5/org.postgresql_postgresql-42.6.0.jar
[2025-10-31T23:25:04.380+0700] {subprocess.py:93} INFO - 25/10/31 23:25:04 INFO Executor: Adding file:/tmp/spark-db6d7583-7e36-4145-a03b-49a5a564a51a/userFiles-322f1b54-1326-4e66-b324-52773b05fcb5/org.postgresql_postgresql-42.6.0.jar to class loader default
[2025-10-31T23:25:04.386+0700] {subprocess.py:93} INFO - 25/10/31 23:25:04 INFO Executor: Fetching spark://f7bb1ad77e89:38793/jars/org.slf4j_slf4j-api-2.0.7.jar with timestamp 1761927903568
[2025-10-31T23:25:04.386+0700] {subprocess.py:93} INFO - 25/10/31 23:25:04 INFO Utils: Fetching spark://f7bb1ad77e89:38793/jars/org.slf4j_slf4j-api-2.0.7.jar to /tmp/spark-db6d7583-7e36-4145-a03b-49a5a564a51a/userFiles-322f1b54-1326-4e66-b324-52773b05fcb5/fetchFileTemp18081085294477995845.tmp
[2025-10-31T23:25:04.404+0700] {subprocess.py:93} INFO - 25/10/31 23:25:04 INFO Utils: /tmp/spark-db6d7583-7e36-4145-a03b-49a5a564a51a/userFiles-322f1b54-1326-4e66-b324-52773b05fcb5/fetchFileTemp18081085294477995845.tmp has been previously copied to /tmp/spark-db6d7583-7e36-4145-a03b-49a5a564a51a/userFiles-322f1b54-1326-4e66-b324-52773b05fcb5/org.slf4j_slf4j-api-2.0.7.jar
[2025-10-31T23:25:04.417+0700] {subprocess.py:93} INFO - 25/10/31 23:25:04 INFO Executor: Adding file:/tmp/spark-db6d7583-7e36-4145-a03b-49a5a564a51a/userFiles-322f1b54-1326-4e66-b324-52773b05fcb5/org.slf4j_slf4j-api-2.0.7.jar to class loader default
[2025-10-31T23:25:04.418+0700] {subprocess.py:93} INFO - 25/10/31 23:25:04 INFO Executor: Fetching spark://f7bb1ad77e89:38793/jars/org.checkerframework_checker-qual-3.31.0.jar with timestamp 1761927903568
[2025-10-31T23:25:04.418+0700] {subprocess.py:93} INFO - 25/10/31 23:25:04 INFO Utils: Fetching spark://f7bb1ad77e89:38793/jars/org.checkerframework_checker-qual-3.31.0.jar to /tmp/spark-db6d7583-7e36-4145-a03b-49a5a564a51a/userFiles-322f1b54-1326-4e66-b324-52773b05fcb5/fetchFileTemp11050127602499730137.tmp
[2025-10-31T23:25:04.420+0700] {subprocess.py:93} INFO - 25/10/31 23:25:04 INFO Utils: /tmp/spark-db6d7583-7e36-4145-a03b-49a5a564a51a/userFiles-322f1b54-1326-4e66-b324-52773b05fcb5/fetchFileTemp11050127602499730137.tmp has been previously copied to /tmp/spark-db6d7583-7e36-4145-a03b-49a5a564a51a/userFiles-322f1b54-1326-4e66-b324-52773b05fcb5/org.checkerframework_checker-qual-3.31.0.jar
[2025-10-31T23:25:04.425+0700] {subprocess.py:93} INFO - 25/10/31 23:25:04 INFO Executor: Adding file:/tmp/spark-db6d7583-7e36-4145-a03b-49a5a564a51a/userFiles-322f1b54-1326-4e66-b324-52773b05fcb5/org.checkerframework_checker-qual-3.31.0.jar to class loader default
[2025-10-31T23:25:04.426+0700] {subprocess.py:93} INFO - 25/10/31 23:25:04 INFO Executor: Fetching spark://f7bb1ad77e89:38793/jars/org.lz4_lz4-java-1.8.0.jar with timestamp 1761927903568
[2025-10-31T23:25:04.426+0700] {subprocess.py:93} INFO - 25/10/31 23:25:04 INFO Utils: Fetching spark://f7bb1ad77e89:38793/jars/org.lz4_lz4-java-1.8.0.jar to /tmp/spark-db6d7583-7e36-4145-a03b-49a5a564a51a/userFiles-322f1b54-1326-4e66-b324-52773b05fcb5/fetchFileTemp12435578483272174917.tmp
[2025-10-31T23:25:04.452+0700] {subprocess.py:93} INFO - 25/10/31 23:25:04 INFO Utils: /tmp/spark-db6d7583-7e36-4145-a03b-49a5a564a51a/userFiles-322f1b54-1326-4e66-b324-52773b05fcb5/fetchFileTemp12435578483272174917.tmp has been previously copied to /tmp/spark-db6d7583-7e36-4145-a03b-49a5a564a51a/userFiles-322f1b54-1326-4e66-b324-52773b05fcb5/org.lz4_lz4-java-1.8.0.jar
[2025-10-31T23:25:04.471+0700] {subprocess.py:93} INFO - 25/10/31 23:25:04 INFO Executor: Adding file:/tmp/spark-db6d7583-7e36-4145-a03b-49a5a564a51a/userFiles-322f1b54-1326-4e66-b324-52773b05fcb5/org.lz4_lz4-java-1.8.0.jar to class loader default
[2025-10-31T23:25:04.471+0700] {subprocess.py:93} INFO - 25/10/31 23:25:04 INFO Executor: Fetching spark://f7bb1ad77e89:38793/jars/org.apache.kafka_kafka-clients-3.4.1.jar with timestamp 1761927903568
[2025-10-31T23:25:04.471+0700] {subprocess.py:93} INFO - 25/10/31 23:25:04 INFO Utils: Fetching spark://f7bb1ad77e89:38793/jars/org.apache.kafka_kafka-clients-3.4.1.jar to /tmp/spark-db6d7583-7e36-4145-a03b-49a5a564a51a/userFiles-322f1b54-1326-4e66-b324-52773b05fcb5/fetchFileTemp5328534728474547634.tmp
[2025-10-31T23:25:04.485+0700] {subprocess.py:93} INFO - 25/10/31 23:25:04 INFO Utils: /tmp/spark-db6d7583-7e36-4145-a03b-49a5a564a51a/userFiles-322f1b54-1326-4e66-b324-52773b05fcb5/fetchFileTemp5328534728474547634.tmp has been previously copied to /tmp/spark-db6d7583-7e36-4145-a03b-49a5a564a51a/userFiles-322f1b54-1326-4e66-b324-52773b05fcb5/org.apache.kafka_kafka-clients-3.4.1.jar
[2025-10-31T23:25:04.491+0700] {subprocess.py:93} INFO - 25/10/31 23:25:04 INFO Executor: Adding file:/tmp/spark-db6d7583-7e36-4145-a03b-49a5a564a51a/userFiles-322f1b54-1326-4e66-b324-52773b05fcb5/org.apache.kafka_kafka-clients-3.4.1.jar to class loader default
[2025-10-31T23:25:04.491+0700] {subprocess.py:93} INFO - 25/10/31 23:25:04 INFO Executor: Fetching spark://f7bb1ad77e89:38793/jars/org.apache.commons_commons-pool2-2.11.1.jar with timestamp 1761927903568
[2025-10-31T23:25:04.491+0700] {subprocess.py:93} INFO - 25/10/31 23:25:04 INFO Utils: Fetching spark://f7bb1ad77e89:38793/jars/org.apache.commons_commons-pool2-2.11.1.jar to /tmp/spark-db6d7583-7e36-4145-a03b-49a5a564a51a/userFiles-322f1b54-1326-4e66-b324-52773b05fcb5/fetchFileTemp745378376960890664.tmp
[2025-10-31T23:25:04.492+0700] {subprocess.py:93} INFO - 25/10/31 23:25:04 INFO Utils: /tmp/spark-db6d7583-7e36-4145-a03b-49a5a564a51a/userFiles-322f1b54-1326-4e66-b324-52773b05fcb5/fetchFileTemp745378376960890664.tmp has been previously copied to /tmp/spark-db6d7583-7e36-4145-a03b-49a5a564a51a/userFiles-322f1b54-1326-4e66-b324-52773b05fcb5/org.apache.commons_commons-pool2-2.11.1.jar
[2025-10-31T23:25:04.498+0700] {subprocess.py:93} INFO - 25/10/31 23:25:04 INFO Executor: Adding file:/tmp/spark-db6d7583-7e36-4145-a03b-49a5a564a51a/userFiles-322f1b54-1326-4e66-b324-52773b05fcb5/org.apache.commons_commons-pool2-2.11.1.jar to class loader default
[2025-10-31T23:25:04.499+0700] {subprocess.py:93} INFO - 25/10/31 23:25:04 INFO Executor: Fetching spark://f7bb1ad77e89:38793/jars/org.apache.hadoop_hadoop-client-runtime-3.3.4.jar with timestamp 1761927903568
[2025-10-31T23:25:04.500+0700] {subprocess.py:93} INFO - 25/10/31 23:25:04 INFO Utils: Fetching spark://f7bb1ad77e89:38793/jars/org.apache.hadoop_hadoop-client-runtime-3.3.4.jar to /tmp/spark-db6d7583-7e36-4145-a03b-49a5a564a51a/userFiles-322f1b54-1326-4e66-b324-52773b05fcb5/fetchFileTemp17035268428309903620.tmp
[2025-10-31T23:25:04.567+0700] {subprocess.py:93} INFO - 25/10/31 23:25:04 INFO Utils: /tmp/spark-db6d7583-7e36-4145-a03b-49a5a564a51a/userFiles-322f1b54-1326-4e66-b324-52773b05fcb5/fetchFileTemp17035268428309903620.tmp has been previously copied to /tmp/spark-db6d7583-7e36-4145-a03b-49a5a564a51a/userFiles-322f1b54-1326-4e66-b324-52773b05fcb5/org.apache.hadoop_hadoop-client-runtime-3.3.4.jar
[2025-10-31T23:25:04.578+0700] {subprocess.py:93} INFO - 25/10/31 23:25:04 INFO Executor: Adding file:/tmp/spark-db6d7583-7e36-4145-a03b-49a5a564a51a/userFiles-322f1b54-1326-4e66-b324-52773b05fcb5/org.apache.hadoop_hadoop-client-runtime-3.3.4.jar to class loader default
[2025-10-31T23:25:04.584+0700] {subprocess.py:93} INFO - 25/10/31 23:25:04 INFO Utils: Successfully started service 'org.apache.spark.network.netty.NettyBlockTransferService' on port 42113.
[2025-10-31T23:25:04.585+0700] {subprocess.py:93} INFO - 25/10/31 23:25:04 INFO NettyBlockTransferService: Server created on f7bb1ad77e89:42113
[2025-10-31T23:25:04.586+0700] {subprocess.py:93} INFO - 25/10/31 23:25:04 INFO BlockManager: Using org.apache.spark.storage.RandomBlockReplicationPolicy for block replication policy
[2025-10-31T23:25:04.589+0700] {subprocess.py:93} INFO - 25/10/31 23:25:04 INFO BlockManagerMaster: Registering BlockManager BlockManagerId(driver, f7bb1ad77e89, 42113, None)
[2025-10-31T23:25:04.591+0700] {subprocess.py:93} INFO - 25/10/31 23:25:04 INFO BlockManagerMasterEndpoint: Registering block manager f7bb1ad77e89:42113 with 434.4 MiB RAM, BlockManagerId(driver, f7bb1ad77e89, 42113, None)
[2025-10-31T23:25:04.592+0700] {subprocess.py:93} INFO - 25/10/31 23:25:04 INFO BlockManagerMaster: Registered BlockManager BlockManagerId(driver, f7bb1ad77e89, 42113, None)
[2025-10-31T23:25:04.593+0700] {subprocess.py:93} INFO - 25/10/31 23:25:04 INFO BlockManager: Initialized BlockManager: BlockManagerId(driver, f7bb1ad77e89, 42113, None)
[2025-10-31T23:25:05.892+0700] {subprocess.py:93} INFO - 25/10/31 23:25:05 WARN ResolveWriteToStream: spark.sql.adaptive.enabled is not supported in streaming DataFrames/Datasets and will be disabled.
[2025-10-31T23:25:05.999+0700] {subprocess.py:93} INFO -  Streaming job started  ang lng nghe d liu t Kafka...
[2025-10-31T23:25:06.065+0700] {subprocess.py:93} INFO - 25/10/31 23:25:06 WARN AdminClientConfig: These configurations '[key.deserializer, value.deserializer, enable.auto.commit, max.poll.records, auto.offset.reset]' were supplied but are not used yet.
[2025-10-31T23:25:06.192+0700] {subprocess.py:93} INFO - 25/10/31 23:25:06 WARN KafkaOffsetReaderAdmin: Error in attempt 1 getting Kafka offsets:
[2025-10-31T23:25:06.192+0700] {subprocess.py:93} INFO - java.util.concurrent.ExecutionException: org.apache.kafka.common.errors.UnknownTopicOrPartitionException: This server does not host this topic-partition.
[2025-10-31T23:25:06.193+0700] {subprocess.py:93} INFO - 	at java.base/java.util.concurrent.CompletableFuture.reportGet(CompletableFuture.java:396)
[2025-10-31T23:25:06.193+0700] {subprocess.py:93} INFO - 	at java.base/java.util.concurrent.CompletableFuture.get(CompletableFuture.java:2073)
[2025-10-31T23:25:06.193+0700] {subprocess.py:93} INFO - 	at org.apache.kafka.common.internals.KafkaFutureImpl.get(KafkaFutureImpl.java:165)
[2025-10-31T23:25:06.193+0700] {subprocess.py:93} INFO - 	at org.apache.spark.sql.kafka010.ConsumerStrategy.retrieveAllPartitions(ConsumerStrategy.scala:66)
[2025-10-31T23:25:06.193+0700] {subprocess.py:93} INFO - 	at org.apache.spark.sql.kafka010.ConsumerStrategy.retrieveAllPartitions$(ConsumerStrategy.scala:65)
[2025-10-31T23:25:06.194+0700] {subprocess.py:93} INFO - 	at org.apache.spark.sql.kafka010.SubscribeStrategy.retrieveAllPartitions(ConsumerStrategy.scala:102)
[2025-10-31T23:25:06.194+0700] {subprocess.py:93} INFO - 	at org.apache.spark.sql.kafka010.SubscribeStrategy.assignedTopicPartitions(ConsumerStrategy.scala:113)
[2025-10-31T23:25:06.194+0700] {subprocess.py:93} INFO - 	at org.apache.spark.sql.kafka010.KafkaOffsetReaderAdmin.$anonfun$partitionsAssignedToAdmin$1(KafkaOffsetReaderAdmin.scala:499)
[2025-10-31T23:25:06.194+0700] {subprocess.py:93} INFO - 	at org.apache.spark.sql.kafka010.KafkaOffsetReaderAdmin.withRetries(KafkaOffsetReaderAdmin.scala:518)
[2025-10-31T23:25:06.194+0700] {subprocess.py:93} INFO - 	at org.apache.spark.sql.kafka010.KafkaOffsetReaderAdmin.partitionsAssignedToAdmin(KafkaOffsetReaderAdmin.scala:498)
[2025-10-31T23:25:06.194+0700] {subprocess.py:93} INFO - 	at org.apache.spark.sql.kafka010.KafkaOffsetReaderAdmin.fetchEarliestOffsets(KafkaOffsetReaderAdmin.scala:288)
[2025-10-31T23:25:06.195+0700] {subprocess.py:93} INFO - 	at org.apache.spark.sql.kafka010.KafkaMicroBatchStream.$anonfun$getOrCreateInitialPartitionOffsets$1(KafkaMicroBatchStream.scala:244)
[2025-10-31T23:25:06.195+0700] {subprocess.py:93} INFO - 	at scala.Option.getOrElse(Option.scala:189)
[2025-10-31T23:25:06.195+0700] {subprocess.py:93} INFO - 	at org.apache.spark.sql.kafka010.KafkaMicroBatchStream.getOrCreateInitialPartitionOffsets(KafkaMicroBatchStream.scala:241)
[2025-10-31T23:25:06.195+0700] {subprocess.py:93} INFO - 	at org.apache.spark.sql.kafka010.KafkaMicroBatchStream.initialOffset(KafkaMicroBatchStream.scala:98)
[2025-10-31T23:25:06.195+0700] {subprocess.py:93} INFO - 	at org.apache.spark.sql.execution.streaming.MicroBatchExecution.$anonfun$getStartOffset$2(MicroBatchExecution.scala:457)
[2025-10-31T23:25:06.196+0700] {subprocess.py:93} INFO - 	at scala.Option.getOrElse(Option.scala:189)
[2025-10-31T23:25:06.196+0700] {subprocess.py:93} INFO - 	at org.apache.spark.sql.execution.streaming.MicroBatchExecution.getStartOffset(MicroBatchExecution.scala:457)
[2025-10-31T23:25:06.196+0700] {subprocess.py:93} INFO - 	at org.apache.spark.sql.execution.streaming.MicroBatchExecution.$anonfun$constructNextBatch$4(MicroBatchExecution.scala:491)
[2025-10-31T23:25:06.196+0700] {subprocess.py:93} INFO - 	at org.apache.spark.sql.execution.streaming.ProgressReporter.reportTimeTaken(ProgressReporter.scala:427)
[2025-10-31T23:25:06.196+0700] {subprocess.py:93} INFO - 	at org.apache.spark.sql.execution.streaming.ProgressReporter.reportTimeTaken$(ProgressReporter.scala:425)
[2025-10-31T23:25:06.196+0700] {subprocess.py:93} INFO - 	at org.apache.spark.sql.execution.streaming.StreamExecution.reportTimeTaken(StreamExecution.scala:67)
[2025-10-31T23:25:06.197+0700] {subprocess.py:93} INFO - 	at org.apache.spark.sql.execution.streaming.MicroBatchExecution.$anonfun$constructNextBatch$2(MicroBatchExecution.scala:490)
[2025-10-31T23:25:06.197+0700] {subprocess.py:93} INFO - 	at scala.collection.TraversableLike.$anonfun$map$1(TraversableLike.scala:286)
[2025-10-31T23:25:06.197+0700] {subprocess.py:93} INFO - 	at scala.collection.Iterator.foreach(Iterator.scala:943)
[2025-10-31T23:25:06.197+0700] {subprocess.py:93} INFO - 	at scala.collection.Iterator.foreach$(Iterator.scala:943)
[2025-10-31T23:25:06.197+0700] {subprocess.py:93} INFO - 	at scala.collection.AbstractIterator.foreach(Iterator.scala:1431)
[2025-10-31T23:25:06.197+0700] {subprocess.py:93} INFO - 	at scala.collection.IterableLike.foreach(IterableLike.scala:74)
[2025-10-31T23:25:06.198+0700] {subprocess.py:93} INFO - 	at scala.collection.IterableLike.foreach$(IterableLike.scala:73)
[2025-10-31T23:25:06.198+0700] {subprocess.py:93} INFO - 	at scala.collection.AbstractIterable.foreach(Iterable.scala:56)
[2025-10-31T23:25:06.198+0700] {subprocess.py:93} INFO - 	at scala.collection.TraversableLike.map(TraversableLike.scala:286)
[2025-10-31T23:25:06.198+0700] {subprocess.py:93} INFO - 	at scala.collection.TraversableLike.map$(TraversableLike.scala:279)
[2025-10-31T23:25:06.198+0700] {subprocess.py:93} INFO - 	at scala.collection.AbstractTraversable.map(Traversable.scala:108)
[2025-10-31T23:25:06.198+0700] {subprocess.py:93} INFO - 	at org.apache.spark.sql.execution.streaming.MicroBatchExecution.$anonfun$constructNextBatch$1(MicroBatchExecution.scala:479)
[2025-10-31T23:25:06.199+0700] {subprocess.py:93} INFO - 	at scala.runtime.java8.JFunction0$mcZ$sp.apply(JFunction0$mcZ$sp.java:23)
[2025-10-31T23:25:06.199+0700] {subprocess.py:93} INFO - 	at org.apache.spark.sql.execution.streaming.MicroBatchExecution.withProgressLocked(MicroBatchExecution.scala:810)
[2025-10-31T23:25:06.199+0700] {subprocess.py:93} INFO - 	at org.apache.spark.sql.execution.streaming.MicroBatchExecution.constructNextBatch(MicroBatchExecution.scala:475)
[2025-10-31T23:25:06.199+0700] {subprocess.py:93} INFO - 	at org.apache.spark.sql.execution.streaming.MicroBatchExecution.$anonfun$runActivatedStream$2(MicroBatchExecution.scala:268)
[2025-10-31T23:25:06.199+0700] {subprocess.py:93} INFO - 	at scala.runtime.java8.JFunction0$mcV$sp.apply(JFunction0$mcV$sp.java:23)
[2025-10-31T23:25:06.200+0700] {subprocess.py:93} INFO - 	at org.apache.spark.sql.execution.streaming.ProgressReporter.reportTimeTaken(ProgressReporter.scala:427)
[2025-10-31T23:25:06.200+0700] {subprocess.py:93} INFO - 	at org.apache.spark.sql.execution.streaming.ProgressReporter.reportTimeTaken$(ProgressReporter.scala:425)
[2025-10-31T23:25:06.200+0700] {subprocess.py:93} INFO - 	at org.apache.spark.sql.execution.streaming.StreamExecution.reportTimeTaken(StreamExecution.scala:67)
[2025-10-31T23:25:06.200+0700] {subprocess.py:93} INFO - 	at org.apache.spark.sql.execution.streaming.MicroBatchExecution.$anonfun$runActivatedStream$1(MicroBatchExecution.scala:249)
[2025-10-31T23:25:06.200+0700] {subprocess.py:93} INFO - 	at org.apache.spark.sql.execution.streaming.ProcessingTimeExecutor.execute(TriggerExecutor.scala:67)
[2025-10-31T23:25:06.200+0700] {subprocess.py:93} INFO - 	at org.apache.spark.sql.execution.streaming.MicroBatchExecution.runActivatedStream(MicroBatchExecution.scala:239)
[2025-10-31T23:25:06.201+0700] {subprocess.py:93} INFO - 	at org.apache.spark.sql.execution.streaming.StreamExecution.$anonfun$runStream$1(StreamExecution.scala:311)
[2025-10-31T23:25:06.201+0700] {subprocess.py:93} INFO - 	at scala.runtime.java8.JFunction0$mcV$sp.apply(JFunction0$mcV$sp.java:23)
[2025-10-31T23:25:06.201+0700] {subprocess.py:93} INFO - 	at org.apache.spark.sql.SparkSession.withActive(SparkSession.scala:900)
[2025-10-31T23:25:06.201+0700] {subprocess.py:93} INFO - 	at org.apache.spark.sql.execution.streaming.StreamExecution.org$apache$spark$sql$execution$streaming$StreamExecution$$runStream(StreamExecution.scala:289)
[2025-10-31T23:25:06.201+0700] {subprocess.py:93} INFO - 	at org.apache.spark.sql.execution.streaming.StreamExecution$$anon$1.$anonfun$run$1(StreamExecution.scala:211)
[2025-10-31T23:25:06.201+0700] {subprocess.py:93} INFO - 	at scala.runtime.java8.JFunction0$mcV$sp.apply(JFunction0$mcV$sp.java:23)
[2025-10-31T23:25:06.202+0700] {subprocess.py:93} INFO - 	at org.apache.spark.JobArtifactSet$.withActiveJobArtifactState(JobArtifactSet.scala:94)
[2025-10-31T23:25:06.202+0700] {subprocess.py:93} INFO - 	at org.apache.spark.sql.execution.streaming.StreamExecution$$anon$1.run(StreamExecution.scala:211)
[2025-10-31T23:25:06.202+0700] {subprocess.py:93} INFO - Caused by: org.apache.kafka.common.errors.UnknownTopicOrPartitionException: This server does not host this topic-partition.
[2025-10-31T23:25:07.201+0700] {subprocess.py:93} INFO - 25/10/31 23:25:07 WARN AdminClientConfig: These configurations '[key.deserializer, value.deserializer, enable.auto.commit, max.poll.records, auto.offset.reset]' were supplied but are not used yet.
[2025-10-31T23:25:07.205+0700] {subprocess.py:93} INFO - 25/10/31 23:25:07 WARN KafkaOffsetReaderAdmin: Error in attempt 2 getting Kafka offsets:
[2025-10-31T23:25:07.206+0700] {subprocess.py:93} INFO - java.util.concurrent.ExecutionException: org.apache.kafka.common.errors.UnknownTopicOrPartitionException: This server does not host this topic-partition.
[2025-10-31T23:25:07.206+0700] {subprocess.py:93} INFO - 	at java.base/java.util.concurrent.CompletableFuture.reportGet(CompletableFuture.java:396)
[2025-10-31T23:25:07.206+0700] {subprocess.py:93} INFO - 	at java.base/java.util.concurrent.CompletableFuture.get(CompletableFuture.java:2073)
[2025-10-31T23:25:07.206+0700] {subprocess.py:93} INFO - 	at org.apache.kafka.common.internals.KafkaFutureImpl.get(KafkaFutureImpl.java:165)
[2025-10-31T23:25:07.207+0700] {subprocess.py:93} INFO - 	at org.apache.spark.sql.kafka010.ConsumerStrategy.retrieveAllPartitions(ConsumerStrategy.scala:66)
[2025-10-31T23:25:07.207+0700] {subprocess.py:93} INFO - 	at org.apache.spark.sql.kafka010.ConsumerStrategy.retrieveAllPartitions$(ConsumerStrategy.scala:65)
[2025-10-31T23:25:07.207+0700] {subprocess.py:93} INFO - 	at org.apache.spark.sql.kafka010.SubscribeStrategy.retrieveAllPartitions(ConsumerStrategy.scala:102)
[2025-10-31T23:25:07.207+0700] {subprocess.py:93} INFO - 	at org.apache.spark.sql.kafka010.SubscribeStrategy.assignedTopicPartitions(ConsumerStrategy.scala:113)
[2025-10-31T23:25:07.207+0700] {subprocess.py:93} INFO - 	at org.apache.spark.sql.kafka010.KafkaOffsetReaderAdmin.$anonfun$partitionsAssignedToAdmin$1(KafkaOffsetReaderAdmin.scala:499)
[2025-10-31T23:25:07.207+0700] {subprocess.py:93} INFO - 	at org.apache.spark.sql.kafka010.KafkaOffsetReaderAdmin.withRetries(KafkaOffsetReaderAdmin.scala:518)
[2025-10-31T23:25:07.208+0700] {subprocess.py:93} INFO - 	at org.apache.spark.sql.kafka010.KafkaOffsetReaderAdmin.partitionsAssignedToAdmin(KafkaOffsetReaderAdmin.scala:498)
[2025-10-31T23:25:07.208+0700] {subprocess.py:93} INFO - 	at org.apache.spark.sql.kafka010.KafkaOffsetReaderAdmin.fetchEarliestOffsets(KafkaOffsetReaderAdmin.scala:288)
[2025-10-31T23:25:07.208+0700] {subprocess.py:93} INFO - 	at org.apache.spark.sql.kafka010.KafkaMicroBatchStream.$anonfun$getOrCreateInitialPartitionOffsets$1(KafkaMicroBatchStream.scala:244)
[2025-10-31T23:25:07.208+0700] {subprocess.py:93} INFO - 	at scala.Option.getOrElse(Option.scala:189)
[2025-10-31T23:25:07.208+0700] {subprocess.py:93} INFO - 	at org.apache.spark.sql.kafka010.KafkaMicroBatchStream.getOrCreateInitialPartitionOffsets(KafkaMicroBatchStream.scala:241)
[2025-10-31T23:25:07.208+0700] {subprocess.py:93} INFO - 	at org.apache.spark.sql.kafka010.KafkaMicroBatchStream.initialOffset(KafkaMicroBatchStream.scala:98)
[2025-10-31T23:25:07.209+0700] {subprocess.py:93} INFO - 	at org.apache.spark.sql.execution.streaming.MicroBatchExecution.$anonfun$getStartOffset$2(MicroBatchExecution.scala:457)
[2025-10-31T23:25:07.209+0700] {subprocess.py:93} INFO - 	at scala.Option.getOrElse(Option.scala:189)
[2025-10-31T23:25:07.209+0700] {subprocess.py:93} INFO - 	at org.apache.spark.sql.execution.streaming.MicroBatchExecution.getStartOffset(MicroBatchExecution.scala:457)
[2025-10-31T23:25:07.209+0700] {subprocess.py:93} INFO - 	at org.apache.spark.sql.execution.streaming.MicroBatchExecution.$anonfun$constructNextBatch$4(MicroBatchExecution.scala:491)
[2025-10-31T23:25:07.209+0700] {subprocess.py:93} INFO - 	at org.apache.spark.sql.execution.streaming.ProgressReporter.reportTimeTaken(ProgressReporter.scala:427)
[2025-10-31T23:25:07.209+0700] {subprocess.py:93} INFO - 	at org.apache.spark.sql.execution.streaming.ProgressReporter.reportTimeTaken$(ProgressReporter.scala:425)
[2025-10-31T23:25:07.210+0700] {subprocess.py:93} INFO - 	at org.apache.spark.sql.execution.streaming.StreamExecution.reportTimeTaken(StreamExecution.scala:67)
[2025-10-31T23:25:07.210+0700] {subprocess.py:93} INFO - 	at org.apache.spark.sql.execution.streaming.MicroBatchExecution.$anonfun$constructNextBatch$2(MicroBatchExecution.scala:490)
[2025-10-31T23:25:07.210+0700] {subprocess.py:93} INFO - 	at scala.collection.TraversableLike.$anonfun$map$1(TraversableLike.scala:286)
[2025-10-31T23:25:07.210+0700] {subprocess.py:93} INFO - 	at scala.collection.Iterator.foreach(Iterator.scala:943)
[2025-10-31T23:25:07.210+0700] {subprocess.py:93} INFO - 	at scala.collection.Iterator.foreach$(Iterator.scala:943)
[2025-10-31T23:25:07.210+0700] {subprocess.py:93} INFO - 	at scala.collection.AbstractIterator.foreach(Iterator.scala:1431)
[2025-10-31T23:25:07.211+0700] {subprocess.py:93} INFO - 	at scala.collection.IterableLike.foreach(IterableLike.scala:74)
[2025-10-31T23:25:07.211+0700] {subprocess.py:93} INFO - 	at scala.collection.IterableLike.foreach$(IterableLike.scala:73)
[2025-10-31T23:25:07.211+0700] {subprocess.py:93} INFO - 	at scala.collection.AbstractIterable.foreach(Iterable.scala:56)
[2025-10-31T23:25:07.211+0700] {subprocess.py:93} INFO - 	at scala.collection.TraversableLike.map(TraversableLike.scala:286)
[2025-10-31T23:25:07.211+0700] {subprocess.py:93} INFO - 	at scala.collection.TraversableLike.map$(TraversableLike.scala:279)
[2025-10-31T23:25:07.211+0700] {subprocess.py:93} INFO - 	at scala.collection.AbstractTraversable.map(Traversable.scala:108)
[2025-10-31T23:25:07.212+0700] {subprocess.py:93} INFO - 	at org.apache.spark.sql.execution.streaming.MicroBatchExecution.$anonfun$constructNextBatch$1(MicroBatchExecution.scala:479)
[2025-10-31T23:25:07.212+0700] {subprocess.py:93} INFO - 	at scala.runtime.java8.JFunction0$mcZ$sp.apply(JFunction0$mcZ$sp.java:23)
[2025-10-31T23:25:07.212+0700] {subprocess.py:93} INFO - 	at org.apache.spark.sql.execution.streaming.MicroBatchExecution.withProgressLocked(MicroBatchExecution.scala:810)
[2025-10-31T23:25:07.212+0700] {subprocess.py:93} INFO - 	at org.apache.spark.sql.execution.streaming.MicroBatchExecution.constructNextBatch(MicroBatchExecution.scala:475)
[2025-10-31T23:25:07.212+0700] {subprocess.py:93} INFO - 	at org.apache.spark.sql.execution.streaming.MicroBatchExecution.$anonfun$runActivatedStream$2(MicroBatchExecution.scala:268)
[2025-10-31T23:25:07.212+0700] {subprocess.py:93} INFO - 	at scala.runtime.java8.JFunction0$mcV$sp.apply(JFunction0$mcV$sp.java:23)
[2025-10-31T23:25:07.213+0700] {subprocess.py:93} INFO - 	at org.apache.spark.sql.execution.streaming.ProgressReporter.reportTimeTaken(ProgressReporter.scala:427)
[2025-10-31T23:25:07.213+0700] {subprocess.py:93} INFO - 	at org.apache.spark.sql.execution.streaming.ProgressReporter.reportTimeTaken$(ProgressReporter.scala:425)
[2025-10-31T23:25:07.213+0700] {subprocess.py:93} INFO - 	at org.apache.spark.sql.execution.streaming.StreamExecution.reportTimeTaken(StreamExecution.scala:67)
[2025-10-31T23:25:07.213+0700] {subprocess.py:93} INFO - 	at org.apache.spark.sql.execution.streaming.MicroBatchExecution.$anonfun$runActivatedStream$1(MicroBatchExecution.scala:249)
[2025-10-31T23:25:07.213+0700] {subprocess.py:93} INFO - 	at org.apache.spark.sql.execution.streaming.ProcessingTimeExecutor.execute(TriggerExecutor.scala:67)
[2025-10-31T23:25:07.214+0700] {subprocess.py:93} INFO - 	at org.apache.spark.sql.execution.streaming.MicroBatchExecution.runActivatedStream(MicroBatchExecution.scala:239)
[2025-10-31T23:25:07.214+0700] {subprocess.py:93} INFO - 	at org.apache.spark.sql.execution.streaming.StreamExecution.$anonfun$runStream$1(StreamExecution.scala:311)
[2025-10-31T23:25:07.214+0700] {subprocess.py:93} INFO - 	at scala.runtime.java8.JFunction0$mcV$sp.apply(JFunction0$mcV$sp.java:23)
[2025-10-31T23:25:07.214+0700] {subprocess.py:93} INFO - 	at org.apache.spark.sql.SparkSession.withActive(SparkSession.scala:900)
[2025-10-31T23:25:07.214+0700] {subprocess.py:93} INFO - 	at org.apache.spark.sql.execution.streaming.StreamExecution.org$apache$spark$sql$execution$streaming$StreamExecution$$runStream(StreamExecution.scala:289)
[2025-10-31T23:25:07.214+0700] {subprocess.py:93} INFO - 	at org.apache.spark.sql.execution.streaming.StreamExecution$$anon$1.$anonfun$run$1(StreamExecution.scala:211)
[2025-10-31T23:25:07.214+0700] {subprocess.py:93} INFO - 	at scala.runtime.java8.JFunction0$mcV$sp.apply(JFunction0$mcV$sp.java:23)
[2025-10-31T23:25:07.215+0700] {subprocess.py:93} INFO - 	at org.apache.spark.JobArtifactSet$.withActiveJobArtifactState(JobArtifactSet.scala:94)
[2025-10-31T23:25:07.215+0700] {subprocess.py:93} INFO - 	at org.apache.spark.sql.execution.streaming.StreamExecution$$anon$1.run(StreamExecution.scala:211)
[2025-10-31T23:25:07.215+0700] {subprocess.py:93} INFO - Caused by: org.apache.kafka.common.errors.UnknownTopicOrPartitionException: This server does not host this topic-partition.
[2025-10-31T23:25:08.210+0700] {subprocess.py:93} INFO - 25/10/31 23:25:08 WARN AdminClientConfig: These configurations '[key.deserializer, value.deserializer, enable.auto.commit, max.poll.records, auto.offset.reset]' were supplied but are not used yet.
[2025-10-31T23:25:08.215+0700] {subprocess.py:93} INFO - 25/10/31 23:25:08 WARN KafkaOffsetReaderAdmin: Error in attempt 3 getting Kafka offsets:
[2025-10-31T23:25:08.215+0700] {subprocess.py:93} INFO - java.util.concurrent.ExecutionException: org.apache.kafka.common.errors.UnknownTopicOrPartitionException: This server does not host this topic-partition.
[2025-10-31T23:25:08.215+0700] {subprocess.py:93} INFO - 	at java.base/java.util.concurrent.CompletableFuture.reportGet(CompletableFuture.java:396)
[2025-10-31T23:25:08.215+0700] {subprocess.py:93} INFO - 	at java.base/java.util.concurrent.CompletableFuture.get(CompletableFuture.java:2073)
[2025-10-31T23:25:08.216+0700] {subprocess.py:93} INFO - 	at org.apache.kafka.common.internals.KafkaFutureImpl.get(KafkaFutureImpl.java:165)
[2025-10-31T23:25:08.216+0700] {subprocess.py:93} INFO - 	at org.apache.spark.sql.kafka010.ConsumerStrategy.retrieveAllPartitions(ConsumerStrategy.scala:66)
[2025-10-31T23:25:08.216+0700] {subprocess.py:93} INFO - 	at org.apache.spark.sql.kafka010.ConsumerStrategy.retrieveAllPartitions$(ConsumerStrategy.scala:65)
[2025-10-31T23:25:08.216+0700] {subprocess.py:93} INFO - 	at org.apache.spark.sql.kafka010.SubscribeStrategy.retrieveAllPartitions(ConsumerStrategy.scala:102)
[2025-10-31T23:25:08.216+0700] {subprocess.py:93} INFO - 	at org.apache.spark.sql.kafka010.SubscribeStrategy.assignedTopicPartitions(ConsumerStrategy.scala:113)
[2025-10-31T23:25:08.217+0700] {subprocess.py:93} INFO - 	at org.apache.spark.sql.kafka010.KafkaOffsetReaderAdmin.$anonfun$partitionsAssignedToAdmin$1(KafkaOffsetReaderAdmin.scala:499)
[2025-10-31T23:25:08.217+0700] {subprocess.py:93} INFO - 	at org.apache.spark.sql.kafka010.KafkaOffsetReaderAdmin.withRetries(KafkaOffsetReaderAdmin.scala:518)
[2025-10-31T23:25:08.217+0700] {subprocess.py:93} INFO - 	at org.apache.spark.sql.kafka010.KafkaOffsetReaderAdmin.partitionsAssignedToAdmin(KafkaOffsetReaderAdmin.scala:498)
[2025-10-31T23:25:08.217+0700] {subprocess.py:93} INFO - 	at org.apache.spark.sql.kafka010.KafkaOffsetReaderAdmin.fetchEarliestOffsets(KafkaOffsetReaderAdmin.scala:288)
[2025-10-31T23:25:08.217+0700] {subprocess.py:93} INFO - 	at org.apache.spark.sql.kafka010.KafkaMicroBatchStream.$anonfun$getOrCreateInitialPartitionOffsets$1(KafkaMicroBatchStream.scala:244)
[2025-10-31T23:25:08.217+0700] {subprocess.py:93} INFO - 	at scala.Option.getOrElse(Option.scala:189)
[2025-10-31T23:25:08.218+0700] {subprocess.py:93} INFO - 	at org.apache.spark.sql.kafka010.KafkaMicroBatchStream.getOrCreateInitialPartitionOffsets(KafkaMicroBatchStream.scala:241)
[2025-10-31T23:25:08.218+0700] {subprocess.py:93} INFO - 	at org.apache.spark.sql.kafka010.KafkaMicroBatchStream.initialOffset(KafkaMicroBatchStream.scala:98)
[2025-10-31T23:25:08.218+0700] {subprocess.py:93} INFO - 	at org.apache.spark.sql.execution.streaming.MicroBatchExecution.$anonfun$getStartOffset$2(MicroBatchExecution.scala:457)
[2025-10-31T23:25:08.218+0700] {subprocess.py:93} INFO - 	at scala.Option.getOrElse(Option.scala:189)
[2025-10-31T23:25:08.218+0700] {subprocess.py:93} INFO - 	at org.apache.spark.sql.execution.streaming.MicroBatchExecution.getStartOffset(MicroBatchExecution.scala:457)
[2025-10-31T23:25:08.219+0700] {subprocess.py:93} INFO - 	at org.apache.spark.sql.execution.streaming.MicroBatchExecution.$anonfun$constructNextBatch$4(MicroBatchExecution.scala:491)
[2025-10-31T23:25:08.219+0700] {subprocess.py:93} INFO - 	at org.apache.spark.sql.execution.streaming.ProgressReporter.reportTimeTaken(ProgressReporter.scala:427)
[2025-10-31T23:25:08.219+0700] {subprocess.py:93} INFO - 	at org.apache.spark.sql.execution.streaming.ProgressReporter.reportTimeTaken$(ProgressReporter.scala:425)
[2025-10-31T23:25:08.219+0700] {subprocess.py:93} INFO - 	at org.apache.spark.sql.execution.streaming.StreamExecution.reportTimeTaken(StreamExecution.scala:67)
[2025-10-31T23:25:08.219+0700] {subprocess.py:93} INFO - 	at org.apache.spark.sql.execution.streaming.MicroBatchExecution.$anonfun$constructNextBatch$2(MicroBatchExecution.scala:490)
[2025-10-31T23:25:08.219+0700] {subprocess.py:93} INFO - 	at scala.collection.TraversableLike.$anonfun$map$1(TraversableLike.scala:286)
[2025-10-31T23:25:08.220+0700] {subprocess.py:93} INFO - 	at scala.collection.Iterator.foreach(Iterator.scala:943)
[2025-10-31T23:25:08.220+0700] {subprocess.py:93} INFO - 	at scala.collection.Iterator.foreach$(Iterator.scala:943)
[2025-10-31T23:25:08.220+0700] {subprocess.py:93} INFO - 	at scala.collection.AbstractIterator.foreach(Iterator.scala:1431)
[2025-10-31T23:25:08.220+0700] {subprocess.py:93} INFO - 	at scala.collection.IterableLike.foreach(IterableLike.scala:74)
[2025-10-31T23:25:08.220+0700] {subprocess.py:93} INFO - 	at scala.collection.IterableLike.foreach$(IterableLike.scala:73)
[2025-10-31T23:25:08.220+0700] {subprocess.py:93} INFO - 	at scala.collection.AbstractIterable.foreach(Iterable.scala:56)
[2025-10-31T23:25:08.221+0700] {subprocess.py:93} INFO - 	at scala.collection.TraversableLike.map(TraversableLike.scala:286)
[2025-10-31T23:25:08.221+0700] {subprocess.py:93} INFO - 	at scala.collection.TraversableLike.map$(TraversableLike.scala:279)
[2025-10-31T23:25:08.221+0700] {subprocess.py:93} INFO - 	at scala.collection.AbstractTraversable.map(Traversable.scala:108)
[2025-10-31T23:25:08.221+0700] {subprocess.py:93} INFO - 	at org.apache.spark.sql.execution.streaming.MicroBatchExecution.$anonfun$constructNextBatch$1(MicroBatchExecution.scala:479)
[2025-10-31T23:25:08.221+0700] {subprocess.py:93} INFO - 	at scala.runtime.java8.JFunction0$mcZ$sp.apply(JFunction0$mcZ$sp.java:23)
[2025-10-31T23:25:08.221+0700] {subprocess.py:93} INFO - 	at org.apache.spark.sql.execution.streaming.MicroBatchExecution.withProgressLocked(MicroBatchExecution.scala:810)
[2025-10-31T23:25:08.221+0700] {subprocess.py:93} INFO - 	at org.apache.spark.sql.execution.streaming.MicroBatchExecution.constructNextBatch(MicroBatchExecution.scala:475)
[2025-10-31T23:25:08.222+0700] {subprocess.py:93} INFO - 	at org.apache.spark.sql.execution.streaming.MicroBatchExecution.$anonfun$runActivatedStream$2(MicroBatchExecution.scala:268)
[2025-10-31T23:25:08.222+0700] {subprocess.py:93} INFO - 	at scala.runtime.java8.JFunction0$mcV$sp.apply(JFunction0$mcV$sp.java:23)
[2025-10-31T23:25:08.222+0700] {subprocess.py:93} INFO - 	at org.apache.spark.sql.execution.streaming.ProgressReporter.reportTimeTaken(ProgressReporter.scala:427)
[2025-10-31T23:25:08.222+0700] {subprocess.py:93} INFO - 	at org.apache.spark.sql.execution.streaming.ProgressReporter.reportTimeTaken$(ProgressReporter.scala:425)
[2025-10-31T23:25:08.222+0700] {subprocess.py:93} INFO - 	at org.apache.spark.sql.execution.streaming.StreamExecution.reportTimeTaken(StreamExecution.scala:67)
[2025-10-31T23:25:08.222+0700] {subprocess.py:93} INFO - 	at org.apache.spark.sql.execution.streaming.MicroBatchExecution.$anonfun$runActivatedStream$1(MicroBatchExecution.scala:249)
[2025-10-31T23:25:08.222+0700] {subprocess.py:93} INFO - 	at org.apache.spark.sql.execution.streaming.ProcessingTimeExecutor.execute(TriggerExecutor.scala:67)
[2025-10-31T23:25:08.223+0700] {subprocess.py:93} INFO - 	at org.apache.spark.sql.execution.streaming.MicroBatchExecution.runActivatedStream(MicroBatchExecution.scala:239)
[2025-10-31T23:25:08.223+0700] {subprocess.py:93} INFO - 	at org.apache.spark.sql.execution.streaming.StreamExecution.$anonfun$runStream$1(StreamExecution.scala:311)
[2025-10-31T23:25:08.223+0700] {subprocess.py:93} INFO - 	at scala.runtime.java8.JFunction0$mcV$sp.apply(JFunction0$mcV$sp.java:23)
[2025-10-31T23:25:08.223+0700] {subprocess.py:93} INFO - 	at org.apache.spark.sql.SparkSession.withActive(SparkSession.scala:900)
[2025-10-31T23:25:08.223+0700] {subprocess.py:93} INFO - 	at org.apache.spark.sql.execution.streaming.StreamExecution.org$apache$spark$sql$execution$streaming$StreamExecution$$runStream(StreamExecution.scala:289)
[2025-10-31T23:25:08.223+0700] {subprocess.py:93} INFO - 	at org.apache.spark.sql.execution.streaming.StreamExecution$$anon$1.$anonfun$run$1(StreamExecution.scala:211)
[2025-10-31T23:25:08.223+0700] {subprocess.py:93} INFO - 	at scala.runtime.java8.JFunction0$mcV$sp.apply(JFunction0$mcV$sp.java:23)
[2025-10-31T23:25:08.224+0700] {subprocess.py:93} INFO - 	at org.apache.spark.JobArtifactSet$.withActiveJobArtifactState(JobArtifactSet.scala:94)
[2025-10-31T23:25:08.224+0700] {subprocess.py:93} INFO - 	at org.apache.spark.sql.execution.streaming.StreamExecution$$anon$1.run(StreamExecution.scala:211)
[2025-10-31T23:25:08.224+0700] {subprocess.py:93} INFO - Caused by: org.apache.kafka.common.errors.UnknownTopicOrPartitionException: This server does not host this topic-partition.
[2025-10-31T23:25:09.228+0700] {subprocess.py:93} INFO - 25/10/31 23:25:09 ERROR MicroBatchExecution: Query [id = b5db2d9a-7e20-45c0-a20a-ee6a80553d5b, runId = aa6fdf91-2ef5-40df-8e8c-1be2896f1f24] terminated with error
[2025-10-31T23:25:09.229+0700] {subprocess.py:93} INFO - java.util.concurrent.ExecutionException: org.apache.kafka.common.errors.UnknownTopicOrPartitionException: This server does not host this topic-partition.
[2025-10-31T23:25:09.229+0700] {subprocess.py:93} INFO - 	at java.base/java.util.concurrent.CompletableFuture.reportGet(CompletableFuture.java:396)
[2025-10-31T23:25:09.230+0700] {subprocess.py:93} INFO - 	at java.base/java.util.concurrent.CompletableFuture.get(CompletableFuture.java:2073)
[2025-10-31T23:25:09.230+0700] {subprocess.py:93} INFO - 	at org.apache.kafka.common.internals.KafkaFutureImpl.get(KafkaFutureImpl.java:165)
[2025-10-31T23:25:09.230+0700] {subprocess.py:93} INFO - 	at org.apache.spark.sql.kafka010.ConsumerStrategy.retrieveAllPartitions(ConsumerStrategy.scala:66)
[2025-10-31T23:25:09.230+0700] {subprocess.py:93} INFO - 	at org.apache.spark.sql.kafka010.ConsumerStrategy.retrieveAllPartitions$(ConsumerStrategy.scala:65)
[2025-10-31T23:25:09.230+0700] {subprocess.py:93} INFO - 	at org.apache.spark.sql.kafka010.SubscribeStrategy.retrieveAllPartitions(ConsumerStrategy.scala:102)
[2025-10-31T23:25:09.231+0700] {subprocess.py:93} INFO - 	at org.apache.spark.sql.kafka010.SubscribeStrategy.assignedTopicPartitions(ConsumerStrategy.scala:113)
[2025-10-31T23:25:09.231+0700] {subprocess.py:93} INFO - 	at org.apache.spark.sql.kafka010.KafkaOffsetReaderAdmin.$anonfun$partitionsAssignedToAdmin$1(KafkaOffsetReaderAdmin.scala:499)
[2025-10-31T23:25:09.231+0700] {subprocess.py:93} INFO - 	at org.apache.spark.sql.kafka010.KafkaOffsetReaderAdmin.withRetries(KafkaOffsetReaderAdmin.scala:518)
[2025-10-31T23:25:09.231+0700] {subprocess.py:93} INFO - 	at org.apache.spark.sql.kafka010.KafkaOffsetReaderAdmin.partitionsAssignedToAdmin(KafkaOffsetReaderAdmin.scala:498)
[2025-10-31T23:25:09.231+0700] {subprocess.py:93} INFO - 	at org.apache.spark.sql.kafka010.KafkaOffsetReaderAdmin.fetchEarliestOffsets(KafkaOffsetReaderAdmin.scala:288)
[2025-10-31T23:25:09.232+0700] {subprocess.py:93} INFO - 	at org.apache.spark.sql.kafka010.KafkaMicroBatchStream.$anonfun$getOrCreateInitialPartitionOffsets$1(KafkaMicroBatchStream.scala:244)
[2025-10-31T23:25:09.232+0700] {subprocess.py:93} INFO - 	at scala.Option.getOrElse(Option.scala:189)
[2025-10-31T23:25:09.232+0700] {subprocess.py:93} INFO - 	at org.apache.spark.sql.kafka010.KafkaMicroBatchStream.getOrCreateInitialPartitionOffsets(KafkaMicroBatchStream.scala:241)
[2025-10-31T23:25:09.232+0700] {subprocess.py:93} INFO - 	at org.apache.spark.sql.kafka010.KafkaMicroBatchStream.initialOffset(KafkaMicroBatchStream.scala:98)
[2025-10-31T23:25:09.232+0700] {subprocess.py:93} INFO - 	at org.apache.spark.sql.execution.streaming.MicroBatchExecution.$anonfun$getStartOffset$2(MicroBatchExecution.scala:457)
[2025-10-31T23:25:09.232+0700] {subprocess.py:93} INFO - 	at scala.Option.getOrElse(Option.scala:189)
[2025-10-31T23:25:09.233+0700] {subprocess.py:93} INFO - 	at org.apache.spark.sql.execution.streaming.MicroBatchExecution.getStartOffset(MicroBatchExecution.scala:457)
[2025-10-31T23:25:09.233+0700] {subprocess.py:93} INFO - 	at org.apache.spark.sql.execution.streaming.MicroBatchExecution.$anonfun$constructNextBatch$4(MicroBatchExecution.scala:491)
[2025-10-31T23:25:09.233+0700] {subprocess.py:93} INFO - 	at org.apache.spark.sql.execution.streaming.ProgressReporter.reportTimeTaken(ProgressReporter.scala:427)
[2025-10-31T23:25:09.233+0700] {subprocess.py:93} INFO - 	at org.apache.spark.sql.execution.streaming.ProgressReporter.reportTimeTaken$(ProgressReporter.scala:425)
[2025-10-31T23:25:09.233+0700] {subprocess.py:93} INFO - 	at org.apache.spark.sql.execution.streaming.StreamExecution.reportTimeTaken(StreamExecution.scala:67)
[2025-10-31T23:25:09.234+0700] {subprocess.py:93} INFO - 	at org.apache.spark.sql.execution.streaming.MicroBatchExecution.$anonfun$constructNextBatch$2(MicroBatchExecution.scala:490)
[2025-10-31T23:25:09.234+0700] {subprocess.py:93} INFO - 	at scala.collection.TraversableLike.$anonfun$map$1(TraversableLike.scala:286)
[2025-10-31T23:25:09.234+0700] {subprocess.py:93} INFO - 	at scala.collection.Iterator.foreach(Iterator.scala:943)
[2025-10-31T23:25:09.234+0700] {subprocess.py:93} INFO - 	at scala.collection.Iterator.foreach$(Iterator.scala:943)
[2025-10-31T23:25:09.234+0700] {subprocess.py:93} INFO - 	at scala.collection.AbstractIterator.foreach(Iterator.scala:1431)
[2025-10-31T23:25:09.235+0700] {subprocess.py:93} INFO - 	at scala.collection.IterableLike.foreach(IterableLike.scala:74)
[2025-10-31T23:25:09.235+0700] {subprocess.py:93} INFO - 	at scala.collection.IterableLike.foreach$(IterableLike.scala:73)
[2025-10-31T23:25:09.235+0700] {subprocess.py:93} INFO - 	at scala.collection.AbstractIterable.foreach(Iterable.scala:56)
[2025-10-31T23:25:09.235+0700] {subprocess.py:93} INFO - 	at scala.collection.TraversableLike.map(TraversableLike.scala:286)
[2025-10-31T23:25:09.235+0700] {subprocess.py:93} INFO - 	at scala.collection.TraversableLike.map$(TraversableLike.scala:279)
[2025-10-31T23:25:09.235+0700] {subprocess.py:93} INFO - 	at scala.collection.AbstractTraversable.map(Traversable.scala:108)
[2025-10-31T23:25:09.236+0700] {subprocess.py:93} INFO - 	at org.apache.spark.sql.execution.streaming.MicroBatchExecution.$anonfun$constructNextBatch$1(MicroBatchExecution.scala:479)
[2025-10-31T23:25:09.236+0700] {subprocess.py:93} INFO - 	at scala.runtime.java8.JFunction0$mcZ$sp.apply(JFunction0$mcZ$sp.java:23)
[2025-10-31T23:25:09.236+0700] {subprocess.py:93} INFO - 	at org.apache.spark.sql.execution.streaming.MicroBatchExecution.withProgressLocked(MicroBatchExecution.scala:810)
[2025-10-31T23:25:09.236+0700] {subprocess.py:93} INFO - 	at org.apache.spark.sql.execution.streaming.MicroBatchExecution.constructNextBatch(MicroBatchExecution.scala:475)
[2025-10-31T23:25:09.237+0700] {subprocess.py:93} INFO - 	at org.apache.spark.sql.execution.streaming.MicroBatchExecution.$anonfun$runActivatedStream$2(MicroBatchExecution.scala:268)
[2025-10-31T23:25:09.237+0700] {subprocess.py:93} INFO - 	at scala.runtime.java8.JFunction0$mcV$sp.apply(JFunction0$mcV$sp.java:23)
[2025-10-31T23:25:09.237+0700] {subprocess.py:93} INFO - 	at org.apache.spark.sql.execution.streaming.ProgressReporter.reportTimeTaken(ProgressReporter.scala:427)
[2025-10-31T23:25:09.237+0700] {subprocess.py:93} INFO - 	at org.apache.spark.sql.execution.streaming.ProgressReporter.reportTimeTaken$(ProgressReporter.scala:425)
[2025-10-31T23:25:09.237+0700] {subprocess.py:93} INFO - 	at org.apache.spark.sql.execution.streaming.StreamExecution.reportTimeTaken(StreamExecution.scala:67)
[2025-10-31T23:25:09.237+0700] {subprocess.py:93} INFO - 	at org.apache.spark.sql.execution.streaming.MicroBatchExecution.$anonfun$runActivatedStream$1(MicroBatchExecution.scala:249)
[2025-10-31T23:25:09.238+0700] {subprocess.py:93} INFO - 	at org.apache.spark.sql.execution.streaming.ProcessingTimeExecutor.execute(TriggerExecutor.scala:67)
[2025-10-31T23:25:09.238+0700] {subprocess.py:93} INFO - 	at org.apache.spark.sql.execution.streaming.MicroBatchExecution.runActivatedStream(MicroBatchExecution.scala:239)
[2025-10-31T23:25:09.238+0700] {subprocess.py:93} INFO - 	at org.apache.spark.sql.execution.streaming.StreamExecution.$anonfun$runStream$1(StreamExecution.scala:311)
[2025-10-31T23:25:09.238+0700] {subprocess.py:93} INFO - 	at scala.runtime.java8.JFunction0$mcV$sp.apply(JFunction0$mcV$sp.java:23)
[2025-10-31T23:25:09.238+0700] {subprocess.py:93} INFO - 	at org.apache.spark.sql.SparkSession.withActive(SparkSession.scala:900)
[2025-10-31T23:25:09.238+0700] {subprocess.py:93} INFO - 	at org.apache.spark.sql.execution.streaming.StreamExecution.org$apache$spark$sql$execution$streaming$StreamExecution$$runStream(StreamExecution.scala:289)
[2025-10-31T23:25:09.239+0700] {subprocess.py:93} INFO - 	at org.apache.spark.sql.execution.streaming.StreamExecution$$anon$1.$anonfun$run$1(StreamExecution.scala:211)
[2025-10-31T23:25:09.239+0700] {subprocess.py:93} INFO - 	at scala.runtime.java8.JFunction0$mcV$sp.apply(JFunction0$mcV$sp.java:23)
[2025-10-31T23:25:09.239+0700] {subprocess.py:93} INFO - 	at org.apache.spark.JobArtifactSet$.withActiveJobArtifactState(JobArtifactSet.scala:94)
[2025-10-31T23:25:09.239+0700] {subprocess.py:93} INFO - 	at org.apache.spark.sql.execution.streaming.StreamExecution$$anon$1.run(StreamExecution.scala:211)
[2025-10-31T23:25:09.239+0700] {subprocess.py:93} INFO - Caused by: org.apache.kafka.common.errors.UnknownTopicOrPartitionException: This server does not host this topic-partition.
[2025-10-31T23:25:09.305+0700] {subprocess.py:93} INFO - Traceback (most recent call last):
[2025-10-31T23:25:09.305+0700] {subprocess.py:93} INFO -   File "/opt/***/projects/absa_streaming/scripts/consumer_postgres_streaming.py", line 178, in <module>
[2025-10-31T23:25:09.306+0700] {subprocess.py:93} INFO -     query.awaitTermination()
[2025-10-31T23:25:09.306+0700] {subprocess.py:93} INFO -   File "/home/***/.local/lib/python3.12/site-packages/pyspark/python/lib/pyspark.zip/pyspark/sql/streaming/query.py", line 221, in awaitTermination
[2025-10-31T23:25:09.307+0700] {subprocess.py:93} INFO -   File "/home/***/.local/lib/python3.12/site-packages/pyspark/python/lib/py4j-0.10.9.7-src.zip/py4j/java_gateway.py", line 1322, in __call__
[2025-10-31T23:25:09.307+0700] {subprocess.py:93} INFO -   File "/home/***/.local/lib/python3.12/site-packages/pyspark/python/lib/pyspark.zip/pyspark/errors/exceptions/captured.py", line 185, in deco
[2025-10-31T23:25:09.310+0700] {subprocess.py:93} INFO - pyspark.errors.exceptions.captured.StreamingQueryException: [STREAM_FAILED] Query [id = b5db2d9a-7e20-45c0-a20a-ee6a80553d5b, runId = aa6fdf91-2ef5-40df-8e8c-1be2896f1f24] terminated with exception: org.apache.kafka.common.errors.UnknownTopicOrPartitionException: This server does not host this topic-partition.
[2025-10-31T23:25:09.859+0700] {subprocess.py:97} INFO - Command exited with return code 1
[2025-10-31T23:25:09.860+0700] {taskinstance.py:441} INFO - ::group::Post task execution logs
[2025-10-31T23:25:09.873+0700] {taskinstance.py:2890} ERROR - Task failed with exception
Traceback (most recent call last):
  File "/home/airflow/.local/lib/python3.12/site-packages/airflow/models/taskinstance.py", line 460, in _execute_task
    result = _execute_callable(context=context, **execute_callable_kwargs)
             ^^^^^^^^^^^^^^^^^^^^^^^^^^^^^^^^^^^^^^^^^^^^^^^^^^^^^^^^^^^^^
  File "/home/airflow/.local/lib/python3.12/site-packages/airflow/models/taskinstance.py", line 432, in _execute_callable
    return execute_callable(context=context, **execute_callable_kwargs)
           ^^^^^^^^^^^^^^^^^^^^^^^^^^^^^^^^^^^^^^^^^^^^^^^^^^^^^^^^^^^^
  File "/home/airflow/.local/lib/python3.12/site-packages/airflow/models/baseoperator.py", line 400, in wrapper
    return func(self, *args, **kwargs)
           ^^^^^^^^^^^^^^^^^^^^^^^^^^^
  File "/home/airflow/.local/lib/python3.12/site-packages/airflow/operators/bash.py", line 243, in execute
    raise AirflowException(
airflow.exceptions.AirflowException: Bash command failed. The command returned a non-zero exit code 1.
[2025-10-31T23:25:09.878+0700] {taskinstance.py:1205} INFO - Marking task as FAILED. dag_id=absa_streaming_lifecycle_full, task_id=deploy_consumer, execution_date=20251031T150000, start_date=20251031T162500, end_date=20251031T162509
[2025-10-31T23:25:09.890+0700] {standard_task_runner.py:110} ERROR - Failed to execute job 481 for task deploy_consumer (Bash command failed. The command returned a non-zero exit code 1.; 3625)
[2025-10-31T23:25:09.958+0700] {local_task_job_runner.py:240} INFO - Task exited with return code 1
[2025-10-31T23:25:09.976+0700] {taskinstance.py:3482} INFO - 0 downstream tasks scheduled from follow-on schedule check
[2025-10-31T23:25:09.977+0700] {local_task_job_runner.py:222} INFO - ::endgroup::
