[2025-10-31T23:02:02.438+0700] {local_task_job_runner.py:120} INFO - ::group::Pre task execution logs
[2025-10-31T23:02:02.469+0700] {taskinstance.py:2073} INFO - Dependencies all met for dep_context=non-requeueable deps ti=<TaskInstance: vehicle_pipeline_new_dag.start_vehicle_consumer scheduled__2025-10-31T15:00:00+00:00 [queued]>
[2025-10-31T23:02:02.474+0700] {taskinstance.py:2073} INFO - Dependencies all met for dep_context=requeueable deps ti=<TaskInstance: vehicle_pipeline_new_dag.start_vehicle_consumer scheduled__2025-10-31T15:00:00+00:00 [queued]>
[2025-10-31T23:02:02.474+0700] {taskinstance.py:2303} INFO - Starting attempt 2 of 3
[2025-10-31T23:02:02.484+0700] {taskinstance.py:2327} INFO - Executing <Task(BashOperator): start_vehicle_consumer> on 2025-10-31 15:00:00+00:00
[2025-10-31T23:02:02.501+0700] {warnings.py:110} WARNING - /home/***/.local/lib/python3.12/site-packages/***/task/task_runner/standard_task_runner.py:61: DeprecationWarning: This process (pid=1936) is multi-threaded, use of fork() may lead to deadlocks in the child.
  pid = os.fork()

[2025-10-31T23:02:02.507+0700] {standard_task_runner.py:63} INFO - Started process 1948 to run task
[2025-10-31T23:02:02.509+0700] {standard_task_runner.py:90} INFO - Running: ['***', 'tasks', 'run', 'vehicle_pipeline_new_dag', 'start_vehicle_consumer', 'scheduled__2025-10-31T15:00:00+00:00', '--job-id', '403', '--raw', '--subdir', 'DAGS_FOLDER/vehicel_pipeline_new_dag.py', '--cfg-path', '/tmp/tmpgscjbypu']
[2025-10-31T23:02:02.517+0700] {standard_task_runner.py:91} INFO - Job 403: Subtask start_vehicle_consumer
[2025-10-31T23:02:02.620+0700] {task_command.py:426} INFO - Running <TaskInstance: vehicle_pipeline_new_dag.start_vehicle_consumer scheduled__2025-10-31T15:00:00+00:00 [running]> on host f7bb1ad77e89
[2025-10-31T23:02:02.691+0700] {taskinstance.py:2644} INFO - Exporting env vars: AIRFLOW_CTX_DAG_OWNER='***' AIRFLOW_CTX_DAG_ID='vehicle_pipeline_new_dag' AIRFLOW_CTX_TASK_ID='start_vehicle_consumer' AIRFLOW_CTX_EXECUTION_DATE='2025-10-31T15:00:00+00:00' AIRFLOW_CTX_TRY_NUMBER='2' AIRFLOW_CTX_DAG_RUN_ID='scheduled__2025-10-31T15:00:00+00:00'
[2025-10-31T23:02:02.692+0700] {taskinstance.py:430} INFO - ::endgroup::
[2025-10-31T23:02:02.693+0700] {subprocess.py:63} INFO - Tmp dir root location: /tmp
[2025-10-31T23:02:02.694+0700] {subprocess.py:75} INFO - Running command: ['/usr/bin/bash', '-c', 'bash -c "timeout 45m /opt/***/projects/vehicle_count/scripts/run_consumer.sh"']
[2025-10-31T23:02:02.704+0700] {subprocess.py:86} INFO - Output:
[2025-10-31T23:02:02.711+0700] {subprocess.py:93} INFO - timeout: failed to run command ‘/opt/***/projects/vehicle_count/scripts/run_consumer.sh’: Permission denied
[2025-10-31T23:02:02.712+0700] {subprocess.py:97} INFO - Command exited with return code 126
[2025-10-31T23:02:02.712+0700] {taskinstance.py:441} INFO - ::group::Post task execution logs
[2025-10-31T23:02:02.723+0700] {taskinstance.py:2890} ERROR - Task failed with exception
Traceback (most recent call last):
  File "/home/airflow/.local/lib/python3.12/site-packages/airflow/models/taskinstance.py", line 460, in _execute_task
    result = _execute_callable(context=context, **execute_callable_kwargs)
             ^^^^^^^^^^^^^^^^^^^^^^^^^^^^^^^^^^^^^^^^^^^^^^^^^^^^^^^^^^^^^
  File "/home/airflow/.local/lib/python3.12/site-packages/airflow/models/taskinstance.py", line 432, in _execute_callable
    return execute_callable(context=context, **execute_callable_kwargs)
           ^^^^^^^^^^^^^^^^^^^^^^^^^^^^^^^^^^^^^^^^^^^^^^^^^^^^^^^^^^^^
  File "/home/airflow/.local/lib/python3.12/site-packages/airflow/models/baseoperator.py", line 400, in wrapper
    return func(self, *args, **kwargs)
           ^^^^^^^^^^^^^^^^^^^^^^^^^^^
  File "/home/airflow/.local/lib/python3.12/site-packages/airflow/operators/bash.py", line 243, in execute
    raise AirflowException(
airflow.exceptions.AirflowException: Bash command failed. The command returned a non-zero exit code 126.
[2025-10-31T23:02:02.726+0700] {taskinstance.py:1205} INFO - Marking task as UP_FOR_RETRY. dag_id=vehicle_pipeline_new_dag, task_id=start_vehicle_consumer, execution_date=20251031T150000, start_date=20251031T160202, end_date=20251031T160202
[2025-10-31T23:02:02.733+0700] {standard_task_runner.py:110} ERROR - Failed to execute job 403 for task start_vehicle_consumer (Bash command failed. The command returned a non-zero exit code 126.; 1948)
[2025-10-31T23:02:02.763+0700] {local_task_job_runner.py:240} INFO - Task exited with return code 1
[2025-10-31T23:02:02.780+0700] {taskinstance.py:3482} INFO - 0 downstream tasks scheduled from follow-on schedule check
[2025-10-31T23:02:02.781+0700] {local_task_job_runner.py:222} INFO - ::endgroup::
[2025-10-31T23:22:32.255+0700] {local_task_job_runner.py:120} INFO - ::group::Pre task execution logs
[2025-10-31T23:22:32.270+0700] {taskinstance.py:2073} INFO - Dependencies all met for dep_context=non-requeueable deps ti=<TaskInstance: vehicle_pipeline_new_dag.start_vehicle_consumer scheduled__2025-10-31T15:00:00+00:00 [queued]>
[2025-10-31T23:22:32.274+0700] {taskinstance.py:2073} INFO - Dependencies all met for dep_context=requeueable deps ti=<TaskInstance: vehicle_pipeline_new_dag.start_vehicle_consumer scheduled__2025-10-31T15:00:00+00:00 [queued]>
[2025-10-31T23:22:32.274+0700] {taskinstance.py:2303} INFO - Starting attempt 2 of 3
[2025-10-31T23:22:32.281+0700] {taskinstance.py:2327} INFO - Executing <Task(BashOperator): start_vehicle_consumer> on 2025-10-31 15:00:00+00:00
[2025-10-31T23:22:32.287+0700] {warnings.py:110} WARNING - /home/***/.local/lib/python3.12/site-packages/***/task/task_runner/standard_task_runner.py:61: DeprecationWarning: This process (pid=2850) is multi-threaded, use of fork() may lead to deadlocks in the child.
  pid = os.fork()

[2025-10-31T23:22:32.288+0700] {standard_task_runner.py:63} INFO - Started process 2863 to run task
[2025-10-31T23:22:32.290+0700] {standard_task_runner.py:90} INFO - Running: ['***', 'tasks', 'run', 'vehicle_pipeline_new_dag', 'start_vehicle_consumer', 'scheduled__2025-10-31T15:00:00+00:00', '--job-id', '461', '--raw', '--subdir', 'DAGS_FOLDER/vehicel_pipeline_new_dag.py', '--cfg-path', '/tmp/tmp9zmfjo3o']
[2025-10-31T23:22:32.292+0700] {standard_task_runner.py:91} INFO - Job 461: Subtask start_vehicle_consumer
[2025-10-31T23:22:32.340+0700] {task_command.py:426} INFO - Running <TaskInstance: vehicle_pipeline_new_dag.start_vehicle_consumer scheduled__2025-10-31T15:00:00+00:00 [running]> on host f7bb1ad77e89
[2025-10-31T23:22:32.403+0700] {taskinstance.py:2644} INFO - Exporting env vars: AIRFLOW_CTX_DAG_OWNER='***' AIRFLOW_CTX_DAG_ID='vehicle_pipeline_new_dag' AIRFLOW_CTX_TASK_ID='start_vehicle_consumer' AIRFLOW_CTX_EXECUTION_DATE='2025-10-31T15:00:00+00:00' AIRFLOW_CTX_TRY_NUMBER='2' AIRFLOW_CTX_DAG_RUN_ID='scheduled__2025-10-31T15:00:00+00:00'
[2025-10-31T23:22:32.405+0700] {taskinstance.py:430} INFO - ::endgroup::
[2025-10-31T23:22:32.405+0700] {subprocess.py:63} INFO - Tmp dir root location: /tmp
[2025-10-31T23:22:32.406+0700] {subprocess.py:75} INFO - Running command: ['/usr/bin/bash', '-c', 'bash -c "timeout 45m /opt/***/projects/vehicle_count/scripts/run_consumer.sh"']
[2025-10-31T23:22:32.416+0700] {subprocess.py:86} INFO - Output:
[2025-10-31T23:22:32.422+0700] {subprocess.py:93} INFO - timeout: failed to run command ‘/opt/***/projects/vehicle_count/scripts/run_consumer.sh’: Permission denied
[2025-10-31T23:22:32.423+0700] {subprocess.py:97} INFO - Command exited with return code 126
[2025-10-31T23:22:32.423+0700] {taskinstance.py:441} INFO - ::group::Post task execution logs
[2025-10-31T23:22:32.434+0700] {taskinstance.py:2890} ERROR - Task failed with exception
Traceback (most recent call last):
  File "/home/airflow/.local/lib/python3.12/site-packages/airflow/models/taskinstance.py", line 460, in _execute_task
    result = _execute_callable(context=context, **execute_callable_kwargs)
             ^^^^^^^^^^^^^^^^^^^^^^^^^^^^^^^^^^^^^^^^^^^^^^^^^^^^^^^^^^^^^
  File "/home/airflow/.local/lib/python3.12/site-packages/airflow/models/taskinstance.py", line 432, in _execute_callable
    return execute_callable(context=context, **execute_callable_kwargs)
           ^^^^^^^^^^^^^^^^^^^^^^^^^^^^^^^^^^^^^^^^^^^^^^^^^^^^^^^^^^^^
  File "/home/airflow/.local/lib/python3.12/site-packages/airflow/models/baseoperator.py", line 400, in wrapper
    return func(self, *args, **kwargs)
           ^^^^^^^^^^^^^^^^^^^^^^^^^^^
  File "/home/airflow/.local/lib/python3.12/site-packages/airflow/operators/bash.py", line 243, in execute
    raise AirflowException(
airflow.exceptions.AirflowException: Bash command failed. The command returned a non-zero exit code 126.
[2025-10-31T23:22:32.437+0700] {taskinstance.py:1205} INFO - Marking task as UP_FOR_RETRY. dag_id=vehicle_pipeline_new_dag, task_id=start_vehicle_consumer, execution_date=20251031T150000, start_date=20251031T162232, end_date=20251031T162232
[2025-10-31T23:22:32.452+0700] {standard_task_runner.py:110} ERROR - Failed to execute job 461 for task start_vehicle_consumer (Bash command failed. The command returned a non-zero exit code 126.; 2863)
[2025-10-31T23:22:32.502+0700] {local_task_job_runner.py:240} INFO - Task exited with return code 1
[2025-10-31T23:22:32.518+0700] {taskinstance.py:3482} INFO - 0 downstream tasks scheduled from follow-on schedule check
[2025-10-31T23:22:32.519+0700] {local_task_job_runner.py:222} INFO - ::endgroup::
