[2025-10-31T22:36:30.253+0700] {local_task_job_runner.py:120} INFO - ::group::Pre task execution logs
[2025-10-31T22:36:30.269+0700] {taskinstance.py:2073} INFO - Dependencies all met for dep_context=non-requeueable deps ti=<TaskInstance: absa_streaming_lifecycle_full.evaluate_model manual__2025-10-31T15:36:21.809479+00:00 [queued]>
[2025-10-31T22:36:30.273+0700] {taskinstance.py:2073} INFO - Dependencies all met for dep_context=requeueable deps ti=<TaskInstance: absa_streaming_lifecycle_full.evaluate_model manual__2025-10-31T15:36:21.809479+00:00 [queued]>
[2025-10-31T22:36:30.273+0700] {taskinstance.py:2303} INFO - Starting attempt 1 of 3
[2025-10-31T22:36:30.279+0700] {taskinstance.py:2327} INFO - Executing <Task(PythonOperator): evaluate_model> on 2025-10-31 15:36:21.809479+00:00
[2025-10-31T22:36:30.284+0700] {warnings.py:110} WARNING - /home/***/.local/lib/python3.12/site-packages/***/task/task_runner/standard_task_runner.py:61: DeprecationWarning: This process (pid=1151) is multi-threaded, use of fork() may lead to deadlocks in the child.
  pid = os.fork()

[2025-10-31T22:36:30.286+0700] {standard_task_runner.py:63} INFO - Started process 1154 to run task
[2025-10-31T22:36:30.287+0700] {standard_task_runner.py:90} INFO - Running: ['***', 'tasks', 'run', 'absa_streaming_lifecycle_full', 'evaluate_model', 'manual__2025-10-31T15:36:21.809479+00:00', '--job-id', '320', '--raw', '--subdir', 'DAGS_FOLDER/absa_streaming_lifecycle_full.py', '--cfg-path', '/tmp/tmpath85g28']
[2025-10-31T22:36:30.289+0700] {standard_task_runner.py:91} INFO - Job 320: Subtask evaluate_model
[2025-10-31T22:36:30.326+0700] {task_command.py:426} INFO - Running <TaskInstance: absa_streaming_lifecycle_full.evaluate_model manual__2025-10-31T15:36:21.809479+00:00 [running]> on host f7bb1ad77e89
[2025-10-31T22:36:30.380+0700] {taskinstance.py:2644} INFO - Exporting env vars: AIRFLOW_CTX_DAG_OWNER='***' AIRFLOW_CTX_DAG_ID='absa_streaming_lifecycle_full' AIRFLOW_CTX_TASK_ID='evaluate_model' AIRFLOW_CTX_EXECUTION_DATE='2025-10-31T15:36:21.809479+00:00' AIRFLOW_CTX_TRY_NUMBER='1' AIRFLOW_CTX_DAG_RUN_ID='manual__2025-10-31T15:36:21.809479+00:00'
[2025-10-31T22:36:30.381+0700] {taskinstance.py:430} INFO - ::endgroup::
[2025-10-31T22:36:30.382+0700] {logging_mixin.py:188} INFO - [Evaluate] Old model acc: 0.83, New model acc: 0.858
[2025-10-31T22:36:30.382+0700] {logging_mixin.py:188} INFO - [Evaluate] ✅ New model is better. Marking for deployment.
[2025-10-31T22:36:30.383+0700] {python.py:237} INFO - Done. Returned value was: update_model
[2025-10-31T22:36:30.383+0700] {taskinstance.py:441} INFO - ::group::Post task execution logs
[2025-10-31T22:36:30.402+0700] {taskinstance.py:1205} INFO - Marking task as SUCCESS. dag_id=absa_streaming_lifecycle_full, task_id=evaluate_model, execution_date=20251031T153621, start_date=20251031T153630, end_date=20251031T153630
[2025-10-31T22:36:30.420+0700] {local_task_job_runner.py:240} INFO - Task exited with return code 0
[2025-10-31T22:36:30.435+0700] {taskinstance.py:3482} INFO - 2 downstream tasks scheduled from follow-on schedule check
[2025-10-31T22:36:30.436+0700] {local_task_job_runner.py:222} INFO - ::endgroup::
