[2025-11-01T00:47:04.064+0700] {local_task_job_runner.py:120} INFO - ::group::Pre task execution logs
[2025-11-01T00:47:04.079+0700] {taskinstance.py:2073} INFO - Dependencies all met for dep_context=non-requeueable deps ti=<TaskInstance: absa_streaming_lifecycle_full.deploy_consumer scheduled__2025-10-31T16:00:00+00:00 [queued]>
[2025-11-01T00:47:04.084+0700] {taskinstance.py:2073} INFO - Dependencies all met for dep_context=requeueable deps ti=<TaskInstance: absa_streaming_lifecycle_full.deploy_consumer scheduled__2025-10-31T16:00:00+00:00 [queued]>
[2025-11-01T00:47:04.085+0700] {taskinstance.py:2303} INFO - Starting attempt 2 of 3
[2025-11-01T00:47:04.092+0700] {taskinstance.py:2327} INFO - Executing <Task(BashOperator): deploy_consumer> on 2025-10-31 16:00:00+00:00
[2025-11-01T00:47:04.098+0700] {warnings.py:110} WARNING - /home/***/.local/lib/python3.12/site-packages/***/task/task_runner/standard_task_runner.py:61: DeprecationWarning: This process (pid=34782) is multi-threaded, use of fork() may lead to deadlocks in the child.
  pid = os.fork()

[2025-11-01T00:47:04.100+0700] {standard_task_runner.py:63} INFO - Started process 34784 to run task
[2025-11-01T00:47:04.101+0700] {standard_task_runner.py:90} INFO - Running: ['***', 'tasks', 'run', 'absa_streaming_lifecycle_full', 'deploy_consumer', 'scheduled__2025-10-31T16:00:00+00:00', '--job-id', '533', '--raw', '--subdir', 'DAGS_FOLDER/absa_streaming_lifecycle_full.py', '--cfg-path', '/tmp/tmpxhfp3wi8']
[2025-11-01T00:47:04.103+0700] {standard_task_runner.py:91} INFO - Job 533: Subtask deploy_consumer
[2025-11-01T00:47:04.154+0700] {task_command.py:426} INFO - Running <TaskInstance: absa_streaming_lifecycle_full.deploy_consumer scheduled__2025-10-31T16:00:00+00:00 [running]> on host f7bb1ad77e89
[2025-11-01T00:47:04.220+0700] {taskinstance.py:2644} INFO - Exporting env vars: AIRFLOW_CTX_DAG_OWNER='***' AIRFLOW_CTX_DAG_ID='absa_streaming_lifecycle_full' AIRFLOW_CTX_TASK_ID='deploy_consumer' AIRFLOW_CTX_EXECUTION_DATE='2025-10-31T16:00:00+00:00' AIRFLOW_CTX_TRY_NUMBER='2' AIRFLOW_CTX_DAG_RUN_ID='scheduled__2025-10-31T16:00:00+00:00'
[2025-11-01T00:47:04.222+0700] {taskinstance.py:430} INFO - ::endgroup::
[2025-11-01T00:47:04.222+0700] {subprocess.py:63} INFO - Tmp dir root location: /tmp
[2025-11-01T00:47:04.223+0700] {subprocess.py:75} INFO - Running command: ['/usr/bin/bash', '-c', 'bash -c "timeout 45m bash /opt/***/projects/absa_streaming/scripts/run_consumer.sh"']
[2025-11-01T00:47:04.234+0700] {subprocess.py:86} INFO - Output:
[2025-11-01T00:47:04.242+0700] {subprocess.py:93} INFO - [Consumer] Starting Spark Structured Streaming job...
[2025-11-01T00:47:04.277+0700] {subprocess.py:93} INFO - /home/***/.local/lib/python3.12/site-packages/pyspark/bin/load-spark-env.sh: line 68: ps: command not found
[2025-11-01T00:47:05.259+0700] {subprocess.py:93} INFO - :: loading settings :: url = jar:file:/home/***/.local/lib/python3.12/site-packages/pyspark/jars/ivy-2.5.1.jar!/org/apache/ivy/core/settings/ivysettings.xml
[2025-11-01T00:47:05.289+0700] {subprocess.py:93} INFO - Ivy Default Cache set to: /home/***/.ivy2/cache
[2025-11-01T00:47:05.290+0700] {subprocess.py:93} INFO - The jars for the packages stored in: /home/***/.ivy2/jars
[2025-11-01T00:47:05.291+0700] {subprocess.py:93} INFO - org.apache.spark#spark-sql-kafka-0-10_2.12 added as a dependency
[2025-11-01T00:47:05.291+0700] {subprocess.py:93} INFO - org.postgresql#postgresql added as a dependency
[2025-11-01T00:47:05.292+0700] {subprocess.py:93} INFO - :: resolving dependencies :: org.apache.spark#spark-submit-parent-6a8fce5c-25f1-4317-a5eb-32a5429cb850;1.0
[2025-11-01T00:47:05.292+0700] {subprocess.py:93} INFO - 	confs: [default]
[2025-11-01T00:47:05.373+0700] {subprocess.py:93} INFO - 	found org.apache.spark#spark-sql-kafka-0-10_2.12;3.5.1 in central
[2025-11-01T00:47:05.401+0700] {subprocess.py:93} INFO - 	found org.apache.spark#spark-token-provider-kafka-0-10_2.12;3.5.1 in central
[2025-11-01T00:47:05.413+0700] {subprocess.py:93} INFO - 	found org.apache.kafka#kafka-clients;3.4.1 in central
[2025-11-01T00:47:05.424+0700] {subprocess.py:93} INFO - 	found org.lz4#lz4-java;1.8.0 in central
[2025-11-01T00:47:05.435+0700] {subprocess.py:93} INFO - 	found org.xerial.snappy#snappy-java;1.1.10.3 in central
[2025-11-01T00:47:05.445+0700] {subprocess.py:93} INFO - 	found org.slf4j#slf4j-api;2.0.7 in central
[2025-11-01T00:47:05.458+0700] {subprocess.py:93} INFO - 	found org.apache.hadoop#hadoop-client-runtime;3.3.4 in central
[2025-11-01T00:47:05.471+0700] {subprocess.py:93} INFO - 	found org.apache.hadoop#hadoop-client-api;3.3.4 in central
[2025-11-01T00:47:05.483+0700] {subprocess.py:93} INFO - 	found commons-logging#commons-logging;1.1.3 in central
[2025-11-01T00:47:05.491+0700] {subprocess.py:93} INFO - 	found com.google.code.findbugs#jsr305;3.0.0 in spark-list
[2025-11-01T00:47:05.497+0700] {subprocess.py:93} INFO - 	found org.apache.commons#commons-pool2;2.11.1 in central
[2025-11-01T00:47:05.505+0700] {subprocess.py:93} INFO - 	found org.postgresql#postgresql;42.6.0 in central
[2025-11-01T00:47:05.510+0700] {subprocess.py:93} INFO - 	found org.checkerframework#checker-qual;3.31.0 in central
[2025-11-01T00:47:05.531+0700] {subprocess.py:93} INFO - :: resolution report :: resolve 226ms :: artifacts dl 13ms
[2025-11-01T00:47:05.531+0700] {subprocess.py:93} INFO - 	:: modules in use:
[2025-11-01T00:47:05.531+0700] {subprocess.py:93} INFO - 	com.google.code.findbugs#jsr305;3.0.0 from spark-list in [default]
[2025-11-01T00:47:05.532+0700] {subprocess.py:93} INFO - 	commons-logging#commons-logging;1.1.3 from central in [default]
[2025-11-01T00:47:05.532+0700] {subprocess.py:93} INFO - 	org.apache.commons#commons-pool2;2.11.1 from central in [default]
[2025-11-01T00:47:05.532+0700] {subprocess.py:93} INFO - 	org.apache.hadoop#hadoop-client-api;3.3.4 from central in [default]
[2025-11-01T00:47:05.533+0700] {subprocess.py:93} INFO - 	org.apache.hadoop#hadoop-client-runtime;3.3.4 from central in [default]
[2025-11-01T00:47:05.533+0700] {subprocess.py:93} INFO - 	org.apache.kafka#kafka-clients;3.4.1 from central in [default]
[2025-11-01T00:47:05.533+0700] {subprocess.py:93} INFO - 	org.apache.spark#spark-sql-kafka-0-10_2.12;3.5.1 from central in [default]
[2025-11-01T00:47:05.533+0700] {subprocess.py:93} INFO - 	org.apache.spark#spark-token-provider-kafka-0-10_2.12;3.5.1 from central in [default]
[2025-11-01T00:47:05.534+0700] {subprocess.py:93} INFO - 	org.checkerframework#checker-qual;3.31.0 from central in [default]
[2025-11-01T00:47:05.534+0700] {subprocess.py:93} INFO - 	org.lz4#lz4-java;1.8.0 from central in [default]
[2025-11-01T00:47:05.534+0700] {subprocess.py:93} INFO - 	org.postgresql#postgresql;42.6.0 from central in [default]
[2025-11-01T00:47:05.534+0700] {subprocess.py:93} INFO - 	org.slf4j#slf4j-api;2.0.7 from central in [default]
[2025-11-01T00:47:05.534+0700] {subprocess.py:93} INFO - 	org.xerial.snappy#snappy-java;1.1.10.3 from central in [default]
[2025-11-01T00:47:05.535+0700] {subprocess.py:93} INFO - 	---------------------------------------------------------------------
[2025-11-01T00:47:05.535+0700] {subprocess.py:93} INFO - 	|                  |            modules            ||   artifacts   |
[2025-11-01T00:47:05.535+0700] {subprocess.py:93} INFO - 	|       conf       | number| search|dwnlded|evicted|| number|dwnlded|
[2025-11-01T00:47:05.536+0700] {subprocess.py:93} INFO - 	---------------------------------------------------------------------
[2025-11-01T00:47:05.536+0700] {subprocess.py:93} INFO - 	|      default     |   13  |   0   |   0   |   0   ||   13  |   0   |
[2025-11-01T00:47:05.536+0700] {subprocess.py:93} INFO - 	---------------------------------------------------------------------
[2025-11-01T00:47:05.536+0700] {subprocess.py:93} INFO - :: retrieving :: org.apache.spark#spark-submit-parent-6a8fce5c-25f1-4317-a5eb-32a5429cb850
[2025-11-01T00:47:05.536+0700] {subprocess.py:93} INFO - 	confs: [default]
[2025-11-01T00:47:05.542+0700] {subprocess.py:93} INFO - 	0 artifacts copied, 13 already retrieved (0kB/6ms)
[2025-11-01T00:47:05.659+0700] {subprocess.py:93} INFO - 25/11/01 00:47:05 WARN NativeCodeLoader: Unable to load native-hadoop library for your platform... using builtin-java classes where applicable
[2025-11-01T00:47:08.077+0700] {subprocess.py:93} INFO - 25/11/01 00:47:08 INFO SparkContext: Running Spark version 3.5.1
[2025-11-01T00:47:08.078+0700] {subprocess.py:93} INFO - 25/11/01 00:47:08 INFO SparkContext: OS info Linux, 5.15.49-linuxkit, aarch64
[2025-11-01T00:47:08.078+0700] {subprocess.py:93} INFO - 25/11/01 00:47:08 INFO SparkContext: Java version 17.0.17
[2025-11-01T00:47:08.088+0700] {subprocess.py:93} INFO - 25/11/01 00:47:08 INFO ResourceUtils: ==============================================================
[2025-11-01T00:47:08.088+0700] {subprocess.py:93} INFO - 25/11/01 00:47:08 INFO ResourceUtils: No custom resources configured for spark.driver.
[2025-11-01T00:47:08.088+0700] {subprocess.py:93} INFO - 25/11/01 00:47:08 INFO ResourceUtils: ==============================================================
[2025-11-01T00:47:08.088+0700] {subprocess.py:93} INFO - 25/11/01 00:47:08 INFO SparkContext: Submitted application: Kafka_ABSA_Postgres_PhoBERT
[2025-11-01T00:47:08.101+0700] {subprocess.py:93} INFO - 25/11/01 00:47:08 INFO ResourceProfile: Default ResourceProfile created, executor resources: Map(cores -> name: cores, amount: 1, script: , vendor: , memory -> name: memory, amount: 4096, script: , vendor: , offHeap -> name: offHeap, amount: 0, script: , vendor: ), task resources: Map(cpus -> name: cpus, amount: 1.0)
[2025-11-01T00:47:08.106+0700] {subprocess.py:93} INFO - 25/11/01 00:47:08 INFO ResourceProfile: Limiting resource is cpus at 1 tasks per executor
[2025-11-01T00:47:08.107+0700] {subprocess.py:93} INFO - 25/11/01 00:47:08 INFO ResourceProfileManager: Added ResourceProfile id: 0
[2025-11-01T00:47:08.134+0700] {subprocess.py:93} INFO - 25/11/01 00:47:08 INFO SecurityManager: Changing view acls to: ***
[2025-11-01T00:47:08.134+0700] {subprocess.py:93} INFO - 25/11/01 00:47:08 INFO SecurityManager: Changing modify acls to: ***
[2025-11-01T00:47:08.134+0700] {subprocess.py:93} INFO - 25/11/01 00:47:08 INFO SecurityManager: Changing view acls groups to:
[2025-11-01T00:47:08.135+0700] {subprocess.py:93} INFO - 25/11/01 00:47:08 INFO SecurityManager: Changing modify acls groups to:
[2025-11-01T00:47:08.135+0700] {subprocess.py:93} INFO - 25/11/01 00:47:08 INFO SecurityManager: SecurityManager: authentication disabled; ui acls disabled; users with view permissions: ***; groups with view permissions: EMPTY; users with modify permissions: ***; groups with modify permissions: EMPTY
[2025-11-01T00:47:08.233+0700] {subprocess.py:93} INFO - 25/11/01 00:47:08 INFO Utils: Successfully started service 'sparkDriver' on port 36619.
[2025-11-01T00:47:08.251+0700] {subprocess.py:93} INFO - 25/11/01 00:47:08 INFO SparkEnv: Registering MapOutputTracker
[2025-11-01T00:47:08.272+0700] {subprocess.py:93} INFO - 25/11/01 00:47:08 INFO SparkEnv: Registering BlockManagerMaster
[2025-11-01T00:47:08.282+0700] {subprocess.py:93} INFO - 25/11/01 00:47:08 INFO BlockManagerMasterEndpoint: Using org.apache.spark.storage.DefaultTopologyMapper for getting topology information
[2025-11-01T00:47:08.283+0700] {subprocess.py:93} INFO - 25/11/01 00:47:08 INFO BlockManagerMasterEndpoint: BlockManagerMasterEndpoint up
[2025-11-01T00:47:08.285+0700] {subprocess.py:93} INFO - 25/11/01 00:47:08 INFO SparkEnv: Registering BlockManagerMasterHeartbeat
[2025-11-01T00:47:08.298+0700] {subprocess.py:93} INFO - 25/11/01 00:47:08 INFO DiskBlockManager: Created local directory at /tmp/blockmgr-44a4c57c-cadd-4c76-8082-0d84940fa0fd
[2025-11-01T00:47:08.306+0700] {subprocess.py:93} INFO - 25/11/01 00:47:08 INFO MemoryStore: MemoryStore started with capacity 434.4 MiB
[2025-11-01T00:47:08.313+0700] {subprocess.py:93} INFO - 25/11/01 00:47:08 INFO SparkEnv: Registering OutputCommitCoordinator
[2025-11-01T00:47:08.372+0700] {subprocess.py:93} INFO - 25/11/01 00:47:08 INFO JettyUtils: Start Jetty 0.0.0.0:4040 for SparkUI
[2025-11-01T00:47:08.400+0700] {subprocess.py:93} INFO - 25/11/01 00:47:08 WARN Utils: Service 'SparkUI' could not bind on port 4040. Attempting port 4041.
[2025-11-01T00:47:08.403+0700] {subprocess.py:93} INFO - 25/11/01 00:47:08 INFO Utils: Successfully started service 'SparkUI' on port 4041.
[2025-11-01T00:47:08.419+0700] {subprocess.py:93} INFO - 25/11/01 00:47:08 INFO SparkContext: Added JAR file:///home/***/.ivy2/jars/org.apache.spark_spark-sql-kafka-0-10_2.12-3.5.1.jar at spark://f7bb1ad77e89:36619/jars/org.apache.spark_spark-sql-kafka-0-10_2.12-3.5.1.jar with timestamp 1761932828074
[2025-11-01T00:47:08.420+0700] {subprocess.py:93} INFO - 25/11/01 00:47:08 INFO SparkContext: Added JAR file:///home/***/.ivy2/jars/org.postgresql_postgresql-42.6.0.jar at spark://f7bb1ad77e89:36619/jars/org.postgresql_postgresql-42.6.0.jar with timestamp 1761932828074
[2025-11-01T00:47:08.420+0700] {subprocess.py:93} INFO - 25/11/01 00:47:08 INFO SparkContext: Added JAR file:///home/***/.ivy2/jars/org.apache.spark_spark-token-provider-kafka-0-10_2.12-3.5.1.jar at spark://f7bb1ad77e89:36619/jars/org.apache.spark_spark-token-provider-kafka-0-10_2.12-3.5.1.jar with timestamp 1761932828074
[2025-11-01T00:47:08.420+0700] {subprocess.py:93} INFO - 25/11/01 00:47:08 INFO SparkContext: Added JAR file:///home/***/.ivy2/jars/org.apache.kafka_kafka-clients-3.4.1.jar at spark://f7bb1ad77e89:36619/jars/org.apache.kafka_kafka-clients-3.4.1.jar with timestamp 1761932828074
[2025-11-01T00:47:08.420+0700] {subprocess.py:93} INFO - 25/11/01 00:47:08 INFO SparkContext: Added JAR file:///home/***/.ivy2/jars/com.google.code.findbugs_jsr305-3.0.0.jar at spark://f7bb1ad77e89:36619/jars/com.google.code.findbugs_jsr305-3.0.0.jar with timestamp 1761932828074
[2025-11-01T00:47:08.421+0700] {subprocess.py:93} INFO - 25/11/01 00:47:08 INFO SparkContext: Added JAR file:///home/***/.ivy2/jars/org.apache.commons_commons-pool2-2.11.1.jar at spark://f7bb1ad77e89:36619/jars/org.apache.commons_commons-pool2-2.11.1.jar with timestamp 1761932828074
[2025-11-01T00:47:08.421+0700] {subprocess.py:93} INFO - 25/11/01 00:47:08 INFO SparkContext: Added JAR file:///home/***/.ivy2/jars/org.apache.hadoop_hadoop-client-runtime-3.3.4.jar at spark://f7bb1ad77e89:36619/jars/org.apache.hadoop_hadoop-client-runtime-3.3.4.jar with timestamp 1761932828074
[2025-11-01T00:47:08.421+0700] {subprocess.py:93} INFO - 25/11/01 00:47:08 INFO SparkContext: Added JAR file:///home/***/.ivy2/jars/org.lz4_lz4-java-1.8.0.jar at spark://f7bb1ad77e89:36619/jars/org.lz4_lz4-java-1.8.0.jar with timestamp 1761932828074
[2025-11-01T00:47:08.421+0700] {subprocess.py:93} INFO - 25/11/01 00:47:08 INFO SparkContext: Added JAR file:///home/***/.ivy2/jars/org.xerial.snappy_snappy-java-1.1.10.3.jar at spark://f7bb1ad77e89:36619/jars/org.xerial.snappy_snappy-java-1.1.10.3.jar with timestamp 1761932828074
[2025-11-01T00:47:08.422+0700] {subprocess.py:93} INFO - 25/11/01 00:47:08 INFO SparkContext: Added JAR file:///home/***/.ivy2/jars/org.slf4j_slf4j-api-2.0.7.jar at spark://f7bb1ad77e89:36619/jars/org.slf4j_slf4j-api-2.0.7.jar with timestamp 1761932828074
[2025-11-01T00:47:08.422+0700] {subprocess.py:93} INFO - 25/11/01 00:47:08 INFO SparkContext: Added JAR file:///home/***/.ivy2/jars/org.apache.hadoop_hadoop-client-api-3.3.4.jar at spark://f7bb1ad77e89:36619/jars/org.apache.hadoop_hadoop-client-api-3.3.4.jar with timestamp 1761932828074
[2025-11-01T00:47:08.422+0700] {subprocess.py:93} INFO - 25/11/01 00:47:08 INFO SparkContext: Added JAR file:///home/***/.ivy2/jars/commons-logging_commons-logging-1.1.3.jar at spark://f7bb1ad77e89:36619/jars/commons-logging_commons-logging-1.1.3.jar with timestamp 1761932828074
[2025-11-01T00:47:08.422+0700] {subprocess.py:93} INFO - 25/11/01 00:47:08 INFO SparkContext: Added JAR file:///home/***/.ivy2/jars/org.checkerframework_checker-qual-3.31.0.jar at spark://f7bb1ad77e89:36619/jars/org.checkerframework_checker-qual-3.31.0.jar with timestamp 1761932828074
[2025-11-01T00:47:08.423+0700] {subprocess.py:93} INFO - 25/11/01 00:47:08 INFO SparkContext: Added file file:///home/***/.ivy2/jars/org.apache.spark_spark-sql-kafka-0-10_2.12-3.5.1.jar at file:///home/***/.ivy2/jars/org.apache.spark_spark-sql-kafka-0-10_2.12-3.5.1.jar with timestamp 1761932828074
[2025-11-01T00:47:08.423+0700] {subprocess.py:93} INFO - 25/11/01 00:47:08 INFO Utils: Copying /home/***/.ivy2/jars/org.apache.spark_spark-sql-kafka-0-10_2.12-3.5.1.jar to /tmp/spark-3bcaa9cc-ec36-4961-bc8d-db8c21633977/userFiles-4e0f64e2-a21f-4faa-8c60-0f3540d6de30/org.apache.spark_spark-sql-kafka-0-10_2.12-3.5.1.jar
[2025-11-01T00:47:08.432+0700] {subprocess.py:93} INFO - 25/11/01 00:47:08 INFO SparkContext: Added file file:///home/***/.ivy2/jars/org.postgresql_postgresql-42.6.0.jar at file:///home/***/.ivy2/jars/org.postgresql_postgresql-42.6.0.jar with timestamp 1761932828074
[2025-11-01T00:47:08.433+0700] {subprocess.py:93} INFO - 25/11/01 00:47:08 INFO Utils: Copying /home/***/.ivy2/jars/org.postgresql_postgresql-42.6.0.jar to /tmp/spark-3bcaa9cc-ec36-4961-bc8d-db8c21633977/userFiles-4e0f64e2-a21f-4faa-8c60-0f3540d6de30/org.postgresql_postgresql-42.6.0.jar
[2025-11-01T00:47:08.439+0700] {subprocess.py:93} INFO - 25/11/01 00:47:08 INFO SparkContext: Added file file:///home/***/.ivy2/jars/org.apache.spark_spark-token-provider-kafka-0-10_2.12-3.5.1.jar at file:///home/***/.ivy2/jars/org.apache.spark_spark-token-provider-kafka-0-10_2.12-3.5.1.jar with timestamp 1761932828074
[2025-11-01T00:47:08.440+0700] {subprocess.py:93} INFO - 25/11/01 00:47:08 INFO Utils: Copying /home/***/.ivy2/jars/org.apache.spark_spark-token-provider-kafka-0-10_2.12-3.5.1.jar to /tmp/spark-3bcaa9cc-ec36-4961-bc8d-db8c21633977/userFiles-4e0f64e2-a21f-4faa-8c60-0f3540d6de30/org.apache.spark_spark-token-provider-kafka-0-10_2.12-3.5.1.jar
[2025-11-01T00:47:08.444+0700] {subprocess.py:93} INFO - 25/11/01 00:47:08 INFO SparkContext: Added file file:///home/***/.ivy2/jars/org.apache.kafka_kafka-clients-3.4.1.jar at file:///home/***/.ivy2/jars/org.apache.kafka_kafka-clients-3.4.1.jar with timestamp 1761932828074
[2025-11-01T00:47:08.445+0700] {subprocess.py:93} INFO - 25/11/01 00:47:08 INFO Utils: Copying /home/***/.ivy2/jars/org.apache.kafka_kafka-clients-3.4.1.jar to /tmp/spark-3bcaa9cc-ec36-4961-bc8d-db8c21633977/userFiles-4e0f64e2-a21f-4faa-8c60-0f3540d6de30/org.apache.kafka_kafka-clients-3.4.1.jar
[2025-11-01T00:47:08.460+0700] {subprocess.py:93} INFO - 25/11/01 00:47:08 INFO SparkContext: Added file file:///home/***/.ivy2/jars/com.google.code.findbugs_jsr305-3.0.0.jar at file:///home/***/.ivy2/jars/com.google.code.findbugs_jsr305-3.0.0.jar with timestamp 1761932828074
[2025-11-01T00:47:08.461+0700] {subprocess.py:93} INFO - 25/11/01 00:47:08 INFO Utils: Copying /home/***/.ivy2/jars/com.google.code.findbugs_jsr305-3.0.0.jar to /tmp/spark-3bcaa9cc-ec36-4961-bc8d-db8c21633977/userFiles-4e0f64e2-a21f-4faa-8c60-0f3540d6de30/com.google.code.findbugs_jsr305-3.0.0.jar
[2025-11-01T00:47:08.464+0700] {subprocess.py:93} INFO - 25/11/01 00:47:08 INFO SparkContext: Added file file:///home/***/.ivy2/jars/org.apache.commons_commons-pool2-2.11.1.jar at file:///home/***/.ivy2/jars/org.apache.commons_commons-pool2-2.11.1.jar with timestamp 1761932828074
[2025-11-01T00:47:08.465+0700] {subprocess.py:93} INFO - 25/11/01 00:47:08 INFO Utils: Copying /home/***/.ivy2/jars/org.apache.commons_commons-pool2-2.11.1.jar to /tmp/spark-3bcaa9cc-ec36-4961-bc8d-db8c21633977/userFiles-4e0f64e2-a21f-4faa-8c60-0f3540d6de30/org.apache.commons_commons-pool2-2.11.1.jar
[2025-11-01T00:47:08.470+0700] {subprocess.py:93} INFO - 25/11/01 00:47:08 INFO SparkContext: Added file file:///home/***/.ivy2/jars/org.apache.hadoop_hadoop-client-runtime-3.3.4.jar at file:///home/***/.ivy2/jars/org.apache.hadoop_hadoop-client-runtime-3.3.4.jar with timestamp 1761932828074
[2025-11-01T00:47:08.470+0700] {subprocess.py:93} INFO - 25/11/01 00:47:08 INFO Utils: Copying /home/***/.ivy2/jars/org.apache.hadoop_hadoop-client-runtime-3.3.4.jar to /tmp/spark-3bcaa9cc-ec36-4961-bc8d-db8c21633977/userFiles-4e0f64e2-a21f-4faa-8c60-0f3540d6de30/org.apache.hadoop_hadoop-client-runtime-3.3.4.jar
[2025-11-01T00:47:08.578+0700] {subprocess.py:93} INFO - 25/11/01 00:47:08 INFO SparkContext: Added file file:///home/***/.ivy2/jars/org.lz4_lz4-java-1.8.0.jar at file:///home/***/.ivy2/jars/org.lz4_lz4-java-1.8.0.jar with timestamp 1761932828074
[2025-11-01T00:47:08.579+0700] {subprocess.py:93} INFO - 25/11/01 00:47:08 INFO Utils: Copying /home/***/.ivy2/jars/org.lz4_lz4-java-1.8.0.jar to /tmp/spark-3bcaa9cc-ec36-4961-bc8d-db8c21633977/userFiles-4e0f64e2-a21f-4faa-8c60-0f3540d6de30/org.lz4_lz4-java-1.8.0.jar
[2025-11-01T00:47:08.586+0700] {subprocess.py:93} INFO - 25/11/01 00:47:08 INFO SparkContext: Added file file:///home/***/.ivy2/jars/org.xerial.snappy_snappy-java-1.1.10.3.jar at file:///home/***/.ivy2/jars/org.xerial.snappy_snappy-java-1.1.10.3.jar with timestamp 1761932828074
[2025-11-01T00:47:08.586+0700] {subprocess.py:93} INFO - 25/11/01 00:47:08 INFO Utils: Copying /home/***/.ivy2/jars/org.xerial.snappy_snappy-java-1.1.10.3.jar to /tmp/spark-3bcaa9cc-ec36-4961-bc8d-db8c21633977/userFiles-4e0f64e2-a21f-4faa-8c60-0f3540d6de30/org.xerial.snappy_snappy-java-1.1.10.3.jar
[2025-11-01T00:47:08.596+0700] {subprocess.py:93} INFO - 25/11/01 00:47:08 INFO SparkContext: Added file file:///home/***/.ivy2/jars/org.slf4j_slf4j-api-2.0.7.jar at file:///home/***/.ivy2/jars/org.slf4j_slf4j-api-2.0.7.jar with timestamp 1761932828074
[2025-11-01T00:47:08.597+0700] {subprocess.py:93} INFO - 25/11/01 00:47:08 INFO Utils: Copying /home/***/.ivy2/jars/org.slf4j_slf4j-api-2.0.7.jar to /tmp/spark-3bcaa9cc-ec36-4961-bc8d-db8c21633977/userFiles-4e0f64e2-a21f-4faa-8c60-0f3540d6de30/org.slf4j_slf4j-api-2.0.7.jar
[2025-11-01T00:47:08.602+0700] {subprocess.py:93} INFO - 25/11/01 00:47:08 INFO SparkContext: Added file file:///home/***/.ivy2/jars/org.apache.hadoop_hadoop-client-api-3.3.4.jar at file:///home/***/.ivy2/jars/org.apache.hadoop_hadoop-client-api-3.3.4.jar with timestamp 1761932828074
[2025-11-01T00:47:08.603+0700] {subprocess.py:93} INFO - 25/11/01 00:47:08 INFO Utils: Copying /home/***/.ivy2/jars/org.apache.hadoop_hadoop-client-api-3.3.4.jar to /tmp/spark-3bcaa9cc-ec36-4961-bc8d-db8c21633977/userFiles-4e0f64e2-a21f-4faa-8c60-0f3540d6de30/org.apache.hadoop_hadoop-client-api-3.3.4.jar
[2025-11-01T00:47:08.656+0700] {subprocess.py:93} INFO - 25/11/01 00:47:08 INFO SparkContext: Added file file:///home/***/.ivy2/jars/commons-logging_commons-logging-1.1.3.jar at file:///home/***/.ivy2/jars/commons-logging_commons-logging-1.1.3.jar with timestamp 1761932828074
[2025-11-01T00:47:08.657+0700] {subprocess.py:93} INFO - 25/11/01 00:47:08 INFO Utils: Copying /home/***/.ivy2/jars/commons-logging_commons-logging-1.1.3.jar to /tmp/spark-3bcaa9cc-ec36-4961-bc8d-db8c21633977/userFiles-4e0f64e2-a21f-4faa-8c60-0f3540d6de30/commons-logging_commons-logging-1.1.3.jar
[2025-11-01T00:47:08.661+0700] {subprocess.py:93} INFO - 25/11/01 00:47:08 INFO SparkContext: Added file file:///home/***/.ivy2/jars/org.checkerframework_checker-qual-3.31.0.jar at file:///home/***/.ivy2/jars/org.checkerframework_checker-qual-3.31.0.jar with timestamp 1761932828074
[2025-11-01T00:47:08.661+0700] {subprocess.py:93} INFO - 25/11/01 00:47:08 INFO Utils: Copying /home/***/.ivy2/jars/org.checkerframework_checker-qual-3.31.0.jar to /tmp/spark-3bcaa9cc-ec36-4961-bc8d-db8c21633977/userFiles-4e0f64e2-a21f-4faa-8c60-0f3540d6de30/org.checkerframework_checker-qual-3.31.0.jar
[2025-11-01T00:47:08.691+0700] {subprocess.py:93} INFO - 25/11/01 00:47:08 INFO Executor: Starting executor ID driver on host f7bb1ad77e89
[2025-11-01T00:47:08.692+0700] {subprocess.py:93} INFO - 25/11/01 00:47:08 INFO Executor: OS info Linux, 5.15.49-linuxkit, aarch64
[2025-11-01T00:47:08.692+0700] {subprocess.py:93} INFO - 25/11/01 00:47:08 INFO Executor: Java version 17.0.17
[2025-11-01T00:47:08.694+0700] {subprocess.py:93} INFO - 25/11/01 00:47:08 INFO Executor: Starting executor with user classpath (userClassPathFirst = false): ''
[2025-11-01T00:47:08.695+0700] {subprocess.py:93} INFO - 25/11/01 00:47:08 INFO Executor: Created or updated repl class loader org.apache.spark.util.MutableURLClassLoader@6fe0ca43 for default.
[2025-11-01T00:47:08.700+0700] {subprocess.py:93} INFO - 25/11/01 00:47:08 INFO Executor: Fetching file:///home/***/.ivy2/jars/org.apache.spark_spark-sql-kafka-0-10_2.12-3.5.1.jar with timestamp 1761932828074
[2025-11-01T00:47:08.711+0700] {subprocess.py:93} INFO - 25/11/01 00:47:08 INFO Utils: /home/***/.ivy2/jars/org.apache.spark_spark-sql-kafka-0-10_2.12-3.5.1.jar has been previously copied to /tmp/spark-3bcaa9cc-ec36-4961-bc8d-db8c21633977/userFiles-4e0f64e2-a21f-4faa-8c60-0f3540d6de30/org.apache.spark_spark-sql-kafka-0-10_2.12-3.5.1.jar
[2025-11-01T00:47:08.716+0700] {subprocess.py:93} INFO - 25/11/01 00:47:08 INFO Executor: Fetching file:///home/***/.ivy2/jars/org.apache.hadoop_hadoop-client-runtime-3.3.4.jar with timestamp 1761932828074
[2025-11-01T00:47:08.736+0700] {subprocess.py:93} INFO - 25/11/01 00:47:08 INFO Utils: /home/***/.ivy2/jars/org.apache.hadoop_hadoop-client-runtime-3.3.4.jar has been previously copied to /tmp/spark-3bcaa9cc-ec36-4961-bc8d-db8c21633977/userFiles-4e0f64e2-a21f-4faa-8c60-0f3540d6de30/org.apache.hadoop_hadoop-client-runtime-3.3.4.jar
[2025-11-01T00:47:08.740+0700] {subprocess.py:93} INFO - 25/11/01 00:47:08 INFO Executor: Fetching file:///home/***/.ivy2/jars/org.apache.hadoop_hadoop-client-api-3.3.4.jar with timestamp 1761932828074
[2025-11-01T00:47:08.751+0700] {subprocess.py:93} INFO - 25/11/01 00:47:08 INFO Utils: /home/***/.ivy2/jars/org.apache.hadoop_hadoop-client-api-3.3.4.jar has been previously copied to /tmp/spark-3bcaa9cc-ec36-4961-bc8d-db8c21633977/userFiles-4e0f64e2-a21f-4faa-8c60-0f3540d6de30/org.apache.hadoop_hadoop-client-api-3.3.4.jar
[2025-11-01T00:47:08.755+0700] {subprocess.py:93} INFO - 25/11/01 00:47:08 INFO Executor: Fetching file:///home/***/.ivy2/jars/org.apache.spark_spark-token-provider-kafka-0-10_2.12-3.5.1.jar with timestamp 1761932828074
[2025-11-01T00:47:08.755+0700] {subprocess.py:93} INFO - 25/11/01 00:47:08 INFO Utils: /home/***/.ivy2/jars/org.apache.spark_spark-token-provider-kafka-0-10_2.12-3.5.1.jar has been previously copied to /tmp/spark-3bcaa9cc-ec36-4961-bc8d-db8c21633977/userFiles-4e0f64e2-a21f-4faa-8c60-0f3540d6de30/org.apache.spark_spark-token-provider-kafka-0-10_2.12-3.5.1.jar
[2025-11-01T00:47:08.759+0700] {subprocess.py:93} INFO - 25/11/01 00:47:08 INFO Executor: Fetching file:///home/***/.ivy2/jars/com.google.code.findbugs_jsr305-3.0.0.jar with timestamp 1761932828074
[2025-11-01T00:47:08.759+0700] {subprocess.py:93} INFO - 25/11/01 00:47:08 INFO Utils: /home/***/.ivy2/jars/com.google.code.findbugs_jsr305-3.0.0.jar has been previously copied to /tmp/spark-3bcaa9cc-ec36-4961-bc8d-db8c21633977/userFiles-4e0f64e2-a21f-4faa-8c60-0f3540d6de30/com.google.code.findbugs_jsr305-3.0.0.jar
[2025-11-01T00:47:08.763+0700] {subprocess.py:93} INFO - 25/11/01 00:47:08 INFO Executor: Fetching file:///home/***/.ivy2/jars/org.lz4_lz4-java-1.8.0.jar with timestamp 1761932828074
[2025-11-01T00:47:08.764+0700] {subprocess.py:93} INFO - 25/11/01 00:47:08 INFO Utils: /home/***/.ivy2/jars/org.lz4_lz4-java-1.8.0.jar has been previously copied to /tmp/spark-3bcaa9cc-ec36-4961-bc8d-db8c21633977/userFiles-4e0f64e2-a21f-4faa-8c60-0f3540d6de30/org.lz4_lz4-java-1.8.0.jar
[2025-11-01T00:47:08.768+0700] {subprocess.py:93} INFO - 25/11/01 00:47:08 INFO Executor: Fetching file:///home/***/.ivy2/jars/org.slf4j_slf4j-api-2.0.7.jar with timestamp 1761932828074
[2025-11-01T00:47:08.768+0700] {subprocess.py:93} INFO - 25/11/01 00:47:08 INFO Utils: /home/***/.ivy2/jars/org.slf4j_slf4j-api-2.0.7.jar has been previously copied to /tmp/spark-3bcaa9cc-ec36-4961-bc8d-db8c21633977/userFiles-4e0f64e2-a21f-4faa-8c60-0f3540d6de30/org.slf4j_slf4j-api-2.0.7.jar
[2025-11-01T00:47:08.773+0700] {subprocess.py:93} INFO - 25/11/01 00:47:08 INFO Executor: Fetching file:///home/***/.ivy2/jars/org.checkerframework_checker-qual-3.31.0.jar with timestamp 1761932828074
[2025-11-01T00:47:08.773+0700] {subprocess.py:93} INFO - 25/11/01 00:47:08 INFO Utils: /home/***/.ivy2/jars/org.checkerframework_checker-qual-3.31.0.jar has been previously copied to /tmp/spark-3bcaa9cc-ec36-4961-bc8d-db8c21633977/userFiles-4e0f64e2-a21f-4faa-8c60-0f3540d6de30/org.checkerframework_checker-qual-3.31.0.jar
[2025-11-01T00:47:08.778+0700] {subprocess.py:93} INFO - 25/11/01 00:47:08 INFO Executor: Fetching file:///home/***/.ivy2/jars/org.apache.commons_commons-pool2-2.11.1.jar with timestamp 1761932828074
[2025-11-01T00:47:08.778+0700] {subprocess.py:93} INFO - 25/11/01 00:47:08 INFO Utils: /home/***/.ivy2/jars/org.apache.commons_commons-pool2-2.11.1.jar has been previously copied to /tmp/spark-3bcaa9cc-ec36-4961-bc8d-db8c21633977/userFiles-4e0f64e2-a21f-4faa-8c60-0f3540d6de30/org.apache.commons_commons-pool2-2.11.1.jar
[2025-11-01T00:47:08.782+0700] {subprocess.py:93} INFO - 25/11/01 00:47:08 INFO Executor: Fetching file:///home/***/.ivy2/jars/commons-logging_commons-logging-1.1.3.jar with timestamp 1761932828074
[2025-11-01T00:47:08.782+0700] {subprocess.py:93} INFO - 25/11/01 00:47:08 INFO Utils: /home/***/.ivy2/jars/commons-logging_commons-logging-1.1.3.jar has been previously copied to /tmp/spark-3bcaa9cc-ec36-4961-bc8d-db8c21633977/userFiles-4e0f64e2-a21f-4faa-8c60-0f3540d6de30/commons-logging_commons-logging-1.1.3.jar
[2025-11-01T00:47:08.786+0700] {subprocess.py:93} INFO - 25/11/01 00:47:08 INFO Executor: Fetching file:///home/***/.ivy2/jars/org.xerial.snappy_snappy-java-1.1.10.3.jar with timestamp 1761932828074
[2025-11-01T00:47:08.787+0700] {subprocess.py:93} INFO - 25/11/01 00:47:08 INFO Utils: /home/***/.ivy2/jars/org.xerial.snappy_snappy-java-1.1.10.3.jar has been previously copied to /tmp/spark-3bcaa9cc-ec36-4961-bc8d-db8c21633977/userFiles-4e0f64e2-a21f-4faa-8c60-0f3540d6de30/org.xerial.snappy_snappy-java-1.1.10.3.jar
[2025-11-01T00:47:08.791+0700] {subprocess.py:93} INFO - 25/11/01 00:47:08 INFO Executor: Fetching file:///home/***/.ivy2/jars/org.postgresql_postgresql-42.6.0.jar with timestamp 1761932828074
[2025-11-01T00:47:08.792+0700] {subprocess.py:93} INFO - 25/11/01 00:47:08 INFO Utils: /home/***/.ivy2/jars/org.postgresql_postgresql-42.6.0.jar has been previously copied to /tmp/spark-3bcaa9cc-ec36-4961-bc8d-db8c21633977/userFiles-4e0f64e2-a21f-4faa-8c60-0f3540d6de30/org.postgresql_postgresql-42.6.0.jar
[2025-11-01T00:47:08.796+0700] {subprocess.py:93} INFO - 25/11/01 00:47:08 INFO Executor: Fetching file:///home/***/.ivy2/jars/org.apache.kafka_kafka-clients-3.4.1.jar with timestamp 1761932828074
[2025-11-01T00:47:08.799+0700] {subprocess.py:93} INFO - 25/11/01 00:47:08 INFO Utils: /home/***/.ivy2/jars/org.apache.kafka_kafka-clients-3.4.1.jar has been previously copied to /tmp/spark-3bcaa9cc-ec36-4961-bc8d-db8c21633977/userFiles-4e0f64e2-a21f-4faa-8c60-0f3540d6de30/org.apache.kafka_kafka-clients-3.4.1.jar
[2025-11-01T00:47:08.805+0700] {subprocess.py:93} INFO - 25/11/01 00:47:08 INFO Executor: Fetching spark://f7bb1ad77e89:36619/jars/org.lz4_lz4-java-1.8.0.jar with timestamp 1761932828074
[2025-11-01T00:47:08.822+0700] {subprocess.py:93} INFO - 25/11/01 00:47:08 INFO TransportClientFactory: Successfully created connection to f7bb1ad77e89/172.23.0.6:36619 after 12 ms (0 ms spent in bootstraps)
[2025-11-01T00:47:08.829+0700] {subprocess.py:93} INFO - 25/11/01 00:47:08 INFO Utils: Fetching spark://f7bb1ad77e89:36619/jars/org.lz4_lz4-java-1.8.0.jar to /tmp/spark-3bcaa9cc-ec36-4961-bc8d-db8c21633977/userFiles-4e0f64e2-a21f-4faa-8c60-0f3540d6de30/fetchFileTemp11071320648503182232.tmp
[2025-11-01T00:47:08.859+0700] {subprocess.py:93} INFO - 25/11/01 00:47:08 INFO Utils: /tmp/spark-3bcaa9cc-ec36-4961-bc8d-db8c21633977/userFiles-4e0f64e2-a21f-4faa-8c60-0f3540d6de30/fetchFileTemp11071320648503182232.tmp has been previously copied to /tmp/spark-3bcaa9cc-ec36-4961-bc8d-db8c21633977/userFiles-4e0f64e2-a21f-4faa-8c60-0f3540d6de30/org.lz4_lz4-java-1.8.0.jar
[2025-11-01T00:47:08.864+0700] {subprocess.py:93} INFO - 25/11/01 00:47:08 INFO Executor: Adding file:/tmp/spark-3bcaa9cc-ec36-4961-bc8d-db8c21633977/userFiles-4e0f64e2-a21f-4faa-8c60-0f3540d6de30/org.lz4_lz4-java-1.8.0.jar to class loader default
[2025-11-01T00:47:08.864+0700] {subprocess.py:93} INFO - 25/11/01 00:47:08 INFO Executor: Fetching spark://f7bb1ad77e89:36619/jars/org.checkerframework_checker-qual-3.31.0.jar with timestamp 1761932828074
[2025-11-01T00:47:08.864+0700] {subprocess.py:93} INFO - 25/11/01 00:47:08 INFO Utils: Fetching spark://f7bb1ad77e89:36619/jars/org.checkerframework_checker-qual-3.31.0.jar to /tmp/spark-3bcaa9cc-ec36-4961-bc8d-db8c21633977/userFiles-4e0f64e2-a21f-4faa-8c60-0f3540d6de30/fetchFileTemp14685246374888930121.tmp
[2025-11-01T00:47:08.866+0700] {subprocess.py:93} INFO - 25/11/01 00:47:08 INFO Utils: /tmp/spark-3bcaa9cc-ec36-4961-bc8d-db8c21633977/userFiles-4e0f64e2-a21f-4faa-8c60-0f3540d6de30/fetchFileTemp14685246374888930121.tmp has been previously copied to /tmp/spark-3bcaa9cc-ec36-4961-bc8d-db8c21633977/userFiles-4e0f64e2-a21f-4faa-8c60-0f3540d6de30/org.checkerframework_checker-qual-3.31.0.jar
[2025-11-01T00:47:08.870+0700] {subprocess.py:93} INFO - 25/11/01 00:47:08 INFO Executor: Adding file:/tmp/spark-3bcaa9cc-ec36-4961-bc8d-db8c21633977/userFiles-4e0f64e2-a21f-4faa-8c60-0f3540d6de30/org.checkerframework_checker-qual-3.31.0.jar to class loader default
[2025-11-01T00:47:08.870+0700] {subprocess.py:93} INFO - 25/11/01 00:47:08 INFO Executor: Fetching spark://f7bb1ad77e89:36619/jars/org.apache.hadoop_hadoop-client-api-3.3.4.jar with timestamp 1761932828074
[2025-11-01T00:47:08.870+0700] {subprocess.py:93} INFO - 25/11/01 00:47:08 INFO Utils: Fetching spark://f7bb1ad77e89:36619/jars/org.apache.hadoop_hadoop-client-api-3.3.4.jar to /tmp/spark-3bcaa9cc-ec36-4961-bc8d-db8c21633977/userFiles-4e0f64e2-a21f-4faa-8c60-0f3540d6de30/fetchFileTemp1293623633073470704.tmp
[2025-11-01T00:47:08.965+0700] {subprocess.py:93} INFO - 25/11/01 00:47:08 INFO Utils: /tmp/spark-3bcaa9cc-ec36-4961-bc8d-db8c21633977/userFiles-4e0f64e2-a21f-4faa-8c60-0f3540d6de30/fetchFileTemp1293623633073470704.tmp has been previously copied to /tmp/spark-3bcaa9cc-ec36-4961-bc8d-db8c21633977/userFiles-4e0f64e2-a21f-4faa-8c60-0f3540d6de30/org.apache.hadoop_hadoop-client-api-3.3.4.jar
[2025-11-01T00:47:08.976+0700] {subprocess.py:93} INFO - 25/11/01 00:47:08 INFO Executor: Adding file:/tmp/spark-3bcaa9cc-ec36-4961-bc8d-db8c21633977/userFiles-4e0f64e2-a21f-4faa-8c60-0f3540d6de30/org.apache.hadoop_hadoop-client-api-3.3.4.jar to class loader default
[2025-11-01T00:47:08.976+0700] {subprocess.py:93} INFO - 25/11/01 00:47:08 INFO Executor: Fetching spark://f7bb1ad77e89:36619/jars/org.xerial.snappy_snappy-java-1.1.10.3.jar with timestamp 1761932828074
[2025-11-01T00:47:08.976+0700] {subprocess.py:93} INFO - 25/11/01 00:47:08 INFO Utils: Fetching spark://f7bb1ad77e89:36619/jars/org.xerial.snappy_snappy-java-1.1.10.3.jar to /tmp/spark-3bcaa9cc-ec36-4961-bc8d-db8c21633977/userFiles-4e0f64e2-a21f-4faa-8c60-0f3540d6de30/fetchFileTemp283219047893579553.tmp
[2025-11-01T00:47:08.982+0700] {subprocess.py:93} INFO - 25/11/01 00:47:08 INFO Utils: /tmp/spark-3bcaa9cc-ec36-4961-bc8d-db8c21633977/userFiles-4e0f64e2-a21f-4faa-8c60-0f3540d6de30/fetchFileTemp283219047893579553.tmp has been previously copied to /tmp/spark-3bcaa9cc-ec36-4961-bc8d-db8c21633977/userFiles-4e0f64e2-a21f-4faa-8c60-0f3540d6de30/org.xerial.snappy_snappy-java-1.1.10.3.jar
[2025-11-01T00:47:08.986+0700] {subprocess.py:93} INFO - 25/11/01 00:47:08 INFO Executor: Adding file:/tmp/spark-3bcaa9cc-ec36-4961-bc8d-db8c21633977/userFiles-4e0f64e2-a21f-4faa-8c60-0f3540d6de30/org.xerial.snappy_snappy-java-1.1.10.3.jar to class loader default
[2025-11-01T00:47:08.987+0700] {subprocess.py:93} INFO - 25/11/01 00:47:08 INFO Executor: Fetching spark://f7bb1ad77e89:36619/jars/org.apache.commons_commons-pool2-2.11.1.jar with timestamp 1761932828074
[2025-11-01T00:47:08.987+0700] {subprocess.py:93} INFO - 25/11/01 00:47:08 INFO Utils: Fetching spark://f7bb1ad77e89:36619/jars/org.apache.commons_commons-pool2-2.11.1.jar to /tmp/spark-3bcaa9cc-ec36-4961-bc8d-db8c21633977/userFiles-4e0f64e2-a21f-4faa-8c60-0f3540d6de30/fetchFileTemp9812215046572588033.tmp
[2025-11-01T00:47:08.988+0700] {subprocess.py:93} INFO - 25/11/01 00:47:08 INFO Utils: /tmp/spark-3bcaa9cc-ec36-4961-bc8d-db8c21633977/userFiles-4e0f64e2-a21f-4faa-8c60-0f3540d6de30/fetchFileTemp9812215046572588033.tmp has been previously copied to /tmp/spark-3bcaa9cc-ec36-4961-bc8d-db8c21633977/userFiles-4e0f64e2-a21f-4faa-8c60-0f3540d6de30/org.apache.commons_commons-pool2-2.11.1.jar
[2025-11-01T00:47:08.992+0700] {subprocess.py:93} INFO - 25/11/01 00:47:08 INFO Executor: Adding file:/tmp/spark-3bcaa9cc-ec36-4961-bc8d-db8c21633977/userFiles-4e0f64e2-a21f-4faa-8c60-0f3540d6de30/org.apache.commons_commons-pool2-2.11.1.jar to class loader default
[2025-11-01T00:47:08.993+0700] {subprocess.py:93} INFO - 25/11/01 00:47:08 INFO Executor: Fetching spark://f7bb1ad77e89:36619/jars/org.apache.hadoop_hadoop-client-runtime-3.3.4.jar with timestamp 1761932828074
[2025-11-01T00:47:08.993+0700] {subprocess.py:93} INFO - 25/11/01 00:47:08 INFO Utils: Fetching spark://f7bb1ad77e89:36619/jars/org.apache.hadoop_hadoop-client-runtime-3.3.4.jar to /tmp/spark-3bcaa9cc-ec36-4961-bc8d-db8c21633977/userFiles-4e0f64e2-a21f-4faa-8c60-0f3540d6de30/fetchFileTemp1814495110989738889.tmp
[2025-11-01T00:47:09.095+0700] {subprocess.py:93} INFO - 25/11/01 00:47:09 INFO Utils: /tmp/spark-3bcaa9cc-ec36-4961-bc8d-db8c21633977/userFiles-4e0f64e2-a21f-4faa-8c60-0f3540d6de30/fetchFileTemp1814495110989738889.tmp has been previously copied to /tmp/spark-3bcaa9cc-ec36-4961-bc8d-db8c21633977/userFiles-4e0f64e2-a21f-4faa-8c60-0f3540d6de30/org.apache.hadoop_hadoop-client-runtime-3.3.4.jar
[2025-11-01T00:47:09.107+0700] {subprocess.py:93} INFO - 25/11/01 00:47:09 INFO Executor: Adding file:/tmp/spark-3bcaa9cc-ec36-4961-bc8d-db8c21633977/userFiles-4e0f64e2-a21f-4faa-8c60-0f3540d6de30/org.apache.hadoop_hadoop-client-runtime-3.3.4.jar to class loader default
[2025-11-01T00:47:09.108+0700] {subprocess.py:93} INFO - 25/11/01 00:47:09 INFO Executor: Fetching spark://f7bb1ad77e89:36619/jars/org.apache.kafka_kafka-clients-3.4.1.jar with timestamp 1761932828074
[2025-11-01T00:47:09.108+0700] {subprocess.py:93} INFO - 25/11/01 00:47:09 INFO Utils: Fetching spark://f7bb1ad77e89:36619/jars/org.apache.kafka_kafka-clients-3.4.1.jar to /tmp/spark-3bcaa9cc-ec36-4961-bc8d-db8c21633977/userFiles-4e0f64e2-a21f-4faa-8c60-0f3540d6de30/fetchFileTemp14839027282209521130.tmp
[2025-11-01T00:47:09.121+0700] {subprocess.py:93} INFO - 25/11/01 00:47:09 INFO Utils: /tmp/spark-3bcaa9cc-ec36-4961-bc8d-db8c21633977/userFiles-4e0f64e2-a21f-4faa-8c60-0f3540d6de30/fetchFileTemp14839027282209521130.tmp has been previously copied to /tmp/spark-3bcaa9cc-ec36-4961-bc8d-db8c21633977/userFiles-4e0f64e2-a21f-4faa-8c60-0f3540d6de30/org.apache.kafka_kafka-clients-3.4.1.jar
[2025-11-01T00:47:09.126+0700] {subprocess.py:93} INFO - 25/11/01 00:47:09 INFO Executor: Adding file:/tmp/spark-3bcaa9cc-ec36-4961-bc8d-db8c21633977/userFiles-4e0f64e2-a21f-4faa-8c60-0f3540d6de30/org.apache.kafka_kafka-clients-3.4.1.jar to class loader default
[2025-11-01T00:47:09.127+0700] {subprocess.py:93} INFO - 25/11/01 00:47:09 INFO Executor: Fetching spark://f7bb1ad77e89:36619/jars/org.postgresql_postgresql-42.6.0.jar with timestamp 1761932828074
[2025-11-01T00:47:09.127+0700] {subprocess.py:93} INFO - 25/11/01 00:47:09 INFO Utils: Fetching spark://f7bb1ad77e89:36619/jars/org.postgresql_postgresql-42.6.0.jar to /tmp/spark-3bcaa9cc-ec36-4961-bc8d-db8c21633977/userFiles-4e0f64e2-a21f-4faa-8c60-0f3540d6de30/fetchFileTemp12561610691539757899.tmp
[2025-11-01T00:47:09.131+0700] {subprocess.py:93} INFO - 25/11/01 00:47:09 INFO Utils: /tmp/spark-3bcaa9cc-ec36-4961-bc8d-db8c21633977/userFiles-4e0f64e2-a21f-4faa-8c60-0f3540d6de30/fetchFileTemp12561610691539757899.tmp has been previously copied to /tmp/spark-3bcaa9cc-ec36-4961-bc8d-db8c21633977/userFiles-4e0f64e2-a21f-4faa-8c60-0f3540d6de30/org.postgresql_postgresql-42.6.0.jar
[2025-11-01T00:47:09.136+0700] {subprocess.py:93} INFO - 25/11/01 00:47:09 INFO Executor: Adding file:/tmp/spark-3bcaa9cc-ec36-4961-bc8d-db8c21633977/userFiles-4e0f64e2-a21f-4faa-8c60-0f3540d6de30/org.postgresql_postgresql-42.6.0.jar to class loader default
[2025-11-01T00:47:09.136+0700] {subprocess.py:93} INFO - 25/11/01 00:47:09 INFO Executor: Fetching spark://f7bb1ad77e89:36619/jars/com.google.code.findbugs_jsr305-3.0.0.jar with timestamp 1761932828074
[2025-11-01T00:47:09.137+0700] {subprocess.py:93} INFO - 25/11/01 00:47:09 INFO Utils: Fetching spark://f7bb1ad77e89:36619/jars/com.google.code.findbugs_jsr305-3.0.0.jar to /tmp/spark-3bcaa9cc-ec36-4961-bc8d-db8c21633977/userFiles-4e0f64e2-a21f-4faa-8c60-0f3540d6de30/fetchFileTemp6090903450668807525.tmp
[2025-11-01T00:47:09.137+0700] {subprocess.py:93} INFO - 25/11/01 00:47:09 INFO Utils: /tmp/spark-3bcaa9cc-ec36-4961-bc8d-db8c21633977/userFiles-4e0f64e2-a21f-4faa-8c60-0f3540d6de30/fetchFileTemp6090903450668807525.tmp has been previously copied to /tmp/spark-3bcaa9cc-ec36-4961-bc8d-db8c21633977/userFiles-4e0f64e2-a21f-4faa-8c60-0f3540d6de30/com.google.code.findbugs_jsr305-3.0.0.jar
[2025-11-01T00:47:09.154+0700] {subprocess.py:93} INFO - 25/11/01 00:47:09 INFO Executor: Adding file:/tmp/spark-3bcaa9cc-ec36-4961-bc8d-db8c21633977/userFiles-4e0f64e2-a21f-4faa-8c60-0f3540d6de30/com.google.code.findbugs_jsr305-3.0.0.jar to class loader default
[2025-11-01T00:47:09.154+0700] {subprocess.py:93} INFO - 25/11/01 00:47:09 INFO Executor: Fetching spark://f7bb1ad77e89:36619/jars/org.apache.spark_spark-token-provider-kafka-0-10_2.12-3.5.1.jar with timestamp 1761932828074
[2025-11-01T00:47:09.154+0700] {subprocess.py:93} INFO - 25/11/01 00:47:09 INFO Utils: Fetching spark://f7bb1ad77e89:36619/jars/org.apache.spark_spark-token-provider-kafka-0-10_2.12-3.5.1.jar to /tmp/spark-3bcaa9cc-ec36-4961-bc8d-db8c21633977/userFiles-4e0f64e2-a21f-4faa-8c60-0f3540d6de30/fetchFileTemp7571277123781509340.tmp
[2025-11-01T00:47:09.155+0700] {subprocess.py:93} INFO - 25/11/01 00:47:09 INFO Utils: /tmp/spark-3bcaa9cc-ec36-4961-bc8d-db8c21633977/userFiles-4e0f64e2-a21f-4faa-8c60-0f3540d6de30/fetchFileTemp7571277123781509340.tmp has been previously copied to /tmp/spark-3bcaa9cc-ec36-4961-bc8d-db8c21633977/userFiles-4e0f64e2-a21f-4faa-8c60-0f3540d6de30/org.apache.spark_spark-token-provider-kafka-0-10_2.12-3.5.1.jar
[2025-11-01T00:47:09.160+0700] {subprocess.py:93} INFO - 25/11/01 00:47:09 INFO Executor: Adding file:/tmp/spark-3bcaa9cc-ec36-4961-bc8d-db8c21633977/userFiles-4e0f64e2-a21f-4faa-8c60-0f3540d6de30/org.apache.spark_spark-token-provider-kafka-0-10_2.12-3.5.1.jar to class loader default
[2025-11-01T00:47:09.160+0700] {subprocess.py:93} INFO - 25/11/01 00:47:09 INFO Executor: Fetching spark://f7bb1ad77e89:36619/jars/org.apache.spark_spark-sql-kafka-0-10_2.12-3.5.1.jar with timestamp 1761932828074
[2025-11-01T00:47:09.161+0700] {subprocess.py:93} INFO - 25/11/01 00:47:09 INFO Utils: Fetching spark://f7bb1ad77e89:36619/jars/org.apache.spark_spark-sql-kafka-0-10_2.12-3.5.1.jar to /tmp/spark-3bcaa9cc-ec36-4961-bc8d-db8c21633977/userFiles-4e0f64e2-a21f-4faa-8c60-0f3540d6de30/fetchFileTemp12082193856560404349.tmp
[2025-11-01T00:47:09.162+0700] {subprocess.py:93} INFO - 25/11/01 00:47:09 INFO Utils: /tmp/spark-3bcaa9cc-ec36-4961-bc8d-db8c21633977/userFiles-4e0f64e2-a21f-4faa-8c60-0f3540d6de30/fetchFileTemp12082193856560404349.tmp has been previously copied to /tmp/spark-3bcaa9cc-ec36-4961-bc8d-db8c21633977/userFiles-4e0f64e2-a21f-4faa-8c60-0f3540d6de30/org.apache.spark_spark-sql-kafka-0-10_2.12-3.5.1.jar
[2025-11-01T00:47:09.167+0700] {subprocess.py:93} INFO - 25/11/01 00:47:09 INFO Executor: Adding file:/tmp/spark-3bcaa9cc-ec36-4961-bc8d-db8c21633977/userFiles-4e0f64e2-a21f-4faa-8c60-0f3540d6de30/org.apache.spark_spark-sql-kafka-0-10_2.12-3.5.1.jar to class loader default
[2025-11-01T00:47:09.167+0700] {subprocess.py:93} INFO - 25/11/01 00:47:09 INFO Executor: Fetching spark://f7bb1ad77e89:36619/jars/org.slf4j_slf4j-api-2.0.7.jar with timestamp 1761932828074
[2025-11-01T00:47:09.167+0700] {subprocess.py:93} INFO - 25/11/01 00:47:09 INFO Utils: Fetching spark://f7bb1ad77e89:36619/jars/org.slf4j_slf4j-api-2.0.7.jar to /tmp/spark-3bcaa9cc-ec36-4961-bc8d-db8c21633977/userFiles-4e0f64e2-a21f-4faa-8c60-0f3540d6de30/fetchFileTemp3591765942328226238.tmp
[2025-11-01T00:47:09.168+0700] {subprocess.py:93} INFO - 25/11/01 00:47:09 INFO Utils: /tmp/spark-3bcaa9cc-ec36-4961-bc8d-db8c21633977/userFiles-4e0f64e2-a21f-4faa-8c60-0f3540d6de30/fetchFileTemp3591765942328226238.tmp has been previously copied to /tmp/spark-3bcaa9cc-ec36-4961-bc8d-db8c21633977/userFiles-4e0f64e2-a21f-4faa-8c60-0f3540d6de30/org.slf4j_slf4j-api-2.0.7.jar
[2025-11-01T00:47:09.174+0700] {subprocess.py:93} INFO - 25/11/01 00:47:09 INFO Executor: Adding file:/tmp/spark-3bcaa9cc-ec36-4961-bc8d-db8c21633977/userFiles-4e0f64e2-a21f-4faa-8c60-0f3540d6de30/org.slf4j_slf4j-api-2.0.7.jar to class loader default
[2025-11-01T00:47:09.174+0700] {subprocess.py:93} INFO - 25/11/01 00:47:09 INFO Executor: Fetching spark://f7bb1ad77e89:36619/jars/commons-logging_commons-logging-1.1.3.jar with timestamp 1761932828074
[2025-11-01T00:47:09.174+0700] {subprocess.py:93} INFO - 25/11/01 00:47:09 INFO Utils: Fetching spark://f7bb1ad77e89:36619/jars/commons-logging_commons-logging-1.1.3.jar to /tmp/spark-3bcaa9cc-ec36-4961-bc8d-db8c21633977/userFiles-4e0f64e2-a21f-4faa-8c60-0f3540d6de30/fetchFileTemp6660793154108361767.tmp
[2025-11-01T00:47:09.175+0700] {subprocess.py:93} INFO - 25/11/01 00:47:09 INFO Utils: /tmp/spark-3bcaa9cc-ec36-4961-bc8d-db8c21633977/userFiles-4e0f64e2-a21f-4faa-8c60-0f3540d6de30/fetchFileTemp6660793154108361767.tmp has been previously copied to /tmp/spark-3bcaa9cc-ec36-4961-bc8d-db8c21633977/userFiles-4e0f64e2-a21f-4faa-8c60-0f3540d6de30/commons-logging_commons-logging-1.1.3.jar
[2025-11-01T00:47:09.179+0700] {subprocess.py:93} INFO - 25/11/01 00:47:09 INFO Executor: Adding file:/tmp/spark-3bcaa9cc-ec36-4961-bc8d-db8c21633977/userFiles-4e0f64e2-a21f-4faa-8c60-0f3540d6de30/commons-logging_commons-logging-1.1.3.jar to class loader default
[2025-11-01T00:47:09.183+0700] {subprocess.py:93} INFO - 25/11/01 00:47:09 INFO Utils: Successfully started service 'org.apache.spark.network.netty.NettyBlockTransferService' on port 41141.
[2025-11-01T00:47:09.184+0700] {subprocess.py:93} INFO - 25/11/01 00:47:09 INFO NettyBlockTransferService: Server created on f7bb1ad77e89:41141
[2025-11-01T00:47:09.185+0700] {subprocess.py:93} INFO - 25/11/01 00:47:09 INFO BlockManager: Using org.apache.spark.storage.RandomBlockReplicationPolicy for block replication policy
[2025-11-01T00:47:09.187+0700] {subprocess.py:93} INFO - 25/11/01 00:47:09 INFO BlockManagerMaster: Registering BlockManager BlockManagerId(driver, f7bb1ad77e89, 41141, None)
[2025-11-01T00:47:09.189+0700] {subprocess.py:93} INFO - 25/11/01 00:47:09 INFO BlockManagerMasterEndpoint: Registering block manager f7bb1ad77e89:41141 with 434.4 MiB RAM, BlockManagerId(driver, f7bb1ad77e89, 41141, None)
[2025-11-01T00:47:09.190+0700] {subprocess.py:93} INFO - 25/11/01 00:47:09 INFO BlockManagerMaster: Registered BlockManager BlockManagerId(driver, f7bb1ad77e89, 41141, None)
[2025-11-01T00:47:09.190+0700] {subprocess.py:93} INFO - 25/11/01 00:47:09 INFO BlockManager: Initialized BlockManager: BlockManagerId(driver, f7bb1ad77e89, 41141, None)
[2025-11-01T00:47:10.241+0700] {subprocess.py:93} INFO - [Consumer] Initializing model and tokenizer...
[2025-11-01T00:47:13.950+0700] {subprocess.py:93} INFO - [Consumer] Loaded model version: 20251018-103512
[2025-11-01T00:47:14.079+0700] {subprocess.py:93} INFO - 25/11/01 00:47:14 WARN ResolveWriteToStream: spark.sql.adaptive.enabled is not supported in streaming DataFrames/Datasets and will be disabled.
[2025-11-01T00:47:14.199+0700] {subprocess.py:93} INFO - 🚀 PhoBERT Streaming job started — listening to Kafka topic 'absa-reviews' ...
[2025-11-01T00:47:14.384+0700] {subprocess.py:93} INFO - 25/11/01 00:47:14 WARN AdminClientConfig: These configurations '[key.deserializer, value.deserializer, enable.auto.commit, max.poll.records, auto.offset.reset]' were supplied but are not used yet.
[2025-11-01T00:47:15.205+0700] {subprocess.py:93} INFO - [Batch 0] ⚠️ No data.
[2025-11-01T00:55:02.996+0700] {local_task_job_runner.py:304} WARNING - DagRun timed out after 0:55:02.668084.
[2025-11-01T00:55:08.023+0700] {local_task_job_runner.py:304} WARNING - DagRun timed out after 0:55:07.694396.
[2025-11-01T00:55:08.023+0700] {local_task_job_runner.py:310} WARNING - State of this instance has been externally set to skipped. Terminating instance.
[2025-11-01T00:55:08.030+0700] {local_task_job_runner.py:222} INFO - ::endgroup::
[2025-11-01T00:55:08.032+0700] {process_utils.py:132} INFO - Sending 15 to group 34784. PIDs of all processes in the group: [34785, 34786, 34787, 34850, 34784]
[2025-11-01T00:55:08.032+0700] {process_utils.py:87} INFO - Sending the signal 15 to group 34784
[2025-11-01T00:55:08.033+0700] {taskinstance.py:2607} ERROR - Received SIGTERM. Terminating subprocesses.
[2025-11-01T00:55:08.035+0700] {subprocess.py:104} INFO - Sending SIGTERM signal to process group
[2025-11-01T00:55:08.037+0700] {taskinstance.py:441} INFO - ::group::Post task execution logs
[2025-11-01T00:55:08.166+0700] {process_utils.py:80} INFO - Process psutil.Process(pid=34785, status='terminated', started='00:47:03') (34785) terminated with exit code None
[2025-11-01T00:55:08.381+0700] {process_utils.py:80} INFO - Process psutil.Process(pid=34786, status='terminated', started='00:47:03') (34786) terminated with exit code None
[2025-11-01T00:55:08.596+0700] {process_utils.py:80} INFO - Process psutil.Process(pid=34784, status='terminated', exitcode=0, started='00:47:03') (34784) terminated with exit code 0
[2025-11-01T00:55:09.017+0700] {process_utils.py:80} INFO - Process psutil.Process(pid=34850, status='terminated', started='00:47:05') (34850) terminated with exit code None
[2025-11-01T00:55:09.018+0700] {process_utils.py:80} INFO - Process psutil.Process(pid=34787, status='terminated', started='00:47:03') (34787) terminated with exit code None
