[2025-11-01T00:03:41.268+0700] {local_task_job_runner.py:120} INFO - ::group::Pre task execution logs
[2025-11-01T00:03:41.284+0700] {taskinstance.py:2073} INFO - Dependencies all met for dep_context=non-requeueable deps ti=<TaskInstance: vehicle_pipeline_new_dag.start_vehicle_producer_cam2 scheduled__2025-10-31T16:00:00+00:00 [queued]>
[2025-11-01T00:03:41.287+0700] {taskinstance.py:2073} INFO - Dependencies all met for dep_context=requeueable deps ti=<TaskInstance: vehicle_pipeline_new_dag.start_vehicle_producer_cam2 scheduled__2025-10-31T16:00:00+00:00 [queued]>
[2025-11-01T00:03:41.288+0700] {taskinstance.py:2303} INFO - Starting attempt 2 of 4
[2025-11-01T00:03:41.294+0700] {taskinstance.py:2327} INFO - Executing <Task(BashOperator): start_vehicle_producer_cam2> on 2025-10-31 16:00:00+00:00
[2025-11-01T00:03:41.300+0700] {warnings.py:110} WARNING - /home/***/.local/lib/python3.12/site-packages/***/task/task_runner/standard_task_runner.py:61: DeprecationWarning: This process (pid=25152) is multi-threaded, use of fork() may lead to deadlocks in the child.
  pid = os.fork()

[2025-11-01T00:03:41.302+0700] {standard_task_runner.py:63} INFO - Started process 25194 to run task
[2025-11-01T00:03:41.304+0700] {standard_task_runner.py:90} INFO - Running: ['***', 'tasks', 'run', 'vehicle_pipeline_new_dag', 'start_vehicle_producer_cam2', 'scheduled__2025-10-31T16:00:00+00:00', '--job-id', '522', '--raw', '--subdir', 'DAGS_FOLDER/vehicel_pipeline_new_dag.py', '--cfg-path', '/tmp/tmp69rau3w8']
[2025-11-01T00:03:41.307+0700] {standard_task_runner.py:91} INFO - Job 522: Subtask start_vehicle_producer_cam2
[2025-11-01T00:03:41.350+0700] {task_command.py:426} INFO - Running <TaskInstance: vehicle_pipeline_new_dag.start_vehicle_producer_cam2 scheduled__2025-10-31T16:00:00+00:00 [running]> on host f7bb1ad77e89
[2025-11-01T00:03:41.425+0700] {taskinstance.py:2644} INFO - Exporting env vars: AIRFLOW_CTX_DAG_OWNER='***' AIRFLOW_CTX_DAG_ID='vehicle_pipeline_new_dag' AIRFLOW_CTX_TASK_ID='start_vehicle_producer_cam2' AIRFLOW_CTX_EXECUTION_DATE='2025-10-31T16:00:00+00:00' AIRFLOW_CTX_TRY_NUMBER='2' AIRFLOW_CTX_DAG_RUN_ID='scheduled__2025-10-31T16:00:00+00:00'
[2025-11-01T00:03:41.427+0700] {taskinstance.py:430} INFO - ::endgroup::
[2025-11-01T00:03:41.428+0700] {subprocess.py:63} INFO - Tmp dir root location: /tmp
[2025-11-01T00:03:41.428+0700] {subprocess.py:75} INFO - Running command: ['/usr/bin/bash', '-c', 'bash -c "timeout 45m bash /opt/***/projects/vehicle_count/scripts/run_producer_cam2.sh"']
[2025-11-01T00:03:41.441+0700] {subprocess.py:86} INFO - Output:
[2025-11-01T00:03:41.452+0700] {subprocess.py:93} INFO - [Producer-CAM2] 🏍️ Starting Vehicle Kafka Producer (Camera 2)...
[2025-11-01T00:05:46.713+0700] {subprocess.py:93} INFO - [Producer-CAM_2] 🔌 Kết nối Kafka broker tại kafka:9092 ...
[2025-11-01T00:05:46.717+0700] {subprocess.py:93} INFO - [Producer-CAM_2] 🎥 Bắt đầu stream từ video2.mp4
[2025-11-01T00:05:46.717+0700] {subprocess.py:93} INFO - [Producer-CAM_2] ✅ Video video2.mp4 kết thúc (601 frames).
[2025-11-01T00:05:46.718+0700] {subprocess.py:93} INFO - [Producer-CAM_2] 📤 Gửi thành công 601 frames tới Kafka.
[2025-11-01T00:05:46.718+0700] {subprocess.py:93} INFO - [Producer-CAM_2] 🏁 Hoàn tất gửi dữ liệu.
[2025-11-01T00:05:46.777+0700] {subprocess.py:93} INFO - [Producer-CAM2] ✅ Completed successfully.
[2025-11-01T00:05:46.778+0700] {subprocess.py:97} INFO - Command exited with return code 0
[2025-11-01T00:05:46.779+0700] {taskinstance.py:441} INFO - ::group::Post task execution logs
[2025-11-01T00:05:46.811+0700] {taskinstance.py:1205} INFO - Marking task as SUCCESS. dag_id=vehicle_pipeline_new_dag, task_id=start_vehicle_producer_cam2, execution_date=20251031T160000, start_date=20251031T170341, end_date=20251031T170546
[2025-11-01T00:05:46.851+0700] {local_task_job_runner.py:240} INFO - Task exited with return code 0
[2025-11-01T00:05:46.875+0700] {taskinstance.py:3482} INFO - 1 downstream tasks scheduled from follow-on schedule check
[2025-11-01T00:05:46.876+0700] {local_task_job_runner.py:222} INFO - ::endgroup::
