[2025-10-31T23:00:55.091+0700] {local_task_job_runner.py:120} INFO - ::group::Pre task execution logs
[2025-10-31T23:00:55.108+0700] {taskinstance.py:2073} INFO - Dependencies all met for dep_context=non-requeueable deps ti=<TaskInstance: vehicle_pipeline_new_dag.start_vehicle_producer_cam1 manual__2025-10-31T15:58:52.637042+00:00 [queued]>
[2025-10-31T23:00:55.114+0700] {taskinstance.py:2073} INFO - Dependencies all met for dep_context=requeueable deps ti=<TaskInstance: vehicle_pipeline_new_dag.start_vehicle_producer_cam1 manual__2025-10-31T15:58:52.637042+00:00 [queued]>
[2025-10-31T23:00:55.114+0700] {taskinstance.py:2303} INFO - Starting attempt 2 of 3
[2025-10-31T23:00:55.121+0700] {taskinstance.py:2327} INFO - Executing <Task(BashOperator): start_vehicle_producer_cam1> on 2025-10-31 15:58:52.637042+00:00
[2025-10-31T23:00:55.126+0700] {warnings.py:110} WARNING - /home/***/.local/lib/python3.12/site-packages/***/task/task_runner/standard_task_runner.py:61: DeprecationWarning: This process (pid=1906) is multi-threaded, use of fork() may lead to deadlocks in the child.
  pid = os.fork()

[2025-10-31T23:00:55.128+0700] {standard_task_runner.py:63} INFO - Started process 1912 to run task
[2025-10-31T23:00:55.129+0700] {standard_task_runner.py:90} INFO - Running: ['***', 'tasks', 'run', 'vehicle_pipeline_new_dag', 'start_vehicle_producer_cam1', 'manual__2025-10-31T15:58:52.637042+00:00', '--job-id', '402', '--raw', '--subdir', 'DAGS_FOLDER/vehicel_pipeline_new_dag.py', '--cfg-path', '/tmp/tmpjph1trb0']
[2025-10-31T23:00:55.132+0700] {standard_task_runner.py:91} INFO - Job 402: Subtask start_vehicle_producer_cam1
[2025-10-31T23:00:55.181+0700] {task_command.py:426} INFO - Running <TaskInstance: vehicle_pipeline_new_dag.start_vehicle_producer_cam1 manual__2025-10-31T15:58:52.637042+00:00 [running]> on host f7bb1ad77e89
[2025-10-31T23:00:55.255+0700] {taskinstance.py:2644} INFO - Exporting env vars: AIRFLOW_CTX_DAG_OWNER='***' AIRFLOW_CTX_DAG_ID='vehicle_pipeline_new_dag' AIRFLOW_CTX_TASK_ID='start_vehicle_producer_cam1' AIRFLOW_CTX_EXECUTION_DATE='2025-10-31T15:58:52.637042+00:00' AIRFLOW_CTX_TRY_NUMBER='2' AIRFLOW_CTX_DAG_RUN_ID='manual__2025-10-31T15:58:52.637042+00:00'
[2025-10-31T23:00:55.257+0700] {taskinstance.py:430} INFO - ::endgroup::
[2025-10-31T23:00:55.258+0700] {subprocess.py:63} INFO - Tmp dir root location: /tmp
[2025-10-31T23:00:55.258+0700] {subprocess.py:75} INFO - Running command: ['/usr/bin/bash', '-c', 'bash -c "timeout 45m bash /opt/***/projects/vehicle_count/scripts/run_producer_cam1.sh"']
[2025-10-31T23:00:55.270+0700] {subprocess.py:86} INFO - Output:
[2025-10-31T23:00:55.280+0700] {subprocess.py:93} INFO - [Producer-CAM1] 🚗 Starting Vehicle Kafka Producer (Camera 1)...
[2025-10-31T23:00:55.302+0700] {subprocess.py:93} INFO - Traceback (most recent call last):
[2025-10-31T23:00:55.303+0700] {subprocess.py:93} INFO -   File "/opt/***/projects/vehicle_count/scripts/vehicle_producer_single.py", line 13, in <module>
[2025-10-31T23:00:55.303+0700] {subprocess.py:93} INFO -     import cv2
[2025-10-31T23:00:55.303+0700] {subprocess.py:93} INFO - ModuleNotFoundError: No module named 'cv2'
[2025-10-31T23:00:55.306+0700] {subprocess.py:97} INFO - Command exited with return code 1
[2025-10-31T23:00:55.307+0700] {taskinstance.py:441} INFO - ::group::Post task execution logs
[2025-10-31T23:00:55.317+0700] {taskinstance.py:2890} ERROR - Task failed with exception
Traceback (most recent call last):
  File "/home/airflow/.local/lib/python3.12/site-packages/airflow/models/taskinstance.py", line 460, in _execute_task
    result = _execute_callable(context=context, **execute_callable_kwargs)
             ^^^^^^^^^^^^^^^^^^^^^^^^^^^^^^^^^^^^^^^^^^^^^^^^^^^^^^^^^^^^^
  File "/home/airflow/.local/lib/python3.12/site-packages/airflow/models/taskinstance.py", line 432, in _execute_callable
    return execute_callable(context=context, **execute_callable_kwargs)
           ^^^^^^^^^^^^^^^^^^^^^^^^^^^^^^^^^^^^^^^^^^^^^^^^^^^^^^^^^^^^
  File "/home/airflow/.local/lib/python3.12/site-packages/airflow/models/baseoperator.py", line 400, in wrapper
    return func(self, *args, **kwargs)
           ^^^^^^^^^^^^^^^^^^^^^^^^^^^
  File "/home/airflow/.local/lib/python3.12/site-packages/airflow/operators/bash.py", line 243, in execute
    raise AirflowException(
airflow.exceptions.AirflowException: Bash command failed. The command returned a non-zero exit code 1.
[2025-10-31T23:00:55.321+0700] {taskinstance.py:1205} INFO - Marking task as UP_FOR_RETRY. dag_id=vehicle_pipeline_new_dag, task_id=start_vehicle_producer_cam1, execution_date=20251031T155852, start_date=20251031T160055, end_date=20251031T160055
[2025-10-31T23:00:55.329+0700] {standard_task_runner.py:110} ERROR - Failed to execute job 402 for task start_vehicle_producer_cam1 (Bash command failed. The command returned a non-zero exit code 1.; 1912)
[2025-10-31T23:00:55.342+0700] {local_task_job_runner.py:240} INFO - Task exited with return code 1
[2025-10-31T23:00:55.361+0700] {taskinstance.py:3482} INFO - 0 downstream tasks scheduled from follow-on schedule check
[2025-10-31T23:00:55.362+0700] {local_task_job_runner.py:222} INFO - ::endgroup::
