[2025-10-31T23:41:04.883+0700] {local_task_job_runner.py:120} INFO - ::group::Pre task execution logs
[2025-10-31T23:41:04.898+0700] {taskinstance.py:2073} INFO - Dependencies all met for dep_context=non-requeueable deps ti=<TaskInstance: vehicle_pipeline_new_dag.start_vehicle_consumer manual__2025-10-31T16:20:34.210157+00:00 [queued]>
[2025-10-31T23:41:04.901+0700] {taskinstance.py:2073} INFO - Dependencies all met for dep_context=requeueable deps ti=<TaskInstance: vehicle_pipeline_new_dag.start_vehicle_consumer manual__2025-10-31T16:20:34.210157+00:00 [queued]>
[2025-10-31T23:41:04.902+0700] {taskinstance.py:2303} INFO - Starting attempt 10 of 12
[2025-10-31T23:41:04.908+0700] {taskinstance.py:2327} INFO - Executing <Task(BashOperator): start_vehicle_consumer> on 2025-10-31 16:20:34.210157+00:00
[2025-10-31T23:41:04.913+0700] {warnings.py:110} WARNING - /home/***/.local/lib/python3.12/site-packages/***/task/task_runner/standard_task_runner.py:61: DeprecationWarning: This process (pid=5945) is multi-threaded, use of fork() may lead to deadlocks in the child.
  pid = os.fork()

[2025-10-31T23:41:04.914+0700] {standard_task_runner.py:63} INFO - Started process 5947 to run task
[2025-10-31T23:41:04.915+0700] {standard_task_runner.py:90} INFO - Running: ['***', 'tasks', 'run', 'vehicle_pipeline_new_dag', 'start_vehicle_consumer', 'manual__2025-10-31T16:20:34.210157+00:00', '--job-id', '499', '--raw', '--subdir', 'DAGS_FOLDER/vehicel_pipeline_new_dag.py', '--cfg-path', '/tmp/tmp5ykqztbo']
[2025-10-31T23:41:04.918+0700] {standard_task_runner.py:91} INFO - Job 499: Subtask start_vehicle_consumer
[2025-10-31T23:41:04.960+0700] {task_command.py:426} INFO - Running <TaskInstance: vehicle_pipeline_new_dag.start_vehicle_consumer manual__2025-10-31T16:20:34.210157+00:00 [running]> on host f7bb1ad77e89
[2025-10-31T23:41:05.029+0700] {taskinstance.py:2644} INFO - Exporting env vars: AIRFLOW_CTX_DAG_OWNER='***' AIRFLOW_CTX_DAG_ID='vehicle_pipeline_new_dag' AIRFLOW_CTX_TASK_ID='start_vehicle_consumer' AIRFLOW_CTX_EXECUTION_DATE='2025-10-31T16:20:34.210157+00:00' AIRFLOW_CTX_TRY_NUMBER='10' AIRFLOW_CTX_DAG_RUN_ID='manual__2025-10-31T16:20:34.210157+00:00'
[2025-10-31T23:41:05.030+0700] {taskinstance.py:430} INFO - ::endgroup::
[2025-10-31T23:41:05.031+0700] {subprocess.py:63} INFO - Tmp dir root location: /tmp
[2025-10-31T23:41:05.031+0700] {subprocess.py:75} INFO - Running command: ['/usr/bin/bash', '-c', 'bash -c "timeout 45m bash /opt/***/projects/vehicle_count/scripts/run_consumer.sh"']
[2025-10-31T23:41:05.043+0700] {subprocess.py:86} INFO - Output:
[2025-10-31T23:41:05.052+0700] {subprocess.py:93} INFO - [Consumer] Starting Spark Structured Streaming job...
[2025-10-31T23:41:05.091+0700] {subprocess.py:93} INFO - /home/***/.local/lib/python3.12/site-packages/pyspark/bin/load-spark-env.sh: line 68: ps: command not found
[2025-10-31T23:41:05.993+0700] {subprocess.py:93} INFO - :: loading settings :: url = jar:file:/home/***/.local/lib/python3.12/site-packages/pyspark/jars/ivy-2.5.1.jar!/org/apache/ivy/core/settings/ivysettings.xml
[2025-10-31T23:41:06.034+0700] {subprocess.py:93} INFO - Ivy Default Cache set to: /home/***/.ivy2/cache
[2025-10-31T23:41:06.035+0700] {subprocess.py:93} INFO - The jars for the packages stored in: /home/***/.ivy2/jars
[2025-10-31T23:41:06.037+0700] {subprocess.py:93} INFO - org.apache.spark#spark-sql-kafka-0-10_2.12 added as a dependency
[2025-10-31T23:41:06.038+0700] {subprocess.py:93} INFO - org.postgresql#postgresql added as a dependency
[2025-10-31T23:41:06.038+0700] {subprocess.py:93} INFO - :: resolving dependencies :: org.apache.spark#spark-submit-parent-21e8a7ce-65cb-4283-a694-3d06d6a8351e;1.0
[2025-10-31T23:41:06.038+0700] {subprocess.py:93} INFO - 	confs: [default]
[2025-10-31T23:41:06.138+0700] {subprocess.py:93} INFO - 	found org.apache.spark#spark-sql-kafka-0-10_2.12;3.5.1 in central
[2025-10-31T23:41:06.169+0700] {subprocess.py:93} INFO - 	found org.apache.spark#spark-token-provider-kafka-0-10_2.12;3.5.1 in central
[2025-10-31T23:41:06.186+0700] {subprocess.py:93} INFO - 	found org.apache.kafka#kafka-clients;3.4.1 in central
[2025-10-31T23:41:06.203+0700] {subprocess.py:93} INFO - 	found org.lz4#lz4-java;1.8.0 in central
[2025-10-31T23:41:06.219+0700] {subprocess.py:93} INFO - 	found org.xerial.snappy#snappy-java;1.1.10.3 in central
[2025-10-31T23:41:06.233+0700] {subprocess.py:93} INFO - 	found org.slf4j#slf4j-api;2.0.7 in central
[2025-10-31T23:41:06.250+0700] {subprocess.py:93} INFO - 	found org.apache.hadoop#hadoop-client-runtime;3.3.4 in central
[2025-10-31T23:41:06.268+0700] {subprocess.py:93} INFO - 	found org.apache.hadoop#hadoop-client-api;3.3.4 in central
[2025-10-31T23:41:06.284+0700] {subprocess.py:93} INFO - 	found commons-logging#commons-logging;1.1.3 in central
[2025-10-31T23:41:06.294+0700] {subprocess.py:93} INFO - 	found com.google.code.findbugs#jsr305;3.0.0 in central
[2025-10-31T23:41:06.304+0700] {subprocess.py:93} INFO - 	found org.apache.commons#commons-pool2;2.11.1 in central
[2025-10-31T23:41:06.311+0700] {subprocess.py:93} INFO - 	found org.postgresql#postgresql;42.6.0 in central
[2025-10-31T23:41:06.318+0700] {subprocess.py:93} INFO - 	found org.checkerframework#checker-qual;3.31.0 in central
[2025-10-31T23:41:06.337+0700] {subprocess.py:93} INFO - :: resolution report :: resolve 287ms :: artifacts dl 12ms
[2025-10-31T23:41:06.337+0700] {subprocess.py:93} INFO - 	:: modules in use:
[2025-10-31T23:41:06.338+0700] {subprocess.py:93} INFO - 	com.google.code.findbugs#jsr305;3.0.0 from central in [default]
[2025-10-31T23:41:06.338+0700] {subprocess.py:93} INFO - 	commons-logging#commons-logging;1.1.3 from central in [default]
[2025-10-31T23:41:06.338+0700] {subprocess.py:93} INFO - 	org.apache.commons#commons-pool2;2.11.1 from central in [default]
[2025-10-31T23:41:06.339+0700] {subprocess.py:93} INFO - 	org.apache.hadoop#hadoop-client-api;3.3.4 from central in [default]
[2025-10-31T23:41:06.339+0700] {subprocess.py:93} INFO - 	org.apache.hadoop#hadoop-client-runtime;3.3.4 from central in [default]
[2025-10-31T23:41:06.339+0700] {subprocess.py:93} INFO - 	org.apache.kafka#kafka-clients;3.4.1 from central in [default]
[2025-10-31T23:41:06.339+0700] {subprocess.py:93} INFO - 	org.apache.spark#spark-sql-kafka-0-10_2.12;3.5.1 from central in [default]
[2025-10-31T23:41:06.340+0700] {subprocess.py:93} INFO - 	org.apache.spark#spark-token-provider-kafka-0-10_2.12;3.5.1 from central in [default]
[2025-10-31T23:41:06.340+0700] {subprocess.py:93} INFO - 	org.checkerframework#checker-qual;3.31.0 from central in [default]
[2025-10-31T23:41:06.340+0700] {subprocess.py:93} INFO - 	org.lz4#lz4-java;1.8.0 from central in [default]
[2025-10-31T23:41:06.340+0700] {subprocess.py:93} INFO - 	org.postgresql#postgresql;42.6.0 from central in [default]
[2025-10-31T23:41:06.340+0700] {subprocess.py:93} INFO - 	org.slf4j#slf4j-api;2.0.7 from central in [default]
[2025-10-31T23:41:06.341+0700] {subprocess.py:93} INFO - 	org.xerial.snappy#snappy-java;1.1.10.3 from central in [default]
[2025-10-31T23:41:06.341+0700] {subprocess.py:93} INFO - 	---------------------------------------------------------------------
[2025-10-31T23:41:06.341+0700] {subprocess.py:93} INFO - 	|                  |            modules            ||   artifacts   |
[2025-10-31T23:41:06.341+0700] {subprocess.py:93} INFO - 	|       conf       | number| search|dwnlded|evicted|| number|dwnlded|
[2025-10-31T23:41:06.341+0700] {subprocess.py:93} INFO - 	---------------------------------------------------------------------
[2025-10-31T23:41:06.341+0700] {subprocess.py:93} INFO - 	|      default     |   13  |   0   |   0   |   0   ||   13  |   0   |
[2025-10-31T23:41:06.342+0700] {subprocess.py:93} INFO - 	---------------------------------------------------------------------
[2025-10-31T23:41:06.343+0700] {subprocess.py:93} INFO - :: retrieving :: org.apache.spark#spark-submit-parent-21e8a7ce-65cb-4283-a694-3d06d6a8351e
[2025-10-31T23:41:06.344+0700] {subprocess.py:93} INFO - 	confs: [default]
[2025-10-31T23:41:06.349+0700] {subprocess.py:93} INFO - 	0 artifacts copied, 13 already retrieved (0kB/6ms)
[2025-10-31T23:41:06.461+0700] {subprocess.py:93} INFO - 25/10/31 23:41:06 WARN NativeCodeLoader: Unable to load native-hadoop library for your platform... using builtin-java classes where applicable
[2025-10-31T23:41:09.173+0700] {subprocess.py:93} INFO - 25/10/31 23:41:09 INFO SparkContext: Running Spark version 3.5.1
[2025-10-31T23:41:09.174+0700] {subprocess.py:93} INFO - 25/10/31 23:41:09 INFO SparkContext: OS info Linux, 5.15.49-linuxkit, aarch64
[2025-10-31T23:41:09.174+0700] {subprocess.py:93} INFO - 25/10/31 23:41:09 INFO SparkContext: Java version 17.0.17
[2025-10-31T23:41:09.182+0700] {subprocess.py:93} INFO - 25/10/31 23:41:09 INFO ResourceUtils: ==============================================================
[2025-10-31T23:41:09.182+0700] {subprocess.py:93} INFO - 25/10/31 23:41:09 INFO ResourceUtils: No custom resources configured for spark.driver.
[2025-10-31T23:41:09.182+0700] {subprocess.py:93} INFO - 25/10/31 23:41:09 INFO ResourceUtils: ==============================================================
[2025-10-31T23:41:09.182+0700] {subprocess.py:93} INFO - 25/10/31 23:41:09 INFO SparkContext: Submitted application: VehicleStreamingConsumer
[2025-10-31T23:41:09.190+0700] {subprocess.py:93} INFO - 25/10/31 23:41:09 INFO ResourceProfile: Default ResourceProfile created, executor resources: Map(cores -> name: cores, amount: 1, script: , vendor: , memory -> name: memory, amount: 1024, script: , vendor: , offHeap -> name: offHeap, amount: 0, script: , vendor: ), task resources: Map(cpus -> name: cpus, amount: 1.0)
[2025-10-31T23:41:09.193+0700] {subprocess.py:93} INFO - 25/10/31 23:41:09 INFO ResourceProfile: Limiting resource is cpu
[2025-10-31T23:41:09.193+0700] {subprocess.py:93} INFO - 25/10/31 23:41:09 INFO ResourceProfileManager: Added ResourceProfile id: 0
[2025-10-31T23:41:09.216+0700] {subprocess.py:93} INFO - 25/10/31 23:41:09 INFO SecurityManager: Changing view acls to: ***
[2025-10-31T23:41:09.217+0700] {subprocess.py:93} INFO - 25/10/31 23:41:09 INFO SecurityManager: Changing modify acls to: ***
[2025-10-31T23:41:09.217+0700] {subprocess.py:93} INFO - 25/10/31 23:41:09 INFO SecurityManager: Changing view acls groups to:
[2025-10-31T23:41:09.217+0700] {subprocess.py:93} INFO - 25/10/31 23:41:09 INFO SecurityManager: Changing modify acls groups to:
[2025-10-31T23:41:09.218+0700] {subprocess.py:93} INFO - 25/10/31 23:41:09 INFO SecurityManager: SecurityManager: authentication disabled; ui acls disabled; users with view permissions: ***; groups with view permissions: EMPTY; users with modify permissions: ***; groups with modify permissions: EMPTY
[2025-10-31T23:41:09.320+0700] {subprocess.py:93} INFO - 25/10/31 23:41:09 INFO Utils: Successfully started service 'sparkDriver' on port 36199.
[2025-10-31T23:41:09.340+0700] {subprocess.py:93} INFO - 25/10/31 23:41:09 INFO SparkEnv: Registering MapOutputTracker
[2025-10-31T23:41:09.359+0700] {subprocess.py:93} INFO - 25/10/31 23:41:09 INFO SparkEnv: Registering BlockManagerMaster
[2025-10-31T23:41:09.367+0700] {subprocess.py:93} INFO - 25/10/31 23:41:09 INFO BlockManagerMasterEndpoint: Using org.apache.spark.storage.DefaultTopologyMapper for getting topology information
[2025-10-31T23:41:09.368+0700] {subprocess.py:93} INFO - 25/10/31 23:41:09 INFO BlockManagerMasterEndpoint: BlockManagerMasterEndpoint up
[2025-10-31T23:41:09.369+0700] {subprocess.py:93} INFO - 25/10/31 23:41:09 INFO SparkEnv: Registering BlockManagerMasterHeartbeat
[2025-10-31T23:41:09.381+0700] {subprocess.py:93} INFO - 25/10/31 23:41:09 INFO DiskBlockManager: Created local directory at /tmp/blockmgr-9b6fa1f0-d247-48c0-9281-9f8efac6b14c
[2025-10-31T23:41:09.389+0700] {subprocess.py:93} INFO - 25/10/31 23:41:09 INFO MemoryStore: MemoryStore started with capacity 434.4 MiB
[2025-10-31T23:41:09.396+0700] {subprocess.py:93} INFO - 25/10/31 23:41:09 INFO SparkEnv: Registering OutputCommitCoordinator
[2025-10-31T23:41:09.456+0700] {subprocess.py:93} INFO - 25/10/31 23:41:09 INFO JettyUtils: Start Jetty 0.0.0.0:4040 for SparkUI
[2025-10-31T23:41:09.485+0700] {subprocess.py:93} INFO - 25/10/31 23:41:09 INFO Utils: Successfully started service 'SparkUI' on port 4040.
[2025-10-31T23:41:09.507+0700] {subprocess.py:93} INFO - 25/10/31 23:41:09 INFO SparkContext: Added JAR file:///home/***/.ivy2/jars/org.apache.spark_spark-sql-kafka-0-10_2.12-3.5.1.jar at spark://f7bb1ad77e89:36199/jars/org.apache.spark_spark-sql-kafka-0-10_2.12-3.5.1.jar with timestamp 1761928869170
[2025-10-31T23:41:09.508+0700] {subprocess.py:93} INFO - 25/10/31 23:41:09 INFO SparkContext: Added JAR file:///home/***/.ivy2/jars/org.postgresql_postgresql-42.6.0.jar at spark://f7bb1ad77e89:36199/jars/org.postgresql_postgresql-42.6.0.jar with timestamp 1761928869170
[2025-10-31T23:41:09.508+0700] {subprocess.py:93} INFO - 25/10/31 23:41:09 INFO SparkContext: Added JAR file:///home/***/.ivy2/jars/org.apache.spark_spark-token-provider-kafka-0-10_2.12-3.5.1.jar at spark://f7bb1ad77e89:36199/jars/org.apache.spark_spark-token-provider-kafka-0-10_2.12-3.5.1.jar with timestamp 1761928869170
[2025-10-31T23:41:09.508+0700] {subprocess.py:93} INFO - 25/10/31 23:41:09 INFO SparkContext: Added JAR file:///home/***/.ivy2/jars/org.apache.kafka_kafka-clients-3.4.1.jar at spark://f7bb1ad77e89:36199/jars/org.apache.kafka_kafka-clients-3.4.1.jar with timestamp 1761928869170
[2025-10-31T23:41:09.508+0700] {subprocess.py:93} INFO - 25/10/31 23:41:09 INFO SparkContext: Added JAR file:///home/***/.ivy2/jars/com.google.code.findbugs_jsr305-3.0.0.jar at spark://f7bb1ad77e89:36199/jars/com.google.code.findbugs_jsr305-3.0.0.jar with timestamp 1761928869170
[2025-10-31T23:41:09.509+0700] {subprocess.py:93} INFO - 25/10/31 23:41:09 INFO SparkContext: Added JAR file:///home/***/.ivy2/jars/org.apache.commons_commons-pool2-2.11.1.jar at spark://f7bb1ad77e89:36199/jars/org.apache.commons_commons-pool2-2.11.1.jar with timestamp 1761928869170
[2025-10-31T23:41:09.509+0700] {subprocess.py:93} INFO - 25/10/31 23:41:09 INFO SparkContext: Added JAR file:///home/***/.ivy2/jars/org.apache.hadoop_hadoop-client-runtime-3.3.4.jar at spark://f7bb1ad77e89:36199/jars/org.apache.hadoop_hadoop-client-runtime-3.3.4.jar with timestamp 1761928869170
[2025-10-31T23:41:09.509+0700] {subprocess.py:93} INFO - 25/10/31 23:41:09 INFO SparkContext: Added JAR file:///home/***/.ivy2/jars/org.lz4_lz4-java-1.8.0.jar at spark://f7bb1ad77e89:36199/jars/org.lz4_lz4-java-1.8.0.jar with timestamp 1761928869170
[2025-10-31T23:41:09.509+0700] {subprocess.py:93} INFO - 25/10/31 23:41:09 INFO SparkContext: Added JAR file:///home/***/.ivy2/jars/org.xerial.snappy_snappy-java-1.1.10.3.jar at spark://f7bb1ad77e89:36199/jars/org.xerial.snappy_snappy-java-1.1.10.3.jar with timestamp 1761928869170
[2025-10-31T23:41:09.510+0700] {subprocess.py:93} INFO - 25/10/31 23:41:09 INFO SparkContext: Added JAR file:///home/***/.ivy2/jars/org.slf4j_slf4j-api-2.0.7.jar at spark://f7bb1ad77e89:36199/jars/org.slf4j_slf4j-api-2.0.7.jar with timestamp 1761928869170
[2025-10-31T23:41:09.510+0700] {subprocess.py:93} INFO - 25/10/31 23:41:09 INFO SparkContext: Added JAR file:///home/***/.ivy2/jars/org.apache.hadoop_hadoop-client-api-3.3.4.jar at spark://f7bb1ad77e89:36199/jars/org.apache.hadoop_hadoop-client-api-3.3.4.jar with timestamp 1761928869170
[2025-10-31T23:41:09.510+0700] {subprocess.py:93} INFO - 25/10/31 23:41:09 INFO SparkContext: Added JAR file:///home/***/.ivy2/jars/commons-logging_commons-logging-1.1.3.jar at spark://f7bb1ad77e89:36199/jars/commons-logging_commons-logging-1.1.3.jar with timestamp 1761928869170
[2025-10-31T23:41:09.511+0700] {subprocess.py:93} INFO - 25/10/31 23:41:09 INFO SparkContext: Added JAR file:///home/***/.ivy2/jars/org.checkerframework_checker-qual-3.31.0.jar at spark://f7bb1ad77e89:36199/jars/org.checkerframework_checker-qual-3.31.0.jar with timestamp 1761928869170
[2025-10-31T23:41:09.511+0700] {subprocess.py:93} INFO - 25/10/31 23:41:09 INFO SparkContext: Added file file:///home/***/.ivy2/jars/org.apache.spark_spark-sql-kafka-0-10_2.12-3.5.1.jar at file:///home/***/.ivy2/jars/org.apache.spark_spark-sql-kafka-0-10_2.12-3.5.1.jar with timestamp 1761928869170
[2025-10-31T23:41:09.511+0700] {subprocess.py:93} INFO - 25/10/31 23:41:09 INFO Utils: Copying /home/***/.ivy2/jars/org.apache.spark_spark-sql-kafka-0-10_2.12-3.5.1.jar to /tmp/spark-0124f4f5-1b31-4b53-b986-84dc54cde6b3/userFiles-821c945b-abdd-48e9-af00-ec403d314f5c/org.apache.spark_spark-sql-kafka-0-10_2.12-3.5.1.jar
[2025-10-31T23:41:09.521+0700] {subprocess.py:93} INFO - 25/10/31 23:41:09 INFO SparkContext: Added file file:///home/***/.ivy2/jars/org.postgresql_postgresql-42.6.0.jar at file:///home/***/.ivy2/jars/org.postgresql_postgresql-42.6.0.jar with timestamp 1761928869170
[2025-10-31T23:41:09.522+0700] {subprocess.py:93} INFO - 25/10/31 23:41:09 INFO Utils: Copying /home/***/.ivy2/jars/org.postgresql_postgresql-42.6.0.jar to /tmp/spark-0124f4f5-1b31-4b53-b986-84dc54cde6b3/userFiles-821c945b-abdd-48e9-af00-ec403d314f5c/org.postgresql_postgresql-42.6.0.jar
[2025-10-31T23:41:09.528+0700] {subprocess.py:93} INFO - 25/10/31 23:41:09 INFO SparkContext: Added file file:///home/***/.ivy2/jars/org.apache.spark_spark-token-provider-kafka-0-10_2.12-3.5.1.jar at file:///home/***/.ivy2/jars/org.apache.spark_spark-token-provider-kafka-0-10_2.12-3.5.1.jar with timestamp 1761928869170
[2025-10-31T23:41:09.528+0700] {subprocess.py:93} INFO - 25/10/31 23:41:09 INFO Utils: Copying /home/***/.ivy2/jars/org.apache.spark_spark-token-provider-kafka-0-10_2.12-3.5.1.jar to /tmp/spark-0124f4f5-1b31-4b53-b986-84dc54cde6b3/userFiles-821c945b-abdd-48e9-af00-ec403d314f5c/org.apache.spark_spark-token-provider-kafka-0-10_2.12-3.5.1.jar
[2025-10-31T23:41:09.533+0700] {subprocess.py:93} INFO - 25/10/31 23:41:09 INFO SparkContext: Added file file:///home/***/.ivy2/jars/org.apache.kafka_kafka-clients-3.4.1.jar at file:///home/***/.ivy2/jars/org.apache.kafka_kafka-clients-3.4.1.jar with timestamp 1761928869170
[2025-10-31T23:41:09.533+0700] {subprocess.py:93} INFO - 25/10/31 23:41:09 INFO Utils: Copying /home/***/.ivy2/jars/org.apache.kafka_kafka-clients-3.4.1.jar to /tmp/spark-0124f4f5-1b31-4b53-b986-84dc54cde6b3/userFiles-821c945b-abdd-48e9-af00-ec403d314f5c/org.apache.kafka_kafka-clients-3.4.1.jar
[2025-10-31T23:41:09.547+0700] {subprocess.py:93} INFO - 25/10/31 23:41:09 INFO SparkContext: Added file file:///home/***/.ivy2/jars/com.google.code.findbugs_jsr305-3.0.0.jar at file:///home/***/.ivy2/jars/com.google.code.findbugs_jsr305-3.0.0.jar with timestamp 1761928869170
[2025-10-31T23:41:09.548+0700] {subprocess.py:93} INFO - 25/10/31 23:41:09 INFO Utils: Copying /home/***/.ivy2/jars/com.google.code.findbugs_jsr305-3.0.0.jar to /tmp/spark-0124f4f5-1b31-4b53-b986-84dc54cde6b3/userFiles-821c945b-abdd-48e9-af00-ec403d314f5c/com.google.code.findbugs_jsr305-3.0.0.jar
[2025-10-31T23:41:09.552+0700] {subprocess.py:93} INFO - 25/10/31 23:41:09 INFO SparkContext: Added file file:///home/***/.ivy2/jars/org.apache.commons_commons-pool2-2.11.1.jar at file:///home/***/.ivy2/jars/org.apache.commons_commons-pool2-2.11.1.jar with timestamp 1761928869170
[2025-10-31T23:41:09.552+0700] {subprocess.py:93} INFO - 25/10/31 23:41:09 INFO Utils: Copying /home/***/.ivy2/jars/org.apache.commons_commons-pool2-2.11.1.jar to /tmp/spark-0124f4f5-1b31-4b53-b986-84dc54cde6b3/userFiles-821c945b-abdd-48e9-af00-ec403d314f5c/org.apache.commons_commons-pool2-2.11.1.jar
[2025-10-31T23:41:09.559+0700] {subprocess.py:93} INFO - 25/10/31 23:41:09 INFO SparkContext: Added file file:///home/***/.ivy2/jars/org.apache.hadoop_hadoop-client-runtime-3.3.4.jar at file:///home/***/.ivy2/jars/org.apache.hadoop_hadoop-client-runtime-3.3.4.jar with timestamp 1761928869170
[2025-10-31T23:41:09.559+0700] {subprocess.py:93} INFO - 25/10/31 23:41:09 INFO Utils: Copying /home/***/.ivy2/jars/org.apache.hadoop_hadoop-client-runtime-3.3.4.jar to /tmp/spark-0124f4f5-1b31-4b53-b986-84dc54cde6b3/userFiles-821c945b-abdd-48e9-af00-ec403d314f5c/org.apache.hadoop_hadoop-client-runtime-3.3.4.jar
[2025-10-31T23:41:09.612+0700] {subprocess.py:93} INFO - 25/10/31 23:41:09 INFO SparkContext: Added file file:///home/***/.ivy2/jars/org.lz4_lz4-java-1.8.0.jar at file:///home/***/.ivy2/jars/org.lz4_lz4-java-1.8.0.jar with timestamp 1761928869170
[2025-10-31T23:41:09.612+0700] {subprocess.py:93} INFO - 25/10/31 23:41:09 INFO Utils: Copying /home/***/.ivy2/jars/org.lz4_lz4-java-1.8.0.jar to /tmp/spark-0124f4f5-1b31-4b53-b986-84dc54cde6b3/userFiles-821c945b-abdd-48e9-af00-ec403d314f5c/org.lz4_lz4-java-1.8.0.jar
[2025-10-31T23:41:09.619+0700] {subprocess.py:93} INFO - 25/10/31 23:41:09 INFO SparkContext: Added file file:///home/***/.ivy2/jars/org.xerial.snappy_snappy-java-1.1.10.3.jar at file:///home/***/.ivy2/jars/org.xerial.snappy_snappy-java-1.1.10.3.jar with timestamp 1761928869170
[2025-10-31T23:41:09.619+0700] {subprocess.py:93} INFO - 25/10/31 23:41:09 INFO Utils: Copying /home/***/.ivy2/jars/org.xerial.snappy_snappy-java-1.1.10.3.jar to /tmp/spark-0124f4f5-1b31-4b53-b986-84dc54cde6b3/userFiles-821c945b-abdd-48e9-af00-ec403d314f5c/org.xerial.snappy_snappy-java-1.1.10.3.jar
[2025-10-31T23:41:09.628+0700] {subprocess.py:93} INFO - 25/10/31 23:41:09 INFO SparkContext: Added file file:///home/***/.ivy2/jars/org.slf4j_slf4j-api-2.0.7.jar at file:///home/***/.ivy2/jars/org.slf4j_slf4j-api-2.0.7.jar with timestamp 1761928869170
[2025-10-31T23:41:09.628+0700] {subprocess.py:93} INFO - 25/10/31 23:41:09 INFO Utils: Copying /home/***/.ivy2/jars/org.slf4j_slf4j-api-2.0.7.jar to /tmp/spark-0124f4f5-1b31-4b53-b986-84dc54cde6b3/userFiles-821c945b-abdd-48e9-af00-ec403d314f5c/org.slf4j_slf4j-api-2.0.7.jar
[2025-10-31T23:41:09.634+0700] {subprocess.py:93} INFO - 25/10/31 23:41:09 INFO SparkContext: Added file file:///home/***/.ivy2/jars/org.apache.hadoop_hadoop-client-api-3.3.4.jar at file:///home/***/.ivy2/jars/org.apache.hadoop_hadoop-client-api-3.3.4.jar with timestamp 1761928869170
[2025-10-31T23:41:09.634+0700] {subprocess.py:93} INFO - 25/10/31 23:41:09 INFO Utils: Copying /home/***/.ivy2/jars/org.apache.hadoop_hadoop-client-api-3.3.4.jar to /tmp/spark-0124f4f5-1b31-4b53-b986-84dc54cde6b3/userFiles-821c945b-abdd-48e9-af00-ec403d314f5c/org.apache.hadoop_hadoop-client-api-3.3.4.jar
[2025-10-31T23:41:09.669+0700] {subprocess.py:93} INFO - 25/10/31 23:41:09 INFO SparkContext: Added file file:///home/***/.ivy2/jars/commons-logging_commons-logging-1.1.3.jar at file:///home/***/.ivy2/jars/commons-logging_commons-logging-1.1.3.jar with timestamp 1761928869170
[2025-10-31T23:41:09.669+0700] {subprocess.py:93} INFO - 25/10/31 23:41:09 INFO Utils: Copying /home/***/.ivy2/jars/commons-logging_commons-logging-1.1.3.jar to /tmp/spark-0124f4f5-1b31-4b53-b986-84dc54cde6b3/userFiles-821c945b-abdd-48e9-af00-ec403d314f5c/commons-logging_commons-logging-1.1.3.jar
[2025-10-31T23:41:09.674+0700] {subprocess.py:93} INFO - 25/10/31 23:41:09 INFO SparkContext: Added file file:///home/***/.ivy2/jars/org.checkerframework_checker-qual-3.31.0.jar at file:///home/***/.ivy2/jars/org.checkerframework_checker-qual-3.31.0.jar with timestamp 1761928869170
[2025-10-31T23:41:09.675+0700] {subprocess.py:93} INFO - 25/10/31 23:41:09 INFO Utils: Copying /home/***/.ivy2/jars/org.checkerframework_checker-qual-3.31.0.jar to /tmp/spark-0124f4f5-1b31-4b53-b986-84dc54cde6b3/userFiles-821c945b-abdd-48e9-af00-ec403d314f5c/org.checkerframework_checker-qual-3.31.0.jar
[2025-10-31T23:41:09.709+0700] {subprocess.py:93} INFO - 25/10/31 23:41:09 INFO Executor: Starting executor ID driver on host f7bb1ad77e89
[2025-10-31T23:41:09.709+0700] {subprocess.py:93} INFO - 25/10/31 23:41:09 INFO Executor: OS info Linux, 5.15.49-linuxkit, aarch64
[2025-10-31T23:41:09.710+0700] {subprocess.py:93} INFO - 25/10/31 23:41:09 INFO Executor: Java version 17.0.17
[2025-10-31T23:41:09.712+0700] {subprocess.py:93} INFO - 25/10/31 23:41:09 INFO Executor: Starting executor with user classpath (userClassPathFirst = false): ''
[2025-10-31T23:41:09.712+0700] {subprocess.py:93} INFO - 25/10/31 23:41:09 INFO Executor: Created or updated repl class loader org.apache.spark.util.MutableURLClassLoader@915b8ec for default.
[2025-10-31T23:41:09.716+0700] {subprocess.py:93} INFO - 25/10/31 23:41:09 INFO Executor: Fetching file:///home/***/.ivy2/jars/org.apache.spark_spark-sql-kafka-0-10_2.12-3.5.1.jar with timestamp 1761928869170
[2025-10-31T23:41:09.726+0700] {subprocess.py:93} INFO - 25/10/31 23:41:09 INFO Utils: /home/***/.ivy2/jars/org.apache.spark_spark-sql-kafka-0-10_2.12-3.5.1.jar has been previously copied to /tmp/spark-0124f4f5-1b31-4b53-b986-84dc54cde6b3/userFiles-821c945b-abdd-48e9-af00-ec403d314f5c/org.apache.spark_spark-sql-kafka-0-10_2.12-3.5.1.jar
[2025-10-31T23:41:09.730+0700] {subprocess.py:93} INFO - 25/10/31 23:41:09 INFO Executor: Fetching file:///home/***/.ivy2/jars/org.apache.hadoop_hadoop-client-runtime-3.3.4.jar with timestamp 1761928869170
[2025-10-31T23:41:09.745+0700] {subprocess.py:93} INFO - 25/10/31 23:41:09 INFO Utils: /home/***/.ivy2/jars/org.apache.hadoop_hadoop-client-runtime-3.3.4.jar has been previously copied to /tmp/spark-0124f4f5-1b31-4b53-b986-84dc54cde6b3/userFiles-821c945b-abdd-48e9-af00-ec403d314f5c/org.apache.hadoop_hadoop-client-runtime-3.3.4.jar
[2025-10-31T23:41:09.750+0700] {subprocess.py:93} INFO - 25/10/31 23:41:09 INFO Executor: Fetching file:///home/***/.ivy2/jars/org.apache.hadoop_hadoop-client-api-3.3.4.jar with timestamp 1761928869170
[2025-10-31T23:41:09.760+0700] {subprocess.py:93} INFO - 25/10/31 23:41:09 INFO Utils: /home/***/.ivy2/jars/org.apache.hadoop_hadoop-client-api-3.3.4.jar has been previously copied to /tmp/spark-0124f4f5-1b31-4b53-b986-84dc54cde6b3/userFiles-821c945b-abdd-48e9-af00-ec403d314f5c/org.apache.hadoop_hadoop-client-api-3.3.4.jar
[2025-10-31T23:41:09.765+0700] {subprocess.py:93} INFO - 25/10/31 23:41:09 INFO Executor: Fetching file:///home/***/.ivy2/jars/org.apache.spark_spark-token-provider-kafka-0-10_2.12-3.5.1.jar with timestamp 1761928869170
[2025-10-31T23:41:09.765+0700] {subprocess.py:93} INFO - 25/10/31 23:41:09 INFO Utils: /home/***/.ivy2/jars/org.apache.spark_spark-token-provider-kafka-0-10_2.12-3.5.1.jar has been previously copied to /tmp/spark-0124f4f5-1b31-4b53-b986-84dc54cde6b3/userFiles-821c945b-abdd-48e9-af00-ec403d314f5c/org.apache.spark_spark-token-provider-kafka-0-10_2.12-3.5.1.jar
[2025-10-31T23:41:09.770+0700] {subprocess.py:93} INFO - 25/10/31 23:41:09 INFO Executor: Fetching file:///home/***/.ivy2/jars/com.google.code.findbugs_jsr305-3.0.0.jar with timestamp 1761928869170
[2025-10-31T23:41:09.770+0700] {subprocess.py:93} INFO - 25/10/31 23:41:09 INFO Utils: /home/***/.ivy2/jars/com.google.code.findbugs_jsr305-3.0.0.jar has been previously copied to /tmp/spark-0124f4f5-1b31-4b53-b986-84dc54cde6b3/userFiles-821c945b-abdd-48e9-af00-ec403d314f5c/com.google.code.findbugs_jsr305-3.0.0.jar
[2025-10-31T23:41:09.775+0700] {subprocess.py:93} INFO - 25/10/31 23:41:09 INFO Executor: Fetching file:///home/***/.ivy2/jars/org.lz4_lz4-java-1.8.0.jar with timestamp 1761928869170
[2025-10-31T23:41:09.776+0700] {subprocess.py:93} INFO - 25/10/31 23:41:09 INFO Utils: /home/***/.ivy2/jars/org.lz4_lz4-java-1.8.0.jar has been previously copied to /tmp/spark-0124f4f5-1b31-4b53-b986-84dc54cde6b3/userFiles-821c945b-abdd-48e9-af00-ec403d314f5c/org.lz4_lz4-java-1.8.0.jar
[2025-10-31T23:41:09.781+0700] {subprocess.py:93} INFO - 25/10/31 23:41:09 INFO Executor: Fetching file:///home/***/.ivy2/jars/org.slf4j_slf4j-api-2.0.7.jar with timestamp 1761928869170
[2025-10-31T23:41:09.782+0700] {subprocess.py:93} INFO - 25/10/31 23:41:09 INFO Utils: /home/***/.ivy2/jars/org.slf4j_slf4j-api-2.0.7.jar has been previously copied to /tmp/spark-0124f4f5-1b31-4b53-b986-84dc54cde6b3/userFiles-821c945b-abdd-48e9-af00-ec403d314f5c/org.slf4j_slf4j-api-2.0.7.jar
[2025-10-31T23:41:09.787+0700] {subprocess.py:93} INFO - 25/10/31 23:41:09 INFO Executor: Fetching file:///home/***/.ivy2/jars/org.checkerframework_checker-qual-3.31.0.jar with timestamp 1761928869170
[2025-10-31T23:41:09.787+0700] {subprocess.py:93} INFO - 25/10/31 23:41:09 INFO Utils: /home/***/.ivy2/jars/org.checkerframework_checker-qual-3.31.0.jar has been previously copied to /tmp/spark-0124f4f5-1b31-4b53-b986-84dc54cde6b3/userFiles-821c945b-abdd-48e9-af00-ec403d314f5c/org.checkerframework_checker-qual-3.31.0.jar
[2025-10-31T23:41:09.793+0700] {subprocess.py:93} INFO - 25/10/31 23:41:09 INFO Executor: Fetching file:///home/***/.ivy2/jars/org.apache.commons_commons-pool2-2.11.1.jar with timestamp 1761928869170
[2025-10-31T23:41:09.793+0700] {subprocess.py:93} INFO - 25/10/31 23:41:09 INFO Utils: /home/***/.ivy2/jars/org.apache.commons_commons-pool2-2.11.1.jar has been previously copied to /tmp/spark-0124f4f5-1b31-4b53-b986-84dc54cde6b3/userFiles-821c945b-abdd-48e9-af00-ec403d314f5c/org.apache.commons_commons-pool2-2.11.1.jar
[2025-10-31T23:41:09.798+0700] {subprocess.py:93} INFO - 25/10/31 23:41:09 INFO Executor: Fetching file:///home/***/.ivy2/jars/commons-logging_commons-logging-1.1.3.jar with timestamp 1761928869170
[2025-10-31T23:41:09.798+0700] {subprocess.py:93} INFO - 25/10/31 23:41:09 INFO Utils: /home/***/.ivy2/jars/commons-logging_commons-logging-1.1.3.jar has been previously copied to /tmp/spark-0124f4f5-1b31-4b53-b986-84dc54cde6b3/userFiles-821c945b-abdd-48e9-af00-ec403d314f5c/commons-logging_commons-logging-1.1.3.jar
[2025-10-31T23:41:09.804+0700] {subprocess.py:93} INFO - 25/10/31 23:41:09 INFO Executor: Fetching file:///home/***/.ivy2/jars/org.xerial.snappy_snappy-java-1.1.10.3.jar with timestamp 1761928869170
[2025-10-31T23:41:09.805+0700] {subprocess.py:93} INFO - 25/10/31 23:41:09 INFO Utils: /home/***/.ivy2/jars/org.xerial.snappy_snappy-java-1.1.10.3.jar has been previously copied to /tmp/spark-0124f4f5-1b31-4b53-b986-84dc54cde6b3/userFiles-821c945b-abdd-48e9-af00-ec403d314f5c/org.xerial.snappy_snappy-java-1.1.10.3.jar
[2025-10-31T23:41:09.810+0700] {subprocess.py:93} INFO - 25/10/31 23:41:09 INFO Executor: Fetching file:///home/***/.ivy2/jars/org.postgresql_postgresql-42.6.0.jar with timestamp 1761928869170
[2025-10-31T23:41:09.810+0700] {subprocess.py:93} INFO - 25/10/31 23:41:09 INFO Utils: /home/***/.ivy2/jars/org.postgresql_postgresql-42.6.0.jar has been previously copied to /tmp/spark-0124f4f5-1b31-4b53-b986-84dc54cde6b3/userFiles-821c945b-abdd-48e9-af00-ec403d314f5c/org.postgresql_postgresql-42.6.0.jar
[2025-10-31T23:41:09.816+0700] {subprocess.py:93} INFO - 25/10/31 23:41:09 INFO Executor: Fetching file:///home/***/.ivy2/jars/org.apache.kafka_kafka-clients-3.4.1.jar with timestamp 1761928869170
[2025-10-31T23:41:09.819+0700] {subprocess.py:93} INFO - 25/10/31 23:41:09 INFO Utils: /home/***/.ivy2/jars/org.apache.kafka_kafka-clients-3.4.1.jar has been previously copied to /tmp/spark-0124f4f5-1b31-4b53-b986-84dc54cde6b3/userFiles-821c945b-abdd-48e9-af00-ec403d314f5c/org.apache.kafka_kafka-clients-3.4.1.jar
[2025-10-31T23:41:09.825+0700] {subprocess.py:93} INFO - 25/10/31 23:41:09 INFO Executor: Fetching spark://f7bb1ad77e89:36199/jars/org.checkerframework_checker-qual-3.31.0.jar with timestamp 1761928869170
[2025-10-31T23:41:09.848+0700] {subprocess.py:93} INFO - 25/10/31 23:41:09 INFO TransportClientFactory: Successfully created connection to f7bb1ad77e89/172.23.0.6:36199 after 17 ms (0 ms spent in bootstraps)
[2025-10-31T23:41:09.851+0700] {subprocess.py:93} INFO - 25/10/31 23:41:09 INFO Utils: Fetching spark://f7bb1ad77e89:36199/jars/org.checkerframework_checker-qual-3.31.0.jar to /tmp/spark-0124f4f5-1b31-4b53-b986-84dc54cde6b3/userFiles-821c945b-abdd-48e9-af00-ec403d314f5c/fetchFileTemp1515801796020547270.tmp
[2025-10-31T23:41:09.864+0700] {subprocess.py:93} INFO - 25/10/31 23:41:09 INFO Utils: /tmp/spark-0124f4f5-1b31-4b53-b986-84dc54cde6b3/userFiles-821c945b-abdd-48e9-af00-ec403d314f5c/fetchFileTemp1515801796020547270.tmp has been previously copied to /tmp/spark-0124f4f5-1b31-4b53-b986-84dc54cde6b3/userFiles-821c945b-abdd-48e9-af00-ec403d314f5c/org.checkerframework_checker-qual-3.31.0.jar
[2025-10-31T23:41:09.869+0700] {subprocess.py:93} INFO - 25/10/31 23:41:09 INFO Executor: Adding file:/tmp/spark-0124f4f5-1b31-4b53-b986-84dc54cde6b3/userFiles-821c945b-abdd-48e9-af00-ec403d314f5c/org.checkerframework_checker-qual-3.31.0.jar to class loader default
[2025-10-31T23:41:09.869+0700] {subprocess.py:93} INFO - 25/10/31 23:41:09 INFO Executor: Fetching spark://f7bb1ad77e89:36199/jars/org.apache.spark_spark-token-provider-kafka-0-10_2.12-3.5.1.jar with timestamp 1761928869170
[2025-10-31T23:41:09.870+0700] {subprocess.py:93} INFO - 25/10/31 23:41:09 INFO Utils: Fetching spark://f7bb1ad77e89:36199/jars/org.apache.spark_spark-token-provider-kafka-0-10_2.12-3.5.1.jar to /tmp/spark-0124f4f5-1b31-4b53-b986-84dc54cde6b3/userFiles-821c945b-abdd-48e9-af00-ec403d314f5c/fetchFileTemp6758259558921947605.tmp
[2025-10-31T23:41:09.870+0700] {subprocess.py:93} INFO - 25/10/31 23:41:09 INFO Utils: /tmp/spark-0124f4f5-1b31-4b53-b986-84dc54cde6b3/userFiles-821c945b-abdd-48e9-af00-ec403d314f5c/fetchFileTemp6758259558921947605.tmp has been previously copied to /tmp/spark-0124f4f5-1b31-4b53-b986-84dc54cde6b3/userFiles-821c945b-abdd-48e9-af00-ec403d314f5c/org.apache.spark_spark-token-provider-kafka-0-10_2.12-3.5.1.jar
[2025-10-31T23:41:09.875+0700] {subprocess.py:93} INFO - 25/10/31 23:41:09 INFO Executor: Adding file:/tmp/spark-0124f4f5-1b31-4b53-b986-84dc54cde6b3/userFiles-821c945b-abdd-48e9-af00-ec403d314f5c/org.apache.spark_spark-token-provider-kafka-0-10_2.12-3.5.1.jar to class loader default
[2025-10-31T23:41:09.875+0700] {subprocess.py:93} INFO - 25/10/31 23:41:09 INFO Executor: Fetching spark://f7bb1ad77e89:36199/jars/org.apache.kafka_kafka-clients-3.4.1.jar with timestamp 1761928869170
[2025-10-31T23:41:09.875+0700] {subprocess.py:93} INFO - 25/10/31 23:41:09 INFO Utils: Fetching spark://f7bb1ad77e89:36199/jars/org.apache.kafka_kafka-clients-3.4.1.jar to /tmp/spark-0124f4f5-1b31-4b53-b986-84dc54cde6b3/userFiles-821c945b-abdd-48e9-af00-ec403d314f5c/fetchFileTemp14545485029939814150.tmp
[2025-10-31T23:41:09.893+0700] {subprocess.py:93} INFO - 25/10/31 23:41:09 INFO Utils: /tmp/spark-0124f4f5-1b31-4b53-b986-84dc54cde6b3/userFiles-821c945b-abdd-48e9-af00-ec403d314f5c/fetchFileTemp14545485029939814150.tmp has been previously copied to /tmp/spark-0124f4f5-1b31-4b53-b986-84dc54cde6b3/userFiles-821c945b-abdd-48e9-af00-ec403d314f5c/org.apache.kafka_kafka-clients-3.4.1.jar
[2025-10-31T23:41:09.898+0700] {subprocess.py:93} INFO - 25/10/31 23:41:09 INFO Executor: Adding file:/tmp/spark-0124f4f5-1b31-4b53-b986-84dc54cde6b3/userFiles-821c945b-abdd-48e9-af00-ec403d314f5c/org.apache.kafka_kafka-clients-3.4.1.jar to class loader default
[2025-10-31T23:41:09.898+0700] {subprocess.py:93} INFO - 25/10/31 23:41:09 INFO Executor: Fetching spark://f7bb1ad77e89:36199/jars/org.apache.hadoop_hadoop-client-api-3.3.4.jar with timestamp 1761928869170
[2025-10-31T23:41:09.899+0700] {subprocess.py:93} INFO - 25/10/31 23:41:09 INFO Utils: Fetching spark://f7bb1ad77e89:36199/jars/org.apache.hadoop_hadoop-client-api-3.3.4.jar to /tmp/spark-0124f4f5-1b31-4b53-b986-84dc54cde6b3/userFiles-821c945b-abdd-48e9-af00-ec403d314f5c/fetchFileTemp14903767068711512680.tmp
[2025-10-31T23:41:09.944+0700] {subprocess.py:93} INFO - 25/10/31 23:41:09 INFO Utils: /tmp/spark-0124f4f5-1b31-4b53-b986-84dc54cde6b3/userFiles-821c945b-abdd-48e9-af00-ec403d314f5c/fetchFileTemp14903767068711512680.tmp has been previously copied to /tmp/spark-0124f4f5-1b31-4b53-b986-84dc54cde6b3/userFiles-821c945b-abdd-48e9-af00-ec403d314f5c/org.apache.hadoop_hadoop-client-api-3.3.4.jar
[2025-10-31T23:41:09.952+0700] {subprocess.py:93} INFO - 25/10/31 23:41:09 INFO Executor: Adding file:/tmp/spark-0124f4f5-1b31-4b53-b986-84dc54cde6b3/userFiles-821c945b-abdd-48e9-af00-ec403d314f5c/org.apache.hadoop_hadoop-client-api-3.3.4.jar to class loader default
[2025-10-31T23:41:09.953+0700] {subprocess.py:93} INFO - 25/10/31 23:41:09 INFO Executor: Fetching spark://f7bb1ad77e89:36199/jars/org.slf4j_slf4j-api-2.0.7.jar with timestamp 1761928869170
[2025-10-31T23:41:09.953+0700] {subprocess.py:93} INFO - 25/10/31 23:41:09 INFO Utils: Fetching spark://f7bb1ad77e89:36199/jars/org.slf4j_slf4j-api-2.0.7.jar to /tmp/spark-0124f4f5-1b31-4b53-b986-84dc54cde6b3/userFiles-821c945b-abdd-48e9-af00-ec403d314f5c/fetchFileTemp15012179976095253896.tmp
[2025-10-31T23:41:09.954+0700] {subprocess.py:93} INFO - 25/10/31 23:41:09 INFO Utils: /tmp/spark-0124f4f5-1b31-4b53-b986-84dc54cde6b3/userFiles-821c945b-abdd-48e9-af00-ec403d314f5c/fetchFileTemp15012179976095253896.tmp has been previously copied to /tmp/spark-0124f4f5-1b31-4b53-b986-84dc54cde6b3/userFiles-821c945b-abdd-48e9-af00-ec403d314f5c/org.slf4j_slf4j-api-2.0.7.jar
[2025-10-31T23:41:09.958+0700] {subprocess.py:93} INFO - 25/10/31 23:41:09 INFO Executor: Adding file:/tmp/spark-0124f4f5-1b31-4b53-b986-84dc54cde6b3/userFiles-821c945b-abdd-48e9-af00-ec403d314f5c/org.slf4j_slf4j-api-2.0.7.jar to class loader default
[2025-10-31T23:41:09.958+0700] {subprocess.py:93} INFO - 25/10/31 23:41:09 INFO Executor: Fetching spark://f7bb1ad77e89:36199/jars/org.xerial.snappy_snappy-java-1.1.10.3.jar with timestamp 1761928869170
[2025-10-31T23:41:09.959+0700] {subprocess.py:93} INFO - 25/10/31 23:41:09 INFO Utils: Fetching spark://f7bb1ad77e89:36199/jars/org.xerial.snappy_snappy-java-1.1.10.3.jar to /tmp/spark-0124f4f5-1b31-4b53-b986-84dc54cde6b3/userFiles-821c945b-abdd-48e9-af00-ec403d314f5c/fetchFileTemp13667538745531151224.tmp
[2025-10-31T23:41:09.962+0700] {subprocess.py:93} INFO - 25/10/31 23:41:09 INFO Utils: /tmp/spark-0124f4f5-1b31-4b53-b986-84dc54cde6b3/userFiles-821c945b-abdd-48e9-af00-ec403d314f5c/fetchFileTemp13667538745531151224.tmp has been previously copied to /tmp/spark-0124f4f5-1b31-4b53-b986-84dc54cde6b3/userFiles-821c945b-abdd-48e9-af00-ec403d314f5c/org.xerial.snappy_snappy-java-1.1.10.3.jar
[2025-10-31T23:41:09.967+0700] {subprocess.py:93} INFO - 25/10/31 23:41:09 INFO Executor: Adding file:/tmp/spark-0124f4f5-1b31-4b53-b986-84dc54cde6b3/userFiles-821c945b-abdd-48e9-af00-ec403d314f5c/org.xerial.snappy_snappy-java-1.1.10.3.jar to class loader default
[2025-10-31T23:41:09.968+0700] {subprocess.py:93} INFO - 25/10/31 23:41:09 INFO Executor: Fetching spark://f7bb1ad77e89:36199/jars/org.apache.spark_spark-sql-kafka-0-10_2.12-3.5.1.jar with timestamp 1761928869170
[2025-10-31T23:41:09.968+0700] {subprocess.py:93} INFO - 25/10/31 23:41:09 INFO Utils: Fetching spark://f7bb1ad77e89:36199/jars/org.apache.spark_spark-sql-kafka-0-10_2.12-3.5.1.jar to /tmp/spark-0124f4f5-1b31-4b53-b986-84dc54cde6b3/userFiles-821c945b-abdd-48e9-af00-ec403d314f5c/fetchFileTemp15445557386916389374.tmp
[2025-10-31T23:41:09.969+0700] {subprocess.py:93} INFO - 25/10/31 23:41:09 INFO Utils: /tmp/spark-0124f4f5-1b31-4b53-b986-84dc54cde6b3/userFiles-821c945b-abdd-48e9-af00-ec403d314f5c/fetchFileTemp15445557386916389374.tmp has been previously copied to /tmp/spark-0124f4f5-1b31-4b53-b986-84dc54cde6b3/userFiles-821c945b-abdd-48e9-af00-ec403d314f5c/org.apache.spark_spark-sql-kafka-0-10_2.12-3.5.1.jar
[2025-10-31T23:41:09.974+0700] {subprocess.py:93} INFO - 25/10/31 23:41:09 INFO Executor: Adding file:/tmp/spark-0124f4f5-1b31-4b53-b986-84dc54cde6b3/userFiles-821c945b-abdd-48e9-af00-ec403d314f5c/org.apache.spark_spark-sql-kafka-0-10_2.12-3.5.1.jar to class loader default
[2025-10-31T23:41:09.975+0700] {subprocess.py:93} INFO - 25/10/31 23:41:09 INFO Executor: Fetching spark://f7bb1ad77e89:36199/jars/commons-logging_commons-logging-1.1.3.jar with timestamp 1761928869170
[2025-10-31T23:41:09.975+0700] {subprocess.py:93} INFO - 25/10/31 23:41:09 INFO Utils: Fetching spark://f7bb1ad77e89:36199/jars/commons-logging_commons-logging-1.1.3.jar to /tmp/spark-0124f4f5-1b31-4b53-b986-84dc54cde6b3/userFiles-821c945b-abdd-48e9-af00-ec403d314f5c/fetchFileTemp7333229601643382633.tmp
[2025-10-31T23:41:09.975+0700] {subprocess.py:93} INFO - 25/10/31 23:41:09 INFO Utils: /tmp/spark-0124f4f5-1b31-4b53-b986-84dc54cde6b3/userFiles-821c945b-abdd-48e9-af00-ec403d314f5c/fetchFileTemp7333229601643382633.tmp has been previously copied to /tmp/spark-0124f4f5-1b31-4b53-b986-84dc54cde6b3/userFiles-821c945b-abdd-48e9-af00-ec403d314f5c/commons-logging_commons-logging-1.1.3.jar
[2025-10-31T23:41:09.979+0700] {subprocess.py:93} INFO - 25/10/31 23:41:09 INFO Executor: Adding file:/tmp/spark-0124f4f5-1b31-4b53-b986-84dc54cde6b3/userFiles-821c945b-abdd-48e9-af00-ec403d314f5c/commons-logging_commons-logging-1.1.3.jar to class loader default
[2025-10-31T23:41:09.980+0700] {subprocess.py:93} INFO - 25/10/31 23:41:09 INFO Executor: Fetching spark://f7bb1ad77e89:36199/jars/org.lz4_lz4-java-1.8.0.jar with timestamp 1761928869170
[2025-10-31T23:41:09.980+0700] {subprocess.py:93} INFO - 25/10/31 23:41:09 INFO Utils: Fetching spark://f7bb1ad77e89:36199/jars/org.lz4_lz4-java-1.8.0.jar to /tmp/spark-0124f4f5-1b31-4b53-b986-84dc54cde6b3/userFiles-821c945b-abdd-48e9-af00-ec403d314f5c/fetchFileTemp1487390057590572219.tmp
[2025-10-31T23:41:09.981+0700] {subprocess.py:93} INFO - 25/10/31 23:41:09 INFO Utils: /tmp/spark-0124f4f5-1b31-4b53-b986-84dc54cde6b3/userFiles-821c945b-abdd-48e9-af00-ec403d314f5c/fetchFileTemp1487390057590572219.tmp has been previously copied to /tmp/spark-0124f4f5-1b31-4b53-b986-84dc54cde6b3/userFiles-821c945b-abdd-48e9-af00-ec403d314f5c/org.lz4_lz4-java-1.8.0.jar
[2025-10-31T23:41:09.985+0700] {subprocess.py:93} INFO - 25/10/31 23:41:09 INFO Executor: Adding file:/tmp/spark-0124f4f5-1b31-4b53-b986-84dc54cde6b3/userFiles-821c945b-abdd-48e9-af00-ec403d314f5c/org.lz4_lz4-java-1.8.0.jar to class loader default
[2025-10-31T23:41:09.986+0700] {subprocess.py:93} INFO - 25/10/31 23:41:09 INFO Executor: Fetching spark://f7bb1ad77e89:36199/jars/org.postgresql_postgresql-42.6.0.jar with timestamp 1761928869170
[2025-10-31T23:41:09.986+0700] {subprocess.py:93} INFO - 25/10/31 23:41:09 INFO Utils: Fetching spark://f7bb1ad77e89:36199/jars/org.postgresql_postgresql-42.6.0.jar to /tmp/spark-0124f4f5-1b31-4b53-b986-84dc54cde6b3/userFiles-821c945b-abdd-48e9-af00-ec403d314f5c/fetchFileTemp2912986489120997060.tmp
[2025-10-31T23:41:09.988+0700] {subprocess.py:93} INFO - 25/10/31 23:41:09 INFO Utils: /tmp/spark-0124f4f5-1b31-4b53-b986-84dc54cde6b3/userFiles-821c945b-abdd-48e9-af00-ec403d314f5c/fetchFileTemp2912986489120997060.tmp has been previously copied to /tmp/spark-0124f4f5-1b31-4b53-b986-84dc54cde6b3/userFiles-821c945b-abdd-48e9-af00-ec403d314f5c/org.postgresql_postgresql-42.6.0.jar
[2025-10-31T23:41:09.993+0700] {subprocess.py:93} INFO - 25/10/31 23:41:09 INFO Executor: Adding file:/tmp/spark-0124f4f5-1b31-4b53-b986-84dc54cde6b3/userFiles-821c945b-abdd-48e9-af00-ec403d314f5c/org.postgresql_postgresql-42.6.0.jar to class loader default
[2025-10-31T23:41:09.993+0700] {subprocess.py:93} INFO - 25/10/31 23:41:09 INFO Executor: Fetching spark://f7bb1ad77e89:36199/jars/org.apache.commons_commons-pool2-2.11.1.jar with timestamp 1761928869170
[2025-10-31T23:41:09.993+0700] {subprocess.py:93} INFO - 25/10/31 23:41:09 INFO Utils: Fetching spark://f7bb1ad77e89:36199/jars/org.apache.commons_commons-pool2-2.11.1.jar to /tmp/spark-0124f4f5-1b31-4b53-b986-84dc54cde6b3/userFiles-821c945b-abdd-48e9-af00-ec403d314f5c/fetchFileTemp6500244917371105840.tmp
[2025-10-31T23:41:09.994+0700] {subprocess.py:93} INFO - 25/10/31 23:41:09 INFO Utils: /tmp/spark-0124f4f5-1b31-4b53-b986-84dc54cde6b3/userFiles-821c945b-abdd-48e9-af00-ec403d314f5c/fetchFileTemp6500244917371105840.tmp has been previously copied to /tmp/spark-0124f4f5-1b31-4b53-b986-84dc54cde6b3/userFiles-821c945b-abdd-48e9-af00-ec403d314f5c/org.apache.commons_commons-pool2-2.11.1.jar
[2025-10-31T23:41:09.998+0700] {subprocess.py:93} INFO - 25/10/31 23:41:09 INFO Executor: Adding file:/tmp/spark-0124f4f5-1b31-4b53-b986-84dc54cde6b3/userFiles-821c945b-abdd-48e9-af00-ec403d314f5c/org.apache.commons_commons-pool2-2.11.1.jar to class loader default
[2025-10-31T23:41:09.998+0700] {subprocess.py:93} INFO - 25/10/31 23:41:09 INFO Executor: Fetching spark://f7bb1ad77e89:36199/jars/com.google.code.findbugs_jsr305-3.0.0.jar with timestamp 1761928869170
[2025-10-31T23:41:09.998+0700] {subprocess.py:93} INFO - 25/10/31 23:41:09 INFO Utils: Fetching spark://f7bb1ad77e89:36199/jars/com.google.code.findbugs_jsr305-3.0.0.jar to /tmp/spark-0124f4f5-1b31-4b53-b986-84dc54cde6b3/userFiles-821c945b-abdd-48e9-af00-ec403d314f5c/fetchFileTemp13986234643833915543.tmp
[2025-10-31T23:41:09.998+0700] {subprocess.py:93} INFO - 25/10/31 23:41:09 INFO Utils: /tmp/spark-0124f4f5-1b31-4b53-b986-84dc54cde6b3/userFiles-821c945b-abdd-48e9-af00-ec403d314f5c/fetchFileTemp13986234643833915543.tmp has been previously copied to /tmp/spark-0124f4f5-1b31-4b53-b986-84dc54cde6b3/userFiles-821c945b-abdd-48e9-af00-ec403d314f5c/com.google.code.findbugs_jsr305-3.0.0.jar
[2025-10-31T23:41:10.003+0700] {subprocess.py:93} INFO - 25/10/31 23:41:10 INFO Executor: Adding file:/tmp/spark-0124f4f5-1b31-4b53-b986-84dc54cde6b3/userFiles-821c945b-abdd-48e9-af00-ec403d314f5c/com.google.code.findbugs_jsr305-3.0.0.jar to class loader default
[2025-10-31T23:41:10.003+0700] {subprocess.py:93} INFO - 25/10/31 23:41:10 INFO Executor: Fetching spark://f7bb1ad77e89:36199/jars/org.apache.hadoop_hadoop-client-runtime-3.3.4.jar with timestamp 1761928869170
[2025-10-31T23:41:10.003+0700] {subprocess.py:93} INFO - 25/10/31 23:41:10 INFO Utils: Fetching spark://f7bb1ad77e89:36199/jars/org.apache.hadoop_hadoop-client-runtime-3.3.4.jar to /tmp/spark-0124f4f5-1b31-4b53-b986-84dc54cde6b3/userFiles-821c945b-abdd-48e9-af00-ec403d314f5c/fetchFileTemp5564116860012637295.tmp
[2025-10-31T23:41:10.064+0700] {subprocess.py:93} INFO - 25/10/31 23:41:10 INFO Utils: /tmp/spark-0124f4f5-1b31-4b53-b986-84dc54cde6b3/userFiles-821c945b-abdd-48e9-af00-ec403d314f5c/fetchFileTemp5564116860012637295.tmp has been previously copied to /tmp/spark-0124f4f5-1b31-4b53-b986-84dc54cde6b3/userFiles-821c945b-abdd-48e9-af00-ec403d314f5c/org.apache.hadoop_hadoop-client-runtime-3.3.4.jar
[2025-10-31T23:41:10.076+0700] {subprocess.py:93} INFO - 25/10/31 23:41:10 INFO Executor: Adding file:/tmp/spark-0124f4f5-1b31-4b53-b986-84dc54cde6b3/userFiles-821c945b-abdd-48e9-af00-ec403d314f5c/org.apache.hadoop_hadoop-client-runtime-3.3.4.jar to class loader default
[2025-10-31T23:41:10.080+0700] {subprocess.py:93} INFO - 25/10/31 23:41:10 INFO Utils: Successfully started service 'org.apache.spark.network.netty.NettyBlockTransferService' on port 39693.
[2025-10-31T23:41:10.080+0700] {subprocess.py:93} INFO - 25/10/31 23:41:10 INFO NettyBlockTransferService: Server created on f7bb1ad77e89:39693
[2025-10-31T23:41:10.080+0700] {subprocess.py:93} INFO - 25/10/31 23:41:10 INFO BlockManager: Using org.apache.spark.storage.RandomBlockReplicationPolicy for block replication policy
[2025-10-31T23:41:10.083+0700] {subprocess.py:93} INFO - 25/10/31 23:41:10 INFO BlockManagerMaster: Registering BlockManager BlockManagerId(driver, f7bb1ad77e89, 39693, None)
[2025-10-31T23:41:10.084+0700] {subprocess.py:93} INFO - 25/10/31 23:41:10 INFO BlockManagerMasterEndpoint: Registering block manager f7bb1ad77e89:39693 with 434.4 MiB RAM, BlockManagerId(driver, f7bb1ad77e89, 39693, None)
[2025-10-31T23:41:10.085+0700] {subprocess.py:93} INFO - 25/10/31 23:41:10 INFO BlockManagerMaster: Registered BlockManager BlockManagerId(driver, f7bb1ad77e89, 39693, None)
[2025-10-31T23:41:10.086+0700] {subprocess.py:93} INFO - 25/10/31 23:41:10 INFO BlockManager: Initialized BlockManager: BlockManagerId(driver, f7bb1ad77e89, 39693, None)
[2025-10-31T23:41:10.227+0700] {subprocess.py:93} INFO - [Consumer] ðŸš€ Spark Structured Streaming started...
[2025-10-31T23:41:10.971+0700] {subprocess.py:93} INFO - Downloading https://github.com/ultralytics/assets/releases/download/v8.2.0/yolov8n.pt to 'yolov8n.pt'...
[2025-10-31T23:41:13.200+0700] {subprocess.py:93} INFO -   0%|          | 0.00/6.25M [00:00<?, ?B/s]  4%|â–         | 256k/6.25M [00:00<00:02, 2.16MB/s] 22%|â–ˆâ–ˆâ–       | 1.38M/6.25M [00:00<00:00, 7.12MB/s] 48%|â–ˆâ–ˆâ–ˆâ–ˆâ–Š     | 3.00M/6.25M [00:00<00:00, 11.1MB/s] 66%|â–ˆâ–ˆâ–ˆâ–ˆâ–ˆâ–ˆâ–Œ   | 4.12M/6.25M [00:00<00:00, 9.66MB/s]100%|â–ˆâ–ˆâ–ˆâ–ˆâ–ˆâ–ˆâ–ˆâ–ˆâ–ˆâ–ˆ| 6.25M/6.25M [00:00<00:00, 11.7MB/s]
[2025-10-31T23:41:13.539+0700] {subprocess.py:93} INFO - 25/10/31 23:41:13 WARN ResolveWriteToStream: spark.sql.adaptive.enabled is not supported in streaming DataFrames/Datasets and will be disabled.
[2025-10-31T23:41:13.647+0700] {subprocess.py:93} INFO - [Consumer] ðŸ§  Waiting for streaming data...
[2025-10-31T23:41:13.810+0700] {subprocess.py:93} INFO - 25/10/31 23:41:13 WARN AdminClientConfig: These configurations '[key.deserializer, value.deserializer, enable.auto.commit, max.poll.records, auto.offset.reset]' were supplied but are not used yet.
[2025-10-31T23:41:14.715+0700] {subprocess.py:93} INFO - 
[2025-10-31T23:41:14.715+0700] {subprocess.py:93} INFO - ==============================
[2025-10-31T23:41:14.716+0700] {subprocess.py:93} INFO - [Batch 0] Writing 0 rows to PostgreSQL
[2025-10-31T23:41:14.716+0700] {subprocess.py:93} INFO - ==============================
[2025-10-31T23:41:14.883+0700] {subprocess.py:93} INFO - 25/10/31 23:41:14 ERROR MicroBatchExecution: Query [id = c9cf82bd-833d-444b-883e-2e3225f57b31, runId = e7178cda-0efa-4656-8c83-bcf78bbbfead] terminated with error
[2025-10-31T23:41:14.884+0700] {subprocess.py:93} INFO - py4j.Py4JException: An exception was raised by the Python Proxy. Return Message: Traceback (most recent call last):
[2025-10-31T23:41:14.884+0700] {subprocess.py:93} INFO -   File "/home/***/.local/lib/python3.12/site-packages/pyspark/python/lib/py4j-0.10.9.7-src.zip/py4j/clientserver.py", line 617, in _call_proxy
[2025-10-31T23:41:14.885+0700] {subprocess.py:93} INFO -     return_value = getattr(self.pool[obj_id], method)(*params)
[2025-10-31T23:41:14.885+0700] {subprocess.py:93} INFO -                    ^^^^^^^^^^^^^^^^^^^^^^^^^^^^^^^^^^^^^^^^^^^
[2025-10-31T23:41:14.885+0700] {subprocess.py:93} INFO -   File "/home/***/.local/lib/python3.12/site-packages/pyspark/python/lib/pyspark.zip/pyspark/sql/utils.py", line 120, in call
[2025-10-31T23:41:14.885+0700] {subprocess.py:93} INFO -     raise e
[2025-10-31T23:41:14.886+0700] {subprocess.py:93} INFO -   File "/home/***/.local/lib/python3.12/site-packages/pyspark/python/lib/pyspark.zip/pyspark/sql/utils.py", line 117, in call
[2025-10-31T23:41:14.886+0700] {subprocess.py:93} INFO -     self.func(DataFrame(jdf, wrapped_session_jdf), batch_id)
[2025-10-31T23:41:14.886+0700] {subprocess.py:93} INFO -   File "/opt/***/projects/vehicle_count/scripts/vehicle_consumer.py", line 144, in write_to_postgres
[2025-10-31T23:41:14.886+0700] {subprocess.py:93} INFO -     .jdbc(
[2025-10-31T23:41:14.887+0700] {subprocess.py:93} INFO -      ^^^^^
[2025-10-31T23:41:14.887+0700] {subprocess.py:93} INFO -   File "/home/***/.local/lib/python3.12/site-packages/pyspark/python/lib/pyspark.zip/pyspark/sql/readwriter.py", line 1984, in jdbc
[2025-10-31T23:41:14.887+0700] {subprocess.py:93} INFO -     self.mode(mode)._jwrite.jdbc(url, table, jprop)
[2025-10-31T23:41:14.887+0700] {subprocess.py:93} INFO -   File "/home/***/.local/lib/python3.12/site-packages/pyspark/python/lib/py4j-0.10.9.7-src.zip/py4j/java_gateway.py", line 1322, in __call__
[2025-10-31T23:41:14.888+0700] {subprocess.py:93} INFO -     return_value = get_return_value(
[2025-10-31T23:41:14.888+0700] {subprocess.py:93} INFO -                    ^^^^^^^^^^^^^^^^^
[2025-10-31T23:41:14.888+0700] {subprocess.py:93} INFO -   File "/home/***/.local/lib/python3.12/site-packages/pyspark/python/lib/pyspark.zip/pyspark/errors/exceptions/captured.py", line 179, in deco
[2025-10-31T23:41:14.888+0700] {subprocess.py:93} INFO -     return f(*a, **kw)
[2025-10-31T23:41:14.889+0700] {subprocess.py:93} INFO -            ^^^^^^^^^^^
[2025-10-31T23:41:14.889+0700] {subprocess.py:93} INFO -   File "/home/***/.local/lib/python3.12/site-packages/pyspark/python/lib/py4j-0.10.9.7-src.zip/py4j/protocol.py", line 326, in get_return_value
[2025-10-31T23:41:14.889+0700] {subprocess.py:93} INFO -     raise Py4JJavaError(
[2025-10-31T23:41:14.889+0700] {subprocess.py:93} INFO - py4j.protocol.Py4JJavaError: An error occurred while calling o100.jdbc.
[2025-10-31T23:41:14.889+0700] {subprocess.py:93} INFO - : org.postgresql.util.PSQLException: FATAL: database "vehicle_db" does not exist
[2025-10-31T23:41:14.890+0700] {subprocess.py:93} INFO - 	at org.postgresql.core.v3.QueryExecutorImpl.receiveErrorResponse(QueryExecutorImpl.java:2713)
[2025-10-31T23:41:14.890+0700] {subprocess.py:93} INFO - 	at org.postgresql.core.v3.QueryExecutorImpl.readStartupMessages(QueryExecutorImpl.java:2825)
[2025-10-31T23:41:14.890+0700] {subprocess.py:93} INFO - 	at org.postgresql.core.v3.QueryExecutorImpl.<init>(QueryExecutorImpl.java:175)
[2025-10-31T23:41:14.890+0700] {subprocess.py:93} INFO - 	at org.postgresql.core.v3.ConnectionFactoryImpl.openConnectionImpl(ConnectionFactoryImpl.java:313)
[2025-10-31T23:41:14.890+0700] {subprocess.py:93} INFO - 	at org.postgresql.core.ConnectionFactory.openConnection(ConnectionFactory.java:54)
[2025-10-31T23:41:14.891+0700] {subprocess.py:93} INFO - 	at org.postgresql.jdbc.PgConnection.<init>(PgConnection.java:263)
[2025-10-31T23:41:14.891+0700] {subprocess.py:93} INFO - 	at org.postgresql.Driver.makeConnection(Driver.java:443)
[2025-10-31T23:41:14.891+0700] {subprocess.py:93} INFO - 	at org.postgresql.Driver.connect(Driver.java:297)
[2025-10-31T23:41:14.891+0700] {subprocess.py:93} INFO - 	at org.apache.spark.sql.execution.datasources.jdbc.connection.BasicConnectionProvider.getConnection(BasicConnectionProvider.scala:49)
[2025-10-31T23:41:14.891+0700] {subprocess.py:93} INFO - 	at org.apache.spark.sql.execution.datasources.jdbc.connection.ConnectionProviderBase.create(ConnectionProvider.scala:102)
[2025-10-31T23:41:14.891+0700] {subprocess.py:93} INFO - 	at org.apache.spark.sql.jdbc.JdbcDialect.$anonfun$createConnectionFactory$1(JdbcDialects.scala:160)
[2025-10-31T23:41:14.892+0700] {subprocess.py:93} INFO - 	at org.apache.spark.sql.jdbc.JdbcDialect.$anonfun$createConnectionFactory$1$adapted(JdbcDialects.scala:156)
[2025-10-31T23:41:14.892+0700] {subprocess.py:93} INFO - 	at org.apache.spark.sql.execution.datasources.jdbc.JdbcRelationProvider.createRelation(JdbcRelationProvider.scala:50)
[2025-10-31T23:41:14.892+0700] {subprocess.py:93} INFO - 	at org.apache.spark.sql.execution.datasources.SaveIntoDataSourceCommand.run(SaveIntoDataSourceCommand.scala:48)
[2025-10-31T23:41:14.892+0700] {subprocess.py:93} INFO - 	at org.apache.spark.sql.execution.command.ExecutedCommandExec.sideEffectResult$lzycompute(commands.scala:75)
[2025-10-31T23:41:14.892+0700] {subprocess.py:93} INFO - 	at org.apache.spark.sql.execution.command.ExecutedCommandExec.sideEffectResult(commands.scala:73)
[2025-10-31T23:41:14.893+0700] {subprocess.py:93} INFO - 	at org.apache.spark.sql.execution.command.ExecutedCommandExec.executeCollect(commands.scala:84)
[2025-10-31T23:41:14.893+0700] {subprocess.py:93} INFO - 	at org.apache.spark.sql.execution.QueryExecution$$anonfun$eagerlyExecuteCommands$1.$anonfun$applyOrElse$1(QueryExecution.scala:107)
[2025-10-31T23:41:14.893+0700] {subprocess.py:93} INFO - 	at org.apache.spark.sql.execution.SQLExecution$.$anonfun$withNewExecutionId$6(SQLExecution.scala:125)
[2025-10-31T23:41:14.893+0700] {subprocess.py:93} INFO - 	at org.apache.spark.sql.execution.SQLExecution$.withSQLConfPropagated(SQLExecution.scala:201)
[2025-10-31T23:41:14.893+0700] {subprocess.py:93} INFO - 	at org.apache.spark.sql.execution.SQLExecution$.$anonfun$withNewExecutionId$1(SQLExecution.scala:108)
[2025-10-31T23:41:14.893+0700] {subprocess.py:93} INFO - 	at org.apache.spark.sql.SparkSession.withActive(SparkSession.scala:900)
[2025-10-31T23:41:14.894+0700] {subprocess.py:93} INFO - 	at org.apache.spark.sql.execution.SQLExecution$.withNewExecutionId(SQLExecution.scala:66)
[2025-10-31T23:41:14.894+0700] {subprocess.py:93} INFO - 	at org.apache.spark.sql.execution.QueryExecution$$anonfun$eagerlyExecuteCommands$1.applyOrElse(QueryExecution.scala:107)
[2025-10-31T23:41:14.894+0700] {subprocess.py:93} INFO - 	at org.apache.spark.sql.execution.QueryExecution$$anonfun$eagerlyExecuteCommands$1.applyOrElse(QueryExecution.scala:98)
[2025-10-31T23:41:14.894+0700] {subprocess.py:93} INFO - 	at org.apache.spark.sql.catalyst.trees.TreeNode.$anonfun$transformDownWithPruning$1(TreeNode.scala:461)
[2025-10-31T23:41:14.894+0700] {subprocess.py:93} INFO - 	at org.apache.spark.sql.catalyst.trees.CurrentOrigin$.withOrigin(origin.scala:76)
[2025-10-31T23:41:14.895+0700] {subprocess.py:93} INFO - 	at org.apache.spark.sql.catalyst.trees.TreeNode.transformDownWithPruning(TreeNode.scala:461)
[2025-10-31T23:41:14.895+0700] {subprocess.py:93} INFO - 	at org.apache.spark.sql.catalyst.plans.logical.LogicalPlan.org$apache$spark$sql$catalyst$plans$logical$AnalysisHelper$$super$transformDownWithPruning(LogicalPlan.scala:32)
[2025-10-31T23:41:14.895+0700] {subprocess.py:93} INFO - 	at org.apache.spark.sql.catalyst.plans.logical.AnalysisHelper.transformDownWithPruning(AnalysisHelper.scala:267)
[2025-10-31T23:41:14.895+0700] {subprocess.py:93} INFO - 	at org.apache.spark.sql.catalyst.plans.logical.AnalysisHelper.transformDownWithPruning$(AnalysisHelper.scala:263)
[2025-10-31T23:41:14.895+0700] {subprocess.py:93} INFO - 	at org.apache.spark.sql.catalyst.plans.logical.LogicalPlan.transformDownWithPruning(LogicalPlan.scala:32)
[2025-10-31T23:41:14.895+0700] {subprocess.py:93} INFO - 	at org.apache.spark.sql.catalyst.plans.logical.LogicalPlan.transformDownWithPruning(LogicalPlan.scala:32)
[2025-10-31T23:41:14.896+0700] {subprocess.py:93} INFO - 	at org.apache.spark.sql.catalyst.trees.TreeNode.transformDown(TreeNode.scala:437)
[2025-10-31T23:41:14.896+0700] {subprocess.py:93} INFO - 	at org.apache.spark.sql.execution.QueryExecution.eagerlyExecuteCommands(QueryExecution.scala:98)
[2025-10-31T23:41:14.896+0700] {subprocess.py:93} INFO - 	at org.apache.spark.sql.execution.QueryExecution.commandExecuted$lzycompute(QueryExecution.scala:85)
[2025-10-31T23:41:14.896+0700] {subprocess.py:93} INFO - 	at org.apache.spark.sql.execution.QueryExecution.commandExecuted(QueryExecution.scala:83)
[2025-10-31T23:41:14.896+0700] {subprocess.py:93} INFO - 	at org.apache.spark.sql.execution.QueryExecution.assertCommandExecuted(QueryExecution.scala:142)
[2025-10-31T23:41:14.896+0700] {subprocess.py:93} INFO - 	at org.apache.spark.sql.DataFrameWriter.runCommand(DataFrameWriter.scala:859)
[2025-10-31T23:41:14.897+0700] {subprocess.py:93} INFO - 	at org.apache.spark.sql.DataFrameWriter.saveToV1Source(DataFrameWriter.scala:388)
[2025-10-31T23:41:14.897+0700] {subprocess.py:93} INFO - 	at org.apache.spark.sql.DataFrameWriter.saveInternal(DataFrameWriter.scala:361)
[2025-10-31T23:41:14.897+0700] {subprocess.py:93} INFO - 	at org.apache.spark.sql.DataFrameWriter.save(DataFrameWriter.scala:248)
[2025-10-31T23:41:14.897+0700] {subprocess.py:93} INFO - 	at org.apache.spark.sql.DataFrameWriter.jdbc(DataFrameWriter.scala:756)
[2025-10-31T23:41:14.897+0700] {subprocess.py:93} INFO - 	at java.base/jdk.internal.reflect.NativeMethodAccessorImpl.invoke0(Native Method)
[2025-10-31T23:41:14.897+0700] {subprocess.py:93} INFO - 	at java.base/jdk.internal.reflect.NativeMethodAccessorImpl.invoke(NativeMethodAccessorImpl.java:77)
[2025-10-31T23:41:14.898+0700] {subprocess.py:93} INFO - 	at java.base/jdk.internal.reflect.DelegatingMethodAccessorImpl.invoke(DelegatingMethodAccessorImpl.java:43)
[2025-10-31T23:41:14.898+0700] {subprocess.py:93} INFO - 	at java.base/java.lang.reflect.Method.invoke(Method.java:569)
[2025-10-31T23:41:14.898+0700] {subprocess.py:93} INFO - 	at py4j.reflection.MethodInvoker.invoke(MethodInvoker.java:244)
[2025-10-31T23:41:14.898+0700] {subprocess.py:93} INFO - 	at py4j.reflection.ReflectionEngine.invoke(ReflectionEngine.java:374)
[2025-10-31T23:41:14.898+0700] {subprocess.py:93} INFO - 	at py4j.Gateway.invoke(Gateway.java:282)
[2025-10-31T23:41:14.899+0700] {subprocess.py:93} INFO - 	at py4j.commands.AbstractCommand.invokeMethod(AbstractCommand.java:132)
[2025-10-31T23:41:14.899+0700] {subprocess.py:93} INFO - 	at py4j.commands.CallCommand.execute(CallCommand.java:79)
[2025-10-31T23:41:14.899+0700] {subprocess.py:93} INFO - 	at py4j.ClientServerConnection.sendCommand(ClientServerConnection.java:244)
[2025-10-31T23:41:14.899+0700] {subprocess.py:93} INFO - 	at py4j.CallbackClient.sendCommand(CallbackClient.java:384)
[2025-10-31T23:41:14.899+0700] {subprocess.py:93} INFO - 	at py4j.CallbackClient.sendCommand(CallbackClient.java:356)
[2025-10-31T23:41:14.899+0700] {subprocess.py:93} INFO - 	at py4j.reflection.PythonProxyHandler.invoke(PythonProxyHandler.java:106)
[2025-10-31T23:41:14.899+0700] {subprocess.py:93} INFO - 	at jdk.proxy3/jdk.proxy3.$Proxy31.call(Unknown Source)
[2025-10-31T23:41:14.900+0700] {subprocess.py:93} INFO - 	at org.apache.spark.sql.execution.streaming.sources.PythonForeachBatchHelper$.$anonfun$callForeachBatch$1(ForeachBatchSink.scala:53)
[2025-10-31T23:41:14.900+0700] {subprocess.py:93} INFO - 	at org.apache.spark.sql.execution.streaming.sources.PythonForeachBatchHelper$.$anonfun$callForeachBatch$1$adapted(ForeachBatchSink.scala:53)
[2025-10-31T23:41:14.900+0700] {subprocess.py:93} INFO - 	at org.apache.spark.sql.execution.streaming.sources.ForeachBatchSink.addBatch(ForeachBatchSink.scala:34)
[2025-10-31T23:41:14.900+0700] {subprocess.py:93} INFO - 	at org.apache.spark.sql.execution.streaming.MicroBatchExecution.$anonfun$runBatch$17(MicroBatchExecution.scala:732)
[2025-10-31T23:41:14.900+0700] {subprocess.py:93} INFO - 	at org.apache.spark.sql.execution.SQLExecution$.$anonfun$withNewExecutionId$6(SQLExecution.scala:125)
[2025-10-31T23:41:14.901+0700] {subprocess.py:93} INFO - 	at org.apache.spark.sql.execution.SQLExecution$.withSQLConfPropagated(SQLExecution.scala:201)
[2025-10-31T23:41:14.901+0700] {subprocess.py:93} INFO - 	at org.apache.spark.sql.execution.SQLExecution$.$anonfun$withNewExecutionId$1(SQLExecution.scala:108)
[2025-10-31T23:41:14.901+0700] {subprocess.py:93} INFO - 	at org.apache.spark.sql.SparkSession.withActive(SparkSession.scala:900)
[2025-10-31T23:41:14.901+0700] {subprocess.py:93} INFO - 	at org.apache.spark.sql.execution.SQLExecution$.withNewExecutionId(SQLExecution.scala:66)
[2025-10-31T23:41:14.901+0700] {subprocess.py:93} INFO - 	at org.apache.spark.sql.execution.streaming.MicroBatchExecution.$anonfun$runBatch$16(MicroBatchExecution.scala:729)
[2025-10-31T23:41:14.901+0700] {subprocess.py:93} INFO - 	at org.apache.spark.sql.execution.streaming.ProgressReporter.reportTimeTaken(ProgressReporter.scala:427)
[2025-10-31T23:41:14.901+0700] {subprocess.py:93} INFO - 	at org.apache.spark.sql.execution.streaming.ProgressReporter.reportTimeTaken$(ProgressReporter.scala:425)
[2025-10-31T23:41:14.902+0700] {subprocess.py:93} INFO - 	at org.apache.spark.sql.execution.streaming.StreamExecution.reportTimeTaken(StreamExecution.scala:67)
[2025-10-31T23:41:14.902+0700] {subprocess.py:93} INFO - 	at org.apache.spark.sql.execution.streaming.MicroBatchExecution.runBatch(MicroBatchExecution.scala:729)
[2025-10-31T23:41:14.902+0700] {subprocess.py:93} INFO - 	at org.apache.spark.sql.execution.streaming.MicroBatchExecution.$anonfun$runActivatedStream$2(MicroBatchExecution.scala:286)
[2025-10-31T23:41:14.902+0700] {subprocess.py:93} INFO - 	at scala.runtime.java8.JFunction0$mcV$sp.apply(JFunction0$mcV$sp.java:23)
[2025-10-31T23:41:14.902+0700] {subprocess.py:93} INFO - 	at org.apache.spark.sql.execution.streaming.ProgressReporter.reportTimeTaken(ProgressReporter.scala:427)
[2025-10-31T23:41:14.902+0700] {subprocess.py:93} INFO - 	at org.apache.spark.sql.execution.streaming.ProgressReporter.reportTimeTaken$(ProgressReporter.scala:425)
[2025-10-31T23:41:14.903+0700] {subprocess.py:93} INFO - 	at org.apache.spark.sql.execution.streaming.StreamExecution.reportTimeTaken(StreamExecution.scala:67)
[2025-10-31T23:41:14.903+0700] {subprocess.py:93} INFO - 	at org.apache.spark.sql.execution.streaming.MicroBatchExecution.$anonfun$runActivatedStream$1(MicroBatchExecution.scala:249)
[2025-10-31T23:41:14.903+0700] {subprocess.py:93} INFO - 	at org.apache.spark.sql.execution.streaming.ProcessingTimeExecutor.execute(TriggerExecutor.scala:67)
[2025-10-31T23:41:14.903+0700] {subprocess.py:93} INFO - 	at org.apache.spark.sql.execution.streaming.MicroBatchExecution.runActivatedStream(MicroBatchExecution.scala:239)
[2025-10-31T23:41:14.903+0700] {subprocess.py:93} INFO - 	at org.apache.spark.sql.execution.streaming.StreamExecution.$anonfun$runStream$1(StreamExecution.scala:311)
[2025-10-31T23:41:14.903+0700] {subprocess.py:93} INFO - 	at scala.runtime.java8.JFunction0$mcV$sp.apply(JFunction0$mcV$sp.java:23)
[2025-10-31T23:41:14.903+0700] {subprocess.py:93} INFO - 	at org.apache.spark.sql.SparkSession.withActive(SparkSession.scala:900)
[2025-10-31T23:41:14.904+0700] {subprocess.py:93} INFO - 	at org.apache.spark.sql.execution.streaming.StreamExecution.org$apache$spark$sql$execution$streaming$StreamExecution$$runStream(StreamExecution.scala:289)
[2025-10-31T23:41:14.904+0700] {subprocess.py:93} INFO - 	at org.apache.spark.sql.execution.streaming.StreamExecution$$anon$1.$anonfun$run$1(StreamExecution.scala:211)
[2025-10-31T23:41:14.904+0700] {subprocess.py:93} INFO - 	at scala.runtime.java8.JFunction0$mcV$sp.apply(JFunction0$mcV$sp.java:23)
[2025-10-31T23:41:14.904+0700] {subprocess.py:93} INFO - 	at org.apache.spark.JobArtifactSet$.withActiveJobArtifactState(JobArtifactSet.scala:94)
[2025-10-31T23:41:14.904+0700] {subprocess.py:93} INFO - 	at org.apache.spark.sql.execution.streaming.StreamExecution$$anon$1.run(StreamExecution.scala:211)
[2025-10-31T23:41:14.904+0700] {subprocess.py:93} INFO - 
[2025-10-31T23:41:14.905+0700] {subprocess.py:93} INFO - 
[2025-10-31T23:41:14.905+0700] {subprocess.py:93} INFO - 	at py4j.Protocol.getReturnValue(Protocol.java:476)
[2025-10-31T23:41:14.905+0700] {subprocess.py:93} INFO - 	at py4j.reflection.PythonProxyHandler.invoke(PythonProxyHandler.java:108)
[2025-10-31T23:41:14.905+0700] {subprocess.py:93} INFO - 	at jdk.proxy3/jdk.proxy3.$Proxy31.call(Unknown Source)
[2025-10-31T23:41:14.905+0700] {subprocess.py:93} INFO - 	at org.apache.spark.sql.execution.streaming.sources.PythonForeachBatchHelper$.$anonfun$callForeachBatch$1(ForeachBatchSink.scala:53)
[2025-10-31T23:41:14.905+0700] {subprocess.py:93} INFO - 	at org.apache.spark.sql.execution.streaming.sources.PythonForeachBatchHelper$.$anonfun$callForeachBatch$1$adapted(ForeachBatchSink.scala:53)
[2025-10-31T23:41:14.906+0700] {subprocess.py:93} INFO - 	at org.apache.spark.sql.execution.streaming.sources.ForeachBatchSink.addBatch(ForeachBatchSink.scala:34)
[2025-10-31T23:41:14.906+0700] {subprocess.py:93} INFO - 	at org.apache.spark.sql.execution.streaming.MicroBatchExecution.$anonfun$runBatch$17(MicroBatchExecution.scala:732)
[2025-10-31T23:41:14.906+0700] {subprocess.py:93} INFO - 	at org.apache.spark.sql.execution.SQLExecution$.$anonfun$withNewExecutionId$6(SQLExecution.scala:125)
[2025-10-31T23:41:14.906+0700] {subprocess.py:93} INFO - 	at org.apache.spark.sql.execution.SQLExecution$.withSQLConfPropagated(SQLExecution.scala:201)
[2025-10-31T23:41:14.906+0700] {subprocess.py:93} INFO - 	at org.apache.spark.sql.execution.SQLExecution$.$anonfun$withNewExecutionId$1(SQLExecution.scala:108)
[2025-10-31T23:41:14.906+0700] {subprocess.py:93} INFO - 	at org.apache.spark.sql.SparkSession.withActive(SparkSession.scala:900)
[2025-10-31T23:41:14.906+0700] {subprocess.py:93} INFO - 	at org.apache.spark.sql.execution.SQLExecution$.withNewExecutionId(SQLExecution.scala:66)
[2025-10-31T23:41:14.907+0700] {subprocess.py:93} INFO - 	at org.apache.spark.sql.execution.streaming.MicroBatchExecution.$anonfun$runBatch$16(MicroBatchExecution.scala:729)
[2025-10-31T23:41:14.907+0700] {subprocess.py:93} INFO - 	at org.apache.spark.sql.execution.streaming.ProgressReporter.reportTimeTaken(ProgressReporter.scala:427)
[2025-10-31T23:41:14.907+0700] {subprocess.py:93} INFO - 	at org.apache.spark.sql.execution.streaming.ProgressReporter.reportTimeTaken$(ProgressReporter.scala:425)
[2025-10-31T23:41:14.907+0700] {subprocess.py:93} INFO - 	at org.apache.spark.sql.execution.streaming.StreamExecution.reportTimeTaken(StreamExecution.scala:67)
[2025-10-31T23:41:14.907+0700] {subprocess.py:93} INFO - 	at org.apache.spark.sql.execution.streaming.MicroBatchExecution.runBatch(MicroBatchExecution.scala:729)
[2025-10-31T23:41:14.907+0700] {subprocess.py:93} INFO - 	at org.apache.spark.sql.execution.streaming.MicroBatchExecution.$anonfun$runActivatedStream$2(MicroBatchExecution.scala:286)
[2025-10-31T23:41:14.908+0700] {subprocess.py:93} INFO - 	at scala.runtime.java8.JFunction0$mcV$sp.apply(JFunction0$mcV$sp.java:23)
[2025-10-31T23:41:14.908+0700] {subprocess.py:93} INFO - 	at org.apache.spark.sql.execution.streaming.ProgressReporter.reportTimeTaken(ProgressReporter.scala:427)
[2025-10-31T23:41:14.908+0700] {subprocess.py:93} INFO - 	at org.apache.spark.sql.execution.streaming.ProgressReporter.reportTimeTaken$(ProgressReporter.scala:425)
[2025-10-31T23:41:14.908+0700] {subprocess.py:93} INFO - 	at org.apache.spark.sql.execution.streaming.StreamExecution.reportTimeTaken(StreamExecution.scala:67)
[2025-10-31T23:41:14.908+0700] {subprocess.py:93} INFO - 	at org.apache.spark.sql.execution.streaming.MicroBatchExecution.$anonfun$runActivatedStream$1(MicroBatchExecution.scala:249)
[2025-10-31T23:41:14.908+0700] {subprocess.py:93} INFO - 	at org.apache.spark.sql.execution.streaming.ProcessingTimeExecutor.execute(TriggerExecutor.scala:67)
[2025-10-31T23:41:14.908+0700] {subprocess.py:93} INFO - 	at org.apache.spark.sql.execution.streaming.MicroBatchExecution.runActivatedStream(MicroBatchExecution.scala:239)
[2025-10-31T23:41:14.909+0700] {subprocess.py:93} INFO - 	at org.apache.spark.sql.execution.streaming.StreamExecution.$anonfun$runStream$1(StreamExecution.scala:311)
[2025-10-31T23:41:14.909+0700] {subprocess.py:93} INFO - 	at scala.runtime.java8.JFunction0$mcV$sp.apply(JFunction0$mcV$sp.java:23)
[2025-10-31T23:41:14.909+0700] {subprocess.py:93} INFO - 	at org.apache.spark.sql.SparkSession.withActive(SparkSession.scala:900)
[2025-10-31T23:41:14.909+0700] {subprocess.py:93} INFO - 	at org.apache.spark.sql.execution.streaming.StreamExecution.org$apache$spark$sql$execution$streaming$StreamExecution$$runStream(StreamExecution.scala:289)
[2025-10-31T23:41:14.909+0700] {subprocess.py:93} INFO - 	at org.apache.spark.sql.execution.streaming.StreamExecution$$anon$1.$anonfun$run$1(StreamExecution.scala:211)
[2025-10-31T23:41:14.909+0700] {subprocess.py:93} INFO - 	at scala.runtime.java8.JFunction0$mcV$sp.apply(JFunction0$mcV$sp.java:23)
[2025-10-31T23:41:14.910+0700] {subprocess.py:93} INFO - 	at org.apache.spark.JobArtifactSet$.withActiveJobArtifactState(JobArtifactSet.scala:94)
[2025-10-31T23:41:14.910+0700] {subprocess.py:93} INFO - 	at org.apache.spark.sql.execution.streaming.StreamExecution$$anon$1.run(StreamExecution.scala:211)
[2025-10-31T23:41:15.036+0700] {subprocess.py:93} INFO - Traceback (most recent call last):
[2025-10-31T23:41:15.036+0700] {subprocess.py:93} INFO -   File "/opt/***/projects/vehicle_count/scripts/vehicle_consumer.py", line 161, in <module>
[2025-10-31T23:41:15.036+0700] {subprocess.py:93} INFO -     query.awaitTermination()
[2025-10-31T23:41:15.037+0700] {subprocess.py:93} INFO -   File "/home/***/.local/lib/python3.12/site-packages/pyspark/python/lib/pyspark.zip/pyspark/sql/streaming/query.py", line 221, in awaitTermination
[2025-10-31T23:41:15.037+0700] {subprocess.py:93} INFO -   File "/home/***/.local/lib/python3.12/site-packages/pyspark/python/lib/py4j-0.10.9.7-src.zip/py4j/java_gateway.py", line 1322, in __call__
[2025-10-31T23:41:15.037+0700] {subprocess.py:93} INFO -   File "/home/***/.local/lib/python3.12/site-packages/pyspark/python/lib/pyspark.zip/pyspark/errors/exceptions/captured.py", line 185, in deco
[2025-10-31T23:41:15.041+0700] {subprocess.py:93} INFO - pyspark.errors.exceptions.captured.StreamingQueryException: [STREAM_FAILED] Query [id = c9cf82bd-833d-444b-883e-2e3225f57b31, runId = e7178cda-0efa-4656-8c83-bcf78bbbfead] terminated with exception: An exception was raised by the Python Proxy. Return Message: Traceback (most recent call last):
[2025-10-31T23:41:15.041+0700] {subprocess.py:93} INFO -   File "/home/***/.local/lib/python3.12/site-packages/pyspark/python/lib/py4j-0.10.9.7-src.zip/py4j/clientserver.py", line 617, in _call_proxy
[2025-10-31T23:41:15.042+0700] {subprocess.py:93} INFO -     return_value = getattr(self.pool[obj_id], method)(*params)
[2025-10-31T23:41:15.042+0700] {subprocess.py:93} INFO -                    ^^^^^^^^^^^^^^^^^^^^^^^^^^^^^^^^^^^^^^^^^^^
[2025-10-31T23:41:15.042+0700] {subprocess.py:93} INFO -   File "/home/***/.local/lib/python3.12/site-packages/pyspark/python/lib/pyspark.zip/pyspark/sql/utils.py", line 120, in call
[2025-10-31T23:41:15.042+0700] {subprocess.py:93} INFO -     raise e
[2025-10-31T23:41:15.042+0700] {subprocess.py:93} INFO -   File "/home/***/.local/lib/python3.12/site-packages/pyspark/python/lib/pyspark.zip/pyspark/sql/utils.py", line 117, in call
[2025-10-31T23:41:15.043+0700] {subprocess.py:93} INFO -     self.func(DataFrame(jdf, wrapped_session_jdf), batch_id)
[2025-10-31T23:41:15.043+0700] {subprocess.py:93} INFO -   File "/opt/***/projects/vehicle_count/scripts/vehicle_consumer.py", line 144, in write_to_postgres
[2025-10-31T23:41:15.043+0700] {subprocess.py:93} INFO -     .jdbc(
[2025-10-31T23:41:15.043+0700] {subprocess.py:93} INFO -      ^^^^^
[2025-10-31T23:41:15.044+0700] {subprocess.py:93} INFO -   File "/home/***/.local/lib/python3.12/site-packages/pyspark/python/lib/pyspark.zip/pyspark/sql/readwriter.py", line 1984, in jdbc
[2025-10-31T23:41:15.044+0700] {subprocess.py:93} INFO -     self.mode(mode)._jwrite.jdbc(url, table, jprop)
[2025-10-31T23:41:15.044+0700] {subprocess.py:93} INFO -   File "/home/***/.local/lib/python3.12/site-packages/pyspark/python/lib/py4j-0.10.9.7-src.zip/py4j/java_gateway.py", line 1322, in __call__
[2025-10-31T23:41:15.044+0700] {subprocess.py:93} INFO -     return_value = get_return_value(
[2025-10-31T23:41:15.045+0700] {subprocess.py:93} INFO -                    ^^^^^^^^^^^^^^^^^
[2025-10-31T23:41:15.045+0700] {subprocess.py:93} INFO -   File "/home/***/.local/lib/python3.12/site-packages/pyspark/python/lib/pyspark.zip/pyspark/errors/exceptions/captured.py", line 179, in deco
[2025-10-31T23:41:15.045+0700] {subprocess.py:93} INFO -     return f(*a, **kw)
[2025-10-31T23:41:15.045+0700] {subprocess.py:93} INFO -            ^^^^^^^^^^^
[2025-10-31T23:41:15.045+0700] {subprocess.py:93} INFO -   File "/home/***/.local/lib/python3.12/site-packages/pyspark/python/lib/py4j-0.10.9.7-src.zip/py4j/protocol.py", line 326, in get_return_value
[2025-10-31T23:41:15.045+0700] {subprocess.py:93} INFO -     raise Py4JJavaError(
[2025-10-31T23:41:15.046+0700] {subprocess.py:93} INFO - py4j.protocol.Py4JJavaError: An error occurred while calling o100.jdbc.
[2025-10-31T23:41:15.046+0700] {subprocess.py:93} INFO - : org.postgresql.util.PSQLException: FATAL: database "vehicle_db" does not exist
[2025-10-31T23:41:15.046+0700] {subprocess.py:93} INFO - 	at org.postgresql.core.v3.QueryExecutorImpl.receiveErrorResponse(QueryExecutorImpl.java:2713)
[2025-10-31T23:41:15.046+0700] {subprocess.py:93} INFO - 	at org.postgresql.core.v3.QueryExecutorImpl.readStartupMessages(QueryExecutorImpl.java:2825)
[2025-10-31T23:41:15.046+0700] {subprocess.py:93} INFO - 	at org.postgresql.core.v3.QueryExecutorImpl.<init>(QueryExecutorImpl.java:175)
[2025-10-31T23:41:15.046+0700] {subprocess.py:93} INFO - 	at org.postgresql.core.v3.ConnectionFactoryImpl.openConnectionImpl(ConnectionFactoryImpl.java:313)
[2025-10-31T23:41:15.047+0700] {subprocess.py:93} INFO - 	at org.postgresql.core.ConnectionFactory.openConnection(ConnectionFactory.java:54)
[2025-10-31T23:41:15.047+0700] {subprocess.py:93} INFO - 	at org.postgresql.jdbc.PgConnection.<init>(PgConnection.java:263)
[2025-10-31T23:41:15.047+0700] {subprocess.py:93} INFO - 	at org.postgresql.Driver.makeConnection(Driver.java:443)
[2025-10-31T23:41:15.047+0700] {subprocess.py:93} INFO - 	at org.postgresql.Driver.connect(Driver.java:297)
[2025-10-31T23:41:15.047+0700] {subprocess.py:93} INFO - 	at org.apache.spark.sql.execution.datasources.jdbc.connection.BasicConnectionProvider.getConnection(BasicConnectionProvider.scala:49)
[2025-10-31T23:41:15.047+0700] {subprocess.py:93} INFO - 	at org.apache.spark.sql.execution.datasources.jdbc.connection.ConnectionProviderBase.create(ConnectionProvider.scala:102)
[2025-10-31T23:41:15.048+0700] {subprocess.py:93} INFO - 	at org.apache.spark.sql.jdbc.JdbcDialect.$anonfun$createConnectionFactory$1(JdbcDialects.scala:160)
[2025-10-31T23:41:15.048+0700] {subprocess.py:93} INFO - 	at org.apache.spark.sql.jdbc.JdbcDialect.$anonfun$createConnectionFactory$1$adapted(JdbcDialects.scala:156)
[2025-10-31T23:41:15.048+0700] {subprocess.py:93} INFO - 	at org.apache.spark.sql.execution.datasources.jdbc.JdbcRelationProvider.createRelation(JdbcRelationProvider.scala:50)
[2025-10-31T23:41:15.048+0700] {subprocess.py:93} INFO - 	at org.apache.spark.sql.execution.datasources.SaveIntoDataSourceCommand.run(SaveIntoDataSourceCommand.scala:48)
[2025-10-31T23:41:15.048+0700] {subprocess.py:93} INFO - 	at org.apache.spark.sql.execution.command.ExecutedCommandExec.sideEffectResult$lzycompute(commands.scala:75)
[2025-10-31T23:41:15.048+0700] {subprocess.py:93} INFO - 	at org.apache.spark.sql.execution.command.ExecutedCommandExec.sideEffectResult(commands.scala:73)
[2025-10-31T23:41:15.049+0700] {subprocess.py:93} INFO - 	at org.apache.spark.sql.execution.command.ExecutedCommandExec.executeCollect(commands.scala:84)
[2025-10-31T23:41:15.049+0700] {subprocess.py:93} INFO - 	at org.apache.spark.sql.execution.QueryExecution$$anonfun$eagerlyExecuteCommands$1.$anonfun$applyOrElse$1(QueryExecution.scala:107)
[2025-10-31T23:41:15.049+0700] {subprocess.py:93} INFO - 	at org.apache.spark.sql.execution.SQLExecution$.$anonfun$withNewExecutionId$6(SQLExecution.scala:125)
[2025-10-31T23:41:15.049+0700] {subprocess.py:93} INFO - 	at org.apache.spark.sql.execution.SQLExecution$.withSQLConfPropagated(SQLExecution.scala:201)
[2025-10-31T23:41:15.049+0700] {subprocess.py:93} INFO - 	at org.apache.spark.sql.execution.SQLExecution$.$anonfun$withNewExecutionId$1(SQLExecution.scala:108)
[2025-10-31T23:41:15.049+0700] {subprocess.py:93} INFO - 	at org.apache.spark.sql.SparkSession.withActive(SparkSession.scala:900)
[2025-10-31T23:41:15.050+0700] {subprocess.py:93} INFO - 	at org.apache.spark.sql.execution.SQLExecution$.withNewExecutionId(SQLExecution.scala:66)
[2025-10-31T23:41:15.050+0700] {subprocess.py:93} INFO - 	at org.apache.spark.sql.execution.QueryExecution$$anonfun$eagerlyExecuteCommands$1.applyOrElse(QueryExecution.scala:107)
[2025-10-31T23:41:15.050+0700] {subprocess.py:93} INFO - 	at org.apache.spark.sql.execution.QueryExecution$$anonfun$eagerlyExecuteCommands$1.applyOrElse(QueryExecution.scala:98)
[2025-10-31T23:41:15.050+0700] {subprocess.py:93} INFO - 	at org.apache.spark.sql.catalyst.trees.TreeNode.$anonfun$transformDownWithPruning$1(TreeNode.scala:461)
[2025-10-31T23:41:15.050+0700] {subprocess.py:93} INFO - 	at org.apache.spark.sql.catalyst.trees.CurrentOrigin$.withOrigin(origin.scala:76)
[2025-10-31T23:41:15.050+0700] {subprocess.py:93} INFO - 	at org.apache.spark.sql.catalyst.trees.TreeNode.transformDownWithPruning(TreeNode.scala:461)
[2025-10-31T23:41:15.051+0700] {subprocess.py:93} INFO - 	at org.apache.spark.sql.catalyst.plans.logical.LogicalPlan.org$apache$spark$sql$catalyst$plans$logical$AnalysisHelper$$super$transformDownWithPruning(LogicalPlan.scala:32)
[2025-10-31T23:41:15.051+0700] {subprocess.py:93} INFO - 	at org.apache.spark.sql.catalyst.plans.logical.AnalysisHelper.transformDownWithPruning(AnalysisHelper.scala:267)
[2025-10-31T23:41:15.051+0700] {subprocess.py:93} INFO - 	at org.apache.spark.sql.catalyst.plans.logical.AnalysisHelper.transformDownWithPruning$(AnalysisHelper.scala:263)
[2025-10-31T23:41:15.051+0700] {subprocess.py:93} INFO - 	at org.apache.spark.sql.catalyst.plans.logical.LogicalPlan.transformDownWithPruning(LogicalPlan.scala:32)
[2025-10-31T23:41:15.051+0700] {subprocess.py:93} INFO - 	at org.apache.spark.sql.catalyst.plans.logical.LogicalPlan.transformDownWithPruning(LogicalPlan.scala:32)
[2025-10-31T23:41:15.051+0700] {subprocess.py:93} INFO - 	at org.apache.spark.sql.catalyst.trees.TreeNode.transformDown(TreeNode.scala:437)
[2025-10-31T23:41:15.052+0700] {subprocess.py:93} INFO - 	at org.apache.spark.sql.execution.QueryExecution.eagerlyExecuteCommands(QueryExecution.scala:98)
[2025-10-31T23:41:15.052+0700] {subprocess.py:93} INFO - 	at org.apache.spark.sql.execution.QueryExecution.commandExecuted$lzycompute(QueryExecution.scala:85)
[2025-10-31T23:41:15.052+0700] {subprocess.py:93} INFO - 	at org.apache.spark.sql.execution.QueryExecution.commandExecuted(QueryExecution.scala:83)
[2025-10-31T23:41:15.052+0700] {subprocess.py:93} INFO - 	at org.apache.spark.sql.execution.QueryExecution.assertCommandExecuted(QueryExecution.scala:142)
[2025-10-31T23:41:15.052+0700] {subprocess.py:93} INFO - 	at org.apache.spark.sql.DataFrameWriter.runCommand(DataFrameWriter.scala:859)
[2025-10-31T23:41:15.052+0700] {subprocess.py:93} INFO - 	at org.apache.spark.sql.DataFrameWriter.saveToV1Source(DataFrameWriter.scala:388)
[2025-10-31T23:41:15.053+0700] {subprocess.py:93} INFO - 	at org.apache.spark.sql.DataFrameWriter.saveInternal(DataFrameWriter.scala:361)
[2025-10-31T23:41:15.053+0700] {subprocess.py:93} INFO - 	at org.apache.spark.sql.DataFrameWriter.save(DataFrameWriter.scala:248)
[2025-10-31T23:41:15.053+0700] {subprocess.py:93} INFO - 	at org.apache.spark.sql.DataFrameWriter.jdbc(DataFrameWriter.scala:756)
[2025-10-31T23:41:15.053+0700] {subprocess.py:93} INFO - 	at java.base/jdk.internal.reflect.NativeMethodAccessorImpl.invoke0(Native Method)
[2025-10-31T23:41:15.053+0700] {subprocess.py:93} INFO - 	at java.base/jdk.internal.reflect.NativeMethodAccessorImpl.invoke(NativeMethodAccessorImpl.java:77)
[2025-10-31T23:41:15.053+0700] {subprocess.py:93} INFO - 	at java.base/jdk.internal.reflect.DelegatingMethodAccessorImpl.invoke(DelegatingMethodAccessorImpl.java:43)
[2025-10-31T23:41:15.054+0700] {subprocess.py:93} INFO - 	at java.base/java.lang.reflect.Method.invoke(Method.java:569)
[2025-10-31T23:41:15.054+0700] {subprocess.py:93} INFO - 	at py4j.reflection.MethodInvoker.invoke(MethodInvoker.java:244)
[2025-10-31T23:41:15.054+0700] {subprocess.py:93} INFO - 	at py4j.reflection.ReflectionEngine.invoke(ReflectionEngine.java:374)
[2025-10-31T23:41:15.054+0700] {subprocess.py:93} INFO - 	at py4j.Gateway.invoke(Gateway.java:282)
[2025-10-31T23:41:15.054+0700] {subprocess.py:93} INFO - 	at py4j.commands.AbstractCommand.invokeMethod(AbstractCommand.java:132)
[2025-10-31T23:41:15.054+0700] {subprocess.py:93} INFO - 	at py4j.commands.CallCommand.execute(CallCommand.java:79)
[2025-10-31T23:41:15.055+0700] {subprocess.py:93} INFO - 	at py4j.ClientServerConnection.sendCommand(ClientServerConnection.java:244)
[2025-10-31T23:41:15.055+0700] {subprocess.py:93} INFO - 	at py4j.CallbackClient.sendCommand(CallbackClient.java:384)
[2025-10-31T23:41:15.055+0700] {subprocess.py:93} INFO - 	at py4j.CallbackClient.sendCommand(CallbackClient.java:356)
[2025-10-31T23:41:15.055+0700] {subprocess.py:93} INFO - 	at py4j.reflection.PythonProxyHandler.invoke(PythonProxyHandler.java:106)
[2025-10-31T23:41:15.055+0700] {subprocess.py:93} INFO - 	at jdk.proxy3/jdk.proxy3.$Proxy31.call(Unknown Source)
[2025-10-31T23:41:15.056+0700] {subprocess.py:93} INFO - 	at org.apache.spark.sql.execution.streaming.sources.PythonForeachBatchHelper$.$anonfun$callForeachBatch$1(ForeachBatchSink.scala:53)
[2025-10-31T23:41:15.056+0700] {subprocess.py:93} INFO - 	at org.apache.spark.sql.execution.streaming.sources.PythonForeachBatchHelper$.$anonfun$callForeachBatch$1$adapted(ForeachBatchSink.scala:53)
[2025-10-31T23:41:15.056+0700] {subprocess.py:93} INFO - 	at org.apache.spark.sql.execution.streaming.sources.ForeachBatchSink.addBatch(ForeachBatchSink.scala:34)
[2025-10-31T23:41:15.056+0700] {subprocess.py:93} INFO - 	at org.apache.spark.sql.execution.streaming.MicroBatchExecution.$anonfun$runBatch$17(MicroBatchExecution.scala:732)
[2025-10-31T23:41:15.056+0700] {subprocess.py:93} INFO - 	at org.apache.spark.sql.execution.SQLExecution$.$anonfun$withNewExecutionId$6(SQLExecution.scala:125)
[2025-10-31T23:41:15.056+0700] {subprocess.py:93} INFO - 	at org.apache.spark.sql.execution.SQLExecution$.withSQLConfPropagated(SQLExecution.scala:201)
[2025-10-31T23:41:15.057+0700] {subprocess.py:93} INFO - 	at org.apache.spark.sql.execution.SQLExecution$.$anonfun$withNewExecutionId$1(SQLExecution.scala:108)
[2025-10-31T23:41:15.057+0700] {subprocess.py:93} INFO - 	at org.apache.spark.sql.SparkSession.withActive(SparkSession.scala:900)
[2025-10-31T23:41:15.057+0700] {subprocess.py:93} INFO - 	at org.apache.spark.sql.execution.SQLExecution$.withNewExecutionId(SQLExecution.scala:66)
[2025-10-31T23:41:15.057+0700] {subprocess.py:93} INFO - 	at org.apache.spark.sql.execution.streaming.MicroBatchExecution.$anonfun$runBatch$16(MicroBatchExecution.scala:729)
[2025-10-31T23:41:15.057+0700] {subprocess.py:93} INFO - 	at org.apache.spark.sql.execution.streaming.ProgressReporter.reportTimeTaken(ProgressReporter.scala:427)
[2025-10-31T23:41:15.057+0700] {subprocess.py:93} INFO - 	at org.apache.spark.sql.execution.streaming.ProgressReporter.reportTimeTaken$(ProgressReporter.scala:425)
[2025-10-31T23:41:15.057+0700] {subprocess.py:93} INFO - 	at org.apache.spark.sql.execution.streaming.StreamExecution.reportTimeTaken(StreamExecution.scala:67)
[2025-10-31T23:41:15.058+0700] {subprocess.py:93} INFO - 	at org.apache.spark.sql.execution.streaming.MicroBatchExecution.runBatch(MicroBatchExecution.scala:729)
[2025-10-31T23:41:15.058+0700] {subprocess.py:93} INFO - 	at org.apache.spark.sql.execution.streaming.MicroBatchExecution.$anonfun$runActivatedStream$2(MicroBatchExecution.scala:286)
[2025-10-31T23:41:15.058+0700] {subprocess.py:93} INFO - 	at scala.runtime.java8.JFunction0$mcV$sp.apply(JFunction0$mcV$sp.java:23)
[2025-10-31T23:41:15.058+0700] {subprocess.py:93} INFO - 	at org.apache.spark.sql.execution.streaming.ProgressReporter.reportTimeTaken(ProgressReporter.scala:427)
[2025-10-31T23:41:15.058+0700] {subprocess.py:93} INFO - 	at org.apache.spark.sql.execution.streaming.ProgressReporter.reportTimeTaken$(ProgressReporter.scala:425)
[2025-10-31T23:41:15.058+0700] {subprocess.py:93} INFO - 	at org.apache.spark.sql.execution.streaming.StreamExecution.reportTimeTaken(StreamExecution.scala:67)
[2025-10-31T23:41:15.059+0700] {subprocess.py:93} INFO - 	at org.apache.spark.sql.execution.streaming.MicroBatchExecution.$anonfun$runActivatedStream$1(MicroBatchExecution.scala:249)
[2025-10-31T23:41:15.059+0700] {subprocess.py:93} INFO - 	at org.apache.spark.sql.execution.streaming.ProcessingTimeExecutor.execute(TriggerExecutor.scala:67)
[2025-10-31T23:41:15.059+0700] {subprocess.py:93} INFO - 	at org.apache.spark.sql.execution.streaming.MicroBatchExecution.runActivatedStream(MicroBatchExecution.scala:239)
[2025-10-31T23:41:15.059+0700] {subprocess.py:93} INFO - 	at org.apache.spark.sql.execution.streaming.StreamExecution.$anonfun$runStream$1(StreamExecution.scala:311)
[2025-10-31T23:41:15.059+0700] {subprocess.py:93} INFO - 	at scala.runtime.java8.JFunction0$mcV$sp.apply(JFunction0$mcV$sp.java:23)
[2025-10-31T23:41:15.059+0700] {subprocess.py:93} INFO - 	at org.apache.spark.sql.SparkSession.withActive(SparkSession.scala:900)
[2025-10-31T23:41:15.060+0700] {subprocess.py:93} INFO - 	at org.apache.spark.sql.execution.streaming.StreamExecution.org$apache$spark$sql$execution$streaming$StreamExecution$$runStream(StreamExecution.scala:289)
[2025-10-31T23:41:15.060+0700] {subprocess.py:93} INFO - 	at org.apache.spark.sql.execution.streaming.StreamExecution$$anon$1.$anonfun$run$1(StreamExecution.scala:211)
[2025-10-31T23:41:15.060+0700] {subprocess.py:93} INFO - 	at scala.runtime.java8.JFunction0$mcV$sp.apply(JFunction0$mcV$sp.java:23)
[2025-10-31T23:41:15.060+0700] {subprocess.py:93} INFO - 	at org.apache.spark.JobArtifactSet$.withActiveJobArtifactState(JobArtifactSet.scala:94)
[2025-10-31T23:41:15.060+0700] {subprocess.py:93} INFO - 	at org.apache.spark.sql.execution.streaming.StreamExecution$$anon$1.run(StreamExecution.scala:211)
[2025-10-31T23:41:15.060+0700] {subprocess.py:93} INFO - 
[2025-10-31T23:41:15.061+0700] {subprocess.py:93} INFO - 
[2025-10-31T23:41:15.672+0700] {subprocess.py:97} INFO - Command exited with return code 1
[2025-10-31T23:41:15.675+0700] {taskinstance.py:441} INFO - ::group::Post task execution logs
[2025-10-31T23:41:15.688+0700] {taskinstance.py:2890} ERROR - Task failed with exception
Traceback (most recent call last):
  File "/home/airflow/.local/lib/python3.12/site-packages/airflow/models/taskinstance.py", line 460, in _execute_task
    result = _execute_callable(context=context, **execute_callable_kwargs)
             ^^^^^^^^^^^^^^^^^^^^^^^^^^^^^^^^^^^^^^^^^^^^^^^^^^^^^^^^^^^^^
  File "/home/airflow/.local/lib/python3.12/site-packages/airflow/models/taskinstance.py", line 432, in _execute_callable
    return execute_callable(context=context, **execute_callable_kwargs)
           ^^^^^^^^^^^^^^^^^^^^^^^^^^^^^^^^^^^^^^^^^^^^^^^^^^^^^^^^^^^^
  File "/home/airflow/.local/lib/python3.12/site-packages/airflow/models/baseoperator.py", line 400, in wrapper
    return func(self, *args, **kwargs)
           ^^^^^^^^^^^^^^^^^^^^^^^^^^^
  File "/home/airflow/.local/lib/python3.12/site-packages/airflow/operators/bash.py", line 243, in execute
    raise AirflowException(
airflow.exceptions.AirflowException: Bash command failed. The command returned a non-zero exit code 1.
[2025-10-31T23:41:15.692+0700] {taskinstance.py:1205} INFO - Marking task as UP_FOR_RETRY. dag_id=vehicle_pipeline_new_dag, task_id=start_vehicle_consumer, execution_date=20251031T162034, start_date=20251031T164104, end_date=20251031T164115
[2025-10-31T23:41:15.701+0700] {standard_task_runner.py:110} ERROR - Failed to execute job 499 for task start_vehicle_consumer (Bash command failed. The command returned a non-zero exit code 1.; 5947)
[2025-10-31T23:41:15.734+0700] {local_task_job_runner.py:240} INFO - Task exited with return code 1
[2025-10-31T23:41:15.756+0700] {taskinstance.py:3482} INFO - 0 downstream tasks scheduled from follow-on schedule check
[2025-10-31T23:41:15.757+0700] {local_task_job_runner.py:222} INFO - ::endgroup::
