[2025-10-31T23:45:26.287+0700] {local_task_job_runner.py:120} INFO - ::group::Pre task execution logs
[2025-10-31T23:45:26.301+0700] {taskinstance.py:2073} INFO - Dependencies all met for dep_context=non-requeueable deps ti=<TaskInstance: vehicle_pipeline_new_dag.start_vehicle_consumer manual__2025-10-31T16:20:34.210157+00:00 [queued]>
[2025-10-31T23:45:26.304+0700] {taskinstance.py:2073} INFO - Dependencies all met for dep_context=requeueable deps ti=<TaskInstance: vehicle_pipeline_new_dag.start_vehicle_consumer manual__2025-10-31T16:20:34.210157+00:00 [queued]>
[2025-10-31T23:45:26.304+0700] {taskinstance.py:2303} INFO - Starting attempt 12 of 12
[2025-10-31T23:45:26.309+0700] {taskinstance.py:2327} INFO - Executing <Task(BashOperator): start_vehicle_consumer> on 2025-10-31 16:20:34.210157+00:00
[2025-10-31T23:45:26.314+0700] {warnings.py:110} WARNING - /home/***/.local/lib/python3.12/site-packages/***/task/task_runner/standard_task_runner.py:61: DeprecationWarning: This process (pid=7143) is multi-threaded, use of fork() may lead to deadlocks in the child.
  pid = os.fork()

[2025-10-31T23:45:26.315+0700] {standard_task_runner.py:63} INFO - Started process 7167 to run task
[2025-10-31T23:45:26.316+0700] {standard_task_runner.py:90} INFO - Running: ['***', 'tasks', 'run', 'vehicle_pipeline_new_dag', 'start_vehicle_consumer', 'manual__2025-10-31T16:20:34.210157+00:00', '--job-id', '502', '--raw', '--subdir', 'DAGS_FOLDER/vehicel_pipeline_new_dag.py', '--cfg-path', '/tmp/tmpcwql9es7']
[2025-10-31T23:45:26.318+0700] {standard_task_runner.py:91} INFO - Job 502: Subtask start_vehicle_consumer
[2025-10-31T23:45:26.351+0700] {task_command.py:426} INFO - Running <TaskInstance: vehicle_pipeline_new_dag.start_vehicle_consumer manual__2025-10-31T16:20:34.210157+00:00 [running]> on host f7bb1ad77e89
[2025-10-31T23:45:26.402+0700] {taskinstance.py:2644} INFO - Exporting env vars: AIRFLOW_CTX_DAG_OWNER='***' AIRFLOW_CTX_DAG_ID='vehicle_pipeline_new_dag' AIRFLOW_CTX_TASK_ID='start_vehicle_consumer' AIRFLOW_CTX_EXECUTION_DATE='2025-10-31T16:20:34.210157+00:00' AIRFLOW_CTX_TRY_NUMBER='12' AIRFLOW_CTX_DAG_RUN_ID='manual__2025-10-31T16:20:34.210157+00:00'
[2025-10-31T23:45:26.403+0700] {taskinstance.py:430} INFO - ::endgroup::
[2025-10-31T23:45:26.404+0700] {subprocess.py:63} INFO - Tmp dir root location: /tmp
[2025-10-31T23:45:26.404+0700] {subprocess.py:75} INFO - Running command: ['/usr/bin/bash', '-c', 'bash -c "timeout 45m bash /opt/***/projects/vehicle_count/scripts/run_consumer.sh"']
[2025-10-31T23:45:26.413+0700] {subprocess.py:86} INFO - Output:
[2025-10-31T23:45:26.423+0700] {subprocess.py:93} INFO - [Consumer] Starting Spark Structured Streaming job...
[2025-10-31T23:45:26.456+0700] {subprocess.py:93} INFO - /home/***/.local/lib/python3.12/site-packages/pyspark/bin/load-spark-env.sh: line 68: ps: command not found
[2025-10-31T23:45:27.193+0700] {subprocess.py:93} INFO - :: loading settings :: url = jar:file:/home/***/.local/lib/python3.12/site-packages/pyspark/jars/ivy-2.5.1.jar!/org/apache/ivy/core/settings/ivysettings.xml
[2025-10-31T23:45:27.225+0700] {subprocess.py:93} INFO - Ivy Default Cache set to: /home/***/.ivy2/cache
[2025-10-31T23:45:27.225+0700] {subprocess.py:93} INFO - The jars for the packages stored in: /home/***/.ivy2/jars
[2025-10-31T23:45:27.227+0700] {subprocess.py:93} INFO - org.apache.spark#spark-sql-kafka-0-10_2.12 added as a dependency
[2025-10-31T23:45:27.228+0700] {subprocess.py:93} INFO - org.postgresql#postgresql added as a dependency
[2025-10-31T23:45:27.228+0700] {subprocess.py:93} INFO - :: resolving dependencies :: org.apache.spark#spark-submit-parent-958e8f38-d820-4e72-96fd-e4f10917ccb6;1.0
[2025-10-31T23:45:27.228+0700] {subprocess.py:93} INFO - 	confs: [default]
[2025-10-31T23:45:27.318+0700] {subprocess.py:93} INFO - 	found org.apache.spark#spark-sql-kafka-0-10_2.12;3.5.1 in central
[2025-10-31T23:45:27.346+0700] {subprocess.py:93} INFO - 	found org.apache.spark#spark-token-provider-kafka-0-10_2.12;3.5.1 in central
[2025-10-31T23:45:27.363+0700] {subprocess.py:93} INFO - 	found org.apache.kafka#kafka-clients;3.4.1 in central
[2025-10-31T23:45:27.377+0700] {subprocess.py:93} INFO - 	found org.lz4#lz4-java;1.8.0 in central
[2025-10-31T23:45:27.389+0700] {subprocess.py:93} INFO - 	found org.xerial.snappy#snappy-java;1.1.10.3 in central
[2025-10-31T23:45:27.404+0700] {subprocess.py:93} INFO - 	found org.slf4j#slf4j-api;2.0.7 in central
[2025-10-31T23:45:27.416+0700] {subprocess.py:93} INFO - 	found org.apache.hadoop#hadoop-client-runtime;3.3.4 in central
[2025-10-31T23:45:27.435+0700] {subprocess.py:93} INFO - 	found org.apache.hadoop#hadoop-client-api;3.3.4 in central
[2025-10-31T23:45:27.448+0700] {subprocess.py:93} INFO - 	found commons-logging#commons-logging;1.1.3 in central
[2025-10-31T23:45:27.459+0700] {subprocess.py:93} INFO - 	found com.google.code.findbugs#jsr305;3.0.0 in central
[2025-10-31T23:45:27.468+0700] {subprocess.py:93} INFO - 	found org.apache.commons#commons-pool2;2.11.1 in central
[2025-10-31T23:45:27.475+0700] {subprocess.py:93} INFO - 	found org.postgresql#postgresql;42.6.0 in central
[2025-10-31T23:45:27.480+0700] {subprocess.py:93} INFO - 	found org.checkerframework#checker-qual;3.31.0 in central
[2025-10-31T23:45:27.499+0700] {subprocess.py:93} INFO - :: resolution report :: resolve 261ms :: artifacts dl 10ms
[2025-10-31T23:45:27.500+0700] {subprocess.py:93} INFO - 	:: modules in use:
[2025-10-31T23:45:27.500+0700] {subprocess.py:93} INFO - 	com.google.code.findbugs#jsr305;3.0.0 from central in [default]
[2025-10-31T23:45:27.500+0700] {subprocess.py:93} INFO - 	commons-logging#commons-logging;1.1.3 from central in [default]
[2025-10-31T23:45:27.501+0700] {subprocess.py:93} INFO - 	org.apache.commons#commons-pool2;2.11.1 from central in [default]
[2025-10-31T23:45:27.501+0700] {subprocess.py:93} INFO - 	org.apache.hadoop#hadoop-client-api;3.3.4 from central in [default]
[2025-10-31T23:45:27.501+0700] {subprocess.py:93} INFO - 	org.apache.hadoop#hadoop-client-runtime;3.3.4 from central in [default]
[2025-10-31T23:45:27.501+0700] {subprocess.py:93} INFO - 	org.apache.kafka#kafka-clients;3.4.1 from central in [default]
[2025-10-31T23:45:27.502+0700] {subprocess.py:93} INFO - 	org.apache.spark#spark-sql-kafka-0-10_2.12;3.5.1 from central in [default]
[2025-10-31T23:45:27.502+0700] {subprocess.py:93} INFO - 	org.apache.spark#spark-token-provider-kafka-0-10_2.12;3.5.1 from central in [default]
[2025-10-31T23:45:27.502+0700] {subprocess.py:93} INFO - 	org.checkerframework#checker-qual;3.31.0 from central in [default]
[2025-10-31T23:45:27.502+0700] {subprocess.py:93} INFO - 	org.lz4#lz4-java;1.8.0 from central in [default]
[2025-10-31T23:45:27.503+0700] {subprocess.py:93} INFO - 	org.postgresql#postgresql;42.6.0 from central in [default]
[2025-10-31T23:45:27.503+0700] {subprocess.py:93} INFO - 	org.slf4j#slf4j-api;2.0.7 from central in [default]
[2025-10-31T23:45:27.503+0700] {subprocess.py:93} INFO - 	org.xerial.snappy#snappy-java;1.1.10.3 from central in [default]
[2025-10-31T23:45:27.504+0700] {subprocess.py:93} INFO - 	---------------------------------------------------------------------
[2025-10-31T23:45:27.504+0700] {subprocess.py:93} INFO - 	|                  |            modules            ||   artifacts   |
[2025-10-31T23:45:27.504+0700] {subprocess.py:93} INFO - 	|       conf       | number| search|dwnlded|evicted|| number|dwnlded|
[2025-10-31T23:45:27.504+0700] {subprocess.py:93} INFO - 	---------------------------------------------------------------------
[2025-10-31T23:45:27.505+0700] {subprocess.py:93} INFO - 	|      default     |   13  |   0   |   0   |   0   ||   13  |   0   |
[2025-10-31T23:45:27.505+0700] {subprocess.py:93} INFO - 	---------------------------------------------------------------------
[2025-10-31T23:45:27.505+0700] {subprocess.py:93} INFO - :: retrieving :: org.apache.spark#spark-submit-parent-958e8f38-d820-4e72-96fd-e4f10917ccb6
[2025-10-31T23:45:27.505+0700] {subprocess.py:93} INFO - 	confs: [default]
[2025-10-31T23:45:27.510+0700] {subprocess.py:93} INFO - 	0 artifacts copied, 13 already retrieved (0kB/5ms)
[2025-10-31T23:45:27.725+0700] {subprocess.py:93} INFO - 25/10/31 23:45:27 WARN NativeCodeLoader: Unable to load native-hadoop library for your platform... using builtin-java classes where applicable
[2025-10-31T23:45:30.243+0700] {subprocess.py:93} INFO - 25/10/31 23:45:30 INFO SparkContext: Running Spark version 3.5.1
[2025-10-31T23:45:30.244+0700] {subprocess.py:93} INFO - 25/10/31 23:45:30 INFO SparkContext: OS info Linux, 5.15.49-linuxkit, aarch64
[2025-10-31T23:45:30.244+0700] {subprocess.py:93} INFO - 25/10/31 23:45:30 INFO SparkContext: Java version 17.0.17
[2025-10-31T23:45:30.252+0700] {subprocess.py:93} INFO - 25/10/31 23:45:30 INFO ResourceUtils: ==============================================================
[2025-10-31T23:45:30.252+0700] {subprocess.py:93} INFO - 25/10/31 23:45:30 INFO ResourceUtils: No custom resources configured for spark.driver.
[2025-10-31T23:45:30.252+0700] {subprocess.py:93} INFO - 25/10/31 23:45:30 INFO ResourceUtils: ==============================================================
[2025-10-31T23:45:30.253+0700] {subprocess.py:93} INFO - 25/10/31 23:45:30 INFO SparkContext: Submitted application: VehicleStreamingConsumer
[2025-10-31T23:45:30.261+0700] {subprocess.py:93} INFO - 25/10/31 23:45:30 INFO ResourceProfile: Default ResourceProfile created, executor resources: Map(cores -> name: cores, amount: 1, script: , vendor: , memory -> name: memory, amount: 1024, script: , vendor: , offHeap -> name: offHeap, amount: 0, script: , vendor: ), task resources: Map(cpus -> name: cpus, amount: 1.0)
[2025-10-31T23:45:30.265+0700] {subprocess.py:93} INFO - 25/10/31 23:45:30 INFO ResourceProfile: Limiting resource is cpu
[2025-10-31T23:45:30.265+0700] {subprocess.py:93} INFO - 25/10/31 23:45:30 INFO ResourceProfileManager: Added ResourceProfile id: 0
[2025-10-31T23:45:30.285+0700] {subprocess.py:93} INFO - 25/10/31 23:45:30 INFO SecurityManager: Changing view acls to: ***
[2025-10-31T23:45:30.286+0700] {subprocess.py:93} INFO - 25/10/31 23:45:30 INFO SecurityManager: Changing modify acls to: ***
[2025-10-31T23:45:30.286+0700] {subprocess.py:93} INFO - 25/10/31 23:45:30 INFO SecurityManager: Changing view acls groups to:
[2025-10-31T23:45:30.286+0700] {subprocess.py:93} INFO - 25/10/31 23:45:30 INFO SecurityManager: Changing modify acls groups to:
[2025-10-31T23:45:30.286+0700] {subprocess.py:93} INFO - 25/10/31 23:45:30 INFO SecurityManager: SecurityManager: authentication disabled; ui acls disabled; users with view permissions: ***; groups with view permissions: EMPTY; users with modify permissions: ***; groups with modify permissions: EMPTY
[2025-10-31T23:45:30.382+0700] {subprocess.py:93} INFO - 25/10/31 23:45:30 INFO Utils: Successfully started service 'sparkDriver' on port 41791.
[2025-10-31T23:45:30.397+0700] {subprocess.py:93} INFO - 25/10/31 23:45:30 INFO SparkEnv: Registering MapOutputTracker
[2025-10-31T23:45:30.414+0700] {subprocess.py:93} INFO - 25/10/31 23:45:30 INFO SparkEnv: Registering BlockManagerMaster
[2025-10-31T23:45:30.422+0700] {subprocess.py:93} INFO - 25/10/31 23:45:30 INFO BlockManagerMasterEndpoint: Using org.apache.spark.storage.DefaultTopologyMapper for getting topology information
[2025-10-31T23:45:30.423+0700] {subprocess.py:93} INFO - 25/10/31 23:45:30 INFO BlockManagerMasterEndpoint: BlockManagerMasterEndpoint up
[2025-10-31T23:45:30.424+0700] {subprocess.py:93} INFO - 25/10/31 23:45:30 INFO SparkEnv: Registering BlockManagerMasterHeartbeat
[2025-10-31T23:45:30.434+0700] {subprocess.py:93} INFO - 25/10/31 23:45:30 INFO DiskBlockManager: Created local directory at /tmp/blockmgr-600f2a68-d28b-4501-98d7-0c21c218af74
[2025-10-31T23:45:30.440+0700] {subprocess.py:93} INFO - 25/10/31 23:45:30 INFO MemoryStore: MemoryStore started with capacity 434.4 MiB
[2025-10-31T23:45:30.447+0700] {subprocess.py:93} INFO - 25/10/31 23:45:30 INFO SparkEnv: Registering OutputCommitCoordinator
[2025-10-31T23:45:30.505+0700] {subprocess.py:93} INFO - 25/10/31 23:45:30 INFO JettyUtils: Start Jetty 0.0.0.0:4040 for SparkUI
[2025-10-31T23:45:30.531+0700] {subprocess.py:93} INFO - 25/10/31 23:45:30 WARN Utils: Service 'SparkUI' could not bind on port 4040. Attempting port 4041.
[2025-10-31T23:45:30.535+0700] {subprocess.py:93} INFO - 25/10/31 23:45:30 INFO Utils: Successfully started service 'SparkUI' on port 4041.
[2025-10-31T23:45:30.552+0700] {subprocess.py:93} INFO - 25/10/31 23:45:30 INFO SparkContext: Added JAR file:///home/***/.ivy2/jars/org.apache.spark_spark-sql-kafka-0-10_2.12-3.5.1.jar at spark://f7bb1ad77e89:41791/jars/org.apache.spark_spark-sql-kafka-0-10_2.12-3.5.1.jar with timestamp 1761929130241
[2025-10-31T23:45:30.552+0700] {subprocess.py:93} INFO - 25/10/31 23:45:30 INFO SparkContext: Added JAR file:///home/***/.ivy2/jars/org.postgresql_postgresql-42.6.0.jar at spark://f7bb1ad77e89:41791/jars/org.postgresql_postgresql-42.6.0.jar with timestamp 1761929130241
[2025-10-31T23:45:30.552+0700] {subprocess.py:93} INFO - 25/10/31 23:45:30 INFO SparkContext: Added JAR file:///home/***/.ivy2/jars/org.apache.spark_spark-token-provider-kafka-0-10_2.12-3.5.1.jar at spark://f7bb1ad77e89:41791/jars/org.apache.spark_spark-token-provider-kafka-0-10_2.12-3.5.1.jar with timestamp 1761929130241
[2025-10-31T23:45:30.553+0700] {subprocess.py:93} INFO - 25/10/31 23:45:30 INFO SparkContext: Added JAR file:///home/***/.ivy2/jars/org.apache.kafka_kafka-clients-3.4.1.jar at spark://f7bb1ad77e89:41791/jars/org.apache.kafka_kafka-clients-3.4.1.jar with timestamp 1761929130241
[2025-10-31T23:45:30.553+0700] {subprocess.py:93} INFO - 25/10/31 23:45:30 INFO SparkContext: Added JAR file:///home/***/.ivy2/jars/com.google.code.findbugs_jsr305-3.0.0.jar at spark://f7bb1ad77e89:41791/jars/com.google.code.findbugs_jsr305-3.0.0.jar with timestamp 1761929130241
[2025-10-31T23:45:30.553+0700] {subprocess.py:93} INFO - 25/10/31 23:45:30 INFO SparkContext: Added JAR file:///home/***/.ivy2/jars/org.apache.commons_commons-pool2-2.11.1.jar at spark://f7bb1ad77e89:41791/jars/org.apache.commons_commons-pool2-2.11.1.jar with timestamp 1761929130241
[2025-10-31T23:45:30.554+0700] {subprocess.py:93} INFO - 25/10/31 23:45:30 INFO SparkContext: Added JAR file:///home/***/.ivy2/jars/org.apache.hadoop_hadoop-client-runtime-3.3.4.jar at spark://f7bb1ad77e89:41791/jars/org.apache.hadoop_hadoop-client-runtime-3.3.4.jar with timestamp 1761929130241
[2025-10-31T23:45:30.554+0700] {subprocess.py:93} INFO - 25/10/31 23:45:30 INFO SparkContext: Added JAR file:///home/***/.ivy2/jars/org.lz4_lz4-java-1.8.0.jar at spark://f7bb1ad77e89:41791/jars/org.lz4_lz4-java-1.8.0.jar with timestamp 1761929130241
[2025-10-31T23:45:30.554+0700] {subprocess.py:93} INFO - 25/10/31 23:45:30 INFO SparkContext: Added JAR file:///home/***/.ivy2/jars/org.xerial.snappy_snappy-java-1.1.10.3.jar at spark://f7bb1ad77e89:41791/jars/org.xerial.snappy_snappy-java-1.1.10.3.jar with timestamp 1761929130241
[2025-10-31T23:45:30.554+0700] {subprocess.py:93} INFO - 25/10/31 23:45:30 INFO SparkContext: Added JAR file:///home/***/.ivy2/jars/org.slf4j_slf4j-api-2.0.7.jar at spark://f7bb1ad77e89:41791/jars/org.slf4j_slf4j-api-2.0.7.jar with timestamp 1761929130241
[2025-10-31T23:45:30.554+0700] {subprocess.py:93} INFO - 25/10/31 23:45:30 INFO SparkContext: Added JAR file:///home/***/.ivy2/jars/org.apache.hadoop_hadoop-client-api-3.3.4.jar at spark://f7bb1ad77e89:41791/jars/org.apache.hadoop_hadoop-client-api-3.3.4.jar with timestamp 1761929130241
[2025-10-31T23:45:30.555+0700] {subprocess.py:93} INFO - 25/10/31 23:45:30 INFO SparkContext: Added JAR file:///home/***/.ivy2/jars/commons-logging_commons-logging-1.1.3.jar at spark://f7bb1ad77e89:41791/jars/commons-logging_commons-logging-1.1.3.jar with timestamp 1761929130241
[2025-10-31T23:45:30.555+0700] {subprocess.py:93} INFO - 25/10/31 23:45:30 INFO SparkContext: Added JAR file:///home/***/.ivy2/jars/org.checkerframework_checker-qual-3.31.0.jar at spark://f7bb1ad77e89:41791/jars/org.checkerframework_checker-qual-3.31.0.jar with timestamp 1761929130241
[2025-10-31T23:45:30.555+0700] {subprocess.py:93} INFO - 25/10/31 23:45:30 INFO SparkContext: Added file file:///home/***/.ivy2/jars/org.apache.spark_spark-sql-kafka-0-10_2.12-3.5.1.jar at file:///home/***/.ivy2/jars/org.apache.spark_spark-sql-kafka-0-10_2.12-3.5.1.jar with timestamp 1761929130241
[2025-10-31T23:45:30.555+0700] {subprocess.py:93} INFO - 25/10/31 23:45:30 INFO Utils: Copying /home/***/.ivy2/jars/org.apache.spark_spark-sql-kafka-0-10_2.12-3.5.1.jar to /tmp/spark-60a5c7e0-5585-4da5-87be-6f165fff7ecf/userFiles-6950852f-bc37-4f50-9200-b5ca417d0758/org.apache.spark_spark-sql-kafka-0-10_2.12-3.5.1.jar
[2025-10-31T23:45:30.562+0700] {subprocess.py:93} INFO - 25/10/31 23:45:30 INFO SparkContext: Added file file:///home/***/.ivy2/jars/org.postgresql_postgresql-42.6.0.jar at file:///home/***/.ivy2/jars/org.postgresql_postgresql-42.6.0.jar with timestamp 1761929130241
[2025-10-31T23:45:30.563+0700] {subprocess.py:93} INFO - 25/10/31 23:45:30 INFO Utils: Copying /home/***/.ivy2/jars/org.postgresql_postgresql-42.6.0.jar to /tmp/spark-60a5c7e0-5585-4da5-87be-6f165fff7ecf/userFiles-6950852f-bc37-4f50-9200-b5ca417d0758/org.postgresql_postgresql-42.6.0.jar
[2025-10-31T23:45:30.568+0700] {subprocess.py:93} INFO - 25/10/31 23:45:30 INFO SparkContext: Added file file:///home/***/.ivy2/jars/org.apache.spark_spark-token-provider-kafka-0-10_2.12-3.5.1.jar at file:///home/***/.ivy2/jars/org.apache.spark_spark-token-provider-kafka-0-10_2.12-3.5.1.jar with timestamp 1761929130241
[2025-10-31T23:45:30.569+0700] {subprocess.py:93} INFO - 25/10/31 23:45:30 INFO Utils: Copying /home/***/.ivy2/jars/org.apache.spark_spark-token-provider-kafka-0-10_2.12-3.5.1.jar to /tmp/spark-60a5c7e0-5585-4da5-87be-6f165fff7ecf/userFiles-6950852f-bc37-4f50-9200-b5ca417d0758/org.apache.spark_spark-token-provider-kafka-0-10_2.12-3.5.1.jar
[2025-10-31T23:45:30.573+0700] {subprocess.py:93} INFO - 25/10/31 23:45:30 INFO SparkContext: Added file file:///home/***/.ivy2/jars/org.apache.kafka_kafka-clients-3.4.1.jar at file:///home/***/.ivy2/jars/org.apache.kafka_kafka-clients-3.4.1.jar with timestamp 1761929130241
[2025-10-31T23:45:30.573+0700] {subprocess.py:93} INFO - 25/10/31 23:45:30 INFO Utils: Copying /home/***/.ivy2/jars/org.apache.kafka_kafka-clients-3.4.1.jar to /tmp/spark-60a5c7e0-5585-4da5-87be-6f165fff7ecf/userFiles-6950852f-bc37-4f50-9200-b5ca417d0758/org.apache.kafka_kafka-clients-3.4.1.jar
[2025-10-31T23:45:30.581+0700] {subprocess.py:93} INFO - 25/10/31 23:45:30 INFO SparkContext: Added file file:///home/***/.ivy2/jars/com.google.code.findbugs_jsr305-3.0.0.jar at file:///home/***/.ivy2/jars/com.google.code.findbugs_jsr305-3.0.0.jar with timestamp 1761929130241
[2025-10-31T23:45:30.582+0700] {subprocess.py:93} INFO - 25/10/31 23:45:30 INFO Utils: Copying /home/***/.ivy2/jars/com.google.code.findbugs_jsr305-3.0.0.jar to /tmp/spark-60a5c7e0-5585-4da5-87be-6f165fff7ecf/userFiles-6950852f-bc37-4f50-9200-b5ca417d0758/com.google.code.findbugs_jsr305-3.0.0.jar
[2025-10-31T23:45:30.586+0700] {subprocess.py:93} INFO - 25/10/31 23:45:30 INFO SparkContext: Added file file:///home/***/.ivy2/jars/org.apache.commons_commons-pool2-2.11.1.jar at file:///home/***/.ivy2/jars/org.apache.commons_commons-pool2-2.11.1.jar with timestamp 1761929130241
[2025-10-31T23:45:30.586+0700] {subprocess.py:93} INFO - 25/10/31 23:45:30 INFO Utils: Copying /home/***/.ivy2/jars/org.apache.commons_commons-pool2-2.11.1.jar to /tmp/spark-60a5c7e0-5585-4da5-87be-6f165fff7ecf/userFiles-6950852f-bc37-4f50-9200-b5ca417d0758/org.apache.commons_commons-pool2-2.11.1.jar
[2025-10-31T23:45:30.590+0700] {subprocess.py:93} INFO - 25/10/31 23:45:30 INFO SparkContext: Added file file:///home/***/.ivy2/jars/org.apache.hadoop_hadoop-client-runtime-3.3.4.jar at file:///home/***/.ivy2/jars/org.apache.hadoop_hadoop-client-runtime-3.3.4.jar with timestamp 1761929130241
[2025-10-31T23:45:30.591+0700] {subprocess.py:93} INFO - 25/10/31 23:45:30 INFO Utils: Copying /home/***/.ivy2/jars/org.apache.hadoop_hadoop-client-runtime-3.3.4.jar to /tmp/spark-60a5c7e0-5585-4da5-87be-6f165fff7ecf/userFiles-6950852f-bc37-4f50-9200-b5ca417d0758/org.apache.hadoop_hadoop-client-runtime-3.3.4.jar
[2025-10-31T23:45:30.639+0700] {subprocess.py:93} INFO - 25/10/31 23:45:30 INFO SparkContext: Added file file:///home/***/.ivy2/jars/org.lz4_lz4-java-1.8.0.jar at file:///home/***/.ivy2/jars/org.lz4_lz4-java-1.8.0.jar with timestamp 1761929130241
[2025-10-31T23:45:30.640+0700] {subprocess.py:93} INFO - 25/10/31 23:45:30 INFO Utils: Copying /home/***/.ivy2/jars/org.lz4_lz4-java-1.8.0.jar to /tmp/spark-60a5c7e0-5585-4da5-87be-6f165fff7ecf/userFiles-6950852f-bc37-4f50-9200-b5ca417d0758/org.lz4_lz4-java-1.8.0.jar
[2025-10-31T23:45:30.655+0700] {subprocess.py:93} INFO - 25/10/31 23:45:30 INFO SparkContext: Added file file:///home/***/.ivy2/jars/org.xerial.snappy_snappy-java-1.1.10.3.jar at file:///home/***/.ivy2/jars/org.xerial.snappy_snappy-java-1.1.10.3.jar with timestamp 1761929130241
[2025-10-31T23:45:30.656+0700] {subprocess.py:93} INFO - 25/10/31 23:45:30 INFO Utils: Copying /home/***/.ivy2/jars/org.xerial.snappy_snappy-java-1.1.10.3.jar to /tmp/spark-60a5c7e0-5585-4da5-87be-6f165fff7ecf/userFiles-6950852f-bc37-4f50-9200-b5ca417d0758/org.xerial.snappy_snappy-java-1.1.10.3.jar
[2025-10-31T23:45:30.673+0700] {subprocess.py:93} INFO - 25/10/31 23:45:30 INFO SparkContext: Added file file:///home/***/.ivy2/jars/org.slf4j_slf4j-api-2.0.7.jar at file:///home/***/.ivy2/jars/org.slf4j_slf4j-api-2.0.7.jar with timestamp 1761929130241
[2025-10-31T23:45:30.673+0700] {subprocess.py:93} INFO - 25/10/31 23:45:30 INFO Utils: Copying /home/***/.ivy2/jars/org.slf4j_slf4j-api-2.0.7.jar to /tmp/spark-60a5c7e0-5585-4da5-87be-6f165fff7ecf/userFiles-6950852f-bc37-4f50-9200-b5ca417d0758/org.slf4j_slf4j-api-2.0.7.jar
[2025-10-31T23:45:30.687+0700] {subprocess.py:93} INFO - 25/10/31 23:45:30 INFO SparkContext: Added file file:///home/***/.ivy2/jars/org.apache.hadoop_hadoop-client-api-3.3.4.jar at file:///home/***/.ivy2/jars/org.apache.hadoop_hadoop-client-api-3.3.4.jar with timestamp 1761929130241
[2025-10-31T23:45:30.687+0700] {subprocess.py:93} INFO - 25/10/31 23:45:30 INFO Utils: Copying /home/***/.ivy2/jars/org.apache.hadoop_hadoop-client-api-3.3.4.jar to /tmp/spark-60a5c7e0-5585-4da5-87be-6f165fff7ecf/userFiles-6950852f-bc37-4f50-9200-b5ca417d0758/org.apache.hadoop_hadoop-client-api-3.3.4.jar
[2025-10-31T23:45:30.742+0700] {subprocess.py:93} INFO - 25/10/31 23:45:30 INFO SparkContext: Added file file:///home/***/.ivy2/jars/commons-logging_commons-logging-1.1.3.jar at file:///home/***/.ivy2/jars/commons-logging_commons-logging-1.1.3.jar with timestamp 1761929130241
[2025-10-31T23:45:30.744+0700] {subprocess.py:93} INFO - 25/10/31 23:45:30 INFO Utils: Copying /home/***/.ivy2/jars/commons-logging_commons-logging-1.1.3.jar to /tmp/spark-60a5c7e0-5585-4da5-87be-6f165fff7ecf/userFiles-6950852f-bc37-4f50-9200-b5ca417d0758/commons-logging_commons-logging-1.1.3.jar
[2025-10-31T23:45:30.766+0700] {subprocess.py:93} INFO - 25/10/31 23:45:30 INFO SparkContext: Added file file:///home/***/.ivy2/jars/org.checkerframework_checker-qual-3.31.0.jar at file:///home/***/.ivy2/jars/org.checkerframework_checker-qual-3.31.0.jar with timestamp 1761929130241
[2025-10-31T23:45:30.767+0700] {subprocess.py:93} INFO - 25/10/31 23:45:30 INFO Utils: Copying /home/***/.ivy2/jars/org.checkerframework_checker-qual-3.31.0.jar to /tmp/spark-60a5c7e0-5585-4da5-87be-6f165fff7ecf/userFiles-6950852f-bc37-4f50-9200-b5ca417d0758/org.checkerframework_checker-qual-3.31.0.jar
[2025-10-31T23:45:30.859+0700] {subprocess.py:93} INFO - 25/10/31 23:45:30 INFO Executor: Starting executor ID driver on host f7bb1ad77e89
[2025-10-31T23:45:30.863+0700] {subprocess.py:93} INFO - 25/10/31 23:45:30 INFO Executor: OS info Linux, 5.15.49-linuxkit, aarch64
[2025-10-31T23:45:30.866+0700] {subprocess.py:93} INFO - 25/10/31 23:45:30 INFO Executor: Java version 17.0.17
[2025-10-31T23:45:30.868+0700] {subprocess.py:93} INFO - 25/10/31 23:45:30 INFO Executor: Starting executor with user classpath (userClassPathFirst = false): ''
[2025-10-31T23:45:30.870+0700] {subprocess.py:93} INFO - 25/10/31 23:45:30 INFO Executor: Created or updated repl class loader org.apache.spark.util.MutableURLClassLoader@76678f75 for default.
[2025-10-31T23:45:30.890+0700] {subprocess.py:93} INFO - 25/10/31 23:45:30 INFO Executor: Fetching file:///home/***/.ivy2/jars/org.apache.spark_spark-sql-kafka-0-10_2.12-3.5.1.jar with timestamp 1761929130241
[2025-10-31T23:45:30.930+0700] {subprocess.py:93} INFO - 25/10/31 23:45:30 INFO Utils: /home/***/.ivy2/jars/org.apache.spark_spark-sql-kafka-0-10_2.12-3.5.1.jar has been previously copied to /tmp/spark-60a5c7e0-5585-4da5-87be-6f165fff7ecf/userFiles-6950852f-bc37-4f50-9200-b5ca417d0758/org.apache.spark_spark-sql-kafka-0-10_2.12-3.5.1.jar
[2025-10-31T23:45:30.948+0700] {subprocess.py:93} INFO - 25/10/31 23:45:30 INFO Executor: Fetching file:///home/***/.ivy2/jars/org.apache.hadoop_hadoop-client-runtime-3.3.4.jar with timestamp 1761929130241
[2025-10-31T23:45:30.985+0700] {subprocess.py:93} INFO - 25/10/31 23:45:30 INFO Utils: /home/***/.ivy2/jars/org.apache.hadoop_hadoop-client-runtime-3.3.4.jar has been previously copied to /tmp/spark-60a5c7e0-5585-4da5-87be-6f165fff7ecf/userFiles-6950852f-bc37-4f50-9200-b5ca417d0758/org.apache.hadoop_hadoop-client-runtime-3.3.4.jar
[2025-10-31T23:45:31.000+0700] {subprocess.py:93} INFO - 25/10/31 23:45:31 INFO Executor: Fetching file:///home/***/.ivy2/jars/org.apache.hadoop_hadoop-client-api-3.3.4.jar with timestamp 1761929130241
[2025-10-31T23:45:31.010+0700] {subprocess.py:93} INFO - 25/10/31 23:45:31 INFO Utils: /home/***/.ivy2/jars/org.apache.hadoop_hadoop-client-api-3.3.4.jar has been previously copied to /tmp/spark-60a5c7e0-5585-4da5-87be-6f165fff7ecf/userFiles-6950852f-bc37-4f50-9200-b5ca417d0758/org.apache.hadoop_hadoop-client-api-3.3.4.jar
[2025-10-31T23:45:31.023+0700] {subprocess.py:93} INFO - 25/10/31 23:45:31 INFO Executor: Fetching file:///home/***/.ivy2/jars/org.apache.spark_spark-token-provider-kafka-0-10_2.12-3.5.1.jar with timestamp 1761929130241
[2025-10-31T23:45:31.025+0700] {subprocess.py:93} INFO - 25/10/31 23:45:31 INFO Utils: /home/***/.ivy2/jars/org.apache.spark_spark-token-provider-kafka-0-10_2.12-3.5.1.jar has been previously copied to /tmp/spark-60a5c7e0-5585-4da5-87be-6f165fff7ecf/userFiles-6950852f-bc37-4f50-9200-b5ca417d0758/org.apache.spark_spark-token-provider-kafka-0-10_2.12-3.5.1.jar
[2025-10-31T23:45:31.041+0700] {subprocess.py:93} INFO - 25/10/31 23:45:31 INFO Executor: Fetching file:///home/***/.ivy2/jars/com.google.code.findbugs_jsr305-3.0.0.jar with timestamp 1761929130241
[2025-10-31T23:45:31.044+0700] {subprocess.py:93} INFO - 25/10/31 23:45:31 INFO Utils: /home/***/.ivy2/jars/com.google.code.findbugs_jsr305-3.0.0.jar has been previously copied to /tmp/spark-60a5c7e0-5585-4da5-87be-6f165fff7ecf/userFiles-6950852f-bc37-4f50-9200-b5ca417d0758/com.google.code.findbugs_jsr305-3.0.0.jar
[2025-10-31T23:45:31.062+0700] {subprocess.py:93} INFO - 25/10/31 23:45:31 INFO Executor: Fetching file:///home/***/.ivy2/jars/org.lz4_lz4-java-1.8.0.jar with timestamp 1761929130241
[2025-10-31T23:45:31.063+0700] {subprocess.py:93} INFO - 25/10/31 23:45:31 INFO Utils: /home/***/.ivy2/jars/org.lz4_lz4-java-1.8.0.jar has been previously copied to /tmp/spark-60a5c7e0-5585-4da5-87be-6f165fff7ecf/userFiles-6950852f-bc37-4f50-9200-b5ca417d0758/org.lz4_lz4-java-1.8.0.jar
[2025-10-31T23:45:31.078+0700] {subprocess.py:93} INFO - 25/10/31 23:45:31 INFO Executor: Fetching file:///home/***/.ivy2/jars/org.slf4j_slf4j-api-2.0.7.jar with timestamp 1761929130241
[2025-10-31T23:45:31.078+0700] {subprocess.py:93} INFO - 25/10/31 23:45:31 INFO Utils: /home/***/.ivy2/jars/org.slf4j_slf4j-api-2.0.7.jar has been previously copied to /tmp/spark-60a5c7e0-5585-4da5-87be-6f165fff7ecf/userFiles-6950852f-bc37-4f50-9200-b5ca417d0758/org.slf4j_slf4j-api-2.0.7.jar
[2025-10-31T23:45:31.092+0700] {subprocess.py:93} INFO - 25/10/31 23:45:31 INFO Executor: Fetching file:///home/***/.ivy2/jars/org.checkerframework_checker-qual-3.31.0.jar with timestamp 1761929130241
[2025-10-31T23:45:31.092+0700] {subprocess.py:93} INFO - 25/10/31 23:45:31 INFO Utils: /home/***/.ivy2/jars/org.checkerframework_checker-qual-3.31.0.jar has been previously copied to /tmp/spark-60a5c7e0-5585-4da5-87be-6f165fff7ecf/userFiles-6950852f-bc37-4f50-9200-b5ca417d0758/org.checkerframework_checker-qual-3.31.0.jar
[2025-10-31T23:45:31.108+0700] {subprocess.py:93} INFO - 25/10/31 23:45:31 INFO Executor: Fetching file:///home/***/.ivy2/jars/org.apache.commons_commons-pool2-2.11.1.jar with timestamp 1761929130241
[2025-10-31T23:45:31.108+0700] {subprocess.py:93} INFO - 25/10/31 23:45:31 INFO Utils: /home/***/.ivy2/jars/org.apache.commons_commons-pool2-2.11.1.jar has been previously copied to /tmp/spark-60a5c7e0-5585-4da5-87be-6f165fff7ecf/userFiles-6950852f-bc37-4f50-9200-b5ca417d0758/org.apache.commons_commons-pool2-2.11.1.jar
[2025-10-31T23:45:31.116+0700] {subprocess.py:93} INFO - 25/10/31 23:45:31 INFO Executor: Fetching file:///home/***/.ivy2/jars/commons-logging_commons-logging-1.1.3.jar with timestamp 1761929130241
[2025-10-31T23:45:31.117+0700] {subprocess.py:93} INFO - 25/10/31 23:45:31 INFO Utils: /home/***/.ivy2/jars/commons-logging_commons-logging-1.1.3.jar has been previously copied to /tmp/spark-60a5c7e0-5585-4da5-87be-6f165fff7ecf/userFiles-6950852f-bc37-4f50-9200-b5ca417d0758/commons-logging_commons-logging-1.1.3.jar
[2025-10-31T23:45:31.123+0700] {subprocess.py:93} INFO - 25/10/31 23:45:31 INFO Executor: Fetching file:///home/***/.ivy2/jars/org.xerial.snappy_snappy-java-1.1.10.3.jar with timestamp 1761929130241
[2025-10-31T23:45:31.125+0700] {subprocess.py:93} INFO - 25/10/31 23:45:31 INFO Utils: /home/***/.ivy2/jars/org.xerial.snappy_snappy-java-1.1.10.3.jar has been previously copied to /tmp/spark-60a5c7e0-5585-4da5-87be-6f165fff7ecf/userFiles-6950852f-bc37-4f50-9200-b5ca417d0758/org.xerial.snappy_snappy-java-1.1.10.3.jar
[2025-10-31T23:45:31.132+0700] {subprocess.py:93} INFO - 25/10/31 23:45:31 INFO Executor: Fetching file:///home/***/.ivy2/jars/org.postgresql_postgresql-42.6.0.jar with timestamp 1761929130241
[2025-10-31T23:45:31.136+0700] {subprocess.py:93} INFO - 25/10/31 23:45:31 INFO Utils: /home/***/.ivy2/jars/org.postgresql_postgresql-42.6.0.jar has been previously copied to /tmp/spark-60a5c7e0-5585-4da5-87be-6f165fff7ecf/userFiles-6950852f-bc37-4f50-9200-b5ca417d0758/org.postgresql_postgresql-42.6.0.jar
[2025-10-31T23:45:31.147+0700] {subprocess.py:93} INFO - 25/10/31 23:45:31 INFO Executor: Fetching file:///home/***/.ivy2/jars/org.apache.kafka_kafka-clients-3.4.1.jar with timestamp 1761929130241
[2025-10-31T23:45:31.150+0700] {subprocess.py:93} INFO - 25/10/31 23:45:31 INFO Utils: /home/***/.ivy2/jars/org.apache.kafka_kafka-clients-3.4.1.jar has been previously copied to /tmp/spark-60a5c7e0-5585-4da5-87be-6f165fff7ecf/userFiles-6950852f-bc37-4f50-9200-b5ca417d0758/org.apache.kafka_kafka-clients-3.4.1.jar
[2025-10-31T23:45:31.156+0700] {subprocess.py:93} INFO - 25/10/31 23:45:31 INFO Executor: Fetching spark://f7bb1ad77e89:41791/jars/org.lz4_lz4-java-1.8.0.jar with timestamp 1761929130241
[2025-10-31T23:45:31.191+0700] {subprocess.py:93} INFO - 25/10/31 23:45:31 INFO TransportClientFactory: Successfully created connection to f7bb1ad77e89/172.23.0.6:41791 after 25 ms (0 ms spent in bootstraps)
[2025-10-31T23:45:31.193+0700] {subprocess.py:93} INFO - 25/10/31 23:45:31 INFO Utils: Fetching spark://f7bb1ad77e89:41791/jars/org.lz4_lz4-java-1.8.0.jar to /tmp/spark-60a5c7e0-5585-4da5-87be-6f165fff7ecf/userFiles-6950852f-bc37-4f50-9200-b5ca417d0758/fetchFileTemp2653201457838516750.tmp
[2025-10-31T23:45:31.208+0700] {subprocess.py:93} INFO - 25/10/31 23:45:31 INFO Utils: /tmp/spark-60a5c7e0-5585-4da5-87be-6f165fff7ecf/userFiles-6950852f-bc37-4f50-9200-b5ca417d0758/fetchFileTemp2653201457838516750.tmp has been previously copied to /tmp/spark-60a5c7e0-5585-4da5-87be-6f165fff7ecf/userFiles-6950852f-bc37-4f50-9200-b5ca417d0758/org.lz4_lz4-java-1.8.0.jar
[2025-10-31T23:45:31.219+0700] {subprocess.py:93} INFO - 25/10/31 23:45:31 INFO Executor: Adding file:/tmp/spark-60a5c7e0-5585-4da5-87be-6f165fff7ecf/userFiles-6950852f-bc37-4f50-9200-b5ca417d0758/org.lz4_lz4-java-1.8.0.jar to class loader default
[2025-10-31T23:45:31.219+0700] {subprocess.py:93} INFO - 25/10/31 23:45:31 INFO Executor: Fetching spark://f7bb1ad77e89:41791/jars/com.google.code.findbugs_jsr305-3.0.0.jar with timestamp 1761929130241
[2025-10-31T23:45:31.219+0700] {subprocess.py:93} INFO - 25/10/31 23:45:31 INFO Utils: Fetching spark://f7bb1ad77e89:41791/jars/com.google.code.findbugs_jsr305-3.0.0.jar to /tmp/spark-60a5c7e0-5585-4da5-87be-6f165fff7ecf/userFiles-6950852f-bc37-4f50-9200-b5ca417d0758/fetchFileTemp9397620161288265354.tmp
[2025-10-31T23:45:31.220+0700] {subprocess.py:93} INFO - 25/10/31 23:45:31 INFO Utils: /tmp/spark-60a5c7e0-5585-4da5-87be-6f165fff7ecf/userFiles-6950852f-bc37-4f50-9200-b5ca417d0758/fetchFileTemp9397620161288265354.tmp has been previously copied to /tmp/spark-60a5c7e0-5585-4da5-87be-6f165fff7ecf/userFiles-6950852f-bc37-4f50-9200-b5ca417d0758/com.google.code.findbugs_jsr305-3.0.0.jar
[2025-10-31T23:45:31.224+0700] {subprocess.py:93} INFO - 25/10/31 23:45:31 INFO Executor: Adding file:/tmp/spark-60a5c7e0-5585-4da5-87be-6f165fff7ecf/userFiles-6950852f-bc37-4f50-9200-b5ca417d0758/com.google.code.findbugs_jsr305-3.0.0.jar to class loader default
[2025-10-31T23:45:31.225+0700] {subprocess.py:93} INFO - 25/10/31 23:45:31 INFO Executor: Fetching spark://f7bb1ad77e89:41791/jars/org.slf4j_slf4j-api-2.0.7.jar with timestamp 1761929130241
[2025-10-31T23:45:31.225+0700] {subprocess.py:93} INFO - 25/10/31 23:45:31 INFO Utils: Fetching spark://f7bb1ad77e89:41791/jars/org.slf4j_slf4j-api-2.0.7.jar to /tmp/spark-60a5c7e0-5585-4da5-87be-6f165fff7ecf/userFiles-6950852f-bc37-4f50-9200-b5ca417d0758/fetchFileTemp18172705227839917770.tmp
[2025-10-31T23:45:31.226+0700] {subprocess.py:93} INFO - 25/10/31 23:45:31 INFO Utils: /tmp/spark-60a5c7e0-5585-4da5-87be-6f165fff7ecf/userFiles-6950852f-bc37-4f50-9200-b5ca417d0758/fetchFileTemp18172705227839917770.tmp has been previously copied to /tmp/spark-60a5c7e0-5585-4da5-87be-6f165fff7ecf/userFiles-6950852f-bc37-4f50-9200-b5ca417d0758/org.slf4j_slf4j-api-2.0.7.jar
[2025-10-31T23:45:31.230+0700] {subprocess.py:93} INFO - 25/10/31 23:45:31 INFO Executor: Adding file:/tmp/spark-60a5c7e0-5585-4da5-87be-6f165fff7ecf/userFiles-6950852f-bc37-4f50-9200-b5ca417d0758/org.slf4j_slf4j-api-2.0.7.jar to class loader default
[2025-10-31T23:45:31.230+0700] {subprocess.py:93} INFO - 25/10/31 23:45:31 INFO Executor: Fetching spark://f7bb1ad77e89:41791/jars/org.postgresql_postgresql-42.6.0.jar with timestamp 1761929130241
[2025-10-31T23:45:31.230+0700] {subprocess.py:93} INFO - 25/10/31 23:45:31 INFO Utils: Fetching spark://f7bb1ad77e89:41791/jars/org.postgresql_postgresql-42.6.0.jar to /tmp/spark-60a5c7e0-5585-4da5-87be-6f165fff7ecf/userFiles-6950852f-bc37-4f50-9200-b5ca417d0758/fetchFileTemp6976961444502183156.tmp
[2025-10-31T23:45:31.234+0700] {subprocess.py:93} INFO - 25/10/31 23:45:31 INFO Utils: /tmp/spark-60a5c7e0-5585-4da5-87be-6f165fff7ecf/userFiles-6950852f-bc37-4f50-9200-b5ca417d0758/fetchFileTemp6976961444502183156.tmp has been previously copied to /tmp/spark-60a5c7e0-5585-4da5-87be-6f165fff7ecf/userFiles-6950852f-bc37-4f50-9200-b5ca417d0758/org.postgresql_postgresql-42.6.0.jar
[2025-10-31T23:45:31.239+0700] {subprocess.py:93} INFO - 25/10/31 23:45:31 INFO Executor: Adding file:/tmp/spark-60a5c7e0-5585-4da5-87be-6f165fff7ecf/userFiles-6950852f-bc37-4f50-9200-b5ca417d0758/org.postgresql_postgresql-42.6.0.jar to class loader default
[2025-10-31T23:45:31.239+0700] {subprocess.py:93} INFO - 25/10/31 23:45:31 INFO Executor: Fetching spark://f7bb1ad77e89:41791/jars/org.apache.kafka_kafka-clients-3.4.1.jar with timestamp 1761929130241
[2025-10-31T23:45:31.239+0700] {subprocess.py:93} INFO - 25/10/31 23:45:31 INFO Utils: Fetching spark://f7bb1ad77e89:41791/jars/org.apache.kafka_kafka-clients-3.4.1.jar to /tmp/spark-60a5c7e0-5585-4da5-87be-6f165fff7ecf/userFiles-6950852f-bc37-4f50-9200-b5ca417d0758/fetchFileTemp484450850116556762.tmp
[2025-10-31T23:45:31.251+0700] {subprocess.py:93} INFO - 25/10/31 23:45:31 INFO Utils: /tmp/spark-60a5c7e0-5585-4da5-87be-6f165fff7ecf/userFiles-6950852f-bc37-4f50-9200-b5ca417d0758/fetchFileTemp484450850116556762.tmp has been previously copied to /tmp/spark-60a5c7e0-5585-4da5-87be-6f165fff7ecf/userFiles-6950852f-bc37-4f50-9200-b5ca417d0758/org.apache.kafka_kafka-clients-3.4.1.jar
[2025-10-31T23:45:31.256+0700] {subprocess.py:93} INFO - 25/10/31 23:45:31 INFO Executor: Adding file:/tmp/spark-60a5c7e0-5585-4da5-87be-6f165fff7ecf/userFiles-6950852f-bc37-4f50-9200-b5ca417d0758/org.apache.kafka_kafka-clients-3.4.1.jar to class loader default
[2025-10-31T23:45:31.256+0700] {subprocess.py:93} INFO - 25/10/31 23:45:31 INFO Executor: Fetching spark://f7bb1ad77e89:41791/jars/org.apache.spark_spark-token-provider-kafka-0-10_2.12-3.5.1.jar with timestamp 1761929130241
[2025-10-31T23:45:31.257+0700] {subprocess.py:93} INFO - 25/10/31 23:45:31 INFO Utils: Fetching spark://f7bb1ad77e89:41791/jars/org.apache.spark_spark-token-provider-kafka-0-10_2.12-3.5.1.jar to /tmp/spark-60a5c7e0-5585-4da5-87be-6f165fff7ecf/userFiles-6950852f-bc37-4f50-9200-b5ca417d0758/fetchFileTemp1093153623687713359.tmp
[2025-10-31T23:45:31.257+0700] {subprocess.py:93} INFO - 25/10/31 23:45:31 INFO Utils: /tmp/spark-60a5c7e0-5585-4da5-87be-6f165fff7ecf/userFiles-6950852f-bc37-4f50-9200-b5ca417d0758/fetchFileTemp1093153623687713359.tmp has been previously copied to /tmp/spark-60a5c7e0-5585-4da5-87be-6f165fff7ecf/userFiles-6950852f-bc37-4f50-9200-b5ca417d0758/org.apache.spark_spark-token-provider-kafka-0-10_2.12-3.5.1.jar
[2025-10-31T23:45:31.261+0700] {subprocess.py:93} INFO - 25/10/31 23:45:31 INFO Executor: Adding file:/tmp/spark-60a5c7e0-5585-4da5-87be-6f165fff7ecf/userFiles-6950852f-bc37-4f50-9200-b5ca417d0758/org.apache.spark_spark-token-provider-kafka-0-10_2.12-3.5.1.jar to class loader default
[2025-10-31T23:45:31.261+0700] {subprocess.py:93} INFO - 25/10/31 23:45:31 INFO Executor: Fetching spark://f7bb1ad77e89:41791/jars/org.apache.commons_commons-pool2-2.11.1.jar with timestamp 1761929130241
[2025-10-31T23:45:31.261+0700] {subprocess.py:93} INFO - 25/10/31 23:45:31 INFO Utils: Fetching spark://f7bb1ad77e89:41791/jars/org.apache.commons_commons-pool2-2.11.1.jar to /tmp/spark-60a5c7e0-5585-4da5-87be-6f165fff7ecf/userFiles-6950852f-bc37-4f50-9200-b5ca417d0758/fetchFileTemp7178701240268612153.tmp
[2025-10-31T23:45:31.262+0700] {subprocess.py:93} INFO - 25/10/31 23:45:31 INFO Utils: /tmp/spark-60a5c7e0-5585-4da5-87be-6f165fff7ecf/userFiles-6950852f-bc37-4f50-9200-b5ca417d0758/fetchFileTemp7178701240268612153.tmp has been previously copied to /tmp/spark-60a5c7e0-5585-4da5-87be-6f165fff7ecf/userFiles-6950852f-bc37-4f50-9200-b5ca417d0758/org.apache.commons_commons-pool2-2.11.1.jar
[2025-10-31T23:45:31.266+0700] {subprocess.py:93} INFO - 25/10/31 23:45:31 INFO Executor: Adding file:/tmp/spark-60a5c7e0-5585-4da5-87be-6f165fff7ecf/userFiles-6950852f-bc37-4f50-9200-b5ca417d0758/org.apache.commons_commons-pool2-2.11.1.jar to class loader default
[2025-10-31T23:45:31.266+0700] {subprocess.py:93} INFO - 25/10/31 23:45:31 INFO Executor: Fetching spark://f7bb1ad77e89:41791/jars/org.apache.spark_spark-sql-kafka-0-10_2.12-3.5.1.jar with timestamp 1761929130241
[2025-10-31T23:45:31.267+0700] {subprocess.py:93} INFO - 25/10/31 23:45:31 INFO Utils: Fetching spark://f7bb1ad77e89:41791/jars/org.apache.spark_spark-sql-kafka-0-10_2.12-3.5.1.jar to /tmp/spark-60a5c7e0-5585-4da5-87be-6f165fff7ecf/userFiles-6950852f-bc37-4f50-9200-b5ca417d0758/fetchFileTemp8572210328375706573.tmp
[2025-10-31T23:45:31.268+0700] {subprocess.py:93} INFO - 25/10/31 23:45:31 INFO Utils: /tmp/spark-60a5c7e0-5585-4da5-87be-6f165fff7ecf/userFiles-6950852f-bc37-4f50-9200-b5ca417d0758/fetchFileTemp8572210328375706573.tmp has been previously copied to /tmp/spark-60a5c7e0-5585-4da5-87be-6f165fff7ecf/userFiles-6950852f-bc37-4f50-9200-b5ca417d0758/org.apache.spark_spark-sql-kafka-0-10_2.12-3.5.1.jar
[2025-10-31T23:45:31.272+0700] {subprocess.py:93} INFO - 25/10/31 23:45:31 INFO Executor: Adding file:/tmp/spark-60a5c7e0-5585-4da5-87be-6f165fff7ecf/userFiles-6950852f-bc37-4f50-9200-b5ca417d0758/org.apache.spark_spark-sql-kafka-0-10_2.12-3.5.1.jar to class loader default
[2025-10-31T23:45:31.272+0700] {subprocess.py:93} INFO - 25/10/31 23:45:31 INFO Executor: Fetching spark://f7bb1ad77e89:41791/jars/commons-logging_commons-logging-1.1.3.jar with timestamp 1761929130241
[2025-10-31T23:45:31.272+0700] {subprocess.py:93} INFO - 25/10/31 23:45:31 INFO Utils: Fetching spark://f7bb1ad77e89:41791/jars/commons-logging_commons-logging-1.1.3.jar to /tmp/spark-60a5c7e0-5585-4da5-87be-6f165fff7ecf/userFiles-6950852f-bc37-4f50-9200-b5ca417d0758/fetchFileTemp3057660423350750168.tmp
[2025-10-31T23:45:31.272+0700] {subprocess.py:93} INFO - 25/10/31 23:45:31 INFO Utils: /tmp/spark-60a5c7e0-5585-4da5-87be-6f165fff7ecf/userFiles-6950852f-bc37-4f50-9200-b5ca417d0758/fetchFileTemp3057660423350750168.tmp has been previously copied to /tmp/spark-60a5c7e0-5585-4da5-87be-6f165fff7ecf/userFiles-6950852f-bc37-4f50-9200-b5ca417d0758/commons-logging_commons-logging-1.1.3.jar
[2025-10-31T23:45:31.276+0700] {subprocess.py:93} INFO - 25/10/31 23:45:31 INFO Executor: Adding file:/tmp/spark-60a5c7e0-5585-4da5-87be-6f165fff7ecf/userFiles-6950852f-bc37-4f50-9200-b5ca417d0758/commons-logging_commons-logging-1.1.3.jar to class loader default
[2025-10-31T23:45:31.277+0700] {subprocess.py:93} INFO - 25/10/31 23:45:31 INFO Executor: Fetching spark://f7bb1ad77e89:41791/jars/org.apache.hadoop_hadoop-client-api-3.3.4.jar with timestamp 1761929130241
[2025-10-31T23:45:31.277+0700] {subprocess.py:93} INFO - 25/10/31 23:45:31 INFO Utils: Fetching spark://f7bb1ad77e89:41791/jars/org.apache.hadoop_hadoop-client-api-3.3.4.jar to /tmp/spark-60a5c7e0-5585-4da5-87be-6f165fff7ecf/userFiles-6950852f-bc37-4f50-9200-b5ca417d0758/fetchFileTemp7783743204060468420.tmp
[2025-10-31T23:45:31.317+0700] {subprocess.py:93} INFO - 25/10/31 23:45:31 INFO Utils: /tmp/spark-60a5c7e0-5585-4da5-87be-6f165fff7ecf/userFiles-6950852f-bc37-4f50-9200-b5ca417d0758/fetchFileTemp7783743204060468420.tmp has been previously copied to /tmp/spark-60a5c7e0-5585-4da5-87be-6f165fff7ecf/userFiles-6950852f-bc37-4f50-9200-b5ca417d0758/org.apache.hadoop_hadoop-client-api-3.3.4.jar
[2025-10-31T23:45:31.326+0700] {subprocess.py:93} INFO - 25/10/31 23:45:31 INFO Executor: Adding file:/tmp/spark-60a5c7e0-5585-4da5-87be-6f165fff7ecf/userFiles-6950852f-bc37-4f50-9200-b5ca417d0758/org.apache.hadoop_hadoop-client-api-3.3.4.jar to class loader default
[2025-10-31T23:45:31.326+0700] {subprocess.py:93} INFO - 25/10/31 23:45:31 INFO Executor: Fetching spark://f7bb1ad77e89:41791/jars/org.checkerframework_checker-qual-3.31.0.jar with timestamp 1761929130241
[2025-10-31T23:45:31.326+0700] {subprocess.py:93} INFO - 25/10/31 23:45:31 INFO Utils: Fetching spark://f7bb1ad77e89:41791/jars/org.checkerframework_checker-qual-3.31.0.jar to /tmp/spark-60a5c7e0-5585-4da5-87be-6f165fff7ecf/userFiles-6950852f-bc37-4f50-9200-b5ca417d0758/fetchFileTemp14852158132835325122.tmp
[2025-10-31T23:45:31.327+0700] {subprocess.py:93} INFO - 25/10/31 23:45:31 INFO Utils: /tmp/spark-60a5c7e0-5585-4da5-87be-6f165fff7ecf/userFiles-6950852f-bc37-4f50-9200-b5ca417d0758/fetchFileTemp14852158132835325122.tmp has been previously copied to /tmp/spark-60a5c7e0-5585-4da5-87be-6f165fff7ecf/userFiles-6950852f-bc37-4f50-9200-b5ca417d0758/org.checkerframework_checker-qual-3.31.0.jar
[2025-10-31T23:45:31.331+0700] {subprocess.py:93} INFO - 25/10/31 23:45:31 INFO Executor: Adding file:/tmp/spark-60a5c7e0-5585-4da5-87be-6f165fff7ecf/userFiles-6950852f-bc37-4f50-9200-b5ca417d0758/org.checkerframework_checker-qual-3.31.0.jar to class loader default
[2025-10-31T23:45:31.332+0700] {subprocess.py:93} INFO - 25/10/31 23:45:31 INFO Executor: Fetching spark://f7bb1ad77e89:41791/jars/org.apache.hadoop_hadoop-client-runtime-3.3.4.jar with timestamp 1761929130241
[2025-10-31T23:45:31.332+0700] {subprocess.py:93} INFO - 25/10/31 23:45:31 INFO Utils: Fetching spark://f7bb1ad77e89:41791/jars/org.apache.hadoop_hadoop-client-runtime-3.3.4.jar to /tmp/spark-60a5c7e0-5585-4da5-87be-6f165fff7ecf/userFiles-6950852f-bc37-4f50-9200-b5ca417d0758/fetchFileTemp591153801906626296.tmp
[2025-10-31T23:45:31.392+0700] {subprocess.py:93} INFO - 25/10/31 23:45:31 INFO Utils: /tmp/spark-60a5c7e0-5585-4da5-87be-6f165fff7ecf/userFiles-6950852f-bc37-4f50-9200-b5ca417d0758/fetchFileTemp591153801906626296.tmp has been previously copied to /tmp/spark-60a5c7e0-5585-4da5-87be-6f165fff7ecf/userFiles-6950852f-bc37-4f50-9200-b5ca417d0758/org.apache.hadoop_hadoop-client-runtime-3.3.4.jar
[2025-10-31T23:45:31.404+0700] {subprocess.py:93} INFO - 25/10/31 23:45:31 INFO Executor: Adding file:/tmp/spark-60a5c7e0-5585-4da5-87be-6f165fff7ecf/userFiles-6950852f-bc37-4f50-9200-b5ca417d0758/org.apache.hadoop_hadoop-client-runtime-3.3.4.jar to class loader default
[2025-10-31T23:45:31.404+0700] {subprocess.py:93} INFO - 25/10/31 23:45:31 INFO Executor: Fetching spark://f7bb1ad77e89:41791/jars/org.xerial.snappy_snappy-java-1.1.10.3.jar with timestamp 1761929130241
[2025-10-31T23:45:31.405+0700] {subprocess.py:93} INFO - 25/10/31 23:45:31 INFO Utils: Fetching spark://f7bb1ad77e89:41791/jars/org.xerial.snappy_snappy-java-1.1.10.3.jar to /tmp/spark-60a5c7e0-5585-4da5-87be-6f165fff7ecf/userFiles-6950852f-bc37-4f50-9200-b5ca417d0758/fetchFileTemp14485353561886021484.tmp
[2025-10-31T23:45:31.409+0700] {subprocess.py:93} INFO - 25/10/31 23:45:31 INFO Utils: /tmp/spark-60a5c7e0-5585-4da5-87be-6f165fff7ecf/userFiles-6950852f-bc37-4f50-9200-b5ca417d0758/fetchFileTemp14485353561886021484.tmp has been previously copied to /tmp/spark-60a5c7e0-5585-4da5-87be-6f165fff7ecf/userFiles-6950852f-bc37-4f50-9200-b5ca417d0758/org.xerial.snappy_snappy-java-1.1.10.3.jar
[2025-10-31T23:45:31.414+0700] {subprocess.py:93} INFO - 25/10/31 23:45:31 INFO Executor: Adding file:/tmp/spark-60a5c7e0-5585-4da5-87be-6f165fff7ecf/userFiles-6950852f-bc37-4f50-9200-b5ca417d0758/org.xerial.snappy_snappy-java-1.1.10.3.jar to class loader default
[2025-10-31T23:45:31.420+0700] {subprocess.py:93} INFO - 25/10/31 23:45:31 INFO Utils: Successfully started service 'org.apache.spark.network.netty.NettyBlockTransferService' on port 41267.
[2025-10-31T23:45:31.420+0700] {subprocess.py:93} INFO - 25/10/31 23:45:31 INFO NettyBlockTransferService: Server created on f7bb1ad77e89:41267
[2025-10-31T23:45:31.422+0700] {subprocess.py:93} INFO - 25/10/31 23:45:31 INFO BlockManager: Using org.apache.spark.storage.RandomBlockReplicationPolicy for block replication policy
[2025-10-31T23:45:31.425+0700] {subprocess.py:93} INFO - 25/10/31 23:45:31 INFO BlockManagerMaster: Registering BlockManager BlockManagerId(driver, f7bb1ad77e89, 41267, None)
[2025-10-31T23:45:31.427+0700] {subprocess.py:93} INFO - 25/10/31 23:45:31 INFO BlockManagerMasterEndpoint: Registering block manager f7bb1ad77e89:41267 with 434.4 MiB RAM, BlockManagerId(driver, f7bb1ad77e89, 41267, None)
[2025-10-31T23:45:31.428+0700] {subprocess.py:93} INFO - 25/10/31 23:45:31 INFO BlockManagerMaster: Registered BlockManager BlockManagerId(driver, f7bb1ad77e89, 41267, None)
[2025-10-31T23:45:31.429+0700] {subprocess.py:93} INFO - 25/10/31 23:45:31 INFO BlockManager: Initialized BlockManager: BlockManagerId(driver, f7bb1ad77e89, 41267, None)
[2025-10-31T23:45:31.606+0700] {subprocess.py:93} INFO - [Consumer] ðŸš€ Spark Structured Streaming started...
[2025-10-31T23:45:32.335+0700] {subprocess.py:93} INFO - Downloading https://github.com/ultralytics/assets/releases/download/v8.2.0/yolov8n.pt to 'yolov8n.pt'...
[2025-10-31T23:45:34.492+0700] {subprocess.py:93} INFO -   0%|          | 0.00/6.25M [00:00<?, ?B/s]  4%|â–         | 256k/6.25M [00:00<00:02, 2.30MB/s] 18%|â–ˆâ–Š        | 1.12M/6.25M [00:00<00:00, 5.85MB/s] 52%|â–ˆâ–ˆâ–ˆâ–ˆâ–ˆâ–    | 3.25M/6.25M [00:00<00:00, 12.8MB/s] 74%|â–ˆâ–ˆâ–ˆâ–ˆâ–ˆâ–ˆâ–ˆâ–  | 4.62M/6.25M [00:00<00:00, 10.0MB/s]100%|â–ˆâ–ˆâ–ˆâ–ˆâ–ˆâ–ˆâ–ˆâ–ˆâ–ˆâ–ˆ| 6.25M/6.25M [00:00<00:00, 11.4MB/s]
[2025-10-31T23:45:34.810+0700] {subprocess.py:93} INFO - 25/10/31 23:45:34 WARN ResolveWriteToStream: spark.sql.adaptive.enabled is not supported in streaming DataFrames/Datasets and will be disabled.
[2025-10-31T23:45:34.870+0700] {subprocess.py:93} INFO - [Consumer] ðŸ§  Waiting for streaming data...
[2025-10-31T23:45:35.730+0700] {subprocess.py:93} INFO - 
[2025-10-31T23:45:35.731+0700] {subprocess.py:93} INFO - ==============================
[2025-10-31T23:45:35.732+0700] {subprocess.py:93} INFO - [Batch 0] Writing 0 rows to PostgreSQL
[2025-10-31T23:45:35.733+0700] {subprocess.py:93} INFO - ==============================
[2025-10-31T23:45:36.114+0700] {subprocess.py:93} INFO - 25/10/31 23:45:36 ERROR MicroBatchExecution: Query [id = c9cf82bd-833d-444b-883e-2e3225f57b31, runId = ebca1153-12a2-47c9-8a6e-d7afedd6fce9] terminated with error
[2025-10-31T23:45:36.114+0700] {subprocess.py:93} INFO - py4j.Py4JException: An exception was raised by the Python Proxy. Return Message: Traceback (most recent call last):
[2025-10-31T23:45:36.114+0700] {subprocess.py:93} INFO -   File "/home/***/.local/lib/python3.12/site-packages/pyspark/python/lib/py4j-0.10.9.7-src.zip/py4j/clientserver.py", line 617, in _call_proxy
[2025-10-31T23:45:36.115+0700] {subprocess.py:93} INFO -     return_value = getattr(self.pool[obj_id], method)(*params)
[2025-10-31T23:45:36.115+0700] {subprocess.py:93} INFO -                    ^^^^^^^^^^^^^^^^^^^^^^^^^^^^^^^^^^^^^^^^^^^
[2025-10-31T23:45:36.115+0700] {subprocess.py:93} INFO -   File "/home/***/.local/lib/python3.12/site-packages/pyspark/python/lib/pyspark.zip/pyspark/sql/utils.py", line 120, in call
[2025-10-31T23:45:36.115+0700] {subprocess.py:93} INFO -     raise e
[2025-10-31T23:45:36.115+0700] {subprocess.py:93} INFO -   File "/home/***/.local/lib/python3.12/site-packages/pyspark/python/lib/pyspark.zip/pyspark/sql/utils.py", line 117, in call
[2025-10-31T23:45:36.115+0700] {subprocess.py:93} INFO -     self.func(DataFrame(jdf, wrapped_session_jdf), batch_id)
[2025-10-31T23:45:36.115+0700] {subprocess.py:93} INFO -   File "/opt/***/projects/vehicle_count/scripts/vehicle_consumer.py", line 144, in write_to_postgres
[2025-10-31T23:45:36.115+0700] {subprocess.py:93} INFO -     .jdbc(
[2025-10-31T23:45:36.115+0700] {subprocess.py:93} INFO -      ^^^^^
[2025-10-31T23:45:36.116+0700] {subprocess.py:93} INFO -   File "/home/***/.local/lib/python3.12/site-packages/pyspark/python/lib/pyspark.zip/pyspark/sql/readwriter.py", line 1984, in jdbc
[2025-10-31T23:45:36.116+0700] {subprocess.py:93} INFO -     self.mode(mode)._jwrite.jdbc(url, table, jprop)
[2025-10-31T23:45:36.116+0700] {subprocess.py:93} INFO -   File "/home/***/.local/lib/python3.12/site-packages/pyspark/python/lib/py4j-0.10.9.7-src.zip/py4j/java_gateway.py", line 1322, in __call__
[2025-10-31T23:45:36.116+0700] {subprocess.py:93} INFO -     return_value = get_return_value(
[2025-10-31T23:45:36.116+0700] {subprocess.py:93} INFO -                    ^^^^^^^^^^^^^^^^^
[2025-10-31T23:45:36.116+0700] {subprocess.py:93} INFO -   File "/home/***/.local/lib/python3.12/site-packages/pyspark/python/lib/pyspark.zip/pyspark/errors/exceptions/captured.py", line 179, in deco
[2025-10-31T23:45:36.116+0700] {subprocess.py:93} INFO -     return f(*a, **kw)
[2025-10-31T23:45:36.116+0700] {subprocess.py:93} INFO -            ^^^^^^^^^^^
[2025-10-31T23:45:36.117+0700] {subprocess.py:93} INFO -   File "/home/***/.local/lib/python3.12/site-packages/pyspark/python/lib/py4j-0.10.9.7-src.zip/py4j/protocol.py", line 326, in get_return_value
[2025-10-31T23:45:36.117+0700] {subprocess.py:93} INFO -     raise Py4JJavaError(
[2025-10-31T23:45:36.117+0700] {subprocess.py:93} INFO - py4j.protocol.Py4JJavaError: An error occurred while calling o100.jdbc.
[2025-10-31T23:45:36.117+0700] {subprocess.py:93} INFO - : org.postgresql.util.PSQLException: FATAL: database "vehicle_db" does not exist
[2025-10-31T23:45:36.117+0700] {subprocess.py:93} INFO - 	at org.postgresql.core.v3.QueryExecutorImpl.receiveErrorResponse(QueryExecutorImpl.java:2713)
[2025-10-31T23:45:36.117+0700] {subprocess.py:93} INFO - 	at org.postgresql.core.v3.QueryExecutorImpl.readStartupMessages(QueryExecutorImpl.java:2825)
[2025-10-31T23:45:36.117+0700] {subprocess.py:93} INFO - 	at org.postgresql.core.v3.QueryExecutorImpl.<init>(QueryExecutorImpl.java:175)
[2025-10-31T23:45:36.117+0700] {subprocess.py:93} INFO - 	at org.postgresql.core.v3.ConnectionFactoryImpl.openConnectionImpl(ConnectionFactoryImpl.java:313)
[2025-10-31T23:45:36.117+0700] {subprocess.py:93} INFO - 	at org.postgresql.core.ConnectionFactory.openConnection(ConnectionFactory.java:54)
[2025-10-31T23:45:36.118+0700] {subprocess.py:93} INFO - 	at org.postgresql.jdbc.PgConnection.<init>(PgConnection.java:263)
[2025-10-31T23:45:36.118+0700] {subprocess.py:93} INFO - 	at org.postgresql.Driver.makeConnection(Driver.java:443)
[2025-10-31T23:45:36.118+0700] {subprocess.py:93} INFO - 	at org.postgresql.Driver.connect(Driver.java:297)
[2025-10-31T23:45:36.118+0700] {subprocess.py:93} INFO - 	at org.apache.spark.sql.execution.datasources.jdbc.connection.BasicConnectionProvider.getConnection(BasicConnectionProvider.scala:49)
[2025-10-31T23:45:36.118+0700] {subprocess.py:93} INFO - 	at org.apache.spark.sql.execution.datasources.jdbc.connection.ConnectionProviderBase.create(ConnectionProvider.scala:102)
[2025-10-31T23:45:36.118+0700] {subprocess.py:93} INFO - 	at org.apache.spark.sql.jdbc.JdbcDialect.$anonfun$createConnectionFactory$1(JdbcDialects.scala:160)
[2025-10-31T23:45:36.118+0700] {subprocess.py:93} INFO - 	at org.apache.spark.sql.jdbc.JdbcDialect.$anonfun$createConnectionFactory$1$adapted(JdbcDialects.scala:156)
[2025-10-31T23:45:36.118+0700] {subprocess.py:93} INFO - 	at org.apache.spark.sql.execution.datasources.jdbc.JdbcRelationProvider.createRelation(JdbcRelationProvider.scala:50)
[2025-10-31T23:45:36.118+0700] {subprocess.py:93} INFO - 	at org.apache.spark.sql.execution.datasources.SaveIntoDataSourceCommand.run(SaveIntoDataSourceCommand.scala:48)
[2025-10-31T23:45:36.118+0700] {subprocess.py:93} INFO - 	at org.apache.spark.sql.execution.command.ExecutedCommandExec.sideEffectResult$lzycompute(commands.scala:75)
[2025-10-31T23:45:36.119+0700] {subprocess.py:93} INFO - 	at org.apache.spark.sql.execution.command.ExecutedCommandExec.sideEffectResult(commands.scala:73)
[2025-10-31T23:45:36.119+0700] {subprocess.py:93} INFO - 	at org.apache.spark.sql.execution.command.ExecutedCommandExec.executeCollect(commands.scala:84)
[2025-10-31T23:45:36.119+0700] {subprocess.py:93} INFO - 	at org.apache.spark.sql.execution.QueryExecution$$anonfun$eagerlyExecuteCommands$1.$anonfun$applyOrElse$1(QueryExecution.scala:107)
[2025-10-31T23:45:36.119+0700] {subprocess.py:93} INFO - 	at org.apache.spark.sql.execution.SQLExecution$.$anonfun$withNewExecutionId$6(SQLExecution.scala:125)
[2025-10-31T23:45:36.119+0700] {subprocess.py:93} INFO - 	at org.apache.spark.sql.execution.SQLExecution$.withSQLConfPropagated(SQLExecution.scala:201)
[2025-10-31T23:45:36.119+0700] {subprocess.py:93} INFO - 	at org.apache.spark.sql.execution.SQLExecution$.$anonfun$withNewExecutionId$1(SQLExecution.scala:108)
[2025-10-31T23:45:36.119+0700] {subprocess.py:93} INFO - 	at org.apache.spark.sql.SparkSession.withActive(SparkSession.scala:900)
[2025-10-31T23:45:36.119+0700] {subprocess.py:93} INFO - 	at org.apache.spark.sql.execution.SQLExecution$.withNewExecutionId(SQLExecution.scala:66)
[2025-10-31T23:45:36.119+0700] {subprocess.py:93} INFO - 	at org.apache.spark.sql.execution.QueryExecution$$anonfun$eagerlyExecuteCommands$1.applyOrElse(QueryExecution.scala:107)
[2025-10-31T23:45:36.119+0700] {subprocess.py:93} INFO - 	at org.apache.spark.sql.execution.QueryExecution$$anonfun$eagerlyExecuteCommands$1.applyOrElse(QueryExecution.scala:98)
[2025-10-31T23:45:36.120+0700] {subprocess.py:93} INFO - 	at org.apache.spark.sql.catalyst.trees.TreeNode.$anonfun$transformDownWithPruning$1(TreeNode.scala:461)
[2025-10-31T23:45:36.120+0700] {subprocess.py:93} INFO - 	at org.apache.spark.sql.catalyst.trees.CurrentOrigin$.withOrigin(origin.scala:76)
[2025-10-31T23:45:36.120+0700] {subprocess.py:93} INFO - 	at org.apache.spark.sql.catalyst.trees.TreeNode.transformDownWithPruning(TreeNode.scala:461)
[2025-10-31T23:45:36.120+0700] {subprocess.py:93} INFO - 	at org.apache.spark.sql.catalyst.plans.logical.LogicalPlan.org$apache$spark$sql$catalyst$plans$logical$AnalysisHelper$$super$transformDownWithPruning(LogicalPlan.scala:32)
[2025-10-31T23:45:36.120+0700] {subprocess.py:93} INFO - 	at org.apache.spark.sql.catalyst.plans.logical.AnalysisHelper.transformDownWithPruning(AnalysisHelper.scala:267)
[2025-10-31T23:45:36.120+0700] {subprocess.py:93} INFO - 	at org.apache.spark.sql.catalyst.plans.logical.AnalysisHelper.transformDownWithPruning$(AnalysisHelper.scala:263)
[2025-10-31T23:45:36.120+0700] {subprocess.py:93} INFO - 	at org.apache.spark.sql.catalyst.plans.logical.LogicalPlan.transformDownWithPruning(LogicalPlan.scala:32)
[2025-10-31T23:45:36.121+0700] {subprocess.py:93} INFO - 	at org.apache.spark.sql.catalyst.plans.logical.LogicalPlan.transformDownWithPruning(LogicalPlan.scala:32)
[2025-10-31T23:45:36.121+0700] {subprocess.py:93} INFO - 	at org.apache.spark.sql.catalyst.trees.TreeNode.transformDown(TreeNode.scala:437)
[2025-10-31T23:45:36.121+0700] {subprocess.py:93} INFO - 	at org.apache.spark.sql.execution.QueryExecution.eagerlyExecuteCommands(QueryExecution.scala:98)
[2025-10-31T23:45:36.121+0700] {subprocess.py:93} INFO - 	at org.apache.spark.sql.execution.QueryExecution.commandExecuted$lzycompute(QueryExecution.scala:85)
[2025-10-31T23:45:36.121+0700] {subprocess.py:93} INFO - 	at org.apache.spark.sql.execution.QueryExecution.commandExecuted(QueryExecution.scala:83)
[2025-10-31T23:45:36.121+0700] {subprocess.py:93} INFO - 	at org.apache.spark.sql.execution.QueryExecution.assertCommandExecuted(QueryExecution.scala:142)
[2025-10-31T23:45:36.121+0700] {subprocess.py:93} INFO - 	at org.apache.spark.sql.DataFrameWriter.runCommand(DataFrameWriter.scala:859)
[2025-10-31T23:45:36.121+0700] {subprocess.py:93} INFO - 	at org.apache.spark.sql.DataFrameWriter.saveToV1Source(DataFrameWriter.scala:388)
[2025-10-31T23:45:36.122+0700] {subprocess.py:93} INFO - 	at org.apache.spark.sql.DataFrameWriter.saveInternal(DataFrameWriter.scala:361)
[2025-10-31T23:45:36.122+0700] {subprocess.py:93} INFO - 	at org.apache.spark.sql.DataFrameWriter.save(DataFrameWriter.scala:248)
[2025-10-31T23:45:36.122+0700] {subprocess.py:93} INFO - 	at org.apache.spark.sql.DataFrameWriter.jdbc(DataFrameWriter.scala:756)
[2025-10-31T23:45:36.122+0700] {subprocess.py:93} INFO - 	at java.base/jdk.internal.reflect.NativeMethodAccessorImpl.invoke0(Native Method)
[2025-10-31T23:45:36.122+0700] {subprocess.py:93} INFO - 	at java.base/jdk.internal.reflect.NativeMethodAccessorImpl.invoke(NativeMethodAccessorImpl.java:77)
[2025-10-31T23:45:36.122+0700] {subprocess.py:93} INFO - 	at java.base/jdk.internal.reflect.DelegatingMethodAccessorImpl.invoke(DelegatingMethodAccessorImpl.java:43)
[2025-10-31T23:45:36.122+0700] {subprocess.py:93} INFO - 	at java.base/java.lang.reflect.Method.invoke(Method.java:569)
[2025-10-31T23:45:36.123+0700] {subprocess.py:93} INFO - 	at py4j.reflection.MethodInvoker.invoke(MethodInvoker.java:244)
[2025-10-31T23:45:36.123+0700] {subprocess.py:93} INFO - 	at py4j.reflection.ReflectionEngine.invoke(ReflectionEngine.java:374)
[2025-10-31T23:45:36.123+0700] {subprocess.py:93} INFO - 	at py4j.Gateway.invoke(Gateway.java:282)
[2025-10-31T23:45:36.123+0700] {subprocess.py:93} INFO - 	at py4j.commands.AbstractCommand.invokeMethod(AbstractCommand.java:132)
[2025-10-31T23:45:36.123+0700] {subprocess.py:93} INFO - 	at py4j.commands.CallCommand.execute(CallCommand.java:79)
[2025-10-31T23:45:36.123+0700] {subprocess.py:93} INFO - 	at py4j.ClientServerConnection.sendCommand(ClientServerConnection.java:244)
[2025-10-31T23:45:36.123+0700] {subprocess.py:93} INFO - 	at py4j.CallbackClient.sendCommand(CallbackClient.java:384)
[2025-10-31T23:45:36.123+0700] {subprocess.py:93} INFO - 	at py4j.CallbackClient.sendCommand(CallbackClient.java:356)
[2025-10-31T23:45:36.123+0700] {subprocess.py:93} INFO - 	at py4j.reflection.PythonProxyHandler.invoke(PythonProxyHandler.java:106)
[2025-10-31T23:45:36.123+0700] {subprocess.py:93} INFO - 	at jdk.proxy3/jdk.proxy3.$Proxy31.call(Unknown Source)
[2025-10-31T23:45:36.124+0700] {subprocess.py:93} INFO - 	at org.apache.spark.sql.execution.streaming.sources.PythonForeachBatchHelper$.$anonfun$callForeachBatch$1(ForeachBatchSink.scala:53)
[2025-10-31T23:45:36.124+0700] {subprocess.py:93} INFO - 	at org.apache.spark.sql.execution.streaming.sources.PythonForeachBatchHelper$.$anonfun$callForeachBatch$1$adapted(ForeachBatchSink.scala:53)
[2025-10-31T23:45:36.124+0700] {subprocess.py:93} INFO - 	at org.apache.spark.sql.execution.streaming.sources.ForeachBatchSink.addBatch(ForeachBatchSink.scala:34)
[2025-10-31T23:45:36.124+0700] {subprocess.py:93} INFO - 	at org.apache.spark.sql.execution.streaming.MicroBatchExecution.$anonfun$runBatch$17(MicroBatchExecution.scala:732)
[2025-10-31T23:45:36.124+0700] {subprocess.py:93} INFO - 	at org.apache.spark.sql.execution.SQLExecution$.$anonfun$withNewExecutionId$6(SQLExecution.scala:125)
[2025-10-31T23:45:36.124+0700] {subprocess.py:93} INFO - 	at org.apache.spark.sql.execution.SQLExecution$.withSQLConfPropagated(SQLExecution.scala:201)
[2025-10-31T23:45:36.124+0700] {subprocess.py:93} INFO - 	at org.apache.spark.sql.execution.SQLExecution$.$anonfun$withNewExecutionId$1(SQLExecution.scala:108)
[2025-10-31T23:45:36.124+0700] {subprocess.py:93} INFO - 	at org.apache.spark.sql.SparkSession.withActive(SparkSession.scala:900)
[2025-10-31T23:45:36.125+0700] {subprocess.py:93} INFO - 	at org.apache.spark.sql.execution.SQLExecution$.withNewExecutionId(SQLExecution.scala:66)
[2025-10-31T23:45:36.125+0700] {subprocess.py:93} INFO - 	at org.apache.spark.sql.execution.streaming.MicroBatchExecution.$anonfun$runBatch$16(MicroBatchExecution.scala:729)
[2025-10-31T23:45:36.125+0700] {subprocess.py:93} INFO - 	at org.apache.spark.sql.execution.streaming.ProgressReporter.reportTimeTaken(ProgressReporter.scala:427)
[2025-10-31T23:45:36.125+0700] {subprocess.py:93} INFO - 	at org.apache.spark.sql.execution.streaming.ProgressReporter.reportTimeTaken$(ProgressReporter.scala:425)
[2025-10-31T23:45:36.125+0700] {subprocess.py:93} INFO - 	at org.apache.spark.sql.execution.streaming.StreamExecution.reportTimeTaken(StreamExecution.scala:67)
[2025-10-31T23:45:36.125+0700] {subprocess.py:93} INFO - 	at org.apache.spark.sql.execution.streaming.MicroBatchExecution.runBatch(MicroBatchExecution.scala:729)
[2025-10-31T23:45:36.125+0700] {subprocess.py:93} INFO - 	at org.apache.spark.sql.execution.streaming.MicroBatchExecution.$anonfun$runActivatedStream$2(MicroBatchExecution.scala:286)
[2025-10-31T23:45:36.125+0700] {subprocess.py:93} INFO - 	at scala.runtime.java8.JFunction0$mcV$sp.apply(JFunction0$mcV$sp.java:23)
[2025-10-31T23:45:36.125+0700] {subprocess.py:93} INFO - 	at org.apache.spark.sql.execution.streaming.ProgressReporter.reportTimeTaken(ProgressReporter.scala:427)
[2025-10-31T23:45:36.125+0700] {subprocess.py:93} INFO - 	at org.apache.spark.sql.execution.streaming.ProgressReporter.reportTimeTaken$(ProgressReporter.scala:425)
[2025-10-31T23:45:36.125+0700] {subprocess.py:93} INFO - 	at org.apache.spark.sql.execution.streaming.StreamExecution.reportTimeTaken(StreamExecution.scala:67)
[2025-10-31T23:45:36.126+0700] {subprocess.py:93} INFO - 	at org.apache.spark.sql.execution.streaming.MicroBatchExecution.$anonfun$runActivatedStream$1(MicroBatchExecution.scala:249)
[2025-10-31T23:45:36.126+0700] {subprocess.py:93} INFO - 	at org.apache.spark.sql.execution.streaming.ProcessingTimeExecutor.execute(TriggerExecutor.scala:67)
[2025-10-31T23:45:36.126+0700] {subprocess.py:93} INFO - 	at org.apache.spark.sql.execution.streaming.MicroBatchExecution.runActivatedStream(MicroBatchExecution.scala:239)
[2025-10-31T23:45:36.126+0700] {subprocess.py:93} INFO - 	at org.apache.spark.sql.execution.streaming.StreamExecution.$anonfun$runStream$1(StreamExecution.scala:311)
[2025-10-31T23:45:36.126+0700] {subprocess.py:93} INFO - 	at scala.runtime.java8.JFunction0$mcV$sp.apply(JFunction0$mcV$sp.java:23)
[2025-10-31T23:45:36.126+0700] {subprocess.py:93} INFO - 	at org.apache.spark.sql.SparkSession.withActive(SparkSession.scala:900)
[2025-10-31T23:45:36.126+0700] {subprocess.py:93} INFO - 	at org.apache.spark.sql.execution.streaming.StreamExecution.org$apache$spark$sql$execution$streaming$StreamExecution$$runStream(StreamExecution.scala:289)
[2025-10-31T23:45:36.126+0700] {subprocess.py:93} INFO - 	at org.apache.spark.sql.execution.streaming.StreamExecution$$anon$1.$anonfun$run$1(StreamExecution.scala:211)
[2025-10-31T23:45:36.126+0700] {subprocess.py:93} INFO - 	at scala.runtime.java8.JFunction0$mcV$sp.apply(JFunction0$mcV$sp.java:23)
[2025-10-31T23:45:36.127+0700] {subprocess.py:93} INFO - 	at org.apache.spark.JobArtifactSet$.withActiveJobArtifactState(JobArtifactSet.scala:94)
[2025-10-31T23:45:36.127+0700] {subprocess.py:93} INFO - 	at org.apache.spark.sql.execution.streaming.StreamExecution$$anon$1.run(StreamExecution.scala:211)
[2025-10-31T23:45:36.127+0700] {subprocess.py:93} INFO - 
[2025-10-31T23:45:36.127+0700] {subprocess.py:93} INFO - 
[2025-10-31T23:45:36.127+0700] {subprocess.py:93} INFO - 	at py4j.Protocol.getReturnValue(Protocol.java:476)
[2025-10-31T23:45:36.127+0700] {subprocess.py:93} INFO - 	at py4j.reflection.PythonProxyHandler.invoke(PythonProxyHandler.java:108)
[2025-10-31T23:45:36.127+0700] {subprocess.py:93} INFO - 	at jdk.proxy3/jdk.proxy3.$Proxy31.call(Unknown Source)
[2025-10-31T23:45:36.127+0700] {subprocess.py:93} INFO - 	at org.apache.spark.sql.execution.streaming.sources.PythonForeachBatchHelper$.$anonfun$callForeachBatch$1(ForeachBatchSink.scala:53)
[2025-10-31T23:45:36.128+0700] {subprocess.py:93} INFO - 	at org.apache.spark.sql.execution.streaming.sources.PythonForeachBatchHelper$.$anonfun$callForeachBatch$1$adapted(ForeachBatchSink.scala:53)
[2025-10-31T23:45:36.128+0700] {subprocess.py:93} INFO - 	at org.apache.spark.sql.execution.streaming.sources.ForeachBatchSink.addBatch(ForeachBatchSink.scala:34)
[2025-10-31T23:45:36.128+0700] {subprocess.py:93} INFO - 	at org.apache.spark.sql.execution.streaming.MicroBatchExecution.$anonfun$runBatch$17(MicroBatchExecution.scala:732)
[2025-10-31T23:45:36.128+0700] {subprocess.py:93} INFO - 	at org.apache.spark.sql.execution.SQLExecution$.$anonfun$withNewExecutionId$6(SQLExecution.scala:125)
[2025-10-31T23:45:36.128+0700] {subprocess.py:93} INFO - 	at org.apache.spark.sql.execution.SQLExecution$.withSQLConfPropagated(SQLExecution.scala:201)
[2025-10-31T23:45:36.128+0700] {subprocess.py:93} INFO - 	at org.apache.spark.sql.execution.SQLExecution$.$anonfun$withNewExecutionId$1(SQLExecution.scala:108)
[2025-10-31T23:45:36.128+0700] {subprocess.py:93} INFO - 	at org.apache.spark.sql.SparkSession.withActive(SparkSession.scala:900)
[2025-10-31T23:45:36.129+0700] {subprocess.py:93} INFO - 	at org.apache.spark.sql.execution.SQLExecution$.withNewExecutionId(SQLExecution.scala:66)
[2025-10-31T23:45:36.129+0700] {subprocess.py:93} INFO - 	at org.apache.spark.sql.execution.streaming.MicroBatchExecution.$anonfun$runBatch$16(MicroBatchExecution.scala:729)
[2025-10-31T23:45:36.129+0700] {subprocess.py:93} INFO - 	at org.apache.spark.sql.execution.streaming.ProgressReporter.reportTimeTaken(ProgressReporter.scala:427)
[2025-10-31T23:45:36.130+0700] {subprocess.py:93} INFO - 	at org.apache.spark.sql.execution.streaming.ProgressReporter.reportTimeTaken$(ProgressReporter.scala:425)
[2025-10-31T23:45:36.130+0700] {subprocess.py:93} INFO - 	at org.apache.spark.sql.execution.streaming.StreamExecution.reportTimeTaken(StreamExecution.scala:67)
[2025-10-31T23:45:36.130+0700] {subprocess.py:93} INFO - 	at org.apache.spark.sql.execution.streaming.MicroBatchExecution.runBatch(MicroBatchExecution.scala:729)
[2025-10-31T23:45:36.130+0700] {subprocess.py:93} INFO - 	at org.apache.spark.sql.execution.streaming.MicroBatchExecution.$anonfun$runActivatedStream$2(MicroBatchExecution.scala:286)
[2025-10-31T23:45:36.130+0700] {subprocess.py:93} INFO - 	at scala.runtime.java8.JFunction0$mcV$sp.apply(JFunction0$mcV$sp.java:23)
[2025-10-31T23:45:36.130+0700] {subprocess.py:93} INFO - 	at org.apache.spark.sql.execution.streaming.ProgressReporter.reportTimeTaken(ProgressReporter.scala:427)
[2025-10-31T23:45:36.131+0700] {subprocess.py:93} INFO - 	at org.apache.spark.sql.execution.streaming.ProgressReporter.reportTimeTaken$(ProgressReporter.scala:425)
[2025-10-31T23:45:36.131+0700] {subprocess.py:93} INFO - 	at org.apache.spark.sql.execution.streaming.StreamExecution.reportTimeTaken(StreamExecution.scala:67)
[2025-10-31T23:45:36.131+0700] {subprocess.py:93} INFO - 	at org.apache.spark.sql.execution.streaming.MicroBatchExecution.$anonfun$runActivatedStream$1(MicroBatchExecution.scala:249)
[2025-10-31T23:45:36.131+0700] {subprocess.py:93} INFO - 	at org.apache.spark.sql.execution.streaming.ProcessingTimeExecutor.execute(TriggerExecutor.scala:67)
[2025-10-31T23:45:36.131+0700] {subprocess.py:93} INFO - 	at org.apache.spark.sql.execution.streaming.MicroBatchExecution.runActivatedStream(MicroBatchExecution.scala:239)
[2025-10-31T23:45:36.131+0700] {subprocess.py:93} INFO - 	at org.apache.spark.sql.execution.streaming.StreamExecution.$anonfun$runStream$1(StreamExecution.scala:311)
[2025-10-31T23:45:36.132+0700] {subprocess.py:93} INFO - 	at scala.runtime.java8.JFunction0$mcV$sp.apply(JFunction0$mcV$sp.java:23)
[2025-10-31T23:45:36.132+0700] {subprocess.py:93} INFO - 	at org.apache.spark.sql.SparkSession.withActive(SparkSession.scala:900)
[2025-10-31T23:45:36.132+0700] {subprocess.py:93} INFO - 	at org.apache.spark.sql.execution.streaming.StreamExecution.org$apache$spark$sql$execution$streaming$StreamExecution$$runStream(StreamExecution.scala:289)
[2025-10-31T23:45:36.132+0700] {subprocess.py:93} INFO - 	at org.apache.spark.sql.execution.streaming.StreamExecution$$anon$1.$anonfun$run$1(StreamExecution.scala:211)
[2025-10-31T23:45:36.132+0700] {subprocess.py:93} INFO - 	at scala.runtime.java8.JFunction0$mcV$sp.apply(JFunction0$mcV$sp.java:23)
[2025-10-31T23:45:36.132+0700] {subprocess.py:93} INFO - 	at org.apache.spark.JobArtifactSet$.withActiveJobArtifactState(JobArtifactSet.scala:94)
[2025-10-31T23:45:36.132+0700] {subprocess.py:93} INFO - 	at org.apache.spark.sql.execution.streaming.StreamExecution$$anon$1.run(StreamExecution.scala:211)
[2025-10-31T23:45:36.257+0700] {subprocess.py:93} INFO - Traceback (most recent call last):
[2025-10-31T23:45:36.257+0700] {subprocess.py:93} INFO -   File "/opt/***/projects/vehicle_count/scripts/vehicle_consumer.py", line 161, in <module>
[2025-10-31T23:45:36.258+0700] {subprocess.py:93} INFO -     query.awaitTermination()
[2025-10-31T23:45:36.258+0700] {subprocess.py:93} INFO -   File "/home/***/.local/lib/python3.12/site-packages/pyspark/python/lib/pyspark.zip/pyspark/sql/streaming/query.py", line 221, in awaitTermination
[2025-10-31T23:45:36.258+0700] {subprocess.py:93} INFO -   File "/home/***/.local/lib/python3.12/site-packages/pyspark/python/lib/py4j-0.10.9.7-src.zip/py4j/java_gateway.py", line 1322, in __call__
[2025-10-31T23:45:36.258+0700] {subprocess.py:93} INFO -   File "/home/***/.local/lib/python3.12/site-packages/pyspark/python/lib/pyspark.zip/pyspark/errors/exceptions/captured.py", line 185, in deco
[2025-10-31T23:45:36.262+0700] {subprocess.py:93} INFO - pyspark.errors.exceptions.captured.StreamingQueryException: [STREAM_FAILED] Query [id = c9cf82bd-833d-444b-883e-2e3225f57b31, runId = ebca1153-12a2-47c9-8a6e-d7afedd6fce9] terminated with exception: An exception was raised by the Python Proxy. Return Message: Traceback (most recent call last):
[2025-10-31T23:45:36.263+0700] {subprocess.py:93} INFO -   File "/home/***/.local/lib/python3.12/site-packages/pyspark/python/lib/py4j-0.10.9.7-src.zip/py4j/clientserver.py", line 617, in _call_proxy
[2025-10-31T23:45:36.263+0700] {subprocess.py:93} INFO -     return_value = getattr(self.pool[obj_id], method)(*params)
[2025-10-31T23:45:36.263+0700] {subprocess.py:93} INFO -                    ^^^^^^^^^^^^^^^^^^^^^^^^^^^^^^^^^^^^^^^^^^^
[2025-10-31T23:45:36.263+0700] {subprocess.py:93} INFO -   File "/home/***/.local/lib/python3.12/site-packages/pyspark/python/lib/pyspark.zip/pyspark/sql/utils.py", line 120, in call
[2025-10-31T23:45:36.264+0700] {subprocess.py:93} INFO -     raise e
[2025-10-31T23:45:36.264+0700] {subprocess.py:93} INFO -   File "/home/***/.local/lib/python3.12/site-packages/pyspark/python/lib/pyspark.zip/pyspark/sql/utils.py", line 117, in call
[2025-10-31T23:45:36.264+0700] {subprocess.py:93} INFO -     self.func(DataFrame(jdf, wrapped_session_jdf), batch_id)
[2025-10-31T23:45:36.264+0700] {subprocess.py:93} INFO -   File "/opt/***/projects/vehicle_count/scripts/vehicle_consumer.py", line 144, in write_to_postgres
[2025-10-31T23:45:36.264+0700] {subprocess.py:93} INFO -     .jdbc(
[2025-10-31T23:45:36.265+0700] {subprocess.py:93} INFO -      ^^^^^
[2025-10-31T23:45:36.265+0700] {subprocess.py:93} INFO -   File "/home/***/.local/lib/python3.12/site-packages/pyspark/python/lib/pyspark.zip/pyspark/sql/readwriter.py", line 1984, in jdbc
[2025-10-31T23:45:36.265+0700] {subprocess.py:93} INFO -     self.mode(mode)._jwrite.jdbc(url, table, jprop)
[2025-10-31T23:45:36.265+0700] {subprocess.py:93} INFO -   File "/home/***/.local/lib/python3.12/site-packages/pyspark/python/lib/py4j-0.10.9.7-src.zip/py4j/java_gateway.py", line 1322, in __call__
[2025-10-31T23:45:36.265+0700] {subprocess.py:93} INFO -     return_value = get_return_value(
[2025-10-31T23:45:36.266+0700] {subprocess.py:93} INFO -                    ^^^^^^^^^^^^^^^^^
[2025-10-31T23:45:36.266+0700] {subprocess.py:93} INFO -   File "/home/***/.local/lib/python3.12/site-packages/pyspark/python/lib/pyspark.zip/pyspark/errors/exceptions/captured.py", line 179, in deco
[2025-10-31T23:45:36.266+0700] {subprocess.py:93} INFO -     return f(*a, **kw)
[2025-10-31T23:45:36.266+0700] {subprocess.py:93} INFO -            ^^^^^^^^^^^
[2025-10-31T23:45:36.266+0700] {subprocess.py:93} INFO -   File "/home/***/.local/lib/python3.12/site-packages/pyspark/python/lib/py4j-0.10.9.7-src.zip/py4j/protocol.py", line 326, in get_return_value
[2025-10-31T23:45:36.266+0700] {subprocess.py:93} INFO -     raise Py4JJavaError(
[2025-10-31T23:45:36.267+0700] {subprocess.py:93} INFO - py4j.protocol.Py4JJavaError: An error occurred while calling o100.jdbc.
[2025-10-31T23:45:36.267+0700] {subprocess.py:93} INFO - : org.postgresql.util.PSQLException: FATAL: database "vehicle_db" does not exist
[2025-10-31T23:45:36.267+0700] {subprocess.py:93} INFO - 	at org.postgresql.core.v3.QueryExecutorImpl.receiveErrorResponse(QueryExecutorImpl.java:2713)
[2025-10-31T23:45:36.267+0700] {subprocess.py:93} INFO - 	at org.postgresql.core.v3.QueryExecutorImpl.readStartupMessages(QueryExecutorImpl.java:2825)
[2025-10-31T23:45:36.267+0700] {subprocess.py:93} INFO - 	at org.postgresql.core.v3.QueryExecutorImpl.<init>(QueryExecutorImpl.java:175)
[2025-10-31T23:45:36.267+0700] {subprocess.py:93} INFO - 	at org.postgresql.core.v3.ConnectionFactoryImpl.openConnectionImpl(ConnectionFactoryImpl.java:313)
[2025-10-31T23:45:36.268+0700] {subprocess.py:93} INFO - 	at org.postgresql.core.ConnectionFactory.openConnection(ConnectionFactory.java:54)
[2025-10-31T23:45:36.268+0700] {subprocess.py:93} INFO - 	at org.postgresql.jdbc.PgConnection.<init>(PgConnection.java:263)
[2025-10-31T23:45:36.268+0700] {subprocess.py:93} INFO - 	at org.postgresql.Driver.makeConnection(Driver.java:443)
[2025-10-31T23:45:36.268+0700] {subprocess.py:93} INFO - 	at org.postgresql.Driver.connect(Driver.java:297)
[2025-10-31T23:45:36.268+0700] {subprocess.py:93} INFO - 	at org.apache.spark.sql.execution.datasources.jdbc.connection.BasicConnectionProvider.getConnection(BasicConnectionProvider.scala:49)
[2025-10-31T23:45:36.268+0700] {subprocess.py:93} INFO - 	at org.apache.spark.sql.execution.datasources.jdbc.connection.ConnectionProviderBase.create(ConnectionProvider.scala:102)
[2025-10-31T23:45:36.269+0700] {subprocess.py:93} INFO - 	at org.apache.spark.sql.jdbc.JdbcDialect.$anonfun$createConnectionFactory$1(JdbcDialects.scala:160)
[2025-10-31T23:45:36.269+0700] {subprocess.py:93} INFO - 	at org.apache.spark.sql.jdbc.JdbcDialect.$anonfun$createConnectionFactory$1$adapted(JdbcDialects.scala:156)
[2025-10-31T23:45:36.269+0700] {subprocess.py:93} INFO - 	at org.apache.spark.sql.execution.datasources.jdbc.JdbcRelationProvider.createRelation(JdbcRelationProvider.scala:50)
[2025-10-31T23:45:36.269+0700] {subprocess.py:93} INFO - 	at org.apache.spark.sql.execution.datasources.SaveIntoDataSourceCommand.run(SaveIntoDataSourceCommand.scala:48)
[2025-10-31T23:45:36.269+0700] {subprocess.py:93} INFO - 	at org.apache.spark.sql.execution.command.ExecutedCommandExec.sideEffectResult$lzycompute(commands.scala:75)
[2025-10-31T23:45:36.269+0700] {subprocess.py:93} INFO - 	at org.apache.spark.sql.execution.command.ExecutedCommandExec.sideEffectResult(commands.scala:73)
[2025-10-31T23:45:36.270+0700] {subprocess.py:93} INFO - 	at org.apache.spark.sql.execution.command.ExecutedCommandExec.executeCollect(commands.scala:84)
[2025-10-31T23:45:36.270+0700] {subprocess.py:93} INFO - 	at org.apache.spark.sql.execution.QueryExecution$$anonfun$eagerlyExecuteCommands$1.$anonfun$applyOrElse$1(QueryExecution.scala:107)
[2025-10-31T23:45:36.270+0700] {subprocess.py:93} INFO - 	at org.apache.spark.sql.execution.SQLExecution$.$anonfun$withNewExecutionId$6(SQLExecution.scala:125)
[2025-10-31T23:45:36.270+0700] {subprocess.py:93} INFO - 	at org.apache.spark.sql.execution.SQLExecution$.withSQLConfPropagated(SQLExecution.scala:201)
[2025-10-31T23:45:36.270+0700] {subprocess.py:93} INFO - 	at org.apache.spark.sql.execution.SQLExecution$.$anonfun$withNewExecutionId$1(SQLExecution.scala:108)
[2025-10-31T23:45:36.270+0700] {subprocess.py:93} INFO - 	at org.apache.spark.sql.SparkSession.withActive(SparkSession.scala:900)
[2025-10-31T23:45:36.271+0700] {subprocess.py:93} INFO - 	at org.apache.spark.sql.execution.SQLExecution$.withNewExecutionId(SQLExecution.scala:66)
[2025-10-31T23:45:36.271+0700] {subprocess.py:93} INFO - 	at org.apache.spark.sql.execution.QueryExecution$$anonfun$eagerlyExecuteCommands$1.applyOrElse(QueryExecution.scala:107)
[2025-10-31T23:45:36.271+0700] {subprocess.py:93} INFO - 	at org.apache.spark.sql.execution.QueryExecution$$anonfun$eagerlyExecuteCommands$1.applyOrElse(QueryExecution.scala:98)
[2025-10-31T23:45:36.271+0700] {subprocess.py:93} INFO - 	at org.apache.spark.sql.catalyst.trees.TreeNode.$anonfun$transformDownWithPruning$1(TreeNode.scala:461)
[2025-10-31T23:45:36.271+0700] {subprocess.py:93} INFO - 	at org.apache.spark.sql.catalyst.trees.CurrentOrigin$.withOrigin(origin.scala:76)
[2025-10-31T23:45:36.272+0700] {subprocess.py:93} INFO - 	at org.apache.spark.sql.catalyst.trees.TreeNode.transformDownWithPruning(TreeNode.scala:461)
[2025-10-31T23:45:36.272+0700] {subprocess.py:93} INFO - 	at org.apache.spark.sql.catalyst.plans.logical.LogicalPlan.org$apache$spark$sql$catalyst$plans$logical$AnalysisHelper$$super$transformDownWithPruning(LogicalPlan.scala:32)
[2025-10-31T23:45:36.272+0700] {subprocess.py:93} INFO - 	at org.apache.spark.sql.catalyst.plans.logical.AnalysisHelper.transformDownWithPruning(AnalysisHelper.scala:267)
[2025-10-31T23:45:36.272+0700] {subprocess.py:93} INFO - 	at org.apache.spark.sql.catalyst.plans.logical.AnalysisHelper.transformDownWithPruning$(AnalysisHelper.scala:263)
[2025-10-31T23:45:36.272+0700] {subprocess.py:93} INFO - 	at org.apache.spark.sql.catalyst.plans.logical.LogicalPlan.transformDownWithPruning(LogicalPlan.scala:32)
[2025-10-31T23:45:36.272+0700] {subprocess.py:93} INFO - 	at org.apache.spark.sql.catalyst.plans.logical.LogicalPlan.transformDownWithPruning(LogicalPlan.scala:32)
[2025-10-31T23:45:36.272+0700] {subprocess.py:93} INFO - 	at org.apache.spark.sql.catalyst.trees.TreeNode.transformDown(TreeNode.scala:437)
[2025-10-31T23:45:36.273+0700] {subprocess.py:93} INFO - 	at org.apache.spark.sql.execution.QueryExecution.eagerlyExecuteCommands(QueryExecution.scala:98)
[2025-10-31T23:45:36.273+0700] {subprocess.py:93} INFO - 	at org.apache.spark.sql.execution.QueryExecution.commandExecuted$lzycompute(QueryExecution.scala:85)
[2025-10-31T23:45:36.273+0700] {subprocess.py:93} INFO - 	at org.apache.spark.sql.execution.QueryExecution.commandExecuted(QueryExecution.scala:83)
[2025-10-31T23:45:36.273+0700] {subprocess.py:93} INFO - 	at org.apache.spark.sql.execution.QueryExecution.assertCommandExecuted(QueryExecution.scala:142)
[2025-10-31T23:45:36.273+0700] {subprocess.py:93} INFO - 	at org.apache.spark.sql.DataFrameWriter.runCommand(DataFrameWriter.scala:859)
[2025-10-31T23:45:36.273+0700] {subprocess.py:93} INFO - 	at org.apache.spark.sql.DataFrameWriter.saveToV1Source(DataFrameWriter.scala:388)
[2025-10-31T23:45:36.274+0700] {subprocess.py:93} INFO - 	at org.apache.spark.sql.DataFrameWriter.saveInternal(DataFrameWriter.scala:361)
[2025-10-31T23:45:36.274+0700] {subprocess.py:93} INFO - 	at org.apache.spark.sql.DataFrameWriter.save(DataFrameWriter.scala:248)
[2025-10-31T23:45:36.274+0700] {subprocess.py:93} INFO - 	at org.apache.spark.sql.DataFrameWriter.jdbc(DataFrameWriter.scala:756)
[2025-10-31T23:45:36.274+0700] {subprocess.py:93} INFO - 	at java.base/jdk.internal.reflect.NativeMethodAccessorImpl.invoke0(Native Method)
[2025-10-31T23:45:36.274+0700] {subprocess.py:93} INFO - 	at java.base/jdk.internal.reflect.NativeMethodAccessorImpl.invoke(NativeMethodAccessorImpl.java:77)
[2025-10-31T23:45:36.275+0700] {subprocess.py:93} INFO - 	at java.base/jdk.internal.reflect.DelegatingMethodAccessorImpl.invoke(DelegatingMethodAccessorImpl.java:43)
[2025-10-31T23:45:36.275+0700] {subprocess.py:93} INFO - 	at java.base/java.lang.reflect.Method.invoke(Method.java:569)
[2025-10-31T23:45:36.275+0700] {subprocess.py:93} INFO - 	at py4j.reflection.MethodInvoker.invoke(MethodInvoker.java:244)
[2025-10-31T23:45:36.275+0700] {subprocess.py:93} INFO - 	at py4j.reflection.ReflectionEngine.invoke(ReflectionEngine.java:374)
[2025-10-31T23:45:36.275+0700] {subprocess.py:93} INFO - 	at py4j.Gateway.invoke(Gateway.java:282)
[2025-10-31T23:45:36.275+0700] {subprocess.py:93} INFO - 	at py4j.commands.AbstractCommand.invokeMethod(AbstractCommand.java:132)
[2025-10-31T23:45:36.276+0700] {subprocess.py:93} INFO - 	at py4j.commands.CallCommand.execute(CallCommand.java:79)
[2025-10-31T23:45:36.276+0700] {subprocess.py:93} INFO - 	at py4j.ClientServerConnection.sendCommand(ClientServerConnection.java:244)
[2025-10-31T23:45:36.276+0700] {subprocess.py:93} INFO - 	at py4j.CallbackClient.sendCommand(CallbackClient.java:384)
[2025-10-31T23:45:36.276+0700] {subprocess.py:93} INFO - 	at py4j.CallbackClient.sendCommand(CallbackClient.java:356)
[2025-10-31T23:45:36.276+0700] {subprocess.py:93} INFO - 	at py4j.reflection.PythonProxyHandler.invoke(PythonProxyHandler.java:106)
[2025-10-31T23:45:36.276+0700] {subprocess.py:93} INFO - 	at jdk.proxy3/jdk.proxy3.$Proxy31.call(Unknown Source)
[2025-10-31T23:45:36.276+0700] {subprocess.py:93} INFO - 	at org.apache.spark.sql.execution.streaming.sources.PythonForeachBatchHelper$.$anonfun$callForeachBatch$1(ForeachBatchSink.scala:53)
[2025-10-31T23:45:36.277+0700] {subprocess.py:93} INFO - 	at org.apache.spark.sql.execution.streaming.sources.PythonForeachBatchHelper$.$anonfun$callForeachBatch$1$adapted(ForeachBatchSink.scala:53)
[2025-10-31T23:45:36.277+0700] {subprocess.py:93} INFO - 	at org.apache.spark.sql.execution.streaming.sources.ForeachBatchSink.addBatch(ForeachBatchSink.scala:34)
[2025-10-31T23:45:36.277+0700] {subprocess.py:93} INFO - 	at org.apache.spark.sql.execution.streaming.MicroBatchExecution.$anonfun$runBatch$17(MicroBatchExecution.scala:732)
[2025-10-31T23:45:36.277+0700] {subprocess.py:93} INFO - 	at org.apache.spark.sql.execution.SQLExecution$.$anonfun$withNewExecutionId$6(SQLExecution.scala:125)
[2025-10-31T23:45:36.277+0700] {subprocess.py:93} INFO - 	at org.apache.spark.sql.execution.SQLExecution$.withSQLConfPropagated(SQLExecution.scala:201)
[2025-10-31T23:45:36.277+0700] {subprocess.py:93} INFO - 	at org.apache.spark.sql.execution.SQLExecution$.$anonfun$withNewExecutionId$1(SQLExecution.scala:108)
[2025-10-31T23:45:36.278+0700] {subprocess.py:93} INFO - 	at org.apache.spark.sql.SparkSession.withActive(SparkSession.scala:900)
[2025-10-31T23:45:36.278+0700] {subprocess.py:93} INFO - 	at org.apache.spark.sql.execution.SQLExecution$.withNewExecutionId(SQLExecution.scala:66)
[2025-10-31T23:45:36.278+0700] {subprocess.py:93} INFO - 	at org.apache.spark.sql.execution.streaming.MicroBatchExecution.$anonfun$runBatch$16(MicroBatchExecution.scala:729)
[2025-10-31T23:45:36.278+0700] {subprocess.py:93} INFO - 	at org.apache.spark.sql.execution.streaming.ProgressReporter.reportTimeTaken(ProgressReporter.scala:427)
[2025-10-31T23:45:36.278+0700] {subprocess.py:93} INFO - 	at org.apache.spark.sql.execution.streaming.ProgressReporter.reportTimeTaken$(ProgressReporter.scala:425)
[2025-10-31T23:45:36.278+0700] {subprocess.py:93} INFO - 	at org.apache.spark.sql.execution.streaming.StreamExecution.reportTimeTaken(StreamExecution.scala:67)
[2025-10-31T23:45:36.279+0700] {subprocess.py:93} INFO - 	at org.apache.spark.sql.execution.streaming.MicroBatchExecution.runBatch(MicroBatchExecution.scala:729)
[2025-10-31T23:45:36.279+0700] {subprocess.py:93} INFO - 	at org.apache.spark.sql.execution.streaming.MicroBatchExecution.$anonfun$runActivatedStream$2(MicroBatchExecution.scala:286)
[2025-10-31T23:45:36.279+0700] {subprocess.py:93} INFO - 	at scala.runtime.java8.JFunction0$mcV$sp.apply(JFunction0$mcV$sp.java:23)
[2025-10-31T23:45:36.280+0700] {subprocess.py:93} INFO - 	at org.apache.spark.sql.execution.streaming.ProgressReporter.reportTimeTaken(ProgressReporter.scala:427)
[2025-10-31T23:45:36.280+0700] {subprocess.py:93} INFO - 	at org.apache.spark.sql.execution.streaming.ProgressReporter.reportTimeTaken$(ProgressReporter.scala:425)
[2025-10-31T23:45:36.280+0700] {subprocess.py:93} INFO - 	at org.apache.spark.sql.execution.streaming.StreamExecution.reportTimeTaken(StreamExecution.scala:67)
[2025-10-31T23:45:36.280+0700] {subprocess.py:93} INFO - 	at org.apache.spark.sql.execution.streaming.MicroBatchExecution.$anonfun$runActivatedStream$1(MicroBatchExecution.scala:249)
[2025-10-31T23:45:36.281+0700] {subprocess.py:93} INFO - 	at org.apache.spark.sql.execution.streaming.ProcessingTimeExecutor.execute(TriggerExecutor.scala:67)
[2025-10-31T23:45:36.281+0700] {subprocess.py:93} INFO - 	at org.apache.spark.sql.execution.streaming.MicroBatchExecution.runActivatedStream(MicroBatchExecution.scala:239)
[2025-10-31T23:45:36.281+0700] {subprocess.py:93} INFO - 	at org.apache.spark.sql.execution.streaming.StreamExecution.$anonfun$runStream$1(StreamExecution.scala:311)
[2025-10-31T23:45:36.281+0700] {subprocess.py:93} INFO - 	at scala.runtime.java8.JFunction0$mcV$sp.apply(JFunction0$mcV$sp.java:23)
[2025-10-31T23:45:36.281+0700] {subprocess.py:93} INFO - 	at org.apache.spark.sql.SparkSession.withActive(SparkSession.scala:900)
[2025-10-31T23:45:36.282+0700] {subprocess.py:93} INFO - 	at org.apache.spark.sql.execution.streaming.StreamExecution.org$apache$spark$sql$execution$streaming$StreamExecution$$runStream(StreamExecution.scala:289)
[2025-10-31T23:45:36.282+0700] {subprocess.py:93} INFO - 	at org.apache.spark.sql.execution.streaming.StreamExecution$$anon$1.$anonfun$run$1(StreamExecution.scala:211)
[2025-10-31T23:45:36.282+0700] {subprocess.py:93} INFO - 	at scala.runtime.java8.JFunction0$mcV$sp.apply(JFunction0$mcV$sp.java:23)
[2025-10-31T23:45:36.282+0700] {subprocess.py:93} INFO - 	at org.apache.spark.JobArtifactSet$.withActiveJobArtifactState(JobArtifactSet.scala:94)
[2025-10-31T23:45:36.282+0700] {subprocess.py:93} INFO - 	at org.apache.spark.sql.execution.streaming.StreamExecution$$anon$1.run(StreamExecution.scala:211)
[2025-10-31T23:45:36.283+0700] {subprocess.py:93} INFO - 
[2025-10-31T23:45:36.283+0700] {subprocess.py:93} INFO - 
[2025-10-31T23:45:36.737+0700] {subprocess.py:97} INFO - Command exited with return code 1
[2025-10-31T23:45:36.740+0700] {taskinstance.py:441} INFO - ::group::Post task execution logs
[2025-10-31T23:45:36.752+0700] {taskinstance.py:2890} ERROR - Task failed with exception
Traceback (most recent call last):
  File "/home/airflow/.local/lib/python3.12/site-packages/airflow/models/taskinstance.py", line 460, in _execute_task
    result = _execute_callable(context=context, **execute_callable_kwargs)
             ^^^^^^^^^^^^^^^^^^^^^^^^^^^^^^^^^^^^^^^^^^^^^^^^^^^^^^^^^^^^^
  File "/home/airflow/.local/lib/python3.12/site-packages/airflow/models/taskinstance.py", line 432, in _execute_callable
    return execute_callable(context=context, **execute_callable_kwargs)
           ^^^^^^^^^^^^^^^^^^^^^^^^^^^^^^^^^^^^^^^^^^^^^^^^^^^^^^^^^^^^
  File "/home/airflow/.local/lib/python3.12/site-packages/airflow/models/baseoperator.py", line 400, in wrapper
    return func(self, *args, **kwargs)
           ^^^^^^^^^^^^^^^^^^^^^^^^^^^
  File "/home/airflow/.local/lib/python3.12/site-packages/airflow/operators/bash.py", line 243, in execute
    raise AirflowException(
airflow.exceptions.AirflowException: Bash command failed. The command returned a non-zero exit code 1.
[2025-10-31T23:45:36.756+0700] {taskinstance.py:1205} INFO - Marking task as FAILED. dag_id=vehicle_pipeline_new_dag, task_id=start_vehicle_consumer, execution_date=20251031T162034, start_date=20251031T164526, end_date=20251031T164536
[2025-10-31T23:45:36.767+0700] {standard_task_runner.py:110} ERROR - Failed to execute job 502 for task start_vehicle_consumer (Bash command failed. The command returned a non-zero exit code 1.; 7167)
[2025-10-31T23:45:36.793+0700] {local_task_job_runner.py:240} INFO - Task exited with return code 1
[2025-10-31T23:45:36.813+0700] {taskinstance.py:3482} INFO - 1 downstream tasks scheduled from follow-on schedule check
[2025-10-31T23:45:36.814+0700] {local_task_job_runner.py:222} INFO - ::endgroup::
