[2025-10-31T23:43:16.756+0700] {local_task_job_runner.py:120} INFO - ::group::Pre task execution logs
[2025-10-31T23:43:16.770+0700] {taskinstance.py:2073} INFO - Dependencies all met for dep_context=non-requeueable deps ti=<TaskInstance: vehicle_pipeline_new_dag.start_vehicle_consumer manual__2025-10-31T16:20:34.210157+00:00 [queued]>
[2025-10-31T23:43:16.775+0700] {taskinstance.py:2073} INFO - Dependencies all met for dep_context=requeueable deps ti=<TaskInstance: vehicle_pipeline_new_dag.start_vehicle_consumer manual__2025-10-31T16:20:34.210157+00:00 [queued]>
[2025-10-31T23:43:16.775+0700] {taskinstance.py:2303} INFO - Starting attempt 11 of 12
[2025-10-31T23:43:16.781+0700] {taskinstance.py:2327} INFO - Executing <Task(BashOperator): start_vehicle_consumer> on 2025-10-31 16:20:34.210157+00:00
[2025-10-31T23:43:16.787+0700] {warnings.py:110} WARNING - /home/***/.local/lib/python3.12/site-packages/***/task/task_runner/standard_task_runner.py:61: DeprecationWarning: This process (pid=6342) is multi-threaded, use of fork() may lead to deadlocks in the child.
  pid = os.fork()

[2025-10-31T23:43:16.788+0700] {standard_task_runner.py:63} INFO - Started process 6344 to run task
[2025-10-31T23:43:16.789+0700] {standard_task_runner.py:90} INFO - Running: ['***', 'tasks', 'run', 'vehicle_pipeline_new_dag', 'start_vehicle_consumer', 'manual__2025-10-31T16:20:34.210157+00:00', '--job-id', '500', '--raw', '--subdir', 'DAGS_FOLDER/vehicel_pipeline_new_dag.py', '--cfg-path', '/tmp/tmpuyh7k8t1']
[2025-10-31T23:43:16.792+0700] {standard_task_runner.py:91} INFO - Job 500: Subtask start_vehicle_consumer
[2025-10-31T23:43:16.832+0700] {task_command.py:426} INFO - Running <TaskInstance: vehicle_pipeline_new_dag.start_vehicle_consumer manual__2025-10-31T16:20:34.210157+00:00 [running]> on host f7bb1ad77e89
[2025-10-31T23:43:16.892+0700] {taskinstance.py:2644} INFO - Exporting env vars: AIRFLOW_CTX_DAG_OWNER='***' AIRFLOW_CTX_DAG_ID='vehicle_pipeline_new_dag' AIRFLOW_CTX_TASK_ID='start_vehicle_consumer' AIRFLOW_CTX_EXECUTION_DATE='2025-10-31T16:20:34.210157+00:00' AIRFLOW_CTX_TRY_NUMBER='11' AIRFLOW_CTX_DAG_RUN_ID='manual__2025-10-31T16:20:34.210157+00:00'
[2025-10-31T23:43:16.893+0700] {taskinstance.py:430} INFO - ::endgroup::
[2025-10-31T23:43:16.894+0700] {subprocess.py:63} INFO - Tmp dir root location: /tmp
[2025-10-31T23:43:16.894+0700] {subprocess.py:75} INFO - Running command: ['/usr/bin/bash', '-c', 'bash -c "timeout 45m bash /opt/***/projects/vehicle_count/scripts/run_consumer.sh"']
[2025-10-31T23:43:16.907+0700] {subprocess.py:86} INFO - Output:
[2025-10-31T23:43:16.917+0700] {subprocess.py:93} INFO - [Consumer] Starting Spark Structured Streaming job...
[2025-10-31T23:43:16.955+0700] {subprocess.py:93} INFO - /home/***/.local/lib/python3.12/site-packages/pyspark/bin/load-spark-env.sh: line 68: ps: command not found
[2025-10-31T23:43:17.646+0700] {subprocess.py:93} INFO - :: loading settings :: url = jar:file:/home/***/.local/lib/python3.12/site-packages/pyspark/jars/ivy-2.5.1.jar!/org/apache/ivy/core/settings/ivysettings.xml
[2025-10-31T23:43:17.674+0700] {subprocess.py:93} INFO - Ivy Default Cache set to: /home/***/.ivy2/cache
[2025-10-31T23:43:17.674+0700] {subprocess.py:93} INFO - The jars for the packages stored in: /home/***/.ivy2/jars
[2025-10-31T23:43:17.676+0700] {subprocess.py:93} INFO - org.apache.spark#spark-sql-kafka-0-10_2.12 added as a dependency
[2025-10-31T23:43:17.676+0700] {subprocess.py:93} INFO - org.postgresql#postgresql added as a dependency
[2025-10-31T23:43:17.676+0700] {subprocess.py:93} INFO - :: resolving dependencies :: org.apache.spark#spark-submit-parent-f7fc3c8d-33d7-40d8-91ca-0f99eda70173;1.0
[2025-10-31T23:43:17.676+0700] {subprocess.py:93} INFO - 	confs: [default]
[2025-10-31T23:43:17.751+0700] {subprocess.py:93} INFO - 	found org.apache.spark#spark-sql-kafka-0-10_2.12;3.5.1 in central
[2025-10-31T23:43:17.777+0700] {subprocess.py:93} INFO - 	found org.apache.spark#spark-token-provider-kafka-0-10_2.12;3.5.1 in central
[2025-10-31T23:43:17.788+0700] {subprocess.py:93} INFO - 	found org.apache.kafka#kafka-clients;3.4.1 in central
[2025-10-31T23:43:17.800+0700] {subprocess.py:93} INFO - 	found org.lz4#lz4-java;1.8.0 in central
[2025-10-31T23:43:17.809+0700] {subprocess.py:93} INFO - 	found org.xerial.snappy#snappy-java;1.1.10.3 in central
[2025-10-31T23:43:17.816+0700] {subprocess.py:93} INFO - 	found org.slf4j#slf4j-api;2.0.7 in central
[2025-10-31T23:43:17.826+0700] {subprocess.py:93} INFO - 	found org.apache.hadoop#hadoop-client-runtime;3.3.4 in central
[2025-10-31T23:43:17.837+0700] {subprocess.py:93} INFO - 	found org.apache.hadoop#hadoop-client-api;3.3.4 in central
[2025-10-31T23:43:17.846+0700] {subprocess.py:93} INFO - 	found commons-logging#commons-logging;1.1.3 in central
[2025-10-31T23:43:17.852+0700] {subprocess.py:93} INFO - 	found com.google.code.findbugs#jsr305;3.0.0 in central
[2025-10-31T23:43:17.858+0700] {subprocess.py:93} INFO - 	found org.apache.commons#commons-pool2;2.11.1 in central
[2025-10-31T23:43:17.862+0700] {subprocess.py:93} INFO - 	found org.postgresql#postgresql;42.6.0 in central
[2025-10-31T23:43:17.866+0700] {subprocess.py:93} INFO - 	found org.checkerframework#checker-qual;3.31.0 in central
[2025-10-31T23:43:17.877+0700] {subprocess.py:93} INFO - :: resolution report :: resolve 195ms :: artifacts dl 6ms
[2025-10-31T23:43:17.877+0700] {subprocess.py:93} INFO - 	:: modules in use:
[2025-10-31T23:43:17.878+0700] {subprocess.py:93} INFO - 	com.google.code.findbugs#jsr305;3.0.0 from central in [default]
[2025-10-31T23:43:17.878+0700] {subprocess.py:93} INFO - 	commons-logging#commons-logging;1.1.3 from central in [default]
[2025-10-31T23:43:17.878+0700] {subprocess.py:93} INFO - 	org.apache.commons#commons-pool2;2.11.1 from central in [default]
[2025-10-31T23:43:17.878+0700] {subprocess.py:93} INFO - 	org.apache.hadoop#hadoop-client-api;3.3.4 from central in [default]
[2025-10-31T23:43:17.879+0700] {subprocess.py:93} INFO - 	org.apache.hadoop#hadoop-client-runtime;3.3.4 from central in [default]
[2025-10-31T23:43:17.879+0700] {subprocess.py:93} INFO - 	org.apache.kafka#kafka-clients;3.4.1 from central in [default]
[2025-10-31T23:43:17.879+0700] {subprocess.py:93} INFO - 	org.apache.spark#spark-sql-kafka-0-10_2.12;3.5.1 from central in [default]
[2025-10-31T23:43:17.879+0700] {subprocess.py:93} INFO - 	org.apache.spark#spark-token-provider-kafka-0-10_2.12;3.5.1 from central in [default]
[2025-10-31T23:43:17.879+0700] {subprocess.py:93} INFO - 	org.checkerframework#checker-qual;3.31.0 from central in [default]
[2025-10-31T23:43:17.880+0700] {subprocess.py:93} INFO - 	org.lz4#lz4-java;1.8.0 from central in [default]
[2025-10-31T23:43:17.880+0700] {subprocess.py:93} INFO - 	org.postgresql#postgresql;42.6.0 from central in [default]
[2025-10-31T23:43:17.880+0700] {subprocess.py:93} INFO - 	org.slf4j#slf4j-api;2.0.7 from central in [default]
[2025-10-31T23:43:17.880+0700] {subprocess.py:93} INFO - 	org.xerial.snappy#snappy-java;1.1.10.3 from central in [default]
[2025-10-31T23:43:17.880+0700] {subprocess.py:93} INFO - 	---------------------------------------------------------------------
[2025-10-31T23:43:17.880+0700] {subprocess.py:93} INFO - 	|                  |            modules            ||   artifacts   |
[2025-10-31T23:43:17.881+0700] {subprocess.py:93} INFO - 	|       conf       | number| search|dwnlded|evicted|| number|dwnlded|
[2025-10-31T23:43:17.881+0700] {subprocess.py:93} INFO - 	---------------------------------------------------------------------
[2025-10-31T23:43:17.881+0700] {subprocess.py:93} INFO - 	|      default     |   13  |   0   |   0   |   0   ||   13  |   0   |
[2025-10-31T23:43:17.881+0700] {subprocess.py:93} INFO - 	---------------------------------------------------------------------
[2025-10-31T23:43:17.881+0700] {subprocess.py:93} INFO - :: retrieving :: org.apache.spark#spark-submit-parent-f7fc3c8d-33d7-40d8-91ca-0f99eda70173
[2025-10-31T23:43:17.882+0700] {subprocess.py:93} INFO - 	confs: [default]
[2025-10-31T23:43:17.885+0700] {subprocess.py:93} INFO - 	0 artifacts copied, 13 already retrieved (0kB/4ms)
[2025-10-31T23:43:17.960+0700] {subprocess.py:93} INFO - 25/10/31 23:43:17 WARN NativeCodeLoader: Unable to load native-hadoop library for your platform... using builtin-java classes where applicable
[2025-10-31T23:43:20.121+0700] {subprocess.py:93} INFO - 25/10/31 23:43:20 INFO SparkContext: Running Spark version 3.5.1
[2025-10-31T23:43:20.122+0700] {subprocess.py:93} INFO - 25/10/31 23:43:20 INFO SparkContext: OS info Linux, 5.15.49-linuxkit, aarch64
[2025-10-31T23:43:20.122+0700] {subprocess.py:93} INFO - 25/10/31 23:43:20 INFO SparkContext: Java version 17.0.17
[2025-10-31T23:43:20.130+0700] {subprocess.py:93} INFO - 25/10/31 23:43:20 INFO ResourceUtils: ==============================================================
[2025-10-31T23:43:20.130+0700] {subprocess.py:93} INFO - 25/10/31 23:43:20 INFO ResourceUtils: No custom resources configured for spark.driver.
[2025-10-31T23:43:20.130+0700] {subprocess.py:93} INFO - 25/10/31 23:43:20 INFO ResourceUtils: ==============================================================
[2025-10-31T23:43:20.131+0700] {subprocess.py:93} INFO - 25/10/31 23:43:20 INFO SparkContext: Submitted application: VehicleStreamingConsumer
[2025-10-31T23:43:20.137+0700] {subprocess.py:93} INFO - 25/10/31 23:43:20 INFO ResourceProfile: Default ResourceProfile created, executor resources: Map(cores -> name: cores, amount: 1, script: , vendor: , memory -> name: memory, amount: 1024, script: , vendor: , offHeap -> name: offHeap, amount: 0, script: , vendor: ), task resources: Map(cpus -> name: cpus, amount: 1.0)
[2025-10-31T23:43:20.141+0700] {subprocess.py:93} INFO - 25/10/31 23:43:20 INFO ResourceProfile: Limiting resource is cpu
[2025-10-31T23:43:20.141+0700] {subprocess.py:93} INFO - 25/10/31 23:43:20 INFO ResourceProfileManager: Added ResourceProfile id: 0
[2025-10-31T23:43:20.163+0700] {subprocess.py:93} INFO - 25/10/31 23:43:20 INFO SecurityManager: Changing view acls to: ***
[2025-10-31T23:43:20.163+0700] {subprocess.py:93} INFO - 25/10/31 23:43:20 INFO SecurityManager: Changing modify acls to: ***
[2025-10-31T23:43:20.164+0700] {subprocess.py:93} INFO - 25/10/31 23:43:20 INFO SecurityManager: Changing view acls groups to:
[2025-10-31T23:43:20.164+0700] {subprocess.py:93} INFO - 25/10/31 23:43:20 INFO SecurityManager: Changing modify acls groups to:
[2025-10-31T23:43:20.164+0700] {subprocess.py:93} INFO - 25/10/31 23:43:20 INFO SecurityManager: SecurityManager: authentication disabled; ui acls disabled; users with view permissions: ***; groups with view permissions: EMPTY; users with modify permissions: ***; groups with modify permissions: EMPTY
[2025-10-31T23:43:20.243+0700] {subprocess.py:93} INFO - 25/10/31 23:43:20 INFO Utils: Successfully started service 'sparkDriver' on port 46713.
[2025-10-31T23:43:20.259+0700] {subprocess.py:93} INFO - 25/10/31 23:43:20 INFO SparkEnv: Registering MapOutputTracker
[2025-10-31T23:43:20.273+0700] {subprocess.py:93} INFO - 25/10/31 23:43:20 INFO SparkEnv: Registering BlockManagerMaster
[2025-10-31T23:43:20.279+0700] {subprocess.py:93} INFO - 25/10/31 23:43:20 INFO BlockManagerMasterEndpoint: Using org.apache.spark.storage.DefaultTopologyMapper for getting topology information
[2025-10-31T23:43:20.279+0700] {subprocess.py:93} INFO - 25/10/31 23:43:20 INFO BlockManagerMasterEndpoint: BlockManagerMasterEndpoint up
[2025-10-31T23:43:20.281+0700] {subprocess.py:93} INFO - 25/10/31 23:43:20 INFO SparkEnv: Registering BlockManagerMasterHeartbeat
[2025-10-31T23:43:20.289+0700] {subprocess.py:93} INFO - 25/10/31 23:43:20 INFO DiskBlockManager: Created local directory at /tmp/blockmgr-84c05532-c606-49e6-baed-deb93b518487
[2025-10-31T23:43:20.294+0700] {subprocess.py:93} INFO - 25/10/31 23:43:20 INFO MemoryStore: MemoryStore started with capacity 434.4 MiB
[2025-10-31T23:43:20.299+0700] {subprocess.py:93} INFO - 25/10/31 23:43:20 INFO SparkEnv: Registering OutputCommitCoordinator
[2025-10-31T23:43:20.346+0700] {subprocess.py:93} INFO - 25/10/31 23:43:20 INFO JettyUtils: Start Jetty 0.0.0.0:4040 for SparkUI
[2025-10-31T23:43:20.370+0700] {subprocess.py:93} INFO - 25/10/31 23:43:20 INFO Utils: Successfully started service 'SparkUI' on port 4040.
[2025-10-31T23:43:20.386+0700] {subprocess.py:93} INFO - 25/10/31 23:43:20 INFO SparkContext: Added JAR file:///home/***/.ivy2/jars/org.apache.spark_spark-sql-kafka-0-10_2.12-3.5.1.jar at spark://f7bb1ad77e89:46713/jars/org.apache.spark_spark-sql-kafka-0-10_2.12-3.5.1.jar with timestamp 1761929000119
[2025-10-31T23:43:20.386+0700] {subprocess.py:93} INFO - 25/10/31 23:43:20 INFO SparkContext: Added JAR file:///home/***/.ivy2/jars/org.postgresql_postgresql-42.6.0.jar at spark://f7bb1ad77e89:46713/jars/org.postgresql_postgresql-42.6.0.jar with timestamp 1761929000119
[2025-10-31T23:43:20.386+0700] {subprocess.py:93} INFO - 25/10/31 23:43:20 INFO SparkContext: Added JAR file:///home/***/.ivy2/jars/org.apache.spark_spark-token-provider-kafka-0-10_2.12-3.5.1.jar at spark://f7bb1ad77e89:46713/jars/org.apache.spark_spark-token-provider-kafka-0-10_2.12-3.5.1.jar with timestamp 1761929000119
[2025-10-31T23:43:20.387+0700] {subprocess.py:93} INFO - 25/10/31 23:43:20 INFO SparkContext: Added JAR file:///home/***/.ivy2/jars/org.apache.kafka_kafka-clients-3.4.1.jar at spark://f7bb1ad77e89:46713/jars/org.apache.kafka_kafka-clients-3.4.1.jar with timestamp 1761929000119
[2025-10-31T23:43:20.387+0700] {subprocess.py:93} INFO - 25/10/31 23:43:20 INFO SparkContext: Added JAR file:///home/***/.ivy2/jars/com.google.code.findbugs_jsr305-3.0.0.jar at spark://f7bb1ad77e89:46713/jars/com.google.code.findbugs_jsr305-3.0.0.jar with timestamp 1761929000119
[2025-10-31T23:43:20.387+0700] {subprocess.py:93} INFO - 25/10/31 23:43:20 INFO SparkContext: Added JAR file:///home/***/.ivy2/jars/org.apache.commons_commons-pool2-2.11.1.jar at spark://f7bb1ad77e89:46713/jars/org.apache.commons_commons-pool2-2.11.1.jar with timestamp 1761929000119
[2025-10-31T23:43:20.387+0700] {subprocess.py:93} INFO - 25/10/31 23:43:20 INFO SparkContext: Added JAR file:///home/***/.ivy2/jars/org.apache.hadoop_hadoop-client-runtime-3.3.4.jar at spark://f7bb1ad77e89:46713/jars/org.apache.hadoop_hadoop-client-runtime-3.3.4.jar with timestamp 1761929000119
[2025-10-31T23:43:20.387+0700] {subprocess.py:93} INFO - 25/10/31 23:43:20 INFO SparkContext: Added JAR file:///home/***/.ivy2/jars/org.lz4_lz4-java-1.8.0.jar at spark://f7bb1ad77e89:46713/jars/org.lz4_lz4-java-1.8.0.jar with timestamp 1761929000119
[2025-10-31T23:43:20.387+0700] {subprocess.py:93} INFO - 25/10/31 23:43:20 INFO SparkContext: Added JAR file:///home/***/.ivy2/jars/org.xerial.snappy_snappy-java-1.1.10.3.jar at spark://f7bb1ad77e89:46713/jars/org.xerial.snappy_snappy-java-1.1.10.3.jar with timestamp 1761929000119
[2025-10-31T23:43:20.388+0700] {subprocess.py:93} INFO - 25/10/31 23:43:20 INFO SparkContext: Added JAR file:///home/***/.ivy2/jars/org.slf4j_slf4j-api-2.0.7.jar at spark://f7bb1ad77e89:46713/jars/org.slf4j_slf4j-api-2.0.7.jar with timestamp 1761929000119
[2025-10-31T23:43:20.388+0700] {subprocess.py:93} INFO - 25/10/31 23:43:20 INFO SparkContext: Added JAR file:///home/***/.ivy2/jars/org.apache.hadoop_hadoop-client-api-3.3.4.jar at spark://f7bb1ad77e89:46713/jars/org.apache.hadoop_hadoop-client-api-3.3.4.jar with timestamp 1761929000119
[2025-10-31T23:43:20.388+0700] {subprocess.py:93} INFO - 25/10/31 23:43:20 INFO SparkContext: Added JAR file:///home/***/.ivy2/jars/commons-logging_commons-logging-1.1.3.jar at spark://f7bb1ad77e89:46713/jars/commons-logging_commons-logging-1.1.3.jar with timestamp 1761929000119
[2025-10-31T23:43:20.388+0700] {subprocess.py:93} INFO - 25/10/31 23:43:20 INFO SparkContext: Added JAR file:///home/***/.ivy2/jars/org.checkerframework_checker-qual-3.31.0.jar at spark://f7bb1ad77e89:46713/jars/org.checkerframework_checker-qual-3.31.0.jar with timestamp 1761929000119
[2025-10-31T23:43:20.389+0700] {subprocess.py:93} INFO - 25/10/31 23:43:20 INFO SparkContext: Added file file:///home/***/.ivy2/jars/org.apache.spark_spark-sql-kafka-0-10_2.12-3.5.1.jar at file:///home/***/.ivy2/jars/org.apache.spark_spark-sql-kafka-0-10_2.12-3.5.1.jar with timestamp 1761929000119
[2025-10-31T23:43:20.390+0700] {subprocess.py:93} INFO - 25/10/31 23:43:20 INFO Utils: Copying /home/***/.ivy2/jars/org.apache.spark_spark-sql-kafka-0-10_2.12-3.5.1.jar to /tmp/spark-46b608f9-69b8-454a-b908-8fedb6b74662/userFiles-e210cde5-fc64-40c0-aab4-7f1c25a2729c/org.apache.spark_spark-sql-kafka-0-10_2.12-3.5.1.jar
[2025-10-31T23:43:20.397+0700] {subprocess.py:93} INFO - 25/10/31 23:43:20 INFO SparkContext: Added file file:///home/***/.ivy2/jars/org.postgresql_postgresql-42.6.0.jar at file:///home/***/.ivy2/jars/org.postgresql_postgresql-42.6.0.jar with timestamp 1761929000119
[2025-10-31T23:43:20.397+0700] {subprocess.py:93} INFO - 25/10/31 23:43:20 INFO Utils: Copying /home/***/.ivy2/jars/org.postgresql_postgresql-42.6.0.jar to /tmp/spark-46b608f9-69b8-454a-b908-8fedb6b74662/userFiles-e210cde5-fc64-40c0-aab4-7f1c25a2729c/org.postgresql_postgresql-42.6.0.jar
[2025-10-31T23:43:20.402+0700] {subprocess.py:93} INFO - 25/10/31 23:43:20 INFO SparkContext: Added file file:///home/***/.ivy2/jars/org.apache.spark_spark-token-provider-kafka-0-10_2.12-3.5.1.jar at file:///home/***/.ivy2/jars/org.apache.spark_spark-token-provider-kafka-0-10_2.12-3.5.1.jar with timestamp 1761929000119
[2025-10-31T23:43:20.402+0700] {subprocess.py:93} INFO - 25/10/31 23:43:20 INFO Utils: Copying /home/***/.ivy2/jars/org.apache.spark_spark-token-provider-kafka-0-10_2.12-3.5.1.jar to /tmp/spark-46b608f9-69b8-454a-b908-8fedb6b74662/userFiles-e210cde5-fc64-40c0-aab4-7f1c25a2729c/org.apache.spark_spark-token-provider-kafka-0-10_2.12-3.5.1.jar
[2025-10-31T23:43:20.406+0700] {subprocess.py:93} INFO - 25/10/31 23:43:20 INFO SparkContext: Added file file:///home/***/.ivy2/jars/org.apache.kafka_kafka-clients-3.4.1.jar at file:///home/***/.ivy2/jars/org.apache.kafka_kafka-clients-3.4.1.jar with timestamp 1761929000119
[2025-10-31T23:43:20.406+0700] {subprocess.py:93} INFO - 25/10/31 23:43:20 INFO Utils: Copying /home/***/.ivy2/jars/org.apache.kafka_kafka-clients-3.4.1.jar to /tmp/spark-46b608f9-69b8-454a-b908-8fedb6b74662/userFiles-e210cde5-fc64-40c0-aab4-7f1c25a2729c/org.apache.kafka_kafka-clients-3.4.1.jar
[2025-10-31T23:43:20.414+0700] {subprocess.py:93} INFO - 25/10/31 23:43:20 INFO SparkContext: Added file file:///home/***/.ivy2/jars/com.google.code.findbugs_jsr305-3.0.0.jar at file:///home/***/.ivy2/jars/com.google.code.findbugs_jsr305-3.0.0.jar with timestamp 1761929000119
[2025-10-31T23:43:20.414+0700] {subprocess.py:93} INFO - 25/10/31 23:43:20 INFO Utils: Copying /home/***/.ivy2/jars/com.google.code.findbugs_jsr305-3.0.0.jar to /tmp/spark-46b608f9-69b8-454a-b908-8fedb6b74662/userFiles-e210cde5-fc64-40c0-aab4-7f1c25a2729c/com.google.code.findbugs_jsr305-3.0.0.jar
[2025-10-31T23:43:20.418+0700] {subprocess.py:93} INFO - 25/10/31 23:43:20 INFO SparkContext: Added file file:///home/***/.ivy2/jars/org.apache.commons_commons-pool2-2.11.1.jar at file:///home/***/.ivy2/jars/org.apache.commons_commons-pool2-2.11.1.jar with timestamp 1761929000119
[2025-10-31T23:43:20.418+0700] {subprocess.py:93} INFO - 25/10/31 23:43:20 INFO Utils: Copying /home/***/.ivy2/jars/org.apache.commons_commons-pool2-2.11.1.jar to /tmp/spark-46b608f9-69b8-454a-b908-8fedb6b74662/userFiles-e210cde5-fc64-40c0-aab4-7f1c25a2729c/org.apache.commons_commons-pool2-2.11.1.jar
[2025-10-31T23:43:20.422+0700] {subprocess.py:93} INFO - 25/10/31 23:43:20 INFO SparkContext: Added file file:///home/***/.ivy2/jars/org.apache.hadoop_hadoop-client-runtime-3.3.4.jar at file:///home/***/.ivy2/jars/org.apache.hadoop_hadoop-client-runtime-3.3.4.jar with timestamp 1761929000119
[2025-10-31T23:43:20.422+0700] {subprocess.py:93} INFO - 25/10/31 23:43:20 INFO Utils: Copying /home/***/.ivy2/jars/org.apache.hadoop_hadoop-client-runtime-3.3.4.jar to /tmp/spark-46b608f9-69b8-454a-b908-8fedb6b74662/userFiles-e210cde5-fc64-40c0-aab4-7f1c25a2729c/org.apache.hadoop_hadoop-client-runtime-3.3.4.jar
[2025-10-31T23:43:20.444+0700] {subprocess.py:93} INFO - 25/10/31 23:43:20 INFO SparkContext: Added file file:///home/***/.ivy2/jars/org.lz4_lz4-java-1.8.0.jar at file:///home/***/.ivy2/jars/org.lz4_lz4-java-1.8.0.jar with timestamp 1761929000119
[2025-10-31T23:43:20.444+0700] {subprocess.py:93} INFO - 25/10/31 23:43:20 INFO Utils: Copying /home/***/.ivy2/jars/org.lz4_lz4-java-1.8.0.jar to /tmp/spark-46b608f9-69b8-454a-b908-8fedb6b74662/userFiles-e210cde5-fc64-40c0-aab4-7f1c25a2729c/org.lz4_lz4-java-1.8.0.jar
[2025-10-31T23:43:20.448+0700] {subprocess.py:93} INFO - 25/10/31 23:43:20 INFO SparkContext: Added file file:///home/***/.ivy2/jars/org.xerial.snappy_snappy-java-1.1.10.3.jar at file:///home/***/.ivy2/jars/org.xerial.snappy_snappy-java-1.1.10.3.jar with timestamp 1761929000119
[2025-10-31T23:43:20.448+0700] {subprocess.py:93} INFO - 25/10/31 23:43:20 INFO Utils: Copying /home/***/.ivy2/jars/org.xerial.snappy_snappy-java-1.1.10.3.jar to /tmp/spark-46b608f9-69b8-454a-b908-8fedb6b74662/userFiles-e210cde5-fc64-40c0-aab4-7f1c25a2729c/org.xerial.snappy_snappy-java-1.1.10.3.jar
[2025-10-31T23:43:20.453+0700] {subprocess.py:93} INFO - 25/10/31 23:43:20 INFO SparkContext: Added file file:///home/***/.ivy2/jars/org.slf4j_slf4j-api-2.0.7.jar at file:///home/***/.ivy2/jars/org.slf4j_slf4j-api-2.0.7.jar with timestamp 1761929000119
[2025-10-31T23:43:20.454+0700] {subprocess.py:93} INFO - 25/10/31 23:43:20 INFO Utils: Copying /home/***/.ivy2/jars/org.slf4j_slf4j-api-2.0.7.jar to /tmp/spark-46b608f9-69b8-454a-b908-8fedb6b74662/userFiles-e210cde5-fc64-40c0-aab4-7f1c25a2729c/org.slf4j_slf4j-api-2.0.7.jar
[2025-10-31T23:43:20.457+0700] {subprocess.py:93} INFO - 25/10/31 23:43:20 INFO SparkContext: Added file file:///home/***/.ivy2/jars/org.apache.hadoop_hadoop-client-api-3.3.4.jar at file:///home/***/.ivy2/jars/org.apache.hadoop_hadoop-client-api-3.3.4.jar with timestamp 1761929000119
[2025-10-31T23:43:20.457+0700] {subprocess.py:93} INFO - 25/10/31 23:43:20 INFO Utils: Copying /home/***/.ivy2/jars/org.apache.hadoop_hadoop-client-api-3.3.4.jar to /tmp/spark-46b608f9-69b8-454a-b908-8fedb6b74662/userFiles-e210cde5-fc64-40c0-aab4-7f1c25a2729c/org.apache.hadoop_hadoop-client-api-3.3.4.jar
[2025-10-31T23:43:20.474+0700] {subprocess.py:93} INFO - 25/10/31 23:43:20 INFO SparkContext: Added file file:///home/***/.ivy2/jars/commons-logging_commons-logging-1.1.3.jar at file:///home/***/.ivy2/jars/commons-logging_commons-logging-1.1.3.jar with timestamp 1761929000119
[2025-10-31T23:43:20.474+0700] {subprocess.py:93} INFO - 25/10/31 23:43:20 INFO Utils: Copying /home/***/.ivy2/jars/commons-logging_commons-logging-1.1.3.jar to /tmp/spark-46b608f9-69b8-454a-b908-8fedb6b74662/userFiles-e210cde5-fc64-40c0-aab4-7f1c25a2729c/commons-logging_commons-logging-1.1.3.jar
[2025-10-31T23:43:20.479+0700] {subprocess.py:93} INFO - 25/10/31 23:43:20 INFO SparkContext: Added file file:///home/***/.ivy2/jars/org.checkerframework_checker-qual-3.31.0.jar at file:///home/***/.ivy2/jars/org.checkerframework_checker-qual-3.31.0.jar with timestamp 1761929000119
[2025-10-31T23:43:20.480+0700] {subprocess.py:93} INFO - 25/10/31 23:43:20 INFO Utils: Copying /home/***/.ivy2/jars/org.checkerframework_checker-qual-3.31.0.jar to /tmp/spark-46b608f9-69b8-454a-b908-8fedb6b74662/userFiles-e210cde5-fc64-40c0-aab4-7f1c25a2729c/org.checkerframework_checker-qual-3.31.0.jar
[2025-10-31T23:43:20.508+0700] {subprocess.py:93} INFO - 25/10/31 23:43:20 INFO Executor: Starting executor ID driver on host f7bb1ad77e89
[2025-10-31T23:43:20.508+0700] {subprocess.py:93} INFO - 25/10/31 23:43:20 INFO Executor: OS info Linux, 5.15.49-linuxkit, aarch64
[2025-10-31T23:43:20.509+0700] {subprocess.py:93} INFO - 25/10/31 23:43:20 INFO Executor: Java version 17.0.17
[2025-10-31T23:43:20.511+0700] {subprocess.py:93} INFO - 25/10/31 23:43:20 INFO Executor: Starting executor with user classpath (userClassPathFirst = false): ''
[2025-10-31T23:43:20.512+0700] {subprocess.py:93} INFO - 25/10/31 23:43:20 INFO Executor: Created or updated repl class loader org.apache.spark.util.MutableURLClassLoader@29063206 for default.
[2025-10-31T23:43:20.517+0700] {subprocess.py:93} INFO - 25/10/31 23:43:20 INFO Executor: Fetching file:///home/***/.ivy2/jars/org.apache.spark_spark-sql-kafka-0-10_2.12-3.5.1.jar with timestamp 1761929000119
[2025-10-31T23:43:20.527+0700] {subprocess.py:93} INFO - 25/10/31 23:43:20 INFO Utils: /home/***/.ivy2/jars/org.apache.spark_spark-sql-kafka-0-10_2.12-3.5.1.jar has been previously copied to /tmp/spark-46b608f9-69b8-454a-b908-8fedb6b74662/userFiles-e210cde5-fc64-40c0-aab4-7f1c25a2729c/org.apache.spark_spark-sql-kafka-0-10_2.12-3.5.1.jar
[2025-10-31T23:43:20.533+0700] {subprocess.py:93} INFO - 25/10/31 23:43:20 INFO Executor: Fetching file:///home/***/.ivy2/jars/org.apache.hadoop_hadoop-client-runtime-3.3.4.jar with timestamp 1761929000119
[2025-10-31T23:43:20.549+0700] {subprocess.py:93} INFO - 25/10/31 23:43:20 INFO Utils: /home/***/.ivy2/jars/org.apache.hadoop_hadoop-client-runtime-3.3.4.jar has been previously copied to /tmp/spark-46b608f9-69b8-454a-b908-8fedb6b74662/userFiles-e210cde5-fc64-40c0-aab4-7f1c25a2729c/org.apache.hadoop_hadoop-client-runtime-3.3.4.jar
[2025-10-31T23:43:20.555+0700] {subprocess.py:93} INFO - 25/10/31 23:43:20 INFO Executor: Fetching file:///home/***/.ivy2/jars/org.apache.hadoop_hadoop-client-api-3.3.4.jar with timestamp 1761929000119
[2025-10-31T23:43:20.565+0700] {subprocess.py:93} INFO - 25/10/31 23:43:20 INFO Utils: /home/***/.ivy2/jars/org.apache.hadoop_hadoop-client-api-3.3.4.jar has been previously copied to /tmp/spark-46b608f9-69b8-454a-b908-8fedb6b74662/userFiles-e210cde5-fc64-40c0-aab4-7f1c25a2729c/org.apache.hadoop_hadoop-client-api-3.3.4.jar
[2025-10-31T23:43:20.570+0700] {subprocess.py:93} INFO - 25/10/31 23:43:20 INFO Executor: Fetching file:///home/***/.ivy2/jars/org.apache.spark_spark-token-provider-kafka-0-10_2.12-3.5.1.jar with timestamp 1761929000119
[2025-10-31T23:43:20.570+0700] {subprocess.py:93} INFO - 25/10/31 23:43:20 INFO Utils: /home/***/.ivy2/jars/org.apache.spark_spark-token-provider-kafka-0-10_2.12-3.5.1.jar has been previously copied to /tmp/spark-46b608f9-69b8-454a-b908-8fedb6b74662/userFiles-e210cde5-fc64-40c0-aab4-7f1c25a2729c/org.apache.spark_spark-token-provider-kafka-0-10_2.12-3.5.1.jar
[2025-10-31T23:43:20.575+0700] {subprocess.py:93} INFO - 25/10/31 23:43:20 INFO Executor: Fetching file:///home/***/.ivy2/jars/com.google.code.findbugs_jsr305-3.0.0.jar with timestamp 1761929000119
[2025-10-31T23:43:20.575+0700] {subprocess.py:93} INFO - 25/10/31 23:43:20 INFO Utils: /home/***/.ivy2/jars/com.google.code.findbugs_jsr305-3.0.0.jar has been previously copied to /tmp/spark-46b608f9-69b8-454a-b908-8fedb6b74662/userFiles-e210cde5-fc64-40c0-aab4-7f1c25a2729c/com.google.code.findbugs_jsr305-3.0.0.jar
[2025-10-31T23:43:20.580+0700] {subprocess.py:93} INFO - 25/10/31 23:43:20 INFO Executor: Fetching file:///home/***/.ivy2/jars/org.lz4_lz4-java-1.8.0.jar with timestamp 1761929000119
[2025-10-31T23:43:20.580+0700] {subprocess.py:93} INFO - 25/10/31 23:43:20 INFO Utils: /home/***/.ivy2/jars/org.lz4_lz4-java-1.8.0.jar has been previously copied to /tmp/spark-46b608f9-69b8-454a-b908-8fedb6b74662/userFiles-e210cde5-fc64-40c0-aab4-7f1c25a2729c/org.lz4_lz4-java-1.8.0.jar
[2025-10-31T23:43:20.585+0700] {subprocess.py:93} INFO - 25/10/31 23:43:20 INFO Executor: Fetching file:///home/***/.ivy2/jars/org.slf4j_slf4j-api-2.0.7.jar with timestamp 1761929000119
[2025-10-31T23:43:20.585+0700] {subprocess.py:93} INFO - 25/10/31 23:43:20 INFO Utils: /home/***/.ivy2/jars/org.slf4j_slf4j-api-2.0.7.jar has been previously copied to /tmp/spark-46b608f9-69b8-454a-b908-8fedb6b74662/userFiles-e210cde5-fc64-40c0-aab4-7f1c25a2729c/org.slf4j_slf4j-api-2.0.7.jar
[2025-10-31T23:43:20.589+0700] {subprocess.py:93} INFO - 25/10/31 23:43:20 INFO Executor: Fetching file:///home/***/.ivy2/jars/org.checkerframework_checker-qual-3.31.0.jar with timestamp 1761929000119
[2025-10-31T23:43:20.590+0700] {subprocess.py:93} INFO - 25/10/31 23:43:20 INFO Utils: /home/***/.ivy2/jars/org.checkerframework_checker-qual-3.31.0.jar has been previously copied to /tmp/spark-46b608f9-69b8-454a-b908-8fedb6b74662/userFiles-e210cde5-fc64-40c0-aab4-7f1c25a2729c/org.checkerframework_checker-qual-3.31.0.jar
[2025-10-31T23:43:20.594+0700] {subprocess.py:93} INFO - 25/10/31 23:43:20 INFO Executor: Fetching file:///home/***/.ivy2/jars/org.apache.commons_commons-pool2-2.11.1.jar with timestamp 1761929000119
[2025-10-31T23:43:20.594+0700] {subprocess.py:93} INFO - 25/10/31 23:43:20 INFO Utils: /home/***/.ivy2/jars/org.apache.commons_commons-pool2-2.11.1.jar has been previously copied to /tmp/spark-46b608f9-69b8-454a-b908-8fedb6b74662/userFiles-e210cde5-fc64-40c0-aab4-7f1c25a2729c/org.apache.commons_commons-pool2-2.11.1.jar
[2025-10-31T23:43:20.598+0700] {subprocess.py:93} INFO - 25/10/31 23:43:20 INFO Executor: Fetching file:///home/***/.ivy2/jars/commons-logging_commons-logging-1.1.3.jar with timestamp 1761929000119
[2025-10-31T23:43:20.598+0700] {subprocess.py:93} INFO - 25/10/31 23:43:20 INFO Utils: /home/***/.ivy2/jars/commons-logging_commons-logging-1.1.3.jar has been previously copied to /tmp/spark-46b608f9-69b8-454a-b908-8fedb6b74662/userFiles-e210cde5-fc64-40c0-aab4-7f1c25a2729c/commons-logging_commons-logging-1.1.3.jar
[2025-10-31T23:43:20.602+0700] {subprocess.py:93} INFO - 25/10/31 23:43:20 INFO Executor: Fetching file:///home/***/.ivy2/jars/org.xerial.snappy_snappy-java-1.1.10.3.jar with timestamp 1761929000119
[2025-10-31T23:43:20.603+0700] {subprocess.py:93} INFO - 25/10/31 23:43:20 INFO Utils: /home/***/.ivy2/jars/org.xerial.snappy_snappy-java-1.1.10.3.jar has been previously copied to /tmp/spark-46b608f9-69b8-454a-b908-8fedb6b74662/userFiles-e210cde5-fc64-40c0-aab4-7f1c25a2729c/org.xerial.snappy_snappy-java-1.1.10.3.jar
[2025-10-31T23:43:20.607+0700] {subprocess.py:93} INFO - 25/10/31 23:43:20 INFO Executor: Fetching file:///home/***/.ivy2/jars/org.postgresql_postgresql-42.6.0.jar with timestamp 1761929000119
[2025-10-31T23:43:20.608+0700] {subprocess.py:93} INFO - 25/10/31 23:43:20 INFO Utils: /home/***/.ivy2/jars/org.postgresql_postgresql-42.6.0.jar has been previously copied to /tmp/spark-46b608f9-69b8-454a-b908-8fedb6b74662/userFiles-e210cde5-fc64-40c0-aab4-7f1c25a2729c/org.postgresql_postgresql-42.6.0.jar
[2025-10-31T23:43:20.612+0700] {subprocess.py:93} INFO - 25/10/31 23:43:20 INFO Executor: Fetching file:///home/***/.ivy2/jars/org.apache.kafka_kafka-clients-3.4.1.jar with timestamp 1761929000119
[2025-10-31T23:43:20.614+0700] {subprocess.py:93} INFO - 25/10/31 23:43:20 INFO Utils: /home/***/.ivy2/jars/org.apache.kafka_kafka-clients-3.4.1.jar has been previously copied to /tmp/spark-46b608f9-69b8-454a-b908-8fedb6b74662/userFiles-e210cde5-fc64-40c0-aab4-7f1c25a2729c/org.apache.kafka_kafka-clients-3.4.1.jar
[2025-10-31T23:43:20.618+0700] {subprocess.py:93} INFO - 25/10/31 23:43:20 INFO Executor: Fetching spark://f7bb1ad77e89:46713/jars/org.apache.hadoop_hadoop-client-api-3.3.4.jar with timestamp 1761929000119
[2025-10-31T23:43:20.632+0700] {subprocess.py:93} INFO - 25/10/31 23:43:20 INFO TransportClientFactory: Successfully created connection to f7bb1ad77e89/172.23.0.6:46713 after 9 ms (0 ms spent in bootstraps)
[2025-10-31T23:43:20.638+0700] {subprocess.py:93} INFO - 25/10/31 23:43:20 INFO Utils: Fetching spark://f7bb1ad77e89:46713/jars/org.apache.hadoop_hadoop-client-api-3.3.4.jar to /tmp/spark-46b608f9-69b8-454a-b908-8fedb6b74662/userFiles-e210cde5-fc64-40c0-aab4-7f1c25a2729c/fetchFileTemp17788290001163320919.tmp
[2025-10-31T23:43:20.692+0700] {subprocess.py:93} INFO - 25/10/31 23:43:20 INFO Utils: /tmp/spark-46b608f9-69b8-454a-b908-8fedb6b74662/userFiles-e210cde5-fc64-40c0-aab4-7f1c25a2729c/fetchFileTemp17788290001163320919.tmp has been previously copied to /tmp/spark-46b608f9-69b8-454a-b908-8fedb6b74662/userFiles-e210cde5-fc64-40c0-aab4-7f1c25a2729c/org.apache.hadoop_hadoop-client-api-3.3.4.jar
[2025-10-31T23:43:20.700+0700] {subprocess.py:93} INFO - 25/10/31 23:43:20 INFO Executor: Adding file:/tmp/spark-46b608f9-69b8-454a-b908-8fedb6b74662/userFiles-e210cde5-fc64-40c0-aab4-7f1c25a2729c/org.apache.hadoop_hadoop-client-api-3.3.4.jar to class loader default
[2025-10-31T23:43:20.700+0700] {subprocess.py:93} INFO - 25/10/31 23:43:20 INFO Executor: Fetching spark://f7bb1ad77e89:46713/jars/commons-logging_commons-logging-1.1.3.jar with timestamp 1761929000119
[2025-10-31T23:43:20.700+0700] {subprocess.py:93} INFO - 25/10/31 23:43:20 INFO Utils: Fetching spark://f7bb1ad77e89:46713/jars/commons-logging_commons-logging-1.1.3.jar to /tmp/spark-46b608f9-69b8-454a-b908-8fedb6b74662/userFiles-e210cde5-fc64-40c0-aab4-7f1c25a2729c/fetchFileTemp12895703687941976295.tmp
[2025-10-31T23:43:20.701+0700] {subprocess.py:93} INFO - 25/10/31 23:43:20 INFO Utils: /tmp/spark-46b608f9-69b8-454a-b908-8fedb6b74662/userFiles-e210cde5-fc64-40c0-aab4-7f1c25a2729c/fetchFileTemp12895703687941976295.tmp has been previously copied to /tmp/spark-46b608f9-69b8-454a-b908-8fedb6b74662/userFiles-e210cde5-fc64-40c0-aab4-7f1c25a2729c/commons-logging_commons-logging-1.1.3.jar
[2025-10-31T23:43:20.705+0700] {subprocess.py:93} INFO - 25/10/31 23:43:20 INFO Executor: Adding file:/tmp/spark-46b608f9-69b8-454a-b908-8fedb6b74662/userFiles-e210cde5-fc64-40c0-aab4-7f1c25a2729c/commons-logging_commons-logging-1.1.3.jar to class loader default
[2025-10-31T23:43:20.705+0700] {subprocess.py:93} INFO - 25/10/31 23:43:20 INFO Executor: Fetching spark://f7bb1ad77e89:46713/jars/org.postgresql_postgresql-42.6.0.jar with timestamp 1761929000119
[2025-10-31T23:43:20.706+0700] {subprocess.py:93} INFO - 25/10/31 23:43:20 INFO Utils: Fetching spark://f7bb1ad77e89:46713/jars/org.postgresql_postgresql-42.6.0.jar to /tmp/spark-46b608f9-69b8-454a-b908-8fedb6b74662/userFiles-e210cde5-fc64-40c0-aab4-7f1c25a2729c/fetchFileTemp129987134362001523.tmp
[2025-10-31T23:43:20.708+0700] {subprocess.py:93} INFO - 25/10/31 23:43:20 INFO Utils: /tmp/spark-46b608f9-69b8-454a-b908-8fedb6b74662/userFiles-e210cde5-fc64-40c0-aab4-7f1c25a2729c/fetchFileTemp129987134362001523.tmp has been previously copied to /tmp/spark-46b608f9-69b8-454a-b908-8fedb6b74662/userFiles-e210cde5-fc64-40c0-aab4-7f1c25a2729c/org.postgresql_postgresql-42.6.0.jar
[2025-10-31T23:43:20.712+0700] {subprocess.py:93} INFO - 25/10/31 23:43:20 INFO Executor: Adding file:/tmp/spark-46b608f9-69b8-454a-b908-8fedb6b74662/userFiles-e210cde5-fc64-40c0-aab4-7f1c25a2729c/org.postgresql_postgresql-42.6.0.jar to class loader default
[2025-10-31T23:43:20.712+0700] {subprocess.py:93} INFO - 25/10/31 23:43:20 INFO Executor: Fetching spark://f7bb1ad77e89:46713/jars/org.xerial.snappy_snappy-java-1.1.10.3.jar with timestamp 1761929000119
[2025-10-31T23:43:20.712+0700] {subprocess.py:93} INFO - 25/10/31 23:43:20 INFO Utils: Fetching spark://f7bb1ad77e89:46713/jars/org.xerial.snappy_snappy-java-1.1.10.3.jar to /tmp/spark-46b608f9-69b8-454a-b908-8fedb6b74662/userFiles-e210cde5-fc64-40c0-aab4-7f1c25a2729c/fetchFileTemp16100919733788437301.tmp
[2025-10-31T23:43:20.716+0700] {subprocess.py:93} INFO - 25/10/31 23:43:20 INFO Utils: /tmp/spark-46b608f9-69b8-454a-b908-8fedb6b74662/userFiles-e210cde5-fc64-40c0-aab4-7f1c25a2729c/fetchFileTemp16100919733788437301.tmp has been previously copied to /tmp/spark-46b608f9-69b8-454a-b908-8fedb6b74662/userFiles-e210cde5-fc64-40c0-aab4-7f1c25a2729c/org.xerial.snappy_snappy-java-1.1.10.3.jar
[2025-10-31T23:43:20.720+0700] {subprocess.py:93} INFO - 25/10/31 23:43:20 INFO Executor: Adding file:/tmp/spark-46b608f9-69b8-454a-b908-8fedb6b74662/userFiles-e210cde5-fc64-40c0-aab4-7f1c25a2729c/org.xerial.snappy_snappy-java-1.1.10.3.jar to class loader default
[2025-10-31T23:43:20.720+0700] {subprocess.py:93} INFO - 25/10/31 23:43:20 INFO Executor: Fetching spark://f7bb1ad77e89:46713/jars/org.apache.kafka_kafka-clients-3.4.1.jar with timestamp 1761929000119
[2025-10-31T23:43:20.721+0700] {subprocess.py:93} INFO - 25/10/31 23:43:20 INFO Utils: Fetching spark://f7bb1ad77e89:46713/jars/org.apache.kafka_kafka-clients-3.4.1.jar to /tmp/spark-46b608f9-69b8-454a-b908-8fedb6b74662/userFiles-e210cde5-fc64-40c0-aab4-7f1c25a2729c/fetchFileTemp9475854387860336777.tmp
[2025-10-31T23:43:20.731+0700] {subprocess.py:93} INFO - 25/10/31 23:43:20 INFO Utils: /tmp/spark-46b608f9-69b8-454a-b908-8fedb6b74662/userFiles-e210cde5-fc64-40c0-aab4-7f1c25a2729c/fetchFileTemp9475854387860336777.tmp has been previously copied to /tmp/spark-46b608f9-69b8-454a-b908-8fedb6b74662/userFiles-e210cde5-fc64-40c0-aab4-7f1c25a2729c/org.apache.kafka_kafka-clients-3.4.1.jar
[2025-10-31T23:43:20.735+0700] {subprocess.py:93} INFO - 25/10/31 23:43:20 INFO Executor: Adding file:/tmp/spark-46b608f9-69b8-454a-b908-8fedb6b74662/userFiles-e210cde5-fc64-40c0-aab4-7f1c25a2729c/org.apache.kafka_kafka-clients-3.4.1.jar to class loader default
[2025-10-31T23:43:20.735+0700] {subprocess.py:93} INFO - 25/10/31 23:43:20 INFO Executor: Fetching spark://f7bb1ad77e89:46713/jars/org.lz4_lz4-java-1.8.0.jar with timestamp 1761929000119
[2025-10-31T23:43:20.735+0700] {subprocess.py:93} INFO - 25/10/31 23:43:20 INFO Utils: Fetching spark://f7bb1ad77e89:46713/jars/org.lz4_lz4-java-1.8.0.jar to /tmp/spark-46b608f9-69b8-454a-b908-8fedb6b74662/userFiles-e210cde5-fc64-40c0-aab4-7f1c25a2729c/fetchFileTemp1516447452561197635.tmp
[2025-10-31T23:43:20.737+0700] {subprocess.py:93} INFO - 25/10/31 23:43:20 INFO Utils: /tmp/spark-46b608f9-69b8-454a-b908-8fedb6b74662/userFiles-e210cde5-fc64-40c0-aab4-7f1c25a2729c/fetchFileTemp1516447452561197635.tmp has been previously copied to /tmp/spark-46b608f9-69b8-454a-b908-8fedb6b74662/userFiles-e210cde5-fc64-40c0-aab4-7f1c25a2729c/org.lz4_lz4-java-1.8.0.jar
[2025-10-31T23:43:20.741+0700] {subprocess.py:93} INFO - 25/10/31 23:43:20 INFO Executor: Adding file:/tmp/spark-46b608f9-69b8-454a-b908-8fedb6b74662/userFiles-e210cde5-fc64-40c0-aab4-7f1c25a2729c/org.lz4_lz4-java-1.8.0.jar to class loader default
[2025-10-31T23:43:20.741+0700] {subprocess.py:93} INFO - 25/10/31 23:43:20 INFO Executor: Fetching spark://f7bb1ad77e89:46713/jars/org.apache.commons_commons-pool2-2.11.1.jar with timestamp 1761929000119
[2025-10-31T23:43:20.741+0700] {subprocess.py:93} INFO - 25/10/31 23:43:20 INFO Utils: Fetching spark://f7bb1ad77e89:46713/jars/org.apache.commons_commons-pool2-2.11.1.jar to /tmp/spark-46b608f9-69b8-454a-b908-8fedb6b74662/userFiles-e210cde5-fc64-40c0-aab4-7f1c25a2729c/fetchFileTemp2112467379909693392.tmp
[2025-10-31T23:43:20.742+0700] {subprocess.py:93} INFO - 25/10/31 23:43:20 INFO Utils: /tmp/spark-46b608f9-69b8-454a-b908-8fedb6b74662/userFiles-e210cde5-fc64-40c0-aab4-7f1c25a2729c/fetchFileTemp2112467379909693392.tmp has been previously copied to /tmp/spark-46b608f9-69b8-454a-b908-8fedb6b74662/userFiles-e210cde5-fc64-40c0-aab4-7f1c25a2729c/org.apache.commons_commons-pool2-2.11.1.jar
[2025-10-31T23:43:20.745+0700] {subprocess.py:93} INFO - 25/10/31 23:43:20 INFO Executor: Adding file:/tmp/spark-46b608f9-69b8-454a-b908-8fedb6b74662/userFiles-e210cde5-fc64-40c0-aab4-7f1c25a2729c/org.apache.commons_commons-pool2-2.11.1.jar to class loader default
[2025-10-31T23:43:20.746+0700] {subprocess.py:93} INFO - 25/10/31 23:43:20 INFO Executor: Fetching spark://f7bb1ad77e89:46713/jars/org.apache.spark_spark-token-provider-kafka-0-10_2.12-3.5.1.jar with timestamp 1761929000119
[2025-10-31T23:43:20.746+0700] {subprocess.py:93} INFO - 25/10/31 23:43:20 INFO Utils: Fetching spark://f7bb1ad77e89:46713/jars/org.apache.spark_spark-token-provider-kafka-0-10_2.12-3.5.1.jar to /tmp/spark-46b608f9-69b8-454a-b908-8fedb6b74662/userFiles-e210cde5-fc64-40c0-aab4-7f1c25a2729c/fetchFileTemp13235501235008765065.tmp
[2025-10-31T23:43:20.747+0700] {subprocess.py:93} INFO - 25/10/31 23:43:20 INFO Utils: /tmp/spark-46b608f9-69b8-454a-b908-8fedb6b74662/userFiles-e210cde5-fc64-40c0-aab4-7f1c25a2729c/fetchFileTemp13235501235008765065.tmp has been previously copied to /tmp/spark-46b608f9-69b8-454a-b908-8fedb6b74662/userFiles-e210cde5-fc64-40c0-aab4-7f1c25a2729c/org.apache.spark_spark-token-provider-kafka-0-10_2.12-3.5.1.jar
[2025-10-31T23:43:20.750+0700] {subprocess.py:93} INFO - 25/10/31 23:43:20 INFO Executor: Adding file:/tmp/spark-46b608f9-69b8-454a-b908-8fedb6b74662/userFiles-e210cde5-fc64-40c0-aab4-7f1c25a2729c/org.apache.spark_spark-token-provider-kafka-0-10_2.12-3.5.1.jar to class loader default
[2025-10-31T23:43:20.751+0700] {subprocess.py:93} INFO - 25/10/31 23:43:20 INFO Executor: Fetching spark://f7bb1ad77e89:46713/jars/com.google.code.findbugs_jsr305-3.0.0.jar with timestamp 1761929000119
[2025-10-31T23:43:20.751+0700] {subprocess.py:93} INFO - 25/10/31 23:43:20 INFO Utils: Fetching spark://f7bb1ad77e89:46713/jars/com.google.code.findbugs_jsr305-3.0.0.jar to /tmp/spark-46b608f9-69b8-454a-b908-8fedb6b74662/userFiles-e210cde5-fc64-40c0-aab4-7f1c25a2729c/fetchFileTemp13622410569914585053.tmp
[2025-10-31T23:43:20.751+0700] {subprocess.py:93} INFO - 25/10/31 23:43:20 INFO Utils: /tmp/spark-46b608f9-69b8-454a-b908-8fedb6b74662/userFiles-e210cde5-fc64-40c0-aab4-7f1c25a2729c/fetchFileTemp13622410569914585053.tmp has been previously copied to /tmp/spark-46b608f9-69b8-454a-b908-8fedb6b74662/userFiles-e210cde5-fc64-40c0-aab4-7f1c25a2729c/com.google.code.findbugs_jsr305-3.0.0.jar
[2025-10-31T23:43:20.755+0700] {subprocess.py:93} INFO - 25/10/31 23:43:20 INFO Executor: Adding file:/tmp/spark-46b608f9-69b8-454a-b908-8fedb6b74662/userFiles-e210cde5-fc64-40c0-aab4-7f1c25a2729c/com.google.code.findbugs_jsr305-3.0.0.jar to class loader default
[2025-10-31T23:43:20.755+0700] {subprocess.py:93} INFO - 25/10/31 23:43:20 INFO Executor: Fetching spark://f7bb1ad77e89:46713/jars/org.slf4j_slf4j-api-2.0.7.jar with timestamp 1761929000119
[2025-10-31T23:43:20.756+0700] {subprocess.py:93} INFO - 25/10/31 23:43:20 INFO Utils: Fetching spark://f7bb1ad77e89:46713/jars/org.slf4j_slf4j-api-2.0.7.jar to /tmp/spark-46b608f9-69b8-454a-b908-8fedb6b74662/userFiles-e210cde5-fc64-40c0-aab4-7f1c25a2729c/fetchFileTemp13785286915819229755.tmp
[2025-10-31T23:43:20.756+0700] {subprocess.py:93} INFO - 25/10/31 23:43:20 INFO Utils: /tmp/spark-46b608f9-69b8-454a-b908-8fedb6b74662/userFiles-e210cde5-fc64-40c0-aab4-7f1c25a2729c/fetchFileTemp13785286915819229755.tmp has been previously copied to /tmp/spark-46b608f9-69b8-454a-b908-8fedb6b74662/userFiles-e210cde5-fc64-40c0-aab4-7f1c25a2729c/org.slf4j_slf4j-api-2.0.7.jar
[2025-10-31T23:43:20.760+0700] {subprocess.py:93} INFO - 25/10/31 23:43:20 INFO Executor: Adding file:/tmp/spark-46b608f9-69b8-454a-b908-8fedb6b74662/userFiles-e210cde5-fc64-40c0-aab4-7f1c25a2729c/org.slf4j_slf4j-api-2.0.7.jar to class loader default
[2025-10-31T23:43:20.760+0700] {subprocess.py:93} INFO - 25/10/31 23:43:20 INFO Executor: Fetching spark://f7bb1ad77e89:46713/jars/org.checkerframework_checker-qual-3.31.0.jar with timestamp 1761929000119
[2025-10-31T23:43:20.760+0700] {subprocess.py:93} INFO - 25/10/31 23:43:20 INFO Utils: Fetching spark://f7bb1ad77e89:46713/jars/org.checkerframework_checker-qual-3.31.0.jar to /tmp/spark-46b608f9-69b8-454a-b908-8fedb6b74662/userFiles-e210cde5-fc64-40c0-aab4-7f1c25a2729c/fetchFileTemp17320950321553950906.tmp
[2025-10-31T23:43:20.761+0700] {subprocess.py:93} INFO - 25/10/31 23:43:20 INFO Utils: /tmp/spark-46b608f9-69b8-454a-b908-8fedb6b74662/userFiles-e210cde5-fc64-40c0-aab4-7f1c25a2729c/fetchFileTemp17320950321553950906.tmp has been previously copied to /tmp/spark-46b608f9-69b8-454a-b908-8fedb6b74662/userFiles-e210cde5-fc64-40c0-aab4-7f1c25a2729c/org.checkerframework_checker-qual-3.31.0.jar
[2025-10-31T23:43:20.765+0700] {subprocess.py:93} INFO - 25/10/31 23:43:20 INFO Executor: Adding file:/tmp/spark-46b608f9-69b8-454a-b908-8fedb6b74662/userFiles-e210cde5-fc64-40c0-aab4-7f1c25a2729c/org.checkerframework_checker-qual-3.31.0.jar to class loader default
[2025-10-31T23:43:20.765+0700] {subprocess.py:93} INFO - 25/10/31 23:43:20 INFO Executor: Fetching spark://f7bb1ad77e89:46713/jars/org.apache.spark_spark-sql-kafka-0-10_2.12-3.5.1.jar with timestamp 1761929000119
[2025-10-31T23:43:20.765+0700] {subprocess.py:93} INFO - 25/10/31 23:43:20 INFO Utils: Fetching spark://f7bb1ad77e89:46713/jars/org.apache.spark_spark-sql-kafka-0-10_2.12-3.5.1.jar to /tmp/spark-46b608f9-69b8-454a-b908-8fedb6b74662/userFiles-e210cde5-fc64-40c0-aab4-7f1c25a2729c/fetchFileTemp14591177426097287755.tmp
[2025-10-31T23:43:20.766+0700] {subprocess.py:93} INFO - 25/10/31 23:43:20 INFO Utils: /tmp/spark-46b608f9-69b8-454a-b908-8fedb6b74662/userFiles-e210cde5-fc64-40c0-aab4-7f1c25a2729c/fetchFileTemp14591177426097287755.tmp has been previously copied to /tmp/spark-46b608f9-69b8-454a-b908-8fedb6b74662/userFiles-e210cde5-fc64-40c0-aab4-7f1c25a2729c/org.apache.spark_spark-sql-kafka-0-10_2.12-3.5.1.jar
[2025-10-31T23:43:20.770+0700] {subprocess.py:93} INFO - 25/10/31 23:43:20 INFO Executor: Adding file:/tmp/spark-46b608f9-69b8-454a-b908-8fedb6b74662/userFiles-e210cde5-fc64-40c0-aab4-7f1c25a2729c/org.apache.spark_spark-sql-kafka-0-10_2.12-3.5.1.jar to class loader default
[2025-10-31T23:43:20.771+0700] {subprocess.py:93} INFO - 25/10/31 23:43:20 INFO Executor: Fetching spark://f7bb1ad77e89:46713/jars/org.apache.hadoop_hadoop-client-runtime-3.3.4.jar with timestamp 1761929000119
[2025-10-31T23:43:20.771+0700] {subprocess.py:93} INFO - 25/10/31 23:43:20 INFO Utils: Fetching spark://f7bb1ad77e89:46713/jars/org.apache.hadoop_hadoop-client-runtime-3.3.4.jar to /tmp/spark-46b608f9-69b8-454a-b908-8fedb6b74662/userFiles-e210cde5-fc64-40c0-aab4-7f1c25a2729c/fetchFileTemp6055964299837352762.tmp
[2025-10-31T23:43:20.829+0700] {subprocess.py:93} INFO - 25/10/31 23:43:20 INFO Utils: /tmp/spark-46b608f9-69b8-454a-b908-8fedb6b74662/userFiles-e210cde5-fc64-40c0-aab4-7f1c25a2729c/fetchFileTemp6055964299837352762.tmp has been previously copied to /tmp/spark-46b608f9-69b8-454a-b908-8fedb6b74662/userFiles-e210cde5-fc64-40c0-aab4-7f1c25a2729c/org.apache.hadoop_hadoop-client-runtime-3.3.4.jar
[2025-10-31T23:43:20.839+0700] {subprocess.py:93} INFO - 25/10/31 23:43:20 INFO Executor: Adding file:/tmp/spark-46b608f9-69b8-454a-b908-8fedb6b74662/userFiles-e210cde5-fc64-40c0-aab4-7f1c25a2729c/org.apache.hadoop_hadoop-client-runtime-3.3.4.jar to class loader default
[2025-10-31T23:43:20.843+0700] {subprocess.py:93} INFO - 25/10/31 23:43:20 INFO Utils: Successfully started service 'org.apache.spark.network.netty.NettyBlockTransferService' on port 36953.
[2025-10-31T23:43:20.843+0700] {subprocess.py:93} INFO - 25/10/31 23:43:20 INFO NettyBlockTransferService: Server created on f7bb1ad77e89:36953
[2025-10-31T23:43:20.844+0700] {subprocess.py:93} INFO - 25/10/31 23:43:20 INFO BlockManager: Using org.apache.spark.storage.RandomBlockReplicationPolicy for block replication policy
[2025-10-31T23:43:20.846+0700] {subprocess.py:93} INFO - 25/10/31 23:43:20 INFO BlockManagerMaster: Registering BlockManager BlockManagerId(driver, f7bb1ad77e89, 36953, None)
[2025-10-31T23:43:20.847+0700] {subprocess.py:93} INFO - 25/10/31 23:43:20 INFO BlockManagerMasterEndpoint: Registering block manager f7bb1ad77e89:36953 with 434.4 MiB RAM, BlockManagerId(driver, f7bb1ad77e89, 36953, None)
[2025-10-31T23:43:20.848+0700] {subprocess.py:93} INFO - 25/10/31 23:43:20 INFO BlockManagerMaster: Registered BlockManager BlockManagerId(driver, f7bb1ad77e89, 36953, None)
[2025-10-31T23:43:20.849+0700] {subprocess.py:93} INFO - 25/10/31 23:43:20 INFO BlockManager: Initialized BlockManager: BlockManagerId(driver, f7bb1ad77e89, 36953, None)
[2025-10-31T23:43:20.997+0700] {subprocess.py:93} INFO - [Consumer] ðŸš€ Spark Structured Streaming started...
[2025-10-31T23:43:21.567+0700] {subprocess.py:93} INFO - Downloading https://github.com/ultralytics/assets/releases/download/v8.2.0/yolov8n.pt to 'yolov8n.pt'...
[2025-10-31T23:43:23.530+0700] {subprocess.py:93} INFO -   0%|          | 0.00/6.25M [00:00<?, ?B/s]  4%|â–         | 256k/6.25M [00:00<00:02, 2.13MB/s] 20%|â–ˆâ–ˆ        | 1.25M/6.25M [00:00<00:00, 6.11MB/s] 56%|â–ˆâ–ˆâ–ˆâ–ˆâ–ˆâ–Œ    | 3.50M/6.25M [00:00<00:00, 9.71MB/s] 86%|â–ˆâ–ˆâ–ˆâ–ˆâ–ˆâ–ˆâ–ˆâ–ˆâ–Œ | 5.38M/6.25M [00:00<00:00, 12.7MB/s]100%|â–ˆâ–ˆâ–ˆâ–ˆâ–ˆâ–ˆâ–ˆâ–ˆâ–ˆâ–ˆ| 6.25M/6.25M [00:00<00:00, 11.8MB/s]
[2025-10-31T23:43:23.787+0700] {subprocess.py:93} INFO - 25/10/31 23:43:23 WARN ResolveWriteToStream: spark.sql.adaptive.enabled is not supported in streaming DataFrames/Datasets and will be disabled.
[2025-10-31T23:43:23.842+0700] {subprocess.py:93} INFO - [Consumer] ðŸ§  Waiting for streaming data...
[2025-10-31T23:43:24.590+0700] {subprocess.py:93} INFO - 
[2025-10-31T23:43:24.591+0700] {subprocess.py:93} INFO - ==============================
[2025-10-31T23:43:24.591+0700] {subprocess.py:93} INFO - [Batch 0] Writing 0 rows to PostgreSQL
[2025-10-31T23:43:24.591+0700] {subprocess.py:93} INFO - ==============================
[2025-10-31T23:43:24.805+0700] {subprocess.py:93} INFO - 25/10/31 23:43:24 ERROR MicroBatchExecution: Query [id = c9cf82bd-833d-444b-883e-2e3225f57b31, runId = df669e30-8d7c-4d9c-8338-caa771f0d9b4] terminated with error
[2025-10-31T23:43:24.805+0700] {subprocess.py:93} INFO - py4j.Py4JException: An exception was raised by the Python Proxy. Return Message: Traceback (most recent call last):
[2025-10-31T23:43:24.806+0700] {subprocess.py:93} INFO -   File "/home/***/.local/lib/python3.12/site-packages/pyspark/python/lib/py4j-0.10.9.7-src.zip/py4j/clientserver.py", line 617, in _call_proxy
[2025-10-31T23:43:24.806+0700] {subprocess.py:93} INFO -     return_value = getattr(self.pool[obj_id], method)(*params)
[2025-10-31T23:43:24.806+0700] {subprocess.py:93} INFO -                    ^^^^^^^^^^^^^^^^^^^^^^^^^^^^^^^^^^^^^^^^^^^
[2025-10-31T23:43:24.806+0700] {subprocess.py:93} INFO -   File "/home/***/.local/lib/python3.12/site-packages/pyspark/python/lib/pyspark.zip/pyspark/sql/utils.py", line 120, in call
[2025-10-31T23:43:24.807+0700] {subprocess.py:93} INFO -     raise e
[2025-10-31T23:43:24.807+0700] {subprocess.py:93} INFO -   File "/home/***/.local/lib/python3.12/site-packages/pyspark/python/lib/pyspark.zip/pyspark/sql/utils.py", line 117, in call
[2025-10-31T23:43:24.807+0700] {subprocess.py:93} INFO -     self.func(DataFrame(jdf, wrapped_session_jdf), batch_id)
[2025-10-31T23:43:24.807+0700] {subprocess.py:93} INFO -   File "/opt/***/projects/vehicle_count/scripts/vehicle_consumer.py", line 144, in write_to_postgres
[2025-10-31T23:43:24.808+0700] {subprocess.py:93} INFO -     .jdbc(
[2025-10-31T23:43:24.808+0700] {subprocess.py:93} INFO -      ^^^^^
[2025-10-31T23:43:24.808+0700] {subprocess.py:93} INFO -   File "/home/***/.local/lib/python3.12/site-packages/pyspark/python/lib/pyspark.zip/pyspark/sql/readwriter.py", line 1984, in jdbc
[2025-10-31T23:43:24.808+0700] {subprocess.py:93} INFO -     self.mode(mode)._jwrite.jdbc(url, table, jprop)
[2025-10-31T23:43:24.808+0700] {subprocess.py:93} INFO -   File "/home/***/.local/lib/python3.12/site-packages/pyspark/python/lib/py4j-0.10.9.7-src.zip/py4j/java_gateway.py", line 1322, in __call__
[2025-10-31T23:43:24.809+0700] {subprocess.py:93} INFO -     return_value = get_return_value(
[2025-10-31T23:43:24.809+0700] {subprocess.py:93} INFO -                    ^^^^^^^^^^^^^^^^^
[2025-10-31T23:43:24.809+0700] {subprocess.py:93} INFO -   File "/home/***/.local/lib/python3.12/site-packages/pyspark/python/lib/pyspark.zip/pyspark/errors/exceptions/captured.py", line 179, in deco
[2025-10-31T23:43:24.809+0700] {subprocess.py:93} INFO -     return f(*a, **kw)
[2025-10-31T23:43:24.809+0700] {subprocess.py:93} INFO -            ^^^^^^^^^^^
[2025-10-31T23:43:24.809+0700] {subprocess.py:93} INFO -   File "/home/***/.local/lib/python3.12/site-packages/pyspark/python/lib/py4j-0.10.9.7-src.zip/py4j/protocol.py", line 326, in get_return_value
[2025-10-31T23:43:24.810+0700] {subprocess.py:93} INFO -     raise Py4JJavaError(
[2025-10-31T23:43:24.810+0700] {subprocess.py:93} INFO - py4j.protocol.Py4JJavaError: An error occurred while calling o100.jdbc.
[2025-10-31T23:43:24.810+0700] {subprocess.py:93} INFO - : org.postgresql.util.PSQLException: FATAL: database "vehicle_db" does not exist
[2025-10-31T23:43:24.810+0700] {subprocess.py:93} INFO - 	at org.postgresql.core.v3.QueryExecutorImpl.receiveErrorResponse(QueryExecutorImpl.java:2713)
[2025-10-31T23:43:24.811+0700] {subprocess.py:93} INFO - 	at org.postgresql.core.v3.QueryExecutorImpl.readStartupMessages(QueryExecutorImpl.java:2825)
[2025-10-31T23:43:24.811+0700] {subprocess.py:93} INFO - 	at org.postgresql.core.v3.QueryExecutorImpl.<init>(QueryExecutorImpl.java:175)
[2025-10-31T23:43:24.811+0700] {subprocess.py:93} INFO - 	at org.postgresql.core.v3.ConnectionFactoryImpl.openConnectionImpl(ConnectionFactoryImpl.java:313)
[2025-10-31T23:43:24.811+0700] {subprocess.py:93} INFO - 	at org.postgresql.core.ConnectionFactory.openConnection(ConnectionFactory.java:54)
[2025-10-31T23:43:24.811+0700] {subprocess.py:93} INFO - 	at org.postgresql.jdbc.PgConnection.<init>(PgConnection.java:263)
[2025-10-31T23:43:24.812+0700] {subprocess.py:93} INFO - 	at org.postgresql.Driver.makeConnection(Driver.java:443)
[2025-10-31T23:43:24.812+0700] {subprocess.py:93} INFO - 	at org.postgresql.Driver.connect(Driver.java:297)
[2025-10-31T23:43:24.812+0700] {subprocess.py:93} INFO - 	at org.apache.spark.sql.execution.datasources.jdbc.connection.BasicConnectionProvider.getConnection(BasicConnectionProvider.scala:49)
[2025-10-31T23:43:24.812+0700] {subprocess.py:93} INFO - 	at org.apache.spark.sql.execution.datasources.jdbc.connection.ConnectionProviderBase.create(ConnectionProvider.scala:102)
[2025-10-31T23:43:24.813+0700] {subprocess.py:93} INFO - 	at org.apache.spark.sql.jdbc.JdbcDialect.$anonfun$createConnectionFactory$1(JdbcDialects.scala:160)
[2025-10-31T23:43:24.813+0700] {subprocess.py:93} INFO - 	at org.apache.spark.sql.jdbc.JdbcDialect.$anonfun$createConnectionFactory$1$adapted(JdbcDialects.scala:156)
[2025-10-31T23:43:24.813+0700] {subprocess.py:93} INFO - 	at org.apache.spark.sql.execution.datasources.jdbc.JdbcRelationProvider.createRelation(JdbcRelationProvider.scala:50)
[2025-10-31T23:43:24.813+0700] {subprocess.py:93} INFO - 	at org.apache.spark.sql.execution.datasources.SaveIntoDataSourceCommand.run(SaveIntoDataSourceCommand.scala:48)
[2025-10-31T23:43:24.813+0700] {subprocess.py:93} INFO - 	at org.apache.spark.sql.execution.command.ExecutedCommandExec.sideEffectResult$lzycompute(commands.scala:75)
[2025-10-31T23:43:24.813+0700] {subprocess.py:93} INFO - 	at org.apache.spark.sql.execution.command.ExecutedCommandExec.sideEffectResult(commands.scala:73)
[2025-10-31T23:43:24.814+0700] {subprocess.py:93} INFO - 	at org.apache.spark.sql.execution.command.ExecutedCommandExec.executeCollect(commands.scala:84)
[2025-10-31T23:43:24.814+0700] {subprocess.py:93} INFO - 	at org.apache.spark.sql.execution.QueryExecution$$anonfun$eagerlyExecuteCommands$1.$anonfun$applyOrElse$1(QueryExecution.scala:107)
[2025-10-31T23:43:24.814+0700] {subprocess.py:93} INFO - 	at org.apache.spark.sql.execution.SQLExecution$.$anonfun$withNewExecutionId$6(SQLExecution.scala:125)
[2025-10-31T23:43:24.814+0700] {subprocess.py:93} INFO - 	at org.apache.spark.sql.execution.SQLExecution$.withSQLConfPropagated(SQLExecution.scala:201)
[2025-10-31T23:43:24.814+0700] {subprocess.py:93} INFO - 	at org.apache.spark.sql.execution.SQLExecution$.$anonfun$withNewExecutionId$1(SQLExecution.scala:108)
[2025-10-31T23:43:24.814+0700] {subprocess.py:93} INFO - 	at org.apache.spark.sql.SparkSession.withActive(SparkSession.scala:900)
[2025-10-31T23:43:24.815+0700] {subprocess.py:93} INFO - 	at org.apache.spark.sql.execution.SQLExecution$.withNewExecutionId(SQLExecution.scala:66)
[2025-10-31T23:43:24.815+0700] {subprocess.py:93} INFO - 	at org.apache.spark.sql.execution.QueryExecution$$anonfun$eagerlyExecuteCommands$1.applyOrElse(QueryExecution.scala:107)
[2025-10-31T23:43:24.815+0700] {subprocess.py:93} INFO - 	at org.apache.spark.sql.execution.QueryExecution$$anonfun$eagerlyExecuteCommands$1.applyOrElse(QueryExecution.scala:98)
[2025-10-31T23:43:24.815+0700] {subprocess.py:93} INFO - 	at org.apache.spark.sql.catalyst.trees.TreeNode.$anonfun$transformDownWithPruning$1(TreeNode.scala:461)
[2025-10-31T23:43:24.815+0700] {subprocess.py:93} INFO - 	at org.apache.spark.sql.catalyst.trees.CurrentOrigin$.withOrigin(origin.scala:76)
[2025-10-31T23:43:24.815+0700] {subprocess.py:93} INFO - 	at org.apache.spark.sql.catalyst.trees.TreeNode.transformDownWithPruning(TreeNode.scala:461)
[2025-10-31T23:43:24.816+0700] {subprocess.py:93} INFO - 	at org.apache.spark.sql.catalyst.plans.logical.LogicalPlan.org$apache$spark$sql$catalyst$plans$logical$AnalysisHelper$$super$transformDownWithPruning(LogicalPlan.scala:32)
[2025-10-31T23:43:24.816+0700] {subprocess.py:93} INFO - 	at org.apache.spark.sql.catalyst.plans.logical.AnalysisHelper.transformDownWithPruning(AnalysisHelper.scala:267)
[2025-10-31T23:43:24.816+0700] {subprocess.py:93} INFO - 	at org.apache.spark.sql.catalyst.plans.logical.AnalysisHelper.transformDownWithPruning$(AnalysisHelper.scala:263)
[2025-10-31T23:43:24.816+0700] {subprocess.py:93} INFO - 	at org.apache.spark.sql.catalyst.plans.logical.LogicalPlan.transformDownWithPruning(LogicalPlan.scala:32)
[2025-10-31T23:43:24.816+0700] {subprocess.py:93} INFO - 	at org.apache.spark.sql.catalyst.plans.logical.LogicalPlan.transformDownWithPruning(LogicalPlan.scala:32)
[2025-10-31T23:43:24.816+0700] {subprocess.py:93} INFO - 	at org.apache.spark.sql.catalyst.trees.TreeNode.transformDown(TreeNode.scala:437)
[2025-10-31T23:43:24.816+0700] {subprocess.py:93} INFO - 	at org.apache.spark.sql.execution.QueryExecution.eagerlyExecuteCommands(QueryExecution.scala:98)
[2025-10-31T23:43:24.817+0700] {subprocess.py:93} INFO - 	at org.apache.spark.sql.execution.QueryExecution.commandExecuted$lzycompute(QueryExecution.scala:85)
[2025-10-31T23:43:24.817+0700] {subprocess.py:93} INFO - 	at org.apache.spark.sql.execution.QueryExecution.commandExecuted(QueryExecution.scala:83)
[2025-10-31T23:43:24.817+0700] {subprocess.py:93} INFO - 	at org.apache.spark.sql.execution.QueryExecution.assertCommandExecuted(QueryExecution.scala:142)
[2025-10-31T23:43:24.817+0700] {subprocess.py:93} INFO - 	at org.apache.spark.sql.DataFrameWriter.runCommand(DataFrameWriter.scala:859)
[2025-10-31T23:43:24.817+0700] {subprocess.py:93} INFO - 	at org.apache.spark.sql.DataFrameWriter.saveToV1Source(DataFrameWriter.scala:388)
[2025-10-31T23:43:24.817+0700] {subprocess.py:93} INFO - 	at org.apache.spark.sql.DataFrameWriter.saveInternal(DataFrameWriter.scala:361)
[2025-10-31T23:43:24.817+0700] {subprocess.py:93} INFO - 	at org.apache.spark.sql.DataFrameWriter.save(DataFrameWriter.scala:248)
[2025-10-31T23:43:24.818+0700] {subprocess.py:93} INFO - 	at org.apache.spark.sql.DataFrameWriter.jdbc(DataFrameWriter.scala:756)
[2025-10-31T23:43:24.818+0700] {subprocess.py:93} INFO - 	at java.base/jdk.internal.reflect.NativeMethodAccessorImpl.invoke0(Native Method)
[2025-10-31T23:43:24.818+0700] {subprocess.py:93} INFO - 	at java.base/jdk.internal.reflect.NativeMethodAccessorImpl.invoke(NativeMethodAccessorImpl.java:77)
[2025-10-31T23:43:24.818+0700] {subprocess.py:93} INFO - 	at java.base/jdk.internal.reflect.DelegatingMethodAccessorImpl.invoke(DelegatingMethodAccessorImpl.java:43)
[2025-10-31T23:43:24.818+0700] {subprocess.py:93} INFO - 	at java.base/java.lang.reflect.Method.invoke(Method.java:569)
[2025-10-31T23:43:24.818+0700] {subprocess.py:93} INFO - 	at py4j.reflection.MethodInvoker.invoke(MethodInvoker.java:244)
[2025-10-31T23:43:24.819+0700] {subprocess.py:93} INFO - 	at py4j.reflection.ReflectionEngine.invoke(ReflectionEngine.java:374)
[2025-10-31T23:43:24.819+0700] {subprocess.py:93} INFO - 	at py4j.Gateway.invoke(Gateway.java:282)
[2025-10-31T23:43:24.819+0700] {subprocess.py:93} INFO - 	at py4j.commands.AbstractCommand.invokeMethod(AbstractCommand.java:132)
[2025-10-31T23:43:24.819+0700] {subprocess.py:93} INFO - 	at py4j.commands.CallCommand.execute(CallCommand.java:79)
[2025-10-31T23:43:24.819+0700] {subprocess.py:93} INFO - 	at py4j.ClientServerConnection.sendCommand(ClientServerConnection.java:244)
[2025-10-31T23:43:24.820+0700] {subprocess.py:93} INFO - 	at py4j.CallbackClient.sendCommand(CallbackClient.java:384)
[2025-10-31T23:43:24.820+0700] {subprocess.py:93} INFO - 	at py4j.CallbackClient.sendCommand(CallbackClient.java:356)
[2025-10-31T23:43:24.820+0700] {subprocess.py:93} INFO - 	at py4j.reflection.PythonProxyHandler.invoke(PythonProxyHandler.java:106)
[2025-10-31T23:43:24.820+0700] {subprocess.py:93} INFO - 	at jdk.proxy3/jdk.proxy3.$Proxy31.call(Unknown Source)
[2025-10-31T23:43:24.820+0700] {subprocess.py:93} INFO - 	at org.apache.spark.sql.execution.streaming.sources.PythonForeachBatchHelper$.$anonfun$callForeachBatch$1(ForeachBatchSink.scala:53)
[2025-10-31T23:43:24.821+0700] {subprocess.py:93} INFO - 	at org.apache.spark.sql.execution.streaming.sources.PythonForeachBatchHelper$.$anonfun$callForeachBatch$1$adapted(ForeachBatchSink.scala:53)
[2025-10-31T23:43:24.821+0700] {subprocess.py:93} INFO - 	at org.apache.spark.sql.execution.streaming.sources.ForeachBatchSink.addBatch(ForeachBatchSink.scala:34)
[2025-10-31T23:43:24.821+0700] {subprocess.py:93} INFO - 	at org.apache.spark.sql.execution.streaming.MicroBatchExecution.$anonfun$runBatch$17(MicroBatchExecution.scala:732)
[2025-10-31T23:43:24.821+0700] {subprocess.py:93} INFO - 	at org.apache.spark.sql.execution.SQLExecution$.$anonfun$withNewExecutionId$6(SQLExecution.scala:125)
[2025-10-31T23:43:24.821+0700] {subprocess.py:93} INFO - 	at org.apache.spark.sql.execution.SQLExecution$.withSQLConfPropagated(SQLExecution.scala:201)
[2025-10-31T23:43:24.821+0700] {subprocess.py:93} INFO - 	at org.apache.spark.sql.execution.SQLExecution$.$anonfun$withNewExecutionId$1(SQLExecution.scala:108)
[2025-10-31T23:43:24.822+0700] {subprocess.py:93} INFO - 	at org.apache.spark.sql.SparkSession.withActive(SparkSession.scala:900)
[2025-10-31T23:43:24.822+0700] {subprocess.py:93} INFO - 	at org.apache.spark.sql.execution.SQLExecution$.withNewExecutionId(SQLExecution.scala:66)
[2025-10-31T23:43:24.822+0700] {subprocess.py:93} INFO - 	at org.apache.spark.sql.execution.streaming.MicroBatchExecution.$anonfun$runBatch$16(MicroBatchExecution.scala:729)
[2025-10-31T23:43:24.822+0700] {subprocess.py:93} INFO - 	at org.apache.spark.sql.execution.streaming.ProgressReporter.reportTimeTaken(ProgressReporter.scala:427)
[2025-10-31T23:43:24.822+0700] {subprocess.py:93} INFO - 	at org.apache.spark.sql.execution.streaming.ProgressReporter.reportTimeTaken$(ProgressReporter.scala:425)
[2025-10-31T23:43:24.822+0700] {subprocess.py:93} INFO - 	at org.apache.spark.sql.execution.streaming.StreamExecution.reportTimeTaken(StreamExecution.scala:67)
[2025-10-31T23:43:24.823+0700] {subprocess.py:93} INFO - 	at org.apache.spark.sql.execution.streaming.MicroBatchExecution.runBatch(MicroBatchExecution.scala:729)
[2025-10-31T23:43:24.823+0700] {subprocess.py:93} INFO - 	at org.apache.spark.sql.execution.streaming.MicroBatchExecution.$anonfun$runActivatedStream$2(MicroBatchExecution.scala:286)
[2025-10-31T23:43:24.823+0700] {subprocess.py:93} INFO - 	at scala.runtime.java8.JFunction0$mcV$sp.apply(JFunction0$mcV$sp.java:23)
[2025-10-31T23:43:24.823+0700] {subprocess.py:93} INFO - 	at org.apache.spark.sql.execution.streaming.ProgressReporter.reportTimeTaken(ProgressReporter.scala:427)
[2025-10-31T23:43:24.823+0700] {subprocess.py:93} INFO - 	at org.apache.spark.sql.execution.streaming.ProgressReporter.reportTimeTaken$(ProgressReporter.scala:425)
[2025-10-31T23:43:24.823+0700] {subprocess.py:93} INFO - 	at org.apache.spark.sql.execution.streaming.StreamExecution.reportTimeTaken(StreamExecution.scala:67)
[2025-10-31T23:43:24.824+0700] {subprocess.py:93} INFO - 	at org.apache.spark.sql.execution.streaming.MicroBatchExecution.$anonfun$runActivatedStream$1(MicroBatchExecution.scala:249)
[2025-10-31T23:43:24.824+0700] {subprocess.py:93} INFO - 	at org.apache.spark.sql.execution.streaming.ProcessingTimeExecutor.execute(TriggerExecutor.scala:67)
[2025-10-31T23:43:24.824+0700] {subprocess.py:93} INFO - 	at org.apache.spark.sql.execution.streaming.MicroBatchExecution.runActivatedStream(MicroBatchExecution.scala:239)
[2025-10-31T23:43:24.824+0700] {subprocess.py:93} INFO - 	at org.apache.spark.sql.execution.streaming.StreamExecution.$anonfun$runStream$1(StreamExecution.scala:311)
[2025-10-31T23:43:24.824+0700] {subprocess.py:93} INFO - 	at scala.runtime.java8.JFunction0$mcV$sp.apply(JFunction0$mcV$sp.java:23)
[2025-10-31T23:43:24.824+0700] {subprocess.py:93} INFO - 	at org.apache.spark.sql.SparkSession.withActive(SparkSession.scala:900)
[2025-10-31T23:43:24.825+0700] {subprocess.py:93} INFO - 	at org.apache.spark.sql.execution.streaming.StreamExecution.org$apache$spark$sql$execution$streaming$StreamExecution$$runStream(StreamExecution.scala:289)
[2025-10-31T23:43:24.825+0700] {subprocess.py:93} INFO - 	at org.apache.spark.sql.execution.streaming.StreamExecution$$anon$1.$anonfun$run$1(StreamExecution.scala:211)
[2025-10-31T23:43:24.825+0700] {subprocess.py:93} INFO - 	at scala.runtime.java8.JFunction0$mcV$sp.apply(JFunction0$mcV$sp.java:23)
[2025-10-31T23:43:24.825+0700] {subprocess.py:93} INFO - 	at org.apache.spark.JobArtifactSet$.withActiveJobArtifactState(JobArtifactSet.scala:94)
[2025-10-31T23:43:24.825+0700] {subprocess.py:93} INFO - 	at org.apache.spark.sql.execution.streaming.StreamExecution$$anon$1.run(StreamExecution.scala:211)
[2025-10-31T23:43:24.825+0700] {subprocess.py:93} INFO - 
[2025-10-31T23:43:24.826+0700] {subprocess.py:93} INFO - 
[2025-10-31T23:43:24.826+0700] {subprocess.py:93} INFO - 	at py4j.Protocol.getReturnValue(Protocol.java:476)
[2025-10-31T23:43:24.826+0700] {subprocess.py:93} INFO - 	at py4j.reflection.PythonProxyHandler.invoke(PythonProxyHandler.java:108)
[2025-10-31T23:43:24.826+0700] {subprocess.py:93} INFO - 	at jdk.proxy3/jdk.proxy3.$Proxy31.call(Unknown Source)
[2025-10-31T23:43:24.826+0700] {subprocess.py:93} INFO - 	at org.apache.spark.sql.execution.streaming.sources.PythonForeachBatchHelper$.$anonfun$callForeachBatch$1(ForeachBatchSink.scala:53)
[2025-10-31T23:43:24.826+0700] {subprocess.py:93} INFO - 	at org.apache.spark.sql.execution.streaming.sources.PythonForeachBatchHelper$.$anonfun$callForeachBatch$1$adapted(ForeachBatchSink.scala:53)
[2025-10-31T23:43:24.827+0700] {subprocess.py:93} INFO - 	at org.apache.spark.sql.execution.streaming.sources.ForeachBatchSink.addBatch(ForeachBatchSink.scala:34)
[2025-10-31T23:43:24.827+0700] {subprocess.py:93} INFO - 	at org.apache.spark.sql.execution.streaming.MicroBatchExecution.$anonfun$runBatch$17(MicroBatchExecution.scala:732)
[2025-10-31T23:43:24.827+0700] {subprocess.py:93} INFO - 	at org.apache.spark.sql.execution.SQLExecution$.$anonfun$withNewExecutionId$6(SQLExecution.scala:125)
[2025-10-31T23:43:24.827+0700] {subprocess.py:93} INFO - 	at org.apache.spark.sql.execution.SQLExecution$.withSQLConfPropagated(SQLExecution.scala:201)
[2025-10-31T23:43:24.827+0700] {subprocess.py:93} INFO - 	at org.apache.spark.sql.execution.SQLExecution$.$anonfun$withNewExecutionId$1(SQLExecution.scala:108)
[2025-10-31T23:43:24.827+0700] {subprocess.py:93} INFO - 	at org.apache.spark.sql.SparkSession.withActive(SparkSession.scala:900)
[2025-10-31T23:43:24.827+0700] {subprocess.py:93} INFO - 	at org.apache.spark.sql.execution.SQLExecution$.withNewExecutionId(SQLExecution.scala:66)
[2025-10-31T23:43:24.828+0700] {subprocess.py:93} INFO - 	at org.apache.spark.sql.execution.streaming.MicroBatchExecution.$anonfun$runBatch$16(MicroBatchExecution.scala:729)
[2025-10-31T23:43:24.828+0700] {subprocess.py:93} INFO - 	at org.apache.spark.sql.execution.streaming.ProgressReporter.reportTimeTaken(ProgressReporter.scala:427)
[2025-10-31T23:43:24.828+0700] {subprocess.py:93} INFO - 	at org.apache.spark.sql.execution.streaming.ProgressReporter.reportTimeTaken$(ProgressReporter.scala:425)
[2025-10-31T23:43:24.828+0700] {subprocess.py:93} INFO - 	at org.apache.spark.sql.execution.streaming.StreamExecution.reportTimeTaken(StreamExecution.scala:67)
[2025-10-31T23:43:24.828+0700] {subprocess.py:93} INFO - 	at org.apache.spark.sql.execution.streaming.MicroBatchExecution.runBatch(MicroBatchExecution.scala:729)
[2025-10-31T23:43:24.828+0700] {subprocess.py:93} INFO - 	at org.apache.spark.sql.execution.streaming.MicroBatchExecution.$anonfun$runActivatedStream$2(MicroBatchExecution.scala:286)
[2025-10-31T23:43:24.829+0700] {subprocess.py:93} INFO - 	at scala.runtime.java8.JFunction0$mcV$sp.apply(JFunction0$mcV$sp.java:23)
[2025-10-31T23:43:24.829+0700] {subprocess.py:93} INFO - 	at org.apache.spark.sql.execution.streaming.ProgressReporter.reportTimeTaken(ProgressReporter.scala:427)
[2025-10-31T23:43:24.829+0700] {subprocess.py:93} INFO - 	at org.apache.spark.sql.execution.streaming.ProgressReporter.reportTimeTaken$(ProgressReporter.scala:425)
[2025-10-31T23:43:24.829+0700] {subprocess.py:93} INFO - 	at org.apache.spark.sql.execution.streaming.StreamExecution.reportTimeTaken(StreamExecution.scala:67)
[2025-10-31T23:43:24.829+0700] {subprocess.py:93} INFO - 	at org.apache.spark.sql.execution.streaming.MicroBatchExecution.$anonfun$runActivatedStream$1(MicroBatchExecution.scala:249)
[2025-10-31T23:43:24.829+0700] {subprocess.py:93} INFO - 	at org.apache.spark.sql.execution.streaming.ProcessingTimeExecutor.execute(TriggerExecutor.scala:67)
[2025-10-31T23:43:24.829+0700] {subprocess.py:93} INFO - 	at org.apache.spark.sql.execution.streaming.MicroBatchExecution.runActivatedStream(MicroBatchExecution.scala:239)
[2025-10-31T23:43:24.830+0700] {subprocess.py:93} INFO - 	at org.apache.spark.sql.execution.streaming.StreamExecution.$anonfun$runStream$1(StreamExecution.scala:311)
[2025-10-31T23:43:24.830+0700] {subprocess.py:93} INFO - 	at scala.runtime.java8.JFunction0$mcV$sp.apply(JFunction0$mcV$sp.java:23)
[2025-10-31T23:43:24.830+0700] {subprocess.py:93} INFO - 	at org.apache.spark.sql.SparkSession.withActive(SparkSession.scala:900)
[2025-10-31T23:43:24.830+0700] {subprocess.py:93} INFO - 	at org.apache.spark.sql.execution.streaming.StreamExecution.org$apache$spark$sql$execution$streaming$StreamExecution$$runStream(StreamExecution.scala:289)
[2025-10-31T23:43:24.830+0700] {subprocess.py:93} INFO - 	at org.apache.spark.sql.execution.streaming.StreamExecution$$anon$1.$anonfun$run$1(StreamExecution.scala:211)
[2025-10-31T23:43:24.830+0700] {subprocess.py:93} INFO - 	at scala.runtime.java8.JFunction0$mcV$sp.apply(JFunction0$mcV$sp.java:23)
[2025-10-31T23:43:24.831+0700] {subprocess.py:93} INFO - 	at org.apache.spark.JobArtifactSet$.withActiveJobArtifactState(JobArtifactSet.scala:94)
[2025-10-31T23:43:24.831+0700] {subprocess.py:93} INFO - 	at org.apache.spark.sql.execution.streaming.StreamExecution$$anon$1.run(StreamExecution.scala:211)
[2025-10-31T23:43:24.952+0700] {subprocess.py:93} INFO - Traceback (most recent call last):
[2025-10-31T23:43:24.953+0700] {subprocess.py:93} INFO -   File "/opt/***/projects/vehicle_count/scripts/vehicle_consumer.py", line 161, in <module>
[2025-10-31T23:43:24.953+0700] {subprocess.py:93} INFO -     query.awaitTermination()
[2025-10-31T23:43:24.953+0700] {subprocess.py:93} INFO -   File "/home/***/.local/lib/python3.12/site-packages/pyspark/python/lib/pyspark.zip/pyspark/sql/streaming/query.py", line 221, in awaitTermination
[2025-10-31T23:43:24.953+0700] {subprocess.py:93} INFO -   File "/home/***/.local/lib/python3.12/site-packages/pyspark/python/lib/py4j-0.10.9.7-src.zip/py4j/java_gateway.py", line 1322, in __call__
[2025-10-31T23:43:24.953+0700] {subprocess.py:93} INFO -   File "/home/***/.local/lib/python3.12/site-packages/pyspark/python/lib/pyspark.zip/pyspark/errors/exceptions/captured.py", line 185, in deco
[2025-10-31T23:43:24.957+0700] {subprocess.py:93} INFO - pyspark.errors.exceptions.captured.StreamingQueryException: [STREAM_FAILED] Query [id = c9cf82bd-833d-444b-883e-2e3225f57b31, runId = df669e30-8d7c-4d9c-8338-caa771f0d9b4] terminated with exception: An exception was raised by the Python Proxy. Return Message: Traceback (most recent call last):
[2025-10-31T23:43:24.957+0700] {subprocess.py:93} INFO -   File "/home/***/.local/lib/python3.12/site-packages/pyspark/python/lib/py4j-0.10.9.7-src.zip/py4j/clientserver.py", line 617, in _call_proxy
[2025-10-31T23:43:24.957+0700] {subprocess.py:93} INFO -     return_value = getattr(self.pool[obj_id], method)(*params)
[2025-10-31T23:43:24.958+0700] {subprocess.py:93} INFO -                    ^^^^^^^^^^^^^^^^^^^^^^^^^^^^^^^^^^^^^^^^^^^
[2025-10-31T23:43:24.958+0700] {subprocess.py:93} INFO -   File "/home/***/.local/lib/python3.12/site-packages/pyspark/python/lib/pyspark.zip/pyspark/sql/utils.py", line 120, in call
[2025-10-31T23:43:24.958+0700] {subprocess.py:93} INFO -     raise e
[2025-10-31T23:43:24.958+0700] {subprocess.py:93} INFO -   File "/home/***/.local/lib/python3.12/site-packages/pyspark/python/lib/pyspark.zip/pyspark/sql/utils.py", line 117, in call
[2025-10-31T23:43:24.958+0700] {subprocess.py:93} INFO -     self.func(DataFrame(jdf, wrapped_session_jdf), batch_id)
[2025-10-31T23:43:24.958+0700] {subprocess.py:93} INFO -   File "/opt/***/projects/vehicle_count/scripts/vehicle_consumer.py", line 144, in write_to_postgres
[2025-10-31T23:43:24.958+0700] {subprocess.py:93} INFO -     .jdbc(
[2025-10-31T23:43:24.958+0700] {subprocess.py:93} INFO -      ^^^^^
[2025-10-31T23:43:24.958+0700] {subprocess.py:93} INFO -   File "/home/***/.local/lib/python3.12/site-packages/pyspark/python/lib/pyspark.zip/pyspark/sql/readwriter.py", line 1984, in jdbc
[2025-10-31T23:43:24.959+0700] {subprocess.py:93} INFO -     self.mode(mode)._jwrite.jdbc(url, table, jprop)
[2025-10-31T23:43:24.959+0700] {subprocess.py:93} INFO -   File "/home/***/.local/lib/python3.12/site-packages/pyspark/python/lib/py4j-0.10.9.7-src.zip/py4j/java_gateway.py", line 1322, in __call__
[2025-10-31T23:43:24.959+0700] {subprocess.py:93} INFO -     return_value = get_return_value(
[2025-10-31T23:43:24.959+0700] {subprocess.py:93} INFO -                    ^^^^^^^^^^^^^^^^^
[2025-10-31T23:43:24.959+0700] {subprocess.py:93} INFO -   File "/home/***/.local/lib/python3.12/site-packages/pyspark/python/lib/pyspark.zip/pyspark/errors/exceptions/captured.py", line 179, in deco
[2025-10-31T23:43:24.959+0700] {subprocess.py:93} INFO -     return f(*a, **kw)
[2025-10-31T23:43:24.959+0700] {subprocess.py:93} INFO -            ^^^^^^^^^^^
[2025-10-31T23:43:24.959+0700] {subprocess.py:93} INFO -   File "/home/***/.local/lib/python3.12/site-packages/pyspark/python/lib/py4j-0.10.9.7-src.zip/py4j/protocol.py", line 326, in get_return_value
[2025-10-31T23:43:24.960+0700] {subprocess.py:93} INFO -     raise Py4JJavaError(
[2025-10-31T23:43:24.960+0700] {subprocess.py:93} INFO - py4j.protocol.Py4JJavaError: An error occurred while calling o100.jdbc.
[2025-10-31T23:43:24.960+0700] {subprocess.py:93} INFO - : org.postgresql.util.PSQLException: FATAL: database "vehicle_db" does not exist
[2025-10-31T23:43:24.960+0700] {subprocess.py:93} INFO - 	at org.postgresql.core.v3.QueryExecutorImpl.receiveErrorResponse(QueryExecutorImpl.java:2713)
[2025-10-31T23:43:24.960+0700] {subprocess.py:93} INFO - 	at org.postgresql.core.v3.QueryExecutorImpl.readStartupMessages(QueryExecutorImpl.java:2825)
[2025-10-31T23:43:24.960+0700] {subprocess.py:93} INFO - 	at org.postgresql.core.v3.QueryExecutorImpl.<init>(QueryExecutorImpl.java:175)
[2025-10-31T23:43:24.961+0700] {subprocess.py:93} INFO - 	at org.postgresql.core.v3.ConnectionFactoryImpl.openConnectionImpl(ConnectionFactoryImpl.java:313)
[2025-10-31T23:43:24.961+0700] {subprocess.py:93} INFO - 	at org.postgresql.core.ConnectionFactory.openConnection(ConnectionFactory.java:54)
[2025-10-31T23:43:24.961+0700] {subprocess.py:93} INFO - 	at org.postgresql.jdbc.PgConnection.<init>(PgConnection.java:263)
[2025-10-31T23:43:24.961+0700] {subprocess.py:93} INFO - 	at org.postgresql.Driver.makeConnection(Driver.java:443)
[2025-10-31T23:43:24.961+0700] {subprocess.py:93} INFO - 	at org.postgresql.Driver.connect(Driver.java:297)
[2025-10-31T23:43:24.961+0700] {subprocess.py:93} INFO - 	at org.apache.spark.sql.execution.datasources.jdbc.connection.BasicConnectionProvider.getConnection(BasicConnectionProvider.scala:49)
[2025-10-31T23:43:24.962+0700] {subprocess.py:93} INFO - 	at org.apache.spark.sql.execution.datasources.jdbc.connection.ConnectionProviderBase.create(ConnectionProvider.scala:102)
[2025-10-31T23:43:24.962+0700] {subprocess.py:93} INFO - 	at org.apache.spark.sql.jdbc.JdbcDialect.$anonfun$createConnectionFactory$1(JdbcDialects.scala:160)
[2025-10-31T23:43:24.962+0700] {subprocess.py:93} INFO - 	at org.apache.spark.sql.jdbc.JdbcDialect.$anonfun$createConnectionFactory$1$adapted(JdbcDialects.scala:156)
[2025-10-31T23:43:24.962+0700] {subprocess.py:93} INFO - 	at org.apache.spark.sql.execution.datasources.jdbc.JdbcRelationProvider.createRelation(JdbcRelationProvider.scala:50)
[2025-10-31T23:43:24.962+0700] {subprocess.py:93} INFO - 	at org.apache.spark.sql.execution.datasources.SaveIntoDataSourceCommand.run(SaveIntoDataSourceCommand.scala:48)
[2025-10-31T23:43:24.962+0700] {subprocess.py:93} INFO - 	at org.apache.spark.sql.execution.command.ExecutedCommandExec.sideEffectResult$lzycompute(commands.scala:75)
[2025-10-31T23:43:24.963+0700] {subprocess.py:93} INFO - 	at org.apache.spark.sql.execution.command.ExecutedCommandExec.sideEffectResult(commands.scala:73)
[2025-10-31T23:43:24.963+0700] {subprocess.py:93} INFO - 	at org.apache.spark.sql.execution.command.ExecutedCommandExec.executeCollect(commands.scala:84)
[2025-10-31T23:43:24.963+0700] {subprocess.py:93} INFO - 	at org.apache.spark.sql.execution.QueryExecution$$anonfun$eagerlyExecuteCommands$1.$anonfun$applyOrElse$1(QueryExecution.scala:107)
[2025-10-31T23:43:24.963+0700] {subprocess.py:93} INFO - 	at org.apache.spark.sql.execution.SQLExecution$.$anonfun$withNewExecutionId$6(SQLExecution.scala:125)
[2025-10-31T23:43:24.963+0700] {subprocess.py:93} INFO - 	at org.apache.spark.sql.execution.SQLExecution$.withSQLConfPropagated(SQLExecution.scala:201)
[2025-10-31T23:43:24.963+0700] {subprocess.py:93} INFO - 	at org.apache.spark.sql.execution.SQLExecution$.$anonfun$withNewExecutionId$1(SQLExecution.scala:108)
[2025-10-31T23:43:24.963+0700] {subprocess.py:93} INFO - 	at org.apache.spark.sql.SparkSession.withActive(SparkSession.scala:900)
[2025-10-31T23:43:24.964+0700] {subprocess.py:93} INFO - 	at org.apache.spark.sql.execution.SQLExecution$.withNewExecutionId(SQLExecution.scala:66)
[2025-10-31T23:43:24.964+0700] {subprocess.py:93} INFO - 	at org.apache.spark.sql.execution.QueryExecution$$anonfun$eagerlyExecuteCommands$1.applyOrElse(QueryExecution.scala:107)
[2025-10-31T23:43:24.964+0700] {subprocess.py:93} INFO - 	at org.apache.spark.sql.execution.QueryExecution$$anonfun$eagerlyExecuteCommands$1.applyOrElse(QueryExecution.scala:98)
[2025-10-31T23:43:24.964+0700] {subprocess.py:93} INFO - 	at org.apache.spark.sql.catalyst.trees.TreeNode.$anonfun$transformDownWithPruning$1(TreeNode.scala:461)
[2025-10-31T23:43:24.964+0700] {subprocess.py:93} INFO - 	at org.apache.spark.sql.catalyst.trees.CurrentOrigin$.withOrigin(origin.scala:76)
[2025-10-31T23:43:24.964+0700] {subprocess.py:93} INFO - 	at org.apache.spark.sql.catalyst.trees.TreeNode.transformDownWithPruning(TreeNode.scala:461)
[2025-10-31T23:43:24.965+0700] {subprocess.py:93} INFO - 	at org.apache.spark.sql.catalyst.plans.logical.LogicalPlan.org$apache$spark$sql$catalyst$plans$logical$AnalysisHelper$$super$transformDownWithPruning(LogicalPlan.scala:32)
[2025-10-31T23:43:24.965+0700] {subprocess.py:93} INFO - 	at org.apache.spark.sql.catalyst.plans.logical.AnalysisHelper.transformDownWithPruning(AnalysisHelper.scala:267)
[2025-10-31T23:43:24.965+0700] {subprocess.py:93} INFO - 	at org.apache.spark.sql.catalyst.plans.logical.AnalysisHelper.transformDownWithPruning$(AnalysisHelper.scala:263)
[2025-10-31T23:43:24.965+0700] {subprocess.py:93} INFO - 	at org.apache.spark.sql.catalyst.plans.logical.LogicalPlan.transformDownWithPruning(LogicalPlan.scala:32)
[2025-10-31T23:43:24.965+0700] {subprocess.py:93} INFO - 	at org.apache.spark.sql.catalyst.plans.logical.LogicalPlan.transformDownWithPruning(LogicalPlan.scala:32)
[2025-10-31T23:43:24.965+0700] {subprocess.py:93} INFO - 	at org.apache.spark.sql.catalyst.trees.TreeNode.transformDown(TreeNode.scala:437)
[2025-10-31T23:43:24.966+0700] {subprocess.py:93} INFO - 	at org.apache.spark.sql.execution.QueryExecution.eagerlyExecuteCommands(QueryExecution.scala:98)
[2025-10-31T23:43:24.966+0700] {subprocess.py:93} INFO - 	at org.apache.spark.sql.execution.QueryExecution.commandExecuted$lzycompute(QueryExecution.scala:85)
[2025-10-31T23:43:24.966+0700] {subprocess.py:93} INFO - 	at org.apache.spark.sql.execution.QueryExecution.commandExecuted(QueryExecution.scala:83)
[2025-10-31T23:43:24.966+0700] {subprocess.py:93} INFO - 	at org.apache.spark.sql.execution.QueryExecution.assertCommandExecuted(QueryExecution.scala:142)
[2025-10-31T23:43:24.966+0700] {subprocess.py:93} INFO - 	at org.apache.spark.sql.DataFrameWriter.runCommand(DataFrameWriter.scala:859)
[2025-10-31T23:43:24.966+0700] {subprocess.py:93} INFO - 	at org.apache.spark.sql.DataFrameWriter.saveToV1Source(DataFrameWriter.scala:388)
[2025-10-31T23:43:24.966+0700] {subprocess.py:93} INFO - 	at org.apache.spark.sql.DataFrameWriter.saveInternal(DataFrameWriter.scala:361)
[2025-10-31T23:43:24.966+0700] {subprocess.py:93} INFO - 	at org.apache.spark.sql.DataFrameWriter.save(DataFrameWriter.scala:248)
[2025-10-31T23:43:24.966+0700] {subprocess.py:93} INFO - 	at org.apache.spark.sql.DataFrameWriter.jdbc(DataFrameWriter.scala:756)
[2025-10-31T23:43:24.967+0700] {subprocess.py:93} INFO - 	at java.base/jdk.internal.reflect.NativeMethodAccessorImpl.invoke0(Native Method)
[2025-10-31T23:43:24.967+0700] {subprocess.py:93} INFO - 	at java.base/jdk.internal.reflect.NativeMethodAccessorImpl.invoke(NativeMethodAccessorImpl.java:77)
[2025-10-31T23:43:24.967+0700] {subprocess.py:93} INFO - 	at java.base/jdk.internal.reflect.DelegatingMethodAccessorImpl.invoke(DelegatingMethodAccessorImpl.java:43)
[2025-10-31T23:43:24.967+0700] {subprocess.py:93} INFO - 	at java.base/java.lang.reflect.Method.invoke(Method.java:569)
[2025-10-31T23:43:24.967+0700] {subprocess.py:93} INFO - 	at py4j.reflection.MethodInvoker.invoke(MethodInvoker.java:244)
[2025-10-31T23:43:24.967+0700] {subprocess.py:93} INFO - 	at py4j.reflection.ReflectionEngine.invoke(ReflectionEngine.java:374)
[2025-10-31T23:43:24.967+0700] {subprocess.py:93} INFO - 	at py4j.Gateway.invoke(Gateway.java:282)
[2025-10-31T23:43:24.967+0700] {subprocess.py:93} INFO - 	at py4j.commands.AbstractCommand.invokeMethod(AbstractCommand.java:132)
[2025-10-31T23:43:24.967+0700] {subprocess.py:93} INFO - 	at py4j.commands.CallCommand.execute(CallCommand.java:79)
[2025-10-31T23:43:24.967+0700] {subprocess.py:93} INFO - 	at py4j.ClientServerConnection.sendCommand(ClientServerConnection.java:244)
[2025-10-31T23:43:24.968+0700] {subprocess.py:93} INFO - 	at py4j.CallbackClient.sendCommand(CallbackClient.java:384)
[2025-10-31T23:43:24.968+0700] {subprocess.py:93} INFO - 	at py4j.CallbackClient.sendCommand(CallbackClient.java:356)
[2025-10-31T23:43:24.968+0700] {subprocess.py:93} INFO - 	at py4j.reflection.PythonProxyHandler.invoke(PythonProxyHandler.java:106)
[2025-10-31T23:43:24.968+0700] {subprocess.py:93} INFO - 	at jdk.proxy3/jdk.proxy3.$Proxy31.call(Unknown Source)
[2025-10-31T23:43:24.968+0700] {subprocess.py:93} INFO - 	at org.apache.spark.sql.execution.streaming.sources.PythonForeachBatchHelper$.$anonfun$callForeachBatch$1(ForeachBatchSink.scala:53)
[2025-10-31T23:43:24.968+0700] {subprocess.py:93} INFO - 	at org.apache.spark.sql.execution.streaming.sources.PythonForeachBatchHelper$.$anonfun$callForeachBatch$1$adapted(ForeachBatchSink.scala:53)
[2025-10-31T23:43:24.968+0700] {subprocess.py:93} INFO - 	at org.apache.spark.sql.execution.streaming.sources.ForeachBatchSink.addBatch(ForeachBatchSink.scala:34)
[2025-10-31T23:43:24.969+0700] {subprocess.py:93} INFO - 	at org.apache.spark.sql.execution.streaming.MicroBatchExecution.$anonfun$runBatch$17(MicroBatchExecution.scala:732)
[2025-10-31T23:43:24.969+0700] {subprocess.py:93} INFO - 	at org.apache.spark.sql.execution.SQLExecution$.$anonfun$withNewExecutionId$6(SQLExecution.scala:125)
[2025-10-31T23:43:24.969+0700] {subprocess.py:93} INFO - 	at org.apache.spark.sql.execution.SQLExecution$.withSQLConfPropagated(SQLExecution.scala:201)
[2025-10-31T23:43:24.969+0700] {subprocess.py:93} INFO - 	at org.apache.spark.sql.execution.SQLExecution$.$anonfun$withNewExecutionId$1(SQLExecution.scala:108)
[2025-10-31T23:43:24.969+0700] {subprocess.py:93} INFO - 	at org.apache.spark.sql.SparkSession.withActive(SparkSession.scala:900)
[2025-10-31T23:43:24.969+0700] {subprocess.py:93} INFO - 	at org.apache.spark.sql.execution.SQLExecution$.withNewExecutionId(SQLExecution.scala:66)
[2025-10-31T23:43:24.969+0700] {subprocess.py:93} INFO - 	at org.apache.spark.sql.execution.streaming.MicroBatchExecution.$anonfun$runBatch$16(MicroBatchExecution.scala:729)
[2025-10-31T23:43:24.970+0700] {subprocess.py:93} INFO - 	at org.apache.spark.sql.execution.streaming.ProgressReporter.reportTimeTaken(ProgressReporter.scala:427)
[2025-10-31T23:43:24.970+0700] {subprocess.py:93} INFO - 	at org.apache.spark.sql.execution.streaming.ProgressReporter.reportTimeTaken$(ProgressReporter.scala:425)
[2025-10-31T23:43:24.970+0700] {subprocess.py:93} INFO - 	at org.apache.spark.sql.execution.streaming.StreamExecution.reportTimeTaken(StreamExecution.scala:67)
[2025-10-31T23:43:24.970+0700] {subprocess.py:93} INFO - 	at org.apache.spark.sql.execution.streaming.MicroBatchExecution.runBatch(MicroBatchExecution.scala:729)
[2025-10-31T23:43:24.970+0700] {subprocess.py:93} INFO - 	at org.apache.spark.sql.execution.streaming.MicroBatchExecution.$anonfun$runActivatedStream$2(MicroBatchExecution.scala:286)
[2025-10-31T23:43:24.970+0700] {subprocess.py:93} INFO - 	at scala.runtime.java8.JFunction0$mcV$sp.apply(JFunction0$mcV$sp.java:23)
[2025-10-31T23:43:24.971+0700] {subprocess.py:93} INFO - 	at org.apache.spark.sql.execution.streaming.ProgressReporter.reportTimeTaken(ProgressReporter.scala:427)
[2025-10-31T23:43:24.971+0700] {subprocess.py:93} INFO - 	at org.apache.spark.sql.execution.streaming.ProgressReporter.reportTimeTaken$(ProgressReporter.scala:425)
[2025-10-31T23:43:24.971+0700] {subprocess.py:93} INFO - 	at org.apache.spark.sql.execution.streaming.StreamExecution.reportTimeTaken(StreamExecution.scala:67)
[2025-10-31T23:43:24.971+0700] {subprocess.py:93} INFO - 	at org.apache.spark.sql.execution.streaming.MicroBatchExecution.$anonfun$runActivatedStream$1(MicroBatchExecution.scala:249)
[2025-10-31T23:43:24.971+0700] {subprocess.py:93} INFO - 	at org.apache.spark.sql.execution.streaming.ProcessingTimeExecutor.execute(TriggerExecutor.scala:67)
[2025-10-31T23:43:24.971+0700] {subprocess.py:93} INFO - 	at org.apache.spark.sql.execution.streaming.MicroBatchExecution.runActivatedStream(MicroBatchExecution.scala:239)
[2025-10-31T23:43:24.971+0700] {subprocess.py:93} INFO - 	at org.apache.spark.sql.execution.streaming.StreamExecution.$anonfun$runStream$1(StreamExecution.scala:311)
[2025-10-31T23:43:24.972+0700] {subprocess.py:93} INFO - 	at scala.runtime.java8.JFunction0$mcV$sp.apply(JFunction0$mcV$sp.java:23)
[2025-10-31T23:43:24.972+0700] {subprocess.py:93} INFO - 	at org.apache.spark.sql.SparkSession.withActive(SparkSession.scala:900)
[2025-10-31T23:43:24.972+0700] {subprocess.py:93} INFO - 	at org.apache.spark.sql.execution.streaming.StreamExecution.org$apache$spark$sql$execution$streaming$StreamExecution$$runStream(StreamExecution.scala:289)
[2025-10-31T23:43:24.972+0700] {subprocess.py:93} INFO - 	at org.apache.spark.sql.execution.streaming.StreamExecution$$anon$1.$anonfun$run$1(StreamExecution.scala:211)
[2025-10-31T23:43:24.972+0700] {subprocess.py:93} INFO - 	at scala.runtime.java8.JFunction0$mcV$sp.apply(JFunction0$mcV$sp.java:23)
[2025-10-31T23:43:24.972+0700] {subprocess.py:93} INFO - 	at org.apache.spark.JobArtifactSet$.withActiveJobArtifactState(JobArtifactSet.scala:94)
[2025-10-31T23:43:24.972+0700] {subprocess.py:93} INFO - 	at org.apache.spark.sql.execution.streaming.StreamExecution$$anon$1.run(StreamExecution.scala:211)
[2025-10-31T23:43:24.973+0700] {subprocess.py:93} INFO - 
[2025-10-31T23:43:24.973+0700] {subprocess.py:93} INFO - 
[2025-10-31T23:43:25.465+0700] {subprocess.py:97} INFO - Command exited with return code 1
[2025-10-31T23:43:25.467+0700] {taskinstance.py:441} INFO - ::group::Post task execution logs
[2025-10-31T23:43:25.476+0700] {taskinstance.py:2890} ERROR - Task failed with exception
Traceback (most recent call last):
  File "/home/airflow/.local/lib/python3.12/site-packages/airflow/models/taskinstance.py", line 460, in _execute_task
    result = _execute_callable(context=context, **execute_callable_kwargs)
             ^^^^^^^^^^^^^^^^^^^^^^^^^^^^^^^^^^^^^^^^^^^^^^^^^^^^^^^^^^^^^
  File "/home/airflow/.local/lib/python3.12/site-packages/airflow/models/taskinstance.py", line 432, in _execute_callable
    return execute_callable(context=context, **execute_callable_kwargs)
           ^^^^^^^^^^^^^^^^^^^^^^^^^^^^^^^^^^^^^^^^^^^^^^^^^^^^^^^^^^^^
  File "/home/airflow/.local/lib/python3.12/site-packages/airflow/models/baseoperator.py", line 400, in wrapper
    return func(self, *args, **kwargs)
           ^^^^^^^^^^^^^^^^^^^^^^^^^^^
  File "/home/airflow/.local/lib/python3.12/site-packages/airflow/operators/bash.py", line 243, in execute
    raise AirflowException(
airflow.exceptions.AirflowException: Bash command failed. The command returned a non-zero exit code 1.
[2025-10-31T23:43:25.478+0700] {taskinstance.py:1205} INFO - Marking task as UP_FOR_RETRY. dag_id=vehicle_pipeline_new_dag, task_id=start_vehicle_consumer, execution_date=20251031T162034, start_date=20251031T164316, end_date=20251031T164325
[2025-10-31T23:43:25.485+0700] {standard_task_runner.py:110} ERROR - Failed to execute job 500 for task start_vehicle_consumer (Bash command failed. The command returned a non-zero exit code 1.; 6344)
[2025-10-31T23:43:25.515+0700] {local_task_job_runner.py:240} INFO - Task exited with return code 1
[2025-10-31T23:43:25.533+0700] {taskinstance.py:3482} INFO - 0 downstream tasks scheduled from follow-on schedule check
[2025-10-31T23:43:25.535+0700] {local_task_job_runner.py:222} INFO - ::endgroup::
