[2025-10-31T23:27:56.949+0700] {local_task_job_runner.py:120} INFO - ::group::Pre task execution logs
[2025-10-31T23:27:56.963+0700] {taskinstance.py:2073} INFO - Dependencies all met for dep_context=non-requeueable deps ti=<TaskInstance: vehicle_pipeline_new_dag.start_vehicle_producer_cam2 manual__2025-10-31T16:20:34.210157+00:00 [queued]>
[2025-10-31T23:27:56.966+0700] {taskinstance.py:2073} INFO - Dependencies all met for dep_context=requeueable deps ti=<TaskInstance: vehicle_pipeline_new_dag.start_vehicle_producer_cam2 manual__2025-10-31T16:20:34.210157+00:00 [queued]>
[2025-10-31T23:27:56.966+0700] {taskinstance.py:2303} INFO - Starting attempt 5 of 7
[2025-10-31T23:27:56.972+0700] {taskinstance.py:2327} INFO - Executing <Task(BashOperator): start_vehicle_producer_cam2> on 2025-10-31 16:20:34.210157+00:00
[2025-10-31T23:27:56.978+0700] {warnings.py:110} WARNING - /home/***/.local/lib/python3.12/site-packages/***/task/task_runner/standard_task_runner.py:61: DeprecationWarning: This process (pid=4440) is multi-threaded, use of fork() may lead to deadlocks in the child.
  pid = os.fork()

[2025-10-31T23:27:56.979+0700] {standard_task_runner.py:63} INFO - Started process 4442 to run task
[2025-10-31T23:27:56.980+0700] {standard_task_runner.py:90} INFO - Running: ['***', 'tasks', 'run', 'vehicle_pipeline_new_dag', 'start_vehicle_producer_cam2', 'manual__2025-10-31T16:20:34.210157+00:00', '--job-id', '487', '--raw', '--subdir', 'DAGS_FOLDER/vehicel_pipeline_new_dag.py', '--cfg-path', '/tmp/tmp6tast7bm']
[2025-10-31T23:27:56.983+0700] {standard_task_runner.py:91} INFO - Job 487: Subtask start_vehicle_producer_cam2
[2025-10-31T23:27:57.027+0700] {task_command.py:426} INFO - Running <TaskInstance: vehicle_pipeline_new_dag.start_vehicle_producer_cam2 manual__2025-10-31T16:20:34.210157+00:00 [running]> on host f7bb1ad77e89
[2025-10-31T23:27:57.093+0700] {taskinstance.py:2644} INFO - Exporting env vars: AIRFLOW_CTX_DAG_OWNER='***' AIRFLOW_CTX_DAG_ID='vehicle_pipeline_new_dag' AIRFLOW_CTX_TASK_ID='start_vehicle_producer_cam2' AIRFLOW_CTX_EXECUTION_DATE='2025-10-31T16:20:34.210157+00:00' AIRFLOW_CTX_TRY_NUMBER='5' AIRFLOW_CTX_DAG_RUN_ID='manual__2025-10-31T16:20:34.210157+00:00'
[2025-10-31T23:27:57.094+0700] {taskinstance.py:430} INFO - ::endgroup::
[2025-10-31T23:27:57.095+0700] {subprocess.py:63} INFO - Tmp dir root location: /tmp
[2025-10-31T23:27:57.095+0700] {subprocess.py:75} INFO - Running command: ['/usr/bin/bash', '-c', 'bash -c "timeout 45m bash /opt/***/projects/vehicle_count/scripts/run_producer_cam2.sh"']
[2025-10-31T23:27:57.106+0700] {subprocess.py:86} INFO - Output:
[2025-10-31T23:27:57.113+0700] {subprocess.py:93} INFO - [Producer-CAM2] 🏍️ Starting Vehicle Kafka Producer (Camera 2)...
[2025-10-31T23:30:01.809+0700] {subprocess.py:93} INFO - [Producer-CAM_2] 🔌 Kết nối Kafka broker tại kafka:9092 ...
[2025-10-31T23:30:01.812+0700] {subprocess.py:93} INFO - [Producer-CAM_2] 🎥 Bắt đầu stream từ video2.mp4
[2025-10-31T23:30:01.813+0700] {subprocess.py:93} INFO - [Producer-CAM_2] ✅ Video video2.mp4 kết thúc (601 frames).
[2025-10-31T23:30:01.813+0700] {subprocess.py:93} INFO - [Producer-CAM_2] 📤 Gửi thành công 601 frames tới Kafka.
[2025-10-31T23:30:01.813+0700] {subprocess.py:93} INFO - [Producer-CAM_2] 🏁 Hoàn tất gửi dữ liệu.
[2025-10-31T23:30:01.855+0700] {subprocess.py:93} INFO - [Producer-CAM2] ✅ Completed successfully.
[2025-10-31T23:30:01.856+0700] {subprocess.py:97} INFO - Command exited with return code 0
[2025-10-31T23:30:01.858+0700] {taskinstance.py:441} INFO - ::group::Post task execution logs
[2025-10-31T23:30:01.889+0700] {taskinstance.py:1205} INFO - Marking task as SUCCESS. dag_id=vehicle_pipeline_new_dag, task_id=start_vehicle_producer_cam2, execution_date=20251031T162034, start_date=20251031T162756, end_date=20251031T163001
[2025-10-31T23:30:01.916+0700] {local_task_job_runner.py:240} INFO - Task exited with return code 0
[2025-10-31T23:30:01.937+0700] {taskinstance.py:3482} INFO - 0 downstream tasks scheduled from follow-on schedule check
[2025-10-31T23:30:01.938+0700] {local_task_job_runner.py:222} INFO - ::endgroup::
