[2025-10-31T22:35:14.514+0700] {local_task_job_runner.py:120} INFO - ::group::Pre task execution logs
[2025-10-31T22:35:14.530+0700] {taskinstance.py:2073} INFO - Dependencies all met for dep_context=non-requeueable deps ti=<TaskInstance: absa_streaming_lifecycle_full.evaluate_model manual__2025-10-31T15:35:06.939039+00:00 [queued]>
[2025-10-31T22:35:14.534+0700] {taskinstance.py:2073} INFO - Dependencies all met for dep_context=requeueable deps ti=<TaskInstance: absa_streaming_lifecycle_full.evaluate_model manual__2025-10-31T15:35:06.939039+00:00 [queued]>
[2025-10-31T22:35:14.534+0700] {taskinstance.py:2303} INFO - Starting attempt 1 of 3
[2025-10-31T22:35:14.541+0700] {taskinstance.py:2327} INFO - Executing <Task(PythonOperator): evaluate_model> on 2025-10-31 15:35:06.939039+00:00
[2025-10-31T22:35:14.547+0700] {warnings.py:110} WARNING - /home/***/.local/lib/python3.12/site-packages/***/task/task_runner/standard_task_runner.py:61: DeprecationWarning: This process (pid=1049) is multi-threaded, use of fork() may lead to deadlocks in the child.
  pid = os.fork()

[2025-10-31T22:35:14.549+0700] {standard_task_runner.py:63} INFO - Started process 1052 to run task
[2025-10-31T22:35:14.550+0700] {standard_task_runner.py:90} INFO - Running: ['***', 'tasks', 'run', 'absa_streaming_lifecycle_full', 'evaluate_model', 'manual__2025-10-31T15:35:06.939039+00:00', '--job-id', '303', '--raw', '--subdir', 'DAGS_FOLDER/absa_streaming_lifecycle_full.py', '--cfg-path', '/tmp/tmp5ejin7qp']
[2025-10-31T22:35:14.552+0700] {standard_task_runner.py:91} INFO - Job 303: Subtask evaluate_model
[2025-10-31T22:35:14.595+0700] {task_command.py:426} INFO - Running <TaskInstance: absa_streaming_lifecycle_full.evaluate_model manual__2025-10-31T15:35:06.939039+00:00 [running]> on host f7bb1ad77e89
[2025-10-31T22:35:14.657+0700] {taskinstance.py:2644} INFO - Exporting env vars: AIRFLOW_CTX_DAG_OWNER='***' AIRFLOW_CTX_DAG_ID='absa_streaming_lifecycle_full' AIRFLOW_CTX_TASK_ID='evaluate_model' AIRFLOW_CTX_EXECUTION_DATE='2025-10-31T15:35:06.939039+00:00' AIRFLOW_CTX_TRY_NUMBER='1' AIRFLOW_CTX_DAG_RUN_ID='manual__2025-10-31T15:35:06.939039+00:00'
[2025-10-31T22:35:14.659+0700] {taskinstance.py:430} INFO - ::endgroup::
[2025-10-31T22:35:14.660+0700] {logging_mixin.py:188} INFO - [Evaluate] Old model acc: 0.83, New model acc: 0.824
[2025-10-31T22:35:14.660+0700] {logging_mixin.py:188} INFO - [Evaluate] ❌ New model is worse. Skip update.
[2025-10-31T22:35:14.660+0700] {python.py:237} INFO - Done. Returned value was: skip_update
[2025-10-31T22:35:14.661+0700] {taskinstance.py:441} INFO - ::group::Post task execution logs
[2025-10-31T22:35:14.681+0700] {taskinstance.py:1205} INFO - Marking task as SUCCESS. dag_id=absa_streaming_lifecycle_full, task_id=evaluate_model, execution_date=20251031T153506, start_date=20251031T153514, end_date=20251031T153514
[2025-10-31T22:35:14.726+0700] {local_task_job_runner.py:240} INFO - Task exited with return code 0
[2025-10-31T22:35:14.742+0700] {taskinstance.py:3482} INFO - 2 downstream tasks scheduled from follow-on schedule check
[2025-10-31T22:35:14.742+0700] {local_task_job_runner.py:222} INFO - ::endgroup::
