[2025-10-31T23:00:01.289+0700] {local_task_job_runner.py:120} INFO - ::group::Pre task execution logs
[2025-10-31T23:00:01.306+0700] {taskinstance.py:2073} INFO - Dependencies all met for dep_context=non-requeueable deps ti=<TaskInstance: vehicle_pipeline_new_dag.start_vehicle_producer_cam2 scheduled__2025-10-31T15:00:00+00:00 [queued]>
[2025-10-31T23:00:01.310+0700] {taskinstance.py:2073} INFO - Dependencies all met for dep_context=requeueable deps ti=<TaskInstance: vehicle_pipeline_new_dag.start_vehicle_producer_cam2 scheduled__2025-10-31T15:00:00+00:00 [queued]>
[2025-10-31T23:00:01.310+0700] {taskinstance.py:2303} INFO - Starting attempt 1 of 3
[2025-10-31T23:00:01.317+0700] {taskinstance.py:2327} INFO - Executing <Task(BashOperator): start_vehicle_producer_cam2> on 2025-10-31 15:00:00+00:00
[2025-10-31T23:00:01.323+0700] {warnings.py:110} WARNING - /home/***/.local/lib/python3.12/site-packages/***/task/task_runner/standard_task_runner.py:61: DeprecationWarning: This process (pid=1807) is multi-threaded, use of fork() may lead to deadlocks in the child.
  pid = os.fork()

[2025-10-31T23:00:01.325+0700] {standard_task_runner.py:63} INFO - Started process 1819 to run task
[2025-10-31T23:00:01.326+0700] {standard_task_runner.py:90} INFO - Running: ['***', 'tasks', 'run', 'vehicle_pipeline_new_dag', 'start_vehicle_producer_cam2', 'scheduled__2025-10-31T15:00:00+00:00', '--job-id', '386', '--raw', '--subdir', 'DAGS_FOLDER/vehicel_pipeline_new_dag.py', '--cfg-path', '/tmp/tmpbc0o2n0p']
[2025-10-31T23:00:01.329+0700] {standard_task_runner.py:91} INFO - Job 386: Subtask start_vehicle_producer_cam2
[2025-10-31T23:00:01.384+0700] {task_command.py:426} INFO - Running <TaskInstance: vehicle_pipeline_new_dag.start_vehicle_producer_cam2 scheduled__2025-10-31T15:00:00+00:00 [running]> on host f7bb1ad77e89
[2025-10-31T23:00:01.464+0700] {taskinstance.py:2644} INFO - Exporting env vars: AIRFLOW_CTX_DAG_OWNER='***' AIRFLOW_CTX_DAG_ID='vehicle_pipeline_new_dag' AIRFLOW_CTX_TASK_ID='start_vehicle_producer_cam2' AIRFLOW_CTX_EXECUTION_DATE='2025-10-31T15:00:00+00:00' AIRFLOW_CTX_TRY_NUMBER='1' AIRFLOW_CTX_DAG_RUN_ID='scheduled__2025-10-31T15:00:00+00:00'
[2025-10-31T23:00:01.466+0700] {taskinstance.py:430} INFO - ::endgroup::
[2025-10-31T23:00:01.467+0700] {subprocess.py:63} INFO - Tmp dir root location: /tmp
[2025-10-31T23:00:01.467+0700] {subprocess.py:75} INFO - Running command: ['/usr/bin/bash', '-c', 'bash -c "timeout 45m bash /opt/***/projects/vehicle_count/scripts/run_producer_cam2.sh"']
[2025-10-31T23:00:01.479+0700] {subprocess.py:86} INFO - Output:
[2025-10-31T23:00:01.490+0700] {subprocess.py:93} INFO - [Producer-CAM2] 🏍️ Starting Vehicle Kafka Producer (Camera 2)...
[2025-10-31T23:00:01.518+0700] {subprocess.py:93} INFO - Traceback (most recent call last):
[2025-10-31T23:00:01.519+0700] {subprocess.py:93} INFO -   File "/opt/***/projects/vehicle_count/scripts/vehicle_producer_single.py", line 13, in <module>
[2025-10-31T23:00:01.519+0700] {subprocess.py:93} INFO -     import cv2
[2025-10-31T23:00:01.519+0700] {subprocess.py:93} INFO - ModuleNotFoundError: No module named 'cv2'
[2025-10-31T23:00:01.522+0700] {subprocess.py:97} INFO - Command exited with return code 1
[2025-10-31T23:00:01.522+0700] {taskinstance.py:441} INFO - ::group::Post task execution logs
[2025-10-31T23:00:01.533+0700] {taskinstance.py:2890} ERROR - Task failed with exception
Traceback (most recent call last):
  File "/home/airflow/.local/lib/python3.12/site-packages/airflow/models/taskinstance.py", line 460, in _execute_task
    result = _execute_callable(context=context, **execute_callable_kwargs)
             ^^^^^^^^^^^^^^^^^^^^^^^^^^^^^^^^^^^^^^^^^^^^^^^^^^^^^^^^^^^^^
  File "/home/airflow/.local/lib/python3.12/site-packages/airflow/models/taskinstance.py", line 432, in _execute_callable
    return execute_callable(context=context, **execute_callable_kwargs)
           ^^^^^^^^^^^^^^^^^^^^^^^^^^^^^^^^^^^^^^^^^^^^^^^^^^^^^^^^^^^^
  File "/home/airflow/.local/lib/python3.12/site-packages/airflow/models/baseoperator.py", line 400, in wrapper
    return func(self, *args, **kwargs)
           ^^^^^^^^^^^^^^^^^^^^^^^^^^^
  File "/home/airflow/.local/lib/python3.12/site-packages/airflow/operators/bash.py", line 243, in execute
    raise AirflowException(
airflow.exceptions.AirflowException: Bash command failed. The command returned a non-zero exit code 1.
[2025-10-31T23:00:01.536+0700] {taskinstance.py:1205} INFO - Marking task as UP_FOR_RETRY. dag_id=vehicle_pipeline_new_dag, task_id=start_vehicle_producer_cam2, execution_date=20251031T150000, start_date=20251031T160001, end_date=20251031T160001
[2025-10-31T23:00:01.544+0700] {standard_task_runner.py:110} ERROR - Failed to execute job 386 for task start_vehicle_producer_cam2 (Bash command failed. The command returned a non-zero exit code 1.; 1819)
[2025-10-31T23:00:01.579+0700] {local_task_job_runner.py:240} INFO - Task exited with return code 1
[2025-10-31T23:00:01.607+0700] {taskinstance.py:3482} INFO - 0 downstream tasks scheduled from follow-on schedule check
[2025-10-31T23:00:01.608+0700] {local_task_job_runner.py:222} INFO - ::endgroup::
[2025-10-31T23:20:30.749+0700] {local_task_job_runner.py:120} INFO - ::group::Pre task execution logs
[2025-10-31T23:20:30.765+0700] {taskinstance.py:2073} INFO - Dependencies all met for dep_context=non-requeueable deps ti=<TaskInstance: vehicle_pipeline_new_dag.start_vehicle_producer_cam2 scheduled__2025-10-31T15:00:00+00:00 [queued]>
[2025-10-31T23:20:30.769+0700] {taskinstance.py:2073} INFO - Dependencies all met for dep_context=requeueable deps ti=<TaskInstance: vehicle_pipeline_new_dag.start_vehicle_producer_cam2 scheduled__2025-10-31T15:00:00+00:00 [queued]>
[2025-10-31T23:20:30.769+0700] {taskinstance.py:2303} INFO - Starting attempt 1 of 3
[2025-10-31T23:20:30.776+0700] {taskinstance.py:2327} INFO - Executing <Task(BashOperator): start_vehicle_producer_cam2> on 2025-10-31 15:00:00+00:00
[2025-10-31T23:20:30.782+0700] {warnings.py:110} WARNING - /home/***/.local/lib/python3.12/site-packages/***/task/task_runner/standard_task_runner.py:61: DeprecationWarning: This process (pid=2605) is multi-threaded, use of fork() may lead to deadlocks in the child.
  pid = os.fork()

[2025-10-31T23:20:30.783+0700] {standard_task_runner.py:63} INFO - Started process 2612 to run task
[2025-10-31T23:20:30.784+0700] {standard_task_runner.py:90} INFO - Running: ['***', 'tasks', 'run', 'vehicle_pipeline_new_dag', 'start_vehicle_producer_cam2', 'scheduled__2025-10-31T15:00:00+00:00', '--job-id', '446', '--raw', '--subdir', 'DAGS_FOLDER/vehicel_pipeline_new_dag.py', '--cfg-path', '/tmp/tmp6jqkfbwt']
[2025-10-31T23:20:30.787+0700] {standard_task_runner.py:91} INFO - Job 446: Subtask start_vehicle_producer_cam2
[2025-10-31T23:20:30.831+0700] {task_command.py:426} INFO - Running <TaskInstance: vehicle_pipeline_new_dag.start_vehicle_producer_cam2 scheduled__2025-10-31T15:00:00+00:00 [running]> on host f7bb1ad77e89
[2025-10-31T23:20:30.895+0700] {taskinstance.py:2644} INFO - Exporting env vars: AIRFLOW_CTX_DAG_OWNER='***' AIRFLOW_CTX_DAG_ID='vehicle_pipeline_new_dag' AIRFLOW_CTX_TASK_ID='start_vehicle_producer_cam2' AIRFLOW_CTX_EXECUTION_DATE='2025-10-31T15:00:00+00:00' AIRFLOW_CTX_TRY_NUMBER='1' AIRFLOW_CTX_DAG_RUN_ID='scheduled__2025-10-31T15:00:00+00:00'
[2025-10-31T23:20:30.896+0700] {taskinstance.py:430} INFO - ::endgroup::
[2025-10-31T23:20:30.897+0700] {subprocess.py:63} INFO - Tmp dir root location: /tmp
[2025-10-31T23:20:30.897+0700] {subprocess.py:75} INFO - Running command: ['/usr/bin/bash', '-c', 'bash -c "timeout 45m bash /opt/***/projects/vehicle_count/scripts/run_producer_cam2.sh"']
[2025-10-31T23:20:30.908+0700] {subprocess.py:86} INFO - Output:
[2025-10-31T23:20:30.918+0700] {subprocess.py:93} INFO - [Producer-CAM2] 🏍️ Starting Vehicle Kafka Producer (Camera 2)...
[2025-10-31T23:20:30.949+0700] {subprocess.py:93} INFO - Traceback (most recent call last):
[2025-10-31T23:20:30.949+0700] {subprocess.py:93} INFO -   File "/opt/***/projects/vehicle_count/scripts/vehicle_producer_single.py", line 13, in <module>
[2025-10-31T23:20:30.950+0700] {subprocess.py:93} INFO -     import cv2
[2025-10-31T23:20:30.950+0700] {subprocess.py:93} INFO - ModuleNotFoundError: No module named 'cv2'
[2025-10-31T23:20:30.953+0700] {subprocess.py:97} INFO - Command exited with return code 1
[2025-10-31T23:20:30.954+0700] {taskinstance.py:441} INFO - ::group::Post task execution logs
[2025-10-31T23:20:30.964+0700] {taskinstance.py:2890} ERROR - Task failed with exception
Traceback (most recent call last):
  File "/home/airflow/.local/lib/python3.12/site-packages/airflow/models/taskinstance.py", line 460, in _execute_task
    result = _execute_callable(context=context, **execute_callable_kwargs)
             ^^^^^^^^^^^^^^^^^^^^^^^^^^^^^^^^^^^^^^^^^^^^^^^^^^^^^^^^^^^^^
  File "/home/airflow/.local/lib/python3.12/site-packages/airflow/models/taskinstance.py", line 432, in _execute_callable
    return execute_callable(context=context, **execute_callable_kwargs)
           ^^^^^^^^^^^^^^^^^^^^^^^^^^^^^^^^^^^^^^^^^^^^^^^^^^^^^^^^^^^^
  File "/home/airflow/.local/lib/python3.12/site-packages/airflow/models/baseoperator.py", line 400, in wrapper
    return func(self, *args, **kwargs)
           ^^^^^^^^^^^^^^^^^^^^^^^^^^^
  File "/home/airflow/.local/lib/python3.12/site-packages/airflow/operators/bash.py", line 243, in execute
    raise AirflowException(
airflow.exceptions.AirflowException: Bash command failed. The command returned a non-zero exit code 1.
[2025-10-31T23:20:30.967+0700] {taskinstance.py:1205} INFO - Marking task as UP_FOR_RETRY. dag_id=vehicle_pipeline_new_dag, task_id=start_vehicle_producer_cam2, execution_date=20251031T150000, start_date=20251031T162030, end_date=20251031T162030
[2025-10-31T23:20:30.976+0700] {standard_task_runner.py:110} ERROR - Failed to execute job 446 for task start_vehicle_producer_cam2 (Bash command failed. The command returned a non-zero exit code 1.; 2612)
[2025-10-31T23:20:30.997+0700] {local_task_job_runner.py:240} INFO - Task exited with return code 1
[2025-10-31T23:20:31.014+0700] {taskinstance.py:3482} INFO - 0 downstream tasks scheduled from follow-on schedule check
[2025-10-31T23:20:31.016+0700] {local_task_job_runner.py:222} INFO - ::endgroup::
