[2025-10-31T22:37:07.891+0700] {local_task_job_runner.py:120} INFO - ::group::Pre task execution logs
[2025-10-31T22:37:07.906+0700] {taskinstance.py:2073} INFO - Dependencies all met for dep_context=non-requeueable deps ti=<TaskInstance: absa_streaming_lifecycle_full.deploy_producer manual__2025-10-31T15:35:04.749162+00:00 [queued]>
[2025-10-31T22:37:07.909+0700] {taskinstance.py:2073} INFO - Dependencies all met for dep_context=requeueable deps ti=<TaskInstance: absa_streaming_lifecycle_full.deploy_producer manual__2025-10-31T15:35:04.749162+00:00 [queued]>
[2025-10-31T22:37:07.910+0700] {taskinstance.py:2303} INFO - Starting attempt 2 of 3
[2025-10-31T22:37:07.916+0700] {taskinstance.py:2327} INFO - Executing <Task(BashOperator): deploy_producer> on 2025-10-31 15:35:04.749162+00:00
[2025-10-31T22:37:07.921+0700] {warnings.py:110} WARNING - /home/***/.local/lib/python3.12/site-packages/***/task/task_runner/standard_task_runner.py:61: DeprecationWarning: This process (pid=1188) is multi-threaded, use of fork() may lead to deadlocks in the child.
  pid = os.fork()

[2025-10-31T22:37:07.922+0700] {standard_task_runner.py:63} INFO - Started process 1198 to run task
[2025-10-31T22:37:07.930+0700] {standard_task_runner.py:90} INFO - Running: ['***', 'tasks', 'run', 'absa_streaming_lifecycle_full', 'deploy_producer', 'manual__2025-10-31T15:35:04.749162+00:00', '--job-id', '326', '--raw', '--subdir', 'DAGS_FOLDER/absa_streaming_lifecycle_full.py', '--cfg-path', '/tmp/tmpghxrac_c']
[2025-10-31T22:37:07.932+0700] {standard_task_runner.py:91} INFO - Job 326: Subtask deploy_producer
[2025-10-31T22:37:07.979+0700] {task_command.py:426} INFO - Running <TaskInstance: absa_streaming_lifecycle_full.deploy_producer manual__2025-10-31T15:35:04.749162+00:00 [running]> on host f7bb1ad77e89
[2025-10-31T22:37:08.050+0700] {taskinstance.py:2644} INFO - Exporting env vars: AIRFLOW_CTX_DAG_OWNER='***' AIRFLOW_CTX_DAG_ID='absa_streaming_lifecycle_full' AIRFLOW_CTX_TASK_ID='deploy_producer' AIRFLOW_CTX_EXECUTION_DATE='2025-10-31T15:35:04.749162+00:00' AIRFLOW_CTX_TRY_NUMBER='2' AIRFLOW_CTX_DAG_RUN_ID='manual__2025-10-31T15:35:04.749162+00:00'
[2025-10-31T22:37:08.052+0700] {taskinstance.py:430} INFO - ::endgroup::
[2025-10-31T22:37:08.052+0700] {subprocess.py:63} INFO - Tmp dir root location: /tmp
[2025-10-31T22:37:08.053+0700] {subprocess.py:75} INFO - Running command: ['/usr/bin/bash', '-c', 'bash -c "timeout 45m bash /opt/***/projects/absa_streaming/scripts/run_producer.sh"']
[2025-10-31T22:37:08.069+0700] {subprocess.py:86} INFO - Output:
[2025-10-31T22:37:08.082+0700] {subprocess.py:93} INFO - [Producer] Starting Kafka Producer...
[2025-10-31T22:37:08.104+0700] {subprocess.py:93} INFO - Traceback (most recent call last):
[2025-10-31T22:37:08.104+0700] {subprocess.py:93} INFO -   File "/opt/***/projects/absa_streaming/scripts/producer.py", line 10, in <module>
[2025-10-31T22:37:08.104+0700] {subprocess.py:93} INFO -     from kafka import KafkaProducer
[2025-10-31T22:37:08.105+0700] {subprocess.py:93} INFO - ModuleNotFoundError: No module named 'kafka'
[2025-10-31T22:37:08.108+0700] {subprocess.py:97} INFO - Command exited with return code 1
[2025-10-31T22:37:08.108+0700] {taskinstance.py:441} INFO - ::group::Post task execution logs
[2025-10-31T22:37:08.118+0700] {taskinstance.py:2890} ERROR - Task failed with exception
Traceback (most recent call last):
  File "/home/airflow/.local/lib/python3.12/site-packages/airflow/models/taskinstance.py", line 460, in _execute_task
    result = _execute_callable(context=context, **execute_callable_kwargs)
             ^^^^^^^^^^^^^^^^^^^^^^^^^^^^^^^^^^^^^^^^^^^^^^^^^^^^^^^^^^^^^
  File "/home/airflow/.local/lib/python3.12/site-packages/airflow/models/taskinstance.py", line 432, in _execute_callable
    return execute_callable(context=context, **execute_callable_kwargs)
           ^^^^^^^^^^^^^^^^^^^^^^^^^^^^^^^^^^^^^^^^^^^^^^^^^^^^^^^^^^^^
  File "/home/airflow/.local/lib/python3.12/site-packages/airflow/models/baseoperator.py", line 400, in wrapper
    return func(self, *args, **kwargs)
           ^^^^^^^^^^^^^^^^^^^^^^^^^^^
  File "/home/airflow/.local/lib/python3.12/site-packages/airflow/operators/bash.py", line 243, in execute
    raise AirflowException(
airflow.exceptions.AirflowException: Bash command failed. The command returned a non-zero exit code 1.
[2025-10-31T22:37:08.121+0700] {taskinstance.py:1205} INFO - Marking task as UP_FOR_RETRY. dag_id=absa_streaming_lifecycle_full, task_id=deploy_producer, execution_date=20251031T153504, start_date=20251031T153707, end_date=20251031T153708
[2025-10-31T22:37:08.128+0700] {standard_task_runner.py:110} ERROR - Failed to execute job 326 for task deploy_producer (Bash command failed. The command returned a non-zero exit code 1.; 1198)
[2025-10-31T22:37:08.178+0700] {local_task_job_runner.py:240} INFO - Task exited with return code 1
[2025-10-31T22:37:08.195+0700] {taskinstance.py:3482} INFO - 0 downstream tasks scheduled from follow-on schedule check
[2025-10-31T22:37:08.197+0700] {local_task_job_runner.py:222} INFO - ::endgroup::
