[2025-10-31T22:35:15.730+0700] {local_task_job_runner.py:120} INFO - ::group::Pre task execution logs
[2025-10-31T22:35:15.746+0700] {taskinstance.py:2073} INFO - Dependencies all met for dep_context=non-requeueable deps ti=<TaskInstance: absa_streaming_lifecycle_full.update_model manual__2025-10-31T15:35:04.749162+00:00 [queued]>
[2025-10-31T22:35:15.749+0700] {taskinstance.py:2073} INFO - Dependencies all met for dep_context=requeueable deps ti=<TaskInstance: absa_streaming_lifecycle_full.update_model manual__2025-10-31T15:35:04.749162+00:00 [queued]>
[2025-10-31T22:35:15.750+0700] {taskinstance.py:2303} INFO - Starting attempt 1 of 3
[2025-10-31T22:35:15.756+0700] {taskinstance.py:2327} INFO - Executing <Task(PythonOperator): update_model> on 2025-10-31 15:35:04.749162+00:00
[2025-10-31T22:35:15.761+0700] {warnings.py:110} WARNING - /home/***/.local/lib/python3.12/site-packages/***/task/task_runner/standard_task_runner.py:61: DeprecationWarning: This process (pid=1056) is multi-threaded, use of fork() may lead to deadlocks in the child.
  pid = os.fork()

[2025-10-31T22:35:15.762+0700] {standard_task_runner.py:63} INFO - Started process 1063 to run task
[2025-10-31T22:35:15.763+0700] {standard_task_runner.py:90} INFO - Running: ['***', 'tasks', 'run', 'absa_streaming_lifecycle_full', 'update_model', 'manual__2025-10-31T15:35:04.749162+00:00', '--job-id', '306', '--raw', '--subdir', 'DAGS_FOLDER/absa_streaming_lifecycle_full.py', '--cfg-path', '/tmp/tmp_6y3131d']
[2025-10-31T22:35:15.766+0700] {standard_task_runner.py:91} INFO - Job 306: Subtask update_model
[2025-10-31T22:35:15.807+0700] {task_command.py:426} INFO - Running <TaskInstance: absa_streaming_lifecycle_full.update_model manual__2025-10-31T15:35:04.749162+00:00 [running]> on host f7bb1ad77e89
[2025-10-31T22:35:15.861+0700] {taskinstance.py:2644} INFO - Exporting env vars: AIRFLOW_CTX_DAG_OWNER='***' AIRFLOW_CTX_DAG_ID='absa_streaming_lifecycle_full' AIRFLOW_CTX_TASK_ID='update_model' AIRFLOW_CTX_EXECUTION_DATE='2025-10-31T15:35:04.749162+00:00' AIRFLOW_CTX_TRY_NUMBER='1' AIRFLOW_CTX_DAG_RUN_ID='manual__2025-10-31T15:35:04.749162+00:00'
[2025-10-31T22:35:15.862+0700] {taskinstance.py:430} INFO - ::endgroup::
[2025-10-31T22:35:15.863+0700] {logging_mixin.py:188} INFO - [Update] Deploying new ABSA model...
[2025-10-31T22:35:15.868+0700] {logging_mixin.py:188} INFO - [Update] ✅ Model updated → /opt/***/projects/absa_streaming/models/best_absa_hardshare.pt
[2025-10-31T22:35:15.869+0700] {python.py:237} INFO - Done. Returned value was: None
[2025-10-31T22:35:15.869+0700] {taskinstance.py:441} INFO - ::group::Post task execution logs
[2025-10-31T22:35:15.879+0700] {taskinstance.py:1205} INFO - Marking task as SUCCESS. dag_id=absa_streaming_lifecycle_full, task_id=update_model, execution_date=20251031T153504, start_date=20251031T153515, end_date=20251031T153515
[2025-10-31T22:35:15.896+0700] {local_task_job_runner.py:240} INFO - Task exited with return code 0
[2025-10-31T22:35:15.908+0700] {taskinstance.py:3482} INFO - 0 downstream tasks scheduled from follow-on schedule check
[2025-10-31T22:35:15.909+0700] {local_task_job_runner.py:222} INFO - ::endgroup::
