[2025-10-31T23:24:37.445+0700] {local_task_job_runner.py:120} INFO - ::group::Pre task execution logs
[2025-10-31T23:24:37.459+0700] {taskinstance.py:2073} INFO - Dependencies all met for dep_context=non-requeueable deps ti=<TaskInstance: absa_streaming_lifecycle_full.deploy_producer manual__2025-10-31T16:20:33.309051+00:00 [queued]>
[2025-10-31T23:24:37.462+0700] {taskinstance.py:2073} INFO - Dependencies all met for dep_context=requeueable deps ti=<TaskInstance: absa_streaming_lifecycle_full.deploy_producer manual__2025-10-31T16:20:33.309051+00:00 [queued]>
[2025-10-31T23:24:37.463+0700] {taskinstance.py:2303} INFO - Starting attempt 3 of 3
[2025-10-31T23:24:37.468+0700] {taskinstance.py:2327} INFO - Executing <Task(BashOperator): deploy_producer> on 2025-10-31 16:20:33.309051+00:00
[2025-10-31T23:24:37.473+0700] {warnings.py:110} WARNING - /home/***/.local/lib/python3.12/site-packages/***/task/task_runner/standard_task_runner.py:61: DeprecationWarning: This process (pid=3570) is multi-threaded, use of fork() may lead to deadlocks in the child.
  pid = os.fork()

[2025-10-31T23:24:37.474+0700] {standard_task_runner.py:63} INFO - Started process 3579 to run task
[2025-10-31T23:24:37.476+0700] {standard_task_runner.py:90} INFO - Running: ['***', 'tasks', 'run', 'absa_streaming_lifecycle_full', 'deploy_producer', 'manual__2025-10-31T16:20:33.309051+00:00', '--job-id', '475', '--raw', '--subdir', 'DAGS_FOLDER/absa_streaming_lifecycle_full.py', '--cfg-path', '/tmp/tmprkpk6fpn']
[2025-10-31T23:24:37.478+0700] {standard_task_runner.py:91} INFO - Job 475: Subtask deploy_producer
[2025-10-31T23:24:37.512+0700] {task_command.py:426} INFO - Running <TaskInstance: absa_streaming_lifecycle_full.deploy_producer manual__2025-10-31T16:20:33.309051+00:00 [running]> on host f7bb1ad77e89
[2025-10-31T23:24:37.561+0700] {taskinstance.py:2644} INFO - Exporting env vars: AIRFLOW_CTX_DAG_OWNER='***' AIRFLOW_CTX_DAG_ID='absa_streaming_lifecycle_full' AIRFLOW_CTX_TASK_ID='deploy_producer' AIRFLOW_CTX_EXECUTION_DATE='2025-10-31T16:20:33.309051+00:00' AIRFLOW_CTX_TRY_NUMBER='3' AIRFLOW_CTX_DAG_RUN_ID='manual__2025-10-31T16:20:33.309051+00:00'
[2025-10-31T23:24:37.563+0700] {taskinstance.py:430} INFO - ::endgroup::
[2025-10-31T23:24:37.563+0700] {subprocess.py:63} INFO - Tmp dir root location: /tmp
[2025-10-31T23:24:37.564+0700] {subprocess.py:75} INFO - Running command: ['/usr/bin/bash', '-c', 'bash -c "timeout 45m bash /opt/***/projects/absa_streaming/scripts/run_producer.sh"']
[2025-10-31T23:24:37.573+0700] {subprocess.py:86} INFO - Output:
[2025-10-31T23:24:37.581+0700] {subprocess.py:93} INFO - [Producer] Starting Kafka Producer...
[2025-10-31T23:24:37.718+0700] {subprocess.py:93} INFO - Traceback (most recent call last):
[2025-10-31T23:24:37.718+0700] {subprocess.py:93} INFO -   File "/opt/***/projects/absa_streaming/scripts/producer.py", line 10, in <module>
[2025-10-31T23:24:37.718+0700] {subprocess.py:93} INFO -     from kafka import KafkaProducer
[2025-10-31T23:24:37.719+0700] {subprocess.py:93} INFO -   File "/home/***/.local/lib/python3.12/site-packages/kafka/__init__.py", line 23, in <module>
[2025-10-31T23:24:37.719+0700] {subprocess.py:93} INFO -     from kafka.consumer import KafkaConsumer
[2025-10-31T23:24:37.719+0700] {subprocess.py:93} INFO -   File "/home/***/.local/lib/python3.12/site-packages/kafka/consumer/__init__.py", line 3, in <module>
[2025-10-31T23:24:37.719+0700] {subprocess.py:93} INFO -     from kafka.consumer.group import KafkaConsumer
[2025-10-31T23:24:37.719+0700] {subprocess.py:93} INFO -   File "/home/***/.local/lib/python3.12/site-packages/kafka/consumer/group.py", line 13, in <module>
[2025-10-31T23:24:37.720+0700] {subprocess.py:93} INFO -     from kafka.consumer.fetcher import Fetcher
[2025-10-31T23:24:37.720+0700] {subprocess.py:93} INFO -   File "/home/***/.local/lib/python3.12/site-packages/kafka/consumer/fetcher.py", line 19, in <module>
[2025-10-31T23:24:37.720+0700] {subprocess.py:93} INFO -     from kafka.record import MemoryRecords
[2025-10-31T23:24:37.720+0700] {subprocess.py:93} INFO -   File "/home/***/.local/lib/python3.12/site-packages/kafka/record/__init__.py", line 1, in <module>
[2025-10-31T23:24:37.720+0700] {subprocess.py:93} INFO -     from kafka.record.memory_records import MemoryRecords, MemoryRecordsBuilder
[2025-10-31T23:24:37.720+0700] {subprocess.py:93} INFO -   File "/home/***/.local/lib/python3.12/site-packages/kafka/record/memory_records.py", line 27, in <module>
[2025-10-31T23:24:37.721+0700] {subprocess.py:93} INFO -     from kafka.record.legacy_records import LegacyRecordBatch, LegacyRecordBatchBuilder
[2025-10-31T23:24:37.721+0700] {subprocess.py:93} INFO -   File "/home/***/.local/lib/python3.12/site-packages/kafka/record/legacy_records.py", line 50, in <module>
[2025-10-31T23:24:37.721+0700] {subprocess.py:93} INFO -     from kafka.codec import (
[2025-10-31T23:24:37.721+0700] {subprocess.py:93} INFO -   File "/home/***/.local/lib/python3.12/site-packages/kafka/codec.py", line 9, in <module>
[2025-10-31T23:24:37.721+0700] {subprocess.py:93} INFO -     from kafka.vendor.six.moves import range
[2025-10-31T23:24:37.721+0700] {subprocess.py:93} INFO - ModuleNotFoundError: No module named 'kafka.vendor.six.moves'
[2025-10-31T23:24:37.727+0700] {subprocess.py:97} INFO - Command exited with return code 1
[2025-10-31T23:24:37.727+0700] {taskinstance.py:441} INFO - ::group::Post task execution logs
[2025-10-31T23:24:37.736+0700] {taskinstance.py:2890} ERROR - Task failed with exception
Traceback (most recent call last):
  File "/home/airflow/.local/lib/python3.12/site-packages/airflow/models/taskinstance.py", line 460, in _execute_task
    result = _execute_callable(context=context, **execute_callable_kwargs)
             ^^^^^^^^^^^^^^^^^^^^^^^^^^^^^^^^^^^^^^^^^^^^^^^^^^^^^^^^^^^^^
  File "/home/airflow/.local/lib/python3.12/site-packages/airflow/models/taskinstance.py", line 432, in _execute_callable
    return execute_callable(context=context, **execute_callable_kwargs)
           ^^^^^^^^^^^^^^^^^^^^^^^^^^^^^^^^^^^^^^^^^^^^^^^^^^^^^^^^^^^^
  File "/home/airflow/.local/lib/python3.12/site-packages/airflow/models/baseoperator.py", line 400, in wrapper
    return func(self, *args, **kwargs)
           ^^^^^^^^^^^^^^^^^^^^^^^^^^^
  File "/home/airflow/.local/lib/python3.12/site-packages/airflow/operators/bash.py", line 243, in execute
    raise AirflowException(
airflow.exceptions.AirflowException: Bash command failed. The command returned a non-zero exit code 1.
[2025-10-31T23:24:37.738+0700] {taskinstance.py:1205} INFO - Marking task as FAILED. dag_id=absa_streaming_lifecycle_full, task_id=deploy_producer, execution_date=20251031T162033, start_date=20251031T162437, end_date=20251031T162437
[2025-10-31T23:24:37.744+0700] {standard_task_runner.py:110} ERROR - Failed to execute job 475 for task deploy_producer (Bash command failed. The command returned a non-zero exit code 1.; 3579)
[2025-10-31T23:24:37.773+0700] {local_task_job_runner.py:240} INFO - Task exited with return code 1
[2025-10-31T23:24:37.787+0700] {taskinstance.py:3482} INFO - 0 downstream tasks scheduled from follow-on schedule check
[2025-10-31T23:24:37.789+0700] {local_task_job_runner.py:222} INFO - ::endgroup::
