[2025-11-01T01:00:01.636+0700] {local_task_job_runner.py:120} INFO - ::group::Pre task execution logs
[2025-11-01T01:00:01.652+0700] {taskinstance.py:2073} INFO - Dependencies all met for dep_context=non-requeueable deps ti=<TaskInstance: absa_streaming_lifecycle_full.deploy_consumer scheduled__2025-10-31T17:00:00+00:00 [queued]>
[2025-11-01T01:00:01.656+0700] {taskinstance.py:2073} INFO - Dependencies all met for dep_context=requeueable deps ti=<TaskInstance: absa_streaming_lifecycle_full.deploy_consumer scheduled__2025-10-31T17:00:00+00:00 [queued]>
[2025-11-01T01:00:01.656+0700] {taskinstance.py:2303} INFO - Starting attempt 1 of 3
[2025-11-01T01:00:01.664+0700] {taskinstance.py:2327} INFO - Executing <Task(BashOperator): deploy_consumer> on 2025-10-31 17:00:00+00:00
[2025-11-01T01:00:01.670+0700] {warnings.py:110} WARNING - /home/***/.local/lib/python3.12/site-packages/***/task/task_runner/standard_task_runner.py:61: DeprecationWarning: This process (pid=35576) is multi-threaded, use of fork() may lead to deadlocks in the child.
  pid = os.fork()

[2025-11-01T01:00:01.676+0700] {standard_task_runner.py:63} INFO - Started process 35588 to run task
[2025-11-01T01:00:01.675+0700] {standard_task_runner.py:90} INFO - Running: ['***', 'tasks', 'run', 'absa_streaming_lifecycle_full', 'deploy_consumer', 'scheduled__2025-10-31T17:00:00+00:00', '--job-id', '536', '--raw', '--subdir', 'DAGS_FOLDER/absa_streaming_lifecycle_full.py', '--cfg-path', '/tmp/tmpjce23ums']
[2025-11-01T01:00:01.678+0700] {standard_task_runner.py:91} INFO - Job 536: Subtask deploy_consumer
[2025-11-01T01:00:01.775+0700] {task_command.py:426} INFO - Running <TaskInstance: absa_streaming_lifecycle_full.deploy_consumer scheduled__2025-10-31T17:00:00+00:00 [running]> on host f7bb1ad77e89
[2025-11-01T01:00:01.916+0700] {taskinstance.py:2644} INFO - Exporting env vars: AIRFLOW_CTX_DAG_OWNER='***' AIRFLOW_CTX_DAG_ID='absa_streaming_lifecycle_full' AIRFLOW_CTX_TASK_ID='deploy_consumer' AIRFLOW_CTX_EXECUTION_DATE='2025-10-31T17:00:00+00:00' AIRFLOW_CTX_TRY_NUMBER='1' AIRFLOW_CTX_DAG_RUN_ID='scheduled__2025-10-31T17:00:00+00:00'
[2025-11-01T01:00:01.918+0700] {taskinstance.py:430} INFO - ::endgroup::
[2025-11-01T01:00:01.918+0700] {subprocess.py:63} INFO - Tmp dir root location: /tmp
[2025-11-01T01:00:01.919+0700] {subprocess.py:75} INFO - Running command: ['/usr/bin/bash', '-c', 'bash -c "timeout 45m bash /opt/***/projects/absa_streaming/scripts/run_consumer.sh"']
[2025-11-01T01:00:01.934+0700] {subprocess.py:86} INFO - Output:
[2025-11-01T01:00:01.946+0700] {subprocess.py:93} INFO - [Consumer] Starting Spark Structured Streaming job...
[2025-11-01T01:00:02.001+0700] {subprocess.py:93} INFO - /home/***/.local/lib/python3.12/site-packages/pyspark/bin/load-spark-env.sh: line 68: ps: command not found
[2025-11-01T01:00:03.582+0700] {subprocess.py:93} INFO - :: loading settings :: url = jar:file:/home/***/.local/lib/python3.12/site-packages/pyspark/jars/ivy-2.5.1.jar!/org/apache/ivy/core/settings/ivysettings.xml
[2025-11-01T01:00:03.625+0700] {subprocess.py:93} INFO - Ivy Default Cache set to: /home/***/.ivy2/cache
[2025-11-01T01:00:03.626+0700] {subprocess.py:93} INFO - The jars for the packages stored in: /home/***/.ivy2/jars
[2025-11-01T01:00:03.628+0700] {subprocess.py:93} INFO - org.apache.spark#spark-sql-kafka-0-10_2.12 added as a dependency
[2025-11-01T01:00:03.629+0700] {subprocess.py:93} INFO - org.postgresql#postgresql added as a dependency
[2025-11-01T01:00:03.630+0700] {subprocess.py:93} INFO - :: resolving dependencies :: org.apache.spark#spark-submit-parent-de57f46e-bf02-40e5-8349-5b3d738518ab;1.0
[2025-11-01T01:00:03.630+0700] {subprocess.py:93} INFO - 	confs: [default]
[2025-11-01T01:00:03.745+0700] {subprocess.py:93} INFO - 	found org.apache.spark#spark-sql-kafka-0-10_2.12;3.5.1 in central
[2025-11-01T01:00:03.780+0700] {subprocess.py:93} INFO - 	found org.apache.spark#spark-token-provider-kafka-0-10_2.12;3.5.1 in central
[2025-11-01T01:00:03.811+0700] {subprocess.py:93} INFO - 	found org.apache.kafka#kafka-clients;3.4.1 in central
[2025-11-01T01:00:03.825+0700] {subprocess.py:93} INFO - 	found org.lz4#lz4-java;1.8.0 in central
[2025-11-01T01:00:03.837+0700] {subprocess.py:93} INFO - 	found org.xerial.snappy#snappy-java;1.1.10.3 in central
[2025-11-01T01:00:03.852+0700] {subprocess.py:93} INFO - 	found org.slf4j#slf4j-api;2.0.7 in central
[2025-11-01T01:00:03.871+0700] {subprocess.py:93} INFO - 	found org.apache.hadoop#hadoop-client-runtime;3.3.4 in central
[2025-11-01T01:00:03.889+0700] {subprocess.py:93} INFO - 	found org.apache.hadoop#hadoop-client-api;3.3.4 in central
[2025-11-01T01:00:03.902+0700] {subprocess.py:93} INFO - 	found commons-logging#commons-logging;1.1.3 in central
[2025-11-01T01:00:03.910+0700] {subprocess.py:93} INFO - 	found com.google.code.findbugs#jsr305;3.0.0 in spark-list
[2025-11-01T01:00:03.917+0700] {subprocess.py:93} INFO - 	found org.apache.commons#commons-pool2;2.11.1 in central
[2025-11-01T01:00:03.922+0700] {subprocess.py:93} INFO - 	found org.postgresql#postgresql;42.6.0 in central
[2025-11-01T01:00:03.927+0700] {subprocess.py:93} INFO - 	found org.checkerframework#checker-qual;3.31.0 in central
[2025-11-01T01:00:03.939+0700] {subprocess.py:93} INFO - :: resolution report :: resolve 303ms :: artifacts dl 7ms
[2025-11-01T01:00:03.940+0700] {subprocess.py:93} INFO - 	:: modules in use:
[2025-11-01T01:00:03.940+0700] {subprocess.py:93} INFO - 	com.google.code.findbugs#jsr305;3.0.0 from spark-list in [default]
[2025-11-01T01:00:03.940+0700] {subprocess.py:93} INFO - 	commons-logging#commons-logging;1.1.3 from central in [default]
[2025-11-01T01:00:03.941+0700] {subprocess.py:93} INFO - 	org.apache.commons#commons-pool2;2.11.1 from central in [default]
[2025-11-01T01:00:03.941+0700] {subprocess.py:93} INFO - 	org.apache.hadoop#hadoop-client-api;3.3.4 from central in [default]
[2025-11-01T01:00:03.941+0700] {subprocess.py:93} INFO - 	org.apache.hadoop#hadoop-client-runtime;3.3.4 from central in [default]
[2025-11-01T01:00:03.941+0700] {subprocess.py:93} INFO - 	org.apache.kafka#kafka-clients;3.4.1 from central in [default]
[2025-11-01T01:00:03.941+0700] {subprocess.py:93} INFO - 	org.apache.spark#spark-sql-kafka-0-10_2.12;3.5.1 from central in [default]
[2025-11-01T01:00:03.942+0700] {subprocess.py:93} INFO - 	org.apache.spark#spark-token-provider-kafka-0-10_2.12;3.5.1 from central in [default]
[2025-11-01T01:00:03.942+0700] {subprocess.py:93} INFO - 	org.checkerframework#checker-qual;3.31.0 from central in [default]
[2025-11-01T01:00:03.942+0700] {subprocess.py:93} INFO - 	org.lz4#lz4-java;1.8.0 from central in [default]
[2025-11-01T01:00:03.942+0700] {subprocess.py:93} INFO - 	org.postgresql#postgresql;42.6.0 from central in [default]
[2025-11-01T01:00:03.942+0700] {subprocess.py:93} INFO - 	org.slf4j#slf4j-api;2.0.7 from central in [default]
[2025-11-01T01:00:03.943+0700] {subprocess.py:93} INFO - 	org.xerial.snappy#snappy-java;1.1.10.3 from central in [default]
[2025-11-01T01:00:03.943+0700] {subprocess.py:93} INFO - 	---------------------------------------------------------------------
[2025-11-01T01:00:03.943+0700] {subprocess.py:93} INFO - 	|                  |            modules            ||   artifacts   |
[2025-11-01T01:00:03.943+0700] {subprocess.py:93} INFO - 	|       conf       | number| search|dwnlded|evicted|| number|dwnlded|
[2025-11-01T01:00:03.944+0700] {subprocess.py:93} INFO - 	---------------------------------------------------------------------
[2025-11-01T01:00:03.944+0700] {subprocess.py:93} INFO - 	|      default     |   13  |   0   |   0   |   0   ||   13  |   0   |
[2025-11-01T01:00:03.944+0700] {subprocess.py:93} INFO - 	---------------------------------------------------------------------
[2025-11-01T01:00:03.944+0700] {subprocess.py:93} INFO - :: retrieving :: org.apache.spark#spark-submit-parent-de57f46e-bf02-40e5-8349-5b3d738518ab
[2025-11-01T01:00:03.944+0700] {subprocess.py:93} INFO - 	confs: [default]
[2025-11-01T01:00:03.948+0700] {subprocess.py:93} INFO - 	0 artifacts copied, 13 already retrieved (0kB/5ms)
[2025-11-01T01:00:04.078+0700] {subprocess.py:93} INFO - 25/11/01 01:00:04 WARN NativeCodeLoader: Unable to load native-hadoop library for your platform... using builtin-java classes where applicable
[2025-11-01T01:00:06.570+0700] {subprocess.py:93} INFO - 25/11/01 01:00:06 INFO SparkContext: Running Spark version 3.5.1
[2025-11-01T01:00:06.571+0700] {subprocess.py:93} INFO - 25/11/01 01:00:06 INFO SparkContext: OS info Linux, 5.15.49-linuxkit, aarch64
[2025-11-01T01:00:06.571+0700] {subprocess.py:93} INFO - 25/11/01 01:00:06 INFO SparkContext: Java version 17.0.17
[2025-11-01T01:00:06.580+0700] {subprocess.py:93} INFO - 25/11/01 01:00:06 INFO ResourceUtils: ==============================================================
[2025-11-01T01:00:06.581+0700] {subprocess.py:93} INFO - 25/11/01 01:00:06 INFO ResourceUtils: No custom resources configured for spark.driver.
[2025-11-01T01:00:06.581+0700] {subprocess.py:93} INFO - 25/11/01 01:00:06 INFO ResourceUtils: ==============================================================
[2025-11-01T01:00:06.581+0700] {subprocess.py:93} INFO - 25/11/01 01:00:06 INFO SparkContext: Submitted application: Kafka_ABSA_Postgres_PhoBERT
[2025-11-01T01:00:06.590+0700] {subprocess.py:93} INFO - 25/11/01 01:00:06 INFO ResourceProfile: Default ResourceProfile created, executor resources: Map(cores -> name: cores, amount: 1, script: , vendor: , memory -> name: memory, amount: 4096, script: , vendor: , offHeap -> name: offHeap, amount: 0, script: , vendor: ), task resources: Map(cpus -> name: cpus, amount: 1.0)
[2025-11-01T01:00:06.595+0700] {subprocess.py:93} INFO - 25/11/01 01:00:06 INFO ResourceProfile: Limiting resource is cpus at 1 tasks per executor
[2025-11-01T01:00:06.596+0700] {subprocess.py:93} INFO - 25/11/01 01:00:06 INFO ResourceProfileManager: Added ResourceProfile id: 0
[2025-11-01T01:00:06.623+0700] {subprocess.py:93} INFO - 25/11/01 01:00:06 INFO SecurityManager: Changing view acls to: ***
[2025-11-01T01:00:06.624+0700] {subprocess.py:93} INFO - 25/11/01 01:00:06 INFO SecurityManager: Changing modify acls to: ***
[2025-11-01T01:00:06.624+0700] {subprocess.py:93} INFO - 25/11/01 01:00:06 INFO SecurityManager: Changing view acls groups to:
[2025-11-01T01:00:06.624+0700] {subprocess.py:93} INFO - 25/11/01 01:00:06 INFO SecurityManager: Changing modify acls groups to:
[2025-11-01T01:00:06.624+0700] {subprocess.py:93} INFO - 25/11/01 01:00:06 INFO SecurityManager: SecurityManager: authentication disabled; ui acls disabled; users with view permissions: ***; groups with view permissions: EMPTY; users with modify permissions: ***; groups with modify permissions: EMPTY
[2025-11-01T01:00:06.748+0700] {subprocess.py:93} INFO - 25/11/01 01:00:06 INFO Utils: Successfully started service 'sparkDriver' on port 37107.
[2025-11-01T01:00:06.770+0700] {subprocess.py:93} INFO - 25/11/01 01:00:06 INFO SparkEnv: Registering MapOutputTracker
[2025-11-01T01:00:06.786+0700] {subprocess.py:93} INFO - 25/11/01 01:00:06 INFO SparkEnv: Registering BlockManagerMaster
[2025-11-01T01:00:06.795+0700] {subprocess.py:93} INFO - 25/11/01 01:00:06 INFO BlockManagerMasterEndpoint: Using org.apache.spark.storage.DefaultTopologyMapper for getting topology information
[2025-11-01T01:00:06.795+0700] {subprocess.py:93} INFO - 25/11/01 01:00:06 INFO BlockManagerMasterEndpoint: BlockManagerMasterEndpoint up
[2025-11-01T01:00:06.797+0700] {subprocess.py:93} INFO - 25/11/01 01:00:06 INFO SparkEnv: Registering BlockManagerMasterHeartbeat
[2025-11-01T01:00:06.808+0700] {subprocess.py:93} INFO - 25/11/01 01:00:06 INFO DiskBlockManager: Created local directory at /tmp/blockmgr-b9031954-41aa-4410-9767-d67adbf1ba11
[2025-11-01T01:00:06.814+0700] {subprocess.py:93} INFO - 25/11/01 01:00:06 INFO MemoryStore: MemoryStore started with capacity 434.4 MiB
[2025-11-01T01:00:06.821+0700] {subprocess.py:93} INFO - 25/11/01 01:00:06 INFO SparkEnv: Registering OutputCommitCoordinator
[2025-11-01T01:00:06.879+0700] {subprocess.py:93} INFO - 25/11/01 01:00:06 INFO JettyUtils: Start Jetty 0.0.0.0:4040 for SparkUI
[2025-11-01T01:00:06.919+0700] {subprocess.py:93} INFO - 25/11/01 01:00:06 INFO Utils: Successfully started service 'SparkUI' on port 4040.
[2025-11-01T01:00:06.936+0700] {subprocess.py:93} INFO - 25/11/01 01:00:06 INFO SparkContext: Added JAR file:///home/***/.ivy2/jars/org.apache.spark_spark-sql-kafka-0-10_2.12-3.5.1.jar at spark://f7bb1ad77e89:37107/jars/org.apache.spark_spark-sql-kafka-0-10_2.12-3.5.1.jar with timestamp 1761933606566
[2025-11-01T01:00:06.936+0700] {subprocess.py:93} INFO - 25/11/01 01:00:06 INFO SparkContext: Added JAR file:///home/***/.ivy2/jars/org.postgresql_postgresql-42.6.0.jar at spark://f7bb1ad77e89:37107/jars/org.postgresql_postgresql-42.6.0.jar with timestamp 1761933606566
[2025-11-01T01:00:06.936+0700] {subprocess.py:93} INFO - 25/11/01 01:00:06 INFO SparkContext: Added JAR file:///home/***/.ivy2/jars/org.apache.spark_spark-token-provider-kafka-0-10_2.12-3.5.1.jar at spark://f7bb1ad77e89:37107/jars/org.apache.spark_spark-token-provider-kafka-0-10_2.12-3.5.1.jar with timestamp 1761933606566
[2025-11-01T01:00:06.937+0700] {subprocess.py:93} INFO - 25/11/01 01:00:06 INFO SparkContext: Added JAR file:///home/***/.ivy2/jars/org.apache.kafka_kafka-clients-3.4.1.jar at spark://f7bb1ad77e89:37107/jars/org.apache.kafka_kafka-clients-3.4.1.jar with timestamp 1761933606566
[2025-11-01T01:00:06.937+0700] {subprocess.py:93} INFO - 25/11/01 01:00:06 INFO SparkContext: Added JAR file:///home/***/.ivy2/jars/com.google.code.findbugs_jsr305-3.0.0.jar at spark://f7bb1ad77e89:37107/jars/com.google.code.findbugs_jsr305-3.0.0.jar with timestamp 1761933606566
[2025-11-01T01:00:06.937+0700] {subprocess.py:93} INFO - 25/11/01 01:00:06 INFO SparkContext: Added JAR file:///home/***/.ivy2/jars/org.apache.commons_commons-pool2-2.11.1.jar at spark://f7bb1ad77e89:37107/jars/org.apache.commons_commons-pool2-2.11.1.jar with timestamp 1761933606566
[2025-11-01T01:00:06.937+0700] {subprocess.py:93} INFO - 25/11/01 01:00:06 INFO SparkContext: Added JAR file:///home/***/.ivy2/jars/org.apache.hadoop_hadoop-client-runtime-3.3.4.jar at spark://f7bb1ad77e89:37107/jars/org.apache.hadoop_hadoop-client-runtime-3.3.4.jar with timestamp 1761933606566
[2025-11-01T01:00:06.937+0700] {subprocess.py:93} INFO - 25/11/01 01:00:06 INFO SparkContext: Added JAR file:///home/***/.ivy2/jars/org.lz4_lz4-java-1.8.0.jar at spark://f7bb1ad77e89:37107/jars/org.lz4_lz4-java-1.8.0.jar with timestamp 1761933606566
[2025-11-01T01:00:06.938+0700] {subprocess.py:93} INFO - 25/11/01 01:00:06 INFO SparkContext: Added JAR file:///home/***/.ivy2/jars/org.xerial.snappy_snappy-java-1.1.10.3.jar at spark://f7bb1ad77e89:37107/jars/org.xerial.snappy_snappy-java-1.1.10.3.jar with timestamp 1761933606566
[2025-11-01T01:00:06.938+0700] {subprocess.py:93} INFO - 25/11/01 01:00:06 INFO SparkContext: Added JAR file:///home/***/.ivy2/jars/org.slf4j_slf4j-api-2.0.7.jar at spark://f7bb1ad77e89:37107/jars/org.slf4j_slf4j-api-2.0.7.jar with timestamp 1761933606566
[2025-11-01T01:00:06.938+0700] {subprocess.py:93} INFO - 25/11/01 01:00:06 INFO SparkContext: Added JAR file:///home/***/.ivy2/jars/org.apache.hadoop_hadoop-client-api-3.3.4.jar at spark://f7bb1ad77e89:37107/jars/org.apache.hadoop_hadoop-client-api-3.3.4.jar with timestamp 1761933606566
[2025-11-01T01:00:06.938+0700] {subprocess.py:93} INFO - 25/11/01 01:00:06 INFO SparkContext: Added JAR file:///home/***/.ivy2/jars/commons-logging_commons-logging-1.1.3.jar at spark://f7bb1ad77e89:37107/jars/commons-logging_commons-logging-1.1.3.jar with timestamp 1761933606566
[2025-11-01T01:00:06.938+0700] {subprocess.py:93} INFO - 25/11/01 01:00:06 INFO SparkContext: Added JAR file:///home/***/.ivy2/jars/org.checkerframework_checker-qual-3.31.0.jar at spark://f7bb1ad77e89:37107/jars/org.checkerframework_checker-qual-3.31.0.jar with timestamp 1761933606566
[2025-11-01T01:00:06.939+0700] {subprocess.py:93} INFO - 25/11/01 01:00:06 INFO SparkContext: Added file file:///home/***/.ivy2/jars/org.apache.spark_spark-sql-kafka-0-10_2.12-3.5.1.jar at file:///home/***/.ivy2/jars/org.apache.spark_spark-sql-kafka-0-10_2.12-3.5.1.jar with timestamp 1761933606566
[2025-11-01T01:00:06.940+0700] {subprocess.py:93} INFO - 25/11/01 01:00:06 INFO Utils: Copying /home/***/.ivy2/jars/org.apache.spark_spark-sql-kafka-0-10_2.12-3.5.1.jar to /tmp/spark-4fab8751-5f74-422e-88a0-f3a524a49480/userFiles-0856d9ca-656c-4642-b1ad-0904b55b396c/org.apache.spark_spark-sql-kafka-0-10_2.12-3.5.1.jar
[2025-11-01T01:00:06.949+0700] {subprocess.py:93} INFO - 25/11/01 01:00:06 INFO SparkContext: Added file file:///home/***/.ivy2/jars/org.postgresql_postgresql-42.6.0.jar at file:///home/***/.ivy2/jars/org.postgresql_postgresql-42.6.0.jar with timestamp 1761933606566
[2025-11-01T01:00:06.949+0700] {subprocess.py:93} INFO - 25/11/01 01:00:06 INFO Utils: Copying /home/***/.ivy2/jars/org.postgresql_postgresql-42.6.0.jar to /tmp/spark-4fab8751-5f74-422e-88a0-f3a524a49480/userFiles-0856d9ca-656c-4642-b1ad-0904b55b396c/org.postgresql_postgresql-42.6.0.jar
[2025-11-01T01:00:06.955+0700] {subprocess.py:93} INFO - 25/11/01 01:00:06 INFO SparkContext: Added file file:///home/***/.ivy2/jars/org.apache.spark_spark-token-provider-kafka-0-10_2.12-3.5.1.jar at file:///home/***/.ivy2/jars/org.apache.spark_spark-token-provider-kafka-0-10_2.12-3.5.1.jar with timestamp 1761933606566
[2025-11-01T01:00:06.955+0700] {subprocess.py:93} INFO - 25/11/01 01:00:06 INFO Utils: Copying /home/***/.ivy2/jars/org.apache.spark_spark-token-provider-kafka-0-10_2.12-3.5.1.jar to /tmp/spark-4fab8751-5f74-422e-88a0-f3a524a49480/userFiles-0856d9ca-656c-4642-b1ad-0904b55b396c/org.apache.spark_spark-token-provider-kafka-0-10_2.12-3.5.1.jar
[2025-11-01T01:00:06.959+0700] {subprocess.py:93} INFO - 25/11/01 01:00:06 INFO SparkContext: Added file file:///home/***/.ivy2/jars/org.apache.kafka_kafka-clients-3.4.1.jar at file:///home/***/.ivy2/jars/org.apache.kafka_kafka-clients-3.4.1.jar with timestamp 1761933606566
[2025-11-01T01:00:06.960+0700] {subprocess.py:93} INFO - 25/11/01 01:00:06 INFO Utils: Copying /home/***/.ivy2/jars/org.apache.kafka_kafka-clients-3.4.1.jar to /tmp/spark-4fab8751-5f74-422e-88a0-f3a524a49480/userFiles-0856d9ca-656c-4642-b1ad-0904b55b396c/org.apache.kafka_kafka-clients-3.4.1.jar
[2025-11-01T01:00:06.969+0700] {subprocess.py:93} INFO - 25/11/01 01:00:06 INFO SparkContext: Added file file:///home/***/.ivy2/jars/com.google.code.findbugs_jsr305-3.0.0.jar at file:///home/***/.ivy2/jars/com.google.code.findbugs_jsr305-3.0.0.jar with timestamp 1761933606566
[2025-11-01T01:00:06.970+0700] {subprocess.py:93} INFO - 25/11/01 01:00:06 INFO Utils: Copying /home/***/.ivy2/jars/com.google.code.findbugs_jsr305-3.0.0.jar to /tmp/spark-4fab8751-5f74-422e-88a0-f3a524a49480/userFiles-0856d9ca-656c-4642-b1ad-0904b55b396c/com.google.code.findbugs_jsr305-3.0.0.jar
[2025-11-01T01:00:06.975+0700] {subprocess.py:93} INFO - 25/11/01 01:00:06 INFO SparkContext: Added file file:///home/***/.ivy2/jars/org.apache.commons_commons-pool2-2.11.1.jar at file:///home/***/.ivy2/jars/org.apache.commons_commons-pool2-2.11.1.jar with timestamp 1761933606566
[2025-11-01T01:00:06.975+0700] {subprocess.py:93} INFO - 25/11/01 01:00:06 INFO Utils: Copying /home/***/.ivy2/jars/org.apache.commons_commons-pool2-2.11.1.jar to /tmp/spark-4fab8751-5f74-422e-88a0-f3a524a49480/userFiles-0856d9ca-656c-4642-b1ad-0904b55b396c/org.apache.commons_commons-pool2-2.11.1.jar
[2025-11-01T01:00:06.980+0700] {subprocess.py:93} INFO - 25/11/01 01:00:06 INFO SparkContext: Added file file:///home/***/.ivy2/jars/org.apache.hadoop_hadoop-client-runtime-3.3.4.jar at file:///home/***/.ivy2/jars/org.apache.hadoop_hadoop-client-runtime-3.3.4.jar with timestamp 1761933606566
[2025-11-01T01:00:06.981+0700] {subprocess.py:93} INFO - 25/11/01 01:00:06 INFO Utils: Copying /home/***/.ivy2/jars/org.apache.hadoop_hadoop-client-runtime-3.3.4.jar to /tmp/spark-4fab8751-5f74-422e-88a0-f3a524a49480/userFiles-0856d9ca-656c-4642-b1ad-0904b55b396c/org.apache.hadoop_hadoop-client-runtime-3.3.4.jar
[2025-11-01T01:00:07.039+0700] {subprocess.py:93} INFO - 25/11/01 01:00:07 INFO SparkContext: Added file file:///home/***/.ivy2/jars/org.lz4_lz4-java-1.8.0.jar at file:///home/***/.ivy2/jars/org.lz4_lz4-java-1.8.0.jar with timestamp 1761933606566
[2025-11-01T01:00:07.039+0700] {subprocess.py:93} INFO - 25/11/01 01:00:07 INFO Utils: Copying /home/***/.ivy2/jars/org.lz4_lz4-java-1.8.0.jar to /tmp/spark-4fab8751-5f74-422e-88a0-f3a524a49480/userFiles-0856d9ca-656c-4642-b1ad-0904b55b396c/org.lz4_lz4-java-1.8.0.jar
[2025-11-01T01:00:07.045+0700] {subprocess.py:93} INFO - 25/11/01 01:00:07 INFO SparkContext: Added file file:///home/***/.ivy2/jars/org.xerial.snappy_snappy-java-1.1.10.3.jar at file:///home/***/.ivy2/jars/org.xerial.snappy_snappy-java-1.1.10.3.jar with timestamp 1761933606566
[2025-11-01T01:00:07.045+0700] {subprocess.py:93} INFO - 25/11/01 01:00:07 INFO Utils: Copying /home/***/.ivy2/jars/org.xerial.snappy_snappy-java-1.1.10.3.jar to /tmp/spark-4fab8751-5f74-422e-88a0-f3a524a49480/userFiles-0856d9ca-656c-4642-b1ad-0904b55b396c/org.xerial.snappy_snappy-java-1.1.10.3.jar
[2025-11-01T01:00:07.052+0700] {subprocess.py:93} INFO - 25/11/01 01:00:07 INFO SparkContext: Added file file:///home/***/.ivy2/jars/org.slf4j_slf4j-api-2.0.7.jar at file:///home/***/.ivy2/jars/org.slf4j_slf4j-api-2.0.7.jar with timestamp 1761933606566
[2025-11-01T01:00:07.053+0700] {subprocess.py:93} INFO - 25/11/01 01:00:07 INFO Utils: Copying /home/***/.ivy2/jars/org.slf4j_slf4j-api-2.0.7.jar to /tmp/spark-4fab8751-5f74-422e-88a0-f3a524a49480/userFiles-0856d9ca-656c-4642-b1ad-0904b55b396c/org.slf4j_slf4j-api-2.0.7.jar
[2025-11-01T01:00:07.057+0700] {subprocess.py:93} INFO - 25/11/01 01:00:07 INFO SparkContext: Added file file:///home/***/.ivy2/jars/org.apache.hadoop_hadoop-client-api-3.3.4.jar at file:///home/***/.ivy2/jars/org.apache.hadoop_hadoop-client-api-3.3.4.jar with timestamp 1761933606566
[2025-11-01T01:00:07.058+0700] {subprocess.py:93} INFO - 25/11/01 01:00:07 INFO Utils: Copying /home/***/.ivy2/jars/org.apache.hadoop_hadoop-client-api-3.3.4.jar to /tmp/spark-4fab8751-5f74-422e-88a0-f3a524a49480/userFiles-0856d9ca-656c-4642-b1ad-0904b55b396c/org.apache.hadoop_hadoop-client-api-3.3.4.jar
[2025-11-01T01:00:07.106+0700] {subprocess.py:93} INFO - 25/11/01 01:00:07 INFO SparkContext: Added file file:///home/***/.ivy2/jars/commons-logging_commons-logging-1.1.3.jar at file:///home/***/.ivy2/jars/commons-logging_commons-logging-1.1.3.jar with timestamp 1761933606566
[2025-11-01T01:00:07.107+0700] {subprocess.py:93} INFO - 25/11/01 01:00:07 INFO Utils: Copying /home/***/.ivy2/jars/commons-logging_commons-logging-1.1.3.jar to /tmp/spark-4fab8751-5f74-422e-88a0-f3a524a49480/userFiles-0856d9ca-656c-4642-b1ad-0904b55b396c/commons-logging_commons-logging-1.1.3.jar
[2025-11-01T01:00:07.112+0700] {subprocess.py:93} INFO - 25/11/01 01:00:07 INFO SparkContext: Added file file:///home/***/.ivy2/jars/org.checkerframework_checker-qual-3.31.0.jar at file:///home/***/.ivy2/jars/org.checkerframework_checker-qual-3.31.0.jar with timestamp 1761933606566
[2025-11-01T01:00:07.112+0700] {subprocess.py:93} INFO - 25/11/01 01:00:07 INFO Utils: Copying /home/***/.ivy2/jars/org.checkerframework_checker-qual-3.31.0.jar to /tmp/spark-4fab8751-5f74-422e-88a0-f3a524a49480/userFiles-0856d9ca-656c-4642-b1ad-0904b55b396c/org.checkerframework_checker-qual-3.31.0.jar
[2025-11-01T01:00:07.175+0700] {subprocess.py:93} INFO - 25/11/01 01:00:07 INFO Executor: Starting executor ID driver on host f7bb1ad77e89
[2025-11-01T01:00:07.176+0700] {subprocess.py:93} INFO - 25/11/01 01:00:07 INFO Executor: OS info Linux, 5.15.49-linuxkit, aarch64
[2025-11-01T01:00:07.176+0700] {subprocess.py:93} INFO - 25/11/01 01:00:07 INFO Executor: Java version 17.0.17
[2025-11-01T01:00:07.178+0700] {subprocess.py:93} INFO - 25/11/01 01:00:07 INFO Executor: Starting executor with user classpath (userClassPathFirst = false): ''
[2025-11-01T01:00:07.179+0700] {subprocess.py:93} INFO - 25/11/01 01:00:07 INFO Executor: Created or updated repl class loader org.apache.spark.util.MutableURLClassLoader@6d9a751d for default.
[2025-11-01T01:00:07.197+0700] {subprocess.py:93} INFO - 25/11/01 01:00:07 INFO Executor: Fetching file:///home/***/.ivy2/jars/org.apache.spark_spark-sql-kafka-0-10_2.12-3.5.1.jar with timestamp 1761933606566
[2025-11-01T01:00:07.209+0700] {subprocess.py:93} INFO - 25/11/01 01:00:07 INFO Utils: /home/***/.ivy2/jars/org.apache.spark_spark-sql-kafka-0-10_2.12-3.5.1.jar has been previously copied to /tmp/spark-4fab8751-5f74-422e-88a0-f3a524a49480/userFiles-0856d9ca-656c-4642-b1ad-0904b55b396c/org.apache.spark_spark-sql-kafka-0-10_2.12-3.5.1.jar
[2025-11-01T01:00:07.216+0700] {subprocess.py:93} INFO - 25/11/01 01:00:07 INFO Executor: Fetching file:///home/***/.ivy2/jars/org.apache.hadoop_hadoop-client-runtime-3.3.4.jar with timestamp 1761933606566
[2025-11-01T01:00:07.234+0700] {subprocess.py:93} INFO - 25/11/01 01:00:07 INFO Utils: /home/***/.ivy2/jars/org.apache.hadoop_hadoop-client-runtime-3.3.4.jar has been previously copied to /tmp/spark-4fab8751-5f74-422e-88a0-f3a524a49480/userFiles-0856d9ca-656c-4642-b1ad-0904b55b396c/org.apache.hadoop_hadoop-client-runtime-3.3.4.jar
[2025-11-01T01:00:07.241+0700] {subprocess.py:93} INFO - 25/11/01 01:00:07 INFO Executor: Fetching file:///home/***/.ivy2/jars/org.apache.hadoop_hadoop-client-api-3.3.4.jar with timestamp 1761933606566
[2025-11-01T01:00:07.259+0700] {subprocess.py:93} INFO - 25/11/01 01:00:07 INFO Utils: /home/***/.ivy2/jars/org.apache.hadoop_hadoop-client-api-3.3.4.jar has been previously copied to /tmp/spark-4fab8751-5f74-422e-88a0-f3a524a49480/userFiles-0856d9ca-656c-4642-b1ad-0904b55b396c/org.apache.hadoop_hadoop-client-api-3.3.4.jar
[2025-11-01T01:00:07.265+0700] {subprocess.py:93} INFO - 25/11/01 01:00:07 INFO Executor: Fetching file:///home/***/.ivy2/jars/org.apache.spark_spark-token-provider-kafka-0-10_2.12-3.5.1.jar with timestamp 1761933606566
[2025-11-01T01:00:07.266+0700] {subprocess.py:93} INFO - 25/11/01 01:00:07 INFO Utils: /home/***/.ivy2/jars/org.apache.spark_spark-token-provider-kafka-0-10_2.12-3.5.1.jar has been previously copied to /tmp/spark-4fab8751-5f74-422e-88a0-f3a524a49480/userFiles-0856d9ca-656c-4642-b1ad-0904b55b396c/org.apache.spark_spark-token-provider-kafka-0-10_2.12-3.5.1.jar
[2025-11-01T01:00:07.271+0700] {subprocess.py:93} INFO - 25/11/01 01:00:07 INFO Executor: Fetching file:///home/***/.ivy2/jars/com.google.code.findbugs_jsr305-3.0.0.jar with timestamp 1761933606566
[2025-11-01T01:00:07.272+0700] {subprocess.py:93} INFO - 25/11/01 01:00:07 INFO Utils: /home/***/.ivy2/jars/com.google.code.findbugs_jsr305-3.0.0.jar has been previously copied to /tmp/spark-4fab8751-5f74-422e-88a0-f3a524a49480/userFiles-0856d9ca-656c-4642-b1ad-0904b55b396c/com.google.code.findbugs_jsr305-3.0.0.jar
[2025-11-01T01:00:07.277+0700] {subprocess.py:93} INFO - 25/11/01 01:00:07 INFO Executor: Fetching file:///home/***/.ivy2/jars/org.lz4_lz4-java-1.8.0.jar with timestamp 1761933606566
[2025-11-01T01:00:07.277+0700] {subprocess.py:93} INFO - 25/11/01 01:00:07 INFO Utils: /home/***/.ivy2/jars/org.lz4_lz4-java-1.8.0.jar has been previously copied to /tmp/spark-4fab8751-5f74-422e-88a0-f3a524a49480/userFiles-0856d9ca-656c-4642-b1ad-0904b55b396c/org.lz4_lz4-java-1.8.0.jar
[2025-11-01T01:00:07.282+0700] {subprocess.py:93} INFO - 25/11/01 01:00:07 INFO Executor: Fetching file:///home/***/.ivy2/jars/org.slf4j_slf4j-api-2.0.7.jar with timestamp 1761933606566
[2025-11-01T01:00:07.283+0700] {subprocess.py:93} INFO - 25/11/01 01:00:07 INFO Utils: /home/***/.ivy2/jars/org.slf4j_slf4j-api-2.0.7.jar has been previously copied to /tmp/spark-4fab8751-5f74-422e-88a0-f3a524a49480/userFiles-0856d9ca-656c-4642-b1ad-0904b55b396c/org.slf4j_slf4j-api-2.0.7.jar
[2025-11-01T01:00:07.289+0700] {subprocess.py:93} INFO - 25/11/01 01:00:07 INFO Executor: Fetching file:///home/***/.ivy2/jars/org.checkerframework_checker-qual-3.31.0.jar with timestamp 1761933606566
[2025-11-01T01:00:07.289+0700] {subprocess.py:93} INFO - 25/11/01 01:00:07 INFO Utils: /home/***/.ivy2/jars/org.checkerframework_checker-qual-3.31.0.jar has been previously copied to /tmp/spark-4fab8751-5f74-422e-88a0-f3a524a49480/userFiles-0856d9ca-656c-4642-b1ad-0904b55b396c/org.checkerframework_checker-qual-3.31.0.jar
[2025-11-01T01:00:07.297+0700] {subprocess.py:93} INFO - 25/11/01 01:00:07 INFO Executor: Fetching file:///home/***/.ivy2/jars/org.apache.commons_commons-pool2-2.11.1.jar with timestamp 1761933606566
[2025-11-01T01:00:07.297+0700] {subprocess.py:93} INFO - 25/11/01 01:00:07 INFO Utils: /home/***/.ivy2/jars/org.apache.commons_commons-pool2-2.11.1.jar has been previously copied to /tmp/spark-4fab8751-5f74-422e-88a0-f3a524a49480/userFiles-0856d9ca-656c-4642-b1ad-0904b55b396c/org.apache.commons_commons-pool2-2.11.1.jar
[2025-11-01T01:00:07.302+0700] {subprocess.py:93} INFO - 25/11/01 01:00:07 INFO Executor: Fetching file:///home/***/.ivy2/jars/commons-logging_commons-logging-1.1.3.jar with timestamp 1761933606566
[2025-11-01T01:00:07.302+0700] {subprocess.py:93} INFO - 25/11/01 01:00:07 INFO Utils: /home/***/.ivy2/jars/commons-logging_commons-logging-1.1.3.jar has been previously copied to /tmp/spark-4fab8751-5f74-422e-88a0-f3a524a49480/userFiles-0856d9ca-656c-4642-b1ad-0904b55b396c/commons-logging_commons-logging-1.1.3.jar
[2025-11-01T01:00:07.307+0700] {subprocess.py:93} INFO - 25/11/01 01:00:07 INFO Executor: Fetching file:///home/***/.ivy2/jars/org.xerial.snappy_snappy-java-1.1.10.3.jar with timestamp 1761933606566
[2025-11-01T01:00:07.309+0700] {subprocess.py:93} INFO - 25/11/01 01:00:07 INFO Utils: /home/***/.ivy2/jars/org.xerial.snappy_snappy-java-1.1.10.3.jar has been previously copied to /tmp/spark-4fab8751-5f74-422e-88a0-f3a524a49480/userFiles-0856d9ca-656c-4642-b1ad-0904b55b396c/org.xerial.snappy_snappy-java-1.1.10.3.jar
[2025-11-01T01:00:07.315+0700] {subprocess.py:93} INFO - 25/11/01 01:00:07 INFO Executor: Fetching file:///home/***/.ivy2/jars/org.postgresql_postgresql-42.6.0.jar with timestamp 1761933606566
[2025-11-01T01:00:07.315+0700] {subprocess.py:93} INFO - 25/11/01 01:00:07 INFO Utils: /home/***/.ivy2/jars/org.postgresql_postgresql-42.6.0.jar has been previously copied to /tmp/spark-4fab8751-5f74-422e-88a0-f3a524a49480/userFiles-0856d9ca-656c-4642-b1ad-0904b55b396c/org.postgresql_postgresql-42.6.0.jar
[2025-11-01T01:00:07.319+0700] {subprocess.py:93} INFO - 25/11/01 01:00:07 INFO Executor: Fetching file:///home/***/.ivy2/jars/org.apache.kafka_kafka-clients-3.4.1.jar with timestamp 1761933606566
[2025-11-01T01:00:07.322+0700] {subprocess.py:93} INFO - 25/11/01 01:00:07 INFO Utils: /home/***/.ivy2/jars/org.apache.kafka_kafka-clients-3.4.1.jar has been previously copied to /tmp/spark-4fab8751-5f74-422e-88a0-f3a524a49480/userFiles-0856d9ca-656c-4642-b1ad-0904b55b396c/org.apache.kafka_kafka-clients-3.4.1.jar
[2025-11-01T01:00:07.327+0700] {subprocess.py:93} INFO - 25/11/01 01:00:07 INFO Executor: Fetching spark://f7bb1ad77e89:37107/jars/org.checkerframework_checker-qual-3.31.0.jar with timestamp 1761933606566
[2025-11-01T01:00:07.344+0700] {subprocess.py:93} INFO - 25/11/01 01:00:07 INFO TransportClientFactory: Successfully created connection to f7bb1ad77e89/172.23.0.6:37107 after 11 ms (0 ms spent in bootstraps)
[2025-11-01T01:00:07.364+0700] {subprocess.py:93} INFO - 25/11/01 01:00:07 INFO Utils: Fetching spark://f7bb1ad77e89:37107/jars/org.checkerframework_checker-qual-3.31.0.jar to /tmp/spark-4fab8751-5f74-422e-88a0-f3a524a49480/userFiles-0856d9ca-656c-4642-b1ad-0904b55b396c/fetchFileTemp17581500089978346031.tmp
[2025-11-01T01:00:07.375+0700] {subprocess.py:93} INFO - 25/11/01 01:00:07 INFO Utils: /tmp/spark-4fab8751-5f74-422e-88a0-f3a524a49480/userFiles-0856d9ca-656c-4642-b1ad-0904b55b396c/fetchFileTemp17581500089978346031.tmp has been previously copied to /tmp/spark-4fab8751-5f74-422e-88a0-f3a524a49480/userFiles-0856d9ca-656c-4642-b1ad-0904b55b396c/org.checkerframework_checker-qual-3.31.0.jar
[2025-11-01T01:00:07.382+0700] {subprocess.py:93} INFO - 25/11/01 01:00:07 INFO Executor: Adding file:/tmp/spark-4fab8751-5f74-422e-88a0-f3a524a49480/userFiles-0856d9ca-656c-4642-b1ad-0904b55b396c/org.checkerframework_checker-qual-3.31.0.jar to class loader default
[2025-11-01T01:00:07.383+0700] {subprocess.py:93} INFO - 25/11/01 01:00:07 INFO Executor: Fetching spark://f7bb1ad77e89:37107/jars/org.lz4_lz4-java-1.8.0.jar with timestamp 1761933606566
[2025-11-01T01:00:07.383+0700] {subprocess.py:93} INFO - 25/11/01 01:00:07 INFO Utils: Fetching spark://f7bb1ad77e89:37107/jars/org.lz4_lz4-java-1.8.0.jar to /tmp/spark-4fab8751-5f74-422e-88a0-f3a524a49480/userFiles-0856d9ca-656c-4642-b1ad-0904b55b396c/fetchFileTemp10938043016609402951.tmp
[2025-11-01T01:00:07.387+0700] {subprocess.py:93} INFO - 25/11/01 01:00:07 INFO Utils: /tmp/spark-4fab8751-5f74-422e-88a0-f3a524a49480/userFiles-0856d9ca-656c-4642-b1ad-0904b55b396c/fetchFileTemp10938043016609402951.tmp has been previously copied to /tmp/spark-4fab8751-5f74-422e-88a0-f3a524a49480/userFiles-0856d9ca-656c-4642-b1ad-0904b55b396c/org.lz4_lz4-java-1.8.0.jar
[2025-11-01T01:00:07.392+0700] {subprocess.py:93} INFO - 25/11/01 01:00:07 INFO Executor: Adding file:/tmp/spark-4fab8751-5f74-422e-88a0-f3a524a49480/userFiles-0856d9ca-656c-4642-b1ad-0904b55b396c/org.lz4_lz4-java-1.8.0.jar to class loader default
[2025-11-01T01:00:07.392+0700] {subprocess.py:93} INFO - 25/11/01 01:00:07 INFO Executor: Fetching spark://f7bb1ad77e89:37107/jars/org.slf4j_slf4j-api-2.0.7.jar with timestamp 1761933606566
[2025-11-01T01:00:07.392+0700] {subprocess.py:93} INFO - 25/11/01 01:00:07 INFO Utils: Fetching spark://f7bb1ad77e89:37107/jars/org.slf4j_slf4j-api-2.0.7.jar to /tmp/spark-4fab8751-5f74-422e-88a0-f3a524a49480/userFiles-0856d9ca-656c-4642-b1ad-0904b55b396c/fetchFileTemp123106589377523931.tmp
[2025-11-01T01:00:07.394+0700] {subprocess.py:93} INFO - 25/11/01 01:00:07 INFO Utils: /tmp/spark-4fab8751-5f74-422e-88a0-f3a524a49480/userFiles-0856d9ca-656c-4642-b1ad-0904b55b396c/fetchFileTemp123106589377523931.tmp has been previously copied to /tmp/spark-4fab8751-5f74-422e-88a0-f3a524a49480/userFiles-0856d9ca-656c-4642-b1ad-0904b55b396c/org.slf4j_slf4j-api-2.0.7.jar
[2025-11-01T01:00:07.398+0700] {subprocess.py:93} INFO - 25/11/01 01:00:07 INFO Executor: Adding file:/tmp/spark-4fab8751-5f74-422e-88a0-f3a524a49480/userFiles-0856d9ca-656c-4642-b1ad-0904b55b396c/org.slf4j_slf4j-api-2.0.7.jar to class loader default
[2025-11-01T01:00:07.398+0700] {subprocess.py:93} INFO - 25/11/01 01:00:07 INFO Executor: Fetching spark://f7bb1ad77e89:37107/jars/org.apache.spark_spark-sql-kafka-0-10_2.12-3.5.1.jar with timestamp 1761933606566
[2025-11-01T01:00:07.399+0700] {subprocess.py:93} INFO - 25/11/01 01:00:07 INFO Utils: Fetching spark://f7bb1ad77e89:37107/jars/org.apache.spark_spark-sql-kafka-0-10_2.12-3.5.1.jar to /tmp/spark-4fab8751-5f74-422e-88a0-f3a524a49480/userFiles-0856d9ca-656c-4642-b1ad-0904b55b396c/fetchFileTemp15732589142461709496.tmp
[2025-11-01T01:00:07.401+0700] {subprocess.py:93} INFO - 25/11/01 01:00:07 INFO Utils: /tmp/spark-4fab8751-5f74-422e-88a0-f3a524a49480/userFiles-0856d9ca-656c-4642-b1ad-0904b55b396c/fetchFileTemp15732589142461709496.tmp has been previously copied to /tmp/spark-4fab8751-5f74-422e-88a0-f3a524a49480/userFiles-0856d9ca-656c-4642-b1ad-0904b55b396c/org.apache.spark_spark-sql-kafka-0-10_2.12-3.5.1.jar
[2025-11-01T01:00:07.406+0700] {subprocess.py:93} INFO - 25/11/01 01:00:07 INFO Executor: Adding file:/tmp/spark-4fab8751-5f74-422e-88a0-f3a524a49480/userFiles-0856d9ca-656c-4642-b1ad-0904b55b396c/org.apache.spark_spark-sql-kafka-0-10_2.12-3.5.1.jar to class loader default
[2025-11-01T01:00:07.407+0700] {subprocess.py:93} INFO - 25/11/01 01:00:07 INFO Executor: Fetching spark://f7bb1ad77e89:37107/jars/org.apache.kafka_kafka-clients-3.4.1.jar with timestamp 1761933606566
[2025-11-01T01:00:07.407+0700] {subprocess.py:93} INFO - 25/11/01 01:00:07 INFO Utils: Fetching spark://f7bb1ad77e89:37107/jars/org.apache.kafka_kafka-clients-3.4.1.jar to /tmp/spark-4fab8751-5f74-422e-88a0-f3a524a49480/userFiles-0856d9ca-656c-4642-b1ad-0904b55b396c/fetchFileTemp14980514063150173003.tmp
[2025-11-01T01:00:07.423+0700] {subprocess.py:93} INFO - 25/11/01 01:00:07 INFO Utils: /tmp/spark-4fab8751-5f74-422e-88a0-f3a524a49480/userFiles-0856d9ca-656c-4642-b1ad-0904b55b396c/fetchFileTemp14980514063150173003.tmp has been previously copied to /tmp/spark-4fab8751-5f74-422e-88a0-f3a524a49480/userFiles-0856d9ca-656c-4642-b1ad-0904b55b396c/org.apache.kafka_kafka-clients-3.4.1.jar
[2025-11-01T01:00:07.429+0700] {subprocess.py:93} INFO - 25/11/01 01:00:07 INFO Executor: Adding file:/tmp/spark-4fab8751-5f74-422e-88a0-f3a524a49480/userFiles-0856d9ca-656c-4642-b1ad-0904b55b396c/org.apache.kafka_kafka-clients-3.4.1.jar to class loader default
[2025-11-01T01:00:07.429+0700] {subprocess.py:93} INFO - 25/11/01 01:00:07 INFO Executor: Fetching spark://f7bb1ad77e89:37107/jars/org.xerial.snappy_snappy-java-1.1.10.3.jar with timestamp 1761933606566
[2025-11-01T01:00:07.430+0700] {subprocess.py:93} INFO - 25/11/01 01:00:07 INFO Utils: Fetching spark://f7bb1ad77e89:37107/jars/org.xerial.snappy_snappy-java-1.1.10.3.jar to /tmp/spark-4fab8751-5f74-422e-88a0-f3a524a49480/userFiles-0856d9ca-656c-4642-b1ad-0904b55b396c/fetchFileTemp17114173326239464781.tmp
[2025-11-01T01:00:07.436+0700] {subprocess.py:93} INFO - 25/11/01 01:00:07 INFO Utils: /tmp/spark-4fab8751-5f74-422e-88a0-f3a524a49480/userFiles-0856d9ca-656c-4642-b1ad-0904b55b396c/fetchFileTemp17114173326239464781.tmp has been previously copied to /tmp/spark-4fab8751-5f74-422e-88a0-f3a524a49480/userFiles-0856d9ca-656c-4642-b1ad-0904b55b396c/org.xerial.snappy_snappy-java-1.1.10.3.jar
[2025-11-01T01:00:07.442+0700] {subprocess.py:93} INFO - 25/11/01 01:00:07 INFO Executor: Adding file:/tmp/spark-4fab8751-5f74-422e-88a0-f3a524a49480/userFiles-0856d9ca-656c-4642-b1ad-0904b55b396c/org.xerial.snappy_snappy-java-1.1.10.3.jar to class loader default
[2025-11-01T01:00:07.443+0700] {subprocess.py:93} INFO - 25/11/01 01:00:07 INFO Executor: Fetching spark://f7bb1ad77e89:37107/jars/org.apache.commons_commons-pool2-2.11.1.jar with timestamp 1761933606566
[2025-11-01T01:00:07.443+0700] {subprocess.py:93} INFO - 25/11/01 01:00:07 INFO Utils: Fetching spark://f7bb1ad77e89:37107/jars/org.apache.commons_commons-pool2-2.11.1.jar to /tmp/spark-4fab8751-5f74-422e-88a0-f3a524a49480/userFiles-0856d9ca-656c-4642-b1ad-0904b55b396c/fetchFileTemp9382166365754076307.tmp
[2025-11-01T01:00:07.444+0700] {subprocess.py:93} INFO - 25/11/01 01:00:07 INFO Utils: /tmp/spark-4fab8751-5f74-422e-88a0-f3a524a49480/userFiles-0856d9ca-656c-4642-b1ad-0904b55b396c/fetchFileTemp9382166365754076307.tmp has been previously copied to /tmp/spark-4fab8751-5f74-422e-88a0-f3a524a49480/userFiles-0856d9ca-656c-4642-b1ad-0904b55b396c/org.apache.commons_commons-pool2-2.11.1.jar
[2025-11-01T01:00:07.450+0700] {subprocess.py:93} INFO - 25/11/01 01:00:07 INFO Executor: Adding file:/tmp/spark-4fab8751-5f74-422e-88a0-f3a524a49480/userFiles-0856d9ca-656c-4642-b1ad-0904b55b396c/org.apache.commons_commons-pool2-2.11.1.jar to class loader default
[2025-11-01T01:00:07.450+0700] {subprocess.py:93} INFO - 25/11/01 01:00:07 INFO Executor: Fetching spark://f7bb1ad77e89:37107/jars/org.postgresql_postgresql-42.6.0.jar with timestamp 1761933606566
[2025-11-01T01:00:07.450+0700] {subprocess.py:93} INFO - 25/11/01 01:00:07 INFO Utils: Fetching spark://f7bb1ad77e89:37107/jars/org.postgresql_postgresql-42.6.0.jar to /tmp/spark-4fab8751-5f74-422e-88a0-f3a524a49480/userFiles-0856d9ca-656c-4642-b1ad-0904b55b396c/fetchFileTemp3344013698065220024.tmp
[2025-11-01T01:00:07.454+0700] {subprocess.py:93} INFO - 25/11/01 01:00:07 INFO Utils: /tmp/spark-4fab8751-5f74-422e-88a0-f3a524a49480/userFiles-0856d9ca-656c-4642-b1ad-0904b55b396c/fetchFileTemp3344013698065220024.tmp has been previously copied to /tmp/spark-4fab8751-5f74-422e-88a0-f3a524a49480/userFiles-0856d9ca-656c-4642-b1ad-0904b55b396c/org.postgresql_postgresql-42.6.0.jar
[2025-11-01T01:00:07.459+0700] {subprocess.py:93} INFO - 25/11/01 01:00:07 INFO Executor: Adding file:/tmp/spark-4fab8751-5f74-422e-88a0-f3a524a49480/userFiles-0856d9ca-656c-4642-b1ad-0904b55b396c/org.postgresql_postgresql-42.6.0.jar to class loader default
[2025-11-01T01:00:07.460+0700] {subprocess.py:93} INFO - 25/11/01 01:00:07 INFO Executor: Fetching spark://f7bb1ad77e89:37107/jars/org.apache.spark_spark-token-provider-kafka-0-10_2.12-3.5.1.jar with timestamp 1761933606566
[2025-11-01T01:00:07.460+0700] {subprocess.py:93} INFO - 25/11/01 01:00:07 INFO Utils: Fetching spark://f7bb1ad77e89:37107/jars/org.apache.spark_spark-token-provider-kafka-0-10_2.12-3.5.1.jar to /tmp/spark-4fab8751-5f74-422e-88a0-f3a524a49480/userFiles-0856d9ca-656c-4642-b1ad-0904b55b396c/fetchFileTemp5240717308259161094.tmp
[2025-11-01T01:00:07.461+0700] {subprocess.py:93} INFO - 25/11/01 01:00:07 INFO Utils: /tmp/spark-4fab8751-5f74-422e-88a0-f3a524a49480/userFiles-0856d9ca-656c-4642-b1ad-0904b55b396c/fetchFileTemp5240717308259161094.tmp has been previously copied to /tmp/spark-4fab8751-5f74-422e-88a0-f3a524a49480/userFiles-0856d9ca-656c-4642-b1ad-0904b55b396c/org.apache.spark_spark-token-provider-kafka-0-10_2.12-3.5.1.jar
[2025-11-01T01:00:07.466+0700] {subprocess.py:93} INFO - 25/11/01 01:00:07 INFO Executor: Adding file:/tmp/spark-4fab8751-5f74-422e-88a0-f3a524a49480/userFiles-0856d9ca-656c-4642-b1ad-0904b55b396c/org.apache.spark_spark-token-provider-kafka-0-10_2.12-3.5.1.jar to class loader default
[2025-11-01T01:00:07.466+0700] {subprocess.py:93} INFO - 25/11/01 01:00:07 INFO Executor: Fetching spark://f7bb1ad77e89:37107/jars/commons-logging_commons-logging-1.1.3.jar with timestamp 1761933606566
[2025-11-01T01:00:07.466+0700] {subprocess.py:93} INFO - 25/11/01 01:00:07 INFO Utils: Fetching spark://f7bb1ad77e89:37107/jars/commons-logging_commons-logging-1.1.3.jar to /tmp/spark-4fab8751-5f74-422e-88a0-f3a524a49480/userFiles-0856d9ca-656c-4642-b1ad-0904b55b396c/fetchFileTemp4050030195459307959.tmp
[2025-11-01T01:00:07.467+0700] {subprocess.py:93} INFO - 25/11/01 01:00:07 INFO Utils: /tmp/spark-4fab8751-5f74-422e-88a0-f3a524a49480/userFiles-0856d9ca-656c-4642-b1ad-0904b55b396c/fetchFileTemp4050030195459307959.tmp has been previously copied to /tmp/spark-4fab8751-5f74-422e-88a0-f3a524a49480/userFiles-0856d9ca-656c-4642-b1ad-0904b55b396c/commons-logging_commons-logging-1.1.3.jar
[2025-11-01T01:00:07.473+0700] {subprocess.py:93} INFO - 25/11/01 01:00:07 INFO Executor: Adding file:/tmp/spark-4fab8751-5f74-422e-88a0-f3a524a49480/userFiles-0856d9ca-656c-4642-b1ad-0904b55b396c/commons-logging_commons-logging-1.1.3.jar to class loader default
[2025-11-01T01:00:07.473+0700] {subprocess.py:93} INFO - 25/11/01 01:00:07 INFO Executor: Fetching spark://f7bb1ad77e89:37107/jars/com.google.code.findbugs_jsr305-3.0.0.jar with timestamp 1761933606566
[2025-11-01T01:00:07.474+0700] {subprocess.py:93} INFO - 25/11/01 01:00:07 INFO Utils: Fetching spark://f7bb1ad77e89:37107/jars/com.google.code.findbugs_jsr305-3.0.0.jar to /tmp/spark-4fab8751-5f74-422e-88a0-f3a524a49480/userFiles-0856d9ca-656c-4642-b1ad-0904b55b396c/fetchFileTemp13681334138904090600.tmp
[2025-11-01T01:00:07.475+0700] {subprocess.py:93} INFO - 25/11/01 01:00:07 INFO Utils: /tmp/spark-4fab8751-5f74-422e-88a0-f3a524a49480/userFiles-0856d9ca-656c-4642-b1ad-0904b55b396c/fetchFileTemp13681334138904090600.tmp has been previously copied to /tmp/spark-4fab8751-5f74-422e-88a0-f3a524a49480/userFiles-0856d9ca-656c-4642-b1ad-0904b55b396c/com.google.code.findbugs_jsr305-3.0.0.jar
[2025-11-01T01:00:07.480+0700] {subprocess.py:93} INFO - 25/11/01 01:00:07 INFO Executor: Adding file:/tmp/spark-4fab8751-5f74-422e-88a0-f3a524a49480/userFiles-0856d9ca-656c-4642-b1ad-0904b55b396c/com.google.code.findbugs_jsr305-3.0.0.jar to class loader default
[2025-11-01T01:00:07.480+0700] {subprocess.py:93} INFO - 25/11/01 01:00:07 INFO Executor: Fetching spark://f7bb1ad77e89:37107/jars/org.apache.hadoop_hadoop-client-runtime-3.3.4.jar with timestamp 1761933606566
[2025-11-01T01:00:07.480+0700] {subprocess.py:93} INFO - 25/11/01 01:00:07 INFO Utils: Fetching spark://f7bb1ad77e89:37107/jars/org.apache.hadoop_hadoop-client-runtime-3.3.4.jar to /tmp/spark-4fab8751-5f74-422e-88a0-f3a524a49480/userFiles-0856d9ca-656c-4642-b1ad-0904b55b396c/fetchFileTemp9775955802327284932.tmp
[2025-11-01T01:00:07.602+0700] {subprocess.py:93} INFO - 25/11/01 01:00:07 INFO Utils: /tmp/spark-4fab8751-5f74-422e-88a0-f3a524a49480/userFiles-0856d9ca-656c-4642-b1ad-0904b55b396c/fetchFileTemp9775955802327284932.tmp has been previously copied to /tmp/spark-4fab8751-5f74-422e-88a0-f3a524a49480/userFiles-0856d9ca-656c-4642-b1ad-0904b55b396c/org.apache.hadoop_hadoop-client-runtime-3.3.4.jar
[2025-11-01T01:00:07.617+0700] {subprocess.py:93} INFO - 25/11/01 01:00:07 INFO Executor: Adding file:/tmp/spark-4fab8751-5f74-422e-88a0-f3a524a49480/userFiles-0856d9ca-656c-4642-b1ad-0904b55b396c/org.apache.hadoop_hadoop-client-runtime-3.3.4.jar to class loader default
[2025-11-01T01:00:07.617+0700] {subprocess.py:93} INFO - 25/11/01 01:00:07 INFO Executor: Fetching spark://f7bb1ad77e89:37107/jars/org.apache.hadoop_hadoop-client-api-3.3.4.jar with timestamp 1761933606566
[2025-11-01T01:00:07.618+0700] {subprocess.py:93} INFO - 25/11/01 01:00:07 INFO Utils: Fetching spark://f7bb1ad77e89:37107/jars/org.apache.hadoop_hadoop-client-api-3.3.4.jar to /tmp/spark-4fab8751-5f74-422e-88a0-f3a524a49480/userFiles-0856d9ca-656c-4642-b1ad-0904b55b396c/fetchFileTemp12366032632878562959.tmp
[2025-11-01T01:00:07.674+0700] {subprocess.py:93} INFO - 25/11/01 01:00:07 INFO Utils: /tmp/spark-4fab8751-5f74-422e-88a0-f3a524a49480/userFiles-0856d9ca-656c-4642-b1ad-0904b55b396c/fetchFileTemp12366032632878562959.tmp has been previously copied to /tmp/spark-4fab8751-5f74-422e-88a0-f3a524a49480/userFiles-0856d9ca-656c-4642-b1ad-0904b55b396c/org.apache.hadoop_hadoop-client-api-3.3.4.jar
[2025-11-01T01:00:07.684+0700] {subprocess.py:93} INFO - 25/11/01 01:00:07 INFO Executor: Adding file:/tmp/spark-4fab8751-5f74-422e-88a0-f3a524a49480/userFiles-0856d9ca-656c-4642-b1ad-0904b55b396c/org.apache.hadoop_hadoop-client-api-3.3.4.jar to class loader default
[2025-11-01T01:00:07.689+0700] {subprocess.py:93} INFO - 25/11/01 01:00:07 INFO Utils: Successfully started service 'org.apache.spark.network.netty.NettyBlockTransferService' on port 34593.
[2025-11-01T01:00:07.690+0700] {subprocess.py:93} INFO - 25/11/01 01:00:07 INFO NettyBlockTransferService: Server created on f7bb1ad77e89:34593
[2025-11-01T01:00:07.691+0700] {subprocess.py:93} INFO - 25/11/01 01:00:07 INFO BlockManager: Using org.apache.spark.storage.RandomBlockReplicationPolicy for block replication policy
[2025-11-01T01:00:07.694+0700] {subprocess.py:93} INFO - 25/11/01 01:00:07 INFO BlockManagerMaster: Registering BlockManager BlockManagerId(driver, f7bb1ad77e89, 34593, None)
[2025-11-01T01:00:07.696+0700] {subprocess.py:93} INFO - 25/11/01 01:00:07 INFO BlockManagerMasterEndpoint: Registering block manager f7bb1ad77e89:34593 with 434.4 MiB RAM, BlockManagerId(driver, f7bb1ad77e89, 34593, None)
[2025-11-01T01:00:07.697+0700] {subprocess.py:93} INFO - 25/11/01 01:00:07 INFO BlockManagerMaster: Registered BlockManager BlockManagerId(driver, f7bb1ad77e89, 34593, None)
[2025-11-01T01:00:07.697+0700] {subprocess.py:93} INFO - 25/11/01 01:00:07 INFO BlockManager: Initialized BlockManager: BlockManagerId(driver, f7bb1ad77e89, 34593, None)
[2025-11-01T01:00:08.771+0700] {subprocess.py:93} INFO - [Consumer] Initializing model and tokenizer...
[2025-11-01T01:00:12.228+0700] {subprocess.py:93} INFO - [Consumer] Loaded model version: 20251018-103512
[2025-11-01T01:00:12.325+0700] {subprocess.py:93} INFO - 25/11/01 01:00:12 WARN ResolveWriteToStream: spark.sql.adaptive.enabled is not supported in streaming DataFrames/Datasets and will be disabled.
[2025-11-01T01:00:12.456+0700] {subprocess.py:93} INFO - 🚀 PhoBERT Streaming job started — listening to Kafka topic 'absa-reviews' ...
[2025-11-01T01:00:12.732+0700] {subprocess.py:93} INFO - 25/11/01 01:00:12 WARN AdminClientConfig: These configurations '[key.deserializer, value.deserializer, enable.auto.commit, max.poll.records, auto.offset.reset]' were supplied but are not used yet.
[2025-11-01T01:00:13.673+0700] {subprocess.py:93} INFO - [Batch 0] ⚠️ No data.
