[2025-11-01T01:00:01.660+0700] {local_task_job_runner.py:120} INFO - ::group::Pre task execution logs
[2025-11-01T01:00:01.678+0700] {taskinstance.py:2073} INFO - Dependencies all met for dep_context=non-requeueable deps ti=<TaskInstance: vehicle_pipeline_new_dag.start_vehicle_consumer scheduled__2025-10-31T17:00:00+00:00 [queued]>
[2025-11-01T01:00:01.683+0700] {taskinstance.py:2073} INFO - Dependencies all met for dep_context=requeueable deps ti=<TaskInstance: vehicle_pipeline_new_dag.start_vehicle_consumer scheduled__2025-10-31T17:00:00+00:00 [queued]>
[2025-11-01T01:00:01.684+0700] {taskinstance.py:2303} INFO - Starting attempt 1 of 3
[2025-11-01T01:00:01.693+0700] {taskinstance.py:2327} INFO - Executing <Task(BashOperator): start_vehicle_consumer> on 2025-10-31 17:00:00+00:00
[2025-11-01T01:00:01.706+0700] {warnings.py:110} WARNING - /home/***/.local/lib/python3.12/site-packages/***/task/task_runner/standard_task_runner.py:61: DeprecationWarning: This process (pid=35580) is multi-threaded, use of fork() may lead to deadlocks in the child.
  pid = os.fork()

[2025-11-01T01:00:01.711+0700] {standard_task_runner.py:63} INFO - Started process 35593 to run task
[2025-11-01T01:00:01.711+0700] {standard_task_runner.py:90} INFO - Running: ['***', 'tasks', 'run', 'vehicle_pipeline_new_dag', 'start_vehicle_consumer', 'scheduled__2025-10-31T17:00:00+00:00', '--job-id', '538', '--raw', '--subdir', 'DAGS_FOLDER/vehicel_pipeline_new_dag.py', '--cfg-path', '/tmp/tmpzrh6uxhv']
[2025-11-01T01:00:01.720+0700] {standard_task_runner.py:91} INFO - Job 538: Subtask start_vehicle_consumer
[2025-11-01T01:00:01.796+0700] {task_command.py:426} INFO - Running <TaskInstance: vehicle_pipeline_new_dag.start_vehicle_consumer scheduled__2025-10-31T17:00:00+00:00 [running]> on host f7bb1ad77e89
[2025-11-01T01:00:01.953+0700] {taskinstance.py:2644} INFO - Exporting env vars: AIRFLOW_CTX_DAG_OWNER='***' AIRFLOW_CTX_DAG_ID='vehicle_pipeline_new_dag' AIRFLOW_CTX_TASK_ID='start_vehicle_consumer' AIRFLOW_CTX_EXECUTION_DATE='2025-10-31T17:00:00+00:00' AIRFLOW_CTX_TRY_NUMBER='1' AIRFLOW_CTX_DAG_RUN_ID='scheduled__2025-10-31T17:00:00+00:00'
[2025-11-01T01:00:01.955+0700] {taskinstance.py:430} INFO - ::endgroup::
[2025-11-01T01:00:01.956+0700] {subprocess.py:63} INFO - Tmp dir root location: /tmp
[2025-11-01T01:00:01.956+0700] {subprocess.py:75} INFO - Running command: ['/usr/bin/bash', '-c', 'bash -c "timeout 45m bash /opt/***/projects/vehicle_count/scripts/run_consumer.sh"']
[2025-11-01T01:00:01.970+0700] {subprocess.py:86} INFO - Output:
[2025-11-01T01:00:01.983+0700] {subprocess.py:93} INFO - [Consumer] Starting Spark Structured Streaming job...
[2025-11-01T01:00:02.030+0700] {subprocess.py:93} INFO - /home/***/.local/lib/python3.12/site-packages/pyspark/bin/load-spark-env.sh: line 68: ps: command not found
[2025-11-01T01:00:03.615+0700] {subprocess.py:93} INFO - :: loading settings :: url = jar:file:/home/***/.local/lib/python3.12/site-packages/pyspark/jars/ivy-2.5.1.jar!/org/apache/ivy/core/settings/ivysettings.xml
[2025-11-01T01:00:03.663+0700] {subprocess.py:93} INFO - Ivy Default Cache set to: /home/***/.ivy2/cache
[2025-11-01T01:00:03.663+0700] {subprocess.py:93} INFO - The jars for the packages stored in: /home/***/.ivy2/jars
[2025-11-01T01:00:03.666+0700] {subprocess.py:93} INFO - org.apache.spark#spark-sql-kafka-0-10_2.12 added as a dependency
[2025-11-01T01:00:03.666+0700] {subprocess.py:93} INFO - org.postgresql#postgresql added as a dependency
[2025-11-01T01:00:03.666+0700] {subprocess.py:93} INFO - :: resolving dependencies :: org.apache.spark#spark-submit-parent-fcb6209c-927e-4645-8c8a-7c86ed728196;1.0
[2025-11-01T01:00:03.667+0700] {subprocess.py:93} INFO - 	confs: [default]
[2025-11-01T01:00:03.811+0700] {subprocess.py:93} INFO - 	found org.apache.spark#spark-sql-kafka-0-10_2.12;3.5.1 in central
[2025-11-01T01:00:03.854+0700] {subprocess.py:93} INFO - 	found org.apache.spark#spark-token-provider-kafka-0-10_2.12;3.5.1 in central
[2025-11-01T01:00:03.872+0700] {subprocess.py:93} INFO - 	found org.apache.kafka#kafka-clients;3.4.1 in central
[2025-11-01T01:00:03.894+0700] {subprocess.py:93} INFO - 	found org.lz4#lz4-java;1.8.0 in central
[2025-11-01T01:00:03.908+0700] {subprocess.py:93} INFO - 	found org.xerial.snappy#snappy-java;1.1.10.3 in central
[2025-11-01T01:00:03.920+0700] {subprocess.py:93} INFO - 	found org.slf4j#slf4j-api;2.0.7 in central
[2025-11-01T01:00:03.931+0700] {subprocess.py:93} INFO - 	found org.apache.hadoop#hadoop-client-runtime;3.3.4 in central
[2025-11-01T01:00:03.947+0700] {subprocess.py:93} INFO - 	found org.apache.hadoop#hadoop-client-api;3.3.4 in central
[2025-11-01T01:00:03.957+0700] {subprocess.py:93} INFO - 	found commons-logging#commons-logging;1.1.3 in central
[2025-11-01T01:00:03.965+0700] {subprocess.py:93} INFO - 	found com.google.code.findbugs#jsr305;3.0.0 in spark-list
[2025-11-01T01:00:03.972+0700] {subprocess.py:93} INFO - 	found org.apache.commons#commons-pool2;2.11.1 in central
[2025-11-01T01:00:03.977+0700] {subprocess.py:93} INFO - 	found org.postgresql#postgresql;42.6.0 in central
[2025-11-01T01:00:03.988+0700] {subprocess.py:93} INFO - 	found org.checkerframework#checker-qual;3.31.0 in central
[2025-11-01T01:00:04.001+0700] {subprocess.py:93} INFO - :: resolution report :: resolve 327ms :: artifacts dl 8ms
[2025-11-01T01:00:04.002+0700] {subprocess.py:93} INFO - 	:: modules in use:
[2025-11-01T01:00:04.002+0700] {subprocess.py:93} INFO - 	com.google.code.findbugs#jsr305;3.0.0 from spark-list in [default]
[2025-11-01T01:00:04.002+0700] {subprocess.py:93} INFO - 	commons-logging#commons-logging;1.1.3 from central in [default]
[2025-11-01T01:00:04.003+0700] {subprocess.py:93} INFO - 	org.apache.commons#commons-pool2;2.11.1 from central in [default]
[2025-11-01T01:00:04.003+0700] {subprocess.py:93} INFO - 	org.apache.hadoop#hadoop-client-api;3.3.4 from central in [default]
[2025-11-01T01:00:04.003+0700] {subprocess.py:93} INFO - 	org.apache.hadoop#hadoop-client-runtime;3.3.4 from central in [default]
[2025-11-01T01:00:04.003+0700] {subprocess.py:93} INFO - 	org.apache.kafka#kafka-clients;3.4.1 from central in [default]
[2025-11-01T01:00:04.003+0700] {subprocess.py:93} INFO - 	org.apache.spark#spark-sql-kafka-0-10_2.12;3.5.1 from central in [default]
[2025-11-01T01:00:04.004+0700] {subprocess.py:93} INFO - 	org.apache.spark#spark-token-provider-kafka-0-10_2.12;3.5.1 from central in [default]
[2025-11-01T01:00:04.004+0700] {subprocess.py:93} INFO - 	org.checkerframework#checker-qual;3.31.0 from central in [default]
[2025-11-01T01:00:04.004+0700] {subprocess.py:93} INFO - 	org.lz4#lz4-java;1.8.0 from central in [default]
[2025-11-01T01:00:04.005+0700] {subprocess.py:93} INFO - 	org.postgresql#postgresql;42.6.0 from central in [default]
[2025-11-01T01:00:04.006+0700] {subprocess.py:93} INFO - 	org.slf4j#slf4j-api;2.0.7 from central in [default]
[2025-11-01T01:00:04.007+0700] {subprocess.py:93} INFO - 	org.xerial.snappy#snappy-java;1.1.10.3 from central in [default]
[2025-11-01T01:00:04.007+0700] {subprocess.py:93} INFO - 	---------------------------------------------------------------------
[2025-11-01T01:00:04.007+0700] {subprocess.py:93} INFO - 	|                  |            modules            ||   artifacts   |
[2025-11-01T01:00:04.007+0700] {subprocess.py:93} INFO - 	|       conf       | number| search|dwnlded|evicted|| number|dwnlded|
[2025-11-01T01:00:04.008+0700] {subprocess.py:93} INFO - 	---------------------------------------------------------------------
[2025-11-01T01:00:04.008+0700] {subprocess.py:93} INFO - 	|      default     |   13  |   0   |   0   |   0   ||   13  |   0   |
[2025-11-01T01:00:04.008+0700] {subprocess.py:93} INFO - 	---------------------------------------------------------------------
[2025-11-01T01:00:04.008+0700] {subprocess.py:93} INFO - :: retrieving :: org.apache.spark#spark-submit-parent-fcb6209c-927e-4645-8c8a-7c86ed728196
[2025-11-01T01:00:04.009+0700] {subprocess.py:93} INFO - 	confs: [default]
[2025-11-01T01:00:04.012+0700] {subprocess.py:93} INFO - 	0 artifacts copied, 13 already retrieved (0kB/7ms)
[2025-11-01T01:00:04.106+0700] {subprocess.py:93} INFO - 25/11/01 01:00:04 WARN NativeCodeLoader: Unable to load native-hadoop library for your platform... using builtin-java classes where applicable
[2025-11-01T01:00:06.804+0700] {subprocess.py:93} INFO - 25/11/01 01:00:06 INFO SparkContext: Running Spark version 3.5.1
[2025-11-01T01:00:06.804+0700] {subprocess.py:93} INFO - 25/11/01 01:00:06 INFO SparkContext: OS info Linux, 5.15.49-linuxkit, aarch64
[2025-11-01T01:00:06.805+0700] {subprocess.py:93} INFO - 25/11/01 01:00:06 INFO SparkContext: Java version 17.0.17
[2025-11-01T01:00:06.814+0700] {subprocess.py:93} INFO - 25/11/01 01:00:06 INFO ResourceUtils: ==============================================================
[2025-11-01T01:00:06.814+0700] {subprocess.py:93} INFO - 25/11/01 01:00:06 INFO ResourceUtils: No custom resources configured for spark.driver.
[2025-11-01T01:00:06.814+0700] {subprocess.py:93} INFO - 25/11/01 01:00:06 INFO ResourceUtils: ==============================================================
[2025-11-01T01:00:06.815+0700] {subprocess.py:93} INFO - 25/11/01 01:00:06 INFO SparkContext: Submitted application: VehicleStreamingConsumer
[2025-11-01T01:00:06.822+0700] {subprocess.py:93} INFO - 25/11/01 01:00:06 INFO ResourceProfile: Default ResourceProfile created, executor resources: Map(cores -> name: cores, amount: 1, script: , vendor: , memory -> name: memory, amount: 1024, script: , vendor: , offHeap -> name: offHeap, amount: 0, script: , vendor: ), task resources: Map(cpus -> name: cpus, amount: 1.0)
[2025-11-01T01:00:06.826+0700] {subprocess.py:93} INFO - 25/11/01 01:00:06 INFO ResourceProfile: Limiting resource is cpu
[2025-11-01T01:00:06.826+0700] {subprocess.py:93} INFO - 25/11/01 01:00:06 INFO ResourceProfileManager: Added ResourceProfile id: 0
[2025-11-01T01:00:06.848+0700] {subprocess.py:93} INFO - 25/11/01 01:00:06 INFO SecurityManager: Changing view acls to: ***
[2025-11-01T01:00:06.849+0700] {subprocess.py:93} INFO - 25/11/01 01:00:06 INFO SecurityManager: Changing modify acls to: ***
[2025-11-01T01:00:06.849+0700] {subprocess.py:93} INFO - 25/11/01 01:00:06 INFO SecurityManager: Changing view acls groups to:
[2025-11-01T01:00:06.849+0700] {subprocess.py:93} INFO - 25/11/01 01:00:06 INFO SecurityManager: Changing modify acls groups to:
[2025-11-01T01:00:06.850+0700] {subprocess.py:93} INFO - 25/11/01 01:00:06 INFO SecurityManager: SecurityManager: authentication disabled; ui acls disabled; users with view permissions: ***; groups with view permissions: EMPTY; users with modify permissions: ***; groups with modify permissions: EMPTY
[2025-11-01T01:00:06.956+0700] {subprocess.py:93} INFO - 25/11/01 01:00:06 INFO Utils: Successfully started service 'sparkDriver' on port 37041.
[2025-11-01T01:00:06.976+0700] {subprocess.py:93} INFO - 25/11/01 01:00:06 INFO SparkEnv: Registering MapOutputTracker
[2025-11-01T01:00:06.994+0700] {subprocess.py:93} INFO - 25/11/01 01:00:06 INFO SparkEnv: Registering BlockManagerMaster
[2025-11-01T01:00:07.005+0700] {subprocess.py:93} INFO - 25/11/01 01:00:07 INFO BlockManagerMasterEndpoint: Using org.apache.spark.storage.DefaultTopologyMapper for getting topology information
[2025-11-01T01:00:07.005+0700] {subprocess.py:93} INFO - 25/11/01 01:00:07 INFO BlockManagerMasterEndpoint: BlockManagerMasterEndpoint up
[2025-11-01T01:00:07.007+0700] {subprocess.py:93} INFO - 25/11/01 01:00:07 INFO SparkEnv: Registering BlockManagerMasterHeartbeat
[2025-11-01T01:00:07.021+0700] {subprocess.py:93} INFO - 25/11/01 01:00:07 INFO DiskBlockManager: Created local directory at /tmp/blockmgr-758f4946-57bd-421b-a82f-912ece5d4105
[2025-11-01T01:00:07.029+0700] {subprocess.py:93} INFO - 25/11/01 01:00:07 INFO MemoryStore: MemoryStore started with capacity 434.4 MiB
[2025-11-01T01:00:07.038+0700] {subprocess.py:93} INFO - 25/11/01 01:00:07 INFO SparkEnv: Registering OutputCommitCoordinator
[2025-11-01T01:00:07.118+0700] {subprocess.py:93} INFO - 25/11/01 01:00:07 INFO JettyUtils: Start Jetty 0.0.0.0:4040 for SparkUI
[2025-11-01T01:00:07.152+0700] {subprocess.py:93} INFO - 25/11/01 01:00:07 WARN Utils: Service 'SparkUI' could not bind on port 4040. Attempting port 4041.
[2025-11-01T01:00:07.155+0700] {subprocess.py:93} INFO - 25/11/01 01:00:07 INFO Utils: Successfully started service 'SparkUI' on port 4041.
[2025-11-01T01:00:07.176+0700] {subprocess.py:93} INFO - 25/11/01 01:00:07 INFO SparkContext: Added JAR file:///home/***/.ivy2/jars/org.apache.spark_spark-sql-kafka-0-10_2.12-3.5.1.jar at spark://f7bb1ad77e89:37041/jars/org.apache.spark_spark-sql-kafka-0-10_2.12-3.5.1.jar with timestamp 1761933606800
[2025-11-01T01:00:07.177+0700] {subprocess.py:93} INFO - 25/11/01 01:00:07 INFO SparkContext: Added JAR file:///home/***/.ivy2/jars/org.postgresql_postgresql-42.6.0.jar at spark://f7bb1ad77e89:37041/jars/org.postgresql_postgresql-42.6.0.jar with timestamp 1761933606800
[2025-11-01T01:00:07.177+0700] {subprocess.py:93} INFO - 25/11/01 01:00:07 INFO SparkContext: Added JAR file:///home/***/.ivy2/jars/org.apache.spark_spark-token-provider-kafka-0-10_2.12-3.5.1.jar at spark://f7bb1ad77e89:37041/jars/org.apache.spark_spark-token-provider-kafka-0-10_2.12-3.5.1.jar with timestamp 1761933606800
[2025-11-01T01:00:07.177+0700] {subprocess.py:93} INFO - 25/11/01 01:00:07 INFO SparkContext: Added JAR file:///home/***/.ivy2/jars/org.apache.kafka_kafka-clients-3.4.1.jar at spark://f7bb1ad77e89:37041/jars/org.apache.kafka_kafka-clients-3.4.1.jar with timestamp 1761933606800
[2025-11-01T01:00:07.177+0700] {subprocess.py:93} INFO - 25/11/01 01:00:07 INFO SparkContext: Added JAR file:///home/***/.ivy2/jars/com.google.code.findbugs_jsr305-3.0.0.jar at spark://f7bb1ad77e89:37041/jars/com.google.code.findbugs_jsr305-3.0.0.jar with timestamp 1761933606800
[2025-11-01T01:00:07.178+0700] {subprocess.py:93} INFO - 25/11/01 01:00:07 INFO SparkContext: Added JAR file:///home/***/.ivy2/jars/org.apache.commons_commons-pool2-2.11.1.jar at spark://f7bb1ad77e89:37041/jars/org.apache.commons_commons-pool2-2.11.1.jar with timestamp 1761933606800
[2025-11-01T01:00:07.178+0700] {subprocess.py:93} INFO - 25/11/01 01:00:07 INFO SparkContext: Added JAR file:///home/***/.ivy2/jars/org.apache.hadoop_hadoop-client-runtime-3.3.4.jar at spark://f7bb1ad77e89:37041/jars/org.apache.hadoop_hadoop-client-runtime-3.3.4.jar with timestamp 1761933606800
[2025-11-01T01:00:07.178+0700] {subprocess.py:93} INFO - 25/11/01 01:00:07 INFO SparkContext: Added JAR file:///home/***/.ivy2/jars/org.lz4_lz4-java-1.8.0.jar at spark://f7bb1ad77e89:37041/jars/org.lz4_lz4-java-1.8.0.jar with timestamp 1761933606800
[2025-11-01T01:00:07.179+0700] {subprocess.py:93} INFO - 25/11/01 01:00:07 INFO SparkContext: Added JAR file:///home/***/.ivy2/jars/org.xerial.snappy_snappy-java-1.1.10.3.jar at spark://f7bb1ad77e89:37041/jars/org.xerial.snappy_snappy-java-1.1.10.3.jar with timestamp 1761933606800
[2025-11-01T01:00:07.179+0700] {subprocess.py:93} INFO - 25/11/01 01:00:07 INFO SparkContext: Added JAR file:///home/***/.ivy2/jars/org.slf4j_slf4j-api-2.0.7.jar at spark://f7bb1ad77e89:37041/jars/org.slf4j_slf4j-api-2.0.7.jar with timestamp 1761933606800
[2025-11-01T01:00:07.179+0700] {subprocess.py:93} INFO - 25/11/01 01:00:07 INFO SparkContext: Added JAR file:///home/***/.ivy2/jars/org.apache.hadoop_hadoop-client-api-3.3.4.jar at spark://f7bb1ad77e89:37041/jars/org.apache.hadoop_hadoop-client-api-3.3.4.jar with timestamp 1761933606800
[2025-11-01T01:00:07.180+0700] {subprocess.py:93} INFO - 25/11/01 01:00:07 INFO SparkContext: Added JAR file:///home/***/.ivy2/jars/commons-logging_commons-logging-1.1.3.jar at spark://f7bb1ad77e89:37041/jars/commons-logging_commons-logging-1.1.3.jar with timestamp 1761933606800
[2025-11-01T01:00:07.180+0700] {subprocess.py:93} INFO - 25/11/01 01:00:07 INFO SparkContext: Added JAR file:///home/***/.ivy2/jars/org.checkerframework_checker-qual-3.31.0.jar at spark://f7bb1ad77e89:37041/jars/org.checkerframework_checker-qual-3.31.0.jar with timestamp 1761933606800
[2025-11-01T01:00:07.180+0700] {subprocess.py:93} INFO - 25/11/01 01:00:07 INFO SparkContext: Added file file:///home/***/.ivy2/jars/org.apache.spark_spark-sql-kafka-0-10_2.12-3.5.1.jar at file:///home/***/.ivy2/jars/org.apache.spark_spark-sql-kafka-0-10_2.12-3.5.1.jar with timestamp 1761933606800
[2025-11-01T01:00:07.180+0700] {subprocess.py:93} INFO - 25/11/01 01:00:07 INFO Utils: Copying /home/***/.ivy2/jars/org.apache.spark_spark-sql-kafka-0-10_2.12-3.5.1.jar to /tmp/spark-c5853e83-be6a-43e8-929a-8e4d2b99d60a/userFiles-6d89c621-eb5a-4a2e-813f-bb434a2f7db5/org.apache.spark_spark-sql-kafka-0-10_2.12-3.5.1.jar
[2025-11-01T01:00:07.197+0700] {subprocess.py:93} INFO - 25/11/01 01:00:07 INFO SparkContext: Added file file:///home/***/.ivy2/jars/org.postgresql_postgresql-42.6.0.jar at file:///home/***/.ivy2/jars/org.postgresql_postgresql-42.6.0.jar with timestamp 1761933606800
[2025-11-01T01:00:07.197+0700] {subprocess.py:93} INFO - 25/11/01 01:00:07 INFO Utils: Copying /home/***/.ivy2/jars/org.postgresql_postgresql-42.6.0.jar to /tmp/spark-c5853e83-be6a-43e8-929a-8e4d2b99d60a/userFiles-6d89c621-eb5a-4a2e-813f-bb434a2f7db5/org.postgresql_postgresql-42.6.0.jar
[2025-11-01T01:00:07.205+0700] {subprocess.py:93} INFO - 25/11/01 01:00:07 INFO SparkContext: Added file file:///home/***/.ivy2/jars/org.apache.spark_spark-token-provider-kafka-0-10_2.12-3.5.1.jar at file:///home/***/.ivy2/jars/org.apache.spark_spark-token-provider-kafka-0-10_2.12-3.5.1.jar with timestamp 1761933606800
[2025-11-01T01:00:07.205+0700] {subprocess.py:93} INFO - 25/11/01 01:00:07 INFO Utils: Copying /home/***/.ivy2/jars/org.apache.spark_spark-token-provider-kafka-0-10_2.12-3.5.1.jar to /tmp/spark-c5853e83-be6a-43e8-929a-8e4d2b99d60a/userFiles-6d89c621-eb5a-4a2e-813f-bb434a2f7db5/org.apache.spark_spark-token-provider-kafka-0-10_2.12-3.5.1.jar
[2025-11-01T01:00:07.210+0700] {subprocess.py:93} INFO - 25/11/01 01:00:07 INFO SparkContext: Added file file:///home/***/.ivy2/jars/org.apache.kafka_kafka-clients-3.4.1.jar at file:///home/***/.ivy2/jars/org.apache.kafka_kafka-clients-3.4.1.jar with timestamp 1761933606800
[2025-11-01T01:00:07.210+0700] {subprocess.py:93} INFO - 25/11/01 01:00:07 INFO Utils: Copying /home/***/.ivy2/jars/org.apache.kafka_kafka-clients-3.4.1.jar to /tmp/spark-c5853e83-be6a-43e8-929a-8e4d2b99d60a/userFiles-6d89c621-eb5a-4a2e-813f-bb434a2f7db5/org.apache.kafka_kafka-clients-3.4.1.jar
[2025-11-01T01:00:07.221+0700] {subprocess.py:93} INFO - 25/11/01 01:00:07 INFO SparkContext: Added file file:///home/***/.ivy2/jars/com.google.code.findbugs_jsr305-3.0.0.jar at file:///home/***/.ivy2/jars/com.google.code.findbugs_jsr305-3.0.0.jar with timestamp 1761933606800
[2025-11-01T01:00:07.221+0700] {subprocess.py:93} INFO - 25/11/01 01:00:07 INFO Utils: Copying /home/***/.ivy2/jars/com.google.code.findbugs_jsr305-3.0.0.jar to /tmp/spark-c5853e83-be6a-43e8-929a-8e4d2b99d60a/userFiles-6d89c621-eb5a-4a2e-813f-bb434a2f7db5/com.google.code.findbugs_jsr305-3.0.0.jar
[2025-11-01T01:00:07.227+0700] {subprocess.py:93} INFO - 25/11/01 01:00:07 INFO SparkContext: Added file file:///home/***/.ivy2/jars/org.apache.commons_commons-pool2-2.11.1.jar at file:///home/***/.ivy2/jars/org.apache.commons_commons-pool2-2.11.1.jar with timestamp 1761933606800
[2025-11-01T01:00:07.227+0700] {subprocess.py:93} INFO - 25/11/01 01:00:07 INFO Utils: Copying /home/***/.ivy2/jars/org.apache.commons_commons-pool2-2.11.1.jar to /tmp/spark-c5853e83-be6a-43e8-929a-8e4d2b99d60a/userFiles-6d89c621-eb5a-4a2e-813f-bb434a2f7db5/org.apache.commons_commons-pool2-2.11.1.jar
[2025-11-01T01:00:07.240+0700] {subprocess.py:93} INFO - 25/11/01 01:00:07 INFO SparkContext: Added file file:///home/***/.ivy2/jars/org.apache.hadoop_hadoop-client-runtime-3.3.4.jar at file:///home/***/.ivy2/jars/org.apache.hadoop_hadoop-client-runtime-3.3.4.jar with timestamp 1761933606800
[2025-11-01T01:00:07.241+0700] {subprocess.py:93} INFO - 25/11/01 01:00:07 INFO Utils: Copying /home/***/.ivy2/jars/org.apache.hadoop_hadoop-client-runtime-3.3.4.jar to /tmp/spark-c5853e83-be6a-43e8-929a-8e4d2b99d60a/userFiles-6d89c621-eb5a-4a2e-813f-bb434a2f7db5/org.apache.hadoop_hadoop-client-runtime-3.3.4.jar
[2025-11-01T01:00:07.275+0700] {subprocess.py:93} INFO - 25/11/01 01:00:07 INFO SparkContext: Added file file:///home/***/.ivy2/jars/org.lz4_lz4-java-1.8.0.jar at file:///home/***/.ivy2/jars/org.lz4_lz4-java-1.8.0.jar with timestamp 1761933606800
[2025-11-01T01:00:07.275+0700] {subprocess.py:93} INFO - 25/11/01 01:00:07 INFO Utils: Copying /home/***/.ivy2/jars/org.lz4_lz4-java-1.8.0.jar to /tmp/spark-c5853e83-be6a-43e8-929a-8e4d2b99d60a/userFiles-6d89c621-eb5a-4a2e-813f-bb434a2f7db5/org.lz4_lz4-java-1.8.0.jar
[2025-11-01T01:00:07.281+0700] {subprocess.py:93} INFO - 25/11/01 01:00:07 INFO SparkContext: Added file file:///home/***/.ivy2/jars/org.xerial.snappy_snappy-java-1.1.10.3.jar at file:///home/***/.ivy2/jars/org.xerial.snappy_snappy-java-1.1.10.3.jar with timestamp 1761933606800
[2025-11-01T01:00:07.281+0700] {subprocess.py:93} INFO - 25/11/01 01:00:07 INFO Utils: Copying /home/***/.ivy2/jars/org.xerial.snappy_snappy-java-1.1.10.3.jar to /tmp/spark-c5853e83-be6a-43e8-929a-8e4d2b99d60a/userFiles-6d89c621-eb5a-4a2e-813f-bb434a2f7db5/org.xerial.snappy_snappy-java-1.1.10.3.jar
[2025-11-01T01:00:07.289+0700] {subprocess.py:93} INFO - 25/11/01 01:00:07 INFO SparkContext: Added file file:///home/***/.ivy2/jars/org.slf4j_slf4j-api-2.0.7.jar at file:///home/***/.ivy2/jars/org.slf4j_slf4j-api-2.0.7.jar with timestamp 1761933606800
[2025-11-01T01:00:07.289+0700] {subprocess.py:93} INFO - 25/11/01 01:00:07 INFO Utils: Copying /home/***/.ivy2/jars/org.slf4j_slf4j-api-2.0.7.jar to /tmp/spark-c5853e83-be6a-43e8-929a-8e4d2b99d60a/userFiles-6d89c621-eb5a-4a2e-813f-bb434a2f7db5/org.slf4j_slf4j-api-2.0.7.jar
[2025-11-01T01:00:07.298+0700] {subprocess.py:93} INFO - 25/11/01 01:00:07 INFO SparkContext: Added file file:///home/***/.ivy2/jars/org.apache.hadoop_hadoop-client-api-3.3.4.jar at file:///home/***/.ivy2/jars/org.apache.hadoop_hadoop-client-api-3.3.4.jar with timestamp 1761933606800
[2025-11-01T01:00:07.298+0700] {subprocess.py:93} INFO - 25/11/01 01:00:07 INFO Utils: Copying /home/***/.ivy2/jars/org.apache.hadoop_hadoop-client-api-3.3.4.jar to /tmp/spark-c5853e83-be6a-43e8-929a-8e4d2b99d60a/userFiles-6d89c621-eb5a-4a2e-813f-bb434a2f7db5/org.apache.hadoop_hadoop-client-api-3.3.4.jar
[2025-11-01T01:00:07.318+0700] {subprocess.py:93} INFO - 25/11/01 01:00:07 INFO SparkContext: Added file file:///home/***/.ivy2/jars/commons-logging_commons-logging-1.1.3.jar at file:///home/***/.ivy2/jars/commons-logging_commons-logging-1.1.3.jar with timestamp 1761933606800
[2025-11-01T01:00:07.319+0700] {subprocess.py:93} INFO - 25/11/01 01:00:07 INFO Utils: Copying /home/***/.ivy2/jars/commons-logging_commons-logging-1.1.3.jar to /tmp/spark-c5853e83-be6a-43e8-929a-8e4d2b99d60a/userFiles-6d89c621-eb5a-4a2e-813f-bb434a2f7db5/commons-logging_commons-logging-1.1.3.jar
[2025-11-01T01:00:07.323+0700] {subprocess.py:93} INFO - 25/11/01 01:00:07 INFO SparkContext: Added file file:///home/***/.ivy2/jars/org.checkerframework_checker-qual-3.31.0.jar at file:///home/***/.ivy2/jars/org.checkerframework_checker-qual-3.31.0.jar with timestamp 1761933606800
[2025-11-01T01:00:07.323+0700] {subprocess.py:93} INFO - 25/11/01 01:00:07 INFO Utils: Copying /home/***/.ivy2/jars/org.checkerframework_checker-qual-3.31.0.jar to /tmp/spark-c5853e83-be6a-43e8-929a-8e4d2b99d60a/userFiles-6d89c621-eb5a-4a2e-813f-bb434a2f7db5/org.checkerframework_checker-qual-3.31.0.jar
[2025-11-01T01:00:07.354+0700] {subprocess.py:93} INFO - 25/11/01 01:00:07 INFO Executor: Starting executor ID driver on host f7bb1ad77e89
[2025-11-01T01:00:07.355+0700] {subprocess.py:93} INFO - 25/11/01 01:00:07 INFO Executor: OS info Linux, 5.15.49-linuxkit, aarch64
[2025-11-01T01:00:07.355+0700] {subprocess.py:93} INFO - 25/11/01 01:00:07 INFO Executor: Java version 17.0.17
[2025-11-01T01:00:07.357+0700] {subprocess.py:93} INFO - 25/11/01 01:00:07 INFO Executor: Starting executor with user classpath (userClassPathFirst = false): ''
[2025-11-01T01:00:07.357+0700] {subprocess.py:93} INFO - 25/11/01 01:00:07 INFO Executor: Created or updated repl class loader org.apache.spark.util.MutableURLClassLoader@4d7ef29c for default.
[2025-11-01T01:00:07.379+0700] {subprocess.py:93} INFO - 25/11/01 01:00:07 INFO Executor: Fetching file:///home/***/.ivy2/jars/org.apache.spark_spark-sql-kafka-0-10_2.12-3.5.1.jar with timestamp 1761933606800
[2025-11-01T01:00:07.390+0700] {subprocess.py:93} INFO - 25/11/01 01:00:07 INFO Utils: /home/***/.ivy2/jars/org.apache.spark_spark-sql-kafka-0-10_2.12-3.5.1.jar has been previously copied to /tmp/spark-c5853e83-be6a-43e8-929a-8e4d2b99d60a/userFiles-6d89c621-eb5a-4a2e-813f-bb434a2f7db5/org.apache.spark_spark-sql-kafka-0-10_2.12-3.5.1.jar
[2025-11-01T01:00:07.394+0700] {subprocess.py:93} INFO - 25/11/01 01:00:07 INFO Executor: Fetching file:///home/***/.ivy2/jars/org.apache.hadoop_hadoop-client-runtime-3.3.4.jar with timestamp 1761933606800
[2025-11-01T01:00:07.416+0700] {subprocess.py:93} INFO - 25/11/01 01:00:07 INFO Utils: /home/***/.ivy2/jars/org.apache.hadoop_hadoop-client-runtime-3.3.4.jar has been previously copied to /tmp/spark-c5853e83-be6a-43e8-929a-8e4d2b99d60a/userFiles-6d89c621-eb5a-4a2e-813f-bb434a2f7db5/org.apache.hadoop_hadoop-client-runtime-3.3.4.jar
[2025-11-01T01:00:07.420+0700] {subprocess.py:93} INFO - 25/11/01 01:00:07 INFO Executor: Fetching file:///home/***/.ivy2/jars/org.apache.hadoop_hadoop-client-api-3.3.4.jar with timestamp 1761933606800
[2025-11-01T01:00:07.436+0700] {subprocess.py:93} INFO - 25/11/01 01:00:07 INFO Utils: /home/***/.ivy2/jars/org.apache.hadoop_hadoop-client-api-3.3.4.jar has been previously copied to /tmp/spark-c5853e83-be6a-43e8-929a-8e4d2b99d60a/userFiles-6d89c621-eb5a-4a2e-813f-bb434a2f7db5/org.apache.hadoop_hadoop-client-api-3.3.4.jar
[2025-11-01T01:00:07.440+0700] {subprocess.py:93} INFO - 25/11/01 01:00:07 INFO Executor: Fetching file:///home/***/.ivy2/jars/org.apache.spark_spark-token-provider-kafka-0-10_2.12-3.5.1.jar with timestamp 1761933606800
[2025-11-01T01:00:07.440+0700] {subprocess.py:93} INFO - 25/11/01 01:00:07 INFO Utils: /home/***/.ivy2/jars/org.apache.spark_spark-token-provider-kafka-0-10_2.12-3.5.1.jar has been previously copied to /tmp/spark-c5853e83-be6a-43e8-929a-8e4d2b99d60a/userFiles-6d89c621-eb5a-4a2e-813f-bb434a2f7db5/org.apache.spark_spark-token-provider-kafka-0-10_2.12-3.5.1.jar
[2025-11-01T01:00:07.447+0700] {subprocess.py:93} INFO - 25/11/01 01:00:07 INFO Executor: Fetching file:///home/***/.ivy2/jars/com.google.code.findbugs_jsr305-3.0.0.jar with timestamp 1761933606800
[2025-11-01T01:00:07.448+0700] {subprocess.py:93} INFO - 25/11/01 01:00:07 INFO Utils: /home/***/.ivy2/jars/com.google.code.findbugs_jsr305-3.0.0.jar has been previously copied to /tmp/spark-c5853e83-be6a-43e8-929a-8e4d2b99d60a/userFiles-6d89c621-eb5a-4a2e-813f-bb434a2f7db5/com.google.code.findbugs_jsr305-3.0.0.jar
[2025-11-01T01:00:07.453+0700] {subprocess.py:93} INFO - 25/11/01 01:00:07 INFO Executor: Fetching file:///home/***/.ivy2/jars/org.lz4_lz4-java-1.8.0.jar with timestamp 1761933606800
[2025-11-01T01:00:07.453+0700] {subprocess.py:93} INFO - 25/11/01 01:00:07 INFO Utils: /home/***/.ivy2/jars/org.lz4_lz4-java-1.8.0.jar has been previously copied to /tmp/spark-c5853e83-be6a-43e8-929a-8e4d2b99d60a/userFiles-6d89c621-eb5a-4a2e-813f-bb434a2f7db5/org.lz4_lz4-java-1.8.0.jar
[2025-11-01T01:00:07.459+0700] {subprocess.py:93} INFO - 25/11/01 01:00:07 INFO Executor: Fetching file:///home/***/.ivy2/jars/org.slf4j_slf4j-api-2.0.7.jar with timestamp 1761933606800
[2025-11-01T01:00:07.459+0700] {subprocess.py:93} INFO - 25/11/01 01:00:07 INFO Utils: /home/***/.ivy2/jars/org.slf4j_slf4j-api-2.0.7.jar has been previously copied to /tmp/spark-c5853e83-be6a-43e8-929a-8e4d2b99d60a/userFiles-6d89c621-eb5a-4a2e-813f-bb434a2f7db5/org.slf4j_slf4j-api-2.0.7.jar
[2025-11-01T01:00:07.464+0700] {subprocess.py:93} INFO - 25/11/01 01:00:07 INFO Executor: Fetching file:///home/***/.ivy2/jars/org.checkerframework_checker-qual-3.31.0.jar with timestamp 1761933606800
[2025-11-01T01:00:07.464+0700] {subprocess.py:93} INFO - 25/11/01 01:00:07 INFO Utils: /home/***/.ivy2/jars/org.checkerframework_checker-qual-3.31.0.jar has been previously copied to /tmp/spark-c5853e83-be6a-43e8-929a-8e4d2b99d60a/userFiles-6d89c621-eb5a-4a2e-813f-bb434a2f7db5/org.checkerframework_checker-qual-3.31.0.jar
[2025-11-01T01:00:07.469+0700] {subprocess.py:93} INFO - 25/11/01 01:00:07 INFO Executor: Fetching file:///home/***/.ivy2/jars/org.apache.commons_commons-pool2-2.11.1.jar with timestamp 1761933606800
[2025-11-01T01:00:07.470+0700] {subprocess.py:93} INFO - 25/11/01 01:00:07 INFO Utils: /home/***/.ivy2/jars/org.apache.commons_commons-pool2-2.11.1.jar has been previously copied to /tmp/spark-c5853e83-be6a-43e8-929a-8e4d2b99d60a/userFiles-6d89c621-eb5a-4a2e-813f-bb434a2f7db5/org.apache.commons_commons-pool2-2.11.1.jar
[2025-11-01T01:00:07.476+0700] {subprocess.py:93} INFO - 25/11/01 01:00:07 INFO Executor: Fetching file:///home/***/.ivy2/jars/commons-logging_commons-logging-1.1.3.jar with timestamp 1761933606800
[2025-11-01T01:00:07.476+0700] {subprocess.py:93} INFO - 25/11/01 01:00:07 INFO Utils: /home/***/.ivy2/jars/commons-logging_commons-logging-1.1.3.jar has been previously copied to /tmp/spark-c5853e83-be6a-43e8-929a-8e4d2b99d60a/userFiles-6d89c621-eb5a-4a2e-813f-bb434a2f7db5/commons-logging_commons-logging-1.1.3.jar
[2025-11-01T01:00:07.483+0700] {subprocess.py:93} INFO - 25/11/01 01:00:07 INFO Executor: Fetching file:///home/***/.ivy2/jars/org.xerial.snappy_snappy-java-1.1.10.3.jar with timestamp 1761933606800
[2025-11-01T01:00:07.484+0700] {subprocess.py:93} INFO - 25/11/01 01:00:07 INFO Utils: /home/***/.ivy2/jars/org.xerial.snappy_snappy-java-1.1.10.3.jar has been previously copied to /tmp/spark-c5853e83-be6a-43e8-929a-8e4d2b99d60a/userFiles-6d89c621-eb5a-4a2e-813f-bb434a2f7db5/org.xerial.snappy_snappy-java-1.1.10.3.jar
[2025-11-01T01:00:07.489+0700] {subprocess.py:93} INFO - 25/11/01 01:00:07 INFO Executor: Fetching file:///home/***/.ivy2/jars/org.postgresql_postgresql-42.6.0.jar with timestamp 1761933606800
[2025-11-01T01:00:07.491+0700] {subprocess.py:93} INFO - 25/11/01 01:00:07 INFO Utils: /home/***/.ivy2/jars/org.postgresql_postgresql-42.6.0.jar has been previously copied to /tmp/spark-c5853e83-be6a-43e8-929a-8e4d2b99d60a/userFiles-6d89c621-eb5a-4a2e-813f-bb434a2f7db5/org.postgresql_postgresql-42.6.0.jar
[2025-11-01T01:00:07.495+0700] {subprocess.py:93} INFO - 25/11/01 01:00:07 INFO Executor: Fetching file:///home/***/.ivy2/jars/org.apache.kafka_kafka-clients-3.4.1.jar with timestamp 1761933606800
[2025-11-01T01:00:07.499+0700] {subprocess.py:93} INFO - 25/11/01 01:00:07 INFO Utils: /home/***/.ivy2/jars/org.apache.kafka_kafka-clients-3.4.1.jar has been previously copied to /tmp/spark-c5853e83-be6a-43e8-929a-8e4d2b99d60a/userFiles-6d89c621-eb5a-4a2e-813f-bb434a2f7db5/org.apache.kafka_kafka-clients-3.4.1.jar
[2025-11-01T01:00:07.505+0700] {subprocess.py:93} INFO - 25/11/01 01:00:07 INFO Executor: Fetching spark://f7bb1ad77e89:37041/jars/org.slf4j_slf4j-api-2.0.7.jar with timestamp 1761933606800
[2025-11-01T01:00:07.534+0700] {subprocess.py:93} INFO - 25/11/01 01:00:07 INFO TransportClientFactory: Successfully created connection to f7bb1ad77e89/172.23.0.6:37041 after 17 ms (0 ms spent in bootstraps)
[2025-11-01T01:00:07.534+0700] {subprocess.py:93} INFO - 25/11/01 01:00:07 INFO Utils: Fetching spark://f7bb1ad77e89:37041/jars/org.slf4j_slf4j-api-2.0.7.jar to /tmp/spark-c5853e83-be6a-43e8-929a-8e4d2b99d60a/userFiles-6d89c621-eb5a-4a2e-813f-bb434a2f7db5/fetchFileTemp6866634436597072535.tmp
[2025-11-01T01:00:07.555+0700] {subprocess.py:93} INFO - 25/11/01 01:00:07 INFO Utils: /tmp/spark-c5853e83-be6a-43e8-929a-8e4d2b99d60a/userFiles-6d89c621-eb5a-4a2e-813f-bb434a2f7db5/fetchFileTemp6866634436597072535.tmp has been previously copied to /tmp/spark-c5853e83-be6a-43e8-929a-8e4d2b99d60a/userFiles-6d89c621-eb5a-4a2e-813f-bb434a2f7db5/org.slf4j_slf4j-api-2.0.7.jar
[2025-11-01T01:00:07.570+0700] {subprocess.py:93} INFO - 25/11/01 01:00:07 INFO Executor: Adding file:/tmp/spark-c5853e83-be6a-43e8-929a-8e4d2b99d60a/userFiles-6d89c621-eb5a-4a2e-813f-bb434a2f7db5/org.slf4j_slf4j-api-2.0.7.jar to class loader default
[2025-11-01T01:00:07.570+0700] {subprocess.py:93} INFO - 25/11/01 01:00:07 INFO Executor: Fetching spark://f7bb1ad77e89:37041/jars/org.checkerframework_checker-qual-3.31.0.jar with timestamp 1761933606800
[2025-11-01T01:00:07.573+0700] {subprocess.py:93} INFO - 25/11/01 01:00:07 INFO Utils: Fetching spark://f7bb1ad77e89:37041/jars/org.checkerframework_checker-qual-3.31.0.jar to /tmp/spark-c5853e83-be6a-43e8-929a-8e4d2b99d60a/userFiles-6d89c621-eb5a-4a2e-813f-bb434a2f7db5/fetchFileTemp7173916260520402205.tmp
[2025-11-01T01:00:07.575+0700] {subprocess.py:93} INFO - 25/11/01 01:00:07 INFO Utils: /tmp/spark-c5853e83-be6a-43e8-929a-8e4d2b99d60a/userFiles-6d89c621-eb5a-4a2e-813f-bb434a2f7db5/fetchFileTemp7173916260520402205.tmp has been previously copied to /tmp/spark-c5853e83-be6a-43e8-929a-8e4d2b99d60a/userFiles-6d89c621-eb5a-4a2e-813f-bb434a2f7db5/org.checkerframework_checker-qual-3.31.0.jar
[2025-11-01T01:00:07.583+0700] {subprocess.py:93} INFO - 25/11/01 01:00:07 INFO Executor: Adding file:/tmp/spark-c5853e83-be6a-43e8-929a-8e4d2b99d60a/userFiles-6d89c621-eb5a-4a2e-813f-bb434a2f7db5/org.checkerframework_checker-qual-3.31.0.jar to class loader default
[2025-11-01T01:00:07.583+0700] {subprocess.py:93} INFO - 25/11/01 01:00:07 INFO Executor: Fetching spark://f7bb1ad77e89:37041/jars/org.lz4_lz4-java-1.8.0.jar with timestamp 1761933606800
[2025-11-01T01:00:07.584+0700] {subprocess.py:93} INFO - 25/11/01 01:00:07 INFO Utils: Fetching spark://f7bb1ad77e89:37041/jars/org.lz4_lz4-java-1.8.0.jar to /tmp/spark-c5853e83-be6a-43e8-929a-8e4d2b99d60a/userFiles-6d89c621-eb5a-4a2e-813f-bb434a2f7db5/fetchFileTemp16194623687753536339.tmp
[2025-11-01T01:00:07.591+0700] {subprocess.py:93} INFO - 25/11/01 01:00:07 INFO Utils: /tmp/spark-c5853e83-be6a-43e8-929a-8e4d2b99d60a/userFiles-6d89c621-eb5a-4a2e-813f-bb434a2f7db5/fetchFileTemp16194623687753536339.tmp has been previously copied to /tmp/spark-c5853e83-be6a-43e8-929a-8e4d2b99d60a/userFiles-6d89c621-eb5a-4a2e-813f-bb434a2f7db5/org.lz4_lz4-java-1.8.0.jar
[2025-11-01T01:00:07.597+0700] {subprocess.py:93} INFO - 25/11/01 01:00:07 INFO Executor: Adding file:/tmp/spark-c5853e83-be6a-43e8-929a-8e4d2b99d60a/userFiles-6d89c621-eb5a-4a2e-813f-bb434a2f7db5/org.lz4_lz4-java-1.8.0.jar to class loader default
[2025-11-01T01:00:07.597+0700] {subprocess.py:93} INFO - 25/11/01 01:00:07 INFO Executor: Fetching spark://f7bb1ad77e89:37041/jars/org.apache.spark_spark-sql-kafka-0-10_2.12-3.5.1.jar with timestamp 1761933606800
[2025-11-01T01:00:07.597+0700] {subprocess.py:93} INFO - 25/11/01 01:00:07 INFO Utils: Fetching spark://f7bb1ad77e89:37041/jars/org.apache.spark_spark-sql-kafka-0-10_2.12-3.5.1.jar to /tmp/spark-c5853e83-be6a-43e8-929a-8e4d2b99d60a/userFiles-6d89c621-eb5a-4a2e-813f-bb434a2f7db5/fetchFileTemp2381233578854228232.tmp
[2025-11-01T01:00:07.600+0700] {subprocess.py:93} INFO - 25/11/01 01:00:07 INFO Utils: /tmp/spark-c5853e83-be6a-43e8-929a-8e4d2b99d60a/userFiles-6d89c621-eb5a-4a2e-813f-bb434a2f7db5/fetchFileTemp2381233578854228232.tmp has been previously copied to /tmp/spark-c5853e83-be6a-43e8-929a-8e4d2b99d60a/userFiles-6d89c621-eb5a-4a2e-813f-bb434a2f7db5/org.apache.spark_spark-sql-kafka-0-10_2.12-3.5.1.jar
[2025-11-01T01:00:07.608+0700] {subprocess.py:93} INFO - 25/11/01 01:00:07 INFO Executor: Adding file:/tmp/spark-c5853e83-be6a-43e8-929a-8e4d2b99d60a/userFiles-6d89c621-eb5a-4a2e-813f-bb434a2f7db5/org.apache.spark_spark-sql-kafka-0-10_2.12-3.5.1.jar to class loader default
[2025-11-01T01:00:07.609+0700] {subprocess.py:93} INFO - 25/11/01 01:00:07 INFO Executor: Fetching spark://f7bb1ad77e89:37041/jars/org.apache.commons_commons-pool2-2.11.1.jar with timestamp 1761933606800
[2025-11-01T01:00:07.609+0700] {subprocess.py:93} INFO - 25/11/01 01:00:07 INFO Utils: Fetching spark://f7bb1ad77e89:37041/jars/org.apache.commons_commons-pool2-2.11.1.jar to /tmp/spark-c5853e83-be6a-43e8-929a-8e4d2b99d60a/userFiles-6d89c621-eb5a-4a2e-813f-bb434a2f7db5/fetchFileTemp18288077770850977828.tmp
[2025-11-01T01:00:07.610+0700] {subprocess.py:93} INFO - 25/11/01 01:00:07 INFO Utils: /tmp/spark-c5853e83-be6a-43e8-929a-8e4d2b99d60a/userFiles-6d89c621-eb5a-4a2e-813f-bb434a2f7db5/fetchFileTemp18288077770850977828.tmp has been previously copied to /tmp/spark-c5853e83-be6a-43e8-929a-8e4d2b99d60a/userFiles-6d89c621-eb5a-4a2e-813f-bb434a2f7db5/org.apache.commons_commons-pool2-2.11.1.jar
[2025-11-01T01:00:07.617+0700] {subprocess.py:93} INFO - 25/11/01 01:00:07 INFO Executor: Adding file:/tmp/spark-c5853e83-be6a-43e8-929a-8e4d2b99d60a/userFiles-6d89c621-eb5a-4a2e-813f-bb434a2f7db5/org.apache.commons_commons-pool2-2.11.1.jar to class loader default
[2025-11-01T01:00:07.617+0700] {subprocess.py:93} INFO - 25/11/01 01:00:07 INFO Executor: Fetching spark://f7bb1ad77e89:37041/jars/commons-logging_commons-logging-1.1.3.jar with timestamp 1761933606800
[2025-11-01T01:00:07.618+0700] {subprocess.py:93} INFO - 25/11/01 01:00:07 INFO Utils: Fetching spark://f7bb1ad77e89:37041/jars/commons-logging_commons-logging-1.1.3.jar to /tmp/spark-c5853e83-be6a-43e8-929a-8e4d2b99d60a/userFiles-6d89c621-eb5a-4a2e-813f-bb434a2f7db5/fetchFileTemp11870937110949746832.tmp
[2025-11-01T01:00:07.619+0700] {subprocess.py:93} INFO - 25/11/01 01:00:07 INFO Utils: /tmp/spark-c5853e83-be6a-43e8-929a-8e4d2b99d60a/userFiles-6d89c621-eb5a-4a2e-813f-bb434a2f7db5/fetchFileTemp11870937110949746832.tmp has been previously copied to /tmp/spark-c5853e83-be6a-43e8-929a-8e4d2b99d60a/userFiles-6d89c621-eb5a-4a2e-813f-bb434a2f7db5/commons-logging_commons-logging-1.1.3.jar
[2025-11-01T01:00:07.624+0700] {subprocess.py:93} INFO - 25/11/01 01:00:07 INFO Executor: Adding file:/tmp/spark-c5853e83-be6a-43e8-929a-8e4d2b99d60a/userFiles-6d89c621-eb5a-4a2e-813f-bb434a2f7db5/commons-logging_commons-logging-1.1.3.jar to class loader default
[2025-11-01T01:00:07.624+0700] {subprocess.py:93} INFO - 25/11/01 01:00:07 INFO Executor: Fetching spark://f7bb1ad77e89:37041/jars/org.apache.spark_spark-token-provider-kafka-0-10_2.12-3.5.1.jar with timestamp 1761933606800
[2025-11-01T01:00:07.624+0700] {subprocess.py:93} INFO - 25/11/01 01:00:07 INFO Utils: Fetching spark://f7bb1ad77e89:37041/jars/org.apache.spark_spark-token-provider-kafka-0-10_2.12-3.5.1.jar to /tmp/spark-c5853e83-be6a-43e8-929a-8e4d2b99d60a/userFiles-6d89c621-eb5a-4a2e-813f-bb434a2f7db5/fetchFileTemp12634372867774360099.tmp
[2025-11-01T01:00:07.625+0700] {subprocess.py:93} INFO - 25/11/01 01:00:07 INFO Utils: /tmp/spark-c5853e83-be6a-43e8-929a-8e4d2b99d60a/userFiles-6d89c621-eb5a-4a2e-813f-bb434a2f7db5/fetchFileTemp12634372867774360099.tmp has been previously copied to /tmp/spark-c5853e83-be6a-43e8-929a-8e4d2b99d60a/userFiles-6d89c621-eb5a-4a2e-813f-bb434a2f7db5/org.apache.spark_spark-token-provider-kafka-0-10_2.12-3.5.1.jar
[2025-11-01T01:00:07.630+0700] {subprocess.py:93} INFO - 25/11/01 01:00:07 INFO Executor: Adding file:/tmp/spark-c5853e83-be6a-43e8-929a-8e4d2b99d60a/userFiles-6d89c621-eb5a-4a2e-813f-bb434a2f7db5/org.apache.spark_spark-token-provider-kafka-0-10_2.12-3.5.1.jar to class loader default
[2025-11-01T01:00:07.631+0700] {subprocess.py:93} INFO - 25/11/01 01:00:07 INFO Executor: Fetching spark://f7bb1ad77e89:37041/jars/org.xerial.snappy_snappy-java-1.1.10.3.jar with timestamp 1761933606800
[2025-11-01T01:00:07.631+0700] {subprocess.py:93} INFO - 25/11/01 01:00:07 INFO Utils: Fetching spark://f7bb1ad77e89:37041/jars/org.xerial.snappy_snappy-java-1.1.10.3.jar to /tmp/spark-c5853e83-be6a-43e8-929a-8e4d2b99d60a/userFiles-6d89c621-eb5a-4a2e-813f-bb434a2f7db5/fetchFileTemp1848959738037568862.tmp
[2025-11-01T01:00:07.640+0700] {subprocess.py:93} INFO - 25/11/01 01:00:07 INFO Utils: /tmp/spark-c5853e83-be6a-43e8-929a-8e4d2b99d60a/userFiles-6d89c621-eb5a-4a2e-813f-bb434a2f7db5/fetchFileTemp1848959738037568862.tmp has been previously copied to /tmp/spark-c5853e83-be6a-43e8-929a-8e4d2b99d60a/userFiles-6d89c621-eb5a-4a2e-813f-bb434a2f7db5/org.xerial.snappy_snappy-java-1.1.10.3.jar
[2025-11-01T01:00:07.644+0700] {subprocess.py:93} INFO - 25/11/01 01:00:07 INFO Executor: Adding file:/tmp/spark-c5853e83-be6a-43e8-929a-8e4d2b99d60a/userFiles-6d89c621-eb5a-4a2e-813f-bb434a2f7db5/org.xerial.snappy_snappy-java-1.1.10.3.jar to class loader default
[2025-11-01T01:00:07.645+0700] {subprocess.py:93} INFO - 25/11/01 01:00:07 INFO Executor: Fetching spark://f7bb1ad77e89:37041/jars/com.google.code.findbugs_jsr305-3.0.0.jar with timestamp 1761933606800
[2025-11-01T01:00:07.645+0700] {subprocess.py:93} INFO - 25/11/01 01:00:07 INFO Utils: Fetching spark://f7bb1ad77e89:37041/jars/com.google.code.findbugs_jsr305-3.0.0.jar to /tmp/spark-c5853e83-be6a-43e8-929a-8e4d2b99d60a/userFiles-6d89c621-eb5a-4a2e-813f-bb434a2f7db5/fetchFileTemp7145454160154178310.tmp
[2025-11-01T01:00:07.646+0700] {subprocess.py:93} INFO - 25/11/01 01:00:07 INFO Utils: /tmp/spark-c5853e83-be6a-43e8-929a-8e4d2b99d60a/userFiles-6d89c621-eb5a-4a2e-813f-bb434a2f7db5/fetchFileTemp7145454160154178310.tmp has been previously copied to /tmp/spark-c5853e83-be6a-43e8-929a-8e4d2b99d60a/userFiles-6d89c621-eb5a-4a2e-813f-bb434a2f7db5/com.google.code.findbugs_jsr305-3.0.0.jar
[2025-11-01T01:00:07.651+0700] {subprocess.py:93} INFO - 25/11/01 01:00:07 INFO Executor: Adding file:/tmp/spark-c5853e83-be6a-43e8-929a-8e4d2b99d60a/userFiles-6d89c621-eb5a-4a2e-813f-bb434a2f7db5/com.google.code.findbugs_jsr305-3.0.0.jar to class loader default
[2025-11-01T01:00:07.651+0700] {subprocess.py:93} INFO - 25/11/01 01:00:07 INFO Executor: Fetching spark://f7bb1ad77e89:37041/jars/org.apache.hadoop_hadoop-client-runtime-3.3.4.jar with timestamp 1761933606800
[2025-11-01T01:00:07.651+0700] {subprocess.py:93} INFO - 25/11/01 01:00:07 INFO Utils: Fetching spark://f7bb1ad77e89:37041/jars/org.apache.hadoop_hadoop-client-runtime-3.3.4.jar to /tmp/spark-c5853e83-be6a-43e8-929a-8e4d2b99d60a/userFiles-6d89c621-eb5a-4a2e-813f-bb434a2f7db5/fetchFileTemp18125941839572916814.tmp
[2025-11-01T01:00:07.737+0700] {subprocess.py:93} INFO - 25/11/01 01:00:07 INFO Utils: /tmp/spark-c5853e83-be6a-43e8-929a-8e4d2b99d60a/userFiles-6d89c621-eb5a-4a2e-813f-bb434a2f7db5/fetchFileTemp18125941839572916814.tmp has been previously copied to /tmp/spark-c5853e83-be6a-43e8-929a-8e4d2b99d60a/userFiles-6d89c621-eb5a-4a2e-813f-bb434a2f7db5/org.apache.hadoop_hadoop-client-runtime-3.3.4.jar
[2025-11-01T01:00:07.749+0700] {subprocess.py:93} INFO - 25/11/01 01:00:07 INFO Executor: Adding file:/tmp/spark-c5853e83-be6a-43e8-929a-8e4d2b99d60a/userFiles-6d89c621-eb5a-4a2e-813f-bb434a2f7db5/org.apache.hadoop_hadoop-client-runtime-3.3.4.jar to class loader default
[2025-11-01T01:00:07.749+0700] {subprocess.py:93} INFO - 25/11/01 01:00:07 INFO Executor: Fetching spark://f7bb1ad77e89:37041/jars/org.apache.kafka_kafka-clients-3.4.1.jar with timestamp 1761933606800
[2025-11-01T01:00:07.750+0700] {subprocess.py:93} INFO - 25/11/01 01:00:07 INFO Utils: Fetching spark://f7bb1ad77e89:37041/jars/org.apache.kafka_kafka-clients-3.4.1.jar to /tmp/spark-c5853e83-be6a-43e8-929a-8e4d2b99d60a/userFiles-6d89c621-eb5a-4a2e-813f-bb434a2f7db5/fetchFileTemp11806017052246152407.tmp
[2025-11-01T01:00:07.762+0700] {subprocess.py:93} INFO - 25/11/01 01:00:07 INFO Utils: /tmp/spark-c5853e83-be6a-43e8-929a-8e4d2b99d60a/userFiles-6d89c621-eb5a-4a2e-813f-bb434a2f7db5/fetchFileTemp11806017052246152407.tmp has been previously copied to /tmp/spark-c5853e83-be6a-43e8-929a-8e4d2b99d60a/userFiles-6d89c621-eb5a-4a2e-813f-bb434a2f7db5/org.apache.kafka_kafka-clients-3.4.1.jar
[2025-11-01T01:00:07.768+0700] {subprocess.py:93} INFO - 25/11/01 01:00:07 INFO Executor: Adding file:/tmp/spark-c5853e83-be6a-43e8-929a-8e4d2b99d60a/userFiles-6d89c621-eb5a-4a2e-813f-bb434a2f7db5/org.apache.kafka_kafka-clients-3.4.1.jar to class loader default
[2025-11-01T01:00:07.768+0700] {subprocess.py:93} INFO - 25/11/01 01:00:07 INFO Executor: Fetching spark://f7bb1ad77e89:37041/jars/org.postgresql_postgresql-42.6.0.jar with timestamp 1761933606800
[2025-11-01T01:00:07.769+0700] {subprocess.py:93} INFO - 25/11/01 01:00:07 INFO Utils: Fetching spark://f7bb1ad77e89:37041/jars/org.postgresql_postgresql-42.6.0.jar to /tmp/spark-c5853e83-be6a-43e8-929a-8e4d2b99d60a/userFiles-6d89c621-eb5a-4a2e-813f-bb434a2f7db5/fetchFileTemp15188170541103154491.tmp
[2025-11-01T01:00:07.774+0700] {subprocess.py:93} INFO - 25/11/01 01:00:07 INFO Utils: /tmp/spark-c5853e83-be6a-43e8-929a-8e4d2b99d60a/userFiles-6d89c621-eb5a-4a2e-813f-bb434a2f7db5/fetchFileTemp15188170541103154491.tmp has been previously copied to /tmp/spark-c5853e83-be6a-43e8-929a-8e4d2b99d60a/userFiles-6d89c621-eb5a-4a2e-813f-bb434a2f7db5/org.postgresql_postgresql-42.6.0.jar
[2025-11-01T01:00:07.781+0700] {subprocess.py:93} INFO - 25/11/01 01:00:07 INFO Executor: Adding file:/tmp/spark-c5853e83-be6a-43e8-929a-8e4d2b99d60a/userFiles-6d89c621-eb5a-4a2e-813f-bb434a2f7db5/org.postgresql_postgresql-42.6.0.jar to class loader default
[2025-11-01T01:00:07.781+0700] {subprocess.py:93} INFO - 25/11/01 01:00:07 INFO Executor: Fetching spark://f7bb1ad77e89:37041/jars/org.apache.hadoop_hadoop-client-api-3.3.4.jar with timestamp 1761933606800
[2025-11-01T01:00:07.781+0700] {subprocess.py:93} INFO - 25/11/01 01:00:07 INFO Utils: Fetching spark://f7bb1ad77e89:37041/jars/org.apache.hadoop_hadoop-client-api-3.3.4.jar to /tmp/spark-c5853e83-be6a-43e8-929a-8e4d2b99d60a/userFiles-6d89c621-eb5a-4a2e-813f-bb434a2f7db5/fetchFileTemp7135200916582644958.tmp
[2025-11-01T01:00:07.834+0700] {subprocess.py:93} INFO - 25/11/01 01:00:07 INFO Utils: /tmp/spark-c5853e83-be6a-43e8-929a-8e4d2b99d60a/userFiles-6d89c621-eb5a-4a2e-813f-bb434a2f7db5/fetchFileTemp7135200916582644958.tmp has been previously copied to /tmp/spark-c5853e83-be6a-43e8-929a-8e4d2b99d60a/userFiles-6d89c621-eb5a-4a2e-813f-bb434a2f7db5/org.apache.hadoop_hadoop-client-api-3.3.4.jar
[2025-11-01T01:00:07.844+0700] {subprocess.py:93} INFO - 25/11/01 01:00:07 INFO Executor: Adding file:/tmp/spark-c5853e83-be6a-43e8-929a-8e4d2b99d60a/userFiles-6d89c621-eb5a-4a2e-813f-bb434a2f7db5/org.apache.hadoop_hadoop-client-api-3.3.4.jar to class loader default
[2025-11-01T01:00:07.848+0700] {subprocess.py:93} INFO - 25/11/01 01:00:07 INFO Utils: Successfully started service 'org.apache.spark.network.netty.NettyBlockTransferService' on port 34071.
[2025-11-01T01:00:07.849+0700] {subprocess.py:93} INFO - 25/11/01 01:00:07 INFO NettyBlockTransferService: Server created on f7bb1ad77e89:34071
[2025-11-01T01:00:07.849+0700] {subprocess.py:93} INFO - 25/11/01 01:00:07 INFO BlockManager: Using org.apache.spark.storage.RandomBlockReplicationPolicy for block replication policy
[2025-11-01T01:00:07.852+0700] {subprocess.py:93} INFO - 25/11/01 01:00:07 INFO BlockManagerMaster: Registering BlockManager BlockManagerId(driver, f7bb1ad77e89, 34071, None)
[2025-11-01T01:00:07.854+0700] {subprocess.py:93} INFO - 25/11/01 01:00:07 INFO BlockManagerMasterEndpoint: Registering block manager f7bb1ad77e89:34071 with 434.4 MiB RAM, BlockManagerId(driver, f7bb1ad77e89, 34071, None)
[2025-11-01T01:00:07.855+0700] {subprocess.py:93} INFO - 25/11/01 01:00:07 INFO BlockManagerMaster: Registered BlockManager BlockManagerId(driver, f7bb1ad77e89, 34071, None)
[2025-11-01T01:00:07.856+0700] {subprocess.py:93} INFO - 25/11/01 01:00:07 INFO BlockManager: Initialized BlockManager: BlockManagerId(driver, f7bb1ad77e89, 34071, None)
[2025-11-01T01:00:08.048+0700] {subprocess.py:93} INFO - [Consumer] ðŸš€ Spark Structured Streaming started...
[2025-11-01T01:00:08.909+0700] {subprocess.py:93} INFO - Downloading https://github.com/ultralytics/assets/releases/download/v8.2.0/yolov8n.pt to 'yolov8n.pt'...
[2025-11-01T01:00:11.248+0700] {subprocess.py:93} INFO -   0%|          | 0.00/6.25M [00:00<?, ?B/s]  4%|â–         | 256k/6.25M [00:00<00:02, 2.34MB/s] 20%|â–ˆâ–ˆ        | 1.25M/6.25M [00:00<00:00, 6.38MB/s] 38%|â–ˆâ–ˆâ–ˆâ–Š      | 2.38M/6.25M [00:00<00:00, 8.67MB/s] 56%|â–ˆâ–ˆâ–ˆâ–ˆâ–ˆâ–Œ    | 3.50M/6.25M [00:00<00:00, 9.66MB/s] 78%|â–ˆâ–ˆâ–ˆâ–ˆâ–ˆâ–ˆâ–ˆâ–Š  | 4.88M/6.25M [00:00<00:00, 11.2MB/s]100%|â–ˆâ–ˆâ–ˆâ–ˆâ–ˆâ–ˆâ–ˆâ–ˆâ–ˆâ–ˆ| 6.25M/6.25M [00:00<00:00, 10.6MB/s]
[2025-11-01T01:00:11.633+0700] {subprocess.py:93} INFO - 25/11/01 01:00:11 WARN ResolveWriteToStream: spark.sql.adaptive.enabled is not supported in streaming DataFrames/Datasets and will be disabled.
[2025-11-01T01:00:11.697+0700] {subprocess.py:93} INFO - [Consumer] ðŸ§  Waiting for streaming data...
[2025-11-01T01:00:13.448+0700] {subprocess.py:93} INFO - 25/11/01 01:00:13 WARN KafkaDataConsumer: KafkaDataConsumer is not running in UninterruptibleThread. It may hang when KafkaDataConsumer's methods are interrupted because of KAFKA-1894
[2025-11-01T01:00:13.741+0700] {subprocess.py:93} INFO - 25/11/01 01:00:13 WARN KafkaDataConsumer: KafkaDataConsumer is not running in UninterruptibleThread. It may hang when KafkaDataConsumer's methods are interrupted because of KAFKA-1894
[2025-11-01T01:00:13.742+0700] {subprocess.py:93} INFO - 25/11/01 01:00:13 WARN KafkaDataConsumer: KafkaDataConsumer is not running in UninterruptibleThread. It may hang when KafkaDataConsumer's methods are interrupted because of KAFKA-1894
[2025-11-01T01:00:13.748+0700] {subprocess.py:93} INFO - 25/11/01 01:00:13 WARN KafkaDataConsumer: KafkaDataConsumer is not running in UninterruptibleThread. It may hang when KafkaDataConsumer's methods are interrupted because of KAFKA-1894
[2025-11-01T01:00:13.749+0700] {subprocess.py:93} INFO - 25/11/01 01:00:13 WARN KafkaDataConsumer: KafkaDataConsumer is not running in UninterruptibleThread. It may hang when KafkaDataConsumer's methods are interrupted because of KAFKA-1894
[2025-11-01T01:00:13.755+0700] {subprocess.py:93} INFO - 25/11/01 01:00:13 WARN KafkaDataConsumer: KafkaDataConsumer is not running in UninterruptibleThread. It may hang when KafkaDataConsumer's methods are interrupted because of KAFKA-1894
[2025-11-01T01:00:13.759+0700] {subprocess.py:93} INFO - 25/11/01 01:00:13 WARN KafkaDataConsumer: KafkaDataConsumer is not running in UninterruptibleThread. It may hang when KafkaDataConsumer's methods are interrupted because of KAFKA-1894
[2025-11-01T01:00:13.764+0700] {subprocess.py:93} INFO - 25/11/01 01:00:13 WARN KafkaDataConsumer: KafkaDataConsumer is not running in UninterruptibleThread. It may hang when KafkaDataConsumer's methods are interrupted because of KAFKA-1894
[2025-11-01T01:00:13.766+0700] {subprocess.py:93} INFO - 25/11/01 01:00:13 WARN KafkaDataConsumer: KafkaDataConsumer is not running in UninterruptibleThread. It may hang when KafkaDataConsumer's methods are interrupted because of KAFKA-1894
[2025-11-01T01:00:13.771+0700] {subprocess.py:93} INFO - 25/11/01 01:00:13 WARN KafkaDataConsumer: KafkaDataConsumer is not running in UninterruptibleThread. It may hang when KafkaDataConsumer's methods are interrupted because of KAFKA-1894
[2025-11-01T01:00:13.775+0700] {subprocess.py:93} INFO - 25/11/01 01:00:13 WARN KafkaDataConsumer: KafkaDataConsumer is not running in UninterruptibleThread. It may hang when KafkaDataConsumer's methods are interrupted because of KAFKA-1894
[2025-11-01T01:00:13.781+0700] {subprocess.py:93} INFO - 25/11/01 01:00:13 WARN KafkaDataConsumer: KafkaDataConsumer is not running in UninterruptibleThread. It may hang when KafkaDataConsumer's methods are interrupted because of KAFKA-1894
[2025-11-01T01:00:13.784+0700] {subprocess.py:93} INFO - 25/11/01 01:00:13 WARN KafkaDataConsumer: KafkaDataConsumer is not running in UninterruptibleThread. It may hang when KafkaDataConsumer's methods are interrupted because of KAFKA-1894
[2025-11-01T01:00:13.790+0700] {subprocess.py:93} INFO - 25/11/01 01:00:13 WARN KafkaDataConsumer: KafkaDataConsumer is not running in UninterruptibleThread. It may hang when KafkaDataConsumer's methods are interrupted because of KAFKA-1894
[2025-11-01T01:00:13.794+0700] {subprocess.py:93} INFO - 25/11/01 01:00:13 WARN KafkaDataConsumer: KafkaDataConsumer is not running in UninterruptibleThread. It may hang when KafkaDataConsumer's methods are interrupted because of KAFKA-1894
[2025-11-01T01:00:13.800+0700] {subprocess.py:93} INFO - 25/11/01 01:00:13 WARN KafkaDataConsumer: KafkaDataConsumer is not running in UninterruptibleThread. It may hang when KafkaDataConsumer's methods are interrupted because of KAFKA-1894
[2025-11-01T01:00:13.802+0700] {subprocess.py:93} INFO - 25/11/01 01:00:13 WARN KafkaDataConsumer: KafkaDataConsumer is not running in UninterruptibleThread. It may hang when KafkaDataConsumer's methods are interrupted because of KAFKA-1894
[2025-11-01T01:00:13.806+0700] {subprocess.py:93} INFO - 25/11/01 01:00:13 WARN KafkaDataConsumer: KafkaDataConsumer is not running in UninterruptibleThread. It may hang when KafkaDataConsumer's methods are interrupted because of KAFKA-1894
[2025-11-01T01:00:13.807+0700] {subprocess.py:93} INFO - 25/11/01 01:00:13 WARN KafkaDataConsumer: KafkaDataConsumer is not running in UninterruptibleThread. It may hang when KafkaDataConsumer's methods are interrupted because of KAFKA-1894
[2025-11-01T01:00:13.815+0700] {subprocess.py:93} INFO - 25/11/01 01:00:13 WARN KafkaDataConsumer: KafkaDataConsumer is not running in UninterruptibleThread. It may hang when KafkaDataConsumer's methods are interrupted because of KAFKA-1894
[2025-11-01T01:00:13.818+0700] {subprocess.py:93} INFO - 25/11/01 01:00:13 WARN KafkaDataConsumer: KafkaDataConsumer is not running in UninterruptibleThread. It may hang when KafkaDataConsumer's methods are interrupted because of KAFKA-1894
[2025-11-01T01:00:13.823+0700] {subprocess.py:93} INFO - 25/11/01 01:00:13 WARN KafkaDataConsumer: KafkaDataConsumer is not running in UninterruptibleThread. It may hang when KafkaDataConsumer's methods are interrupted because of KAFKA-1894
[2025-11-01T01:00:13.826+0700] {subprocess.py:93} INFO - 25/11/01 01:00:13 WARN KafkaDataConsumer: KafkaDataConsumer is not running in UninterruptibleThread. It may hang when KafkaDataConsumer's methods are interrupted because of KAFKA-1894
[2025-11-01T01:00:13.832+0700] {subprocess.py:93} INFO - 25/11/01 01:00:13 WARN KafkaDataConsumer: KafkaDataConsumer is not running in UninterruptibleThread. It may hang when KafkaDataConsumer's methods are interrupted because of KAFKA-1894
[2025-11-01T01:00:13.835+0700] {subprocess.py:93} INFO - 25/11/01 01:00:13 WARN KafkaDataConsumer: KafkaDataConsumer is not running in UninterruptibleThread. It may hang when KafkaDataConsumer's methods are interrupted because of KAFKA-1894
[2025-11-01T01:00:13.840+0700] {subprocess.py:93} INFO - 25/11/01 01:00:13 WARN KafkaDataConsumer: KafkaDataConsumer is not running in UninterruptibleThread. It may hang when KafkaDataConsumer's methods are interrupted because of KAFKA-1894
[2025-11-01T01:00:13.843+0700] {subprocess.py:93} INFO - 25/11/01 01:00:13 WARN KafkaDataConsumer: KafkaDataConsumer is not running in UninterruptibleThread. It may hang when KafkaDataConsumer's methods are interrupted because of KAFKA-1894
[2025-11-01T01:00:13.848+0700] {subprocess.py:93} INFO - 25/11/01 01:00:13 WARN KafkaDataConsumer: KafkaDataConsumer is not running in UninterruptibleThread. It may hang when KafkaDataConsumer's methods are interrupted because of KAFKA-1894
[2025-11-01T01:00:13.850+0700] {subprocess.py:93} INFO - 25/11/01 01:00:13 WARN KafkaDataConsumer: KafkaDataConsumer is not running in UninterruptibleThread. It may hang when KafkaDataConsumer's methods are interrupted because of KAFKA-1894
[2025-11-01T01:00:13.855+0700] {subprocess.py:93} INFO - 25/11/01 01:00:13 WARN KafkaDataConsumer: KafkaDataConsumer is not running in UninterruptibleThread. It may hang when KafkaDataConsumer's methods are interrupted because of KAFKA-1894
[2025-11-01T01:00:13.857+0700] {subprocess.py:93} INFO - 25/11/01 01:00:13 WARN KafkaDataConsumer: KafkaDataConsumer is not running in UninterruptibleThread. It may hang when KafkaDataConsumer's methods are interrupted because of KAFKA-1894
[2025-11-01T01:00:13.863+0700] {subprocess.py:93} INFO - 25/11/01 01:00:13 WARN KafkaDataConsumer: KafkaDataConsumer is not running in UninterruptibleThread. It may hang when KafkaDataConsumer's methods are interrupted because of KAFKA-1894
[2025-11-01T01:00:13.865+0700] {subprocess.py:93} INFO - 25/11/01 01:00:13 WARN KafkaDataConsumer: KafkaDataConsumer is not running in UninterruptibleThread. It may hang when KafkaDataConsumer's methods are interrupted because of KAFKA-1894
[2025-11-01T01:00:13.870+0700] {subprocess.py:93} INFO - 25/11/01 01:00:13 WARN KafkaDataConsumer: KafkaDataConsumer is not running in UninterruptibleThread. It may hang when KafkaDataConsumer's methods are interrupted because of KAFKA-1894
[2025-11-01T01:00:13.873+0700] {subprocess.py:93} INFO - 25/11/01 01:00:13 WARN KafkaDataConsumer: KafkaDataConsumer is not running in UninterruptibleThread. It may hang when KafkaDataConsumer's methods are interrupted because of KAFKA-1894
[2025-11-01T01:00:13.878+0700] {subprocess.py:93} INFO - 25/11/01 01:00:13 WARN KafkaDataConsumer: KafkaDataConsumer is not running in UninterruptibleThread. It may hang when KafkaDataConsumer's methods are interrupted because of KAFKA-1894
[2025-11-01T01:00:13.880+0700] {subprocess.py:93} INFO - 25/11/01 01:00:13 WARN KafkaDataConsumer: KafkaDataConsumer is not running in UninterruptibleThread. It may hang when KafkaDataConsumer's methods are interrupted because of KAFKA-1894
[2025-11-01T01:00:13.886+0700] {subprocess.py:93} INFO - 25/11/01 01:00:13 WARN KafkaDataConsumer: KafkaDataConsumer is not running in UninterruptibleThread. It may hang when KafkaDataConsumer's methods are interrupted because of KAFKA-1894
[2025-11-01T01:00:13.889+0700] {subprocess.py:93} INFO - 25/11/01 01:00:13 WARN KafkaDataConsumer: KafkaDataConsumer is not running in UninterruptibleThread. It may hang when KafkaDataConsumer's methods are interrupted because of KAFKA-1894
[2025-11-01T01:00:16.373+0700] {subprocess.py:93} INFO - [Kafka â†’ YOLO] ðŸš— Detected 1 vehicles in frame.
[2025-11-01T01:00:16.469+0700] {subprocess.py:93} INFO - [Kafka â†’ YOLO] ðŸš— Detected 1 vehicles in frame.
[2025-11-01T01:00:16.562+0700] {subprocess.py:93} INFO - [Kafka â†’ YOLO] ðŸš— Detected 2 vehicles in frame.
[2025-11-01T01:00:16.651+0700] {subprocess.py:93} INFO - [Kafka â†’ YOLO] ðŸš— Detected 1 vehicles in frame.
[2025-11-01T01:00:16.743+0700] {subprocess.py:93} INFO - [Kafka â†’ YOLO] ðŸš— Detected 2 vehicles in frame.
[2025-11-01T01:00:16.835+0700] {subprocess.py:93} INFO - [Kafka â†’ YOLO] ðŸš— Detected 1 vehicles in frame.
[2025-11-01T01:00:16.938+0700] {subprocess.py:93} INFO - [Kafka â†’ YOLO] ðŸš— Detected 1 vehicles in frame.
[2025-11-01T01:00:17.035+0700] {subprocess.py:93} INFO - [Kafka â†’ YOLO] ðŸš— Detected 2 vehicles in frame.
[2025-11-01T01:00:17.133+0700] {subprocess.py:93} INFO - [Kafka â†’ YOLO] ðŸš— Detected 1 vehicles in frame.
[2025-11-01T01:00:17.227+0700] {subprocess.py:93} INFO - [Kafka â†’ YOLO] ðŸš— Detected 2 vehicles in frame.
[2025-11-01T01:00:17.327+0700] {subprocess.py:93} INFO - [Kafka â†’ YOLO] ðŸš— Detected 2 vehicles in frame.
[2025-11-01T01:00:17.447+0700] {subprocess.py:93} INFO - [Kafka â†’ YOLO] ðŸš— Detected 3 vehicles in frame.
[2025-11-01T01:00:17.551+0700] {subprocess.py:93} INFO - [Kafka â†’ YOLO] ðŸš— Detected 2 vehicles in frame.
[2025-11-01T01:00:17.663+0700] {subprocess.py:93} INFO - [Kafka â†’ YOLO] ðŸš— Detected 3 vehicles in frame.
[2025-11-01T01:00:17.758+0700] {subprocess.py:93} INFO - [Kafka â†’ YOLO] ðŸš— Detected 2 vehicles in frame.
[2025-11-01T01:00:17.869+0700] {subprocess.py:93} INFO - [Kafka â†’ YOLO] ðŸš— Detected 3 vehicles in frame.
[2025-11-01T01:00:17.964+0700] {subprocess.py:93} INFO - [Kafka â†’ YOLO] ðŸš— Detected 2 vehicles in frame.
[2025-11-01T01:00:18.068+0700] {subprocess.py:93} INFO - [Kafka â†’ YOLO] ðŸš— Detected 3 vehicles in frame.
[2025-11-01T01:00:18.166+0700] {subprocess.py:93} INFO - [Kafka â†’ YOLO] ðŸš— Detected 2 vehicles in frame.
[2025-11-01T01:00:18.266+0700] {subprocess.py:93} INFO - [Kafka â†’ YOLO] ðŸš— Detected 3 vehicles in frame.
[2025-11-01T01:00:18.365+0700] {subprocess.py:93} INFO - [Kafka â†’ YOLO] ðŸš— Detected 2 vehicles in frame.
[2025-11-01T01:00:18.464+0700] {subprocess.py:93} INFO - [Kafka â†’ YOLO] ðŸš— Detected 3 vehicles in frame.
[2025-11-01T01:00:18.554+0700] {subprocess.py:93} INFO - [Kafka â†’ YOLO] ðŸš— Detected 3 vehicles in frame.
[2025-11-01T01:00:18.646+0700] {subprocess.py:93} INFO - [Kafka â†’ YOLO] ðŸš— Detected 2 vehicles in frame.
[2025-11-01T01:00:18.735+0700] {subprocess.py:93} INFO - [Kafka â†’ YOLO] ðŸš— Detected 3 vehicles in frame.
[2025-11-01T01:00:18.827+0700] {subprocess.py:93} INFO - [Kafka â†’ YOLO] ðŸš— Detected 2 vehicles in frame.
[2025-11-01T01:00:18.917+0700] {subprocess.py:93} INFO - [Kafka â†’ YOLO] ðŸš— Detected 4 vehicles in frame.
[2025-11-01T01:00:19.008+0700] {subprocess.py:93} INFO - [Kafka â†’ YOLO] ðŸš— Detected 3 vehicles in frame.
[2025-11-01T01:00:19.098+0700] {subprocess.py:93} INFO - [Kafka â†’ YOLO] ðŸš— Detected 4 vehicles in frame.
[2025-11-01T01:00:19.190+0700] {subprocess.py:93} INFO - [Kafka â†’ YOLO] ðŸš— Detected 3 vehicles in frame.
[2025-11-01T01:00:19.281+0700] {subprocess.py:93} INFO - [Kafka â†’ YOLO] ðŸš— Detected 3 vehicles in frame.
[2025-11-01T01:00:19.382+0700] {subprocess.py:93} INFO - [Kafka â†’ YOLO] ðŸš— Detected 4 vehicles in frame.
[2025-11-01T01:00:19.475+0700] {subprocess.py:93} INFO - [Kafka â†’ YOLO] ðŸš— Detected 2 vehicles in frame.
[2025-11-01T01:00:19.575+0700] {subprocess.py:93} INFO - [Kafka â†’ YOLO] ðŸš— Detected 2 vehicles in frame.
[2025-11-01T01:00:19.684+0700] {subprocess.py:93} INFO - [Kafka â†’ YOLO] ðŸš— Detected 2 vehicles in frame.
[2025-11-01T01:00:19.779+0700] {subprocess.py:93} INFO - [Kafka â†’ YOLO] ðŸš— Detected 2 vehicles in frame.
[2025-11-01T01:00:19.895+0700] {subprocess.py:93} INFO - [Kafka â†’ YOLO] ðŸš— Detected 1 vehicles in frame.
[2025-11-01T01:00:19.998+0700] {subprocess.py:93} INFO - [Kafka â†’ YOLO] ðŸš— Detected 3 vehicles in frame.
[2025-11-01T01:00:20.111+0700] {subprocess.py:93} INFO - [Kafka â†’ YOLO] ðŸš— Detected 2 vehicles in frame.
[2025-11-01T01:00:20.209+0700] {subprocess.py:93} INFO - 
[2025-11-01T01:00:20.210+0700] {subprocess.py:93} INFO - ==============================
[2025-11-01T01:00:20.210+0700] {subprocess.py:93} INFO - [Batch 12] Writing 39 rows to PostgreSQL
[2025-11-01T01:00:20.210+0700] {subprocess.py:93} INFO - ==============================
[2025-11-01T01:00:20.427+0700] {subprocess.py:93} INFO - 25/11/01 01:00:20 WARN KafkaDataConsumer: KafkaDataConsumer is not running in UninterruptibleThread. It may hang when KafkaDataConsumer's methods are interrupted because of KAFKA-1894
[2025-11-01T01:00:20.445+0700] {subprocess.py:93} INFO - 25/11/01 01:00:20 WARN KafkaDataConsumer: KafkaDataConsumer is not running in UninterruptibleThread. It may hang when KafkaDataConsumer's methods are interrupted because of KAFKA-1894
[2025-11-01T01:00:20.447+0700] {subprocess.py:93} INFO - 25/11/01 01:00:20 WARN KafkaDataConsumer: KafkaDataConsumer is not running in UninterruptibleThread. It may hang when KafkaDataConsumer's methods are interrupted because of KAFKA-1894
[2025-11-01T01:00:20.456+0700] {subprocess.py:93} INFO - 25/11/01 01:00:20 WARN KafkaDataConsumer: KafkaDataConsumer is not running in UninterruptibleThread. It may hang when KafkaDataConsumer's methods are interrupted because of KAFKA-1894
[2025-11-01T01:00:20.457+0700] {subprocess.py:93} INFO - 25/11/01 01:00:20 WARN KafkaDataConsumer: KafkaDataConsumer is not running in UninterruptibleThread. It may hang when KafkaDataConsumer's methods are interrupted because of KAFKA-1894
[2025-11-01T01:00:20.462+0700] {subprocess.py:93} INFO - 25/11/01 01:00:20 WARN KafkaDataConsumer: KafkaDataConsumer is not running in UninterruptibleThread. It may hang when KafkaDataConsumer's methods are interrupted because of KAFKA-1894
[2025-11-01T01:00:20.463+0700] {subprocess.py:93} INFO - 25/11/01 01:00:20 WARN KafkaDataConsumer: KafkaDataConsumer is not running in UninterruptibleThread. It may hang when KafkaDataConsumer's methods are interrupted because of KAFKA-1894
[2025-11-01T01:00:20.481+0700] {subprocess.py:93} INFO - 25/11/01 01:00:20 WARN KafkaDataConsumer: KafkaDataConsumer is not running in UninterruptibleThread. It may hang when KafkaDataConsumer's methods are interrupted because of KAFKA-1894
[2025-11-01T01:00:20.482+0700] {subprocess.py:93} INFO - 25/11/01 01:00:20 WARN KafkaDataConsumer: KafkaDataConsumer is not running in UninterruptibleThread. It may hang when KafkaDataConsumer's methods are interrupted because of KAFKA-1894
[2025-11-01T01:00:20.488+0700] {subprocess.py:93} INFO - 25/11/01 01:00:20 WARN KafkaDataConsumer: KafkaDataConsumer is not running in UninterruptibleThread. It may hang when KafkaDataConsumer's methods are interrupted because of KAFKA-1894
[2025-11-01T01:00:20.490+0700] {subprocess.py:93} INFO - 25/11/01 01:00:20 WARN KafkaDataConsumer: KafkaDataConsumer is not running in UninterruptibleThread. It may hang when KafkaDataConsumer's methods are interrupted because of KAFKA-1894
[2025-11-01T01:00:20.496+0700] {subprocess.py:93} INFO - 25/11/01 01:00:20 WARN KafkaDataConsumer: KafkaDataConsumer is not running in UninterruptibleThread. It may hang when KafkaDataConsumer's methods are interrupted because of KAFKA-1894
[2025-11-01T01:00:20.501+0700] {subprocess.py:93} INFO - 25/11/01 01:00:20 WARN KafkaDataConsumer: KafkaDataConsumer is not running in UninterruptibleThread. It may hang when KafkaDataConsumer's methods are interrupted because of KAFKA-1894
[2025-11-01T01:00:20.514+0700] {subprocess.py:93} INFO - 25/11/01 01:00:20 WARN KafkaDataConsumer: KafkaDataConsumer is not running in UninterruptibleThread. It may hang when KafkaDataConsumer's methods are interrupted because of KAFKA-1894
[2025-11-01T01:00:20.520+0700] {subprocess.py:93} INFO - 25/11/01 01:00:20 WARN KafkaDataConsumer: KafkaDataConsumer is not running in UninterruptibleThread. It may hang when KafkaDataConsumer's methods are interrupted because of KAFKA-1894
[2025-11-01T01:00:20.543+0700] {subprocess.py:93} INFO - 25/11/01 01:00:20 WARN KafkaDataConsumer: KafkaDataConsumer is not running in UninterruptibleThread. It may hang when KafkaDataConsumer's methods are interrupted because of KAFKA-1894
[2025-11-01T01:00:20.550+0700] {subprocess.py:93} INFO - 25/11/01 01:00:20 WARN KafkaDataConsumer: KafkaDataConsumer is not running in UninterruptibleThread. It may hang when KafkaDataConsumer's methods are interrupted because of KAFKA-1894
[2025-11-01T01:00:20.563+0700] {subprocess.py:93} INFO - 25/11/01 01:00:20 WARN KafkaDataConsumer: KafkaDataConsumer is not running in UninterruptibleThread. It may hang when KafkaDataConsumer's methods are interrupted because of KAFKA-1894
[2025-11-01T01:00:20.570+0700] {subprocess.py:93} INFO - 25/11/01 01:00:20 WARN KafkaDataConsumer: KafkaDataConsumer is not running in UninterruptibleThread. It may hang when KafkaDataConsumer's methods are interrupted because of KAFKA-1894
[2025-11-01T01:00:20.581+0700] {subprocess.py:93} INFO - 25/11/01 01:00:20 WARN KafkaDataConsumer: KafkaDataConsumer is not running in UninterruptibleThread. It may hang when KafkaDataConsumer's methods are interrupted because of KAFKA-1894
[2025-11-01T01:00:20.587+0700] {subprocess.py:93} INFO - 25/11/01 01:00:20 WARN KafkaDataConsumer: KafkaDataConsumer is not running in UninterruptibleThread. It may hang when KafkaDataConsumer's methods are interrupted because of KAFKA-1894
[2025-11-01T01:00:20.607+0700] {subprocess.py:93} INFO - 25/11/01 01:00:20 WARN KafkaDataConsumer: KafkaDataConsumer is not running in UninterruptibleThread. It may hang when KafkaDataConsumer's methods are interrupted because of KAFKA-1894
[2025-11-01T01:00:20.614+0700] {subprocess.py:93} INFO - 25/11/01 01:00:20 WARN KafkaDataConsumer: KafkaDataConsumer is not running in UninterruptibleThread. It may hang when KafkaDataConsumer's methods are interrupted because of KAFKA-1894
[2025-11-01T01:00:20.621+0700] {subprocess.py:93} INFO - 25/11/01 01:00:20 WARN KafkaDataConsumer: KafkaDataConsumer is not running in UninterruptibleThread. It may hang when KafkaDataConsumer's methods are interrupted because of KAFKA-1894
[2025-11-01T01:00:20.631+0700] {subprocess.py:93} INFO - 25/11/01 01:00:20 WARN KafkaDataConsumer: KafkaDataConsumer is not running in UninterruptibleThread. It may hang when KafkaDataConsumer's methods are interrupted because of KAFKA-1894
[2025-11-01T01:00:20.651+0700] {subprocess.py:93} INFO - 25/11/01 01:00:20 WARN KafkaDataConsumer: KafkaDataConsumer is not running in UninterruptibleThread. It may hang when KafkaDataConsumer's methods are interrupted because of KAFKA-1894
[2025-11-01T01:00:20.652+0700] {subprocess.py:93} INFO - 25/11/01 01:00:20 WARN KafkaDataConsumer: KafkaDataConsumer is not running in UninterruptibleThread. It may hang when KafkaDataConsumer's methods are interrupted because of KAFKA-1894
[2025-11-01T01:00:20.659+0700] {subprocess.py:93} INFO - 25/11/01 01:00:20 WARN KafkaDataConsumer: KafkaDataConsumer is not running in UninterruptibleThread. It may hang when KafkaDataConsumer's methods are interrupted because of KAFKA-1894
[2025-11-01T01:00:20.661+0700] {subprocess.py:93} INFO - 25/11/01 01:00:20 WARN KafkaDataConsumer: KafkaDataConsumer is not running in UninterruptibleThread. It may hang when KafkaDataConsumer's methods are interrupted because of KAFKA-1894
[2025-11-01T01:00:20.668+0700] {subprocess.py:93} INFO - 25/11/01 01:00:20 WARN KafkaDataConsumer: KafkaDataConsumer is not running in UninterruptibleThread. It may hang when KafkaDataConsumer's methods are interrupted because of KAFKA-1894
[2025-11-01T01:00:20.670+0700] {subprocess.py:93} INFO - 25/11/01 01:00:20 WARN KafkaDataConsumer: KafkaDataConsumer is not running in UninterruptibleThread. It may hang when KafkaDataConsumer's methods are interrupted because of KAFKA-1894
[2025-11-01T01:00:20.685+0700] {subprocess.py:93} INFO - 25/11/01 01:00:20 WARN KafkaDataConsumer: KafkaDataConsumer is not running in UninterruptibleThread. It may hang when KafkaDataConsumer's methods are interrupted because of KAFKA-1894
[2025-11-01T01:00:20.686+0700] {subprocess.py:93} INFO - 25/11/01 01:00:20 WARN KafkaDataConsumer: KafkaDataConsumer is not running in UninterruptibleThread. It may hang when KafkaDataConsumer's methods are interrupted because of KAFKA-1894
[2025-11-01T01:00:20.687+0700] {subprocess.py:93} INFO - 25/11/01 01:00:20 WARN KafkaDataConsumer: KafkaDataConsumer is not running in UninterruptibleThread. It may hang when KafkaDataConsumer's methods are interrupted because of KAFKA-1894
[2025-11-01T01:00:20.689+0700] {subprocess.py:93} INFO - 25/11/01 01:00:20 WARN KafkaDataConsumer: KafkaDataConsumer is not running in UninterruptibleThread. It may hang when KafkaDataConsumer's methods are interrupted because of KAFKA-1894
[2025-11-01T01:00:20.692+0700] {subprocess.py:93} INFO - 25/11/01 01:00:20 WARN KafkaDataConsumer: KafkaDataConsumer is not running in UninterruptibleThread. It may hang when KafkaDataConsumer's methods are interrupted because of KAFKA-1894
[2025-11-01T01:00:20.693+0700] {subprocess.py:93} INFO - 25/11/01 01:00:20 WARN KafkaDataConsumer: KafkaDataConsumer is not running in UninterruptibleThread. It may hang when KafkaDataConsumer's methods are interrupted because of KAFKA-1894
[2025-11-01T01:00:20.697+0700] {subprocess.py:93} INFO - 25/11/01 01:00:20 WARN KafkaDataConsumer: KafkaDataConsumer is not running in UninterruptibleThread. It may hang when KafkaDataConsumer's methods are interrupted because of KAFKA-1894
[2025-11-01T01:00:20.698+0700] {subprocess.py:93} INFO - 25/11/01 01:00:20 WARN KafkaDataConsumer: KafkaDataConsumer is not running in UninterruptibleThread. It may hang when KafkaDataConsumer's methods are interrupted because of KAFKA-1894
[2025-11-01T01:00:21.032+0700] {subprocess.py:93} INFO - [Kafka â†’ YOLO] ðŸš— Detected 1 vehicles in frame.
[2025-11-01T01:00:21.135+0700] {subprocess.py:93} INFO - [Kafka â†’ YOLO] ðŸš— Detected 1 vehicles in frame.
[2025-11-01T01:00:21.229+0700] {subprocess.py:93} INFO - [Kafka â†’ YOLO] ðŸš— Detected 2 vehicles in frame.
[2025-11-01T01:00:21.327+0700] {subprocess.py:93} INFO - [Kafka â†’ YOLO] ðŸš— Detected 1 vehicles in frame.
[2025-11-01T01:00:21.435+0700] {subprocess.py:93} INFO - [Kafka â†’ YOLO] ðŸš— Detected 2 vehicles in frame.
[2025-11-01T01:00:21.531+0700] {subprocess.py:93} INFO - [Kafka â†’ YOLO] ðŸš— Detected 1 vehicles in frame.
[2025-11-01T01:00:21.637+0700] {subprocess.py:93} INFO - [Kafka â†’ YOLO] ðŸš— Detected 1 vehicles in frame.
[2025-11-01T01:00:21.740+0700] {subprocess.py:93} INFO - [Kafka â†’ YOLO] ðŸš— Detected 2 vehicles in frame.
[2025-11-01T01:00:21.856+0700] {subprocess.py:93} INFO - [Kafka â†’ YOLO] ðŸš— Detected 1 vehicles in frame.
[2025-11-01T01:00:21.958+0700] {subprocess.py:93} INFO - [Kafka â†’ YOLO] ðŸš— Detected 2 vehicles in frame.
[2025-11-01T01:00:22.063+0700] {subprocess.py:93} INFO - [Kafka â†’ YOLO] ðŸš— Detected 2 vehicles in frame.
[2025-11-01T01:00:22.167+0700] {subprocess.py:93} INFO - [Kafka â†’ YOLO] ðŸš— Detected 3 vehicles in frame.
[2025-11-01T01:00:22.265+0700] {subprocess.py:93} INFO - [Kafka â†’ YOLO] ðŸš— Detected 2 vehicles in frame.
[2025-11-01T01:00:22.369+0700] {subprocess.py:93} INFO - [Kafka â†’ YOLO] ðŸš— Detected 3 vehicles in frame.
[2025-11-01T01:00:22.469+0700] {subprocess.py:93} INFO - [Kafka â†’ YOLO] ðŸš— Detected 2 vehicles in frame.
[2025-11-01T01:00:22.572+0700] {subprocess.py:93} INFO - [Kafka â†’ YOLO] ðŸš— Detected 3 vehicles in frame.
[2025-11-01T01:00:22.667+0700] {subprocess.py:93} INFO - [Kafka â†’ YOLO] ðŸš— Detected 2 vehicles in frame.
[2025-11-01T01:00:22.770+0700] {subprocess.py:93} INFO - [Kafka â†’ YOLO] ðŸš— Detected 3 vehicles in frame.
[2025-11-01T01:00:22.873+0700] {subprocess.py:93} INFO - [Kafka â†’ YOLO] ðŸš— Detected 2 vehicles in frame.
[2025-11-01T01:00:22.977+0700] {subprocess.py:93} INFO - [Kafka â†’ YOLO] ðŸš— Detected 3 vehicles in frame.
[2025-11-01T01:00:23.072+0700] {subprocess.py:93} INFO - [Kafka â†’ YOLO] ðŸš— Detected 2 vehicles in frame.
[2025-11-01T01:00:23.176+0700] {subprocess.py:93} INFO - [Kafka â†’ YOLO] ðŸš— Detected 3 vehicles in frame.
[2025-11-01T01:00:23.273+0700] {subprocess.py:93} INFO - [Kafka â†’ YOLO] ðŸš— Detected 3 vehicles in frame.
[2025-11-01T01:00:23.376+0700] {subprocess.py:93} INFO - [Kafka â†’ YOLO] ðŸš— Detected 2 vehicles in frame.
[2025-11-01T01:00:23.474+0700] {subprocess.py:93} INFO - [Kafka â†’ YOLO] ðŸš— Detected 3 vehicles in frame.
[2025-11-01T01:00:23.579+0700] {subprocess.py:93} INFO - [Kafka â†’ YOLO] ðŸš— Detected 2 vehicles in frame.
[2025-11-01T01:00:23.674+0700] {subprocess.py:93} INFO - [Kafka â†’ YOLO] ðŸš— Detected 4 vehicles in frame.
[2025-11-01T01:00:23.775+0700] {subprocess.py:93} INFO - [Kafka â†’ YOLO] ðŸš— Detected 3 vehicles in frame.
[2025-11-01T01:00:23.870+0700] {subprocess.py:93} INFO - [Kafka â†’ YOLO] ðŸš— Detected 4 vehicles in frame.
[2025-11-01T01:00:23.982+0700] {subprocess.py:93} INFO - [Kafka â†’ YOLO] ðŸš— Detected 3 vehicles in frame.
[2025-11-01T01:00:24.078+0700] {subprocess.py:93} INFO - [Kafka â†’ YOLO] ðŸš— Detected 3 vehicles in frame.
[2025-11-01T01:00:24.183+0700] {subprocess.py:93} INFO - [Kafka â†’ YOLO] ðŸš— Detected 4 vehicles in frame.
[2025-11-01T01:00:24.278+0700] {subprocess.py:93} INFO - [Kafka â†’ YOLO] ðŸš— Detected 2 vehicles in frame.
[2025-11-01T01:00:24.380+0700] {subprocess.py:93} INFO - [Kafka â†’ YOLO] ðŸš— Detected 2 vehicles in frame.
[2025-11-01T01:00:24.476+0700] {subprocess.py:93} INFO - [Kafka â†’ YOLO] ðŸš— Detected 2 vehicles in frame.
[2025-11-01T01:00:24.586+0700] {subprocess.py:93} INFO - [Kafka â†’ YOLO] ðŸš— Detected 2 vehicles in frame.
[2025-11-01T01:00:24.689+0700] {subprocess.py:93} INFO - [Kafka â†’ YOLO] ðŸš— Detected 1 vehicles in frame.
[2025-11-01T01:00:24.796+0700] {subprocess.py:93} INFO - [Kafka â†’ YOLO] ðŸš— Detected 3 vehicles in frame.
[2025-11-01T01:00:24.896+0700] {subprocess.py:93} INFO - [Kafka â†’ YOLO] ðŸš— Detected 2 vehicles in frame.
[2025-11-01T01:00:24.991+0700] {subprocess.py:93} INFO - 25/11/01 01:00:24 ERROR MicroBatchExecution: Query [id = c9cf82bd-833d-444b-883e-2e3225f57b31, runId = 7a259fd2-aae5-42e1-a59b-7ef62a78d89c] terminated with error
[2025-11-01T01:00:24.991+0700] {subprocess.py:93} INFO - org.apache.spark.SparkException: [CONCURRENT_STREAM_LOG_UPDATE] Concurrent update to the log. Multiple streaming jobs detected for 12.
[2025-11-01T01:00:24.992+0700] {subprocess.py:93} INFO - Please make sure only one streaming job runs on a specific checkpoint location at a time.
[2025-11-01T01:00:24.992+0700] {subprocess.py:93} INFO - 	at org.apache.spark.sql.errors.QueryExecutionErrors$.concurrentStreamLogUpdate(QueryExecutionErrors.scala:1302)
[2025-11-01T01:00:24.992+0700] {subprocess.py:93} INFO - 	at org.apache.spark.sql.execution.streaming.MicroBatchExecution.$anonfun$markMicroBatchEnd$1(MicroBatchExecution.scala:786)
[2025-11-01T01:00:24.992+0700] {subprocess.py:93} INFO - 	at scala.runtime.java8.JFunction0$mcV$sp.apply(JFunction0$mcV$sp.java:23)
[2025-11-01T01:00:24.992+0700] {subprocess.py:93} INFO - 	at org.apache.spark.sql.execution.streaming.ProgressReporter.reportTimeTaken(ProgressReporter.scala:427)
[2025-11-01T01:00:24.993+0700] {subprocess.py:93} INFO - 	at org.apache.spark.sql.execution.streaming.ProgressReporter.reportTimeTaken$(ProgressReporter.scala:425)
[2025-11-01T01:00:24.993+0700] {subprocess.py:93} INFO - 	at org.apache.spark.sql.execution.streaming.StreamExecution.reportTimeTaken(StreamExecution.scala:67)
[2025-11-01T01:00:24.993+0700] {subprocess.py:93} INFO - 	at org.apache.spark.sql.execution.streaming.MicroBatchExecution.markMicroBatchEnd(MicroBatchExecution.scala:785)
[2025-11-01T01:00:24.993+0700] {subprocess.py:93} INFO - 	at org.apache.spark.sql.execution.streaming.MicroBatchExecution.$anonfun$runBatch$19(MicroBatchExecution.scala:752)
[2025-11-01T01:00:24.993+0700] {subprocess.py:93} INFO - 	at scala.runtime.java8.JFunction0$mcV$sp.apply(JFunction0$mcV$sp.java:23)
[2025-11-01T01:00:24.994+0700] {subprocess.py:93} INFO - 	at org.apache.spark.sql.execution.streaming.MicroBatchExecution.withProgressLocked(MicroBatchExecution.scala:810)
[2025-11-01T01:00:24.994+0700] {subprocess.py:93} INFO - 	at org.apache.spark.sql.execution.streaming.MicroBatchExecution.runBatch(MicroBatchExecution.scala:750)
[2025-11-01T01:00:24.994+0700] {subprocess.py:93} INFO - 	at org.apache.spark.sql.execution.streaming.MicroBatchExecution.$anonfun$runActivatedStream$2(MicroBatchExecution.scala:286)
[2025-11-01T01:00:24.994+0700] {subprocess.py:93} INFO - 	at scala.runtime.java8.JFunction0$mcV$sp.apply(JFunction0$mcV$sp.java:23)
[2025-11-01T01:00:24.994+0700] {subprocess.py:93} INFO - 	at org.apache.spark.sql.execution.streaming.ProgressReporter.reportTimeTaken(ProgressReporter.scala:427)
[2025-11-01T01:00:24.994+0700] {subprocess.py:93} INFO - 	at org.apache.spark.sql.execution.streaming.ProgressReporter.reportTimeTaken$(ProgressReporter.scala:425)
[2025-11-01T01:00:24.995+0700] {subprocess.py:93} INFO - 	at org.apache.spark.sql.execution.streaming.StreamExecution.reportTimeTaken(StreamExecution.scala:67)
[2025-11-01T01:00:24.995+0700] {subprocess.py:93} INFO - 	at org.apache.spark.sql.execution.streaming.MicroBatchExecution.$anonfun$runActivatedStream$1(MicroBatchExecution.scala:249)
[2025-11-01T01:00:24.995+0700] {subprocess.py:93} INFO - 	at org.apache.spark.sql.execution.streaming.ProcessingTimeExecutor.execute(TriggerExecutor.scala:67)
[2025-11-01T01:00:24.995+0700] {subprocess.py:93} INFO - 	at org.apache.spark.sql.execution.streaming.MicroBatchExecution.runActivatedStream(MicroBatchExecution.scala:239)
[2025-11-01T01:00:24.995+0700] {subprocess.py:93} INFO - 	at org.apache.spark.sql.execution.streaming.StreamExecution.$anonfun$runStream$1(StreamExecution.scala:311)
[2025-11-01T01:00:24.996+0700] {subprocess.py:93} INFO - 	at scala.runtime.java8.JFunction0$mcV$sp.apply(JFunction0$mcV$sp.java:23)
[2025-11-01T01:00:24.996+0700] {subprocess.py:93} INFO - 	at org.apache.spark.sql.SparkSession.withActive(SparkSession.scala:900)
[2025-11-01T01:00:24.996+0700] {subprocess.py:93} INFO - 	at org.apache.spark.sql.execution.streaming.StreamExecution.org$apache$spark$sql$execution$streaming$StreamExecution$$runStream(StreamExecution.scala:289)
[2025-11-01T01:00:24.996+0700] {subprocess.py:93} INFO - 	at org.apache.spark.sql.execution.streaming.StreamExecution$$anon$1.$anonfun$run$1(StreamExecution.scala:211)
[2025-11-01T01:00:24.996+0700] {subprocess.py:93} INFO - 	at scala.runtime.java8.JFunction0$mcV$sp.apply(JFunction0$mcV$sp.java:23)
[2025-11-01T01:00:24.997+0700] {subprocess.py:93} INFO - 	at org.apache.spark.JobArtifactSet$.withActiveJobArtifactState(JobArtifactSet.scala:94)
[2025-11-01T01:00:24.997+0700] {subprocess.py:93} INFO - 	at org.apache.spark.sql.execution.streaming.StreamExecution$$anon$1.run(StreamExecution.scala:211)
[2025-11-01T01:00:25.013+0700] {subprocess.py:93} INFO - Traceback (most recent call last):
[2025-11-01T01:00:25.014+0700] {subprocess.py:93} INFO -   File "/opt/***/projects/vehicle_count/scripts/vehicle_consumer.py", line 161, in <module>
[2025-11-01T01:00:25.014+0700] {subprocess.py:93} INFO -     query.awaitTermination()
[2025-11-01T01:00:25.015+0700] {subprocess.py:93} INFO -   File "/home/***/.local/lib/python3.12/site-packages/pyspark/python/lib/pyspark.zip/pyspark/sql/streaming/query.py", line 221, in awaitTermination
[2025-11-01T01:00:25.015+0700] {subprocess.py:93} INFO -   File "/home/***/.local/lib/python3.12/site-packages/pyspark/python/lib/py4j-0.10.9.7-src.zip/py4j/java_gateway.py", line 1322, in __call__
[2025-11-01T01:00:25.015+0700] {subprocess.py:93} INFO -   File "/home/***/.local/lib/python3.12/site-packages/pyspark/python/lib/pyspark.zip/pyspark/errors/exceptions/captured.py", line 185, in deco
[2025-11-01T01:00:25.019+0700] {subprocess.py:93} INFO - pyspark.errors.exceptions.captured.StreamingQueryException: [STREAM_FAILED] Query [id = c9cf82bd-833d-444b-883e-2e3225f57b31, runId = 7a259fd2-aae5-42e1-a59b-7ef62a78d89c] terminated with exception: [CONCURRENT_STREAM_LOG_UPDATE] Concurrent update to the log. Multiple streaming jobs detected for 12.
[2025-11-01T01:00:25.019+0700] {subprocess.py:93} INFO - Please make sure only one streaming job runs on a specific checkpoint location at a time.
[2025-11-01T01:00:25.730+0700] {subprocess.py:97} INFO - Command exited with return code 1
[2025-11-01T01:00:25.733+0700] {taskinstance.py:441} INFO - ::group::Post task execution logs
[2025-11-01T01:00:25.749+0700] {taskinstance.py:2890} ERROR - Task failed with exception
Traceback (most recent call last):
  File "/home/airflow/.local/lib/python3.12/site-packages/airflow/models/taskinstance.py", line 460, in _execute_task
    result = _execute_callable(context=context, **execute_callable_kwargs)
             ^^^^^^^^^^^^^^^^^^^^^^^^^^^^^^^^^^^^^^^^^^^^^^^^^^^^^^^^^^^^^
  File "/home/airflow/.local/lib/python3.12/site-packages/airflow/models/taskinstance.py", line 432, in _execute_callable
    return execute_callable(context=context, **execute_callable_kwargs)
           ^^^^^^^^^^^^^^^^^^^^^^^^^^^^^^^^^^^^^^^^^^^^^^^^^^^^^^^^^^^^
  File "/home/airflow/.local/lib/python3.12/site-packages/airflow/models/baseoperator.py", line 400, in wrapper
    return func(self, *args, **kwargs)
           ^^^^^^^^^^^^^^^^^^^^^^^^^^^
  File "/home/airflow/.local/lib/python3.12/site-packages/airflow/operators/bash.py", line 243, in execute
    raise AirflowException(
airflow.exceptions.AirflowException: Bash command failed. The command returned a non-zero exit code 1.
[2025-11-01T01:00:25.753+0700] {taskinstance.py:1205} INFO - Marking task as UP_FOR_RETRY. dag_id=vehicle_pipeline_new_dag, task_id=start_vehicle_consumer, execution_date=20251031T170000, start_date=20251031T180001, end_date=20251031T180025
[2025-11-01T01:00:25.765+0700] {standard_task_runner.py:110} ERROR - Failed to execute job 538 for task start_vehicle_consumer (Bash command failed. The command returned a non-zero exit code 1.; 35593)
[2025-11-01T01:00:25.795+0700] {local_task_job_runner.py:240} INFO - Task exited with return code 1
[2025-11-01T01:00:25.819+0700] {taskinstance.py:3482} INFO - 0 downstream tasks scheduled from follow-on schedule check
[2025-11-01T01:00:25.820+0700] {local_task_job_runner.py:222} INFO - ::endgroup::
