[2025-10-31T23:33:31.893+0700] {local_task_job_runner.py:120} INFO - ::group::Pre task execution logs
[2025-10-31T23:33:31.907+0700] {taskinstance.py:2073} INFO - Dependencies all met for dep_context=non-requeueable deps ti=<TaskInstance: absa_streaming_lifecycle_full.deploy_consumer manual__2025-10-31T16:20:33.309051+00:00 [queued]>
[2025-10-31T23:33:31.910+0700] {taskinstance.py:2073} INFO - Dependencies all met for dep_context=requeueable deps ti=<TaskInstance: absa_streaming_lifecycle_full.deploy_consumer manual__2025-10-31T16:20:33.309051+00:00 [queued]>
[2025-10-31T23:33:31.911+0700] {taskinstance.py:2303} INFO - Starting attempt 6 of 6
[2025-10-31T23:33:31.916+0700] {taskinstance.py:2327} INFO - Executing <Task(BashOperator): deploy_consumer> on 2025-10-31 16:20:33.309051+00:00
[2025-10-31T23:33:31.922+0700] {warnings.py:110} WARNING - /home/***/.local/lib/python3.12/site-packages/***/task/task_runner/standard_task_runner.py:61: DeprecationWarning: This process (pid=5356) is multi-threaded, use of fork() may lead to deadlocks in the child.
  pid = os.fork()

[2025-10-31T23:33:31.923+0700] {standard_task_runner.py:63} INFO - Started process 5365 to run task
[2025-10-31T23:33:31.924+0700] {standard_task_runner.py:90} INFO - Running: ['***', 'tasks', 'run', 'absa_streaming_lifecycle_full', 'deploy_consumer', 'manual__2025-10-31T16:20:33.309051+00:00', '--job-id', '497', '--raw', '--subdir', 'DAGS_FOLDER/absa_streaming_lifecycle_full.py', '--cfg-path', '/tmp/tmp2n178u8k']
[2025-10-31T23:33:31.927+0700] {standard_task_runner.py:91} INFO - Job 497: Subtask deploy_consumer
[2025-10-31T23:33:31.968+0700] {task_command.py:426} INFO - Running <TaskInstance: absa_streaming_lifecycle_full.deploy_consumer manual__2025-10-31T16:20:33.309051+00:00 [running]> on host f7bb1ad77e89
[2025-10-31T23:33:32.023+0700] {taskinstance.py:2644} INFO - Exporting env vars: AIRFLOW_CTX_DAG_OWNER='***' AIRFLOW_CTX_DAG_ID='absa_streaming_lifecycle_full' AIRFLOW_CTX_TASK_ID='deploy_consumer' AIRFLOW_CTX_EXECUTION_DATE='2025-10-31T16:20:33.309051+00:00' AIRFLOW_CTX_TRY_NUMBER='6' AIRFLOW_CTX_DAG_RUN_ID='manual__2025-10-31T16:20:33.309051+00:00'
[2025-10-31T23:33:32.025+0700] {taskinstance.py:430} INFO - ::endgroup::
[2025-10-31T23:33:32.026+0700] {subprocess.py:63} INFO - Tmp dir root location: /tmp
[2025-10-31T23:33:32.026+0700] {subprocess.py:75} INFO - Running command: ['/usr/bin/bash', '-c', 'bash -c "timeout 45m bash /opt/***/projects/absa_streaming/scripts/run_consumer.sh"']
[2025-10-31T23:33:32.037+0700] {subprocess.py:86} INFO - Output:
[2025-10-31T23:33:32.045+0700] {subprocess.py:93} INFO - [Consumer] Starting Spark Structured Streaming job...
[2025-10-31T23:33:32.079+0700] {subprocess.py:93} INFO - /home/***/.local/lib/python3.12/site-packages/pyspark/bin/load-spark-env.sh: line 68: ps: command not found
[2025-10-31T23:33:32.822+0700] {subprocess.py:93} INFO - :: loading settings :: url = jar:file:/home/***/.local/lib/python3.12/site-packages/pyspark/jars/ivy-2.5.1.jar!/org/apache/ivy/core/settings/ivysettings.xml
[2025-10-31T23:33:32.852+0700] {subprocess.py:93} INFO - Ivy Default Cache set to: /home/***/.ivy2/cache
[2025-10-31T23:33:32.853+0700] {subprocess.py:93} INFO - The jars for the packages stored in: /home/***/.ivy2/jars
[2025-10-31T23:33:32.855+0700] {subprocess.py:93} INFO - org.apache.spark#spark-sql-kafka-0-10_2.12 added as a dependency
[2025-10-31T23:33:32.855+0700] {subprocess.py:93} INFO - org.postgresql#postgresql added as a dependency
[2025-10-31T23:33:32.856+0700] {subprocess.py:93} INFO - :: resolving dependencies :: org.apache.spark#spark-submit-parent-fc2cb996-0dab-4efd-985e-64966f07b056;1.0
[2025-10-31T23:33:32.856+0700] {subprocess.py:93} INFO - 	confs: [default]
[2025-10-31T23:33:32.938+0700] {subprocess.py:93} INFO - 	found org.apache.spark#spark-sql-kafka-0-10_2.12;3.5.1 in central
[2025-10-31T23:33:32.963+0700] {subprocess.py:93} INFO - 	found org.apache.spark#spark-token-provider-kafka-0-10_2.12;3.5.1 in central
[2025-10-31T23:33:32.975+0700] {subprocess.py:93} INFO - 	found org.apache.kafka#kafka-clients;3.4.1 in central
[2025-10-31T23:33:32.987+0700] {subprocess.py:93} INFO - 	found org.lz4#lz4-java;1.8.0 in central
[2025-10-31T23:33:32.997+0700] {subprocess.py:93} INFO - 	found org.xerial.snappy#snappy-java;1.1.10.3 in central
[2025-10-31T23:33:33.004+0700] {subprocess.py:93} INFO - 	found org.slf4j#slf4j-api;2.0.7 in central
[2025-10-31T23:33:33.013+0700] {subprocess.py:93} INFO - 	found org.apache.hadoop#hadoop-client-runtime;3.3.4 in central
[2025-10-31T23:33:33.024+0700] {subprocess.py:93} INFO - 	found org.apache.hadoop#hadoop-client-api;3.3.4 in central
[2025-10-31T23:33:33.033+0700] {subprocess.py:93} INFO - 	found commons-logging#commons-logging;1.1.3 in central
[2025-10-31T23:33:33.039+0700] {subprocess.py:93} INFO - 	found com.google.code.findbugs#jsr305;3.0.0 in central
[2025-10-31T23:33:33.044+0700] {subprocess.py:93} INFO - 	found org.apache.commons#commons-pool2;2.11.1 in central
[2025-10-31T23:33:33.049+0700] {subprocess.py:93} INFO - 	found org.postgresql#postgresql;42.6.0 in central
[2025-10-31T23:33:33.053+0700] {subprocess.py:93} INFO - 	found org.checkerframework#checker-qual;3.31.0 in central
[2025-10-31T23:33:33.064+0700] {subprocess.py:93} INFO - :: resolution report :: resolve 202ms :: artifacts dl 7ms
[2025-10-31T23:33:33.064+0700] {subprocess.py:93} INFO - 	:: modules in use:
[2025-10-31T23:33:33.065+0700] {subprocess.py:93} INFO - 	com.google.code.findbugs#jsr305;3.0.0 from central in [default]
[2025-10-31T23:33:33.065+0700] {subprocess.py:93} INFO - 	commons-logging#commons-logging;1.1.3 from central in [default]
[2025-10-31T23:33:33.065+0700] {subprocess.py:93} INFO - 	org.apache.commons#commons-pool2;2.11.1 from central in [default]
[2025-10-31T23:33:33.065+0700] {subprocess.py:93} INFO - 	org.apache.hadoop#hadoop-client-api;3.3.4 from central in [default]
[2025-10-31T23:33:33.066+0700] {subprocess.py:93} INFO - 	org.apache.hadoop#hadoop-client-runtime;3.3.4 from central in [default]
[2025-10-31T23:33:33.066+0700] {subprocess.py:93} INFO - 	org.apache.kafka#kafka-clients;3.4.1 from central in [default]
[2025-10-31T23:33:33.066+0700] {subprocess.py:93} INFO - 	org.apache.spark#spark-sql-kafka-0-10_2.12;3.5.1 from central in [default]
[2025-10-31T23:33:33.066+0700] {subprocess.py:93} INFO - 	org.apache.spark#spark-token-provider-kafka-0-10_2.12;3.5.1 from central in [default]
[2025-10-31T23:33:33.066+0700] {subprocess.py:93} INFO - 	org.checkerframework#checker-qual;3.31.0 from central in [default]
[2025-10-31T23:33:33.066+0700] {subprocess.py:93} INFO - 	org.lz4#lz4-java;1.8.0 from central in [default]
[2025-10-31T23:33:33.067+0700] {subprocess.py:93} INFO - 	org.postgresql#postgresql;42.6.0 from central in [default]
[2025-10-31T23:33:33.067+0700] {subprocess.py:93} INFO - 	org.slf4j#slf4j-api;2.0.7 from central in [default]
[2025-10-31T23:33:33.067+0700] {subprocess.py:93} INFO - 	org.xerial.snappy#snappy-java;1.1.10.3 from central in [default]
[2025-10-31T23:33:33.067+0700] {subprocess.py:93} INFO - 	---------------------------------------------------------------------
[2025-10-31T23:33:33.067+0700] {subprocess.py:93} INFO - 	|                  |            modules            ||   artifacts   |
[2025-10-31T23:33:33.068+0700] {subprocess.py:93} INFO - 	|       conf       | number| search|dwnlded|evicted|| number|dwnlded|
[2025-10-31T23:33:33.068+0700] {subprocess.py:93} INFO - 	---------------------------------------------------------------------
[2025-10-31T23:33:33.068+0700] {subprocess.py:93} INFO - 	|      default     |   13  |   0   |   0   |   0   ||   13  |   0   |
[2025-10-31T23:33:33.068+0700] {subprocess.py:93} INFO - 	---------------------------------------------------------------------
[2025-10-31T23:33:33.069+0700] {subprocess.py:93} INFO - :: retrieving :: org.apache.spark#spark-submit-parent-fc2cb996-0dab-4efd-985e-64966f07b056
[2025-10-31T23:33:33.069+0700] {subprocess.py:93} INFO - 	confs: [default]
[2025-10-31T23:33:33.073+0700] {subprocess.py:93} INFO - 	0 artifacts copied, 13 already retrieved (0kB/4ms)
[2025-10-31T23:33:33.151+0700] {subprocess.py:93} INFO - 25/10/31 23:33:33 WARN NativeCodeLoader: Unable to load native-hadoop library for your platform... using builtin-java classes where applicable
[2025-10-31T23:33:35.105+0700] {subprocess.py:93} INFO - 25/10/31 23:33:35 INFO SparkContext: Running Spark version 3.5.1
[2025-10-31T23:33:35.106+0700] {subprocess.py:93} INFO - 25/10/31 23:33:35 INFO SparkContext: OS info Linux, 5.15.49-linuxkit, aarch64
[2025-10-31T23:33:35.106+0700] {subprocess.py:93} INFO - 25/10/31 23:33:35 INFO SparkContext: Java version 17.0.17
[2025-10-31T23:33:35.115+0700] {subprocess.py:93} INFO - 25/10/31 23:33:35 INFO ResourceUtils: ==============================================================
[2025-10-31T23:33:35.115+0700] {subprocess.py:93} INFO - 25/10/31 23:33:35 INFO ResourceUtils: No custom resources configured for spark.driver.
[2025-10-31T23:33:35.115+0700] {subprocess.py:93} INFO - 25/10/31 23:33:35 INFO ResourceUtils: ==============================================================
[2025-10-31T23:33:35.115+0700] {subprocess.py:93} INFO - 25/10/31 23:33:35 INFO SparkContext: Submitted application: Kafka_ABSA_Postgres
[2025-10-31T23:33:35.123+0700] {subprocess.py:93} INFO - 25/10/31 23:33:35 INFO ResourceProfile: Default ResourceProfile created, executor resources: Map(cores -> name: cores, amount: 1, script: , vendor: , memory -> name: memory, amount: 1024, script: , vendor: , offHeap -> name: offHeap, amount: 0, script: , vendor: ), task resources: Map(cpus -> name: cpus, amount: 1.0)
[2025-10-31T23:33:35.127+0700] {subprocess.py:93} INFO - 25/10/31 23:33:35 INFO ResourceProfile: Limiting resource is cpus at 1 tasks per executor
[2025-10-31T23:33:35.127+0700] {subprocess.py:93} INFO - 25/10/31 23:33:35 INFO ResourceProfileManager: Added ResourceProfile id: 0
[2025-10-31T23:33:35.148+0700] {subprocess.py:93} INFO - 25/10/31 23:33:35 INFO SecurityManager: Changing view acls to: ***
[2025-10-31T23:33:35.149+0700] {subprocess.py:93} INFO - 25/10/31 23:33:35 INFO SecurityManager: Changing modify acls to: ***
[2025-10-31T23:33:35.149+0700] {subprocess.py:93} INFO - 25/10/31 23:33:35 INFO SecurityManager: Changing view acls groups to:
[2025-10-31T23:33:35.149+0700] {subprocess.py:93} INFO - 25/10/31 23:33:35 INFO SecurityManager: Changing modify acls groups to:
[2025-10-31T23:33:35.149+0700] {subprocess.py:93} INFO - 25/10/31 23:33:35 INFO SecurityManager: SecurityManager: authentication disabled; ui acls disabled; users with view permissions: ***; groups with view permissions: EMPTY; users with modify permissions: ***; groups with modify permissions: EMPTY
[2025-10-31T23:33:35.231+0700] {subprocess.py:93} INFO - 25/10/31 23:33:35 INFO Utils: Successfully started service 'sparkDriver' on port 36817.
[2025-10-31T23:33:35.248+0700] {subprocess.py:93} INFO - 25/10/31 23:33:35 INFO SparkEnv: Registering MapOutputTracker
[2025-10-31T23:33:35.262+0700] {subprocess.py:93} INFO - 25/10/31 23:33:35 INFO SparkEnv: Registering BlockManagerMaster
[2025-10-31T23:33:35.269+0700] {subprocess.py:93} INFO - 25/10/31 23:33:35 INFO BlockManagerMasterEndpoint: Using org.apache.spark.storage.DefaultTopologyMapper for getting topology information
[2025-10-31T23:33:35.269+0700] {subprocess.py:93} INFO - 25/10/31 23:33:35 INFO BlockManagerMasterEndpoint: BlockManagerMasterEndpoint up
[2025-10-31T23:33:35.271+0700] {subprocess.py:93} INFO - 25/10/31 23:33:35 INFO SparkEnv: Registering BlockManagerMasterHeartbeat
[2025-10-31T23:33:35.279+0700] {subprocess.py:93} INFO - 25/10/31 23:33:35 INFO DiskBlockManager: Created local directory at /tmp/blockmgr-84e11463-61c1-43da-b132-f5c308664f31
[2025-10-31T23:33:35.285+0700] {subprocess.py:93} INFO - 25/10/31 23:33:35 INFO MemoryStore: MemoryStore started with capacity 434.4 MiB
[2025-10-31T23:33:35.291+0700] {subprocess.py:93} INFO - 25/10/31 23:33:35 INFO SparkEnv: Registering OutputCommitCoordinator
[2025-10-31T23:33:35.337+0700] {subprocess.py:93} INFO - 25/10/31 23:33:35 INFO JettyUtils: Start Jetty 0.0.0.0:4040 for SparkUI
[2025-10-31T23:33:35.358+0700] {subprocess.py:93} INFO - 25/10/31 23:33:35 INFO Utils: Successfully started service 'SparkUI' on port 4040.
[2025-10-31T23:33:35.371+0700] {subprocess.py:93} INFO - 25/10/31 23:33:35 INFO SparkContext: Added JAR file:///home/***/.ivy2/jars/org.apache.spark_spark-sql-kafka-0-10_2.12-3.5.1.jar at spark://f7bb1ad77e89:36817/jars/org.apache.spark_spark-sql-kafka-0-10_2.12-3.5.1.jar with timestamp 1761928415102
[2025-10-31T23:33:35.372+0700] {subprocess.py:93} INFO - 25/10/31 23:33:35 INFO SparkContext: Added JAR file:///home/***/.ivy2/jars/org.postgresql_postgresql-42.6.0.jar at spark://f7bb1ad77e89:36817/jars/org.postgresql_postgresql-42.6.0.jar with timestamp 1761928415102
[2025-10-31T23:33:35.372+0700] {subprocess.py:93} INFO - 25/10/31 23:33:35 INFO SparkContext: Added JAR file:///home/***/.ivy2/jars/org.apache.spark_spark-token-provider-kafka-0-10_2.12-3.5.1.jar at spark://f7bb1ad77e89:36817/jars/org.apache.spark_spark-token-provider-kafka-0-10_2.12-3.5.1.jar with timestamp 1761928415102
[2025-10-31T23:33:35.372+0700] {subprocess.py:93} INFO - 25/10/31 23:33:35 INFO SparkContext: Added JAR file:///home/***/.ivy2/jars/org.apache.kafka_kafka-clients-3.4.1.jar at spark://f7bb1ad77e89:36817/jars/org.apache.kafka_kafka-clients-3.4.1.jar with timestamp 1761928415102
[2025-10-31T23:33:35.372+0700] {subprocess.py:93} INFO - 25/10/31 23:33:35 INFO SparkContext: Added JAR file:///home/***/.ivy2/jars/com.google.code.findbugs_jsr305-3.0.0.jar at spark://f7bb1ad77e89:36817/jars/com.google.code.findbugs_jsr305-3.0.0.jar with timestamp 1761928415102
[2025-10-31T23:33:35.373+0700] {subprocess.py:93} INFO - 25/10/31 23:33:35 INFO SparkContext: Added JAR file:///home/***/.ivy2/jars/org.apache.commons_commons-pool2-2.11.1.jar at spark://f7bb1ad77e89:36817/jars/org.apache.commons_commons-pool2-2.11.1.jar with timestamp 1761928415102
[2025-10-31T23:33:35.373+0700] {subprocess.py:93} INFO - 25/10/31 23:33:35 INFO SparkContext: Added JAR file:///home/***/.ivy2/jars/org.apache.hadoop_hadoop-client-runtime-3.3.4.jar at spark://f7bb1ad77e89:36817/jars/org.apache.hadoop_hadoop-client-runtime-3.3.4.jar with timestamp 1761928415102
[2025-10-31T23:33:35.373+0700] {subprocess.py:93} INFO - 25/10/31 23:33:35 INFO SparkContext: Added JAR file:///home/***/.ivy2/jars/org.lz4_lz4-java-1.8.0.jar at spark://f7bb1ad77e89:36817/jars/org.lz4_lz4-java-1.8.0.jar with timestamp 1761928415102
[2025-10-31T23:33:35.373+0700] {subprocess.py:93} INFO - 25/10/31 23:33:35 INFO SparkContext: Added JAR file:///home/***/.ivy2/jars/org.xerial.snappy_snappy-java-1.1.10.3.jar at spark://f7bb1ad77e89:36817/jars/org.xerial.snappy_snappy-java-1.1.10.3.jar with timestamp 1761928415102
[2025-10-31T23:33:35.373+0700] {subprocess.py:93} INFO - 25/10/31 23:33:35 INFO SparkContext: Added JAR file:///home/***/.ivy2/jars/org.slf4j_slf4j-api-2.0.7.jar at spark://f7bb1ad77e89:36817/jars/org.slf4j_slf4j-api-2.0.7.jar with timestamp 1761928415102
[2025-10-31T23:33:35.374+0700] {subprocess.py:93} INFO - 25/10/31 23:33:35 INFO SparkContext: Added JAR file:///home/***/.ivy2/jars/org.apache.hadoop_hadoop-client-api-3.3.4.jar at spark://f7bb1ad77e89:36817/jars/org.apache.hadoop_hadoop-client-api-3.3.4.jar with timestamp 1761928415102
[2025-10-31T23:33:35.374+0700] {subprocess.py:93} INFO - 25/10/31 23:33:35 INFO SparkContext: Added JAR file:///home/***/.ivy2/jars/commons-logging_commons-logging-1.1.3.jar at spark://f7bb1ad77e89:36817/jars/commons-logging_commons-logging-1.1.3.jar with timestamp 1761928415102
[2025-10-31T23:33:35.374+0700] {subprocess.py:93} INFO - 25/10/31 23:33:35 INFO SparkContext: Added JAR file:///home/***/.ivy2/jars/org.checkerframework_checker-qual-3.31.0.jar at spark://f7bb1ad77e89:36817/jars/org.checkerframework_checker-qual-3.31.0.jar with timestamp 1761928415102
[2025-10-31T23:33:35.374+0700] {subprocess.py:93} INFO - 25/10/31 23:33:35 INFO SparkContext: Added file file:///home/***/.ivy2/jars/org.apache.spark_spark-sql-kafka-0-10_2.12-3.5.1.jar at file:///home/***/.ivy2/jars/org.apache.spark_spark-sql-kafka-0-10_2.12-3.5.1.jar with timestamp 1761928415102
[2025-10-31T23:33:35.374+0700] {subprocess.py:93} INFO - 25/10/31 23:33:35 INFO Utils: Copying /home/***/.ivy2/jars/org.apache.spark_spark-sql-kafka-0-10_2.12-3.5.1.jar to /tmp/spark-028bb1c4-830b-437c-9e23-07583d84a061/userFiles-64511481-0c18-4dc4-bbeb-3aa099b32b92/org.apache.spark_spark-sql-kafka-0-10_2.12-3.5.1.jar
[2025-10-31T23:33:35.382+0700] {subprocess.py:93} INFO - 25/10/31 23:33:35 INFO SparkContext: Added file file:///home/***/.ivy2/jars/org.postgresql_postgresql-42.6.0.jar at file:///home/***/.ivy2/jars/org.postgresql_postgresql-42.6.0.jar with timestamp 1761928415102
[2025-10-31T23:33:35.382+0700] {subprocess.py:93} INFO - 25/10/31 23:33:35 INFO Utils: Copying /home/***/.ivy2/jars/org.postgresql_postgresql-42.6.0.jar to /tmp/spark-028bb1c4-830b-437c-9e23-07583d84a061/userFiles-64511481-0c18-4dc4-bbeb-3aa099b32b92/org.postgresql_postgresql-42.6.0.jar
[2025-10-31T23:33:35.387+0700] {subprocess.py:93} INFO - 25/10/31 23:33:35 INFO SparkContext: Added file file:///home/***/.ivy2/jars/org.apache.spark_spark-token-provider-kafka-0-10_2.12-3.5.1.jar at file:///home/***/.ivy2/jars/org.apache.spark_spark-token-provider-kafka-0-10_2.12-3.5.1.jar with timestamp 1761928415102
[2025-10-31T23:33:35.388+0700] {subprocess.py:93} INFO - 25/10/31 23:33:35 INFO Utils: Copying /home/***/.ivy2/jars/org.apache.spark_spark-token-provider-kafka-0-10_2.12-3.5.1.jar to /tmp/spark-028bb1c4-830b-437c-9e23-07583d84a061/userFiles-64511481-0c18-4dc4-bbeb-3aa099b32b92/org.apache.spark_spark-token-provider-kafka-0-10_2.12-3.5.1.jar
[2025-10-31T23:33:35.391+0700] {subprocess.py:93} INFO - 25/10/31 23:33:35 INFO SparkContext: Added file file:///home/***/.ivy2/jars/org.apache.kafka_kafka-clients-3.4.1.jar at file:///home/***/.ivy2/jars/org.apache.kafka_kafka-clients-3.4.1.jar with timestamp 1761928415102
[2025-10-31T23:33:35.392+0700] {subprocess.py:93} INFO - 25/10/31 23:33:35 INFO Utils: Copying /home/***/.ivy2/jars/org.apache.kafka_kafka-clients-3.4.1.jar to /tmp/spark-028bb1c4-830b-437c-9e23-07583d84a061/userFiles-64511481-0c18-4dc4-bbeb-3aa099b32b92/org.apache.kafka_kafka-clients-3.4.1.jar
[2025-10-31T23:33:35.399+0700] {subprocess.py:93} INFO - 25/10/31 23:33:35 INFO SparkContext: Added file file:///home/***/.ivy2/jars/com.google.code.findbugs_jsr305-3.0.0.jar at file:///home/***/.ivy2/jars/com.google.code.findbugs_jsr305-3.0.0.jar with timestamp 1761928415102
[2025-10-31T23:33:35.400+0700] {subprocess.py:93} INFO - 25/10/31 23:33:35 INFO Utils: Copying /home/***/.ivy2/jars/com.google.code.findbugs_jsr305-3.0.0.jar to /tmp/spark-028bb1c4-830b-437c-9e23-07583d84a061/userFiles-64511481-0c18-4dc4-bbeb-3aa099b32b92/com.google.code.findbugs_jsr305-3.0.0.jar
[2025-10-31T23:33:35.403+0700] {subprocess.py:93} INFO - 25/10/31 23:33:35 INFO SparkContext: Added file file:///home/***/.ivy2/jars/org.apache.commons_commons-pool2-2.11.1.jar at file:///home/***/.ivy2/jars/org.apache.commons_commons-pool2-2.11.1.jar with timestamp 1761928415102
[2025-10-31T23:33:35.404+0700] {subprocess.py:93} INFO - 25/10/31 23:33:35 INFO Utils: Copying /home/***/.ivy2/jars/org.apache.commons_commons-pool2-2.11.1.jar to /tmp/spark-028bb1c4-830b-437c-9e23-07583d84a061/userFiles-64511481-0c18-4dc4-bbeb-3aa099b32b92/org.apache.commons_commons-pool2-2.11.1.jar
[2025-10-31T23:33:35.408+0700] {subprocess.py:93} INFO - 25/10/31 23:33:35 INFO SparkContext: Added file file:///home/***/.ivy2/jars/org.apache.hadoop_hadoop-client-runtime-3.3.4.jar at file:///home/***/.ivy2/jars/org.apache.hadoop_hadoop-client-runtime-3.3.4.jar with timestamp 1761928415102
[2025-10-31T23:33:35.408+0700] {subprocess.py:93} INFO - 25/10/31 23:33:35 INFO Utils: Copying /home/***/.ivy2/jars/org.apache.hadoop_hadoop-client-runtime-3.3.4.jar to /tmp/spark-028bb1c4-830b-437c-9e23-07583d84a061/userFiles-64511481-0c18-4dc4-bbeb-3aa099b32b92/org.apache.hadoop_hadoop-client-runtime-3.3.4.jar
[2025-10-31T23:33:35.437+0700] {subprocess.py:93} INFO - 25/10/31 23:33:35 INFO SparkContext: Added file file:///home/***/.ivy2/jars/org.lz4_lz4-java-1.8.0.jar at file:///home/***/.ivy2/jars/org.lz4_lz4-java-1.8.0.jar with timestamp 1761928415102
[2025-10-31T23:33:35.437+0700] {subprocess.py:93} INFO - 25/10/31 23:33:35 INFO Utils: Copying /home/***/.ivy2/jars/org.lz4_lz4-java-1.8.0.jar to /tmp/spark-028bb1c4-830b-437c-9e23-07583d84a061/userFiles-64511481-0c18-4dc4-bbeb-3aa099b32b92/org.lz4_lz4-java-1.8.0.jar
[2025-10-31T23:33:35.441+0700] {subprocess.py:93} INFO - 25/10/31 23:33:35 INFO SparkContext: Added file file:///home/***/.ivy2/jars/org.xerial.snappy_snappy-java-1.1.10.3.jar at file:///home/***/.ivy2/jars/org.xerial.snappy_snappy-java-1.1.10.3.jar with timestamp 1761928415102
[2025-10-31T23:33:35.442+0700] {subprocess.py:93} INFO - 25/10/31 23:33:35 INFO Utils: Copying /home/***/.ivy2/jars/org.xerial.snappy_snappy-java-1.1.10.3.jar to /tmp/spark-028bb1c4-830b-437c-9e23-07583d84a061/userFiles-64511481-0c18-4dc4-bbeb-3aa099b32b92/org.xerial.snappy_snappy-java-1.1.10.3.jar
[2025-10-31T23:33:35.448+0700] {subprocess.py:93} INFO - 25/10/31 23:33:35 INFO SparkContext: Added file file:///home/***/.ivy2/jars/org.slf4j_slf4j-api-2.0.7.jar at file:///home/***/.ivy2/jars/org.slf4j_slf4j-api-2.0.7.jar with timestamp 1761928415102
[2025-10-31T23:33:35.448+0700] {subprocess.py:93} INFO - 25/10/31 23:33:35 INFO Utils: Copying /home/***/.ivy2/jars/org.slf4j_slf4j-api-2.0.7.jar to /tmp/spark-028bb1c4-830b-437c-9e23-07583d84a061/userFiles-64511481-0c18-4dc4-bbeb-3aa099b32b92/org.slf4j_slf4j-api-2.0.7.jar
[2025-10-31T23:33:35.452+0700] {subprocess.py:93} INFO - 25/10/31 23:33:35 INFO SparkContext: Added file file:///home/***/.ivy2/jars/org.apache.hadoop_hadoop-client-api-3.3.4.jar at file:///home/***/.ivy2/jars/org.apache.hadoop_hadoop-client-api-3.3.4.jar with timestamp 1761928415102
[2025-10-31T23:33:35.452+0700] {subprocess.py:93} INFO - 25/10/31 23:33:35 INFO Utils: Copying /home/***/.ivy2/jars/org.apache.hadoop_hadoop-client-api-3.3.4.jar to /tmp/spark-028bb1c4-830b-437c-9e23-07583d84a061/userFiles-64511481-0c18-4dc4-bbeb-3aa099b32b92/org.apache.hadoop_hadoop-client-api-3.3.4.jar
[2025-10-31T23:33:35.474+0700] {subprocess.py:93} INFO - 25/10/31 23:33:35 INFO SparkContext: Added file file:///home/***/.ivy2/jars/commons-logging_commons-logging-1.1.3.jar at file:///home/***/.ivy2/jars/commons-logging_commons-logging-1.1.3.jar with timestamp 1761928415102
[2025-10-31T23:33:35.474+0700] {subprocess.py:93} INFO - 25/10/31 23:33:35 INFO Utils: Copying /home/***/.ivy2/jars/commons-logging_commons-logging-1.1.3.jar to /tmp/spark-028bb1c4-830b-437c-9e23-07583d84a061/userFiles-64511481-0c18-4dc4-bbeb-3aa099b32b92/commons-logging_commons-logging-1.1.3.jar
[2025-10-31T23:33:35.478+0700] {subprocess.py:93} INFO - 25/10/31 23:33:35 INFO SparkContext: Added file file:///home/***/.ivy2/jars/org.checkerframework_checker-qual-3.31.0.jar at file:///home/***/.ivy2/jars/org.checkerframework_checker-qual-3.31.0.jar with timestamp 1761928415102
[2025-10-31T23:33:35.478+0700] {subprocess.py:93} INFO - 25/10/31 23:33:35 INFO Utils: Copying /home/***/.ivy2/jars/org.checkerframework_checker-qual-3.31.0.jar to /tmp/spark-028bb1c4-830b-437c-9e23-07583d84a061/userFiles-64511481-0c18-4dc4-bbeb-3aa099b32b92/org.checkerframework_checker-qual-3.31.0.jar
[2025-10-31T23:33:35.505+0700] {subprocess.py:93} INFO - 25/10/31 23:33:35 INFO Executor: Starting executor ID driver on host f7bb1ad77e89
[2025-10-31T23:33:35.505+0700] {subprocess.py:93} INFO - 25/10/31 23:33:35 INFO Executor: OS info Linux, 5.15.49-linuxkit, aarch64
[2025-10-31T23:33:35.505+0700] {subprocess.py:93} INFO - 25/10/31 23:33:35 INFO Executor: Java version 17.0.17
[2025-10-31T23:33:35.507+0700] {subprocess.py:93} INFO - 25/10/31 23:33:35 INFO Executor: Starting executor with user classpath (userClassPathFirst = false): ''
[2025-10-31T23:33:35.507+0700] {subprocess.py:93} INFO - 25/10/31 23:33:35 INFO Executor: Created or updated repl class loader org.apache.spark.util.MutableURLClassLoader@310ecc20 for default.
[2025-10-31T23:33:35.511+0700] {subprocess.py:93} INFO - 25/10/31 23:33:35 INFO Executor: Fetching file:///home/***/.ivy2/jars/org.apache.spark_spark-sql-kafka-0-10_2.12-3.5.1.jar with timestamp 1761928415102
[2025-10-31T23:33:35.521+0700] {subprocess.py:93} INFO - 25/10/31 23:33:35 INFO Utils: /home/***/.ivy2/jars/org.apache.spark_spark-sql-kafka-0-10_2.12-3.5.1.jar has been previously copied to /tmp/spark-028bb1c4-830b-437c-9e23-07583d84a061/userFiles-64511481-0c18-4dc4-bbeb-3aa099b32b92/org.apache.spark_spark-sql-kafka-0-10_2.12-3.5.1.jar
[2025-10-31T23:33:35.526+0700] {subprocess.py:93} INFO - 25/10/31 23:33:35 INFO Executor: Fetching file:///home/***/.ivy2/jars/org.apache.hadoop_hadoop-client-runtime-3.3.4.jar with timestamp 1761928415102
[2025-10-31T23:33:35.541+0700] {subprocess.py:93} INFO - 25/10/31 23:33:35 INFO Utils: /home/***/.ivy2/jars/org.apache.hadoop_hadoop-client-runtime-3.3.4.jar has been previously copied to /tmp/spark-028bb1c4-830b-437c-9e23-07583d84a061/userFiles-64511481-0c18-4dc4-bbeb-3aa099b32b92/org.apache.hadoop_hadoop-client-runtime-3.3.4.jar
[2025-10-31T23:33:35.546+0700] {subprocess.py:93} INFO - 25/10/31 23:33:35 INFO Executor: Fetching file:///home/***/.ivy2/jars/org.apache.hadoop_hadoop-client-api-3.3.4.jar with timestamp 1761928415102
[2025-10-31T23:33:35.555+0700] {subprocess.py:93} INFO - 25/10/31 23:33:35 INFO Utils: /home/***/.ivy2/jars/org.apache.hadoop_hadoop-client-api-3.3.4.jar has been previously copied to /tmp/spark-028bb1c4-830b-437c-9e23-07583d84a061/userFiles-64511481-0c18-4dc4-bbeb-3aa099b32b92/org.apache.hadoop_hadoop-client-api-3.3.4.jar
[2025-10-31T23:33:35.560+0700] {subprocess.py:93} INFO - 25/10/31 23:33:35 INFO Executor: Fetching file:///home/***/.ivy2/jars/org.apache.spark_spark-token-provider-kafka-0-10_2.12-3.5.1.jar with timestamp 1761928415102
[2025-10-31T23:33:35.560+0700] {subprocess.py:93} INFO - 25/10/31 23:33:35 INFO Utils: /home/***/.ivy2/jars/org.apache.spark_spark-token-provider-kafka-0-10_2.12-3.5.1.jar has been previously copied to /tmp/spark-028bb1c4-830b-437c-9e23-07583d84a061/userFiles-64511481-0c18-4dc4-bbeb-3aa099b32b92/org.apache.spark_spark-token-provider-kafka-0-10_2.12-3.5.1.jar
[2025-10-31T23:33:35.564+0700] {subprocess.py:93} INFO - 25/10/31 23:33:35 INFO Executor: Fetching file:///home/***/.ivy2/jars/com.google.code.findbugs_jsr305-3.0.0.jar with timestamp 1761928415102
[2025-10-31T23:33:35.564+0700] {subprocess.py:93} INFO - 25/10/31 23:33:35 INFO Utils: /home/***/.ivy2/jars/com.google.code.findbugs_jsr305-3.0.0.jar has been previously copied to /tmp/spark-028bb1c4-830b-437c-9e23-07583d84a061/userFiles-64511481-0c18-4dc4-bbeb-3aa099b32b92/com.google.code.findbugs_jsr305-3.0.0.jar
[2025-10-31T23:33:35.569+0700] {subprocess.py:93} INFO - 25/10/31 23:33:35 INFO Executor: Fetching file:///home/***/.ivy2/jars/org.lz4_lz4-java-1.8.0.jar with timestamp 1761928415102
[2025-10-31T23:33:35.569+0700] {subprocess.py:93} INFO - 25/10/31 23:33:35 INFO Utils: /home/***/.ivy2/jars/org.lz4_lz4-java-1.8.0.jar has been previously copied to /tmp/spark-028bb1c4-830b-437c-9e23-07583d84a061/userFiles-64511481-0c18-4dc4-bbeb-3aa099b32b92/org.lz4_lz4-java-1.8.0.jar
[2025-10-31T23:33:35.574+0700] {subprocess.py:93} INFO - 25/10/31 23:33:35 INFO Executor: Fetching file:///home/***/.ivy2/jars/org.slf4j_slf4j-api-2.0.7.jar with timestamp 1761928415102
[2025-10-31T23:33:35.574+0700] {subprocess.py:93} INFO - 25/10/31 23:33:35 INFO Utils: /home/***/.ivy2/jars/org.slf4j_slf4j-api-2.0.7.jar has been previously copied to /tmp/spark-028bb1c4-830b-437c-9e23-07583d84a061/userFiles-64511481-0c18-4dc4-bbeb-3aa099b32b92/org.slf4j_slf4j-api-2.0.7.jar
[2025-10-31T23:33:35.578+0700] {subprocess.py:93} INFO - 25/10/31 23:33:35 INFO Executor: Fetching file:///home/***/.ivy2/jars/org.checkerframework_checker-qual-3.31.0.jar with timestamp 1761928415102
[2025-10-31T23:33:35.579+0700] {subprocess.py:93} INFO - 25/10/31 23:33:35 INFO Utils: /home/***/.ivy2/jars/org.checkerframework_checker-qual-3.31.0.jar has been previously copied to /tmp/spark-028bb1c4-830b-437c-9e23-07583d84a061/userFiles-64511481-0c18-4dc4-bbeb-3aa099b32b92/org.checkerframework_checker-qual-3.31.0.jar
[2025-10-31T23:33:35.582+0700] {subprocess.py:93} INFO - 25/10/31 23:33:35 INFO Executor: Fetching file:///home/***/.ivy2/jars/org.apache.commons_commons-pool2-2.11.1.jar with timestamp 1761928415102
[2025-10-31T23:33:35.582+0700] {subprocess.py:93} INFO - 25/10/31 23:33:35 INFO Utils: /home/***/.ivy2/jars/org.apache.commons_commons-pool2-2.11.1.jar has been previously copied to /tmp/spark-028bb1c4-830b-437c-9e23-07583d84a061/userFiles-64511481-0c18-4dc4-bbeb-3aa099b32b92/org.apache.commons_commons-pool2-2.11.1.jar
[2025-10-31T23:33:35.586+0700] {subprocess.py:93} INFO - 25/10/31 23:33:35 INFO Executor: Fetching file:///home/***/.ivy2/jars/commons-logging_commons-logging-1.1.3.jar with timestamp 1761928415102
[2025-10-31T23:33:35.587+0700] {subprocess.py:93} INFO - 25/10/31 23:33:35 INFO Utils: /home/***/.ivy2/jars/commons-logging_commons-logging-1.1.3.jar has been previously copied to /tmp/spark-028bb1c4-830b-437c-9e23-07583d84a061/userFiles-64511481-0c18-4dc4-bbeb-3aa099b32b92/commons-logging_commons-logging-1.1.3.jar
[2025-10-31T23:33:35.590+0700] {subprocess.py:93} INFO - 25/10/31 23:33:35 INFO Executor: Fetching file:///home/***/.ivy2/jars/org.xerial.snappy_snappy-java-1.1.10.3.jar with timestamp 1761928415102
[2025-10-31T23:33:35.591+0700] {subprocess.py:93} INFO - 25/10/31 23:33:35 INFO Utils: /home/***/.ivy2/jars/org.xerial.snappy_snappy-java-1.1.10.3.jar has been previously copied to /tmp/spark-028bb1c4-830b-437c-9e23-07583d84a061/userFiles-64511481-0c18-4dc4-bbeb-3aa099b32b92/org.xerial.snappy_snappy-java-1.1.10.3.jar
[2025-10-31T23:33:35.595+0700] {subprocess.py:93} INFO - 25/10/31 23:33:35 INFO Executor: Fetching file:///home/***/.ivy2/jars/org.postgresql_postgresql-42.6.0.jar with timestamp 1761928415102
[2025-10-31T23:33:35.598+0700] {subprocess.py:93} INFO - 25/10/31 23:33:35 INFO Utils: /home/***/.ivy2/jars/org.postgresql_postgresql-42.6.0.jar has been previously copied to /tmp/spark-028bb1c4-830b-437c-9e23-07583d84a061/userFiles-64511481-0c18-4dc4-bbeb-3aa099b32b92/org.postgresql_postgresql-42.6.0.jar
[2025-10-31T23:33:35.603+0700] {subprocess.py:93} INFO - 25/10/31 23:33:35 INFO Executor: Fetching file:///home/***/.ivy2/jars/org.apache.kafka_kafka-clients-3.4.1.jar with timestamp 1761928415102
[2025-10-31T23:33:35.605+0700] {subprocess.py:93} INFO - 25/10/31 23:33:35 INFO Utils: /home/***/.ivy2/jars/org.apache.kafka_kafka-clients-3.4.1.jar has been previously copied to /tmp/spark-028bb1c4-830b-437c-9e23-07583d84a061/userFiles-64511481-0c18-4dc4-bbeb-3aa099b32b92/org.apache.kafka_kafka-clients-3.4.1.jar
[2025-10-31T23:33:35.610+0700] {subprocess.py:93} INFO - 25/10/31 23:33:35 INFO Executor: Fetching spark://f7bb1ad77e89:36817/jars/org.apache.hadoop_hadoop-client-api-3.3.4.jar with timestamp 1761928415102
[2025-10-31T23:33:35.624+0700] {subprocess.py:93} INFO - 25/10/31 23:33:35 INFO TransportClientFactory: Successfully created connection to f7bb1ad77e89/172.23.0.6:36817 after 10 ms (0 ms spent in bootstraps)
[2025-10-31T23:33:35.627+0700] {subprocess.py:93} INFO - 25/10/31 23:33:35 INFO Utils: Fetching spark://f7bb1ad77e89:36817/jars/org.apache.hadoop_hadoop-client-api-3.3.4.jar to /tmp/spark-028bb1c4-830b-437c-9e23-07583d84a061/userFiles-64511481-0c18-4dc4-bbeb-3aa099b32b92/fetchFileTemp13343284238833541809.tmp
[2025-10-31T23:33:35.687+0700] {subprocess.py:93} INFO - 25/10/31 23:33:35 INFO Utils: /tmp/spark-028bb1c4-830b-437c-9e23-07583d84a061/userFiles-64511481-0c18-4dc4-bbeb-3aa099b32b92/fetchFileTemp13343284238833541809.tmp has been previously copied to /tmp/spark-028bb1c4-830b-437c-9e23-07583d84a061/userFiles-64511481-0c18-4dc4-bbeb-3aa099b32b92/org.apache.hadoop_hadoop-client-api-3.3.4.jar
[2025-10-31T23:33:35.696+0700] {subprocess.py:93} INFO - 25/10/31 23:33:35 INFO Executor: Adding file:/tmp/spark-028bb1c4-830b-437c-9e23-07583d84a061/userFiles-64511481-0c18-4dc4-bbeb-3aa099b32b92/org.apache.hadoop_hadoop-client-api-3.3.4.jar to class loader default
[2025-10-31T23:33:35.696+0700] {subprocess.py:93} INFO - 25/10/31 23:33:35 INFO Executor: Fetching spark://f7bb1ad77e89:36817/jars/org.apache.commons_commons-pool2-2.11.1.jar with timestamp 1761928415102
[2025-10-31T23:33:35.696+0700] {subprocess.py:93} INFO - 25/10/31 23:33:35 INFO Utils: Fetching spark://f7bb1ad77e89:36817/jars/org.apache.commons_commons-pool2-2.11.1.jar to /tmp/spark-028bb1c4-830b-437c-9e23-07583d84a061/userFiles-64511481-0c18-4dc4-bbeb-3aa099b32b92/fetchFileTemp8701798644847298950.tmp
[2025-10-31T23:33:35.697+0700] {subprocess.py:93} INFO - 25/10/31 23:33:35 INFO Utils: /tmp/spark-028bb1c4-830b-437c-9e23-07583d84a061/userFiles-64511481-0c18-4dc4-bbeb-3aa099b32b92/fetchFileTemp8701798644847298950.tmp has been previously copied to /tmp/spark-028bb1c4-830b-437c-9e23-07583d84a061/userFiles-64511481-0c18-4dc4-bbeb-3aa099b32b92/org.apache.commons_commons-pool2-2.11.1.jar
[2025-10-31T23:33:35.702+0700] {subprocess.py:93} INFO - 25/10/31 23:33:35 INFO Executor: Adding file:/tmp/spark-028bb1c4-830b-437c-9e23-07583d84a061/userFiles-64511481-0c18-4dc4-bbeb-3aa099b32b92/org.apache.commons_commons-pool2-2.11.1.jar to class loader default
[2025-10-31T23:33:35.702+0700] {subprocess.py:93} INFO - 25/10/31 23:33:35 INFO Executor: Fetching spark://f7bb1ad77e89:36817/jars/org.apache.kafka_kafka-clients-3.4.1.jar with timestamp 1761928415102
[2025-10-31T23:33:35.702+0700] {subprocess.py:93} INFO - 25/10/31 23:33:35 INFO Utils: Fetching spark://f7bb1ad77e89:36817/jars/org.apache.kafka_kafka-clients-3.4.1.jar to /tmp/spark-028bb1c4-830b-437c-9e23-07583d84a061/userFiles-64511481-0c18-4dc4-bbeb-3aa099b32b92/fetchFileTemp4598175137562362410.tmp
[2025-10-31T23:33:35.712+0700] {subprocess.py:93} INFO - 25/10/31 23:33:35 INFO Utils: /tmp/spark-028bb1c4-830b-437c-9e23-07583d84a061/userFiles-64511481-0c18-4dc4-bbeb-3aa099b32b92/fetchFileTemp4598175137562362410.tmp has been previously copied to /tmp/spark-028bb1c4-830b-437c-9e23-07583d84a061/userFiles-64511481-0c18-4dc4-bbeb-3aa099b32b92/org.apache.kafka_kafka-clients-3.4.1.jar
[2025-10-31T23:33:35.717+0700] {subprocess.py:93} INFO - 25/10/31 23:33:35 INFO Executor: Adding file:/tmp/spark-028bb1c4-830b-437c-9e23-07583d84a061/userFiles-64511481-0c18-4dc4-bbeb-3aa099b32b92/org.apache.kafka_kafka-clients-3.4.1.jar to class loader default
[2025-10-31T23:33:35.717+0700] {subprocess.py:93} INFO - 25/10/31 23:33:35 INFO Executor: Fetching spark://f7bb1ad77e89:36817/jars/org.apache.spark_spark-sql-kafka-0-10_2.12-3.5.1.jar with timestamp 1761928415102
[2025-10-31T23:33:35.717+0700] {subprocess.py:93} INFO - 25/10/31 23:33:35 INFO Utils: Fetching spark://f7bb1ad77e89:36817/jars/org.apache.spark_spark-sql-kafka-0-10_2.12-3.5.1.jar to /tmp/spark-028bb1c4-830b-437c-9e23-07583d84a061/userFiles-64511481-0c18-4dc4-bbeb-3aa099b32b92/fetchFileTemp14682495876054622847.tmp
[2025-10-31T23:33:35.719+0700] {subprocess.py:93} INFO - 25/10/31 23:33:35 INFO Utils: /tmp/spark-028bb1c4-830b-437c-9e23-07583d84a061/userFiles-64511481-0c18-4dc4-bbeb-3aa099b32b92/fetchFileTemp14682495876054622847.tmp has been previously copied to /tmp/spark-028bb1c4-830b-437c-9e23-07583d84a061/userFiles-64511481-0c18-4dc4-bbeb-3aa099b32b92/org.apache.spark_spark-sql-kafka-0-10_2.12-3.5.1.jar
[2025-10-31T23:33:35.723+0700] {subprocess.py:93} INFO - 25/10/31 23:33:35 INFO Executor: Adding file:/tmp/spark-028bb1c4-830b-437c-9e23-07583d84a061/userFiles-64511481-0c18-4dc4-bbeb-3aa099b32b92/org.apache.spark_spark-sql-kafka-0-10_2.12-3.5.1.jar to class loader default
[2025-10-31T23:33:35.723+0700] {subprocess.py:93} INFO - 25/10/31 23:33:35 INFO Executor: Fetching spark://f7bb1ad77e89:36817/jars/org.checkerframework_checker-qual-3.31.0.jar with timestamp 1761928415102
[2025-10-31T23:33:35.723+0700] {subprocess.py:93} INFO - 25/10/31 23:33:35 INFO Utils: Fetching spark://f7bb1ad77e89:36817/jars/org.checkerframework_checker-qual-3.31.0.jar to /tmp/spark-028bb1c4-830b-437c-9e23-07583d84a061/userFiles-64511481-0c18-4dc4-bbeb-3aa099b32b92/fetchFileTemp9476606896081795097.tmp
[2025-10-31T23:33:35.724+0700] {subprocess.py:93} INFO - 25/10/31 23:33:35 INFO Utils: /tmp/spark-028bb1c4-830b-437c-9e23-07583d84a061/userFiles-64511481-0c18-4dc4-bbeb-3aa099b32b92/fetchFileTemp9476606896081795097.tmp has been previously copied to /tmp/spark-028bb1c4-830b-437c-9e23-07583d84a061/userFiles-64511481-0c18-4dc4-bbeb-3aa099b32b92/org.checkerframework_checker-qual-3.31.0.jar
[2025-10-31T23:33:35.728+0700] {subprocess.py:93} INFO - 25/10/31 23:33:35 INFO Executor: Adding file:/tmp/spark-028bb1c4-830b-437c-9e23-07583d84a061/userFiles-64511481-0c18-4dc4-bbeb-3aa099b32b92/org.checkerframework_checker-qual-3.31.0.jar to class loader default
[2025-10-31T23:33:35.728+0700] {subprocess.py:93} INFO - 25/10/31 23:33:35 INFO Executor: Fetching spark://f7bb1ad77e89:36817/jars/org.apache.hadoop_hadoop-client-runtime-3.3.4.jar with timestamp 1761928415102
[2025-10-31T23:33:35.728+0700] {subprocess.py:93} INFO - 25/10/31 23:33:35 INFO Utils: Fetching spark://f7bb1ad77e89:36817/jars/org.apache.hadoop_hadoop-client-runtime-3.3.4.jar to /tmp/spark-028bb1c4-830b-437c-9e23-07583d84a061/userFiles-64511481-0c18-4dc4-bbeb-3aa099b32b92/fetchFileTemp12880817253431155403.tmp
[2025-10-31T23:33:35.791+0700] {subprocess.py:93} INFO - 25/10/31 23:33:35 INFO Utils: /tmp/spark-028bb1c4-830b-437c-9e23-07583d84a061/userFiles-64511481-0c18-4dc4-bbeb-3aa099b32b92/fetchFileTemp12880817253431155403.tmp has been previously copied to /tmp/spark-028bb1c4-830b-437c-9e23-07583d84a061/userFiles-64511481-0c18-4dc4-bbeb-3aa099b32b92/org.apache.hadoop_hadoop-client-runtime-3.3.4.jar
[2025-10-31T23:33:35.804+0700] {subprocess.py:93} INFO - 25/10/31 23:33:35 INFO Executor: Adding file:/tmp/spark-028bb1c4-830b-437c-9e23-07583d84a061/userFiles-64511481-0c18-4dc4-bbeb-3aa099b32b92/org.apache.hadoop_hadoop-client-runtime-3.3.4.jar to class loader default
[2025-10-31T23:33:35.804+0700] {subprocess.py:93} INFO - 25/10/31 23:33:35 INFO Executor: Fetching spark://f7bb1ad77e89:36817/jars/org.postgresql_postgresql-42.6.0.jar with timestamp 1761928415102
[2025-10-31T23:33:35.804+0700] {subprocess.py:93} INFO - 25/10/31 23:33:35 INFO Utils: Fetching spark://f7bb1ad77e89:36817/jars/org.postgresql_postgresql-42.6.0.jar to /tmp/spark-028bb1c4-830b-437c-9e23-07583d84a061/userFiles-64511481-0c18-4dc4-bbeb-3aa099b32b92/fetchFileTemp1975217004890489695.tmp
[2025-10-31T23:33:35.807+0700] {subprocess.py:93} INFO - 25/10/31 23:33:35 INFO Utils: /tmp/spark-028bb1c4-830b-437c-9e23-07583d84a061/userFiles-64511481-0c18-4dc4-bbeb-3aa099b32b92/fetchFileTemp1975217004890489695.tmp has been previously copied to /tmp/spark-028bb1c4-830b-437c-9e23-07583d84a061/userFiles-64511481-0c18-4dc4-bbeb-3aa099b32b92/org.postgresql_postgresql-42.6.0.jar
[2025-10-31T23:33:35.812+0700] {subprocess.py:93} INFO - 25/10/31 23:33:35 INFO Executor: Adding file:/tmp/spark-028bb1c4-830b-437c-9e23-07583d84a061/userFiles-64511481-0c18-4dc4-bbeb-3aa099b32b92/org.postgresql_postgresql-42.6.0.jar to class loader default
[2025-10-31T23:33:35.812+0700] {subprocess.py:93} INFO - 25/10/31 23:33:35 INFO Executor: Fetching spark://f7bb1ad77e89:36817/jars/commons-logging_commons-logging-1.1.3.jar with timestamp 1761928415102
[2025-10-31T23:33:35.812+0700] {subprocess.py:93} INFO - 25/10/31 23:33:35 INFO Utils: Fetching spark://f7bb1ad77e89:36817/jars/commons-logging_commons-logging-1.1.3.jar to /tmp/spark-028bb1c4-830b-437c-9e23-07583d84a061/userFiles-64511481-0c18-4dc4-bbeb-3aa099b32b92/fetchFileTemp8709134662806726822.tmp
[2025-10-31T23:33:35.813+0700] {subprocess.py:93} INFO - 25/10/31 23:33:35 INFO Utils: /tmp/spark-028bb1c4-830b-437c-9e23-07583d84a061/userFiles-64511481-0c18-4dc4-bbeb-3aa099b32b92/fetchFileTemp8709134662806726822.tmp has been previously copied to /tmp/spark-028bb1c4-830b-437c-9e23-07583d84a061/userFiles-64511481-0c18-4dc4-bbeb-3aa099b32b92/commons-logging_commons-logging-1.1.3.jar
[2025-10-31T23:33:35.817+0700] {subprocess.py:93} INFO - 25/10/31 23:33:35 INFO Executor: Adding file:/tmp/spark-028bb1c4-830b-437c-9e23-07583d84a061/userFiles-64511481-0c18-4dc4-bbeb-3aa099b32b92/commons-logging_commons-logging-1.1.3.jar to class loader default
[2025-10-31T23:33:35.817+0700] {subprocess.py:93} INFO - 25/10/31 23:33:35 INFO Executor: Fetching spark://f7bb1ad77e89:36817/jars/com.google.code.findbugs_jsr305-3.0.0.jar with timestamp 1761928415102
[2025-10-31T23:33:35.817+0700] {subprocess.py:93} INFO - 25/10/31 23:33:35 INFO Utils: Fetching spark://f7bb1ad77e89:36817/jars/com.google.code.findbugs_jsr305-3.0.0.jar to /tmp/spark-028bb1c4-830b-437c-9e23-07583d84a061/userFiles-64511481-0c18-4dc4-bbeb-3aa099b32b92/fetchFileTemp4227750857673613820.tmp
[2025-10-31T23:33:35.818+0700] {subprocess.py:93} INFO - 25/10/31 23:33:35 INFO Utils: /tmp/spark-028bb1c4-830b-437c-9e23-07583d84a061/userFiles-64511481-0c18-4dc4-bbeb-3aa099b32b92/fetchFileTemp4227750857673613820.tmp has been previously copied to /tmp/spark-028bb1c4-830b-437c-9e23-07583d84a061/userFiles-64511481-0c18-4dc4-bbeb-3aa099b32b92/com.google.code.findbugs_jsr305-3.0.0.jar
[2025-10-31T23:33:35.822+0700] {subprocess.py:93} INFO - 25/10/31 23:33:35 INFO Executor: Adding file:/tmp/spark-028bb1c4-830b-437c-9e23-07583d84a061/userFiles-64511481-0c18-4dc4-bbeb-3aa099b32b92/com.google.code.findbugs_jsr305-3.0.0.jar to class loader default
[2025-10-31T23:33:35.822+0700] {subprocess.py:93} INFO - 25/10/31 23:33:35 INFO Executor: Fetching spark://f7bb1ad77e89:36817/jars/org.apache.spark_spark-token-provider-kafka-0-10_2.12-3.5.1.jar with timestamp 1761928415102
[2025-10-31T23:33:35.822+0700] {subprocess.py:93} INFO - 25/10/31 23:33:35 INFO Utils: Fetching spark://f7bb1ad77e89:36817/jars/org.apache.spark_spark-token-provider-kafka-0-10_2.12-3.5.1.jar to /tmp/spark-028bb1c4-830b-437c-9e23-07583d84a061/userFiles-64511481-0c18-4dc4-bbeb-3aa099b32b92/fetchFileTemp15675318212658486788.tmp
[2025-10-31T23:33:35.822+0700] {subprocess.py:93} INFO - 25/10/31 23:33:35 INFO Utils: /tmp/spark-028bb1c4-830b-437c-9e23-07583d84a061/userFiles-64511481-0c18-4dc4-bbeb-3aa099b32b92/fetchFileTemp15675318212658486788.tmp has been previously copied to /tmp/spark-028bb1c4-830b-437c-9e23-07583d84a061/userFiles-64511481-0c18-4dc4-bbeb-3aa099b32b92/org.apache.spark_spark-token-provider-kafka-0-10_2.12-3.5.1.jar
[2025-10-31T23:33:35.826+0700] {subprocess.py:93} INFO - 25/10/31 23:33:35 INFO Executor: Adding file:/tmp/spark-028bb1c4-830b-437c-9e23-07583d84a061/userFiles-64511481-0c18-4dc4-bbeb-3aa099b32b92/org.apache.spark_spark-token-provider-kafka-0-10_2.12-3.5.1.jar to class loader default
[2025-10-31T23:33:35.827+0700] {subprocess.py:93} INFO - 25/10/31 23:33:35 INFO Executor: Fetching spark://f7bb1ad77e89:36817/jars/org.lz4_lz4-java-1.8.0.jar with timestamp 1761928415102
[2025-10-31T23:33:35.827+0700] {subprocess.py:93} INFO - 25/10/31 23:33:35 INFO Utils: Fetching spark://f7bb1ad77e89:36817/jars/org.lz4_lz4-java-1.8.0.jar to /tmp/spark-028bb1c4-830b-437c-9e23-07583d84a061/userFiles-64511481-0c18-4dc4-bbeb-3aa099b32b92/fetchFileTemp11393442114705767107.tmp
[2025-10-31T23:33:35.828+0700] {subprocess.py:93} INFO - 25/10/31 23:33:35 INFO Utils: /tmp/spark-028bb1c4-830b-437c-9e23-07583d84a061/userFiles-64511481-0c18-4dc4-bbeb-3aa099b32b92/fetchFileTemp11393442114705767107.tmp has been previously copied to /tmp/spark-028bb1c4-830b-437c-9e23-07583d84a061/userFiles-64511481-0c18-4dc4-bbeb-3aa099b32b92/org.lz4_lz4-java-1.8.0.jar
[2025-10-31T23:33:35.833+0700] {subprocess.py:93} INFO - 25/10/31 23:33:35 INFO Executor: Adding file:/tmp/spark-028bb1c4-830b-437c-9e23-07583d84a061/userFiles-64511481-0c18-4dc4-bbeb-3aa099b32b92/org.lz4_lz4-java-1.8.0.jar to class loader default
[2025-10-31T23:33:35.833+0700] {subprocess.py:93} INFO - 25/10/31 23:33:35 INFO Executor: Fetching spark://f7bb1ad77e89:36817/jars/org.slf4j_slf4j-api-2.0.7.jar with timestamp 1761928415102
[2025-10-31T23:33:35.833+0700] {subprocess.py:93} INFO - 25/10/31 23:33:35 INFO Utils: Fetching spark://f7bb1ad77e89:36817/jars/org.slf4j_slf4j-api-2.0.7.jar to /tmp/spark-028bb1c4-830b-437c-9e23-07583d84a061/userFiles-64511481-0c18-4dc4-bbeb-3aa099b32b92/fetchFileTemp8174913659985489979.tmp
[2025-10-31T23:33:35.834+0700] {subprocess.py:93} INFO - 25/10/31 23:33:35 INFO Utils: /tmp/spark-028bb1c4-830b-437c-9e23-07583d84a061/userFiles-64511481-0c18-4dc4-bbeb-3aa099b32b92/fetchFileTemp8174913659985489979.tmp has been previously copied to /tmp/spark-028bb1c4-830b-437c-9e23-07583d84a061/userFiles-64511481-0c18-4dc4-bbeb-3aa099b32b92/org.slf4j_slf4j-api-2.0.7.jar
[2025-10-31T23:33:35.837+0700] {subprocess.py:93} INFO - 25/10/31 23:33:35 INFO Executor: Adding file:/tmp/spark-028bb1c4-830b-437c-9e23-07583d84a061/userFiles-64511481-0c18-4dc4-bbeb-3aa099b32b92/org.slf4j_slf4j-api-2.0.7.jar to class loader default
[2025-10-31T23:33:35.838+0700] {subprocess.py:93} INFO - 25/10/31 23:33:35 INFO Executor: Fetching spark://f7bb1ad77e89:36817/jars/org.xerial.snappy_snappy-java-1.1.10.3.jar with timestamp 1761928415102
[2025-10-31T23:33:35.838+0700] {subprocess.py:93} INFO - 25/10/31 23:33:35 INFO Utils: Fetching spark://f7bb1ad77e89:36817/jars/org.xerial.snappy_snappy-java-1.1.10.3.jar to /tmp/spark-028bb1c4-830b-437c-9e23-07583d84a061/userFiles-64511481-0c18-4dc4-bbeb-3aa099b32b92/fetchFileTemp9933633066889010629.tmp
[2025-10-31T23:33:35.842+0700] {subprocess.py:93} INFO - 25/10/31 23:33:35 INFO Utils: /tmp/spark-028bb1c4-830b-437c-9e23-07583d84a061/userFiles-64511481-0c18-4dc4-bbeb-3aa099b32b92/fetchFileTemp9933633066889010629.tmp has been previously copied to /tmp/spark-028bb1c4-830b-437c-9e23-07583d84a061/userFiles-64511481-0c18-4dc4-bbeb-3aa099b32b92/org.xerial.snappy_snappy-java-1.1.10.3.jar
[2025-10-31T23:33:35.846+0700] {subprocess.py:93} INFO - 25/10/31 23:33:35 INFO Executor: Adding file:/tmp/spark-028bb1c4-830b-437c-9e23-07583d84a061/userFiles-64511481-0c18-4dc4-bbeb-3aa099b32b92/org.xerial.snappy_snappy-java-1.1.10.3.jar to class loader default
[2025-10-31T23:33:35.851+0700] {subprocess.py:93} INFO - 25/10/31 23:33:35 INFO Utils: Successfully started service 'org.apache.spark.network.netty.NettyBlockTransferService' on port 36891.
[2025-10-31T23:33:35.851+0700] {subprocess.py:93} INFO - 25/10/31 23:33:35 INFO NettyBlockTransferService: Server created on f7bb1ad77e89:36891
[2025-10-31T23:33:35.851+0700] {subprocess.py:93} INFO - 25/10/31 23:33:35 INFO BlockManager: Using org.apache.spark.storage.RandomBlockReplicationPolicy for block replication policy
[2025-10-31T23:33:35.854+0700] {subprocess.py:93} INFO - 25/10/31 23:33:35 INFO BlockManagerMaster: Registering BlockManager BlockManagerId(driver, f7bb1ad77e89, 36891, None)
[2025-10-31T23:33:35.855+0700] {subprocess.py:93} INFO - 25/10/31 23:33:35 INFO BlockManagerMasterEndpoint: Registering block manager f7bb1ad77e89:36891 with 434.4 MiB RAM, BlockManagerId(driver, f7bb1ad77e89, 36891, None)
[2025-10-31T23:33:35.856+0700] {subprocess.py:93} INFO - 25/10/31 23:33:35 INFO BlockManagerMaster: Registered BlockManager BlockManagerId(driver, f7bb1ad77e89, 36891, None)
[2025-10-31T23:33:35.856+0700] {subprocess.py:93} INFO - 25/10/31 23:33:35 INFO BlockManager: Initialized BlockManager: BlockManagerId(driver, f7bb1ad77e89, 36891, None)
[2025-10-31T23:33:37.113+0700] {subprocess.py:93} INFO - 25/10/31 23:33:37 WARN ResolveWriteToStream: spark.sql.adaptive.enabled is not supported in streaming DataFrames/Datasets and will be disabled.
[2025-10-31T23:33:37.223+0700] {subprocess.py:93} INFO - 🚀 Streaming job started — đang lắng nghe dữ liệu từ Kafka...
[2025-10-31T23:33:37.301+0700] {subprocess.py:93} INFO - 25/10/31 23:33:37 WARN AdminClientConfig: These configurations '[key.deserializer, value.deserializer, enable.auto.commit, max.poll.records, auto.offset.reset]' were supplied but are not used yet.
[2025-10-31T23:33:38.912+0700] {subprocess.py:93} INFO - 25/10/31 23:33:38 WARN KafkaDataConsumer: KafkaDataConsumer is not running in UninterruptibleThread. It may hang when KafkaDataConsumer's methods are interrupted because of KAFKA-1894
[2025-10-31T23:33:39.516+0700] {subprocess.py:93} INFO - 25/10/31 23:33:39 WARN KafkaDataConsumer: KafkaDataConsumer is not running in UninterruptibleThread. It may hang when KafkaDataConsumer's methods are interrupted because of KAFKA-1894
[2025-10-31T23:33:39.517+0700] {subprocess.py:93} INFO - 25/10/31 23:33:39 WARN KafkaDataConsumer: KafkaDataConsumer is not running in UninterruptibleThread. It may hang when KafkaDataConsumer's methods are interrupted because of KAFKA-1894
[2025-10-31T23:33:39.517+0700] {subprocess.py:93} INFO - 25/10/31 23:33:39 WARN KafkaDataConsumer: KafkaDataConsumer is not running in UninterruptibleThread. It may hang when KafkaDataConsumer's methods are interrupted because of KAFKA-1894
[2025-10-31T23:33:39.517+0700] {subprocess.py:93} INFO - 25/10/31 23:33:39 WARN KafkaDataConsumer: KafkaDataConsumer is not running in UninterruptibleThread. It may hang when KafkaDataConsumer's methods are interrupted because of KAFKA-1894
[2025-10-31T23:33:40.954+0700] {subprocess.py:93} INFO - 25/10/31 23:33:40 ERROR Executor: Exception in task 0.0 in stage 0.0 (TID 0)
[2025-10-31T23:33:40.955+0700] {subprocess.py:93} INFO - org.apache.spark.api.python.PythonException: Traceback (most recent call last):
[2025-10-31T23:33:40.955+0700] {subprocess.py:93} INFO -   File "/opt/***/projects/absa_streaming/scripts/consumer_postgres_streaming.py", line 78, in absa_infer_udf
[2025-10-31T23:33:40.955+0700] {subprocess.py:93} INFO -     _tokenizer = AutoTokenizer.from_pretrained(MODEL_NAME, use_fast=True)
[2025-10-31T23:33:40.956+0700] {subprocess.py:93} INFO -                  ^^^^^^^^^^^^^^^^^^^^^^^^^^^^^^^^^^^^^^^^^^^^^^^^^^^^^^^^
[2025-10-31T23:33:40.956+0700] {subprocess.py:93} INFO -   File "/home/***/.local/lib/python3.12/site-packages/transformers/models/auto/tokenization_auto.py", line 817, in from_pretrained
[2025-10-31T23:33:40.956+0700] {subprocess.py:93} INFO -     tokenizer_config = get_tokenizer_config(pretrained_model_name_or_path, **kwargs)
[2025-10-31T23:33:40.956+0700] {subprocess.py:93} INFO -                        ^^^^^^^^^^^^^^^^^^^^^^^^^^^^^^^^^^^^^^^^^^^^^^^^^^^^^^^^^^^^^
[2025-10-31T23:33:40.956+0700] {subprocess.py:93} INFO -   File "/home/***/.local/lib/python3.12/site-packages/transformers/models/auto/tokenization_auto.py", line 649, in get_tokenizer_config
[2025-10-31T23:33:40.957+0700] {subprocess.py:93} INFO -     resolved_config_file = cached_file(
[2025-10-31T23:33:40.957+0700] {subprocess.py:93} INFO -                            ^^^^^^^^^^^^
[2025-10-31T23:33:40.957+0700] {subprocess.py:93} INFO -   File "/home/***/.local/lib/python3.12/site-packages/transformers/utils/hub.py", line 463, in cached_file
[2025-10-31T23:33:40.957+0700] {subprocess.py:93} INFO -     raise EnvironmentError(
[2025-10-31T23:33:40.957+0700] {subprocess.py:93} INFO - OSError: Incorrect path_or_model_id: '/opt/***/models/xlm-roberta-base'. Please provide either the path to a local folder or the repo_id of a model on the Hub.
[2025-10-31T23:33:40.957+0700] {subprocess.py:93} INFO - 
[2025-10-31T23:33:40.957+0700] {subprocess.py:93} INFO - 	at org.apache.spark.api.python.BasePythonRunner$ReaderIterator.handlePythonException(PythonRunner.scala:572)
[2025-10-31T23:33:40.958+0700] {subprocess.py:93} INFO - 	at org.apache.spark.sql.execution.python.PythonArrowOutput$$anon$1.read(PythonArrowOutput.scala:118)
[2025-10-31T23:33:40.958+0700] {subprocess.py:93} INFO - 	at org.apache.spark.api.python.BasePythonRunner$ReaderIterator.hasNext(PythonRunner.scala:525)
[2025-10-31T23:33:40.958+0700] {subprocess.py:93} INFO - 	at org.apache.spark.InterruptibleIterator.hasNext(InterruptibleIterator.scala:37)
[2025-10-31T23:33:40.958+0700] {subprocess.py:93} INFO - 	at scala.collection.Iterator$$anon$11.hasNext(Iterator.scala:491)
[2025-10-31T23:33:40.958+0700] {subprocess.py:93} INFO - 	at scala.collection.Iterator$$anon$10.hasNext(Iterator.scala:460)
[2025-10-31T23:33:40.958+0700] {subprocess.py:93} INFO - 	at scala.collection.Iterator$$anon$10.hasNext(Iterator.scala:460)
[2025-10-31T23:33:40.959+0700] {subprocess.py:93} INFO - 	at org.apache.spark.sql.catalyst.expressions.GeneratedClass$GeneratedIteratorForCodegenStage1.hashAgg_doAggregateWithoutKey_0$(Unknown Source)
[2025-10-31T23:33:40.959+0700] {subprocess.py:93} INFO - 	at org.apache.spark.sql.catalyst.expressions.GeneratedClass$GeneratedIteratorForCodegenStage1.processNext(Unknown Source)
[2025-10-31T23:33:40.959+0700] {subprocess.py:93} INFO - 	at org.apache.spark.sql.execution.BufferedRowIterator.hasNext(BufferedRowIterator.java:43)
[2025-10-31T23:33:40.959+0700] {subprocess.py:93} INFO - 	at org.apache.spark.sql.execution.WholeStageCodegenEvaluatorFactory$WholeStageCodegenPartitionEvaluator$$anon$1.hasNext(WholeStageCodegenEvaluatorFactory.scala:43)
[2025-10-31T23:33:40.959+0700] {subprocess.py:93} INFO - 	at scala.collection.Iterator$$anon$10.hasNext(Iterator.scala:460)
[2025-10-31T23:33:40.959+0700] {subprocess.py:93} INFO - 	at org.apache.spark.shuffle.sort.BypassMergeSortShuffleWriter.write(BypassMergeSortShuffleWriter.java:140)
[2025-10-31T23:33:40.960+0700] {subprocess.py:93} INFO - 	at org.apache.spark.shuffle.ShuffleWriteProcessor.write(ShuffleWriteProcessor.scala:59)
[2025-10-31T23:33:40.960+0700] {subprocess.py:93} INFO - 	at org.apache.spark.scheduler.ShuffleMapTask.runTask(ShuffleMapTask.scala:104)
[2025-10-31T23:33:40.960+0700] {subprocess.py:93} INFO - 	at org.apache.spark.scheduler.ShuffleMapTask.runTask(ShuffleMapTask.scala:54)
[2025-10-31T23:33:40.960+0700] {subprocess.py:93} INFO - 	at org.apache.spark.TaskContext.runTaskWithListeners(TaskContext.scala:166)
[2025-10-31T23:33:40.960+0700] {subprocess.py:93} INFO - 	at org.apache.spark.scheduler.Task.run(Task.scala:141)
[2025-10-31T23:33:40.960+0700] {subprocess.py:93} INFO - 	at org.apache.spark.executor.Executor$TaskRunner.$anonfun$run$4(Executor.scala:620)
[2025-10-31T23:33:40.960+0700] {subprocess.py:93} INFO - 	at org.apache.spark.util.SparkErrorUtils.tryWithSafeFinally(SparkErrorUtils.scala:64)
[2025-10-31T23:33:40.961+0700] {subprocess.py:93} INFO - 	at org.apache.spark.util.SparkErrorUtils.tryWithSafeFinally$(SparkErrorUtils.scala:61)
[2025-10-31T23:33:40.961+0700] {subprocess.py:93} INFO - 	at org.apache.spark.util.Utils$.tryWithSafeFinally(Utils.scala:94)
[2025-10-31T23:33:40.961+0700] {subprocess.py:93} INFO - 	at org.apache.spark.executor.Executor$TaskRunner.run(Executor.scala:623)
[2025-10-31T23:33:40.961+0700] {subprocess.py:93} INFO - 	at java.base/java.util.concurrent.ThreadPoolExecutor.runWorker(ThreadPoolExecutor.java:1136)
[2025-10-31T23:33:40.961+0700] {subprocess.py:93} INFO - 	at java.base/java.util.concurrent.ThreadPoolExecutor$Worker.run(ThreadPoolExecutor.java:635)
[2025-10-31T23:33:40.961+0700] {subprocess.py:93} INFO - 	at java.base/java.lang.Thread.run(Thread.java:840)
[2025-10-31T23:33:40.963+0700] {subprocess.py:93} INFO - 25/10/31 23:33:40 WARN TaskSetManager: Lost task 0.0 in stage 0.0 (TID 0) (f7bb1ad77e89 executor driver): org.apache.spark.api.python.PythonException: Traceback (most recent call last):
[2025-10-31T23:33:40.963+0700] {subprocess.py:93} INFO -   File "/opt/***/projects/absa_streaming/scripts/consumer_postgres_streaming.py", line 78, in absa_infer_udf
[2025-10-31T23:33:40.963+0700] {subprocess.py:93} INFO -     _tokenizer = AutoTokenizer.from_pretrained(MODEL_NAME, use_fast=True)
[2025-10-31T23:33:40.964+0700] {subprocess.py:93} INFO -                  ^^^^^^^^^^^^^^^^^^^^^^^^^^^^^^^^^^^^^^^^^^^^^^^^^^^^^^^^
[2025-10-31T23:33:40.964+0700] {subprocess.py:93} INFO -   File "/home/***/.local/lib/python3.12/site-packages/transformers/models/auto/tokenization_auto.py", line 817, in from_pretrained
[2025-10-31T23:33:40.964+0700] {subprocess.py:93} INFO -     tokenizer_config = get_tokenizer_config(pretrained_model_name_or_path, **kwargs)
[2025-10-31T23:33:40.964+0700] {subprocess.py:93} INFO -                        ^^^^^^^^^^^^^^^^^^^^^^^^^^^^^^^^^^^^^^^^^^^^^^^^^^^^^^^^^^^^^
[2025-10-31T23:33:40.964+0700] {subprocess.py:93} INFO -   File "/home/***/.local/lib/python3.12/site-packages/transformers/models/auto/tokenization_auto.py", line 649, in get_tokenizer_config
[2025-10-31T23:33:40.964+0700] {subprocess.py:93} INFO -     resolved_config_file = cached_file(
[2025-10-31T23:33:40.965+0700] {subprocess.py:93} INFO -                            ^^^^^^^^^^^^
[2025-10-31T23:33:40.965+0700] {subprocess.py:93} INFO -   File "/home/***/.local/lib/python3.12/site-packages/transformers/utils/hub.py", line 463, in cached_file
[2025-10-31T23:33:40.965+0700] {subprocess.py:93} INFO -     raise EnvironmentError(
[2025-10-31T23:33:40.965+0700] {subprocess.py:93} INFO - OSError: Incorrect path_or_model_id: '/opt/***/models/xlm-roberta-base'. Please provide either the path to a local folder or the repo_id of a model on the Hub.
[2025-10-31T23:33:40.965+0700] {subprocess.py:93} INFO - 
[2025-10-31T23:33:40.966+0700] {subprocess.py:93} INFO - 	at org.apache.spark.api.python.BasePythonRunner$ReaderIterator.handlePythonException(PythonRunner.scala:572)
[2025-10-31T23:33:40.966+0700] {subprocess.py:93} INFO - 	at org.apache.spark.sql.execution.python.PythonArrowOutput$$anon$1.read(PythonArrowOutput.scala:118)
[2025-10-31T23:33:40.966+0700] {subprocess.py:93} INFO - 	at org.apache.spark.api.python.BasePythonRunner$ReaderIterator.hasNext(PythonRunner.scala:525)
[2025-10-31T23:33:40.966+0700] {subprocess.py:93} INFO - 	at org.apache.spark.InterruptibleIterator.hasNext(InterruptibleIterator.scala:37)
[2025-10-31T23:33:40.966+0700] {subprocess.py:93} INFO - 	at scala.collection.Iterator$$anon$11.hasNext(Iterator.scala:491)
[2025-10-31T23:33:40.967+0700] {subprocess.py:93} INFO - 	at scala.collection.Iterator$$anon$10.hasNext(Iterator.scala:460)
[2025-10-31T23:33:40.967+0700] {subprocess.py:93} INFO - 	at scala.collection.Iterator$$anon$10.hasNext(Iterator.scala:460)
[2025-10-31T23:33:40.967+0700] {subprocess.py:93} INFO - 	at org.apache.spark.sql.catalyst.expressions.GeneratedClass$GeneratedIteratorForCodegenStage1.hashAgg_doAggregateWithoutKey_0$(Unknown Source)
[2025-10-31T23:33:40.967+0700] {subprocess.py:93} INFO - 	at org.apache.spark.sql.catalyst.expressions.GeneratedClass$GeneratedIteratorForCodegenStage1.processNext(Unknown Source)
[2025-10-31T23:33:40.967+0700] {subprocess.py:93} INFO - 	at org.apache.spark.sql.execution.BufferedRowIterator.hasNext(BufferedRowIterator.java:43)
[2025-10-31T23:33:40.967+0700] {subprocess.py:93} INFO - 	at org.apache.spark.sql.execution.WholeStageCodegenEvaluatorFactory$WholeStageCodegenPartitionEvaluator$$anon$1.hasNext(WholeStageCodegenEvaluatorFactory.scala:43)
[2025-10-31T23:33:40.968+0700] {subprocess.py:93} INFO - 	at scala.collection.Iterator$$anon$10.hasNext(Iterator.scala:460)
[2025-10-31T23:33:40.968+0700] {subprocess.py:93} INFO - 	at org.apache.spark.shuffle.sort.BypassMergeSortShuffleWriter.write(BypassMergeSortShuffleWriter.java:140)
[2025-10-31T23:33:40.968+0700] {subprocess.py:93} INFO - 	at org.apache.spark.shuffle.ShuffleWriteProcessor.write(ShuffleWriteProcessor.scala:59)
[2025-10-31T23:33:40.968+0700] {subprocess.py:93} INFO - 	at org.apache.spark.scheduler.ShuffleMapTask.runTask(ShuffleMapTask.scala:104)
[2025-10-31T23:33:40.969+0700] {subprocess.py:93} INFO - 	at org.apache.spark.scheduler.ShuffleMapTask.runTask(ShuffleMapTask.scala:54)
[2025-10-31T23:33:40.969+0700] {subprocess.py:93} INFO - 	at org.apache.spark.TaskContext.runTaskWithListeners(TaskContext.scala:166)
[2025-10-31T23:33:40.969+0700] {subprocess.py:93} INFO - 	at org.apache.spark.scheduler.Task.run(Task.scala:141)
[2025-10-31T23:33:40.969+0700] {subprocess.py:93} INFO - 	at org.apache.spark.executor.Executor$TaskRunner.$anonfun$run$4(Executor.scala:620)
[2025-10-31T23:33:40.970+0700] {subprocess.py:93} INFO - 	at org.apache.spark.util.SparkErrorUtils.tryWithSafeFinally(SparkErrorUtils.scala:64)
[2025-10-31T23:33:40.970+0700] {subprocess.py:93} INFO - 	at org.apache.spark.util.SparkErrorUtils.tryWithSafeFinally$(SparkErrorUtils.scala:61)
[2025-10-31T23:33:40.970+0700] {subprocess.py:93} INFO - 	at org.apache.spark.util.Utils$.tryWithSafeFinally(Utils.scala:94)
[2025-10-31T23:33:40.970+0700] {subprocess.py:93} INFO - 	at org.apache.spark.executor.Executor$TaskRunner.run(Executor.scala:623)
[2025-10-31T23:33:40.970+0700] {subprocess.py:93} INFO - 	at java.base/java.util.concurrent.ThreadPoolExecutor.runWorker(ThreadPoolExecutor.java:1136)
[2025-10-31T23:33:40.971+0700] {subprocess.py:93} INFO - 	at java.base/java.util.concurrent.ThreadPoolExecutor$Worker.run(ThreadPoolExecutor.java:635)
[2025-10-31T23:33:40.971+0700] {subprocess.py:93} INFO - 	at java.base/java.lang.Thread.run(Thread.java:840)
[2025-10-31T23:33:40.971+0700] {subprocess.py:93} INFO - 
[2025-10-31T23:33:40.971+0700] {subprocess.py:93} INFO - 25/10/31 23:33:40 ERROR TaskSetManager: Task 0 in stage 0.0 failed 1 times; aborting job
[2025-10-31T23:33:41.036+0700] {subprocess.py:93} INFO - 25/10/31 23:33:41 ERROR MicroBatchExecution: Query [id = d11fadf7-0784-4120-aba0-5738e24f704a, runId = 757d0817-02f6-46c6-ad6d-49cfcbffeee2] terminated with error
[2025-10-31T23:33:41.036+0700] {subprocess.py:93} INFO - py4j.Py4JException: An exception was raised by the Python Proxy. Return Message: Traceback (most recent call last):
[2025-10-31T23:33:41.037+0700] {subprocess.py:93} INFO -   File "/home/***/.local/lib/python3.12/site-packages/pyspark/python/lib/py4j-0.10.9.7-src.zip/py4j/clientserver.py", line 617, in _call_proxy
[2025-10-31T23:33:41.037+0700] {subprocess.py:93} INFO -     return_value = getattr(self.pool[obj_id], method)(*params)
[2025-10-31T23:33:41.037+0700] {subprocess.py:93} INFO -                    ^^^^^^^^^^^^^^^^^^^^^^^^^^^^^^^^^^^^^^^^^^^
[2025-10-31T23:33:41.037+0700] {subprocess.py:93} INFO -   File "/home/***/.local/lib/python3.12/site-packages/pyspark/python/lib/pyspark.zip/pyspark/sql/utils.py", line 120, in call
[2025-10-31T23:33:41.038+0700] {subprocess.py:93} INFO -     raise e
[2025-10-31T23:33:41.038+0700] {subprocess.py:93} INFO -   File "/home/***/.local/lib/python3.12/site-packages/pyspark/python/lib/pyspark.zip/pyspark/sql/utils.py", line 117, in call
[2025-10-31T23:33:41.038+0700] {subprocess.py:93} INFO -     self.func(DataFrame(jdf, wrapped_session_jdf), batch_id)
[2025-10-31T23:33:41.038+0700] {subprocess.py:93} INFO -   File "/opt/***/projects/absa_streaming/scripts/consumer_postgres_streaming.py", line 128, in write_to_postgres
[2025-10-31T23:33:41.039+0700] {subprocess.py:93} INFO -     total_rows = batch_df.count()
[2025-10-31T23:33:41.039+0700] {subprocess.py:93} INFO -                  ^^^^^^^^^^^^^^^^
[2025-10-31T23:33:41.039+0700] {subprocess.py:93} INFO -   File "/home/***/.local/lib/python3.12/site-packages/pyspark/python/lib/pyspark.zip/pyspark/sql/dataframe.py", line 1238, in count
[2025-10-31T23:33:41.039+0700] {subprocess.py:93} INFO -     return int(self._jdf.count())
[2025-10-31T23:33:41.039+0700] {subprocess.py:93} INFO -                ^^^^^^^^^^^^^^^^^
[2025-10-31T23:33:41.039+0700] {subprocess.py:93} INFO -   File "/home/***/.local/lib/python3.12/site-packages/pyspark/python/lib/py4j-0.10.9.7-src.zip/py4j/java_gateway.py", line 1322, in __call__
[2025-10-31T23:33:41.039+0700] {subprocess.py:93} INFO -     return_value = get_return_value(
[2025-10-31T23:33:41.040+0700] {subprocess.py:93} INFO -                    ^^^^^^^^^^^^^^^^^
[2025-10-31T23:33:41.040+0700] {subprocess.py:93} INFO -   File "/home/***/.local/lib/python3.12/site-packages/pyspark/python/lib/pyspark.zip/pyspark/errors/exceptions/captured.py", line 185, in deco
[2025-10-31T23:33:41.040+0700] {subprocess.py:93} INFO -     raise converted from None
[2025-10-31T23:33:41.040+0700] {subprocess.py:93} INFO - pyspark.errors.exceptions.captured.PythonException:
[2025-10-31T23:33:41.040+0700] {subprocess.py:93} INFO -   An exception was thrown from the Python worker. Please see the stack trace below.
[2025-10-31T23:33:41.040+0700] {subprocess.py:93} INFO - Traceback (most recent call last):
[2025-10-31T23:33:41.041+0700] {subprocess.py:93} INFO -   File "/opt/***/projects/absa_streaming/scripts/consumer_postgres_streaming.py", line 78, in absa_infer_udf
[2025-10-31T23:33:41.041+0700] {subprocess.py:93} INFO -     _tokenizer = AutoTokenizer.from_pretrained(MODEL_NAME, use_fast=True)
[2025-10-31T23:33:41.041+0700] {subprocess.py:93} INFO -                  ^^^^^^^^^^^^^^^^^^^^^^^^^^^^^^^^^^^^^^^^^^^^^^^^^^^^^^^^
[2025-10-31T23:33:41.041+0700] {subprocess.py:93} INFO -   File "/home/***/.local/lib/python3.12/site-packages/transformers/models/auto/tokenization_auto.py", line 817, in from_pretrained
[2025-10-31T23:33:41.041+0700] {subprocess.py:93} INFO -     tokenizer_config = get_tokenizer_config(pretrained_model_name_or_path, **kwargs)
[2025-10-31T23:33:41.041+0700] {subprocess.py:93} INFO -                        ^^^^^^^^^^^^^^^^^^^^^^^^^^^^^^^^^^^^^^^^^^^^^^^^^^^^^^^^^^^^^
[2025-10-31T23:33:41.042+0700] {subprocess.py:93} INFO -   File "/home/***/.local/lib/python3.12/site-packages/transformers/models/auto/tokenization_auto.py", line 649, in get_tokenizer_config
[2025-10-31T23:33:41.042+0700] {subprocess.py:93} INFO -     resolved_config_file = cached_file(
[2025-10-31T23:33:41.042+0700] {subprocess.py:93} INFO -                            ^^^^^^^^^^^^
[2025-10-31T23:33:41.042+0700] {subprocess.py:93} INFO -   File "/home/***/.local/lib/python3.12/site-packages/transformers/utils/hub.py", line 463, in cached_file
[2025-10-31T23:33:41.042+0700] {subprocess.py:93} INFO -     raise EnvironmentError(
[2025-10-31T23:33:41.042+0700] {subprocess.py:93} INFO - OSError: Incorrect path_or_model_id: '/opt/***/models/xlm-roberta-base'. Please provide either the path to a local folder or the repo_id of a model on the Hub.
[2025-10-31T23:33:41.043+0700] {subprocess.py:93} INFO - 
[2025-10-31T23:33:41.043+0700] {subprocess.py:93} INFO - 
[2025-10-31T23:33:41.043+0700] {subprocess.py:93} INFO - 	at py4j.Protocol.getReturnValue(Protocol.java:476)
[2025-10-31T23:33:41.043+0700] {subprocess.py:93} INFO - 	at py4j.reflection.PythonProxyHandler.invoke(PythonProxyHandler.java:108)
[2025-10-31T23:33:41.043+0700] {subprocess.py:93} INFO - 	at jdk.proxy3/jdk.proxy3.$Proxy32.call(Unknown Source)
[2025-10-31T23:33:41.043+0700] {subprocess.py:93} INFO - 	at org.apache.spark.sql.execution.streaming.sources.PythonForeachBatchHelper$.$anonfun$callForeachBatch$1(ForeachBatchSink.scala:53)
[2025-10-31T23:33:41.044+0700] {subprocess.py:93} INFO - 	at org.apache.spark.sql.execution.streaming.sources.PythonForeachBatchHelper$.$anonfun$callForeachBatch$1$adapted(ForeachBatchSink.scala:53)
[2025-10-31T23:33:41.044+0700] {subprocess.py:93} INFO - 	at org.apache.spark.sql.execution.streaming.sources.ForeachBatchSink.addBatch(ForeachBatchSink.scala:34)
[2025-10-31T23:33:41.044+0700] {subprocess.py:93} INFO - 	at org.apache.spark.sql.execution.streaming.MicroBatchExecution.$anonfun$runBatch$17(MicroBatchExecution.scala:732)
[2025-10-31T23:33:41.044+0700] {subprocess.py:93} INFO - 	at org.apache.spark.sql.execution.SQLExecution$.$anonfun$withNewExecutionId$6(SQLExecution.scala:125)
[2025-10-31T23:33:41.044+0700] {subprocess.py:93} INFO - 	at org.apache.spark.sql.execution.SQLExecution$.withSQLConfPropagated(SQLExecution.scala:201)
[2025-10-31T23:33:41.044+0700] {subprocess.py:93} INFO - 	at org.apache.spark.sql.execution.SQLExecution$.$anonfun$withNewExecutionId$1(SQLExecution.scala:108)
[2025-10-31T23:33:41.045+0700] {subprocess.py:93} INFO - 	at org.apache.spark.sql.SparkSession.withActive(SparkSession.scala:900)
[2025-10-31T23:33:41.045+0700] {subprocess.py:93} INFO - 	at org.apache.spark.sql.execution.SQLExecution$.withNewExecutionId(SQLExecution.scala:66)
[2025-10-31T23:33:41.045+0700] {subprocess.py:93} INFO - 	at org.apache.spark.sql.execution.streaming.MicroBatchExecution.$anonfun$runBatch$16(MicroBatchExecution.scala:729)
[2025-10-31T23:33:41.045+0700] {subprocess.py:93} INFO - 	at org.apache.spark.sql.execution.streaming.ProgressReporter.reportTimeTaken(ProgressReporter.scala:427)
[2025-10-31T23:33:41.045+0700] {subprocess.py:93} INFO - 	at org.apache.spark.sql.execution.streaming.ProgressReporter.reportTimeTaken$(ProgressReporter.scala:425)
[2025-10-31T23:33:41.045+0700] {subprocess.py:93} INFO - 	at org.apache.spark.sql.execution.streaming.StreamExecution.reportTimeTaken(StreamExecution.scala:67)
[2025-10-31T23:33:41.046+0700] {subprocess.py:93} INFO - 	at org.apache.spark.sql.execution.streaming.MicroBatchExecution.runBatch(MicroBatchExecution.scala:729)
[2025-10-31T23:33:41.046+0700] {subprocess.py:93} INFO - 	at org.apache.spark.sql.execution.streaming.MicroBatchExecution.$anonfun$runActivatedStream$2(MicroBatchExecution.scala:286)
[2025-10-31T23:33:41.046+0700] {subprocess.py:93} INFO - 	at scala.runtime.java8.JFunction0$mcV$sp.apply(JFunction0$mcV$sp.java:23)
[2025-10-31T23:33:41.046+0700] {subprocess.py:93} INFO - 	at org.apache.spark.sql.execution.streaming.ProgressReporter.reportTimeTaken(ProgressReporter.scala:427)
[2025-10-31T23:33:41.046+0700] {subprocess.py:93} INFO - 	at org.apache.spark.sql.execution.streaming.ProgressReporter.reportTimeTaken$(ProgressReporter.scala:425)
[2025-10-31T23:33:41.046+0700] {subprocess.py:93} INFO - 	at org.apache.spark.sql.execution.streaming.StreamExecution.reportTimeTaken(StreamExecution.scala:67)
[2025-10-31T23:33:41.047+0700] {subprocess.py:93} INFO - 	at org.apache.spark.sql.execution.streaming.MicroBatchExecution.$anonfun$runActivatedStream$1(MicroBatchExecution.scala:249)
[2025-10-31T23:33:41.047+0700] {subprocess.py:93} INFO - 	at org.apache.spark.sql.execution.streaming.ProcessingTimeExecutor.execute(TriggerExecutor.scala:67)
[2025-10-31T23:33:41.047+0700] {subprocess.py:93} INFO - 	at org.apache.spark.sql.execution.streaming.MicroBatchExecution.runActivatedStream(MicroBatchExecution.scala:239)
[2025-10-31T23:33:41.047+0700] {subprocess.py:93} INFO - 	at org.apache.spark.sql.execution.streaming.StreamExecution.$anonfun$runStream$1(StreamExecution.scala:311)
[2025-10-31T23:33:41.047+0700] {subprocess.py:93} INFO - 	at scala.runtime.java8.JFunction0$mcV$sp.apply(JFunction0$mcV$sp.java:23)
[2025-10-31T23:33:41.047+0700] {subprocess.py:93} INFO - 	at org.apache.spark.sql.SparkSession.withActive(SparkSession.scala:900)
[2025-10-31T23:33:41.047+0700] {subprocess.py:93} INFO - 	at org.apache.spark.sql.execution.streaming.StreamExecution.org$apache$spark$sql$execution$streaming$StreamExecution$$runStream(StreamExecution.scala:289)
[2025-10-31T23:33:41.048+0700] {subprocess.py:93} INFO - 	at org.apache.spark.sql.execution.streaming.StreamExecution$$anon$1.$anonfun$run$1(StreamExecution.scala:211)
[2025-10-31T23:33:41.048+0700] {subprocess.py:93} INFO - 	at scala.runtime.java8.JFunction0$mcV$sp.apply(JFunction0$mcV$sp.java:23)
[2025-10-31T23:33:41.048+0700] {subprocess.py:93} INFO - 	at org.apache.spark.JobArtifactSet$.withActiveJobArtifactState(JobArtifactSet.scala:94)
[2025-10-31T23:33:41.048+0700] {subprocess.py:93} INFO - 	at org.apache.spark.sql.execution.streaming.StreamExecution$$anon$1.run(StreamExecution.scala:211)
[2025-10-31T23:33:41.095+0700] {subprocess.py:93} INFO - Traceback (most recent call last):
[2025-10-31T23:33:41.096+0700] {subprocess.py:93} INFO -   File "/opt/***/projects/absa_streaming/scripts/consumer_postgres_streaming.py", line 178, in <module>
[2025-10-31T23:33:41.096+0700] {subprocess.py:93} INFO -     query.awaitTermination()
[2025-10-31T23:33:41.096+0700] {subprocess.py:93} INFO -   File "/home/***/.local/lib/python3.12/site-packages/pyspark/python/lib/pyspark.zip/pyspark/sql/streaming/query.py", line 221, in awaitTermination
[2025-10-31T23:33:41.096+0700] {subprocess.py:93} INFO -   File "/home/***/.local/lib/python3.12/site-packages/pyspark/python/lib/py4j-0.10.9.7-src.zip/py4j/java_gateway.py", line 1322, in __call__
[2025-10-31T23:33:41.096+0700] {subprocess.py:93} INFO -   File "/home/***/.local/lib/python3.12/site-packages/pyspark/python/lib/pyspark.zip/pyspark/errors/exceptions/captured.py", line 185, in deco
[2025-10-31T23:33:41.098+0700] {subprocess.py:93} INFO - pyspark.errors.exceptions.captured.StreamingQueryException: [STREAM_FAILED] Query [id = d11fadf7-0784-4120-aba0-5738e24f704a, runId = 757d0817-02f6-46c6-ad6d-49cfcbffeee2] terminated with exception: An exception was raised by the Python Proxy. Return Message: Traceback (most recent call last):
[2025-10-31T23:33:41.098+0700] {subprocess.py:93} INFO -   File "/home/***/.local/lib/python3.12/site-packages/pyspark/python/lib/py4j-0.10.9.7-src.zip/py4j/clientserver.py", line 617, in _call_proxy
[2025-10-31T23:33:41.098+0700] {subprocess.py:93} INFO -     return_value = getattr(self.pool[obj_id], method)(*params)
[2025-10-31T23:33:41.098+0700] {subprocess.py:93} INFO -                    ^^^^^^^^^^^^^^^^^^^^^^^^^^^^^^^^^^^^^^^^^^^
[2025-10-31T23:33:41.099+0700] {subprocess.py:93} INFO -   File "/home/***/.local/lib/python3.12/site-packages/pyspark/python/lib/pyspark.zip/pyspark/sql/utils.py", line 120, in call
[2025-10-31T23:33:41.099+0700] {subprocess.py:93} INFO -     raise e
[2025-10-31T23:33:41.099+0700] {subprocess.py:93} INFO -   File "/home/***/.local/lib/python3.12/site-packages/pyspark/python/lib/pyspark.zip/pyspark/sql/utils.py", line 117, in call
[2025-10-31T23:33:41.099+0700] {subprocess.py:93} INFO -     self.func(DataFrame(jdf, wrapped_session_jdf), batch_id)
[2025-10-31T23:33:41.099+0700] {subprocess.py:93} INFO -   File "/opt/***/projects/absa_streaming/scripts/consumer_postgres_streaming.py", line 128, in write_to_postgres
[2025-10-31T23:33:41.099+0700] {subprocess.py:93} INFO -     total_rows = batch_df.count()
[2025-10-31T23:33:41.100+0700] {subprocess.py:93} INFO -                  ^^^^^^^^^^^^^^^^
[2025-10-31T23:33:41.100+0700] {subprocess.py:93} INFO -   File "/home/***/.local/lib/python3.12/site-packages/pyspark/python/lib/pyspark.zip/pyspark/sql/dataframe.py", line 1238, in count
[2025-10-31T23:33:41.100+0700] {subprocess.py:93} INFO -     return int(self._jdf.count())
[2025-10-31T23:33:41.100+0700] {subprocess.py:93} INFO -                ^^^^^^^^^^^^^^^^^
[2025-10-31T23:33:41.100+0700] {subprocess.py:93} INFO -   File "/home/***/.local/lib/python3.12/site-packages/pyspark/python/lib/py4j-0.10.9.7-src.zip/py4j/java_gateway.py", line 1322, in __call__
[2025-10-31T23:33:41.100+0700] {subprocess.py:93} INFO -     return_value = get_return_value(
[2025-10-31T23:33:41.100+0700] {subprocess.py:93} INFO -                    ^^^^^^^^^^^^^^^^^
[2025-10-31T23:33:41.101+0700] {subprocess.py:93} INFO -   File "/home/***/.local/lib/python3.12/site-packages/pyspark/python/lib/pyspark.zip/pyspark/errors/exceptions/captured.py", line 185, in deco
[2025-10-31T23:33:41.101+0700] {subprocess.py:93} INFO -     raise converted from None
[2025-10-31T23:33:41.101+0700] {subprocess.py:93} INFO - pyspark.errors.exceptions.captured.PythonException:
[2025-10-31T23:33:41.101+0700] {subprocess.py:93} INFO -   An exception was thrown from the Python worker. Please see the stack trace below.
[2025-10-31T23:33:41.101+0700] {subprocess.py:93} INFO - Traceback (most recent call last):
[2025-10-31T23:33:41.101+0700] {subprocess.py:93} INFO -   File "/opt/***/projects/absa_streaming/scripts/consumer_postgres_streaming.py", line 78, in absa_infer_udf
[2025-10-31T23:33:41.101+0700] {subprocess.py:93} INFO -     _tokenizer = AutoTokenizer.from_pretrained(MODEL_NAME, use_fast=True)
[2025-10-31T23:33:41.102+0700] {subprocess.py:93} INFO -                  ^^^^^^^^^^^^^^^^^^^^^^^^^^^^^^^^^^^^^^^^^^^^^^^^^^^^^^^^
[2025-10-31T23:33:41.102+0700] {subprocess.py:93} INFO -   File "/home/***/.local/lib/python3.12/site-packages/transformers/models/auto/tokenization_auto.py", line 817, in from_pretrained
[2025-10-31T23:33:41.102+0700] {subprocess.py:93} INFO -     tokenizer_config = get_tokenizer_config(pretrained_model_name_or_path, **kwargs)
[2025-10-31T23:33:41.102+0700] {subprocess.py:93} INFO -                        ^^^^^^^^^^^^^^^^^^^^^^^^^^^^^^^^^^^^^^^^^^^^^^^^^^^^^^^^^^^^^
[2025-10-31T23:33:41.102+0700] {subprocess.py:93} INFO -   File "/home/***/.local/lib/python3.12/site-packages/transformers/models/auto/tokenization_auto.py", line 649, in get_tokenizer_config
[2025-10-31T23:33:41.102+0700] {subprocess.py:93} INFO -     resolved_config_file = cached_file(
[2025-10-31T23:33:41.102+0700] {subprocess.py:93} INFO -                            ^^^^^^^^^^^^
[2025-10-31T23:33:41.103+0700] {subprocess.py:93} INFO -   File "/home/***/.local/lib/python3.12/site-packages/transformers/utils/hub.py", line 463, in cached_file
[2025-10-31T23:33:41.103+0700] {subprocess.py:93} INFO -     raise EnvironmentError(
[2025-10-31T23:33:41.103+0700] {subprocess.py:93} INFO - OSError: Incorrect path_or_model_id: '/opt/***/models/xlm-roberta-base'. Please provide either the path to a local folder or the repo_id of a model on the Hub.
[2025-10-31T23:33:41.103+0700] {subprocess.py:93} INFO - 
[2025-10-31T23:33:41.103+0700] {subprocess.py:93} INFO - 
[2025-10-31T23:33:41.517+0700] {subprocess.py:97} INFO - Command exited with return code 1
[2025-10-31T23:33:41.518+0700] {taskinstance.py:441} INFO - ::group::Post task execution logs
[2025-10-31T23:33:41.527+0700] {taskinstance.py:2890} ERROR - Task failed with exception
Traceback (most recent call last):
  File "/home/airflow/.local/lib/python3.12/site-packages/airflow/models/taskinstance.py", line 460, in _execute_task
    result = _execute_callable(context=context, **execute_callable_kwargs)
             ^^^^^^^^^^^^^^^^^^^^^^^^^^^^^^^^^^^^^^^^^^^^^^^^^^^^^^^^^^^^^
  File "/home/airflow/.local/lib/python3.12/site-packages/airflow/models/taskinstance.py", line 432, in _execute_callable
    return execute_callable(context=context, **execute_callable_kwargs)
           ^^^^^^^^^^^^^^^^^^^^^^^^^^^^^^^^^^^^^^^^^^^^^^^^^^^^^^^^^^^^
  File "/home/airflow/.local/lib/python3.12/site-packages/airflow/models/baseoperator.py", line 400, in wrapper
    return func(self, *args, **kwargs)
           ^^^^^^^^^^^^^^^^^^^^^^^^^^^
  File "/home/airflow/.local/lib/python3.12/site-packages/airflow/operators/bash.py", line 243, in execute
    raise AirflowException(
airflow.exceptions.AirflowException: Bash command failed. The command returned a non-zero exit code 1.
[2025-10-31T23:33:41.530+0700] {taskinstance.py:1205} INFO - Marking task as FAILED. dag_id=absa_streaming_lifecycle_full, task_id=deploy_consumer, execution_date=20251031T162033, start_date=20251031T163331, end_date=20251031T163341
[2025-10-31T23:33:41.537+0700] {standard_task_runner.py:110} ERROR - Failed to execute job 497 for task deploy_consumer (Bash command failed. The command returned a non-zero exit code 1.; 5365)
[2025-10-31T23:33:41.573+0700] {local_task_job_runner.py:240} INFO - Task exited with return code 1
[2025-10-31T23:33:41.588+0700] {taskinstance.py:3482} INFO - 0 downstream tasks scheduled from follow-on schedule check
[2025-10-31T23:33:41.590+0700] {local_task_job_runner.py:222} INFO - ::endgroup::
