[2025-10-31T23:25:01.782+0700] {local_task_job_runner.py:120} INFO - ::group::Pre task execution logs
[2025-10-31T23:25:01.796+0700] {taskinstance.py:2073} INFO - Dependencies all met for dep_context=non-requeueable deps ti=<TaskInstance: absa_streaming_lifecycle_full.deploy_consumer manual__2025-10-31T16:20:33.309051+00:00 [queued]>
[2025-10-31T23:25:01.799+0700] {taskinstance.py:2073} INFO - Dependencies all met for dep_context=requeueable deps ti=<TaskInstance: absa_streaming_lifecycle_full.deploy_consumer manual__2025-10-31T16:20:33.309051+00:00 [queued]>
[2025-10-31T23:25:01.799+0700] {taskinstance.py:2303} INFO - Starting attempt 3 of 3
[2025-10-31T23:25:01.804+0700] {taskinstance.py:2327} INFO - Executing <Task(BashOperator): deploy_consumer> on 2025-10-31 16:20:33.309051+00:00
[2025-10-31T23:25:01.809+0700] {warnings.py:110} WARNING - /home/***/.local/lib/python3.12/site-packages/***/task/task_runner/standard_task_runner.py:61: DeprecationWarning: This process (pid=3683) is multi-threaded, use of fork() may lead to deadlocks in the child.
  pid = os.fork()

[2025-10-31T23:25:01.810+0700] {standard_task_runner.py:63} INFO - Started process 3694 to run task
[2025-10-31T23:25:01.811+0700] {standard_task_runner.py:90} INFO - Running: ['***', 'tasks', 'run', 'absa_streaming_lifecycle_full', 'deploy_consumer', 'manual__2025-10-31T16:20:33.309051+00:00', '--job-id', '482', '--raw', '--subdir', 'DAGS_FOLDER/absa_streaming_lifecycle_full.py', '--cfg-path', '/tmp/tmpm8oajgkw']
[2025-10-31T23:25:01.813+0700] {standard_task_runner.py:91} INFO - Job 482: Subtask deploy_consumer
[2025-10-31T23:25:01.849+0700] {task_command.py:426} INFO - Running <TaskInstance: absa_streaming_lifecycle_full.deploy_consumer manual__2025-10-31T16:20:33.309051+00:00 [running]> on host f7bb1ad77e89
[2025-10-31T23:25:01.899+0700] {taskinstance.py:2644} INFO - Exporting env vars: AIRFLOW_CTX_DAG_OWNER='***' AIRFLOW_CTX_DAG_ID='absa_streaming_lifecycle_full' AIRFLOW_CTX_TASK_ID='deploy_consumer' AIRFLOW_CTX_EXECUTION_DATE='2025-10-31T16:20:33.309051+00:00' AIRFLOW_CTX_TRY_NUMBER='3' AIRFLOW_CTX_DAG_RUN_ID='manual__2025-10-31T16:20:33.309051+00:00'
[2025-10-31T23:25:01.900+0700] {taskinstance.py:430} INFO - ::endgroup::
[2025-10-31T23:25:01.901+0700] {subprocess.py:63} INFO - Tmp dir root location: /tmp
[2025-10-31T23:25:01.901+0700] {subprocess.py:75} INFO - Running command: ['/usr/bin/bash', '-c', 'bash -c "timeout 45m bash /opt/***/projects/absa_streaming/scripts/run_consumer.sh"']
[2025-10-31T23:25:01.911+0700] {subprocess.py:86} INFO - Output:
[2025-10-31T23:25:01.918+0700] {subprocess.py:93} INFO - [Consumer] Starting Spark Structured Streaming job...
[2025-10-31T23:25:01.953+0700] {subprocess.py:93} INFO - /home/***/.local/lib/python3.12/site-packages/pyspark/bin/load-spark-env.sh: line 68: ps: command not found
[2025-10-31T23:25:02.696+0700] {subprocess.py:93} INFO - :: loading settings :: url = jar:file:/home/***/.local/lib/python3.12/site-packages/pyspark/jars/ivy-2.5.1.jar!/org/apache/ivy/core/settings/ivysettings.xml
[2025-10-31T23:25:02.724+0700] {subprocess.py:93} INFO - Ivy Default Cache set to: /home/***/.ivy2/cache
[2025-10-31T23:25:02.724+0700] {subprocess.py:93} INFO - The jars for the packages stored in: /home/***/.ivy2/jars
[2025-10-31T23:25:02.726+0700] {subprocess.py:93} INFO - org.apache.spark#spark-sql-kafka-0-10_2.12 added as a dependency
[2025-10-31T23:25:02.726+0700] {subprocess.py:93} INFO - org.postgresql#postgresql added as a dependency
[2025-10-31T23:25:02.726+0700] {subprocess.py:93} INFO - :: resolving dependencies :: org.apache.spark#spark-submit-parent-36d0fd0c-01e5-4d3b-bee3-53e794d6210a;1.0
[2025-10-31T23:25:02.727+0700] {subprocess.py:93} INFO - 	confs: [default]
[2025-10-31T23:25:02.804+0700] {subprocess.py:93} INFO - 	found org.apache.spark#spark-sql-kafka-0-10_2.12;3.5.1 in central
[2025-10-31T23:25:02.831+0700] {subprocess.py:93} INFO - 	found org.apache.spark#spark-token-provider-kafka-0-10_2.12;3.5.1 in central
[2025-10-31T23:25:02.843+0700] {subprocess.py:93} INFO - 	found org.apache.kafka#kafka-clients;3.4.1 in central
[2025-10-31T23:25:02.854+0700] {subprocess.py:93} INFO - 	found org.lz4#lz4-java;1.8.0 in central
[2025-10-31T23:25:02.863+0700] {subprocess.py:93} INFO - 	found org.xerial.snappy#snappy-java;1.1.10.3 in central
[2025-10-31T23:25:02.871+0700] {subprocess.py:93} INFO - 	found org.slf4j#slf4j-api;2.0.7 in central
[2025-10-31T23:25:02.881+0700] {subprocess.py:93} INFO - 	found org.apache.hadoop#hadoop-client-runtime;3.3.4 in central
[2025-10-31T23:25:02.892+0700] {subprocess.py:93} INFO - 	found org.apache.hadoop#hadoop-client-api;3.3.4 in central
[2025-10-31T23:25:02.901+0700] {subprocess.py:93} INFO - 	found commons-logging#commons-logging;1.1.3 in central
[2025-10-31T23:25:02.907+0700] {subprocess.py:93} INFO - 	found com.google.code.findbugs#jsr305;3.0.0 in central
[2025-10-31T23:25:02.912+0700] {subprocess.py:93} INFO - 	found org.apache.commons#commons-pool2;2.11.1 in central
[2025-10-31T23:25:02.916+0700] {subprocess.py:93} INFO - 	found org.postgresql#postgresql;42.6.0 in central
[2025-10-31T23:25:02.920+0700] {subprocess.py:93} INFO - 	found org.checkerframework#checker-qual;3.31.0 in central
[2025-10-31T23:25:02.932+0700] {subprocess.py:93} INFO - :: resolution report :: resolve 199ms :: artifacts dl 7ms
[2025-10-31T23:25:02.932+0700] {subprocess.py:93} INFO - 	:: modules in use:
[2025-10-31T23:25:02.933+0700] {subprocess.py:93} INFO - 	com.google.code.findbugs#jsr305;3.0.0 from central in [default]
[2025-10-31T23:25:02.933+0700] {subprocess.py:93} INFO - 	commons-logging#commons-logging;1.1.3 from central in [default]
[2025-10-31T23:25:02.933+0700] {subprocess.py:93} INFO - 	org.apache.commons#commons-pool2;2.11.1 from central in [default]
[2025-10-31T23:25:02.933+0700] {subprocess.py:93} INFO - 	org.apache.hadoop#hadoop-client-api;3.3.4 from central in [default]
[2025-10-31T23:25:02.934+0700] {subprocess.py:93} INFO - 	org.apache.hadoop#hadoop-client-runtime;3.3.4 from central in [default]
[2025-10-31T23:25:02.934+0700] {subprocess.py:93} INFO - 	org.apache.kafka#kafka-clients;3.4.1 from central in [default]
[2025-10-31T23:25:02.934+0700] {subprocess.py:93} INFO - 	org.apache.spark#spark-sql-kafka-0-10_2.12;3.5.1 from central in [default]
[2025-10-31T23:25:02.934+0700] {subprocess.py:93} INFO - 	org.apache.spark#spark-token-provider-kafka-0-10_2.12;3.5.1 from central in [default]
[2025-10-31T23:25:02.934+0700] {subprocess.py:93} INFO - 	org.checkerframework#checker-qual;3.31.0 from central in [default]
[2025-10-31T23:25:02.934+0700] {subprocess.py:93} INFO - 	org.lz4#lz4-java;1.8.0 from central in [default]
[2025-10-31T23:25:02.934+0700] {subprocess.py:93} INFO - 	org.postgresql#postgresql;42.6.0 from central in [default]
[2025-10-31T23:25:02.935+0700] {subprocess.py:93} INFO - 	org.slf4j#slf4j-api;2.0.7 from central in [default]
[2025-10-31T23:25:02.935+0700] {subprocess.py:93} INFO - 	org.xerial.snappy#snappy-java;1.1.10.3 from central in [default]
[2025-10-31T23:25:02.935+0700] {subprocess.py:93} INFO - 	---------------------------------------------------------------------
[2025-10-31T23:25:02.935+0700] {subprocess.py:93} INFO - 	|                  |            modules            ||   artifacts   |
[2025-10-31T23:25:02.935+0700] {subprocess.py:93} INFO - 	|       conf       | number| search|dwnlded|evicted|| number|dwnlded|
[2025-10-31T23:25:02.935+0700] {subprocess.py:93} INFO - 	---------------------------------------------------------------------
[2025-10-31T23:25:02.936+0700] {subprocess.py:93} INFO - 	|      default     |   13  |   0   |   0   |   0   ||   13  |   0   |
[2025-10-31T23:25:02.936+0700] {subprocess.py:93} INFO - 	---------------------------------------------------------------------
[2025-10-31T23:25:02.937+0700] {subprocess.py:93} INFO - :: retrieving :: org.apache.spark#spark-submit-parent-36d0fd0c-01e5-4d3b-bee3-53e794d6210a
[2025-10-31T23:25:02.937+0700] {subprocess.py:93} INFO - 	confs: [default]
[2025-10-31T23:25:02.941+0700] {subprocess.py:93} INFO - 	0 artifacts copied, 13 already retrieved (0kB/4ms)
[2025-10-31T23:25:03.021+0700] {subprocess.py:93} INFO - 25/10/31 23:25:03 WARN NativeCodeLoader: Unable to load native-hadoop library for your platform... using builtin-java classes where applicable
[2025-10-31T23:25:05.215+0700] {subprocess.py:93} INFO - 25/10/31 23:25:05 INFO SparkContext: Running Spark version 3.5.1
[2025-10-31T23:25:05.216+0700] {subprocess.py:93} INFO - 25/10/31 23:25:05 INFO SparkContext: OS info Linux, 5.15.49-linuxkit, aarch64
[2025-10-31T23:25:05.216+0700] {subprocess.py:93} INFO - 25/10/31 23:25:05 INFO SparkContext: Java version 17.0.17
[2025-10-31T23:25:05.224+0700] {subprocess.py:93} INFO - 25/10/31 23:25:05 INFO ResourceUtils: ==============================================================
[2025-10-31T23:25:05.225+0700] {subprocess.py:93} INFO - 25/10/31 23:25:05 INFO ResourceUtils: No custom resources configured for spark.driver.
[2025-10-31T23:25:05.225+0700] {subprocess.py:93} INFO - 25/10/31 23:25:05 INFO ResourceUtils: ==============================================================
[2025-10-31T23:25:05.225+0700] {subprocess.py:93} INFO - 25/10/31 23:25:05 INFO SparkContext: Submitted application: Kafka_ABSA_Postgres
[2025-10-31T23:25:05.233+0700] {subprocess.py:93} INFO - 25/10/31 23:25:05 INFO ResourceProfile: Default ResourceProfile created, executor resources: Map(cores -> name: cores, amount: 1, script: , vendor: , memory -> name: memory, amount: 1024, script: , vendor: , offHeap -> name: offHeap, amount: 0, script: , vendor: ), task resources: Map(cpus -> name: cpus, amount: 1.0)
[2025-10-31T23:25:05.237+0700] {subprocess.py:93} INFO - 25/10/31 23:25:05 INFO ResourceProfile: Limiting resource is cpus at 1 tasks per executor
[2025-10-31T23:25:05.238+0700] {subprocess.py:93} INFO - 25/10/31 23:25:05 INFO ResourceProfileManager: Added ResourceProfile id: 0
[2025-10-31T23:25:05.258+0700] {subprocess.py:93} INFO - 25/10/31 23:25:05 INFO SecurityManager: Changing view acls to: ***
[2025-10-31T23:25:05.259+0700] {subprocess.py:93} INFO - 25/10/31 23:25:05 INFO SecurityManager: Changing modify acls to: ***
[2025-10-31T23:25:05.259+0700] {subprocess.py:93} INFO - 25/10/31 23:25:05 INFO SecurityManager: Changing view acls groups to:
[2025-10-31T23:25:05.259+0700] {subprocess.py:93} INFO - 25/10/31 23:25:05 INFO SecurityManager: Changing modify acls groups to:
[2025-10-31T23:25:05.259+0700] {subprocess.py:93} INFO - 25/10/31 23:25:05 INFO SecurityManager: SecurityManager: authentication disabled; ui acls disabled; users with view permissions: ***; groups with view permissions: EMPTY; users with modify permissions: ***; groups with modify permissions: EMPTY
[2025-10-31T23:25:05.349+0700] {subprocess.py:93} INFO - 25/10/31 23:25:05 INFO Utils: Successfully started service 'sparkDriver' on port 37469.
[2025-10-31T23:25:05.366+0700] {subprocess.py:93} INFO - 25/10/31 23:25:05 INFO SparkEnv: Registering MapOutputTracker
[2025-10-31T23:25:05.382+0700] {subprocess.py:93} INFO - 25/10/31 23:25:05 INFO SparkEnv: Registering BlockManagerMaster
[2025-10-31T23:25:05.390+0700] {subprocess.py:93} INFO - 25/10/31 23:25:05 INFO BlockManagerMasterEndpoint: Using org.apache.spark.storage.DefaultTopologyMapper for getting topology information
[2025-10-31T23:25:05.391+0700] {subprocess.py:93} INFO - 25/10/31 23:25:05 INFO BlockManagerMasterEndpoint: BlockManagerMasterEndpoint up
[2025-10-31T23:25:05.392+0700] {subprocess.py:93} INFO - 25/10/31 23:25:05 INFO SparkEnv: Registering BlockManagerMasterHeartbeat
[2025-10-31T23:25:05.402+0700] {subprocess.py:93} INFO - 25/10/31 23:25:05 INFO DiskBlockManager: Created local directory at /tmp/blockmgr-fbb5819d-a138-4b7e-8958-9c3c0afe3439
[2025-10-31T23:25:05.408+0700] {subprocess.py:93} INFO - 25/10/31 23:25:05 INFO MemoryStore: MemoryStore started with capacity 434.4 MiB
[2025-10-31T23:25:05.415+0700] {subprocess.py:93} INFO - 25/10/31 23:25:05 INFO SparkEnv: Registering OutputCommitCoordinator
[2025-10-31T23:25:05.463+0700] {subprocess.py:93} INFO - 25/10/31 23:25:05 INFO JettyUtils: Start Jetty 0.0.0.0:4040 for SparkUI
[2025-10-31T23:25:05.483+0700] {subprocess.py:93} INFO - 25/10/31 23:25:05 WARN Utils: Service 'SparkUI' could not bind on port 4040. Attempting port 4041.
[2025-10-31T23:25:05.486+0700] {subprocess.py:93} INFO - 25/10/31 23:25:05 INFO Utils: Successfully started service 'SparkUI' on port 4041.
[2025-10-31T23:25:05.500+0700] {subprocess.py:93} INFO - 25/10/31 23:25:05 INFO SparkContext: Added JAR file:///home/***/.ivy2/jars/org.apache.spark_spark-sql-kafka-0-10_2.12-3.5.1.jar at spark://f7bb1ad77e89:37469/jars/org.apache.spark_spark-sql-kafka-0-10_2.12-3.5.1.jar with timestamp 1761927905212
[2025-10-31T23:25:05.501+0700] {subprocess.py:93} INFO - 25/10/31 23:25:05 INFO SparkContext: Added JAR file:///home/***/.ivy2/jars/org.postgresql_postgresql-42.6.0.jar at spark://f7bb1ad77e89:37469/jars/org.postgresql_postgresql-42.6.0.jar with timestamp 1761927905212
[2025-10-31T23:25:05.501+0700] {subprocess.py:93} INFO - 25/10/31 23:25:05 INFO SparkContext: Added JAR file:///home/***/.ivy2/jars/org.apache.spark_spark-token-provider-kafka-0-10_2.12-3.5.1.jar at spark://f7bb1ad77e89:37469/jars/org.apache.spark_spark-token-provider-kafka-0-10_2.12-3.5.1.jar with timestamp 1761927905212
[2025-10-31T23:25:05.501+0700] {subprocess.py:93} INFO - 25/10/31 23:25:05 INFO SparkContext: Added JAR file:///home/***/.ivy2/jars/org.apache.kafka_kafka-clients-3.4.1.jar at spark://f7bb1ad77e89:37469/jars/org.apache.kafka_kafka-clients-3.4.1.jar with timestamp 1761927905212
[2025-10-31T23:25:05.501+0700] {subprocess.py:93} INFO - 25/10/31 23:25:05 INFO SparkContext: Added JAR file:///home/***/.ivy2/jars/com.google.code.findbugs_jsr305-3.0.0.jar at spark://f7bb1ad77e89:37469/jars/com.google.code.findbugs_jsr305-3.0.0.jar with timestamp 1761927905212
[2025-10-31T23:25:05.501+0700] {subprocess.py:93} INFO - 25/10/31 23:25:05 INFO SparkContext: Added JAR file:///home/***/.ivy2/jars/org.apache.commons_commons-pool2-2.11.1.jar at spark://f7bb1ad77e89:37469/jars/org.apache.commons_commons-pool2-2.11.1.jar with timestamp 1761927905212
[2025-10-31T23:25:05.502+0700] {subprocess.py:93} INFO - 25/10/31 23:25:05 INFO SparkContext: Added JAR file:///home/***/.ivy2/jars/org.apache.hadoop_hadoop-client-runtime-3.3.4.jar at spark://f7bb1ad77e89:37469/jars/org.apache.hadoop_hadoop-client-runtime-3.3.4.jar with timestamp 1761927905212
[2025-10-31T23:25:05.502+0700] {subprocess.py:93} INFO - 25/10/31 23:25:05 INFO SparkContext: Added JAR file:///home/***/.ivy2/jars/org.lz4_lz4-java-1.8.0.jar at spark://f7bb1ad77e89:37469/jars/org.lz4_lz4-java-1.8.0.jar with timestamp 1761927905212
[2025-10-31T23:25:05.502+0700] {subprocess.py:93} INFO - 25/10/31 23:25:05 INFO SparkContext: Added JAR file:///home/***/.ivy2/jars/org.xerial.snappy_snappy-java-1.1.10.3.jar at spark://f7bb1ad77e89:37469/jars/org.xerial.snappy_snappy-java-1.1.10.3.jar with timestamp 1761927905212
[2025-10-31T23:25:05.502+0700] {subprocess.py:93} INFO - 25/10/31 23:25:05 INFO SparkContext: Added JAR file:///home/***/.ivy2/jars/org.slf4j_slf4j-api-2.0.7.jar at spark://f7bb1ad77e89:37469/jars/org.slf4j_slf4j-api-2.0.7.jar with timestamp 1761927905212
[2025-10-31T23:25:05.503+0700] {subprocess.py:93} INFO - 25/10/31 23:25:05 INFO SparkContext: Added JAR file:///home/***/.ivy2/jars/org.apache.hadoop_hadoop-client-api-3.3.4.jar at spark://f7bb1ad77e89:37469/jars/org.apache.hadoop_hadoop-client-api-3.3.4.jar with timestamp 1761927905212
[2025-10-31T23:25:05.503+0700] {subprocess.py:93} INFO - 25/10/31 23:25:05 INFO SparkContext: Added JAR file:///home/***/.ivy2/jars/commons-logging_commons-logging-1.1.3.jar at spark://f7bb1ad77e89:37469/jars/commons-logging_commons-logging-1.1.3.jar with timestamp 1761927905212
[2025-10-31T23:25:05.503+0700] {subprocess.py:93} INFO - 25/10/31 23:25:05 INFO SparkContext: Added JAR file:///home/***/.ivy2/jars/org.checkerframework_checker-qual-3.31.0.jar at spark://f7bb1ad77e89:37469/jars/org.checkerframework_checker-qual-3.31.0.jar with timestamp 1761927905212
[2025-10-31T23:25:05.503+0700] {subprocess.py:93} INFO - 25/10/31 23:25:05 INFO SparkContext: Added file file:///home/***/.ivy2/jars/org.apache.spark_spark-sql-kafka-0-10_2.12-3.5.1.jar at file:///home/***/.ivy2/jars/org.apache.spark_spark-sql-kafka-0-10_2.12-3.5.1.jar with timestamp 1761927905212
[2025-10-31T23:25:05.503+0700] {subprocess.py:93} INFO - 25/10/31 23:25:05 INFO Utils: Copying /home/***/.ivy2/jars/org.apache.spark_spark-sql-kafka-0-10_2.12-3.5.1.jar to /tmp/spark-ed812bf4-27ac-41bb-95c3-e4954da912ca/userFiles-27c937d0-9889-43f3-b558-678894d298a2/org.apache.spark_spark-sql-kafka-0-10_2.12-3.5.1.jar
[2025-10-31T23:25:05.511+0700] {subprocess.py:93} INFO - 25/10/31 23:25:05 INFO SparkContext: Added file file:///home/***/.ivy2/jars/org.postgresql_postgresql-42.6.0.jar at file:///home/***/.ivy2/jars/org.postgresql_postgresql-42.6.0.jar with timestamp 1761927905212
[2025-10-31T23:25:05.511+0700] {subprocess.py:93} INFO - 25/10/31 23:25:05 INFO Utils: Copying /home/***/.ivy2/jars/org.postgresql_postgresql-42.6.0.jar to /tmp/spark-ed812bf4-27ac-41bb-95c3-e4954da912ca/userFiles-27c937d0-9889-43f3-b558-678894d298a2/org.postgresql_postgresql-42.6.0.jar
[2025-10-31T23:25:05.517+0700] {subprocess.py:93} INFO - 25/10/31 23:25:05 INFO SparkContext: Added file file:///home/***/.ivy2/jars/org.apache.spark_spark-token-provider-kafka-0-10_2.12-3.5.1.jar at file:///home/***/.ivy2/jars/org.apache.spark_spark-token-provider-kafka-0-10_2.12-3.5.1.jar with timestamp 1761927905212
[2025-10-31T23:25:05.517+0700] {subprocess.py:93} INFO - 25/10/31 23:25:05 INFO Utils: Copying /home/***/.ivy2/jars/org.apache.spark_spark-token-provider-kafka-0-10_2.12-3.5.1.jar to /tmp/spark-ed812bf4-27ac-41bb-95c3-e4954da912ca/userFiles-27c937d0-9889-43f3-b558-678894d298a2/org.apache.spark_spark-token-provider-kafka-0-10_2.12-3.5.1.jar
[2025-10-31T23:25:05.522+0700] {subprocess.py:93} INFO - 25/10/31 23:25:05 INFO SparkContext: Added file file:///home/***/.ivy2/jars/org.apache.kafka_kafka-clients-3.4.1.jar at file:///home/***/.ivy2/jars/org.apache.kafka_kafka-clients-3.4.1.jar with timestamp 1761927905212
[2025-10-31T23:25:05.522+0700] {subprocess.py:93} INFO - 25/10/31 23:25:05 INFO Utils: Copying /home/***/.ivy2/jars/org.apache.kafka_kafka-clients-3.4.1.jar to /tmp/spark-ed812bf4-27ac-41bb-95c3-e4954da912ca/userFiles-27c937d0-9889-43f3-b558-678894d298a2/org.apache.kafka_kafka-clients-3.4.1.jar
[2025-10-31T23:25:05.531+0700] {subprocess.py:93} INFO - 25/10/31 23:25:05 INFO SparkContext: Added file file:///home/***/.ivy2/jars/com.google.code.findbugs_jsr305-3.0.0.jar at file:///home/***/.ivy2/jars/com.google.code.findbugs_jsr305-3.0.0.jar with timestamp 1761927905212
[2025-10-31T23:25:05.531+0700] {subprocess.py:93} INFO - 25/10/31 23:25:05 INFO Utils: Copying /home/***/.ivy2/jars/com.google.code.findbugs_jsr305-3.0.0.jar to /tmp/spark-ed812bf4-27ac-41bb-95c3-e4954da912ca/userFiles-27c937d0-9889-43f3-b558-678894d298a2/com.google.code.findbugs_jsr305-3.0.0.jar
[2025-10-31T23:25:05.535+0700] {subprocess.py:93} INFO - 25/10/31 23:25:05 INFO SparkContext: Added file file:///home/***/.ivy2/jars/org.apache.commons_commons-pool2-2.11.1.jar at file:///home/***/.ivy2/jars/org.apache.commons_commons-pool2-2.11.1.jar with timestamp 1761927905212
[2025-10-31T23:25:05.536+0700] {subprocess.py:93} INFO - 25/10/31 23:25:05 INFO Utils: Copying /home/***/.ivy2/jars/org.apache.commons_commons-pool2-2.11.1.jar to /tmp/spark-ed812bf4-27ac-41bb-95c3-e4954da912ca/userFiles-27c937d0-9889-43f3-b558-678894d298a2/org.apache.commons_commons-pool2-2.11.1.jar
[2025-10-31T23:25:05.540+0700] {subprocess.py:93} INFO - 25/10/31 23:25:05 INFO SparkContext: Added file file:///home/***/.ivy2/jars/org.apache.hadoop_hadoop-client-runtime-3.3.4.jar at file:///home/***/.ivy2/jars/org.apache.hadoop_hadoop-client-runtime-3.3.4.jar with timestamp 1761927905212
[2025-10-31T23:25:05.540+0700] {subprocess.py:93} INFO - 25/10/31 23:25:05 INFO Utils: Copying /home/***/.ivy2/jars/org.apache.hadoop_hadoop-client-runtime-3.3.4.jar to /tmp/spark-ed812bf4-27ac-41bb-95c3-e4954da912ca/userFiles-27c937d0-9889-43f3-b558-678894d298a2/org.apache.hadoop_hadoop-client-runtime-3.3.4.jar
[2025-10-31T23:25:05.565+0700] {subprocess.py:93} INFO - 25/10/31 23:25:05 INFO SparkContext: Added file file:///home/***/.ivy2/jars/org.lz4_lz4-java-1.8.0.jar at file:///home/***/.ivy2/jars/org.lz4_lz4-java-1.8.0.jar with timestamp 1761927905212
[2025-10-31T23:25:05.566+0700] {subprocess.py:93} INFO - 25/10/31 23:25:05 INFO Utils: Copying /home/***/.ivy2/jars/org.lz4_lz4-java-1.8.0.jar to /tmp/spark-ed812bf4-27ac-41bb-95c3-e4954da912ca/userFiles-27c937d0-9889-43f3-b558-678894d298a2/org.lz4_lz4-java-1.8.0.jar
[2025-10-31T23:25:05.570+0700] {subprocess.py:93} INFO - 25/10/31 23:25:05 INFO SparkContext: Added file file:///home/***/.ivy2/jars/org.xerial.snappy_snappy-java-1.1.10.3.jar at file:///home/***/.ivy2/jars/org.xerial.snappy_snappy-java-1.1.10.3.jar with timestamp 1761927905212
[2025-10-31T23:25:05.571+0700] {subprocess.py:93} INFO - 25/10/31 23:25:05 INFO Utils: Copying /home/***/.ivy2/jars/org.xerial.snappy_snappy-java-1.1.10.3.jar to /tmp/spark-ed812bf4-27ac-41bb-95c3-e4954da912ca/userFiles-27c937d0-9889-43f3-b558-678894d298a2/org.xerial.snappy_snappy-java-1.1.10.3.jar
[2025-10-31T23:25:05.576+0700] {subprocess.py:93} INFO - 25/10/31 23:25:05 INFO SparkContext: Added file file:///home/***/.ivy2/jars/org.slf4j_slf4j-api-2.0.7.jar at file:///home/***/.ivy2/jars/org.slf4j_slf4j-api-2.0.7.jar with timestamp 1761927905212
[2025-10-31T23:25:05.577+0700] {subprocess.py:93} INFO - 25/10/31 23:25:05 INFO Utils: Copying /home/***/.ivy2/jars/org.slf4j_slf4j-api-2.0.7.jar to /tmp/spark-ed812bf4-27ac-41bb-95c3-e4954da912ca/userFiles-27c937d0-9889-43f3-b558-678894d298a2/org.slf4j_slf4j-api-2.0.7.jar
[2025-10-31T23:25:05.581+0700] {subprocess.py:93} INFO - 25/10/31 23:25:05 INFO SparkContext: Added file file:///home/***/.ivy2/jars/org.apache.hadoop_hadoop-client-api-3.3.4.jar at file:///home/***/.ivy2/jars/org.apache.hadoop_hadoop-client-api-3.3.4.jar with timestamp 1761927905212
[2025-10-31T23:25:05.582+0700] {subprocess.py:93} INFO - 25/10/31 23:25:05 INFO Utils: Copying /home/***/.ivy2/jars/org.apache.hadoop_hadoop-client-api-3.3.4.jar to /tmp/spark-ed812bf4-27ac-41bb-95c3-e4954da912ca/userFiles-27c937d0-9889-43f3-b558-678894d298a2/org.apache.hadoop_hadoop-client-api-3.3.4.jar
[2025-10-31T23:25:05.600+0700] {subprocess.py:93} INFO - 25/10/31 23:25:05 INFO SparkContext: Added file file:///home/***/.ivy2/jars/commons-logging_commons-logging-1.1.3.jar at file:///home/***/.ivy2/jars/commons-logging_commons-logging-1.1.3.jar with timestamp 1761927905212
[2025-10-31T23:25:05.601+0700] {subprocess.py:93} INFO - 25/10/31 23:25:05 INFO Utils: Copying /home/***/.ivy2/jars/commons-logging_commons-logging-1.1.3.jar to /tmp/spark-ed812bf4-27ac-41bb-95c3-e4954da912ca/userFiles-27c937d0-9889-43f3-b558-678894d298a2/commons-logging_commons-logging-1.1.3.jar
[2025-10-31T23:25:05.605+0700] {subprocess.py:93} INFO - 25/10/31 23:25:05 INFO SparkContext: Added file file:///home/***/.ivy2/jars/org.checkerframework_checker-qual-3.31.0.jar at file:///home/***/.ivy2/jars/org.checkerframework_checker-qual-3.31.0.jar with timestamp 1761927905212
[2025-10-31T23:25:05.606+0700] {subprocess.py:93} INFO - 25/10/31 23:25:05 INFO Utils: Copying /home/***/.ivy2/jars/org.checkerframework_checker-qual-3.31.0.jar to /tmp/spark-ed812bf4-27ac-41bb-95c3-e4954da912ca/userFiles-27c937d0-9889-43f3-b558-678894d298a2/org.checkerframework_checker-qual-3.31.0.jar
[2025-10-31T23:25:05.638+0700] {subprocess.py:93} INFO - 25/10/31 23:25:05 INFO Executor: Starting executor ID driver on host f7bb1ad77e89
[2025-10-31T23:25:05.638+0700] {subprocess.py:93} INFO - 25/10/31 23:25:05 INFO Executor: OS info Linux, 5.15.49-linuxkit, aarch64
[2025-10-31T23:25:05.638+0700] {subprocess.py:93} INFO - 25/10/31 23:25:05 INFO Executor: Java version 17.0.17
[2025-10-31T23:25:05.641+0700] {subprocess.py:93} INFO - 25/10/31 23:25:05 INFO Executor: Starting executor with user classpath (userClassPathFirst = false): ''
[2025-10-31T23:25:05.641+0700] {subprocess.py:93} INFO - 25/10/31 23:25:05 INFO Executor: Created or updated repl class loader org.apache.spark.util.MutableURLClassLoader@26ab7b4a for default.
[2025-10-31T23:25:05.646+0700] {subprocess.py:93} INFO - 25/10/31 23:25:05 INFO Executor: Fetching file:///home/***/.ivy2/jars/org.apache.spark_spark-sql-kafka-0-10_2.12-3.5.1.jar with timestamp 1761927905212
[2025-10-31T23:25:05.657+0700] {subprocess.py:93} INFO - 25/10/31 23:25:05 INFO Utils: /home/***/.ivy2/jars/org.apache.spark_spark-sql-kafka-0-10_2.12-3.5.1.jar has been previously copied to /tmp/spark-ed812bf4-27ac-41bb-95c3-e4954da912ca/userFiles-27c937d0-9889-43f3-b558-678894d298a2/org.apache.spark_spark-sql-kafka-0-10_2.12-3.5.1.jar
[2025-10-31T23:25:05.661+0700] {subprocess.py:93} INFO - 25/10/31 23:25:05 INFO Executor: Fetching file:///home/***/.ivy2/jars/org.apache.hadoop_hadoop-client-runtime-3.3.4.jar with timestamp 1761927905212
[2025-10-31T23:25:05.676+0700] {subprocess.py:93} INFO - 25/10/31 23:25:05 INFO Utils: /home/***/.ivy2/jars/org.apache.hadoop_hadoop-client-runtime-3.3.4.jar has been previously copied to /tmp/spark-ed812bf4-27ac-41bb-95c3-e4954da912ca/userFiles-27c937d0-9889-43f3-b558-678894d298a2/org.apache.hadoop_hadoop-client-runtime-3.3.4.jar
[2025-10-31T23:25:05.682+0700] {subprocess.py:93} INFO - 25/10/31 23:25:05 INFO Executor: Fetching file:///home/***/.ivy2/jars/org.apache.hadoop_hadoop-client-api-3.3.4.jar with timestamp 1761927905212
[2025-10-31T23:25:05.691+0700] {subprocess.py:93} INFO - 25/10/31 23:25:05 INFO Utils: /home/***/.ivy2/jars/org.apache.hadoop_hadoop-client-api-3.3.4.jar has been previously copied to /tmp/spark-ed812bf4-27ac-41bb-95c3-e4954da912ca/userFiles-27c937d0-9889-43f3-b558-678894d298a2/org.apache.hadoop_hadoop-client-api-3.3.4.jar
[2025-10-31T23:25:05.696+0700] {subprocess.py:93} INFO - 25/10/31 23:25:05 INFO Executor: Fetching file:///home/***/.ivy2/jars/org.apache.spark_spark-token-provider-kafka-0-10_2.12-3.5.1.jar with timestamp 1761927905212
[2025-10-31T23:25:05.697+0700] {subprocess.py:93} INFO - 25/10/31 23:25:05 INFO Utils: /home/***/.ivy2/jars/org.apache.spark_spark-token-provider-kafka-0-10_2.12-3.5.1.jar has been previously copied to /tmp/spark-ed812bf4-27ac-41bb-95c3-e4954da912ca/userFiles-27c937d0-9889-43f3-b558-678894d298a2/org.apache.spark_spark-token-provider-kafka-0-10_2.12-3.5.1.jar
[2025-10-31T23:25:05.701+0700] {subprocess.py:93} INFO - 25/10/31 23:25:05 INFO Executor: Fetching file:///home/***/.ivy2/jars/com.google.code.findbugs_jsr305-3.0.0.jar with timestamp 1761927905212
[2025-10-31T23:25:05.701+0700] {subprocess.py:93} INFO - 25/10/31 23:25:05 INFO Utils: /home/***/.ivy2/jars/com.google.code.findbugs_jsr305-3.0.0.jar has been previously copied to /tmp/spark-ed812bf4-27ac-41bb-95c3-e4954da912ca/userFiles-27c937d0-9889-43f3-b558-678894d298a2/com.google.code.findbugs_jsr305-3.0.0.jar
[2025-10-31T23:25:05.706+0700] {subprocess.py:93} INFO - 25/10/31 23:25:05 INFO Executor: Fetching file:///home/***/.ivy2/jars/org.lz4_lz4-java-1.8.0.jar with timestamp 1761927905212
[2025-10-31T23:25:05.707+0700] {subprocess.py:93} INFO - 25/10/31 23:25:05 INFO Utils: /home/***/.ivy2/jars/org.lz4_lz4-java-1.8.0.jar has been previously copied to /tmp/spark-ed812bf4-27ac-41bb-95c3-e4954da912ca/userFiles-27c937d0-9889-43f3-b558-678894d298a2/org.lz4_lz4-java-1.8.0.jar
[2025-10-31T23:25:05.712+0700] {subprocess.py:93} INFO - 25/10/31 23:25:05 INFO Executor: Fetching file:///home/***/.ivy2/jars/org.slf4j_slf4j-api-2.0.7.jar with timestamp 1761927905212
[2025-10-31T23:25:05.712+0700] {subprocess.py:93} INFO - 25/10/31 23:25:05 INFO Utils: /home/***/.ivy2/jars/org.slf4j_slf4j-api-2.0.7.jar has been previously copied to /tmp/spark-ed812bf4-27ac-41bb-95c3-e4954da912ca/userFiles-27c937d0-9889-43f3-b558-678894d298a2/org.slf4j_slf4j-api-2.0.7.jar
[2025-10-31T23:25:05.717+0700] {subprocess.py:93} INFO - 25/10/31 23:25:05 INFO Executor: Fetching file:///home/***/.ivy2/jars/org.checkerframework_checker-qual-3.31.0.jar with timestamp 1761927905212
[2025-10-31T23:25:05.717+0700] {subprocess.py:93} INFO - 25/10/31 23:25:05 INFO Utils: /home/***/.ivy2/jars/org.checkerframework_checker-qual-3.31.0.jar has been previously copied to /tmp/spark-ed812bf4-27ac-41bb-95c3-e4954da912ca/userFiles-27c937d0-9889-43f3-b558-678894d298a2/org.checkerframework_checker-qual-3.31.0.jar
[2025-10-31T23:25:05.722+0700] {subprocess.py:93} INFO - 25/10/31 23:25:05 INFO Executor: Fetching file:///home/***/.ivy2/jars/org.apache.commons_commons-pool2-2.11.1.jar with timestamp 1761927905212
[2025-10-31T23:25:05.722+0700] {subprocess.py:93} INFO - 25/10/31 23:25:05 INFO Utils: /home/***/.ivy2/jars/org.apache.commons_commons-pool2-2.11.1.jar has been previously copied to /tmp/spark-ed812bf4-27ac-41bb-95c3-e4954da912ca/userFiles-27c937d0-9889-43f3-b558-678894d298a2/org.apache.commons_commons-pool2-2.11.1.jar
[2025-10-31T23:25:05.726+0700] {subprocess.py:93} INFO - 25/10/31 23:25:05 INFO Executor: Fetching file:///home/***/.ivy2/jars/commons-logging_commons-logging-1.1.3.jar with timestamp 1761927905212
[2025-10-31T23:25:05.727+0700] {subprocess.py:93} INFO - 25/10/31 23:25:05 INFO Utils: /home/***/.ivy2/jars/commons-logging_commons-logging-1.1.3.jar has been previously copied to /tmp/spark-ed812bf4-27ac-41bb-95c3-e4954da912ca/userFiles-27c937d0-9889-43f3-b558-678894d298a2/commons-logging_commons-logging-1.1.3.jar
[2025-10-31T23:25:05.730+0700] {subprocess.py:93} INFO - 25/10/31 23:25:05 INFO Executor: Fetching file:///home/***/.ivy2/jars/org.xerial.snappy_snappy-java-1.1.10.3.jar with timestamp 1761927905212
[2025-10-31T23:25:05.732+0700] {subprocess.py:93} INFO - 25/10/31 23:25:05 INFO Utils: /home/***/.ivy2/jars/org.xerial.snappy_snappy-java-1.1.10.3.jar has been previously copied to /tmp/spark-ed812bf4-27ac-41bb-95c3-e4954da912ca/userFiles-27c937d0-9889-43f3-b558-678894d298a2/org.xerial.snappy_snappy-java-1.1.10.3.jar
[2025-10-31T23:25:05.736+0700] {subprocess.py:93} INFO - 25/10/31 23:25:05 INFO Executor: Fetching file:///home/***/.ivy2/jars/org.postgresql_postgresql-42.6.0.jar with timestamp 1761927905212
[2025-10-31T23:25:05.737+0700] {subprocess.py:93} INFO - 25/10/31 23:25:05 INFO Utils: /home/***/.ivy2/jars/org.postgresql_postgresql-42.6.0.jar has been previously copied to /tmp/spark-ed812bf4-27ac-41bb-95c3-e4954da912ca/userFiles-27c937d0-9889-43f3-b558-678894d298a2/org.postgresql_postgresql-42.6.0.jar
[2025-10-31T23:25:05.741+0700] {subprocess.py:93} INFO - 25/10/31 23:25:05 INFO Executor: Fetching file:///home/***/.ivy2/jars/org.apache.kafka_kafka-clients-3.4.1.jar with timestamp 1761927905212
[2025-10-31T23:25:05.744+0700] {subprocess.py:93} INFO - 25/10/31 23:25:05 INFO Utils: /home/***/.ivy2/jars/org.apache.kafka_kafka-clients-3.4.1.jar has been previously copied to /tmp/spark-ed812bf4-27ac-41bb-95c3-e4954da912ca/userFiles-27c937d0-9889-43f3-b558-678894d298a2/org.apache.kafka_kafka-clients-3.4.1.jar
[2025-10-31T23:25:05.749+0700] {subprocess.py:93} INFO - 25/10/31 23:25:05 INFO Executor: Fetching spark://f7bb1ad77e89:37469/jars/org.apache.spark_spark-token-provider-kafka-0-10_2.12-3.5.1.jar with timestamp 1761927905212
[2025-10-31T23:25:05.763+0700] {subprocess.py:93} INFO - 25/10/31 23:25:05 INFO TransportClientFactory: Successfully created connection to f7bb1ad77e89/172.23.0.6:37469 after 10 ms (0 ms spent in bootstraps)
[2025-10-31T23:25:05.769+0700] {subprocess.py:93} INFO - 25/10/31 23:25:05 INFO Utils: Fetching spark://f7bb1ad77e89:37469/jars/org.apache.spark_spark-token-provider-kafka-0-10_2.12-3.5.1.jar to /tmp/spark-ed812bf4-27ac-41bb-95c3-e4954da912ca/userFiles-27c937d0-9889-43f3-b558-678894d298a2/fetchFileTemp666236659527963218.tmp
[2025-10-31T23:25:05.782+0700] {subprocess.py:93} INFO - 25/10/31 23:25:05 INFO Utils: /tmp/spark-ed812bf4-27ac-41bb-95c3-e4954da912ca/userFiles-27c937d0-9889-43f3-b558-678894d298a2/fetchFileTemp666236659527963218.tmp has been previously copied to /tmp/spark-ed812bf4-27ac-41bb-95c3-e4954da912ca/userFiles-27c937d0-9889-43f3-b558-678894d298a2/org.apache.spark_spark-token-provider-kafka-0-10_2.12-3.5.1.jar
[2025-10-31T23:25:05.788+0700] {subprocess.py:93} INFO - 25/10/31 23:25:05 INFO Executor: Adding file:/tmp/spark-ed812bf4-27ac-41bb-95c3-e4954da912ca/userFiles-27c937d0-9889-43f3-b558-678894d298a2/org.apache.spark_spark-token-provider-kafka-0-10_2.12-3.5.1.jar to class loader default
[2025-10-31T23:25:05.788+0700] {subprocess.py:93} INFO - 25/10/31 23:25:05 INFO Executor: Fetching spark://f7bb1ad77e89:37469/jars/org.slf4j_slf4j-api-2.0.7.jar with timestamp 1761927905212
[2025-10-31T23:25:05.788+0700] {subprocess.py:93} INFO - 25/10/31 23:25:05 INFO Utils: Fetching spark://f7bb1ad77e89:37469/jars/org.slf4j_slf4j-api-2.0.7.jar to /tmp/spark-ed812bf4-27ac-41bb-95c3-e4954da912ca/userFiles-27c937d0-9889-43f3-b558-678894d298a2/fetchFileTemp11682424836142799007.tmp
[2025-10-31T23:25:05.789+0700] {subprocess.py:93} INFO - 25/10/31 23:25:05 INFO Utils: /tmp/spark-ed812bf4-27ac-41bb-95c3-e4954da912ca/userFiles-27c937d0-9889-43f3-b558-678894d298a2/fetchFileTemp11682424836142799007.tmp has been previously copied to /tmp/spark-ed812bf4-27ac-41bb-95c3-e4954da912ca/userFiles-27c937d0-9889-43f3-b558-678894d298a2/org.slf4j_slf4j-api-2.0.7.jar
[2025-10-31T23:25:05.794+0700] {subprocess.py:93} INFO - 25/10/31 23:25:05 INFO Executor: Adding file:/tmp/spark-ed812bf4-27ac-41bb-95c3-e4954da912ca/userFiles-27c937d0-9889-43f3-b558-678894d298a2/org.slf4j_slf4j-api-2.0.7.jar to class loader default
[2025-10-31T23:25:05.794+0700] {subprocess.py:93} INFO - 25/10/31 23:25:05 INFO Executor: Fetching spark://f7bb1ad77e89:37469/jars/org.checkerframework_checker-qual-3.31.0.jar with timestamp 1761927905212
[2025-10-31T23:25:05.794+0700] {subprocess.py:93} INFO - 25/10/31 23:25:05 INFO Utils: Fetching spark://f7bb1ad77e89:37469/jars/org.checkerframework_checker-qual-3.31.0.jar to /tmp/spark-ed812bf4-27ac-41bb-95c3-e4954da912ca/userFiles-27c937d0-9889-43f3-b558-678894d298a2/fetchFileTemp9319725268943693335.tmp
[2025-10-31T23:25:05.796+0700] {subprocess.py:93} INFO - 25/10/31 23:25:05 INFO Utils: /tmp/spark-ed812bf4-27ac-41bb-95c3-e4954da912ca/userFiles-27c937d0-9889-43f3-b558-678894d298a2/fetchFileTemp9319725268943693335.tmp has been previously copied to /tmp/spark-ed812bf4-27ac-41bb-95c3-e4954da912ca/userFiles-27c937d0-9889-43f3-b558-678894d298a2/org.checkerframework_checker-qual-3.31.0.jar
[2025-10-31T23:25:05.800+0700] {subprocess.py:93} INFO - 25/10/31 23:25:05 INFO Executor: Adding file:/tmp/spark-ed812bf4-27ac-41bb-95c3-e4954da912ca/userFiles-27c937d0-9889-43f3-b558-678894d298a2/org.checkerframework_checker-qual-3.31.0.jar to class loader default
[2025-10-31T23:25:05.800+0700] {subprocess.py:93} INFO - 25/10/31 23:25:05 INFO Executor: Fetching spark://f7bb1ad77e89:37469/jars/org.postgresql_postgresql-42.6.0.jar with timestamp 1761927905212
[2025-10-31T23:25:05.800+0700] {subprocess.py:93} INFO - 25/10/31 23:25:05 INFO Utils: Fetching spark://f7bb1ad77e89:37469/jars/org.postgresql_postgresql-42.6.0.jar to /tmp/spark-ed812bf4-27ac-41bb-95c3-e4954da912ca/userFiles-27c937d0-9889-43f3-b558-678894d298a2/fetchFileTemp14354314575961315068.tmp
[2025-10-31T23:25:05.804+0700] {subprocess.py:93} INFO - 25/10/31 23:25:05 INFO Utils: /tmp/spark-ed812bf4-27ac-41bb-95c3-e4954da912ca/userFiles-27c937d0-9889-43f3-b558-678894d298a2/fetchFileTemp14354314575961315068.tmp has been previously copied to /tmp/spark-ed812bf4-27ac-41bb-95c3-e4954da912ca/userFiles-27c937d0-9889-43f3-b558-678894d298a2/org.postgresql_postgresql-42.6.0.jar
[2025-10-31T23:25:05.809+0700] {subprocess.py:93} INFO - 25/10/31 23:25:05 INFO Executor: Adding file:/tmp/spark-ed812bf4-27ac-41bb-95c3-e4954da912ca/userFiles-27c937d0-9889-43f3-b558-678894d298a2/org.postgresql_postgresql-42.6.0.jar to class loader default
[2025-10-31T23:25:05.809+0700] {subprocess.py:93} INFO - 25/10/31 23:25:05 INFO Executor: Fetching spark://f7bb1ad77e89:37469/jars/commons-logging_commons-logging-1.1.3.jar with timestamp 1761927905212
[2025-10-31T23:25:05.809+0700] {subprocess.py:93} INFO - 25/10/31 23:25:05 INFO Utils: Fetching spark://f7bb1ad77e89:37469/jars/commons-logging_commons-logging-1.1.3.jar to /tmp/spark-ed812bf4-27ac-41bb-95c3-e4954da912ca/userFiles-27c937d0-9889-43f3-b558-678894d298a2/fetchFileTemp15864844628073369293.tmp
[2025-10-31T23:25:05.810+0700] {subprocess.py:93} INFO - 25/10/31 23:25:05 INFO Utils: /tmp/spark-ed812bf4-27ac-41bb-95c3-e4954da912ca/userFiles-27c937d0-9889-43f3-b558-678894d298a2/fetchFileTemp15864844628073369293.tmp has been previously copied to /tmp/spark-ed812bf4-27ac-41bb-95c3-e4954da912ca/userFiles-27c937d0-9889-43f3-b558-678894d298a2/commons-logging_commons-logging-1.1.3.jar
[2025-10-31T23:25:05.814+0700] {subprocess.py:93} INFO - 25/10/31 23:25:05 INFO Executor: Adding file:/tmp/spark-ed812bf4-27ac-41bb-95c3-e4954da912ca/userFiles-27c937d0-9889-43f3-b558-678894d298a2/commons-logging_commons-logging-1.1.3.jar to class loader default
[2025-10-31T23:25:05.815+0700] {subprocess.py:93} INFO - 25/10/31 23:25:05 INFO Executor: Fetching spark://f7bb1ad77e89:37469/jars/org.apache.commons_commons-pool2-2.11.1.jar with timestamp 1761927905212
[2025-10-31T23:25:05.815+0700] {subprocess.py:93} INFO - 25/10/31 23:25:05 INFO Utils: Fetching spark://f7bb1ad77e89:37469/jars/org.apache.commons_commons-pool2-2.11.1.jar to /tmp/spark-ed812bf4-27ac-41bb-95c3-e4954da912ca/userFiles-27c937d0-9889-43f3-b558-678894d298a2/fetchFileTemp8996992584081492153.tmp
[2025-10-31T23:25:05.816+0700] {subprocess.py:93} INFO - 25/10/31 23:25:05 INFO Utils: /tmp/spark-ed812bf4-27ac-41bb-95c3-e4954da912ca/userFiles-27c937d0-9889-43f3-b558-678894d298a2/fetchFileTemp8996992584081492153.tmp has been previously copied to /tmp/spark-ed812bf4-27ac-41bb-95c3-e4954da912ca/userFiles-27c937d0-9889-43f3-b558-678894d298a2/org.apache.commons_commons-pool2-2.11.1.jar
[2025-10-31T23:25:05.820+0700] {subprocess.py:93} INFO - 25/10/31 23:25:05 INFO Executor: Adding file:/tmp/spark-ed812bf4-27ac-41bb-95c3-e4954da912ca/userFiles-27c937d0-9889-43f3-b558-678894d298a2/org.apache.commons_commons-pool2-2.11.1.jar to class loader default
[2025-10-31T23:25:05.820+0700] {subprocess.py:93} INFO - 25/10/31 23:25:05 INFO Executor: Fetching spark://f7bb1ad77e89:37469/jars/org.lz4_lz4-java-1.8.0.jar with timestamp 1761927905212
[2025-10-31T23:25:05.820+0700] {subprocess.py:93} INFO - 25/10/31 23:25:05 INFO Utils: Fetching spark://f7bb1ad77e89:37469/jars/org.lz4_lz4-java-1.8.0.jar to /tmp/spark-ed812bf4-27ac-41bb-95c3-e4954da912ca/userFiles-27c937d0-9889-43f3-b558-678894d298a2/fetchFileTemp14238430072730511265.tmp
[2025-10-31T23:25:05.823+0700] {subprocess.py:93} INFO - 25/10/31 23:25:05 INFO Utils: /tmp/spark-ed812bf4-27ac-41bb-95c3-e4954da912ca/userFiles-27c937d0-9889-43f3-b558-678894d298a2/fetchFileTemp14238430072730511265.tmp has been previously copied to /tmp/spark-ed812bf4-27ac-41bb-95c3-e4954da912ca/userFiles-27c937d0-9889-43f3-b558-678894d298a2/org.lz4_lz4-java-1.8.0.jar
[2025-10-31T23:25:05.827+0700] {subprocess.py:93} INFO - 25/10/31 23:25:05 INFO Executor: Adding file:/tmp/spark-ed812bf4-27ac-41bb-95c3-e4954da912ca/userFiles-27c937d0-9889-43f3-b558-678894d298a2/org.lz4_lz4-java-1.8.0.jar to class loader default
[2025-10-31T23:25:05.828+0700] {subprocess.py:93} INFO - 25/10/31 23:25:05 INFO Executor: Fetching spark://f7bb1ad77e89:37469/jars/org.apache.spark_spark-sql-kafka-0-10_2.12-3.5.1.jar with timestamp 1761927905212
[2025-10-31T23:25:05.828+0700] {subprocess.py:93} INFO - 25/10/31 23:25:05 INFO Utils: Fetching spark://f7bb1ad77e89:37469/jars/org.apache.spark_spark-sql-kafka-0-10_2.12-3.5.1.jar to /tmp/spark-ed812bf4-27ac-41bb-95c3-e4954da912ca/userFiles-27c937d0-9889-43f3-b558-678894d298a2/fetchFileTemp6352769049213445934.tmp
[2025-10-31T23:25:05.829+0700] {subprocess.py:93} INFO - 25/10/31 23:25:05 INFO Utils: /tmp/spark-ed812bf4-27ac-41bb-95c3-e4954da912ca/userFiles-27c937d0-9889-43f3-b558-678894d298a2/fetchFileTemp6352769049213445934.tmp has been previously copied to /tmp/spark-ed812bf4-27ac-41bb-95c3-e4954da912ca/userFiles-27c937d0-9889-43f3-b558-678894d298a2/org.apache.spark_spark-sql-kafka-0-10_2.12-3.5.1.jar
[2025-10-31T23:25:05.834+0700] {subprocess.py:93} INFO - 25/10/31 23:25:05 INFO Executor: Adding file:/tmp/spark-ed812bf4-27ac-41bb-95c3-e4954da912ca/userFiles-27c937d0-9889-43f3-b558-678894d298a2/org.apache.spark_spark-sql-kafka-0-10_2.12-3.5.1.jar to class loader default
[2025-10-31T23:25:05.834+0700] {subprocess.py:93} INFO - 25/10/31 23:25:05 INFO Executor: Fetching spark://f7bb1ad77e89:37469/jars/org.xerial.snappy_snappy-java-1.1.10.3.jar with timestamp 1761927905212
[2025-10-31T23:25:05.834+0700] {subprocess.py:93} INFO - 25/10/31 23:25:05 INFO Utils: Fetching spark://f7bb1ad77e89:37469/jars/org.xerial.snappy_snappy-java-1.1.10.3.jar to /tmp/spark-ed812bf4-27ac-41bb-95c3-e4954da912ca/userFiles-27c937d0-9889-43f3-b558-678894d298a2/fetchFileTemp170209045012192551.tmp
[2025-10-31T23:25:05.840+0700] {subprocess.py:93} INFO - 25/10/31 23:25:05 INFO Utils: /tmp/spark-ed812bf4-27ac-41bb-95c3-e4954da912ca/userFiles-27c937d0-9889-43f3-b558-678894d298a2/fetchFileTemp170209045012192551.tmp has been previously copied to /tmp/spark-ed812bf4-27ac-41bb-95c3-e4954da912ca/userFiles-27c937d0-9889-43f3-b558-678894d298a2/org.xerial.snappy_snappy-java-1.1.10.3.jar
[2025-10-31T23:25:05.844+0700] {subprocess.py:93} INFO - 25/10/31 23:25:05 INFO Executor: Adding file:/tmp/spark-ed812bf4-27ac-41bb-95c3-e4954da912ca/userFiles-27c937d0-9889-43f3-b558-678894d298a2/org.xerial.snappy_snappy-java-1.1.10.3.jar to class loader default
[2025-10-31T23:25:05.845+0700] {subprocess.py:93} INFO - 25/10/31 23:25:05 INFO Executor: Fetching spark://f7bb1ad77e89:37469/jars/org.apache.kafka_kafka-clients-3.4.1.jar with timestamp 1761927905212
[2025-10-31T23:25:05.845+0700] {subprocess.py:93} INFO - 25/10/31 23:25:05 INFO Utils: Fetching spark://f7bb1ad77e89:37469/jars/org.apache.kafka_kafka-clients-3.4.1.jar to /tmp/spark-ed812bf4-27ac-41bb-95c3-e4954da912ca/userFiles-27c937d0-9889-43f3-b558-678894d298a2/fetchFileTemp13965885447340488819.tmp
[2025-10-31T23:25:05.857+0700] {subprocess.py:93} INFO - 25/10/31 23:25:05 INFO Utils: /tmp/spark-ed812bf4-27ac-41bb-95c3-e4954da912ca/userFiles-27c937d0-9889-43f3-b558-678894d298a2/fetchFileTemp13965885447340488819.tmp has been previously copied to /tmp/spark-ed812bf4-27ac-41bb-95c3-e4954da912ca/userFiles-27c937d0-9889-43f3-b558-678894d298a2/org.apache.kafka_kafka-clients-3.4.1.jar
[2025-10-31T23:25:05.862+0700] {subprocess.py:93} INFO - 25/10/31 23:25:05 INFO Executor: Adding file:/tmp/spark-ed812bf4-27ac-41bb-95c3-e4954da912ca/userFiles-27c937d0-9889-43f3-b558-678894d298a2/org.apache.kafka_kafka-clients-3.4.1.jar to class loader default
[2025-10-31T23:25:05.862+0700] {subprocess.py:93} INFO - 25/10/31 23:25:05 INFO Executor: Fetching spark://f7bb1ad77e89:37469/jars/org.apache.hadoop_hadoop-client-api-3.3.4.jar with timestamp 1761927905212
[2025-10-31T23:25:05.863+0700] {subprocess.py:93} INFO - 25/10/31 23:25:05 INFO Utils: Fetching spark://f7bb1ad77e89:37469/jars/org.apache.hadoop_hadoop-client-api-3.3.4.jar to /tmp/spark-ed812bf4-27ac-41bb-95c3-e4954da912ca/userFiles-27c937d0-9889-43f3-b558-678894d298a2/fetchFileTemp9536349597519117686.tmp
[2025-10-31T23:25:05.901+0700] {subprocess.py:93} INFO - 25/10/31 23:25:05 INFO Utils: /tmp/spark-ed812bf4-27ac-41bb-95c3-e4954da912ca/userFiles-27c937d0-9889-43f3-b558-678894d298a2/fetchFileTemp9536349597519117686.tmp has been previously copied to /tmp/spark-ed812bf4-27ac-41bb-95c3-e4954da912ca/userFiles-27c937d0-9889-43f3-b558-678894d298a2/org.apache.hadoop_hadoop-client-api-3.3.4.jar
[2025-10-31T23:25:05.910+0700] {subprocess.py:93} INFO - 25/10/31 23:25:05 INFO Executor: Adding file:/tmp/spark-ed812bf4-27ac-41bb-95c3-e4954da912ca/userFiles-27c937d0-9889-43f3-b558-678894d298a2/org.apache.hadoop_hadoop-client-api-3.3.4.jar to class loader default
[2025-10-31T23:25:05.910+0700] {subprocess.py:93} INFO - 25/10/31 23:25:05 INFO Executor: Fetching spark://f7bb1ad77e89:37469/jars/com.google.code.findbugs_jsr305-3.0.0.jar with timestamp 1761927905212
[2025-10-31T23:25:05.910+0700] {subprocess.py:93} INFO - 25/10/31 23:25:05 INFO Utils: Fetching spark://f7bb1ad77e89:37469/jars/com.google.code.findbugs_jsr305-3.0.0.jar to /tmp/spark-ed812bf4-27ac-41bb-95c3-e4954da912ca/userFiles-27c937d0-9889-43f3-b558-678894d298a2/fetchFileTemp11147540258538937575.tmp
[2025-10-31T23:25:05.911+0700] {subprocess.py:93} INFO - 25/10/31 23:25:05 INFO Utils: /tmp/spark-ed812bf4-27ac-41bb-95c3-e4954da912ca/userFiles-27c937d0-9889-43f3-b558-678894d298a2/fetchFileTemp11147540258538937575.tmp has been previously copied to /tmp/spark-ed812bf4-27ac-41bb-95c3-e4954da912ca/userFiles-27c937d0-9889-43f3-b558-678894d298a2/com.google.code.findbugs_jsr305-3.0.0.jar
[2025-10-31T23:25:05.915+0700] {subprocess.py:93} INFO - 25/10/31 23:25:05 INFO Executor: Adding file:/tmp/spark-ed812bf4-27ac-41bb-95c3-e4954da912ca/userFiles-27c937d0-9889-43f3-b558-678894d298a2/com.google.code.findbugs_jsr305-3.0.0.jar to class loader default
[2025-10-31T23:25:05.915+0700] {subprocess.py:93} INFO - 25/10/31 23:25:05 INFO Executor: Fetching spark://f7bb1ad77e89:37469/jars/org.apache.hadoop_hadoop-client-runtime-3.3.4.jar with timestamp 1761927905212
[2025-10-31T23:25:05.915+0700] {subprocess.py:93} INFO - 25/10/31 23:25:05 INFO Utils: Fetching spark://f7bb1ad77e89:37469/jars/org.apache.hadoop_hadoop-client-runtime-3.3.4.jar to /tmp/spark-ed812bf4-27ac-41bb-95c3-e4954da912ca/userFiles-27c937d0-9889-43f3-b558-678894d298a2/fetchFileTemp14255919477208031730.tmp
[2025-10-31T23:25:05.980+0700] {subprocess.py:93} INFO - 25/10/31 23:25:05 INFO Utils: /tmp/spark-ed812bf4-27ac-41bb-95c3-e4954da912ca/userFiles-27c937d0-9889-43f3-b558-678894d298a2/fetchFileTemp14255919477208031730.tmp has been previously copied to /tmp/spark-ed812bf4-27ac-41bb-95c3-e4954da912ca/userFiles-27c937d0-9889-43f3-b558-678894d298a2/org.apache.hadoop_hadoop-client-runtime-3.3.4.jar
[2025-10-31T23:25:05.990+0700] {subprocess.py:93} INFO - 25/10/31 23:25:05 INFO Executor: Adding file:/tmp/spark-ed812bf4-27ac-41bb-95c3-e4954da912ca/userFiles-27c937d0-9889-43f3-b558-678894d298a2/org.apache.hadoop_hadoop-client-runtime-3.3.4.jar to class loader default
[2025-10-31T23:25:05.994+0700] {subprocess.py:93} INFO - 25/10/31 23:25:05 INFO Utils: Successfully started service 'org.apache.spark.network.netty.NettyBlockTransferService' on port 39807.
[2025-10-31T23:25:05.995+0700] {subprocess.py:93} INFO - 25/10/31 23:25:05 INFO NettyBlockTransferService: Server created on f7bb1ad77e89:39807
[2025-10-31T23:25:05.996+0700] {subprocess.py:93} INFO - 25/10/31 23:25:05 INFO BlockManager: Using org.apache.spark.storage.RandomBlockReplicationPolicy for block replication policy
[2025-10-31T23:25:05.999+0700] {subprocess.py:93} INFO - 25/10/31 23:25:05 INFO BlockManagerMaster: Registering BlockManager BlockManagerId(driver, f7bb1ad77e89, 39807, None)
[2025-10-31T23:25:06.000+0700] {subprocess.py:93} INFO - 25/10/31 23:25:06 INFO BlockManagerMasterEndpoint: Registering block manager f7bb1ad77e89:39807 with 434.4 MiB RAM, BlockManagerId(driver, f7bb1ad77e89, 39807, None)
[2025-10-31T23:25:06.002+0700] {subprocess.py:93} INFO - 25/10/31 23:25:06 INFO BlockManagerMaster: Registered BlockManager BlockManagerId(driver, f7bb1ad77e89, 39807, None)
[2025-10-31T23:25:06.002+0700] {subprocess.py:93} INFO - 25/10/31 23:25:06 INFO BlockManager: Initialized BlockManager: BlockManagerId(driver, f7bb1ad77e89, 39807, None)
[2025-10-31T23:25:07.170+0700] {subprocess.py:93} INFO - 25/10/31 23:25:07 WARN ResolveWriteToStream: spark.sql.adaptive.enabled is not supported in streaming DataFrames/Datasets and will be disabled.
[2025-10-31T23:25:07.272+0700] {subprocess.py:93} INFO - 🚀 Streaming job started — đang lắng nghe dữ liệu từ Kafka...
[2025-10-31T23:25:07.349+0700] {subprocess.py:93} INFO - 25/10/31 23:25:07 WARN AdminClientConfig: These configurations '[key.deserializer, value.deserializer, enable.auto.commit, max.poll.records, auto.offset.reset]' were supplied but are not used yet.
[2025-10-31T23:25:07.488+0700] {subprocess.py:93} INFO - 25/10/31 23:25:07 WARN KafkaOffsetReaderAdmin: Error in attempt 1 getting Kafka offsets:
[2025-10-31T23:25:07.489+0700] {subprocess.py:93} INFO - java.util.concurrent.ExecutionException: org.apache.kafka.common.errors.UnknownTopicOrPartitionException: This server does not host this topic-partition.
[2025-10-31T23:25:07.489+0700] {subprocess.py:93} INFO - 	at java.base/java.util.concurrent.CompletableFuture.reportGet(CompletableFuture.java:396)
[2025-10-31T23:25:07.489+0700] {subprocess.py:93} INFO - 	at java.base/java.util.concurrent.CompletableFuture.get(CompletableFuture.java:2073)
[2025-10-31T23:25:07.489+0700] {subprocess.py:93} INFO - 	at org.apache.kafka.common.internals.KafkaFutureImpl.get(KafkaFutureImpl.java:165)
[2025-10-31T23:25:07.490+0700] {subprocess.py:93} INFO - 	at org.apache.spark.sql.kafka010.ConsumerStrategy.retrieveAllPartitions(ConsumerStrategy.scala:66)
[2025-10-31T23:25:07.490+0700] {subprocess.py:93} INFO - 	at org.apache.spark.sql.kafka010.ConsumerStrategy.retrieveAllPartitions$(ConsumerStrategy.scala:65)
[2025-10-31T23:25:07.490+0700] {subprocess.py:93} INFO - 	at org.apache.spark.sql.kafka010.SubscribeStrategy.retrieveAllPartitions(ConsumerStrategy.scala:102)
[2025-10-31T23:25:07.490+0700] {subprocess.py:93} INFO - 	at org.apache.spark.sql.kafka010.SubscribeStrategy.assignedTopicPartitions(ConsumerStrategy.scala:113)
[2025-10-31T23:25:07.490+0700] {subprocess.py:93} INFO - 	at org.apache.spark.sql.kafka010.KafkaOffsetReaderAdmin.$anonfun$partitionsAssignedToAdmin$1(KafkaOffsetReaderAdmin.scala:499)
[2025-10-31T23:25:07.490+0700] {subprocess.py:93} INFO - 	at org.apache.spark.sql.kafka010.KafkaOffsetReaderAdmin.withRetries(KafkaOffsetReaderAdmin.scala:518)
[2025-10-31T23:25:07.491+0700] {subprocess.py:93} INFO - 	at org.apache.spark.sql.kafka010.KafkaOffsetReaderAdmin.partitionsAssignedToAdmin(KafkaOffsetReaderAdmin.scala:498)
[2025-10-31T23:25:07.491+0700] {subprocess.py:93} INFO - 	at org.apache.spark.sql.kafka010.KafkaOffsetReaderAdmin.fetchEarliestOffsets(KafkaOffsetReaderAdmin.scala:288)
[2025-10-31T23:25:07.491+0700] {subprocess.py:93} INFO - 	at org.apache.spark.sql.kafka010.KafkaMicroBatchStream.$anonfun$getOrCreateInitialPartitionOffsets$1(KafkaMicroBatchStream.scala:244)
[2025-10-31T23:25:07.491+0700] {subprocess.py:93} INFO - 	at scala.Option.getOrElse(Option.scala:189)
[2025-10-31T23:25:07.491+0700] {subprocess.py:93} INFO - 	at org.apache.spark.sql.kafka010.KafkaMicroBatchStream.getOrCreateInitialPartitionOffsets(KafkaMicroBatchStream.scala:241)
[2025-10-31T23:25:07.491+0700] {subprocess.py:93} INFO - 	at org.apache.spark.sql.kafka010.KafkaMicroBatchStream.initialOffset(KafkaMicroBatchStream.scala:98)
[2025-10-31T23:25:07.491+0700] {subprocess.py:93} INFO - 	at org.apache.spark.sql.execution.streaming.MicroBatchExecution.$anonfun$getStartOffset$2(MicroBatchExecution.scala:457)
[2025-10-31T23:25:07.492+0700] {subprocess.py:93} INFO - 	at scala.Option.getOrElse(Option.scala:189)
[2025-10-31T23:25:07.492+0700] {subprocess.py:93} INFO - 	at org.apache.spark.sql.execution.streaming.MicroBatchExecution.getStartOffset(MicroBatchExecution.scala:457)
[2025-10-31T23:25:07.492+0700] {subprocess.py:93} INFO - 	at org.apache.spark.sql.execution.streaming.MicroBatchExecution.$anonfun$constructNextBatch$4(MicroBatchExecution.scala:491)
[2025-10-31T23:25:07.492+0700] {subprocess.py:93} INFO - 	at org.apache.spark.sql.execution.streaming.ProgressReporter.reportTimeTaken(ProgressReporter.scala:427)
[2025-10-31T23:25:07.492+0700] {subprocess.py:93} INFO - 	at org.apache.spark.sql.execution.streaming.ProgressReporter.reportTimeTaken$(ProgressReporter.scala:425)
[2025-10-31T23:25:07.492+0700] {subprocess.py:93} INFO - 	at org.apache.spark.sql.execution.streaming.StreamExecution.reportTimeTaken(StreamExecution.scala:67)
[2025-10-31T23:25:07.492+0700] {subprocess.py:93} INFO - 	at org.apache.spark.sql.execution.streaming.MicroBatchExecution.$anonfun$constructNextBatch$2(MicroBatchExecution.scala:490)
[2025-10-31T23:25:07.493+0700] {subprocess.py:93} INFO - 	at scala.collection.TraversableLike.$anonfun$map$1(TraversableLike.scala:286)
[2025-10-31T23:25:07.493+0700] {subprocess.py:93} INFO - 	at scala.collection.Iterator.foreach(Iterator.scala:943)
[2025-10-31T23:25:07.493+0700] {subprocess.py:93} INFO - 	at scala.collection.Iterator.foreach$(Iterator.scala:943)
[2025-10-31T23:25:07.493+0700] {subprocess.py:93} INFO - 	at scala.collection.AbstractIterator.foreach(Iterator.scala:1431)
[2025-10-31T23:25:07.493+0700] {subprocess.py:93} INFO - 	at scala.collection.IterableLike.foreach(IterableLike.scala:74)
[2025-10-31T23:25:07.493+0700] {subprocess.py:93} INFO - 	at scala.collection.IterableLike.foreach$(IterableLike.scala:73)
[2025-10-31T23:25:07.494+0700] {subprocess.py:93} INFO - 	at scala.collection.AbstractIterable.foreach(Iterable.scala:56)
[2025-10-31T23:25:07.494+0700] {subprocess.py:93} INFO - 	at scala.collection.TraversableLike.map(TraversableLike.scala:286)
[2025-10-31T23:25:07.494+0700] {subprocess.py:93} INFO - 	at scala.collection.TraversableLike.map$(TraversableLike.scala:279)
[2025-10-31T23:25:07.494+0700] {subprocess.py:93} INFO - 	at scala.collection.AbstractTraversable.map(Traversable.scala:108)
[2025-10-31T23:25:07.494+0700] {subprocess.py:93} INFO - 	at org.apache.spark.sql.execution.streaming.MicroBatchExecution.$anonfun$constructNextBatch$1(MicroBatchExecution.scala:479)
[2025-10-31T23:25:07.494+0700] {subprocess.py:93} INFO - 	at scala.runtime.java8.JFunction0$mcZ$sp.apply(JFunction0$mcZ$sp.java:23)
[2025-10-31T23:25:07.495+0700] {subprocess.py:93} INFO - 	at org.apache.spark.sql.execution.streaming.MicroBatchExecution.withProgressLocked(MicroBatchExecution.scala:810)
[2025-10-31T23:25:07.495+0700] {subprocess.py:93} INFO - 	at org.apache.spark.sql.execution.streaming.MicroBatchExecution.constructNextBatch(MicroBatchExecution.scala:475)
[2025-10-31T23:25:07.495+0700] {subprocess.py:93} INFO - 	at org.apache.spark.sql.execution.streaming.MicroBatchExecution.$anonfun$runActivatedStream$2(MicroBatchExecution.scala:268)
[2025-10-31T23:25:07.495+0700] {subprocess.py:93} INFO - 	at scala.runtime.java8.JFunction0$mcV$sp.apply(JFunction0$mcV$sp.java:23)
[2025-10-31T23:25:07.495+0700] {subprocess.py:93} INFO - 	at org.apache.spark.sql.execution.streaming.ProgressReporter.reportTimeTaken(ProgressReporter.scala:427)
[2025-10-31T23:25:07.495+0700] {subprocess.py:93} INFO - 	at org.apache.spark.sql.execution.streaming.ProgressReporter.reportTimeTaken$(ProgressReporter.scala:425)
[2025-10-31T23:25:07.496+0700] {subprocess.py:93} INFO - 	at org.apache.spark.sql.execution.streaming.StreamExecution.reportTimeTaken(StreamExecution.scala:67)
[2025-10-31T23:25:07.496+0700] {subprocess.py:93} INFO - 	at org.apache.spark.sql.execution.streaming.MicroBatchExecution.$anonfun$runActivatedStream$1(MicroBatchExecution.scala:249)
[2025-10-31T23:25:07.496+0700] {subprocess.py:93} INFO - 	at org.apache.spark.sql.execution.streaming.ProcessingTimeExecutor.execute(TriggerExecutor.scala:67)
[2025-10-31T23:25:07.496+0700] {subprocess.py:93} INFO - 	at org.apache.spark.sql.execution.streaming.MicroBatchExecution.runActivatedStream(MicroBatchExecution.scala:239)
[2025-10-31T23:25:07.496+0700] {subprocess.py:93} INFO - 	at org.apache.spark.sql.execution.streaming.StreamExecution.$anonfun$runStream$1(StreamExecution.scala:311)
[2025-10-31T23:25:07.496+0700] {subprocess.py:93} INFO - 	at scala.runtime.java8.JFunction0$mcV$sp.apply(JFunction0$mcV$sp.java:23)
[2025-10-31T23:25:07.496+0700] {subprocess.py:93} INFO - 	at org.apache.spark.sql.SparkSession.withActive(SparkSession.scala:900)
[2025-10-31T23:25:07.497+0700] {subprocess.py:93} INFO - 	at org.apache.spark.sql.execution.streaming.StreamExecution.org$apache$spark$sql$execution$streaming$StreamExecution$$runStream(StreamExecution.scala:289)
[2025-10-31T23:25:07.497+0700] {subprocess.py:93} INFO - 	at org.apache.spark.sql.execution.streaming.StreamExecution$$anon$1.$anonfun$run$1(StreamExecution.scala:211)
[2025-10-31T23:25:07.497+0700] {subprocess.py:93} INFO - 	at scala.runtime.java8.JFunction0$mcV$sp.apply(JFunction0$mcV$sp.java:23)
[2025-10-31T23:25:07.497+0700] {subprocess.py:93} INFO - 	at org.apache.spark.JobArtifactSet$.withActiveJobArtifactState(JobArtifactSet.scala:94)
[2025-10-31T23:25:07.497+0700] {subprocess.py:93} INFO - 	at org.apache.spark.sql.execution.streaming.StreamExecution$$anon$1.run(StreamExecution.scala:211)
[2025-10-31T23:25:07.497+0700] {subprocess.py:93} INFO - Caused by: org.apache.kafka.common.errors.UnknownTopicOrPartitionException: This server does not host this topic-partition.
[2025-10-31T23:25:08.495+0700] {subprocess.py:93} INFO - 25/10/31 23:25:08 WARN AdminClientConfig: These configurations '[key.deserializer, value.deserializer, enable.auto.commit, max.poll.records, auto.offset.reset]' were supplied but are not used yet.
[2025-10-31T23:25:08.500+0700] {subprocess.py:93} INFO - 25/10/31 23:25:08 WARN KafkaOffsetReaderAdmin: Error in attempt 2 getting Kafka offsets:
[2025-10-31T23:25:08.501+0700] {subprocess.py:93} INFO - java.util.concurrent.ExecutionException: org.apache.kafka.common.errors.UnknownTopicOrPartitionException: This server does not host this topic-partition.
[2025-10-31T23:25:08.501+0700] {subprocess.py:93} INFO - 	at java.base/java.util.concurrent.CompletableFuture.reportGet(CompletableFuture.java:396)
[2025-10-31T23:25:08.501+0700] {subprocess.py:93} INFO - 	at java.base/java.util.concurrent.CompletableFuture.get(CompletableFuture.java:2073)
[2025-10-31T23:25:08.501+0700] {subprocess.py:93} INFO - 	at org.apache.kafka.common.internals.KafkaFutureImpl.get(KafkaFutureImpl.java:165)
[2025-10-31T23:25:08.501+0700] {subprocess.py:93} INFO - 	at org.apache.spark.sql.kafka010.ConsumerStrategy.retrieveAllPartitions(ConsumerStrategy.scala:66)
[2025-10-31T23:25:08.502+0700] {subprocess.py:93} INFO - 	at org.apache.spark.sql.kafka010.ConsumerStrategy.retrieveAllPartitions$(ConsumerStrategy.scala:65)
[2025-10-31T23:25:08.502+0700] {subprocess.py:93} INFO - 	at org.apache.spark.sql.kafka010.SubscribeStrategy.retrieveAllPartitions(ConsumerStrategy.scala:102)
[2025-10-31T23:25:08.502+0700] {subprocess.py:93} INFO - 	at org.apache.spark.sql.kafka010.SubscribeStrategy.assignedTopicPartitions(ConsumerStrategy.scala:113)
[2025-10-31T23:25:08.502+0700] {subprocess.py:93} INFO - 	at org.apache.spark.sql.kafka010.KafkaOffsetReaderAdmin.$anonfun$partitionsAssignedToAdmin$1(KafkaOffsetReaderAdmin.scala:499)
[2025-10-31T23:25:08.502+0700] {subprocess.py:93} INFO - 	at org.apache.spark.sql.kafka010.KafkaOffsetReaderAdmin.withRetries(KafkaOffsetReaderAdmin.scala:518)
[2025-10-31T23:25:08.503+0700] {subprocess.py:93} INFO - 	at org.apache.spark.sql.kafka010.KafkaOffsetReaderAdmin.partitionsAssignedToAdmin(KafkaOffsetReaderAdmin.scala:498)
[2025-10-31T23:25:08.503+0700] {subprocess.py:93} INFO - 	at org.apache.spark.sql.kafka010.KafkaOffsetReaderAdmin.fetchEarliestOffsets(KafkaOffsetReaderAdmin.scala:288)
[2025-10-31T23:25:08.503+0700] {subprocess.py:93} INFO - 	at org.apache.spark.sql.kafka010.KafkaMicroBatchStream.$anonfun$getOrCreateInitialPartitionOffsets$1(KafkaMicroBatchStream.scala:244)
[2025-10-31T23:25:08.503+0700] {subprocess.py:93} INFO - 	at scala.Option.getOrElse(Option.scala:189)
[2025-10-31T23:25:08.503+0700] {subprocess.py:93} INFO - 	at org.apache.spark.sql.kafka010.KafkaMicroBatchStream.getOrCreateInitialPartitionOffsets(KafkaMicroBatchStream.scala:241)
[2025-10-31T23:25:08.503+0700] {subprocess.py:93} INFO - 	at org.apache.spark.sql.kafka010.KafkaMicroBatchStream.initialOffset(KafkaMicroBatchStream.scala:98)
[2025-10-31T23:25:08.504+0700] {subprocess.py:93} INFO - 	at org.apache.spark.sql.execution.streaming.MicroBatchExecution.$anonfun$getStartOffset$2(MicroBatchExecution.scala:457)
[2025-10-31T23:25:08.504+0700] {subprocess.py:93} INFO - 	at scala.Option.getOrElse(Option.scala:189)
[2025-10-31T23:25:08.504+0700] {subprocess.py:93} INFO - 	at org.apache.spark.sql.execution.streaming.MicroBatchExecution.getStartOffset(MicroBatchExecution.scala:457)
[2025-10-31T23:25:08.504+0700] {subprocess.py:93} INFO - 	at org.apache.spark.sql.execution.streaming.MicroBatchExecution.$anonfun$constructNextBatch$4(MicroBatchExecution.scala:491)
[2025-10-31T23:25:08.505+0700] {subprocess.py:93} INFO - 	at org.apache.spark.sql.execution.streaming.ProgressReporter.reportTimeTaken(ProgressReporter.scala:427)
[2025-10-31T23:25:08.505+0700] {subprocess.py:93} INFO - 	at org.apache.spark.sql.execution.streaming.ProgressReporter.reportTimeTaken$(ProgressReporter.scala:425)
[2025-10-31T23:25:08.505+0700] {subprocess.py:93} INFO - 	at org.apache.spark.sql.execution.streaming.StreamExecution.reportTimeTaken(StreamExecution.scala:67)
[2025-10-31T23:25:08.505+0700] {subprocess.py:93} INFO - 	at org.apache.spark.sql.execution.streaming.MicroBatchExecution.$anonfun$constructNextBatch$2(MicroBatchExecution.scala:490)
[2025-10-31T23:25:08.505+0700] {subprocess.py:93} INFO - 	at scala.collection.TraversableLike.$anonfun$map$1(TraversableLike.scala:286)
[2025-10-31T23:25:08.506+0700] {subprocess.py:93} INFO - 	at scala.collection.Iterator.foreach(Iterator.scala:943)
[2025-10-31T23:25:08.506+0700] {subprocess.py:93} INFO - 	at scala.collection.Iterator.foreach$(Iterator.scala:943)
[2025-10-31T23:25:08.506+0700] {subprocess.py:93} INFO - 	at scala.collection.AbstractIterator.foreach(Iterator.scala:1431)
[2025-10-31T23:25:08.506+0700] {subprocess.py:93} INFO - 	at scala.collection.IterableLike.foreach(IterableLike.scala:74)
[2025-10-31T23:25:08.506+0700] {subprocess.py:93} INFO - 	at scala.collection.IterableLike.foreach$(IterableLike.scala:73)
[2025-10-31T23:25:08.506+0700] {subprocess.py:93} INFO - 	at scala.collection.AbstractIterable.foreach(Iterable.scala:56)
[2025-10-31T23:25:08.507+0700] {subprocess.py:93} INFO - 	at scala.collection.TraversableLike.map(TraversableLike.scala:286)
[2025-10-31T23:25:08.507+0700] {subprocess.py:93} INFO - 	at scala.collection.TraversableLike.map$(TraversableLike.scala:279)
[2025-10-31T23:25:08.507+0700] {subprocess.py:93} INFO - 	at scala.collection.AbstractTraversable.map(Traversable.scala:108)
[2025-10-31T23:25:08.507+0700] {subprocess.py:93} INFO - 	at org.apache.spark.sql.execution.streaming.MicroBatchExecution.$anonfun$constructNextBatch$1(MicroBatchExecution.scala:479)
[2025-10-31T23:25:08.507+0700] {subprocess.py:93} INFO - 	at scala.runtime.java8.JFunction0$mcZ$sp.apply(JFunction0$mcZ$sp.java:23)
[2025-10-31T23:25:08.507+0700] {subprocess.py:93} INFO - 	at org.apache.spark.sql.execution.streaming.MicroBatchExecution.withProgressLocked(MicroBatchExecution.scala:810)
[2025-10-31T23:25:08.507+0700] {subprocess.py:93} INFO - 	at org.apache.spark.sql.execution.streaming.MicroBatchExecution.constructNextBatch(MicroBatchExecution.scala:475)
[2025-10-31T23:25:08.508+0700] {subprocess.py:93} INFO - 	at org.apache.spark.sql.execution.streaming.MicroBatchExecution.$anonfun$runActivatedStream$2(MicroBatchExecution.scala:268)
[2025-10-31T23:25:08.508+0700] {subprocess.py:93} INFO - 	at scala.runtime.java8.JFunction0$mcV$sp.apply(JFunction0$mcV$sp.java:23)
[2025-10-31T23:25:08.508+0700] {subprocess.py:93} INFO - 	at org.apache.spark.sql.execution.streaming.ProgressReporter.reportTimeTaken(ProgressReporter.scala:427)
[2025-10-31T23:25:08.508+0700] {subprocess.py:93} INFO - 	at org.apache.spark.sql.execution.streaming.ProgressReporter.reportTimeTaken$(ProgressReporter.scala:425)
[2025-10-31T23:25:08.508+0700] {subprocess.py:93} INFO - 	at org.apache.spark.sql.execution.streaming.StreamExecution.reportTimeTaken(StreamExecution.scala:67)
[2025-10-31T23:25:08.509+0700] {subprocess.py:93} INFO - 	at org.apache.spark.sql.execution.streaming.MicroBatchExecution.$anonfun$runActivatedStream$1(MicroBatchExecution.scala:249)
[2025-10-31T23:25:08.509+0700] {subprocess.py:93} INFO - 	at org.apache.spark.sql.execution.streaming.ProcessingTimeExecutor.execute(TriggerExecutor.scala:67)
[2025-10-31T23:25:08.509+0700] {subprocess.py:93} INFO - 	at org.apache.spark.sql.execution.streaming.MicroBatchExecution.runActivatedStream(MicroBatchExecution.scala:239)
[2025-10-31T23:25:08.509+0700] {subprocess.py:93} INFO - 	at org.apache.spark.sql.execution.streaming.StreamExecution.$anonfun$runStream$1(StreamExecution.scala:311)
[2025-10-31T23:25:08.509+0700] {subprocess.py:93} INFO - 	at scala.runtime.java8.JFunction0$mcV$sp.apply(JFunction0$mcV$sp.java:23)
[2025-10-31T23:25:08.509+0700] {subprocess.py:93} INFO - 	at org.apache.spark.sql.SparkSession.withActive(SparkSession.scala:900)
[2025-10-31T23:25:08.510+0700] {subprocess.py:93} INFO - 	at org.apache.spark.sql.execution.streaming.StreamExecution.org$apache$spark$sql$execution$streaming$StreamExecution$$runStream(StreamExecution.scala:289)
[2025-10-31T23:25:08.510+0700] {subprocess.py:93} INFO - 	at org.apache.spark.sql.execution.streaming.StreamExecution$$anon$1.$anonfun$run$1(StreamExecution.scala:211)
[2025-10-31T23:25:08.510+0700] {subprocess.py:93} INFO - 	at scala.runtime.java8.JFunction0$mcV$sp.apply(JFunction0$mcV$sp.java:23)
[2025-10-31T23:25:08.510+0700] {subprocess.py:93} INFO - 	at org.apache.spark.JobArtifactSet$.withActiveJobArtifactState(JobArtifactSet.scala:94)
[2025-10-31T23:25:08.510+0700] {subprocess.py:93} INFO - 	at org.apache.spark.sql.execution.streaming.StreamExecution$$anon$1.run(StreamExecution.scala:211)
[2025-10-31T23:25:08.510+0700] {subprocess.py:93} INFO - Caused by: org.apache.kafka.common.errors.UnknownTopicOrPartitionException: This server does not host this topic-partition.
[2025-10-31T23:25:09.505+0700] {subprocess.py:93} INFO - 25/10/31 23:25:09 WARN AdminClientConfig: These configurations '[key.deserializer, value.deserializer, enable.auto.commit, max.poll.records, auto.offset.reset]' were supplied but are not used yet.
[2025-10-31T23:25:09.511+0700] {subprocess.py:93} INFO - 25/10/31 23:25:09 WARN KafkaOffsetReaderAdmin: Error in attempt 3 getting Kafka offsets:
[2025-10-31T23:25:09.511+0700] {subprocess.py:93} INFO - java.util.concurrent.ExecutionException: org.apache.kafka.common.errors.UnknownTopicOrPartitionException: This server does not host this topic-partition.
[2025-10-31T23:25:09.511+0700] {subprocess.py:93} INFO - 	at java.base/java.util.concurrent.CompletableFuture.reportGet(CompletableFuture.java:396)
[2025-10-31T23:25:09.512+0700] {subprocess.py:93} INFO - 	at java.base/java.util.concurrent.CompletableFuture.get(CompletableFuture.java:2073)
[2025-10-31T23:25:09.512+0700] {subprocess.py:93} INFO - 	at org.apache.kafka.common.internals.KafkaFutureImpl.get(KafkaFutureImpl.java:165)
[2025-10-31T23:25:09.512+0700] {subprocess.py:93} INFO - 	at org.apache.spark.sql.kafka010.ConsumerStrategy.retrieveAllPartitions(ConsumerStrategy.scala:66)
[2025-10-31T23:25:09.512+0700] {subprocess.py:93} INFO - 	at org.apache.spark.sql.kafka010.ConsumerStrategy.retrieveAllPartitions$(ConsumerStrategy.scala:65)
[2025-10-31T23:25:09.513+0700] {subprocess.py:93} INFO - 	at org.apache.spark.sql.kafka010.SubscribeStrategy.retrieveAllPartitions(ConsumerStrategy.scala:102)
[2025-10-31T23:25:09.513+0700] {subprocess.py:93} INFO - 	at org.apache.spark.sql.kafka010.SubscribeStrategy.assignedTopicPartitions(ConsumerStrategy.scala:113)
[2025-10-31T23:25:09.513+0700] {subprocess.py:93} INFO - 	at org.apache.spark.sql.kafka010.KafkaOffsetReaderAdmin.$anonfun$partitionsAssignedToAdmin$1(KafkaOffsetReaderAdmin.scala:499)
[2025-10-31T23:25:09.514+0700] {subprocess.py:93} INFO - 	at org.apache.spark.sql.kafka010.KafkaOffsetReaderAdmin.withRetries(KafkaOffsetReaderAdmin.scala:518)
[2025-10-31T23:25:09.514+0700] {subprocess.py:93} INFO - 	at org.apache.spark.sql.kafka010.KafkaOffsetReaderAdmin.partitionsAssignedToAdmin(KafkaOffsetReaderAdmin.scala:498)
[2025-10-31T23:25:09.514+0700] {subprocess.py:93} INFO - 	at org.apache.spark.sql.kafka010.KafkaOffsetReaderAdmin.fetchEarliestOffsets(KafkaOffsetReaderAdmin.scala:288)
[2025-10-31T23:25:09.514+0700] {subprocess.py:93} INFO - 	at org.apache.spark.sql.kafka010.KafkaMicroBatchStream.$anonfun$getOrCreateInitialPartitionOffsets$1(KafkaMicroBatchStream.scala:244)
[2025-10-31T23:25:09.515+0700] {subprocess.py:93} INFO - 	at scala.Option.getOrElse(Option.scala:189)
[2025-10-31T23:25:09.515+0700] {subprocess.py:93} INFO - 	at org.apache.spark.sql.kafka010.KafkaMicroBatchStream.getOrCreateInitialPartitionOffsets(KafkaMicroBatchStream.scala:241)
[2025-10-31T23:25:09.515+0700] {subprocess.py:93} INFO - 	at org.apache.spark.sql.kafka010.KafkaMicroBatchStream.initialOffset(KafkaMicroBatchStream.scala:98)
[2025-10-31T23:25:09.515+0700] {subprocess.py:93} INFO - 	at org.apache.spark.sql.execution.streaming.MicroBatchExecution.$anonfun$getStartOffset$2(MicroBatchExecution.scala:457)
[2025-10-31T23:25:09.516+0700] {subprocess.py:93} INFO - 	at scala.Option.getOrElse(Option.scala:189)
[2025-10-31T23:25:09.516+0700] {subprocess.py:93} INFO - 	at org.apache.spark.sql.execution.streaming.MicroBatchExecution.getStartOffset(MicroBatchExecution.scala:457)
[2025-10-31T23:25:09.516+0700] {subprocess.py:93} INFO - 	at org.apache.spark.sql.execution.streaming.MicroBatchExecution.$anonfun$constructNextBatch$4(MicroBatchExecution.scala:491)
[2025-10-31T23:25:09.516+0700] {subprocess.py:93} INFO - 	at org.apache.spark.sql.execution.streaming.ProgressReporter.reportTimeTaken(ProgressReporter.scala:427)
[2025-10-31T23:25:09.517+0700] {subprocess.py:93} INFO - 	at org.apache.spark.sql.execution.streaming.ProgressReporter.reportTimeTaken$(ProgressReporter.scala:425)
[2025-10-31T23:25:09.517+0700] {subprocess.py:93} INFO - 	at org.apache.spark.sql.execution.streaming.StreamExecution.reportTimeTaken(StreamExecution.scala:67)
[2025-10-31T23:25:09.517+0700] {subprocess.py:93} INFO - 	at org.apache.spark.sql.execution.streaming.MicroBatchExecution.$anonfun$constructNextBatch$2(MicroBatchExecution.scala:490)
[2025-10-31T23:25:09.518+0700] {subprocess.py:93} INFO - 	at scala.collection.TraversableLike.$anonfun$map$1(TraversableLike.scala:286)
[2025-10-31T23:25:09.518+0700] {subprocess.py:93} INFO - 	at scala.collection.Iterator.foreach(Iterator.scala:943)
[2025-10-31T23:25:09.518+0700] {subprocess.py:93} INFO - 	at scala.collection.Iterator.foreach$(Iterator.scala:943)
[2025-10-31T23:25:09.518+0700] {subprocess.py:93} INFO - 	at scala.collection.AbstractIterator.foreach(Iterator.scala:1431)
[2025-10-31T23:25:09.519+0700] {subprocess.py:93} INFO - 	at scala.collection.IterableLike.foreach(IterableLike.scala:74)
[2025-10-31T23:25:09.519+0700] {subprocess.py:93} INFO - 	at scala.collection.IterableLike.foreach$(IterableLike.scala:73)
[2025-10-31T23:25:09.519+0700] {subprocess.py:93} INFO - 	at scala.collection.AbstractIterable.foreach(Iterable.scala:56)
[2025-10-31T23:25:09.519+0700] {subprocess.py:93} INFO - 	at scala.collection.TraversableLike.map(TraversableLike.scala:286)
[2025-10-31T23:25:09.520+0700] {subprocess.py:93} INFO - 	at scala.collection.TraversableLike.map$(TraversableLike.scala:279)
[2025-10-31T23:25:09.520+0700] {subprocess.py:93} INFO - 	at scala.collection.AbstractTraversable.map(Traversable.scala:108)
[2025-10-31T23:25:09.520+0700] {subprocess.py:93} INFO - 	at org.apache.spark.sql.execution.streaming.MicroBatchExecution.$anonfun$constructNextBatch$1(MicroBatchExecution.scala:479)
[2025-10-31T23:25:09.520+0700] {subprocess.py:93} INFO - 	at scala.runtime.java8.JFunction0$mcZ$sp.apply(JFunction0$mcZ$sp.java:23)
[2025-10-31T23:25:09.520+0700] {subprocess.py:93} INFO - 	at org.apache.spark.sql.execution.streaming.MicroBatchExecution.withProgressLocked(MicroBatchExecution.scala:810)
[2025-10-31T23:25:09.521+0700] {subprocess.py:93} INFO - 	at org.apache.spark.sql.execution.streaming.MicroBatchExecution.constructNextBatch(MicroBatchExecution.scala:475)
[2025-10-31T23:25:09.521+0700] {subprocess.py:93} INFO - 	at org.apache.spark.sql.execution.streaming.MicroBatchExecution.$anonfun$runActivatedStream$2(MicroBatchExecution.scala:268)
[2025-10-31T23:25:09.521+0700] {subprocess.py:93} INFO - 	at scala.runtime.java8.JFunction0$mcV$sp.apply(JFunction0$mcV$sp.java:23)
[2025-10-31T23:25:09.521+0700] {subprocess.py:93} INFO - 	at org.apache.spark.sql.execution.streaming.ProgressReporter.reportTimeTaken(ProgressReporter.scala:427)
[2025-10-31T23:25:09.521+0700] {subprocess.py:93} INFO - 	at org.apache.spark.sql.execution.streaming.ProgressReporter.reportTimeTaken$(ProgressReporter.scala:425)
[2025-10-31T23:25:09.521+0700] {subprocess.py:93} INFO - 	at org.apache.spark.sql.execution.streaming.StreamExecution.reportTimeTaken(StreamExecution.scala:67)
[2025-10-31T23:25:09.522+0700] {subprocess.py:93} INFO - 	at org.apache.spark.sql.execution.streaming.MicroBatchExecution.$anonfun$runActivatedStream$1(MicroBatchExecution.scala:249)
[2025-10-31T23:25:09.522+0700] {subprocess.py:93} INFO - 	at org.apache.spark.sql.execution.streaming.ProcessingTimeExecutor.execute(TriggerExecutor.scala:67)
[2025-10-31T23:25:09.522+0700] {subprocess.py:93} INFO - 	at org.apache.spark.sql.execution.streaming.MicroBatchExecution.runActivatedStream(MicroBatchExecution.scala:239)
[2025-10-31T23:25:09.522+0700] {subprocess.py:93} INFO - 	at org.apache.spark.sql.execution.streaming.StreamExecution.$anonfun$runStream$1(StreamExecution.scala:311)
[2025-10-31T23:25:09.522+0700] {subprocess.py:93} INFO - 	at scala.runtime.java8.JFunction0$mcV$sp.apply(JFunction0$mcV$sp.java:23)
[2025-10-31T23:25:09.522+0700] {subprocess.py:93} INFO - 	at org.apache.spark.sql.SparkSession.withActive(SparkSession.scala:900)
[2025-10-31T23:25:09.523+0700] {subprocess.py:93} INFO - 	at org.apache.spark.sql.execution.streaming.StreamExecution.org$apache$spark$sql$execution$streaming$StreamExecution$$runStream(StreamExecution.scala:289)
[2025-10-31T23:25:09.523+0700] {subprocess.py:93} INFO - 	at org.apache.spark.sql.execution.streaming.StreamExecution$$anon$1.$anonfun$run$1(StreamExecution.scala:211)
[2025-10-31T23:25:09.523+0700] {subprocess.py:93} INFO - 	at scala.runtime.java8.JFunction0$mcV$sp.apply(JFunction0$mcV$sp.java:23)
[2025-10-31T23:25:09.523+0700] {subprocess.py:93} INFO - 	at org.apache.spark.JobArtifactSet$.withActiveJobArtifactState(JobArtifactSet.scala:94)
[2025-10-31T23:25:09.523+0700] {subprocess.py:93} INFO - 	at org.apache.spark.sql.execution.streaming.StreamExecution$$anon$1.run(StreamExecution.scala:211)
[2025-10-31T23:25:09.523+0700] {subprocess.py:93} INFO - Caused by: org.apache.kafka.common.errors.UnknownTopicOrPartitionException: This server does not host this topic-partition.
[2025-10-31T23:25:10.520+0700] {subprocess.py:93} INFO - 25/10/31 23:25:10 ERROR MicroBatchExecution: Query [id = a22b01f4-4524-4aaf-9f0c-65f93961437f, runId = 426f1d92-815e-457b-845b-69db2901b605] terminated with error
[2025-10-31T23:25:10.524+0700] {subprocess.py:93} INFO - java.util.concurrent.ExecutionException: org.apache.kafka.common.errors.UnknownTopicOrPartitionException: This server does not host this topic-partition.
[2025-10-31T23:25:10.524+0700] {subprocess.py:93} INFO - 	at java.base/java.util.concurrent.CompletableFuture.reportGet(CompletableFuture.java:396)
[2025-10-31T23:25:10.524+0700] {subprocess.py:93} INFO - 	at java.base/java.util.concurrent.CompletableFuture.get(CompletableFuture.java:2073)
[2025-10-31T23:25:10.524+0700] {subprocess.py:93} INFO - 	at org.apache.kafka.common.internals.KafkaFutureImpl.get(KafkaFutureImpl.java:165)
[2025-10-31T23:25:10.525+0700] {subprocess.py:93} INFO - 	at org.apache.spark.sql.kafka010.ConsumerStrategy.retrieveAllPartitions(ConsumerStrategy.scala:66)
[2025-10-31T23:25:10.525+0700] {subprocess.py:93} INFO - 	at org.apache.spark.sql.kafka010.ConsumerStrategy.retrieveAllPartitions$(ConsumerStrategy.scala:65)
[2025-10-31T23:25:10.525+0700] {subprocess.py:93} INFO - 	at org.apache.spark.sql.kafka010.SubscribeStrategy.retrieveAllPartitions(ConsumerStrategy.scala:102)
[2025-10-31T23:25:10.525+0700] {subprocess.py:93} INFO - 	at org.apache.spark.sql.kafka010.SubscribeStrategy.assignedTopicPartitions(ConsumerStrategy.scala:113)
[2025-10-31T23:25:10.525+0700] {subprocess.py:93} INFO - 	at org.apache.spark.sql.kafka010.KafkaOffsetReaderAdmin.$anonfun$partitionsAssignedToAdmin$1(KafkaOffsetReaderAdmin.scala:499)
[2025-10-31T23:25:10.525+0700] {subprocess.py:93} INFO - 	at org.apache.spark.sql.kafka010.KafkaOffsetReaderAdmin.withRetries(KafkaOffsetReaderAdmin.scala:518)
[2025-10-31T23:25:10.526+0700] {subprocess.py:93} INFO - 	at org.apache.spark.sql.kafka010.KafkaOffsetReaderAdmin.partitionsAssignedToAdmin(KafkaOffsetReaderAdmin.scala:498)
[2025-10-31T23:25:10.526+0700] {subprocess.py:93} INFO - 	at org.apache.spark.sql.kafka010.KafkaOffsetReaderAdmin.fetchEarliestOffsets(KafkaOffsetReaderAdmin.scala:288)
[2025-10-31T23:25:10.526+0700] {subprocess.py:93} INFO - 	at org.apache.spark.sql.kafka010.KafkaMicroBatchStream.$anonfun$getOrCreateInitialPartitionOffsets$1(KafkaMicroBatchStream.scala:244)
[2025-10-31T23:25:10.526+0700] {subprocess.py:93} INFO - 	at scala.Option.getOrElse(Option.scala:189)
[2025-10-31T23:25:10.526+0700] {subprocess.py:93} INFO - 	at org.apache.spark.sql.kafka010.KafkaMicroBatchStream.getOrCreateInitialPartitionOffsets(KafkaMicroBatchStream.scala:241)
[2025-10-31T23:25:10.527+0700] {subprocess.py:93} INFO - 	at org.apache.spark.sql.kafka010.KafkaMicroBatchStream.initialOffset(KafkaMicroBatchStream.scala:98)
[2025-10-31T23:25:10.527+0700] {subprocess.py:93} INFO - 	at org.apache.spark.sql.execution.streaming.MicroBatchExecution.$anonfun$getStartOffset$2(MicroBatchExecution.scala:457)
[2025-10-31T23:25:10.527+0700] {subprocess.py:93} INFO - 	at scala.Option.getOrElse(Option.scala:189)
[2025-10-31T23:25:10.527+0700] {subprocess.py:93} INFO - 	at org.apache.spark.sql.execution.streaming.MicroBatchExecution.getStartOffset(MicroBatchExecution.scala:457)
[2025-10-31T23:25:10.527+0700] {subprocess.py:93} INFO - 	at org.apache.spark.sql.execution.streaming.MicroBatchExecution.$anonfun$constructNextBatch$4(MicroBatchExecution.scala:491)
[2025-10-31T23:25:10.528+0700] {subprocess.py:93} INFO - 	at org.apache.spark.sql.execution.streaming.ProgressReporter.reportTimeTaken(ProgressReporter.scala:427)
[2025-10-31T23:25:10.528+0700] {subprocess.py:93} INFO - 	at org.apache.spark.sql.execution.streaming.ProgressReporter.reportTimeTaken$(ProgressReporter.scala:425)
[2025-10-31T23:25:10.528+0700] {subprocess.py:93} INFO - 	at org.apache.spark.sql.execution.streaming.StreamExecution.reportTimeTaken(StreamExecution.scala:67)
[2025-10-31T23:25:10.528+0700] {subprocess.py:93} INFO - 	at org.apache.spark.sql.execution.streaming.MicroBatchExecution.$anonfun$constructNextBatch$2(MicroBatchExecution.scala:490)
[2025-10-31T23:25:10.528+0700] {subprocess.py:93} INFO - 	at scala.collection.TraversableLike.$anonfun$map$1(TraversableLike.scala:286)
[2025-10-31T23:25:10.528+0700] {subprocess.py:93} INFO - 	at scala.collection.Iterator.foreach(Iterator.scala:943)
[2025-10-31T23:25:10.529+0700] {subprocess.py:93} INFO - 	at scala.collection.Iterator.foreach$(Iterator.scala:943)
[2025-10-31T23:25:10.529+0700] {subprocess.py:93} INFO - 	at scala.collection.AbstractIterator.foreach(Iterator.scala:1431)
[2025-10-31T23:25:10.529+0700] {subprocess.py:93} INFO - 	at scala.collection.IterableLike.foreach(IterableLike.scala:74)
[2025-10-31T23:25:10.529+0700] {subprocess.py:93} INFO - 	at scala.collection.IterableLike.foreach$(IterableLike.scala:73)
[2025-10-31T23:25:10.529+0700] {subprocess.py:93} INFO - 	at scala.collection.AbstractIterable.foreach(Iterable.scala:56)
[2025-10-31T23:25:10.530+0700] {subprocess.py:93} INFO - 	at scala.collection.TraversableLike.map(TraversableLike.scala:286)
[2025-10-31T23:25:10.530+0700] {subprocess.py:93} INFO - 	at scala.collection.TraversableLike.map$(TraversableLike.scala:279)
[2025-10-31T23:25:10.530+0700] {subprocess.py:93} INFO - 	at scala.collection.AbstractTraversable.map(Traversable.scala:108)
[2025-10-31T23:25:10.530+0700] {subprocess.py:93} INFO - 	at org.apache.spark.sql.execution.streaming.MicroBatchExecution.$anonfun$constructNextBatch$1(MicroBatchExecution.scala:479)
[2025-10-31T23:25:10.530+0700] {subprocess.py:93} INFO - 	at scala.runtime.java8.JFunction0$mcZ$sp.apply(JFunction0$mcZ$sp.java:23)
[2025-10-31T23:25:10.530+0700] {subprocess.py:93} INFO - 	at org.apache.spark.sql.execution.streaming.MicroBatchExecution.withProgressLocked(MicroBatchExecution.scala:810)
[2025-10-31T23:25:10.530+0700] {subprocess.py:93} INFO - 	at org.apache.spark.sql.execution.streaming.MicroBatchExecution.constructNextBatch(MicroBatchExecution.scala:475)
[2025-10-31T23:25:10.531+0700] {subprocess.py:93} INFO - 	at org.apache.spark.sql.execution.streaming.MicroBatchExecution.$anonfun$runActivatedStream$2(MicroBatchExecution.scala:268)
[2025-10-31T23:25:10.531+0700] {subprocess.py:93} INFO - 	at scala.runtime.java8.JFunction0$mcV$sp.apply(JFunction0$mcV$sp.java:23)
[2025-10-31T23:25:10.531+0700] {subprocess.py:93} INFO - 	at org.apache.spark.sql.execution.streaming.ProgressReporter.reportTimeTaken(ProgressReporter.scala:427)
[2025-10-31T23:25:10.531+0700] {subprocess.py:93} INFO - 	at org.apache.spark.sql.execution.streaming.ProgressReporter.reportTimeTaken$(ProgressReporter.scala:425)
[2025-10-31T23:25:10.531+0700] {subprocess.py:93} INFO - 	at org.apache.spark.sql.execution.streaming.StreamExecution.reportTimeTaken(StreamExecution.scala:67)
[2025-10-31T23:25:10.531+0700] {subprocess.py:93} INFO - 	at org.apache.spark.sql.execution.streaming.MicroBatchExecution.$anonfun$runActivatedStream$1(MicroBatchExecution.scala:249)
[2025-10-31T23:25:10.531+0700] {subprocess.py:93} INFO - 	at org.apache.spark.sql.execution.streaming.ProcessingTimeExecutor.execute(TriggerExecutor.scala:67)
[2025-10-31T23:25:10.532+0700] {subprocess.py:93} INFO - 	at org.apache.spark.sql.execution.streaming.MicroBatchExecution.runActivatedStream(MicroBatchExecution.scala:239)
[2025-10-31T23:25:10.532+0700] {subprocess.py:93} INFO - 	at org.apache.spark.sql.execution.streaming.StreamExecution.$anonfun$runStream$1(StreamExecution.scala:311)
[2025-10-31T23:25:10.532+0700] {subprocess.py:93} INFO - 	at scala.runtime.java8.JFunction0$mcV$sp.apply(JFunction0$mcV$sp.java:23)
[2025-10-31T23:25:10.532+0700] {subprocess.py:93} INFO - 	at org.apache.spark.sql.SparkSession.withActive(SparkSession.scala:900)
[2025-10-31T23:25:10.532+0700] {subprocess.py:93} INFO - 	at org.apache.spark.sql.execution.streaming.StreamExecution.org$apache$spark$sql$execution$streaming$StreamExecution$$runStream(StreamExecution.scala:289)
[2025-10-31T23:25:10.532+0700] {subprocess.py:93} INFO - 	at org.apache.spark.sql.execution.streaming.StreamExecution$$anon$1.$anonfun$run$1(StreamExecution.scala:211)
[2025-10-31T23:25:10.532+0700] {subprocess.py:93} INFO - 	at scala.runtime.java8.JFunction0$mcV$sp.apply(JFunction0$mcV$sp.java:23)
[2025-10-31T23:25:10.533+0700] {subprocess.py:93} INFO - 	at org.apache.spark.JobArtifactSet$.withActiveJobArtifactState(JobArtifactSet.scala:94)
[2025-10-31T23:25:10.533+0700] {subprocess.py:93} INFO - 	at org.apache.spark.sql.execution.streaming.StreamExecution$$anon$1.run(StreamExecution.scala:211)
[2025-10-31T23:25:10.533+0700] {subprocess.py:93} INFO - Caused by: org.apache.kafka.common.errors.UnknownTopicOrPartitionException: This server does not host this topic-partition.
[2025-10-31T23:25:10.589+0700] {subprocess.py:93} INFO - Traceback (most recent call last):
[2025-10-31T23:25:10.589+0700] {subprocess.py:93} INFO -   File "/opt/***/projects/absa_streaming/scripts/consumer_postgres_streaming.py", line 178, in <module>
[2025-10-31T23:25:10.590+0700] {subprocess.py:93} INFO -     query.awaitTermination()
[2025-10-31T23:25:10.590+0700] {subprocess.py:93} INFO -   File "/home/***/.local/lib/python3.12/site-packages/pyspark/python/lib/pyspark.zip/pyspark/sql/streaming/query.py", line 221, in awaitTermination
[2025-10-31T23:25:10.590+0700] {subprocess.py:93} INFO -   File "/home/***/.local/lib/python3.12/site-packages/pyspark/python/lib/py4j-0.10.9.7-src.zip/py4j/java_gateway.py", line 1322, in __call__
[2025-10-31T23:25:10.590+0700] {subprocess.py:93} INFO -   File "/home/***/.local/lib/python3.12/site-packages/pyspark/python/lib/pyspark.zip/pyspark/errors/exceptions/captured.py", line 185, in deco
[2025-10-31T23:25:10.593+0700] {subprocess.py:93} INFO - pyspark.errors.exceptions.captured.StreamingQueryException: [STREAM_FAILED] Query [id = a22b01f4-4524-4aaf-9f0c-65f93961437f, runId = 426f1d92-815e-457b-845b-69db2901b605] terminated with exception: org.apache.kafka.common.errors.UnknownTopicOrPartitionException: This server does not host this topic-partition.
[2025-10-31T23:25:10.975+0700] {subprocess.py:97} INFO - Command exited with return code 1
[2025-10-31T23:25:10.976+0700] {taskinstance.py:441} INFO - ::group::Post task execution logs
[2025-10-31T23:25:10.988+0700] {taskinstance.py:2890} ERROR - Task failed with exception
Traceback (most recent call last):
  File "/home/airflow/.local/lib/python3.12/site-packages/airflow/models/taskinstance.py", line 460, in _execute_task
    result = _execute_callable(context=context, **execute_callable_kwargs)
             ^^^^^^^^^^^^^^^^^^^^^^^^^^^^^^^^^^^^^^^^^^^^^^^^^^^^^^^^^^^^^
  File "/home/airflow/.local/lib/python3.12/site-packages/airflow/models/taskinstance.py", line 432, in _execute_callable
    return execute_callable(context=context, **execute_callable_kwargs)
           ^^^^^^^^^^^^^^^^^^^^^^^^^^^^^^^^^^^^^^^^^^^^^^^^^^^^^^^^^^^^
  File "/home/airflow/.local/lib/python3.12/site-packages/airflow/models/baseoperator.py", line 400, in wrapper
    return func(self, *args, **kwargs)
           ^^^^^^^^^^^^^^^^^^^^^^^^^^^
  File "/home/airflow/.local/lib/python3.12/site-packages/airflow/operators/bash.py", line 243, in execute
    raise AirflowException(
airflow.exceptions.AirflowException: Bash command failed. The command returned a non-zero exit code 1.
[2025-10-31T23:25:10.991+0700] {taskinstance.py:1205} INFO - Marking task as FAILED. dag_id=absa_streaming_lifecycle_full, task_id=deploy_consumer, execution_date=20251031T162033, start_date=20251031T162501, end_date=20251031T162510
[2025-10-31T23:25:11.001+0700] {standard_task_runner.py:110} ERROR - Failed to execute job 482 for task deploy_consumer (Bash command failed. The command returned a non-zero exit code 1.; 3694)
[2025-10-31T23:25:11.014+0700] {local_task_job_runner.py:240} INFO - Task exited with return code 1
[2025-10-31T23:25:11.031+0700] {taskinstance.py:3482} INFO - 0 downstream tasks scheduled from follow-on schedule check
[2025-10-31T23:25:11.032+0700] {local_task_job_runner.py:222} INFO - ::endgroup::
