[2025-10-31T23:31:20.348+0700] {local_task_job_runner.py:120} INFO - ::group::Pre task execution logs
[2025-10-31T23:31:20.362+0700] {taskinstance.py:2073} INFO - Dependencies all met for dep_context=non-requeueable deps ti=<TaskInstance: absa_streaming_lifecycle_full.deploy_consumer manual__2025-10-31T16:20:33.309051+00:00 [queued]>
[2025-10-31T23:31:20.400+0700] {taskinstance.py:2073} INFO - Dependencies all met for dep_context=requeueable deps ti=<TaskInstance: absa_streaming_lifecycle_full.deploy_consumer manual__2025-10-31T16:20:33.309051+00:00 [queued]>
[2025-10-31T23:31:20.401+0700] {taskinstance.py:2303} INFO - Starting attempt 5 of 6
[2025-10-31T23:31:20.410+0700] {taskinstance.py:2327} INFO - Executing <Task(BashOperator): deploy_consumer> on 2025-10-31 16:20:33.309051+00:00
[2025-10-31T23:31:20.417+0700] {warnings.py:110} WARNING - /home/***/.local/lib/python3.12/site-packages/***/task/task_runner/standard_task_runner.py:61: DeprecationWarning: This process (pid=4935) is multi-threaded, use of fork() may lead to deadlocks in the child.
  pid = os.fork()

[2025-10-31T23:31:20.419+0700] {standard_task_runner.py:63} INFO - Started process 4937 to run task
[2025-10-31T23:31:20.419+0700] {standard_task_runner.py:90} INFO - Running: ['***', 'tasks', 'run', 'absa_streaming_lifecycle_full', 'deploy_consumer', 'manual__2025-10-31T16:20:33.309051+00:00', '--job-id', '493', '--raw', '--subdir', 'DAGS_FOLDER/absa_streaming_lifecycle_full.py', '--cfg-path', '/tmp/tmpcs0vs7fl']
[2025-10-31T23:31:20.423+0700] {standard_task_runner.py:91} INFO - Job 493: Subtask deploy_consumer
[2025-10-31T23:31:20.476+0700] {task_command.py:426} INFO - Running <TaskInstance: absa_streaming_lifecycle_full.deploy_consumer manual__2025-10-31T16:20:33.309051+00:00 [running]> on host f7bb1ad77e89
[2025-10-31T23:31:20.535+0700] {taskinstance.py:2644} INFO - Exporting env vars: AIRFLOW_CTX_DAG_OWNER='***' AIRFLOW_CTX_DAG_ID='absa_streaming_lifecycle_full' AIRFLOW_CTX_TASK_ID='deploy_consumer' AIRFLOW_CTX_EXECUTION_DATE='2025-10-31T16:20:33.309051+00:00' AIRFLOW_CTX_TRY_NUMBER='5' AIRFLOW_CTX_DAG_RUN_ID='manual__2025-10-31T16:20:33.309051+00:00'
[2025-10-31T23:31:20.537+0700] {taskinstance.py:430} INFO - ::endgroup::
[2025-10-31T23:31:20.537+0700] {subprocess.py:63} INFO - Tmp dir root location: /tmp
[2025-10-31T23:31:20.538+0700] {subprocess.py:75} INFO - Running command: ['/usr/bin/bash', '-c', 'bash -c "timeout 45m bash /opt/***/projects/absa_streaming/scripts/run_consumer.sh"']
[2025-10-31T23:31:20.550+0700] {subprocess.py:86} INFO - Output:
[2025-10-31T23:31:20.560+0700] {subprocess.py:93} INFO - [Consumer] Starting Spark Structured Streaming job...
[2025-10-31T23:31:20.602+0700] {subprocess.py:93} INFO - /home/***/.local/lib/python3.12/site-packages/pyspark/bin/load-spark-env.sh: line 68: ps: command not found
[2025-10-31T23:31:21.365+0700] {subprocess.py:93} INFO - :: loading settings :: url = jar:file:/home/***/.local/lib/python3.12/site-packages/pyspark/jars/ivy-2.5.1.jar!/org/apache/ivy/core/settings/ivysettings.xml
[2025-10-31T23:31:21.399+0700] {subprocess.py:93} INFO - Ivy Default Cache set to: /home/***/.ivy2/cache
[2025-10-31T23:31:21.400+0700] {subprocess.py:93} INFO - The jars for the packages stored in: /home/***/.ivy2/jars
[2025-10-31T23:31:21.401+0700] {subprocess.py:93} INFO - org.apache.spark#spark-sql-kafka-0-10_2.12 added as a dependency
[2025-10-31T23:31:21.402+0700] {subprocess.py:93} INFO - org.postgresql#postgresql added as a dependency
[2025-10-31T23:31:21.402+0700] {subprocess.py:93} INFO - :: resolving dependencies :: org.apache.spark#spark-submit-parent-43bd90f4-86fc-4d8d-9f37-4ca8dcb9f9db;1.0
[2025-10-31T23:31:21.402+0700] {subprocess.py:93} INFO - 	confs: [default]
[2025-10-31T23:31:21.489+0700] {subprocess.py:93} INFO - 	found org.apache.spark#spark-sql-kafka-0-10_2.12;3.5.1 in central
[2025-10-31T23:31:21.514+0700] {subprocess.py:93} INFO - 	found org.apache.spark#spark-token-provider-kafka-0-10_2.12;3.5.1 in central
[2025-10-31T23:31:21.527+0700] {subprocess.py:93} INFO - 	found org.apache.kafka#kafka-clients;3.4.1 in central
[2025-10-31T23:31:21.539+0700] {subprocess.py:93} INFO - 	found org.lz4#lz4-java;1.8.0 in central
[2025-10-31T23:31:21.548+0700] {subprocess.py:93} INFO - 	found org.xerial.snappy#snappy-java;1.1.10.3 in central
[2025-10-31T23:31:21.557+0700] {subprocess.py:93} INFO - 	found org.slf4j#slf4j-api;2.0.7 in central
[2025-10-31T23:31:21.567+0700] {subprocess.py:93} INFO - 	found org.apache.hadoop#hadoop-client-runtime;3.3.4 in central
[2025-10-31T23:31:21.585+0700] {subprocess.py:93} INFO - 	found org.apache.hadoop#hadoop-client-api;3.3.4 in central
[2025-10-31T23:31:21.599+0700] {subprocess.py:93} INFO - 	found commons-logging#commons-logging;1.1.3 in central
[2025-10-31T23:31:21.608+0700] {subprocess.py:93} INFO - 	found com.google.code.findbugs#jsr305;3.0.0 in central
[2025-10-31T23:31:21.616+0700] {subprocess.py:93} INFO - 	found org.apache.commons#commons-pool2;2.11.1 in central
[2025-10-31T23:31:21.622+0700] {subprocess.py:93} INFO - 	found org.postgresql#postgresql;42.6.0 in central
[2025-10-31T23:31:21.628+0700] {subprocess.py:93} INFO - 	found org.checkerframework#checker-qual;3.31.0 in central
[2025-10-31T23:31:21.644+0700] {subprocess.py:93} INFO - :: resolution report :: resolve 232ms :: artifacts dl 10ms
[2025-10-31T23:31:21.645+0700] {subprocess.py:93} INFO - 	:: modules in use:
[2025-10-31T23:31:21.645+0700] {subprocess.py:93} INFO - 	com.google.code.findbugs#jsr305;3.0.0 from central in [default]
[2025-10-31T23:31:21.645+0700] {subprocess.py:93} INFO - 	commons-logging#commons-logging;1.1.3 from central in [default]
[2025-10-31T23:31:21.646+0700] {subprocess.py:93} INFO - 	org.apache.commons#commons-pool2;2.11.1 from central in [default]
[2025-10-31T23:31:21.646+0700] {subprocess.py:93} INFO - 	org.apache.hadoop#hadoop-client-api;3.3.4 from central in [default]
[2025-10-31T23:31:21.646+0700] {subprocess.py:93} INFO - 	org.apache.hadoop#hadoop-client-runtime;3.3.4 from central in [default]
[2025-10-31T23:31:21.646+0700] {subprocess.py:93} INFO - 	org.apache.kafka#kafka-clients;3.4.1 from central in [default]
[2025-10-31T23:31:21.646+0700] {subprocess.py:93} INFO - 	org.apache.spark#spark-sql-kafka-0-10_2.12;3.5.1 from central in [default]
[2025-10-31T23:31:21.647+0700] {subprocess.py:93} INFO - 	org.apache.spark#spark-token-provider-kafka-0-10_2.12;3.5.1 from central in [default]
[2025-10-31T23:31:21.647+0700] {subprocess.py:93} INFO - 	org.checkerframework#checker-qual;3.31.0 from central in [default]
[2025-10-31T23:31:21.647+0700] {subprocess.py:93} INFO - 	org.lz4#lz4-java;1.8.0 from central in [default]
[2025-10-31T23:31:21.647+0700] {subprocess.py:93} INFO - 	org.postgresql#postgresql;42.6.0 from central in [default]
[2025-10-31T23:31:21.648+0700] {subprocess.py:93} INFO - 	org.slf4j#slf4j-api;2.0.7 from central in [default]
[2025-10-31T23:31:21.648+0700] {subprocess.py:93} INFO - 	org.xerial.snappy#snappy-java;1.1.10.3 from central in [default]
[2025-10-31T23:31:21.648+0700] {subprocess.py:93} INFO - 	---------------------------------------------------------------------
[2025-10-31T23:31:21.648+0700] {subprocess.py:93} INFO - 	|                  |            modules            ||   artifacts   |
[2025-10-31T23:31:21.649+0700] {subprocess.py:93} INFO - 	|       conf       | number| search|dwnlded|evicted|| number|dwnlded|
[2025-10-31T23:31:21.649+0700] {subprocess.py:93} INFO - 	---------------------------------------------------------------------
[2025-10-31T23:31:21.649+0700] {subprocess.py:93} INFO - 	|      default     |   13  |   0   |   0   |   0   ||   13  |   0   |
[2025-10-31T23:31:21.650+0700] {subprocess.py:93} INFO - 	---------------------------------------------------------------------
[2025-10-31T23:31:21.650+0700] {subprocess.py:93} INFO - :: retrieving :: org.apache.spark#spark-submit-parent-43bd90f4-86fc-4d8d-9f37-4ca8dcb9f9db
[2025-10-31T23:31:21.650+0700] {subprocess.py:93} INFO - 	confs: [default]
[2025-10-31T23:31:21.654+0700] {subprocess.py:93} INFO - 	0 artifacts copied, 13 already retrieved (0kB/5ms)
[2025-10-31T23:31:21.748+0700] {subprocess.py:93} INFO - 25/10/31 23:31:21 WARN NativeCodeLoader: Unable to load native-hadoop library for your platform... using builtin-java classes where applicable
[2025-10-31T23:31:23.884+0700] {subprocess.py:93} INFO - 25/10/31 23:31:23 INFO SparkContext: Running Spark version 3.5.1
[2025-10-31T23:31:23.884+0700] {subprocess.py:93} INFO - 25/10/31 23:31:23 INFO SparkContext: OS info Linux, 5.15.49-linuxkit, aarch64
[2025-10-31T23:31:23.885+0700] {subprocess.py:93} INFO - 25/10/31 23:31:23 INFO SparkContext: Java version 17.0.17
[2025-10-31T23:31:23.897+0700] {subprocess.py:93} INFO - 25/10/31 23:31:23 INFO ResourceUtils: ==============================================================
[2025-10-31T23:31:23.897+0700] {subprocess.py:93} INFO - 25/10/31 23:31:23 INFO ResourceUtils: No custom resources configured for spark.driver.
[2025-10-31T23:31:23.898+0700] {subprocess.py:93} INFO - 25/10/31 23:31:23 INFO ResourceUtils: ==============================================================
[2025-10-31T23:31:23.898+0700] {subprocess.py:93} INFO - 25/10/31 23:31:23 INFO SparkContext: Submitted application: Kafka_ABSA_Postgres
[2025-10-31T23:31:23.906+0700] {subprocess.py:93} INFO - 25/10/31 23:31:23 INFO ResourceProfile: Default ResourceProfile created, executor resources: Map(cores -> name: cores, amount: 1, script: , vendor: , memory -> name: memory, amount: 1024, script: , vendor: , offHeap -> name: offHeap, amount: 0, script: , vendor: ), task resources: Map(cpus -> name: cpus, amount: 1.0)
[2025-10-31T23:31:23.910+0700] {subprocess.py:93} INFO - 25/10/31 23:31:23 INFO ResourceProfile: Limiting resource is cpus at 1 tasks per executor
[2025-10-31T23:31:23.911+0700] {subprocess.py:93} INFO - 25/10/31 23:31:23 INFO ResourceProfileManager: Added ResourceProfile id: 0
[2025-10-31T23:31:23.932+0700] {subprocess.py:93} INFO - 25/10/31 23:31:23 INFO SecurityManager: Changing view acls to: ***
[2025-10-31T23:31:23.933+0700] {subprocess.py:93} INFO - 25/10/31 23:31:23 INFO SecurityManager: Changing modify acls to: ***
[2025-10-31T23:31:23.933+0700] {subprocess.py:93} INFO - 25/10/31 23:31:23 INFO SecurityManager: Changing view acls groups to:
[2025-10-31T23:31:23.933+0700] {subprocess.py:93} INFO - 25/10/31 23:31:23 INFO SecurityManager: Changing modify acls groups to:
[2025-10-31T23:31:23.933+0700] {subprocess.py:93} INFO - 25/10/31 23:31:23 INFO SecurityManager: SecurityManager: authentication disabled; ui acls disabled; users with view permissions: ***; groups with view permissions: EMPTY; users with modify permissions: ***; groups with modify permissions: EMPTY
[2025-10-31T23:31:24.022+0700] {subprocess.py:93} INFO - 25/10/31 23:31:24 INFO Utils: Successfully started service 'sparkDriver' on port 44905.
[2025-10-31T23:31:24.037+0700] {subprocess.py:93} INFO - 25/10/31 23:31:24 INFO SparkEnv: Registering MapOutputTracker
[2025-10-31T23:31:24.050+0700] {subprocess.py:93} INFO - 25/10/31 23:31:24 INFO SparkEnv: Registering BlockManagerMaster
[2025-10-31T23:31:24.056+0700] {subprocess.py:93} INFO - 25/10/31 23:31:24 INFO BlockManagerMasterEndpoint: Using org.apache.spark.storage.DefaultTopologyMapper for getting topology information
[2025-10-31T23:31:24.056+0700] {subprocess.py:93} INFO - 25/10/31 23:31:24 INFO BlockManagerMasterEndpoint: BlockManagerMasterEndpoint up
[2025-10-31T23:31:24.058+0700] {subprocess.py:93} INFO - 25/10/31 23:31:24 INFO SparkEnv: Registering BlockManagerMasterHeartbeat
[2025-10-31T23:31:24.066+0700] {subprocess.py:93} INFO - 25/10/31 23:31:24 INFO DiskBlockManager: Created local directory at /tmp/blockmgr-24c46e44-913d-458b-a118-90f0a2db3483
[2025-10-31T23:31:24.071+0700] {subprocess.py:93} INFO - 25/10/31 23:31:24 INFO MemoryStore: MemoryStore started with capacity 434.4 MiB
[2025-10-31T23:31:24.078+0700] {subprocess.py:93} INFO - 25/10/31 23:31:24 INFO SparkEnv: Registering OutputCommitCoordinator
[2025-10-31T23:31:24.126+0700] {subprocess.py:93} INFO - 25/10/31 23:31:24 INFO JettyUtils: Start Jetty 0.0.0.0:4040 for SparkUI
[2025-10-31T23:31:24.148+0700] {subprocess.py:93} INFO - 25/10/31 23:31:24 INFO Utils: Successfully started service 'SparkUI' on port 4040.
[2025-10-31T23:31:24.162+0700] {subprocess.py:93} INFO - 25/10/31 23:31:24 INFO SparkContext: Added JAR file:///home/***/.ivy2/jars/org.apache.spark_spark-sql-kafka-0-10_2.12-3.5.1.jar at spark://f7bb1ad77e89:44905/jars/org.apache.spark_spark-sql-kafka-0-10_2.12-3.5.1.jar with timestamp 1761928283880
[2025-10-31T23:31:24.163+0700] {subprocess.py:93} INFO - 25/10/31 23:31:24 INFO SparkContext: Added JAR file:///home/***/.ivy2/jars/org.postgresql_postgresql-42.6.0.jar at spark://f7bb1ad77e89:44905/jars/org.postgresql_postgresql-42.6.0.jar with timestamp 1761928283880
[2025-10-31T23:31:24.163+0700] {subprocess.py:93} INFO - 25/10/31 23:31:24 INFO SparkContext: Added JAR file:///home/***/.ivy2/jars/org.apache.spark_spark-token-provider-kafka-0-10_2.12-3.5.1.jar at spark://f7bb1ad77e89:44905/jars/org.apache.spark_spark-token-provider-kafka-0-10_2.12-3.5.1.jar with timestamp 1761928283880
[2025-10-31T23:31:24.163+0700] {subprocess.py:93} INFO - 25/10/31 23:31:24 INFO SparkContext: Added JAR file:///home/***/.ivy2/jars/org.apache.kafka_kafka-clients-3.4.1.jar at spark://f7bb1ad77e89:44905/jars/org.apache.kafka_kafka-clients-3.4.1.jar with timestamp 1761928283880
[2025-10-31T23:31:24.164+0700] {subprocess.py:93} INFO - 25/10/31 23:31:24 INFO SparkContext: Added JAR file:///home/***/.ivy2/jars/com.google.code.findbugs_jsr305-3.0.0.jar at spark://f7bb1ad77e89:44905/jars/com.google.code.findbugs_jsr305-3.0.0.jar with timestamp 1761928283880
[2025-10-31T23:31:24.164+0700] {subprocess.py:93} INFO - 25/10/31 23:31:24 INFO SparkContext: Added JAR file:///home/***/.ivy2/jars/org.apache.commons_commons-pool2-2.11.1.jar at spark://f7bb1ad77e89:44905/jars/org.apache.commons_commons-pool2-2.11.1.jar with timestamp 1761928283880
[2025-10-31T23:31:24.164+0700] {subprocess.py:93} INFO - 25/10/31 23:31:24 INFO SparkContext: Added JAR file:///home/***/.ivy2/jars/org.apache.hadoop_hadoop-client-runtime-3.3.4.jar at spark://f7bb1ad77e89:44905/jars/org.apache.hadoop_hadoop-client-runtime-3.3.4.jar with timestamp 1761928283880
[2025-10-31T23:31:24.164+0700] {subprocess.py:93} INFO - 25/10/31 23:31:24 INFO SparkContext: Added JAR file:///home/***/.ivy2/jars/org.lz4_lz4-java-1.8.0.jar at spark://f7bb1ad77e89:44905/jars/org.lz4_lz4-java-1.8.0.jar with timestamp 1761928283880
[2025-10-31T23:31:24.165+0700] {subprocess.py:93} INFO - 25/10/31 23:31:24 INFO SparkContext: Added JAR file:///home/***/.ivy2/jars/org.xerial.snappy_snappy-java-1.1.10.3.jar at spark://f7bb1ad77e89:44905/jars/org.xerial.snappy_snappy-java-1.1.10.3.jar with timestamp 1761928283880
[2025-10-31T23:31:24.165+0700] {subprocess.py:93} INFO - 25/10/31 23:31:24 INFO SparkContext: Added JAR file:///home/***/.ivy2/jars/org.slf4j_slf4j-api-2.0.7.jar at spark://f7bb1ad77e89:44905/jars/org.slf4j_slf4j-api-2.0.7.jar with timestamp 1761928283880
[2025-10-31T23:31:24.165+0700] {subprocess.py:93} INFO - 25/10/31 23:31:24 INFO SparkContext: Added JAR file:///home/***/.ivy2/jars/org.apache.hadoop_hadoop-client-api-3.3.4.jar at spark://f7bb1ad77e89:44905/jars/org.apache.hadoop_hadoop-client-api-3.3.4.jar with timestamp 1761928283880
[2025-10-31T23:31:24.165+0700] {subprocess.py:93} INFO - 25/10/31 23:31:24 INFO SparkContext: Added JAR file:///home/***/.ivy2/jars/commons-logging_commons-logging-1.1.3.jar at spark://f7bb1ad77e89:44905/jars/commons-logging_commons-logging-1.1.3.jar with timestamp 1761928283880
[2025-10-31T23:31:24.165+0700] {subprocess.py:93} INFO - 25/10/31 23:31:24 INFO SparkContext: Added JAR file:///home/***/.ivy2/jars/org.checkerframework_checker-qual-3.31.0.jar at spark://f7bb1ad77e89:44905/jars/org.checkerframework_checker-qual-3.31.0.jar with timestamp 1761928283880
[2025-10-31T23:31:24.166+0700] {subprocess.py:93} INFO - 25/10/31 23:31:24 INFO SparkContext: Added file file:///home/***/.ivy2/jars/org.apache.spark_spark-sql-kafka-0-10_2.12-3.5.1.jar at file:///home/***/.ivy2/jars/org.apache.spark_spark-sql-kafka-0-10_2.12-3.5.1.jar with timestamp 1761928283880
[2025-10-31T23:31:24.166+0700] {subprocess.py:93} INFO - 25/10/31 23:31:24 INFO Utils: Copying /home/***/.ivy2/jars/org.apache.spark_spark-sql-kafka-0-10_2.12-3.5.1.jar to /tmp/spark-8c85397b-76b4-4014-af07-7e37b6c0ce92/userFiles-e308f27f-3010-4729-9b86-c972dcbec1ed/org.apache.spark_spark-sql-kafka-0-10_2.12-3.5.1.jar
[2025-10-31T23:31:24.174+0700] {subprocess.py:93} INFO - 25/10/31 23:31:24 INFO SparkContext: Added file file:///home/***/.ivy2/jars/org.postgresql_postgresql-42.6.0.jar at file:///home/***/.ivy2/jars/org.postgresql_postgresql-42.6.0.jar with timestamp 1761928283880
[2025-10-31T23:31:24.174+0700] {subprocess.py:93} INFO - 25/10/31 23:31:24 INFO Utils: Copying /home/***/.ivy2/jars/org.postgresql_postgresql-42.6.0.jar to /tmp/spark-8c85397b-76b4-4014-af07-7e37b6c0ce92/userFiles-e308f27f-3010-4729-9b86-c972dcbec1ed/org.postgresql_postgresql-42.6.0.jar
[2025-10-31T23:31:24.179+0700] {subprocess.py:93} INFO - 25/10/31 23:31:24 INFO SparkContext: Added file file:///home/***/.ivy2/jars/org.apache.spark_spark-token-provider-kafka-0-10_2.12-3.5.1.jar at file:///home/***/.ivy2/jars/org.apache.spark_spark-token-provider-kafka-0-10_2.12-3.5.1.jar with timestamp 1761928283880
[2025-10-31T23:31:24.180+0700] {subprocess.py:93} INFO - 25/10/31 23:31:24 INFO Utils: Copying /home/***/.ivy2/jars/org.apache.spark_spark-token-provider-kafka-0-10_2.12-3.5.1.jar to /tmp/spark-8c85397b-76b4-4014-af07-7e37b6c0ce92/userFiles-e308f27f-3010-4729-9b86-c972dcbec1ed/org.apache.spark_spark-token-provider-kafka-0-10_2.12-3.5.1.jar
[2025-10-31T23:31:24.184+0700] {subprocess.py:93} INFO - 25/10/31 23:31:24 INFO SparkContext: Added file file:///home/***/.ivy2/jars/org.apache.kafka_kafka-clients-3.4.1.jar at file:///home/***/.ivy2/jars/org.apache.kafka_kafka-clients-3.4.1.jar with timestamp 1761928283880
[2025-10-31T23:31:24.184+0700] {subprocess.py:93} INFO - 25/10/31 23:31:24 INFO Utils: Copying /home/***/.ivy2/jars/org.apache.kafka_kafka-clients-3.4.1.jar to /tmp/spark-8c85397b-76b4-4014-af07-7e37b6c0ce92/userFiles-e308f27f-3010-4729-9b86-c972dcbec1ed/org.apache.kafka_kafka-clients-3.4.1.jar
[2025-10-31T23:31:24.193+0700] {subprocess.py:93} INFO - 25/10/31 23:31:24 INFO SparkContext: Added file file:///home/***/.ivy2/jars/com.google.code.findbugs_jsr305-3.0.0.jar at file:///home/***/.ivy2/jars/com.google.code.findbugs_jsr305-3.0.0.jar with timestamp 1761928283880
[2025-10-31T23:31:24.193+0700] {subprocess.py:93} INFO - 25/10/31 23:31:24 INFO Utils: Copying /home/***/.ivy2/jars/com.google.code.findbugs_jsr305-3.0.0.jar to /tmp/spark-8c85397b-76b4-4014-af07-7e37b6c0ce92/userFiles-e308f27f-3010-4729-9b86-c972dcbec1ed/com.google.code.findbugs_jsr305-3.0.0.jar
[2025-10-31T23:31:24.197+0700] {subprocess.py:93} INFO - 25/10/31 23:31:24 INFO SparkContext: Added file file:///home/***/.ivy2/jars/org.apache.commons_commons-pool2-2.11.1.jar at file:///home/***/.ivy2/jars/org.apache.commons_commons-pool2-2.11.1.jar with timestamp 1761928283880
[2025-10-31T23:31:24.197+0700] {subprocess.py:93} INFO - 25/10/31 23:31:24 INFO Utils: Copying /home/***/.ivy2/jars/org.apache.commons_commons-pool2-2.11.1.jar to /tmp/spark-8c85397b-76b4-4014-af07-7e37b6c0ce92/userFiles-e308f27f-3010-4729-9b86-c972dcbec1ed/org.apache.commons_commons-pool2-2.11.1.jar
[2025-10-31T23:31:24.202+0700] {subprocess.py:93} INFO - 25/10/31 23:31:24 INFO SparkContext: Added file file:///home/***/.ivy2/jars/org.apache.hadoop_hadoop-client-runtime-3.3.4.jar at file:///home/***/.ivy2/jars/org.apache.hadoop_hadoop-client-runtime-3.3.4.jar with timestamp 1761928283880
[2025-10-31T23:31:24.202+0700] {subprocess.py:93} INFO - 25/10/31 23:31:24 INFO Utils: Copying /home/***/.ivy2/jars/org.apache.hadoop_hadoop-client-runtime-3.3.4.jar to /tmp/spark-8c85397b-76b4-4014-af07-7e37b6c0ce92/userFiles-e308f27f-3010-4729-9b86-c972dcbec1ed/org.apache.hadoop_hadoop-client-runtime-3.3.4.jar
[2025-10-31T23:31:24.234+0700] {subprocess.py:93} INFO - 25/10/31 23:31:24 INFO SparkContext: Added file file:///home/***/.ivy2/jars/org.lz4_lz4-java-1.8.0.jar at file:///home/***/.ivy2/jars/org.lz4_lz4-java-1.8.0.jar with timestamp 1761928283880
[2025-10-31T23:31:24.234+0700] {subprocess.py:93} INFO - 25/10/31 23:31:24 INFO Utils: Copying /home/***/.ivy2/jars/org.lz4_lz4-java-1.8.0.jar to /tmp/spark-8c85397b-76b4-4014-af07-7e37b6c0ce92/userFiles-e308f27f-3010-4729-9b86-c972dcbec1ed/org.lz4_lz4-java-1.8.0.jar
[2025-10-31T23:31:24.239+0700] {subprocess.py:93} INFO - 25/10/31 23:31:24 INFO SparkContext: Added file file:///home/***/.ivy2/jars/org.xerial.snappy_snappy-java-1.1.10.3.jar at file:///home/***/.ivy2/jars/org.xerial.snappy_snappy-java-1.1.10.3.jar with timestamp 1761928283880
[2025-10-31T23:31:24.239+0700] {subprocess.py:93} INFO - 25/10/31 23:31:24 INFO Utils: Copying /home/***/.ivy2/jars/org.xerial.snappy_snappy-java-1.1.10.3.jar to /tmp/spark-8c85397b-76b4-4014-af07-7e37b6c0ce92/userFiles-e308f27f-3010-4729-9b86-c972dcbec1ed/org.xerial.snappy_snappy-java-1.1.10.3.jar
[2025-10-31T23:31:24.245+0700] {subprocess.py:93} INFO - 25/10/31 23:31:24 INFO SparkContext: Added file file:///home/***/.ivy2/jars/org.slf4j_slf4j-api-2.0.7.jar at file:///home/***/.ivy2/jars/org.slf4j_slf4j-api-2.0.7.jar with timestamp 1761928283880
[2025-10-31T23:31:24.245+0700] {subprocess.py:93} INFO - 25/10/31 23:31:24 INFO Utils: Copying /home/***/.ivy2/jars/org.slf4j_slf4j-api-2.0.7.jar to /tmp/spark-8c85397b-76b4-4014-af07-7e37b6c0ce92/userFiles-e308f27f-3010-4729-9b86-c972dcbec1ed/org.slf4j_slf4j-api-2.0.7.jar
[2025-10-31T23:31:24.249+0700] {subprocess.py:93} INFO - 25/10/31 23:31:24 INFO SparkContext: Added file file:///home/***/.ivy2/jars/org.apache.hadoop_hadoop-client-api-3.3.4.jar at file:///home/***/.ivy2/jars/org.apache.hadoop_hadoop-client-api-3.3.4.jar with timestamp 1761928283880
[2025-10-31T23:31:24.250+0700] {subprocess.py:93} INFO - 25/10/31 23:31:24 INFO Utils: Copying /home/***/.ivy2/jars/org.apache.hadoop_hadoop-client-api-3.3.4.jar to /tmp/spark-8c85397b-76b4-4014-af07-7e37b6c0ce92/userFiles-e308f27f-3010-4729-9b86-c972dcbec1ed/org.apache.hadoop_hadoop-client-api-3.3.4.jar
[2025-10-31T23:31:24.272+0700] {subprocess.py:93} INFO - 25/10/31 23:31:24 INFO SparkContext: Added file file:///home/***/.ivy2/jars/commons-logging_commons-logging-1.1.3.jar at file:///home/***/.ivy2/jars/commons-logging_commons-logging-1.1.3.jar with timestamp 1761928283880
[2025-10-31T23:31:24.273+0700] {subprocess.py:93} INFO - 25/10/31 23:31:24 INFO Utils: Copying /home/***/.ivy2/jars/commons-logging_commons-logging-1.1.3.jar to /tmp/spark-8c85397b-76b4-4014-af07-7e37b6c0ce92/userFiles-e308f27f-3010-4729-9b86-c972dcbec1ed/commons-logging_commons-logging-1.1.3.jar
[2025-10-31T23:31:24.276+0700] {subprocess.py:93} INFO - 25/10/31 23:31:24 INFO SparkContext: Added file file:///home/***/.ivy2/jars/org.checkerframework_checker-qual-3.31.0.jar at file:///home/***/.ivy2/jars/org.checkerframework_checker-qual-3.31.0.jar with timestamp 1761928283880
[2025-10-31T23:31:24.277+0700] {subprocess.py:93} INFO - 25/10/31 23:31:24 INFO Utils: Copying /home/***/.ivy2/jars/org.checkerframework_checker-qual-3.31.0.jar to /tmp/spark-8c85397b-76b4-4014-af07-7e37b6c0ce92/userFiles-e308f27f-3010-4729-9b86-c972dcbec1ed/org.checkerframework_checker-qual-3.31.0.jar
[2025-10-31T23:31:24.303+0700] {subprocess.py:93} INFO - 25/10/31 23:31:24 INFO Executor: Starting executor ID driver on host f7bb1ad77e89
[2025-10-31T23:31:24.304+0700] {subprocess.py:93} INFO - 25/10/31 23:31:24 INFO Executor: OS info Linux, 5.15.49-linuxkit, aarch64
[2025-10-31T23:31:24.304+0700] {subprocess.py:93} INFO - 25/10/31 23:31:24 INFO Executor: Java version 17.0.17
[2025-10-31T23:31:24.306+0700] {subprocess.py:93} INFO - 25/10/31 23:31:24 INFO Executor: Starting executor with user classpath (userClassPathFirst = false): ''
[2025-10-31T23:31:24.307+0700] {subprocess.py:93} INFO - 25/10/31 23:31:24 INFO Executor: Created or updated repl class loader org.apache.spark.util.MutableURLClassLoader@11867cd3 for default.
[2025-10-31T23:31:24.312+0700] {subprocess.py:93} INFO - 25/10/31 23:31:24 INFO Executor: Fetching file:///home/***/.ivy2/jars/org.apache.spark_spark-sql-kafka-0-10_2.12-3.5.1.jar with timestamp 1761928283880
[2025-10-31T23:31:24.321+0700] {subprocess.py:93} INFO - 25/10/31 23:31:24 INFO Utils: /home/***/.ivy2/jars/org.apache.spark_spark-sql-kafka-0-10_2.12-3.5.1.jar has been previously copied to /tmp/spark-8c85397b-76b4-4014-af07-7e37b6c0ce92/userFiles-e308f27f-3010-4729-9b86-c972dcbec1ed/org.apache.spark_spark-sql-kafka-0-10_2.12-3.5.1.jar
[2025-10-31T23:31:24.326+0700] {subprocess.py:93} INFO - 25/10/31 23:31:24 INFO Executor: Fetching file:///home/***/.ivy2/jars/org.apache.hadoop_hadoop-client-runtime-3.3.4.jar with timestamp 1761928283880
[2025-10-31T23:31:24.340+0700] {subprocess.py:93} INFO - 25/10/31 23:31:24 INFO Utils: /home/***/.ivy2/jars/org.apache.hadoop_hadoop-client-runtime-3.3.4.jar has been previously copied to /tmp/spark-8c85397b-76b4-4014-af07-7e37b6c0ce92/userFiles-e308f27f-3010-4729-9b86-c972dcbec1ed/org.apache.hadoop_hadoop-client-runtime-3.3.4.jar
[2025-10-31T23:31:24.345+0700] {subprocess.py:93} INFO - 25/10/31 23:31:24 INFO Executor: Fetching file:///home/***/.ivy2/jars/org.apache.hadoop_hadoop-client-api-3.3.4.jar with timestamp 1761928283880
[2025-10-31T23:31:24.354+0700] {subprocess.py:93} INFO - 25/10/31 23:31:24 INFO Utils: /home/***/.ivy2/jars/org.apache.hadoop_hadoop-client-api-3.3.4.jar has been previously copied to /tmp/spark-8c85397b-76b4-4014-af07-7e37b6c0ce92/userFiles-e308f27f-3010-4729-9b86-c972dcbec1ed/org.apache.hadoop_hadoop-client-api-3.3.4.jar
[2025-10-31T23:31:24.358+0700] {subprocess.py:93} INFO - 25/10/31 23:31:24 INFO Executor: Fetching file:///home/***/.ivy2/jars/org.apache.spark_spark-token-provider-kafka-0-10_2.12-3.5.1.jar with timestamp 1761928283880
[2025-10-31T23:31:24.358+0700] {subprocess.py:93} INFO - 25/10/31 23:31:24 INFO Utils: /home/***/.ivy2/jars/org.apache.spark_spark-token-provider-kafka-0-10_2.12-3.5.1.jar has been previously copied to /tmp/spark-8c85397b-76b4-4014-af07-7e37b6c0ce92/userFiles-e308f27f-3010-4729-9b86-c972dcbec1ed/org.apache.spark_spark-token-provider-kafka-0-10_2.12-3.5.1.jar
[2025-10-31T23:31:24.362+0700] {subprocess.py:93} INFO - 25/10/31 23:31:24 INFO Executor: Fetching file:///home/***/.ivy2/jars/com.google.code.findbugs_jsr305-3.0.0.jar with timestamp 1761928283880
[2025-10-31T23:31:24.362+0700] {subprocess.py:93} INFO - 25/10/31 23:31:24 INFO Utils: /home/***/.ivy2/jars/com.google.code.findbugs_jsr305-3.0.0.jar has been previously copied to /tmp/spark-8c85397b-76b4-4014-af07-7e37b6c0ce92/userFiles-e308f27f-3010-4729-9b86-c972dcbec1ed/com.google.code.findbugs_jsr305-3.0.0.jar
[2025-10-31T23:31:24.366+0700] {subprocess.py:93} INFO - 25/10/31 23:31:24 INFO Executor: Fetching file:///home/***/.ivy2/jars/org.lz4_lz4-java-1.8.0.jar with timestamp 1761928283880
[2025-10-31T23:31:24.367+0700] {subprocess.py:93} INFO - 25/10/31 23:31:24 INFO Utils: /home/***/.ivy2/jars/org.lz4_lz4-java-1.8.0.jar has been previously copied to /tmp/spark-8c85397b-76b4-4014-af07-7e37b6c0ce92/userFiles-e308f27f-3010-4729-9b86-c972dcbec1ed/org.lz4_lz4-java-1.8.0.jar
[2025-10-31T23:31:24.371+0700] {subprocess.py:93} INFO - 25/10/31 23:31:24 INFO Executor: Fetching file:///home/***/.ivy2/jars/org.slf4j_slf4j-api-2.0.7.jar with timestamp 1761928283880
[2025-10-31T23:31:24.371+0700] {subprocess.py:93} INFO - 25/10/31 23:31:24 INFO Utils: /home/***/.ivy2/jars/org.slf4j_slf4j-api-2.0.7.jar has been previously copied to /tmp/spark-8c85397b-76b4-4014-af07-7e37b6c0ce92/userFiles-e308f27f-3010-4729-9b86-c972dcbec1ed/org.slf4j_slf4j-api-2.0.7.jar
[2025-10-31T23:31:24.375+0700] {subprocess.py:93} INFO - 25/10/31 23:31:24 INFO Executor: Fetching file:///home/***/.ivy2/jars/org.checkerframework_checker-qual-3.31.0.jar with timestamp 1761928283880
[2025-10-31T23:31:24.375+0700] {subprocess.py:93} INFO - 25/10/31 23:31:24 INFO Utils: /home/***/.ivy2/jars/org.checkerframework_checker-qual-3.31.0.jar has been previously copied to /tmp/spark-8c85397b-76b4-4014-af07-7e37b6c0ce92/userFiles-e308f27f-3010-4729-9b86-c972dcbec1ed/org.checkerframework_checker-qual-3.31.0.jar
[2025-10-31T23:31:24.379+0700] {subprocess.py:93} INFO - 25/10/31 23:31:24 INFO Executor: Fetching file:///home/***/.ivy2/jars/org.apache.commons_commons-pool2-2.11.1.jar with timestamp 1761928283880
[2025-10-31T23:31:24.379+0700] {subprocess.py:93} INFO - 25/10/31 23:31:24 INFO Utils: /home/***/.ivy2/jars/org.apache.commons_commons-pool2-2.11.1.jar has been previously copied to /tmp/spark-8c85397b-76b4-4014-af07-7e37b6c0ce92/userFiles-e308f27f-3010-4729-9b86-c972dcbec1ed/org.apache.commons_commons-pool2-2.11.1.jar
[2025-10-31T23:31:24.383+0700] {subprocess.py:93} INFO - 25/10/31 23:31:24 INFO Executor: Fetching file:///home/***/.ivy2/jars/commons-logging_commons-logging-1.1.3.jar with timestamp 1761928283880
[2025-10-31T23:31:24.384+0700] {subprocess.py:93} INFO - 25/10/31 23:31:24 INFO Utils: /home/***/.ivy2/jars/commons-logging_commons-logging-1.1.3.jar has been previously copied to /tmp/spark-8c85397b-76b4-4014-af07-7e37b6c0ce92/userFiles-e308f27f-3010-4729-9b86-c972dcbec1ed/commons-logging_commons-logging-1.1.3.jar
[2025-10-31T23:31:24.387+0700] {subprocess.py:93} INFO - 25/10/31 23:31:24 INFO Executor: Fetching file:///home/***/.ivy2/jars/org.xerial.snappy_snappy-java-1.1.10.3.jar with timestamp 1761928283880
[2025-10-31T23:31:24.388+0700] {subprocess.py:93} INFO - 25/10/31 23:31:24 INFO Utils: /home/***/.ivy2/jars/org.xerial.snappy_snappy-java-1.1.10.3.jar has been previously copied to /tmp/spark-8c85397b-76b4-4014-af07-7e37b6c0ce92/userFiles-e308f27f-3010-4729-9b86-c972dcbec1ed/org.xerial.snappy_snappy-java-1.1.10.3.jar
[2025-10-31T23:31:24.392+0700] {subprocess.py:93} INFO - 25/10/31 23:31:24 INFO Executor: Fetching file:///home/***/.ivy2/jars/org.postgresql_postgresql-42.6.0.jar with timestamp 1761928283880
[2025-10-31T23:31:24.392+0700] {subprocess.py:93} INFO - 25/10/31 23:31:24 INFO Utils: /home/***/.ivy2/jars/org.postgresql_postgresql-42.6.0.jar has been previously copied to /tmp/spark-8c85397b-76b4-4014-af07-7e37b6c0ce92/userFiles-e308f27f-3010-4729-9b86-c972dcbec1ed/org.postgresql_postgresql-42.6.0.jar
[2025-10-31T23:31:24.396+0700] {subprocess.py:93} INFO - 25/10/31 23:31:24 INFO Executor: Fetching file:///home/***/.ivy2/jars/org.apache.kafka_kafka-clients-3.4.1.jar with timestamp 1761928283880
[2025-10-31T23:31:24.398+0700] {subprocess.py:93} INFO - 25/10/31 23:31:24 INFO Utils: /home/***/.ivy2/jars/org.apache.kafka_kafka-clients-3.4.1.jar has been previously copied to /tmp/spark-8c85397b-76b4-4014-af07-7e37b6c0ce92/userFiles-e308f27f-3010-4729-9b86-c972dcbec1ed/org.apache.kafka_kafka-clients-3.4.1.jar
[2025-10-31T23:31:24.403+0700] {subprocess.py:93} INFO - 25/10/31 23:31:24 INFO Executor: Fetching spark://f7bb1ad77e89:44905/jars/org.apache.commons_commons-pool2-2.11.1.jar with timestamp 1761928283880
[2025-10-31T23:31:24.417+0700] {subprocess.py:93} INFO - 25/10/31 23:31:24 INFO TransportClientFactory: Successfully created connection to f7bb1ad77e89/172.23.0.6:44905 after 10 ms (0 ms spent in bootstraps)
[2025-10-31T23:31:24.424+0700] {subprocess.py:93} INFO - 25/10/31 23:31:24 INFO Utils: Fetching spark://f7bb1ad77e89:44905/jars/org.apache.commons_commons-pool2-2.11.1.jar to /tmp/spark-8c85397b-76b4-4014-af07-7e37b6c0ce92/userFiles-e308f27f-3010-4729-9b86-c972dcbec1ed/fetchFileTemp11727580292908165062.tmp
[2025-10-31T23:31:24.435+0700] {subprocess.py:93} INFO - 25/10/31 23:31:24 INFO Utils: /tmp/spark-8c85397b-76b4-4014-af07-7e37b6c0ce92/userFiles-e308f27f-3010-4729-9b86-c972dcbec1ed/fetchFileTemp11727580292908165062.tmp has been previously copied to /tmp/spark-8c85397b-76b4-4014-af07-7e37b6c0ce92/userFiles-e308f27f-3010-4729-9b86-c972dcbec1ed/org.apache.commons_commons-pool2-2.11.1.jar
[2025-10-31T23:31:24.453+0700] {subprocess.py:93} INFO - 25/10/31 23:31:24 INFO Executor: Adding file:/tmp/spark-8c85397b-76b4-4014-af07-7e37b6c0ce92/userFiles-e308f27f-3010-4729-9b86-c972dcbec1ed/org.apache.commons_commons-pool2-2.11.1.jar to class loader default
[2025-10-31T23:31:24.454+0700] {subprocess.py:93} INFO - 25/10/31 23:31:24 INFO Executor: Fetching spark://f7bb1ad77e89:44905/jars/org.apache.spark_spark-sql-kafka-0-10_2.12-3.5.1.jar with timestamp 1761928283880
[2025-10-31T23:31:24.454+0700] {subprocess.py:93} INFO - 25/10/31 23:31:24 INFO Utils: Fetching spark://f7bb1ad77e89:44905/jars/org.apache.spark_spark-sql-kafka-0-10_2.12-3.5.1.jar to /tmp/spark-8c85397b-76b4-4014-af07-7e37b6c0ce92/userFiles-e308f27f-3010-4729-9b86-c972dcbec1ed/fetchFileTemp7797271639013519740.tmp
[2025-10-31T23:31:24.456+0700] {subprocess.py:93} INFO - 25/10/31 23:31:24 INFO Utils: /tmp/spark-8c85397b-76b4-4014-af07-7e37b6c0ce92/userFiles-e308f27f-3010-4729-9b86-c972dcbec1ed/fetchFileTemp7797271639013519740.tmp has been previously copied to /tmp/spark-8c85397b-76b4-4014-af07-7e37b6c0ce92/userFiles-e308f27f-3010-4729-9b86-c972dcbec1ed/org.apache.spark_spark-sql-kafka-0-10_2.12-3.5.1.jar
[2025-10-31T23:31:24.461+0700] {subprocess.py:93} INFO - 25/10/31 23:31:24 INFO Executor: Adding file:/tmp/spark-8c85397b-76b4-4014-af07-7e37b6c0ce92/userFiles-e308f27f-3010-4729-9b86-c972dcbec1ed/org.apache.spark_spark-sql-kafka-0-10_2.12-3.5.1.jar to class loader default
[2025-10-31T23:31:24.461+0700] {subprocess.py:93} INFO - 25/10/31 23:31:24 INFO Executor: Fetching spark://f7bb1ad77e89:44905/jars/org.apache.hadoop_hadoop-client-runtime-3.3.4.jar with timestamp 1761928283880
[2025-10-31T23:31:24.462+0700] {subprocess.py:93} INFO - 25/10/31 23:31:24 INFO Utils: Fetching spark://f7bb1ad77e89:44905/jars/org.apache.hadoop_hadoop-client-runtime-3.3.4.jar to /tmp/spark-8c85397b-76b4-4014-af07-7e37b6c0ce92/userFiles-e308f27f-3010-4729-9b86-c972dcbec1ed/fetchFileTemp11000331234140903461.tmp
[2025-10-31T23:31:24.529+0700] {subprocess.py:93} INFO - 25/10/31 23:31:24 INFO Utils: /tmp/spark-8c85397b-76b4-4014-af07-7e37b6c0ce92/userFiles-e308f27f-3010-4729-9b86-c972dcbec1ed/fetchFileTemp11000331234140903461.tmp has been previously copied to /tmp/spark-8c85397b-76b4-4014-af07-7e37b6c0ce92/userFiles-e308f27f-3010-4729-9b86-c972dcbec1ed/org.apache.hadoop_hadoop-client-runtime-3.3.4.jar
[2025-10-31T23:31:24.539+0700] {subprocess.py:93} INFO - 25/10/31 23:31:24 INFO Executor: Adding file:/tmp/spark-8c85397b-76b4-4014-af07-7e37b6c0ce92/userFiles-e308f27f-3010-4729-9b86-c972dcbec1ed/org.apache.hadoop_hadoop-client-runtime-3.3.4.jar to class loader default
[2025-10-31T23:31:24.539+0700] {subprocess.py:93} INFO - 25/10/31 23:31:24 INFO Executor: Fetching spark://f7bb1ad77e89:44905/jars/org.lz4_lz4-java-1.8.0.jar with timestamp 1761928283880
[2025-10-31T23:31:24.540+0700] {subprocess.py:93} INFO - 25/10/31 23:31:24 INFO Utils: Fetching spark://f7bb1ad77e89:44905/jars/org.lz4_lz4-java-1.8.0.jar to /tmp/spark-8c85397b-76b4-4014-af07-7e37b6c0ce92/userFiles-e308f27f-3010-4729-9b86-c972dcbec1ed/fetchFileTemp6652752929894465738.tmp
[2025-10-31T23:31:24.542+0700] {subprocess.py:93} INFO - 25/10/31 23:31:24 INFO Utils: /tmp/spark-8c85397b-76b4-4014-af07-7e37b6c0ce92/userFiles-e308f27f-3010-4729-9b86-c972dcbec1ed/fetchFileTemp6652752929894465738.tmp has been previously copied to /tmp/spark-8c85397b-76b4-4014-af07-7e37b6c0ce92/userFiles-e308f27f-3010-4729-9b86-c972dcbec1ed/org.lz4_lz4-java-1.8.0.jar
[2025-10-31T23:31:24.546+0700] {subprocess.py:93} INFO - 25/10/31 23:31:24 INFO Executor: Adding file:/tmp/spark-8c85397b-76b4-4014-af07-7e37b6c0ce92/userFiles-e308f27f-3010-4729-9b86-c972dcbec1ed/org.lz4_lz4-java-1.8.0.jar to class loader default
[2025-10-31T23:31:24.546+0700] {subprocess.py:93} INFO - 25/10/31 23:31:24 INFO Executor: Fetching spark://f7bb1ad77e89:44905/jars/org.xerial.snappy_snappy-java-1.1.10.3.jar with timestamp 1761928283880
[2025-10-31T23:31:24.547+0700] {subprocess.py:93} INFO - 25/10/31 23:31:24 INFO Utils: Fetching spark://f7bb1ad77e89:44905/jars/org.xerial.snappy_snappy-java-1.1.10.3.jar to /tmp/spark-8c85397b-76b4-4014-af07-7e37b6c0ce92/userFiles-e308f27f-3010-4729-9b86-c972dcbec1ed/fetchFileTemp18348046245267879113.tmp
[2025-10-31T23:31:24.551+0700] {subprocess.py:93} INFO - 25/10/31 23:31:24 INFO Utils: /tmp/spark-8c85397b-76b4-4014-af07-7e37b6c0ce92/userFiles-e308f27f-3010-4729-9b86-c972dcbec1ed/fetchFileTemp18348046245267879113.tmp has been previously copied to /tmp/spark-8c85397b-76b4-4014-af07-7e37b6c0ce92/userFiles-e308f27f-3010-4729-9b86-c972dcbec1ed/org.xerial.snappy_snappy-java-1.1.10.3.jar
[2025-10-31T23:31:24.555+0700] {subprocess.py:93} INFO - 25/10/31 23:31:24 INFO Executor: Adding file:/tmp/spark-8c85397b-76b4-4014-af07-7e37b6c0ce92/userFiles-e308f27f-3010-4729-9b86-c972dcbec1ed/org.xerial.snappy_snappy-java-1.1.10.3.jar to class loader default
[2025-10-31T23:31:24.555+0700] {subprocess.py:93} INFO - 25/10/31 23:31:24 INFO Executor: Fetching spark://f7bb1ad77e89:44905/jars/org.checkerframework_checker-qual-3.31.0.jar with timestamp 1761928283880
[2025-10-31T23:31:24.555+0700] {subprocess.py:93} INFO - 25/10/31 23:31:24 INFO Utils: Fetching spark://f7bb1ad77e89:44905/jars/org.checkerframework_checker-qual-3.31.0.jar to /tmp/spark-8c85397b-76b4-4014-af07-7e37b6c0ce92/userFiles-e308f27f-3010-4729-9b86-c972dcbec1ed/fetchFileTemp16559097957173306832.tmp
[2025-10-31T23:31:24.556+0700] {subprocess.py:93} INFO - 25/10/31 23:31:24 INFO Utils: /tmp/spark-8c85397b-76b4-4014-af07-7e37b6c0ce92/userFiles-e308f27f-3010-4729-9b86-c972dcbec1ed/fetchFileTemp16559097957173306832.tmp has been previously copied to /tmp/spark-8c85397b-76b4-4014-af07-7e37b6c0ce92/userFiles-e308f27f-3010-4729-9b86-c972dcbec1ed/org.checkerframework_checker-qual-3.31.0.jar
[2025-10-31T23:31:24.560+0700] {subprocess.py:93} INFO - 25/10/31 23:31:24 INFO Executor: Adding file:/tmp/spark-8c85397b-76b4-4014-af07-7e37b6c0ce92/userFiles-e308f27f-3010-4729-9b86-c972dcbec1ed/org.checkerframework_checker-qual-3.31.0.jar to class loader default
[2025-10-31T23:31:24.560+0700] {subprocess.py:93} INFO - 25/10/31 23:31:24 INFO Executor: Fetching spark://f7bb1ad77e89:44905/jars/org.apache.hadoop_hadoop-client-api-3.3.4.jar with timestamp 1761928283880
[2025-10-31T23:31:24.561+0700] {subprocess.py:93} INFO - 25/10/31 23:31:24 INFO Utils: Fetching spark://f7bb1ad77e89:44905/jars/org.apache.hadoop_hadoop-client-api-3.3.4.jar to /tmp/spark-8c85397b-76b4-4014-af07-7e37b6c0ce92/userFiles-e308f27f-3010-4729-9b86-c972dcbec1ed/fetchFileTemp28828165979478719.tmp
[2025-10-31T23:31:24.597+0700] {subprocess.py:93} INFO - 25/10/31 23:31:24 INFO Utils: /tmp/spark-8c85397b-76b4-4014-af07-7e37b6c0ce92/userFiles-e308f27f-3010-4729-9b86-c972dcbec1ed/fetchFileTemp28828165979478719.tmp has been previously copied to /tmp/spark-8c85397b-76b4-4014-af07-7e37b6c0ce92/userFiles-e308f27f-3010-4729-9b86-c972dcbec1ed/org.apache.hadoop_hadoop-client-api-3.3.4.jar
[2025-10-31T23:31:24.604+0700] {subprocess.py:93} INFO - 25/10/31 23:31:24 INFO Executor: Adding file:/tmp/spark-8c85397b-76b4-4014-af07-7e37b6c0ce92/userFiles-e308f27f-3010-4729-9b86-c972dcbec1ed/org.apache.hadoop_hadoop-client-api-3.3.4.jar to class loader default
[2025-10-31T23:31:24.605+0700] {subprocess.py:93} INFO - 25/10/31 23:31:24 INFO Executor: Fetching spark://f7bb1ad77e89:44905/jars/org.slf4j_slf4j-api-2.0.7.jar with timestamp 1761928283880
[2025-10-31T23:31:24.605+0700] {subprocess.py:93} INFO - 25/10/31 23:31:24 INFO Utils: Fetching spark://f7bb1ad77e89:44905/jars/org.slf4j_slf4j-api-2.0.7.jar to /tmp/spark-8c85397b-76b4-4014-af07-7e37b6c0ce92/userFiles-e308f27f-3010-4729-9b86-c972dcbec1ed/fetchFileTemp11505966699600510533.tmp
[2025-10-31T23:31:24.605+0700] {subprocess.py:93} INFO - 25/10/31 23:31:24 INFO Utils: /tmp/spark-8c85397b-76b4-4014-af07-7e37b6c0ce92/userFiles-e308f27f-3010-4729-9b86-c972dcbec1ed/fetchFileTemp11505966699600510533.tmp has been previously copied to /tmp/spark-8c85397b-76b4-4014-af07-7e37b6c0ce92/userFiles-e308f27f-3010-4729-9b86-c972dcbec1ed/org.slf4j_slf4j-api-2.0.7.jar
[2025-10-31T23:31:24.610+0700] {subprocess.py:93} INFO - 25/10/31 23:31:24 INFO Executor: Adding file:/tmp/spark-8c85397b-76b4-4014-af07-7e37b6c0ce92/userFiles-e308f27f-3010-4729-9b86-c972dcbec1ed/org.slf4j_slf4j-api-2.0.7.jar to class loader default
[2025-10-31T23:31:24.610+0700] {subprocess.py:93} INFO - 25/10/31 23:31:24 INFO Executor: Fetching spark://f7bb1ad77e89:44905/jars/org.postgresql_postgresql-42.6.0.jar with timestamp 1761928283880
[2025-10-31T23:31:24.610+0700] {subprocess.py:93} INFO - 25/10/31 23:31:24 INFO Utils: Fetching spark://f7bb1ad77e89:44905/jars/org.postgresql_postgresql-42.6.0.jar to /tmp/spark-8c85397b-76b4-4014-af07-7e37b6c0ce92/userFiles-e308f27f-3010-4729-9b86-c972dcbec1ed/fetchFileTemp15598467384209183145.tmp
[2025-10-31T23:31:24.613+0700] {subprocess.py:93} INFO - 25/10/31 23:31:24 INFO Utils: /tmp/spark-8c85397b-76b4-4014-af07-7e37b6c0ce92/userFiles-e308f27f-3010-4729-9b86-c972dcbec1ed/fetchFileTemp15598467384209183145.tmp has been previously copied to /tmp/spark-8c85397b-76b4-4014-af07-7e37b6c0ce92/userFiles-e308f27f-3010-4729-9b86-c972dcbec1ed/org.postgresql_postgresql-42.6.0.jar
[2025-10-31T23:31:24.617+0700] {subprocess.py:93} INFO - 25/10/31 23:31:24 INFO Executor: Adding file:/tmp/spark-8c85397b-76b4-4014-af07-7e37b6c0ce92/userFiles-e308f27f-3010-4729-9b86-c972dcbec1ed/org.postgresql_postgresql-42.6.0.jar to class loader default
[2025-10-31T23:31:24.617+0700] {subprocess.py:93} INFO - 25/10/31 23:31:24 INFO Executor: Fetching spark://f7bb1ad77e89:44905/jars/commons-logging_commons-logging-1.1.3.jar with timestamp 1761928283880
[2025-10-31T23:31:24.617+0700] {subprocess.py:93} INFO - 25/10/31 23:31:24 INFO Utils: Fetching spark://f7bb1ad77e89:44905/jars/commons-logging_commons-logging-1.1.3.jar to /tmp/spark-8c85397b-76b4-4014-af07-7e37b6c0ce92/userFiles-e308f27f-3010-4729-9b86-c972dcbec1ed/fetchFileTemp17562231938223418803.tmp
[2025-10-31T23:31:24.618+0700] {subprocess.py:93} INFO - 25/10/31 23:31:24 INFO Utils: /tmp/spark-8c85397b-76b4-4014-af07-7e37b6c0ce92/userFiles-e308f27f-3010-4729-9b86-c972dcbec1ed/fetchFileTemp17562231938223418803.tmp has been previously copied to /tmp/spark-8c85397b-76b4-4014-af07-7e37b6c0ce92/userFiles-e308f27f-3010-4729-9b86-c972dcbec1ed/commons-logging_commons-logging-1.1.3.jar
[2025-10-31T23:31:24.622+0700] {subprocess.py:93} INFO - 25/10/31 23:31:24 INFO Executor: Adding file:/tmp/spark-8c85397b-76b4-4014-af07-7e37b6c0ce92/userFiles-e308f27f-3010-4729-9b86-c972dcbec1ed/commons-logging_commons-logging-1.1.3.jar to class loader default
[2025-10-31T23:31:24.622+0700] {subprocess.py:93} INFO - 25/10/31 23:31:24 INFO Executor: Fetching spark://f7bb1ad77e89:44905/jars/org.apache.spark_spark-token-provider-kafka-0-10_2.12-3.5.1.jar with timestamp 1761928283880
[2025-10-31T23:31:24.622+0700] {subprocess.py:93} INFO - 25/10/31 23:31:24 INFO Utils: Fetching spark://f7bb1ad77e89:44905/jars/org.apache.spark_spark-token-provider-kafka-0-10_2.12-3.5.1.jar to /tmp/spark-8c85397b-76b4-4014-af07-7e37b6c0ce92/userFiles-e308f27f-3010-4729-9b86-c972dcbec1ed/fetchFileTemp10018791307291967525.tmp
[2025-10-31T23:31:24.623+0700] {subprocess.py:93} INFO - 25/10/31 23:31:24 INFO Utils: /tmp/spark-8c85397b-76b4-4014-af07-7e37b6c0ce92/userFiles-e308f27f-3010-4729-9b86-c972dcbec1ed/fetchFileTemp10018791307291967525.tmp has been previously copied to /tmp/spark-8c85397b-76b4-4014-af07-7e37b6c0ce92/userFiles-e308f27f-3010-4729-9b86-c972dcbec1ed/org.apache.spark_spark-token-provider-kafka-0-10_2.12-3.5.1.jar
[2025-10-31T23:31:24.627+0700] {subprocess.py:93} INFO - 25/10/31 23:31:24 INFO Executor: Adding file:/tmp/spark-8c85397b-76b4-4014-af07-7e37b6c0ce92/userFiles-e308f27f-3010-4729-9b86-c972dcbec1ed/org.apache.spark_spark-token-provider-kafka-0-10_2.12-3.5.1.jar to class loader default
[2025-10-31T23:31:24.627+0700] {subprocess.py:93} INFO - 25/10/31 23:31:24 INFO Executor: Fetching spark://f7bb1ad77e89:44905/jars/com.google.code.findbugs_jsr305-3.0.0.jar with timestamp 1761928283880
[2025-10-31T23:31:24.627+0700] {subprocess.py:93} INFO - 25/10/31 23:31:24 INFO Utils: Fetching spark://f7bb1ad77e89:44905/jars/com.google.code.findbugs_jsr305-3.0.0.jar to /tmp/spark-8c85397b-76b4-4014-af07-7e37b6c0ce92/userFiles-e308f27f-3010-4729-9b86-c972dcbec1ed/fetchFileTemp1716224782421041889.tmp
[2025-10-31T23:31:24.628+0700] {subprocess.py:93} INFO - 25/10/31 23:31:24 INFO Utils: /tmp/spark-8c85397b-76b4-4014-af07-7e37b6c0ce92/userFiles-e308f27f-3010-4729-9b86-c972dcbec1ed/fetchFileTemp1716224782421041889.tmp has been previously copied to /tmp/spark-8c85397b-76b4-4014-af07-7e37b6c0ce92/userFiles-e308f27f-3010-4729-9b86-c972dcbec1ed/com.google.code.findbugs_jsr305-3.0.0.jar
[2025-10-31T23:31:24.632+0700] {subprocess.py:93} INFO - 25/10/31 23:31:24 INFO Executor: Adding file:/tmp/spark-8c85397b-76b4-4014-af07-7e37b6c0ce92/userFiles-e308f27f-3010-4729-9b86-c972dcbec1ed/com.google.code.findbugs_jsr305-3.0.0.jar to class loader default
[2025-10-31T23:31:24.632+0700] {subprocess.py:93} INFO - 25/10/31 23:31:24 INFO Executor: Fetching spark://f7bb1ad77e89:44905/jars/org.apache.kafka_kafka-clients-3.4.1.jar with timestamp 1761928283880
[2025-10-31T23:31:24.633+0700] {subprocess.py:93} INFO - 25/10/31 23:31:24 INFO Utils: Fetching spark://f7bb1ad77e89:44905/jars/org.apache.kafka_kafka-clients-3.4.1.jar to /tmp/spark-8c85397b-76b4-4014-af07-7e37b6c0ce92/userFiles-e308f27f-3010-4729-9b86-c972dcbec1ed/fetchFileTemp85124743996422238.tmp
[2025-10-31T23:31:24.642+0700] {subprocess.py:93} INFO - 25/10/31 23:31:24 INFO Utils: /tmp/spark-8c85397b-76b4-4014-af07-7e37b6c0ce92/userFiles-e308f27f-3010-4729-9b86-c972dcbec1ed/fetchFileTemp85124743996422238.tmp has been previously copied to /tmp/spark-8c85397b-76b4-4014-af07-7e37b6c0ce92/userFiles-e308f27f-3010-4729-9b86-c972dcbec1ed/org.apache.kafka_kafka-clients-3.4.1.jar
[2025-10-31T23:31:24.646+0700] {subprocess.py:93} INFO - 25/10/31 23:31:24 INFO Executor: Adding file:/tmp/spark-8c85397b-76b4-4014-af07-7e37b6c0ce92/userFiles-e308f27f-3010-4729-9b86-c972dcbec1ed/org.apache.kafka_kafka-clients-3.4.1.jar to class loader default
[2025-10-31T23:31:24.650+0700] {subprocess.py:93} INFO - 25/10/31 23:31:24 INFO Utils: Successfully started service 'org.apache.spark.network.netty.NettyBlockTransferService' on port 38143.
[2025-10-31T23:31:24.651+0700] {subprocess.py:93} INFO - 25/10/31 23:31:24 INFO NettyBlockTransferService: Server created on f7bb1ad77e89:38143
[2025-10-31T23:31:24.651+0700] {subprocess.py:93} INFO - 25/10/31 23:31:24 INFO BlockManager: Using org.apache.spark.storage.RandomBlockReplicationPolicy for block replication policy
[2025-10-31T23:31:24.654+0700] {subprocess.py:93} INFO - 25/10/31 23:31:24 INFO BlockManagerMaster: Registering BlockManager BlockManagerId(driver, f7bb1ad77e89, 38143, None)
[2025-10-31T23:31:24.655+0700] {subprocess.py:93} INFO - 25/10/31 23:31:24 INFO BlockManagerMasterEndpoint: Registering block manager f7bb1ad77e89:38143 with 434.4 MiB RAM, BlockManagerId(driver, f7bb1ad77e89, 38143, None)
[2025-10-31T23:31:24.656+0700] {subprocess.py:93} INFO - 25/10/31 23:31:24 INFO BlockManagerMaster: Registered BlockManager BlockManagerId(driver, f7bb1ad77e89, 38143, None)
[2025-10-31T23:31:24.656+0700] {subprocess.py:93} INFO - 25/10/31 23:31:24 INFO BlockManager: Initialized BlockManager: BlockManagerId(driver, f7bb1ad77e89, 38143, None)
[2025-10-31T23:31:25.911+0700] {subprocess.py:93} INFO - 25/10/31 23:31:25 WARN ResolveWriteToStream: spark.sql.adaptive.enabled is not supported in streaming DataFrames/Datasets and will be disabled.
[2025-10-31T23:31:26.030+0700] {subprocess.py:93} INFO - 🚀 Streaming job started — đang lắng nghe dữ liệu từ Kafka...
[2025-10-31T23:31:26.106+0700] {subprocess.py:93} INFO - 25/10/31 23:31:26 WARN AdminClientConfig: These configurations '[key.deserializer, value.deserializer, enable.auto.commit, max.poll.records, auto.offset.reset]' were supplied but are not used yet.
[2025-10-31T23:31:27.674+0700] {subprocess.py:93} INFO - 25/10/31 23:31:27 WARN KafkaDataConsumer: KafkaDataConsumer is not running in UninterruptibleThread. It may hang when KafkaDataConsumer's methods are interrupted because of KAFKA-1894
[2025-10-31T23:31:28.281+0700] {subprocess.py:93} INFO - 25/10/31 23:31:28 WARN KafkaDataConsumer: KafkaDataConsumer is not running in UninterruptibleThread. It may hang when KafkaDataConsumer's methods are interrupted because of KAFKA-1894
[2025-10-31T23:31:28.282+0700] {subprocess.py:93} INFO - 25/10/31 23:31:28 WARN KafkaDataConsumer: KafkaDataConsumer is not running in UninterruptibleThread. It may hang when KafkaDataConsumer's methods are interrupted because of KAFKA-1894
[2025-10-31T23:31:28.282+0700] {subprocess.py:93} INFO - 25/10/31 23:31:28 WARN KafkaDataConsumer: KafkaDataConsumer is not running in UninterruptibleThread. It may hang when KafkaDataConsumer's methods are interrupted because of KAFKA-1894
[2025-10-31T23:31:28.282+0700] {subprocess.py:93} INFO - 25/10/31 23:31:28 WARN KafkaDataConsumer: KafkaDataConsumer is not running in UninterruptibleThread. It may hang when KafkaDataConsumer's methods are interrupted because of KAFKA-1894
[2025-10-31T23:31:29.752+0700] {subprocess.py:93} INFO - 25/10/31 23:31:29 ERROR Executor: Exception in task 0.0 in stage 0.0 (TID 0)
[2025-10-31T23:31:29.753+0700] {subprocess.py:93} INFO - org.apache.spark.api.python.PythonException: Traceback (most recent call last):
[2025-10-31T23:31:29.753+0700] {subprocess.py:93} INFO -   File "/opt/***/projects/absa_streaming/scripts/consumer_postgres_streaming.py", line 78, in absa_infer_udf
[2025-10-31T23:31:29.753+0700] {subprocess.py:93} INFO -     _tokenizer = AutoTokenizer.from_pretrained(MODEL_NAME, use_fast=True)
[2025-10-31T23:31:29.753+0700] {subprocess.py:93} INFO -                  ^^^^^^^^^^^^^^^^^^^^^^^^^^^^^^^^^^^^^^^^^^^^^^^^^^^^^^^^
[2025-10-31T23:31:29.754+0700] {subprocess.py:93} INFO -   File "/home/***/.local/lib/python3.12/site-packages/transformers/models/auto/tokenization_auto.py", line 817, in from_pretrained
[2025-10-31T23:31:29.754+0700] {subprocess.py:93} INFO -     tokenizer_config = get_tokenizer_config(pretrained_model_name_or_path, **kwargs)
[2025-10-31T23:31:29.754+0700] {subprocess.py:93} INFO -                        ^^^^^^^^^^^^^^^^^^^^^^^^^^^^^^^^^^^^^^^^^^^^^^^^^^^^^^^^^^^^^
[2025-10-31T23:31:29.754+0700] {subprocess.py:93} INFO -   File "/home/***/.local/lib/python3.12/site-packages/transformers/models/auto/tokenization_auto.py", line 649, in get_tokenizer_config
[2025-10-31T23:31:29.754+0700] {subprocess.py:93} INFO -     resolved_config_file = cached_file(
[2025-10-31T23:31:29.755+0700] {subprocess.py:93} INFO -                            ^^^^^^^^^^^^
[2025-10-31T23:31:29.755+0700] {subprocess.py:93} INFO -   File "/home/***/.local/lib/python3.12/site-packages/transformers/utils/hub.py", line 463, in cached_file
[2025-10-31T23:31:29.755+0700] {subprocess.py:93} INFO -     raise EnvironmentError(
[2025-10-31T23:31:29.755+0700] {subprocess.py:93} INFO - OSError: Incorrect path_or_model_id: '/opt/***/models/xlm-roberta-base'. Please provide either the path to a local folder or the repo_id of a model on the Hub.
[2025-10-31T23:31:29.755+0700] {subprocess.py:93} INFO - 
[2025-10-31T23:31:29.755+0700] {subprocess.py:93} INFO - 	at org.apache.spark.api.python.BasePythonRunner$ReaderIterator.handlePythonException(PythonRunner.scala:572)
[2025-10-31T23:31:29.756+0700] {subprocess.py:93} INFO - 	at org.apache.spark.sql.execution.python.PythonArrowOutput$$anon$1.read(PythonArrowOutput.scala:118)
[2025-10-31T23:31:29.756+0700] {subprocess.py:93} INFO - 	at org.apache.spark.api.python.BasePythonRunner$ReaderIterator.hasNext(PythonRunner.scala:525)
[2025-10-31T23:31:29.756+0700] {subprocess.py:93} INFO - 	at org.apache.spark.InterruptibleIterator.hasNext(InterruptibleIterator.scala:37)
[2025-10-31T23:31:29.756+0700] {subprocess.py:93} INFO - 	at scala.collection.Iterator$$anon$11.hasNext(Iterator.scala:491)
[2025-10-31T23:31:29.756+0700] {subprocess.py:93} INFO - 	at scala.collection.Iterator$$anon$10.hasNext(Iterator.scala:460)
[2025-10-31T23:31:29.757+0700] {subprocess.py:93} INFO - 	at scala.collection.Iterator$$anon$10.hasNext(Iterator.scala:460)
[2025-10-31T23:31:29.757+0700] {subprocess.py:93} INFO - 	at org.apache.spark.sql.catalyst.expressions.GeneratedClass$GeneratedIteratorForCodegenStage1.hashAgg_doAggregateWithoutKey_0$(Unknown Source)
[2025-10-31T23:31:29.757+0700] {subprocess.py:93} INFO - 	at org.apache.spark.sql.catalyst.expressions.GeneratedClass$GeneratedIteratorForCodegenStage1.processNext(Unknown Source)
[2025-10-31T23:31:29.757+0700] {subprocess.py:93} INFO - 	at org.apache.spark.sql.execution.BufferedRowIterator.hasNext(BufferedRowIterator.java:43)
[2025-10-31T23:31:29.758+0700] {subprocess.py:93} INFO - 	at org.apache.spark.sql.execution.WholeStageCodegenEvaluatorFactory$WholeStageCodegenPartitionEvaluator$$anon$1.hasNext(WholeStageCodegenEvaluatorFactory.scala:43)
[2025-10-31T23:31:29.758+0700] {subprocess.py:93} INFO - 	at scala.collection.Iterator$$anon$10.hasNext(Iterator.scala:460)
[2025-10-31T23:31:29.758+0700] {subprocess.py:93} INFO - 	at org.apache.spark.shuffle.sort.BypassMergeSortShuffleWriter.write(BypassMergeSortShuffleWriter.java:140)
[2025-10-31T23:31:29.758+0700] {subprocess.py:93} INFO - 	at org.apache.spark.shuffle.ShuffleWriteProcessor.write(ShuffleWriteProcessor.scala:59)
[2025-10-31T23:31:29.759+0700] {subprocess.py:93} INFO - 	at org.apache.spark.scheduler.ShuffleMapTask.runTask(ShuffleMapTask.scala:104)
[2025-10-31T23:31:29.759+0700] {subprocess.py:93} INFO - 	at org.apache.spark.scheduler.ShuffleMapTask.runTask(ShuffleMapTask.scala:54)
[2025-10-31T23:31:29.759+0700] {subprocess.py:93} INFO - 	at org.apache.spark.TaskContext.runTaskWithListeners(TaskContext.scala:166)
[2025-10-31T23:31:29.759+0700] {subprocess.py:93} INFO - 	at org.apache.spark.scheduler.Task.run(Task.scala:141)
[2025-10-31T23:31:29.760+0700] {subprocess.py:93} INFO - 	at org.apache.spark.executor.Executor$TaskRunner.$anonfun$run$4(Executor.scala:620)
[2025-10-31T23:31:29.760+0700] {subprocess.py:93} INFO - 	at org.apache.spark.util.SparkErrorUtils.tryWithSafeFinally(SparkErrorUtils.scala:64)
[2025-10-31T23:31:29.760+0700] {subprocess.py:93} INFO - 	at org.apache.spark.util.SparkErrorUtils.tryWithSafeFinally$(SparkErrorUtils.scala:61)
[2025-10-31T23:31:29.761+0700] {subprocess.py:93} INFO - 	at org.apache.spark.util.Utils$.tryWithSafeFinally(Utils.scala:94)
[2025-10-31T23:31:29.761+0700] {subprocess.py:93} INFO - 	at org.apache.spark.executor.Executor$TaskRunner.run(Executor.scala:623)
[2025-10-31T23:31:29.762+0700] {subprocess.py:93} INFO - 	at java.base/java.util.concurrent.ThreadPoolExecutor.runWorker(ThreadPoolExecutor.java:1136)
[2025-10-31T23:31:29.762+0700] {subprocess.py:93} INFO - 	at java.base/java.util.concurrent.ThreadPoolExecutor$Worker.run(ThreadPoolExecutor.java:635)
[2025-10-31T23:31:29.762+0700] {subprocess.py:93} INFO - 	at java.base/java.lang.Thread.run(Thread.java:840)
[2025-10-31T23:31:29.762+0700] {subprocess.py:93} INFO - 25/10/31 23:31:29 WARN TaskSetManager: Lost task 0.0 in stage 0.0 (TID 0) (f7bb1ad77e89 executor driver): org.apache.spark.api.python.PythonException: Traceback (most recent call last):
[2025-10-31T23:31:29.762+0700] {subprocess.py:93} INFO -   File "/opt/***/projects/absa_streaming/scripts/consumer_postgres_streaming.py", line 78, in absa_infer_udf
[2025-10-31T23:31:29.763+0700] {subprocess.py:93} INFO -     _tokenizer = AutoTokenizer.from_pretrained(MODEL_NAME, use_fast=True)
[2025-10-31T23:31:29.763+0700] {subprocess.py:93} INFO -                  ^^^^^^^^^^^^^^^^^^^^^^^^^^^^^^^^^^^^^^^^^^^^^^^^^^^^^^^^
[2025-10-31T23:31:29.763+0700] {subprocess.py:93} INFO -   File "/home/***/.local/lib/python3.12/site-packages/transformers/models/auto/tokenization_auto.py", line 817, in from_pretrained
[2025-10-31T23:31:29.763+0700] {subprocess.py:93} INFO -     tokenizer_config = get_tokenizer_config(pretrained_model_name_or_path, **kwargs)
[2025-10-31T23:31:29.763+0700] {subprocess.py:93} INFO -                        ^^^^^^^^^^^^^^^^^^^^^^^^^^^^^^^^^^^^^^^^^^^^^^^^^^^^^^^^^^^^^
[2025-10-31T23:31:29.763+0700] {subprocess.py:93} INFO -   File "/home/***/.local/lib/python3.12/site-packages/transformers/models/auto/tokenization_auto.py", line 649, in get_tokenizer_config
[2025-10-31T23:31:29.764+0700] {subprocess.py:93} INFO -     resolved_config_file = cached_file(
[2025-10-31T23:31:29.764+0700] {subprocess.py:93} INFO -                            ^^^^^^^^^^^^
[2025-10-31T23:31:29.764+0700] {subprocess.py:93} INFO -   File "/home/***/.local/lib/python3.12/site-packages/transformers/utils/hub.py", line 463, in cached_file
[2025-10-31T23:31:29.764+0700] {subprocess.py:93} INFO -     raise EnvironmentError(
[2025-10-31T23:31:29.764+0700] {subprocess.py:93} INFO - OSError: Incorrect path_or_model_id: '/opt/***/models/xlm-roberta-base'. Please provide either the path to a local folder or the repo_id of a model on the Hub.
[2025-10-31T23:31:29.765+0700] {subprocess.py:93} INFO - 
[2025-10-31T23:31:29.765+0700] {subprocess.py:93} INFO - 	at org.apache.spark.api.python.BasePythonRunner$ReaderIterator.handlePythonException(PythonRunner.scala:572)
[2025-10-31T23:31:29.765+0700] {subprocess.py:93} INFO - 	at org.apache.spark.sql.execution.python.PythonArrowOutput$$anon$1.read(PythonArrowOutput.scala:118)
[2025-10-31T23:31:29.765+0700] {subprocess.py:93} INFO - 	at org.apache.spark.api.python.BasePythonRunner$ReaderIterator.hasNext(PythonRunner.scala:525)
[2025-10-31T23:31:29.766+0700] {subprocess.py:93} INFO - 	at org.apache.spark.InterruptibleIterator.hasNext(InterruptibleIterator.scala:37)
[2025-10-31T23:31:29.766+0700] {subprocess.py:93} INFO - 	at scala.collection.Iterator$$anon$11.hasNext(Iterator.scala:491)
[2025-10-31T23:31:29.766+0700] {subprocess.py:93} INFO - 	at scala.collection.Iterator$$anon$10.hasNext(Iterator.scala:460)
[2025-10-31T23:31:29.766+0700] {subprocess.py:93} INFO - 	at scala.collection.Iterator$$anon$10.hasNext(Iterator.scala:460)
[2025-10-31T23:31:29.766+0700] {subprocess.py:93} INFO - 	at org.apache.spark.sql.catalyst.expressions.GeneratedClass$GeneratedIteratorForCodegenStage1.hashAgg_doAggregateWithoutKey_0$(Unknown Source)
[2025-10-31T23:31:29.767+0700] {subprocess.py:93} INFO - 	at org.apache.spark.sql.catalyst.expressions.GeneratedClass$GeneratedIteratorForCodegenStage1.processNext(Unknown Source)
[2025-10-31T23:31:29.767+0700] {subprocess.py:93} INFO - 	at org.apache.spark.sql.execution.BufferedRowIterator.hasNext(BufferedRowIterator.java:43)
[2025-10-31T23:31:29.767+0700] {subprocess.py:93} INFO - 	at org.apache.spark.sql.execution.WholeStageCodegenEvaluatorFactory$WholeStageCodegenPartitionEvaluator$$anon$1.hasNext(WholeStageCodegenEvaluatorFactory.scala:43)
[2025-10-31T23:31:29.767+0700] {subprocess.py:93} INFO - 	at scala.collection.Iterator$$anon$10.hasNext(Iterator.scala:460)
[2025-10-31T23:31:29.768+0700] {subprocess.py:93} INFO - 	at org.apache.spark.shuffle.sort.BypassMergeSortShuffleWriter.write(BypassMergeSortShuffleWriter.java:140)
[2025-10-31T23:31:29.768+0700] {subprocess.py:93} INFO - 	at org.apache.spark.shuffle.ShuffleWriteProcessor.write(ShuffleWriteProcessor.scala:59)
[2025-10-31T23:31:29.768+0700] {subprocess.py:93} INFO - 	at org.apache.spark.scheduler.ShuffleMapTask.runTask(ShuffleMapTask.scala:104)
[2025-10-31T23:31:29.768+0700] {subprocess.py:93} INFO - 	at org.apache.spark.scheduler.ShuffleMapTask.runTask(ShuffleMapTask.scala:54)
[2025-10-31T23:31:29.768+0700] {subprocess.py:93} INFO - 	at org.apache.spark.TaskContext.runTaskWithListeners(TaskContext.scala:166)
[2025-10-31T23:31:29.769+0700] {subprocess.py:93} INFO - 	at org.apache.spark.scheduler.Task.run(Task.scala:141)
[2025-10-31T23:31:29.769+0700] {subprocess.py:93} INFO - 	at org.apache.spark.executor.Executor$TaskRunner.$anonfun$run$4(Executor.scala:620)
[2025-10-31T23:31:29.769+0700] {subprocess.py:93} INFO - 	at org.apache.spark.util.SparkErrorUtils.tryWithSafeFinally(SparkErrorUtils.scala:64)
[2025-10-31T23:31:29.769+0700] {subprocess.py:93} INFO - 	at org.apache.spark.util.SparkErrorUtils.tryWithSafeFinally$(SparkErrorUtils.scala:61)
[2025-10-31T23:31:29.770+0700] {subprocess.py:93} INFO - 	at org.apache.spark.util.Utils$.tryWithSafeFinally(Utils.scala:94)
[2025-10-31T23:31:29.770+0700] {subprocess.py:93} INFO - 	at org.apache.spark.executor.Executor$TaskRunner.run(Executor.scala:623)
[2025-10-31T23:31:29.770+0700] {subprocess.py:93} INFO - 	at java.base/java.util.concurrent.ThreadPoolExecutor.runWorker(ThreadPoolExecutor.java:1136)
[2025-10-31T23:31:29.770+0700] {subprocess.py:93} INFO - 	at java.base/java.util.concurrent.ThreadPoolExecutor$Worker.run(ThreadPoolExecutor.java:635)
[2025-10-31T23:31:29.771+0700] {subprocess.py:93} INFO - 	at java.base/java.lang.Thread.run(Thread.java:840)
[2025-10-31T23:31:29.774+0700] {subprocess.py:93} INFO - 
[2025-10-31T23:31:29.775+0700] {subprocess.py:93} INFO - 25/10/31 23:31:29 ERROR TaskSetManager: Task 0 in stage 0.0 failed 1 times; aborting job
[2025-10-31T23:31:29.837+0700] {subprocess.py:93} INFO - 25/10/31 23:31:29 ERROR MicroBatchExecution: Query [id = 031b0d59-82a9-479e-8a86-3443c020f5a2, runId = 14727f4e-8e88-4131-9177-2ec6e787a8f8] terminated with error
[2025-10-31T23:31:29.837+0700] {subprocess.py:93} INFO - py4j.Py4JException: An exception was raised by the Python Proxy. Return Message: Traceback (most recent call last):
[2025-10-31T23:31:29.838+0700] {subprocess.py:93} INFO -   File "/home/***/.local/lib/python3.12/site-packages/pyspark/python/lib/py4j-0.10.9.7-src.zip/py4j/clientserver.py", line 617, in _call_proxy
[2025-10-31T23:31:29.838+0700] {subprocess.py:93} INFO -     return_value = getattr(self.pool[obj_id], method)(*params)
[2025-10-31T23:31:29.838+0700] {subprocess.py:93} INFO -                    ^^^^^^^^^^^^^^^^^^^^^^^^^^^^^^^^^^^^^^^^^^^
[2025-10-31T23:31:29.838+0700] {subprocess.py:93} INFO -   File "/home/***/.local/lib/python3.12/site-packages/pyspark/python/lib/pyspark.zip/pyspark/sql/utils.py", line 120, in call
[2025-10-31T23:31:29.839+0700] {subprocess.py:93} INFO -     raise e
[2025-10-31T23:31:29.839+0700] {subprocess.py:93} INFO -   File "/home/***/.local/lib/python3.12/site-packages/pyspark/python/lib/pyspark.zip/pyspark/sql/utils.py", line 117, in call
[2025-10-31T23:31:29.839+0700] {subprocess.py:93} INFO -     self.func(DataFrame(jdf, wrapped_session_jdf), batch_id)
[2025-10-31T23:31:29.839+0700] {subprocess.py:93} INFO -   File "/opt/***/projects/absa_streaming/scripts/consumer_postgres_streaming.py", line 128, in write_to_postgres
[2025-10-31T23:31:29.840+0700] {subprocess.py:93} INFO -     total_rows = batch_df.count()
[2025-10-31T23:31:29.840+0700] {subprocess.py:93} INFO -                  ^^^^^^^^^^^^^^^^
[2025-10-31T23:31:29.840+0700] {subprocess.py:93} INFO -   File "/home/***/.local/lib/python3.12/site-packages/pyspark/python/lib/pyspark.zip/pyspark/sql/dataframe.py", line 1238, in count
[2025-10-31T23:31:29.840+0700] {subprocess.py:93} INFO -     return int(self._jdf.count())
[2025-10-31T23:31:29.841+0700] {subprocess.py:93} INFO -                ^^^^^^^^^^^^^^^^^
[2025-10-31T23:31:29.841+0700] {subprocess.py:93} INFO -   File "/home/***/.local/lib/python3.12/site-packages/pyspark/python/lib/py4j-0.10.9.7-src.zip/py4j/java_gateway.py", line 1322, in __call__
[2025-10-31T23:31:29.841+0700] {subprocess.py:93} INFO -     return_value = get_return_value(
[2025-10-31T23:31:29.841+0700] {subprocess.py:93} INFO -                    ^^^^^^^^^^^^^^^^^
[2025-10-31T23:31:29.841+0700] {subprocess.py:93} INFO -   File "/home/***/.local/lib/python3.12/site-packages/pyspark/python/lib/pyspark.zip/pyspark/errors/exceptions/captured.py", line 185, in deco
[2025-10-31T23:31:29.841+0700] {subprocess.py:93} INFO -     raise converted from None
[2025-10-31T23:31:29.842+0700] {subprocess.py:93} INFO - pyspark.errors.exceptions.captured.PythonException:
[2025-10-31T23:31:29.842+0700] {subprocess.py:93} INFO -   An exception was thrown from the Python worker. Please see the stack trace below.
[2025-10-31T23:31:29.842+0700] {subprocess.py:93} INFO - Traceback (most recent call last):
[2025-10-31T23:31:29.842+0700] {subprocess.py:93} INFO -   File "/opt/***/projects/absa_streaming/scripts/consumer_postgres_streaming.py", line 78, in absa_infer_udf
[2025-10-31T23:31:29.842+0700] {subprocess.py:93} INFO -     _tokenizer = AutoTokenizer.from_pretrained(MODEL_NAME, use_fast=True)
[2025-10-31T23:31:29.843+0700] {subprocess.py:93} INFO -                  ^^^^^^^^^^^^^^^^^^^^^^^^^^^^^^^^^^^^^^^^^^^^^^^^^^^^^^^^
[2025-10-31T23:31:29.843+0700] {subprocess.py:93} INFO -   File "/home/***/.local/lib/python3.12/site-packages/transformers/models/auto/tokenization_auto.py", line 817, in from_pretrained
[2025-10-31T23:31:29.843+0700] {subprocess.py:93} INFO -     tokenizer_config = get_tokenizer_config(pretrained_model_name_or_path, **kwargs)
[2025-10-31T23:31:29.843+0700] {subprocess.py:93} INFO -                        ^^^^^^^^^^^^^^^^^^^^^^^^^^^^^^^^^^^^^^^^^^^^^^^^^^^^^^^^^^^^^
[2025-10-31T23:31:29.843+0700] {subprocess.py:93} INFO -   File "/home/***/.local/lib/python3.12/site-packages/transformers/models/auto/tokenization_auto.py", line 649, in get_tokenizer_config
[2025-10-31T23:31:29.843+0700] {subprocess.py:93} INFO -     resolved_config_file = cached_file(
[2025-10-31T23:31:29.844+0700] {subprocess.py:93} INFO -                            ^^^^^^^^^^^^
[2025-10-31T23:31:29.844+0700] {subprocess.py:93} INFO -   File "/home/***/.local/lib/python3.12/site-packages/transformers/utils/hub.py", line 463, in cached_file
[2025-10-31T23:31:29.844+0700] {subprocess.py:93} INFO -     raise EnvironmentError(
[2025-10-31T23:31:29.844+0700] {subprocess.py:93} INFO - OSError: Incorrect path_or_model_id: '/opt/***/models/xlm-roberta-base'. Please provide either the path to a local folder or the repo_id of a model on the Hub.
[2025-10-31T23:31:29.844+0700] {subprocess.py:93} INFO - 
[2025-10-31T23:31:29.844+0700] {subprocess.py:93} INFO - 
[2025-10-31T23:31:29.845+0700] {subprocess.py:93} INFO - 	at py4j.Protocol.getReturnValue(Protocol.java:476)
[2025-10-31T23:31:29.845+0700] {subprocess.py:93} INFO - 	at py4j.reflection.PythonProxyHandler.invoke(PythonProxyHandler.java:108)
[2025-10-31T23:31:29.845+0700] {subprocess.py:93} INFO - 	at jdk.proxy3/jdk.proxy3.$Proxy32.call(Unknown Source)
[2025-10-31T23:31:29.845+0700] {subprocess.py:93} INFO - 	at org.apache.spark.sql.execution.streaming.sources.PythonForeachBatchHelper$.$anonfun$callForeachBatch$1(ForeachBatchSink.scala:53)
[2025-10-31T23:31:29.845+0700] {subprocess.py:93} INFO - 	at org.apache.spark.sql.execution.streaming.sources.PythonForeachBatchHelper$.$anonfun$callForeachBatch$1$adapted(ForeachBatchSink.scala:53)
[2025-10-31T23:31:29.846+0700] {subprocess.py:93} INFO - 	at org.apache.spark.sql.execution.streaming.sources.ForeachBatchSink.addBatch(ForeachBatchSink.scala:34)
[2025-10-31T23:31:29.846+0700] {subprocess.py:93} INFO - 	at org.apache.spark.sql.execution.streaming.MicroBatchExecution.$anonfun$runBatch$17(MicroBatchExecution.scala:732)
[2025-10-31T23:31:29.846+0700] {subprocess.py:93} INFO - 	at org.apache.spark.sql.execution.SQLExecution$.$anonfun$withNewExecutionId$6(SQLExecution.scala:125)
[2025-10-31T23:31:29.846+0700] {subprocess.py:93} INFO - 	at org.apache.spark.sql.execution.SQLExecution$.withSQLConfPropagated(SQLExecution.scala:201)
[2025-10-31T23:31:29.846+0700] {subprocess.py:93} INFO - 	at org.apache.spark.sql.execution.SQLExecution$.$anonfun$withNewExecutionId$1(SQLExecution.scala:108)
[2025-10-31T23:31:29.846+0700] {subprocess.py:93} INFO - 	at org.apache.spark.sql.SparkSession.withActive(SparkSession.scala:900)
[2025-10-31T23:31:29.847+0700] {subprocess.py:93} INFO - 	at org.apache.spark.sql.execution.SQLExecution$.withNewExecutionId(SQLExecution.scala:66)
[2025-10-31T23:31:29.847+0700] {subprocess.py:93} INFO - 	at org.apache.spark.sql.execution.streaming.MicroBatchExecution.$anonfun$runBatch$16(MicroBatchExecution.scala:729)
[2025-10-31T23:31:29.847+0700] {subprocess.py:93} INFO - 	at org.apache.spark.sql.execution.streaming.ProgressReporter.reportTimeTaken(ProgressReporter.scala:427)
[2025-10-31T23:31:29.847+0700] {subprocess.py:93} INFO - 	at org.apache.spark.sql.execution.streaming.ProgressReporter.reportTimeTaken$(ProgressReporter.scala:425)
[2025-10-31T23:31:29.847+0700] {subprocess.py:93} INFO - 	at org.apache.spark.sql.execution.streaming.StreamExecution.reportTimeTaken(StreamExecution.scala:67)
[2025-10-31T23:31:29.847+0700] {subprocess.py:93} INFO - 	at org.apache.spark.sql.execution.streaming.MicroBatchExecution.runBatch(MicroBatchExecution.scala:729)
[2025-10-31T23:31:29.848+0700] {subprocess.py:93} INFO - 	at org.apache.spark.sql.execution.streaming.MicroBatchExecution.$anonfun$runActivatedStream$2(MicroBatchExecution.scala:286)
[2025-10-31T23:31:29.848+0700] {subprocess.py:93} INFO - 	at scala.runtime.java8.JFunction0$mcV$sp.apply(JFunction0$mcV$sp.java:23)
[2025-10-31T23:31:29.848+0700] {subprocess.py:93} INFO - 	at org.apache.spark.sql.execution.streaming.ProgressReporter.reportTimeTaken(ProgressReporter.scala:427)
[2025-10-31T23:31:29.848+0700] {subprocess.py:93} INFO - 	at org.apache.spark.sql.execution.streaming.ProgressReporter.reportTimeTaken$(ProgressReporter.scala:425)
[2025-10-31T23:31:29.848+0700] {subprocess.py:93} INFO - 	at org.apache.spark.sql.execution.streaming.StreamExecution.reportTimeTaken(StreamExecution.scala:67)
[2025-10-31T23:31:29.849+0700] {subprocess.py:93} INFO - 	at org.apache.spark.sql.execution.streaming.MicroBatchExecution.$anonfun$runActivatedStream$1(MicroBatchExecution.scala:249)
[2025-10-31T23:31:29.849+0700] {subprocess.py:93} INFO - 	at org.apache.spark.sql.execution.streaming.ProcessingTimeExecutor.execute(TriggerExecutor.scala:67)
[2025-10-31T23:31:29.849+0700] {subprocess.py:93} INFO - 	at org.apache.spark.sql.execution.streaming.MicroBatchExecution.runActivatedStream(MicroBatchExecution.scala:239)
[2025-10-31T23:31:29.849+0700] {subprocess.py:93} INFO - 	at org.apache.spark.sql.execution.streaming.StreamExecution.$anonfun$runStream$1(StreamExecution.scala:311)
[2025-10-31T23:31:29.849+0700] {subprocess.py:93} INFO - 	at scala.runtime.java8.JFunction0$mcV$sp.apply(JFunction0$mcV$sp.java:23)
[2025-10-31T23:31:29.850+0700] {subprocess.py:93} INFO - 	at org.apache.spark.sql.SparkSession.withActive(SparkSession.scala:900)
[2025-10-31T23:31:29.850+0700] {subprocess.py:93} INFO - 	at org.apache.spark.sql.execution.streaming.StreamExecution.org$apache$spark$sql$execution$streaming$StreamExecution$$runStream(StreamExecution.scala:289)
[2025-10-31T23:31:29.850+0700] {subprocess.py:93} INFO - 	at org.apache.spark.sql.execution.streaming.StreamExecution$$anon$1.$anonfun$run$1(StreamExecution.scala:211)
[2025-10-31T23:31:29.850+0700] {subprocess.py:93} INFO - 	at scala.runtime.java8.JFunction0$mcV$sp.apply(JFunction0$mcV$sp.java:23)
[2025-10-31T23:31:29.850+0700] {subprocess.py:93} INFO - 	at org.apache.spark.JobArtifactSet$.withActiveJobArtifactState(JobArtifactSet.scala:94)
[2025-10-31T23:31:29.850+0700] {subprocess.py:93} INFO - 	at org.apache.spark.sql.execution.streaming.StreamExecution$$anon$1.run(StreamExecution.scala:211)
[2025-10-31T23:31:29.902+0700] {subprocess.py:93} INFO - Traceback (most recent call last):
[2025-10-31T23:31:29.902+0700] {subprocess.py:93} INFO -   File "/opt/***/projects/absa_streaming/scripts/consumer_postgres_streaming.py", line 178, in <module>
[2025-10-31T23:31:29.903+0700] {subprocess.py:93} INFO -     query.awaitTermination()
[2025-10-31T23:31:29.903+0700] {subprocess.py:93} INFO -   File "/home/***/.local/lib/python3.12/site-packages/pyspark/python/lib/pyspark.zip/pyspark/sql/streaming/query.py", line 221, in awaitTermination
[2025-10-31T23:31:29.903+0700] {subprocess.py:93} INFO -   File "/home/***/.local/lib/python3.12/site-packages/pyspark/python/lib/py4j-0.10.9.7-src.zip/py4j/java_gateway.py", line 1322, in __call__
[2025-10-31T23:31:29.903+0700] {subprocess.py:93} INFO -   File "/home/***/.local/lib/python3.12/site-packages/pyspark/python/lib/pyspark.zip/pyspark/errors/exceptions/captured.py", line 185, in deco
[2025-10-31T23:31:29.905+0700] {subprocess.py:93} INFO - pyspark.errors.exceptions.captured.StreamingQueryException: [STREAM_FAILED] Query [id = 031b0d59-82a9-479e-8a86-3443c020f5a2, runId = 14727f4e-8e88-4131-9177-2ec6e787a8f8] terminated with exception: An exception was raised by the Python Proxy. Return Message: Traceback (most recent call last):
[2025-10-31T23:31:29.905+0700] {subprocess.py:93} INFO -   File "/home/***/.local/lib/python3.12/site-packages/pyspark/python/lib/py4j-0.10.9.7-src.zip/py4j/clientserver.py", line 617, in _call_proxy
[2025-10-31T23:31:29.905+0700] {subprocess.py:93} INFO -     return_value = getattr(self.pool[obj_id], method)(*params)
[2025-10-31T23:31:29.905+0700] {subprocess.py:93} INFO -                    ^^^^^^^^^^^^^^^^^^^^^^^^^^^^^^^^^^^^^^^^^^^
[2025-10-31T23:31:29.906+0700] {subprocess.py:93} INFO -   File "/home/***/.local/lib/python3.12/site-packages/pyspark/python/lib/pyspark.zip/pyspark/sql/utils.py", line 120, in call
[2025-10-31T23:31:29.906+0700] {subprocess.py:93} INFO -     raise e
[2025-10-31T23:31:29.906+0700] {subprocess.py:93} INFO -   File "/home/***/.local/lib/python3.12/site-packages/pyspark/python/lib/pyspark.zip/pyspark/sql/utils.py", line 117, in call
[2025-10-31T23:31:29.906+0700] {subprocess.py:93} INFO -     self.func(DataFrame(jdf, wrapped_session_jdf), batch_id)
[2025-10-31T23:31:29.906+0700] {subprocess.py:93} INFO -   File "/opt/***/projects/absa_streaming/scripts/consumer_postgres_streaming.py", line 128, in write_to_postgres
[2025-10-31T23:31:29.906+0700] {subprocess.py:93} INFO -     total_rows = batch_df.count()
[2025-10-31T23:31:29.907+0700] {subprocess.py:93} INFO -                  ^^^^^^^^^^^^^^^^
[2025-10-31T23:31:29.907+0700] {subprocess.py:93} INFO -   File "/home/***/.local/lib/python3.12/site-packages/pyspark/python/lib/pyspark.zip/pyspark/sql/dataframe.py", line 1238, in count
[2025-10-31T23:31:29.907+0700] {subprocess.py:93} INFO -     return int(self._jdf.count())
[2025-10-31T23:31:29.907+0700] {subprocess.py:93} INFO -                ^^^^^^^^^^^^^^^^^
[2025-10-31T23:31:29.907+0700] {subprocess.py:93} INFO -   File "/home/***/.local/lib/python3.12/site-packages/pyspark/python/lib/py4j-0.10.9.7-src.zip/py4j/java_gateway.py", line 1322, in __call__
[2025-10-31T23:31:29.907+0700] {subprocess.py:93} INFO -     return_value = get_return_value(
[2025-10-31T23:31:29.908+0700] {subprocess.py:93} INFO -                    ^^^^^^^^^^^^^^^^^
[2025-10-31T23:31:29.908+0700] {subprocess.py:93} INFO -   File "/home/***/.local/lib/python3.12/site-packages/pyspark/python/lib/pyspark.zip/pyspark/errors/exceptions/captured.py", line 185, in deco
[2025-10-31T23:31:29.908+0700] {subprocess.py:93} INFO -     raise converted from None
[2025-10-31T23:31:29.908+0700] {subprocess.py:93} INFO - pyspark.errors.exceptions.captured.PythonException:
[2025-10-31T23:31:29.908+0700] {subprocess.py:93} INFO -   An exception was thrown from the Python worker. Please see the stack trace below.
[2025-10-31T23:31:29.908+0700] {subprocess.py:93} INFO - Traceback (most recent call last):
[2025-10-31T23:31:29.909+0700] {subprocess.py:93} INFO -   File "/opt/***/projects/absa_streaming/scripts/consumer_postgres_streaming.py", line 78, in absa_infer_udf
[2025-10-31T23:31:29.909+0700] {subprocess.py:93} INFO -     _tokenizer = AutoTokenizer.from_pretrained(MODEL_NAME, use_fast=True)
[2025-10-31T23:31:29.909+0700] {subprocess.py:93} INFO -                  ^^^^^^^^^^^^^^^^^^^^^^^^^^^^^^^^^^^^^^^^^^^^^^^^^^^^^^^^
[2025-10-31T23:31:29.909+0700] {subprocess.py:93} INFO -   File "/home/***/.local/lib/python3.12/site-packages/transformers/models/auto/tokenization_auto.py", line 817, in from_pretrained
[2025-10-31T23:31:29.909+0700] {subprocess.py:93} INFO -     tokenizer_config = get_tokenizer_config(pretrained_model_name_or_path, **kwargs)
[2025-10-31T23:31:29.909+0700] {subprocess.py:93} INFO -                        ^^^^^^^^^^^^^^^^^^^^^^^^^^^^^^^^^^^^^^^^^^^^^^^^^^^^^^^^^^^^^
[2025-10-31T23:31:29.909+0700] {subprocess.py:93} INFO -   File "/home/***/.local/lib/python3.12/site-packages/transformers/models/auto/tokenization_auto.py", line 649, in get_tokenizer_config
[2025-10-31T23:31:29.910+0700] {subprocess.py:93} INFO -     resolved_config_file = cached_file(
[2025-10-31T23:31:29.910+0700] {subprocess.py:93} INFO -                            ^^^^^^^^^^^^
[2025-10-31T23:31:29.910+0700] {subprocess.py:93} INFO -   File "/home/***/.local/lib/python3.12/site-packages/transformers/utils/hub.py", line 463, in cached_file
[2025-10-31T23:31:29.910+0700] {subprocess.py:93} INFO -     raise EnvironmentError(
[2025-10-31T23:31:29.910+0700] {subprocess.py:93} INFO - OSError: Incorrect path_or_model_id: '/opt/***/models/xlm-roberta-base'. Please provide either the path to a local folder or the repo_id of a model on the Hub.
[2025-10-31T23:31:29.910+0700] {subprocess.py:93} INFO - 
[2025-10-31T23:31:29.911+0700] {subprocess.py:93} INFO - 
[2025-10-31T23:31:30.373+0700] {subprocess.py:97} INFO - Command exited with return code 1
[2025-10-31T23:31:30.374+0700] {taskinstance.py:441} INFO - ::group::Post task execution logs
[2025-10-31T23:31:30.384+0700] {taskinstance.py:2890} ERROR - Task failed with exception
Traceback (most recent call last):
  File "/home/airflow/.local/lib/python3.12/site-packages/airflow/models/taskinstance.py", line 460, in _execute_task
    result = _execute_callable(context=context, **execute_callable_kwargs)
             ^^^^^^^^^^^^^^^^^^^^^^^^^^^^^^^^^^^^^^^^^^^^^^^^^^^^^^^^^^^^^
  File "/home/airflow/.local/lib/python3.12/site-packages/airflow/models/taskinstance.py", line 432, in _execute_callable
    return execute_callable(context=context, **execute_callable_kwargs)
           ^^^^^^^^^^^^^^^^^^^^^^^^^^^^^^^^^^^^^^^^^^^^^^^^^^^^^^^^^^^^
  File "/home/airflow/.local/lib/python3.12/site-packages/airflow/models/baseoperator.py", line 400, in wrapper
    return func(self, *args, **kwargs)
           ^^^^^^^^^^^^^^^^^^^^^^^^^^^
  File "/home/airflow/.local/lib/python3.12/site-packages/airflow/operators/bash.py", line 243, in execute
    raise AirflowException(
airflow.exceptions.AirflowException: Bash command failed. The command returned a non-zero exit code 1.
[2025-10-31T23:31:30.387+0700] {taskinstance.py:1205} INFO - Marking task as UP_FOR_RETRY. dag_id=absa_streaming_lifecycle_full, task_id=deploy_consumer, execution_date=20251031T162033, start_date=20251031T163120, end_date=20251031T163130
[2025-10-31T23:31:30.394+0700] {standard_task_runner.py:110} ERROR - Failed to execute job 493 for task deploy_consumer (Bash command failed. The command returned a non-zero exit code 1.; 4937)
[2025-10-31T23:31:30.424+0700] {local_task_job_runner.py:240} INFO - Task exited with return code 1
[2025-10-31T23:31:30.440+0700] {taskinstance.py:3482} INFO - 0 downstream tasks scheduled from follow-on schedule check
[2025-10-31T23:31:30.441+0700] {local_task_job_runner.py:222} INFO - ::endgroup::
