[2025-10-31T22:58:57.312+0700] {local_task_job_runner.py:120} INFO - ::group::Pre task execution logs
[2025-10-31T22:58:57.327+0700] {taskinstance.py:2073} INFO - Dependencies all met for dep_context=non-requeueable deps ti=<TaskInstance: absa_streaming_lifecycle_full.evaluate_model scheduled__2025-10-31T14:00:00+00:00 [queued]>
[2025-10-31T22:58:57.331+0700] {taskinstance.py:2073} INFO - Dependencies all met for dep_context=requeueable deps ti=<TaskInstance: absa_streaming_lifecycle_full.evaluate_model scheduled__2025-10-31T14:00:00+00:00 [queued]>
[2025-10-31T22:58:57.331+0700] {taskinstance.py:2303} INFO - Starting attempt 1 of 3
[2025-10-31T22:58:57.338+0700] {taskinstance.py:2327} INFO - Executing <Task(PythonOperator): evaluate_model> on 2025-10-31 14:00:00+00:00
[2025-10-31T22:58:57.343+0700] {warnings.py:110} WARNING - /home/***/.local/lib/python3.12/site-packages/***/task/task_runner/standard_task_runner.py:61: DeprecationWarning: This process (pid=1768) is multi-threaded, use of fork() may lead to deadlocks in the child.
  pid = os.fork()

[2025-10-31T22:58:57.344+0700] {standard_task_runner.py:63} INFO - Started process 1770 to run task
[2025-10-31T22:58:57.346+0700] {standard_task_runner.py:90} INFO - Running: ['***', 'tasks', 'run', 'absa_streaming_lifecycle_full', 'evaluate_model', 'scheduled__2025-10-31T14:00:00+00:00', '--job-id', '378', '--raw', '--subdir', 'DAGS_FOLDER/absa_streaming_lifecycle_full.py', '--cfg-path', '/tmp/tmpbkil3l5q']
[2025-10-31T22:58:57.348+0700] {standard_task_runner.py:91} INFO - Job 378: Subtask evaluate_model
[2025-10-31T22:58:57.389+0700] {task_command.py:426} INFO - Running <TaskInstance: absa_streaming_lifecycle_full.evaluate_model scheduled__2025-10-31T14:00:00+00:00 [running]> on host f7bb1ad77e89
[2025-10-31T22:58:57.445+0700] {taskinstance.py:2644} INFO - Exporting env vars: AIRFLOW_CTX_DAG_OWNER='***' AIRFLOW_CTX_DAG_ID='absa_streaming_lifecycle_full' AIRFLOW_CTX_TASK_ID='evaluate_model' AIRFLOW_CTX_EXECUTION_DATE='2025-10-31T14:00:00+00:00' AIRFLOW_CTX_TRY_NUMBER='1' AIRFLOW_CTX_DAG_RUN_ID='scheduled__2025-10-31T14:00:00+00:00'
[2025-10-31T22:58:57.446+0700] {taskinstance.py:430} INFO - ::endgroup::
[2025-10-31T22:58:57.447+0700] {logging_mixin.py:188} INFO - [Evaluate] Old model acc: 0.83, New model acc: 0.861
[2025-10-31T22:58:57.447+0700] {logging_mixin.py:188} INFO - [Evaluate] ✅ New model is better. Marking for deployment.
[2025-10-31T22:58:57.447+0700] {python.py:237} INFO - Done. Returned value was: update_model
[2025-10-31T22:58:57.447+0700] {taskinstance.py:441} INFO - ::group::Post task execution logs
[2025-10-31T22:58:57.465+0700] {taskinstance.py:1205} INFO - Marking task as SUCCESS. dag_id=absa_streaming_lifecycle_full, task_id=evaluate_model, execution_date=20251031T140000, start_date=20251031T155857, end_date=20251031T155857
[2025-10-31T22:58:57.520+0700] {local_task_job_runner.py:240} INFO - Task exited with return code 0
[2025-10-31T22:58:57.536+0700] {taskinstance.py:3482} INFO - 2 downstream tasks scheduled from follow-on schedule check
[2025-10-31T22:58:57.537+0700] {local_task_job_runner.py:222} INFO - ::endgroup::
