[2025-10-31T23:00:01.306+0700] {local_task_job_runner.py:120} INFO - ::group::Pre task execution logs
[2025-10-31T23:00:01.323+0700] {taskinstance.py:2073} INFO - Dependencies all met for dep_context=non-requeueable deps ti=<TaskInstance: absa_streaming_lifecycle_full.retrain_model scheduled__2025-10-31T15:00:00+00:00 [queued]>
[2025-10-31T23:00:01.328+0700] {taskinstance.py:2073} INFO - Dependencies all met for dep_context=requeueable deps ti=<TaskInstance: absa_streaming_lifecycle_full.retrain_model scheduled__2025-10-31T15:00:00+00:00 [queued]>
[2025-10-31T23:00:01.328+0700] {taskinstance.py:2303} INFO - Starting attempt 1 of 3
[2025-10-31T23:00:01.336+0700] {taskinstance.py:2327} INFO - Executing <Task(BashOperator): retrain_model> on 2025-10-31 15:00:00+00:00
[2025-10-31T23:00:01.342+0700] {warnings.py:110} WARNING - /home/***/.local/lib/python3.12/site-packages/***/task/task_runner/standard_task_runner.py:61: DeprecationWarning: This process (pid=1809) is multi-threaded, use of fork() may lead to deadlocks in the child.
  pid = os.fork()

[2025-10-31T23:00:01.343+0700] {standard_task_runner.py:63} INFO - Started process 1820 to run task
[2025-10-31T23:00:01.346+0700] {standard_task_runner.py:90} INFO - Running: ['***', 'tasks', 'run', 'absa_streaming_lifecycle_full', 'retrain_model', 'scheduled__2025-10-31T15:00:00+00:00', '--job-id', '388', '--raw', '--subdir', 'DAGS_FOLDER/absa_streaming_lifecycle_full.py', '--cfg-path', '/tmp/tmplxgf48rj']
[2025-10-31T23:00:01.350+0700] {standard_task_runner.py:91} INFO - Job 388: Subtask retrain_model
[2025-10-31T23:00:01.409+0700] {task_command.py:426} INFO - Running <TaskInstance: absa_streaming_lifecycle_full.retrain_model scheduled__2025-10-31T15:00:00+00:00 [running]> on host f7bb1ad77e89
[2025-10-31T23:00:01.486+0700] {taskinstance.py:2644} INFO - Exporting env vars: AIRFLOW_CTX_DAG_OWNER='***' AIRFLOW_CTX_DAG_ID='absa_streaming_lifecycle_full' AIRFLOW_CTX_TASK_ID='retrain_model' AIRFLOW_CTX_EXECUTION_DATE='2025-10-31T15:00:00+00:00' AIRFLOW_CTX_TRY_NUMBER='1' AIRFLOW_CTX_DAG_RUN_ID='scheduled__2025-10-31T15:00:00+00:00'
[2025-10-31T23:00:01.487+0700] {taskinstance.py:430} INFO - ::endgroup::
[2025-10-31T23:00:01.488+0700] {subprocess.py:63} INFO - Tmp dir root location: /tmp
[2025-10-31T23:00:01.489+0700] {subprocess.py:75} INFO - Running command: ['/usr/bin/bash', '-c', "echo '[Train] Starting ABSA retraining...'; python3 /opt/***/projects/absa_streaming/scripts/train_retrain.py --output /opt/***/projects/absa_streaming/models/candidate_absa.pt --eval-log /opt/***/projects/absa_streaming/models/eval_result.json; echo '[Train] Done.'"]
[2025-10-31T23:00:01.500+0700] {subprocess.py:86} INFO - Output:
[2025-10-31T23:00:01.502+0700] {subprocess.py:93} INFO - [Train] Starting ABSA retraining...
[2025-10-31T23:00:06.604+0700] {subprocess.py:93} INFO - 🧠 [train_retrain.py] Starting mock retraining...
[2025-10-31T23:00:06.605+0700] {subprocess.py:93} INFO - ✅ [train_retrain.py] Done retraining. new_acc=0.849, best_acc=0.83
[2025-10-31T23:00:06.605+0700] {subprocess.py:93} INFO - 📦 Model saved at: /opt/***/projects/absa_streaming/models/candidate_absa.pt
[2025-10-31T23:00:06.605+0700] {subprocess.py:93} INFO - 📊 Eval log saved at: /opt/***/projects/absa_streaming/models/eval_result.json
[2025-10-31T23:00:06.609+0700] {subprocess.py:93} INFO - [Train] Done.
[2025-10-31T23:00:06.618+0700] {subprocess.py:97} INFO - Command exited with return code 0
[2025-10-31T23:00:06.618+0700] {taskinstance.py:441} INFO - ::group::Post task execution logs
[2025-10-31T23:00:06.644+0700] {taskinstance.py:1205} INFO - Marking task as SUCCESS. dag_id=absa_streaming_lifecycle_full, task_id=retrain_model, execution_date=20251031T150000, start_date=20251031T160001, end_date=20251031T160006
[2025-10-31T23:00:06.695+0700] {local_task_job_runner.py:240} INFO - Task exited with return code 0
[2025-10-31T23:00:06.713+0700] {taskinstance.py:3482} INFO - 1 downstream tasks scheduled from follow-on schedule check
[2025-10-31T23:00:06.714+0700] {local_task_job_runner.py:222} INFO - ::endgroup::
[2025-10-31T23:20:28.120+0700] {local_task_job_runner.py:120} INFO - ::group::Pre task execution logs
[2025-10-31T23:20:28.135+0700] {taskinstance.py:2073} INFO - Dependencies all met for dep_context=non-requeueable deps ti=<TaskInstance: absa_streaming_lifecycle_full.retrain_model scheduled__2025-10-31T15:00:00+00:00 [queued]>
[2025-10-31T23:20:28.139+0700] {taskinstance.py:2073} INFO - Dependencies all met for dep_context=requeueable deps ti=<TaskInstance: absa_streaming_lifecycle_full.retrain_model scheduled__2025-10-31T15:00:00+00:00 [queued]>
[2025-10-31T23:20:28.139+0700] {taskinstance.py:2303} INFO - Starting attempt 1 of 3
[2025-10-31T23:20:28.146+0700] {taskinstance.py:2327} INFO - Executing <Task(BashOperator): retrain_model> on 2025-10-31 15:00:00+00:00
[2025-10-31T23:20:28.152+0700] {warnings.py:110} WARNING - /home/***/.local/lib/python3.12/site-packages/***/task/task_runner/standard_task_runner.py:61: DeprecationWarning: This process (pid=2522) is multi-threaded, use of fork() may lead to deadlocks in the child.
  pid = os.fork()

[2025-10-31T23:20:28.153+0700] {standard_task_runner.py:63} INFO - Started process 2538 to run task
[2025-10-31T23:20:28.155+0700] {standard_task_runner.py:90} INFO - Running: ['***', 'tasks', 'run', 'absa_streaming_lifecycle_full', 'retrain_model', 'scheduled__2025-10-31T15:00:00+00:00', '--job-id', '442', '--raw', '--subdir', 'DAGS_FOLDER/absa_streaming_lifecycle_full.py', '--cfg-path', '/tmp/tmptzunoedo']
[2025-10-31T23:20:28.158+0700] {standard_task_runner.py:91} INFO - Job 442: Subtask retrain_model
[2025-10-31T23:20:28.204+0700] {task_command.py:426} INFO - Running <TaskInstance: absa_streaming_lifecycle_full.retrain_model scheduled__2025-10-31T15:00:00+00:00 [running]> on host f7bb1ad77e89
[2025-10-31T23:20:28.267+0700] {taskinstance.py:2644} INFO - Exporting env vars: AIRFLOW_CTX_DAG_OWNER='***' AIRFLOW_CTX_DAG_ID='absa_streaming_lifecycle_full' AIRFLOW_CTX_TASK_ID='retrain_model' AIRFLOW_CTX_EXECUTION_DATE='2025-10-31T15:00:00+00:00' AIRFLOW_CTX_TRY_NUMBER='1' AIRFLOW_CTX_DAG_RUN_ID='scheduled__2025-10-31T15:00:00+00:00'
[2025-10-31T23:20:28.269+0700] {taskinstance.py:430} INFO - ::endgroup::
[2025-10-31T23:20:28.269+0700] {subprocess.py:63} INFO - Tmp dir root location: /tmp
[2025-10-31T23:20:28.270+0700] {subprocess.py:75} INFO - Running command: ['/usr/bin/bash', '-c', "echo '[Train] Starting ABSA retraining...'; python3 /opt/***/projects/absa_streaming/scripts/train_retrain.py --output /opt/***/projects/absa_streaming/models/candidate_absa.pt --eval-log /opt/***/projects/absa_streaming/models/eval_result.json; echo '[Train] Done.'"]
[2025-10-31T23:20:28.280+0700] {subprocess.py:86} INFO - Output:
[2025-10-31T23:20:28.282+0700] {subprocess.py:93} INFO - [Train] Starting ABSA retraining...
[2025-10-31T23:20:33.382+0700] {subprocess.py:93} INFO - 🧠 [train_retrain.py] Starting mock retraining...
[2025-10-31T23:20:33.383+0700] {subprocess.py:93} INFO - ✅ [train_retrain.py] Done retraining. new_acc=0.811, best_acc=0.83
[2025-10-31T23:20:33.383+0700] {subprocess.py:93} INFO - 📦 Model saved at: /opt/***/projects/absa_streaming/models/candidate_absa.pt
[2025-10-31T23:20:33.383+0700] {subprocess.py:93} INFO - 📊 Eval log saved at: /opt/***/projects/absa_streaming/models/eval_result.json
[2025-10-31T23:20:33.388+0700] {subprocess.py:93} INFO - [Train] Done.
[2025-10-31T23:20:33.388+0700] {subprocess.py:97} INFO - Command exited with return code 0
[2025-10-31T23:20:33.389+0700] {taskinstance.py:441} INFO - ::group::Post task execution logs
[2025-10-31T23:20:33.414+0700] {taskinstance.py:1205} INFO - Marking task as SUCCESS. dag_id=absa_streaming_lifecycle_full, task_id=retrain_model, execution_date=20251031T150000, start_date=20251031T162028, end_date=20251031T162033
[2025-10-31T23:20:33.458+0700] {local_task_job_runner.py:240} INFO - Task exited with return code 0
[2025-10-31T23:20:33.478+0700] {taskinstance.py:3482} INFO - 1 downstream tasks scheduled from follow-on schedule check
[2025-10-31T23:20:33.479+0700] {local_task_job_runner.py:222} INFO - ::endgroup::
[2025-10-31T23:53:34.344+0700] {local_task_job_runner.py:120} INFO - ::group::Pre task execution logs
[2025-10-31T23:53:34.361+0700] {taskinstance.py:2073} INFO - Dependencies all met for dep_context=non-requeueable deps ti=<TaskInstance: absa_streaming_lifecycle_full.retrain_model scheduled__2025-10-31T15:00:00+00:00 [queued]>
[2025-10-31T23:53:34.365+0700] {taskinstance.py:2073} INFO - Dependencies all met for dep_context=requeueable deps ti=<TaskInstance: absa_streaming_lifecycle_full.retrain_model scheduled__2025-10-31T15:00:00+00:00 [queued]>
[2025-10-31T23:53:34.365+0700] {taskinstance.py:2303} INFO - Starting attempt 1 of 3
[2025-10-31T23:53:34.372+0700] {taskinstance.py:2327} INFO - Executing <Task(BashOperator): retrain_model> on 2025-10-31 15:00:00+00:00
[2025-10-31T23:53:34.378+0700] {warnings.py:110} WARNING - /home/***/.local/lib/python3.12/site-packages/***/task/task_runner/standard_task_runner.py:61: DeprecationWarning: This process (pid=12194) is multi-threaded, use of fork() may lead to deadlocks in the child.
  pid = os.fork()

[2025-10-31T23:53:34.380+0700] {standard_task_runner.py:63} INFO - Started process 12201 to run task
[2025-10-31T23:53:34.383+0700] {standard_task_runner.py:90} INFO - Running: ['***', 'tasks', 'run', 'absa_streaming_lifecycle_full', 'retrain_model', 'scheduled__2025-10-31T15:00:00+00:00', '--job-id', '507', '--raw', '--subdir', 'DAGS_FOLDER/absa_streaming_lifecycle_full.py', '--cfg-path', '/tmp/tmp0bgi1esb']
[2025-10-31T23:53:34.387+0700] {standard_task_runner.py:91} INFO - Job 507: Subtask retrain_model
[2025-10-31T23:53:34.441+0700] {task_command.py:426} INFO - Running <TaskInstance: absa_streaming_lifecycle_full.retrain_model scheduled__2025-10-31T15:00:00+00:00 [running]> on host f7bb1ad77e89
[2025-10-31T23:53:34.514+0700] {taskinstance.py:2644} INFO - Exporting env vars: AIRFLOW_CTX_DAG_OWNER='***' AIRFLOW_CTX_DAG_ID='absa_streaming_lifecycle_full' AIRFLOW_CTX_TASK_ID='retrain_model' AIRFLOW_CTX_EXECUTION_DATE='2025-10-31T15:00:00+00:00' AIRFLOW_CTX_TRY_NUMBER='1' AIRFLOW_CTX_DAG_RUN_ID='scheduled__2025-10-31T15:00:00+00:00'
[2025-10-31T23:53:34.516+0700] {taskinstance.py:430} INFO - ::endgroup::
[2025-10-31T23:53:34.517+0700] {subprocess.py:63} INFO - Tmp dir root location: /tmp
[2025-10-31T23:53:34.517+0700] {subprocess.py:75} INFO - Running command: ['/usr/bin/bash', '-c', "echo '[Train] Starting ABSA retraining...'; python3 /opt/***/projects/absa_streaming/scripts/train_retrain.py --output /opt/***/projects/absa_streaming/models/candidate_absa.pt --eval-log /opt/***/projects/absa_streaming/models/eval_result.json; echo '[Train] Done.'"]
[2025-10-31T23:53:34.531+0700] {subprocess.py:86} INFO - Output:
[2025-10-31T23:53:34.534+0700] {subprocess.py:93} INFO - [Train] Starting ABSA retraining...
[2025-10-31T23:53:39.638+0700] {subprocess.py:93} INFO - 🧠 [train_retrain.py] Starting mock retraining...
[2025-10-31T23:53:39.638+0700] {subprocess.py:93} INFO - ✅ [train_retrain.py] Done retraining. new_acc=0.87, best_acc=0.83
[2025-10-31T23:53:39.638+0700] {subprocess.py:93} INFO - 📦 Model saved at: /opt/***/projects/absa_streaming/models/candidate_absa.pt
[2025-10-31T23:53:39.639+0700] {subprocess.py:93} INFO - 📊 Eval log saved at: /opt/***/projects/absa_streaming/models/eval_result.json
[2025-10-31T23:53:39.643+0700] {subprocess.py:93} INFO - [Train] Done.
[2025-10-31T23:53:39.644+0700] {subprocess.py:97} INFO - Command exited with return code 0
[2025-10-31T23:53:39.644+0700] {taskinstance.py:441} INFO - ::group::Post task execution logs
[2025-10-31T23:53:39.664+0700] {taskinstance.py:1205} INFO - Marking task as SUCCESS. dag_id=absa_streaming_lifecycle_full, task_id=retrain_model, execution_date=20251031T150000, start_date=20251031T165334, end_date=20251031T165339
[2025-10-31T23:53:39.721+0700] {local_task_job_runner.py:240} INFO - Task exited with return code 0
[2025-10-31T23:53:39.739+0700] {taskinstance.py:3482} INFO - 1 downstream tasks scheduled from follow-on schedule check
[2025-10-31T23:53:39.739+0700] {local_task_job_runner.py:222} INFO - ::endgroup::
