[2025-11-01T00:05:49.006+0700] {local_task_job_runner.py:120} INFO - ::group::Pre task execution logs
[2025-11-01T00:05:49.018+0700] {taskinstance.py:2073} INFO - Dependencies all met for dep_context=non-requeueable deps ti=<TaskInstance: vehicle_pipeline_new_dag.cleanup_vehicle_checkpoints scheduled__2025-10-31T16:00:00+00:00 [queued]>
[2025-11-01T00:05:49.021+0700] {taskinstance.py:2073} INFO - Dependencies all met for dep_context=requeueable deps ti=<TaskInstance: vehicle_pipeline_new_dag.cleanup_vehicle_checkpoints scheduled__2025-10-31T16:00:00+00:00 [queued]>
[2025-11-01T00:05:49.021+0700] {taskinstance.py:2303} INFO - Starting attempt 1 of 3
[2025-11-01T00:05:49.026+0700] {taskinstance.py:2327} INFO - Executing <Task(BashOperator): cleanup_vehicle_checkpoints> on 2025-10-31 16:00:00+00:00
[2025-11-01T00:05:49.031+0700] {warnings.py:110} WARNING - /home/***/.local/lib/python3.12/site-packages/***/task/task_runner/standard_task_runner.py:61: DeprecationWarning: This process (pid=28140) is multi-threaded, use of fork() may lead to deadlocks in the child.
  pid = os.fork()

[2025-11-01T00:05:49.032+0700] {standard_task_runner.py:63} INFO - Started process 28142 to run task
[2025-11-01T00:05:49.033+0700] {standard_task_runner.py:90} INFO - Running: ['***', 'tasks', 'run', 'vehicle_pipeline_new_dag', 'cleanup_vehicle_checkpoints', 'scheduled__2025-10-31T16:00:00+00:00', '--job-id', '527', '--raw', '--subdir', 'DAGS_FOLDER/vehicel_pipeline_new_dag.py', '--cfg-path', '/tmp/tmpnfob2yi4']
[2025-11-01T00:05:49.035+0700] {standard_task_runner.py:91} INFO - Job 527: Subtask cleanup_vehicle_checkpoints
[2025-11-01T00:05:49.068+0700] {task_command.py:426} INFO - Running <TaskInstance: vehicle_pipeline_new_dag.cleanup_vehicle_checkpoints scheduled__2025-10-31T16:00:00+00:00 [running]> on host f7bb1ad77e89
[2025-11-01T00:05:49.119+0700] {taskinstance.py:2644} INFO - Exporting env vars: AIRFLOW_CTX_DAG_OWNER='***' AIRFLOW_CTX_DAG_ID='vehicle_pipeline_new_dag' AIRFLOW_CTX_TASK_ID='cleanup_vehicle_checkpoints' AIRFLOW_CTX_EXECUTION_DATE='2025-10-31T16:00:00+00:00' AIRFLOW_CTX_TRY_NUMBER='1' AIRFLOW_CTX_DAG_RUN_ID='scheduled__2025-10-31T16:00:00+00:00'
[2025-11-01T00:05:49.121+0700] {taskinstance.py:430} INFO - ::endgroup::
[2025-11-01T00:05:49.121+0700] {subprocess.py:63} INFO - Tmp dir root location: /tmp
[2025-11-01T00:05:49.122+0700] {subprocess.py:75} INFO - Running command: ['/usr/bin/bash', '-c', "echo '[Cleanup] Removing old vehicle checkpoint...'; rm -rf /opt/***/checkpoints/vehicle_pipeline_checkpoint || true; echo '[Cleanup] Done.'"]
[2025-11-01T00:05:49.131+0700] {subprocess.py:86} INFO - Output:
[2025-11-01T00:05:49.133+0700] {subprocess.py:93} INFO - [Cleanup] Removing old vehicle checkpoint...
[2025-11-01T00:05:49.135+0700] {subprocess.py:93} INFO - [Cleanup] Done.
[2025-11-01T00:05:49.135+0700] {subprocess.py:97} INFO - Command exited with return code 0
[2025-11-01T00:05:49.135+0700] {taskinstance.py:441} INFO - ::group::Post task execution logs
[2025-11-01T00:05:49.153+0700] {taskinstance.py:1205} INFO - Marking task as SUCCESS. dag_id=vehicle_pipeline_new_dag, task_id=cleanup_vehicle_checkpoints, execution_date=20251031T160000, start_date=20251031T170549, end_date=20251031T170549
[2025-11-01T00:05:49.167+0700] {local_task_job_runner.py:240} INFO - Task exited with return code 0
[2025-11-01T00:05:49.179+0700] {taskinstance.py:3482} INFO - 0 downstream tasks scheduled from follow-on schedule check
[2025-11-01T00:05:49.179+0700] {local_task_job_runner.py:222} INFO - ::endgroup::
