[2025-10-31T22:58:53.850+0700] {local_task_job_runner.py:120} INFO - ::group::Pre task execution logs
[2025-10-31T22:58:53.866+0700] {taskinstance.py:2073} INFO - Dependencies all met for dep_context=non-requeueable deps ti=<TaskInstance: vehicle_pipeline_new_dag.start_vehicle_producer_cam2 manual__2025-10-31T15:58:52.637042+00:00 [queued]>
[2025-10-31T22:58:53.869+0700] {taskinstance.py:2073} INFO - Dependencies all met for dep_context=requeueable deps ti=<TaskInstance: vehicle_pipeline_new_dag.start_vehicle_producer_cam2 manual__2025-10-31T15:58:52.637042+00:00 [queued]>
[2025-10-31T22:58:53.870+0700] {taskinstance.py:2303} INFO - Starting attempt 1 of 3
[2025-10-31T22:58:53.876+0700] {taskinstance.py:2327} INFO - Executing <Task(BashOperator): start_vehicle_producer_cam2> on 2025-10-31 15:58:52.637042+00:00
[2025-10-31T22:58:53.882+0700] {warnings.py:110} WARNING - /home/***/.local/lib/python3.12/site-packages/***/task/task_runner/standard_task_runner.py:61: DeprecationWarning: This process (pid=1751) is multi-threaded, use of fork() may lead to deadlocks in the child.
  pid = os.fork()

[2025-10-31T22:58:53.884+0700] {standard_task_runner.py:63} INFO - Started process 1758 to run task
[2025-10-31T22:58:53.885+0700] {standard_task_runner.py:90} INFO - Running: ['***', 'tasks', 'run', 'vehicle_pipeline_new_dag', 'start_vehicle_producer_cam2', 'manual__2025-10-31T15:58:52.637042+00:00', '--job-id', '376', '--raw', '--subdir', 'DAGS_FOLDER/vehicel_pipeline_new_dag.py', '--cfg-path', '/tmp/tmpy5k31og5']
[2025-10-31T22:58:53.888+0700] {standard_task_runner.py:91} INFO - Job 376: Subtask start_vehicle_producer_cam2
[2025-10-31T22:58:53.936+0700] {task_command.py:426} INFO - Running <TaskInstance: vehicle_pipeline_new_dag.start_vehicle_producer_cam2 manual__2025-10-31T15:58:52.637042+00:00 [running]> on host f7bb1ad77e89
[2025-10-31T22:58:54.001+0700] {taskinstance.py:2644} INFO - Exporting env vars: AIRFLOW_CTX_DAG_OWNER='***' AIRFLOW_CTX_DAG_ID='vehicle_pipeline_new_dag' AIRFLOW_CTX_TASK_ID='start_vehicle_producer_cam2' AIRFLOW_CTX_EXECUTION_DATE='2025-10-31T15:58:52.637042+00:00' AIRFLOW_CTX_TRY_NUMBER='1' AIRFLOW_CTX_DAG_RUN_ID='manual__2025-10-31T15:58:52.637042+00:00'
[2025-10-31T22:58:54.002+0700] {taskinstance.py:430} INFO - ::endgroup::
[2025-10-31T22:58:54.003+0700] {subprocess.py:63} INFO - Tmp dir root location: /tmp
[2025-10-31T22:58:54.003+0700] {subprocess.py:75} INFO - Running command: ['/usr/bin/bash', '-c', 'bash -c "timeout 45m bash /opt/***/projects/vehicle_count/scripts/run_producer_cam2.sh"']
[2025-10-31T22:58:54.015+0700] {subprocess.py:86} INFO - Output:
[2025-10-31T22:58:54.025+0700] {subprocess.py:93} INFO - [Producer-CAM2] 🏍️ Starting Vehicle Kafka Producer (Camera 2)...
[2025-10-31T22:58:54.050+0700] {subprocess.py:93} INFO - Traceback (most recent call last):
[2025-10-31T22:58:54.050+0700] {subprocess.py:93} INFO -   File "/opt/***/projects/vehicle_count/scripts/vehicle_producer_single.py", line 13, in <module>
[2025-10-31T22:58:54.051+0700] {subprocess.py:93} INFO -     import cv2
[2025-10-31T22:58:54.051+0700] {subprocess.py:93} INFO - ModuleNotFoundError: No module named 'cv2'
[2025-10-31T22:58:54.054+0700] {subprocess.py:97} INFO - Command exited with return code 1
[2025-10-31T22:58:54.055+0700] {taskinstance.py:441} INFO - ::group::Post task execution logs
[2025-10-31T22:58:54.065+0700] {taskinstance.py:2890} ERROR - Task failed with exception
Traceback (most recent call last):
  File "/home/airflow/.local/lib/python3.12/site-packages/airflow/models/taskinstance.py", line 460, in _execute_task
    result = _execute_callable(context=context, **execute_callable_kwargs)
             ^^^^^^^^^^^^^^^^^^^^^^^^^^^^^^^^^^^^^^^^^^^^^^^^^^^^^^^^^^^^^
  File "/home/airflow/.local/lib/python3.12/site-packages/airflow/models/taskinstance.py", line 432, in _execute_callable
    return execute_callable(context=context, **execute_callable_kwargs)
           ^^^^^^^^^^^^^^^^^^^^^^^^^^^^^^^^^^^^^^^^^^^^^^^^^^^^^^^^^^^^
  File "/home/airflow/.local/lib/python3.12/site-packages/airflow/models/baseoperator.py", line 400, in wrapper
    return func(self, *args, **kwargs)
           ^^^^^^^^^^^^^^^^^^^^^^^^^^^
  File "/home/airflow/.local/lib/python3.12/site-packages/airflow/operators/bash.py", line 243, in execute
    raise AirflowException(
airflow.exceptions.AirflowException: Bash command failed. The command returned a non-zero exit code 1.
[2025-10-31T22:58:54.069+0700] {taskinstance.py:1205} INFO - Marking task as UP_FOR_RETRY. dag_id=vehicle_pipeline_new_dag, task_id=start_vehicle_producer_cam2, execution_date=20251031T155852, start_date=20251031T155853, end_date=20251031T155854
[2025-10-31T22:58:54.077+0700] {standard_task_runner.py:110} ERROR - Failed to execute job 376 for task start_vehicle_producer_cam2 (Bash command failed. The command returned a non-zero exit code 1.; 1758)
[2025-10-31T22:58:54.098+0700] {local_task_job_runner.py:240} INFO - Task exited with return code 1
[2025-10-31T22:58:54.120+0700] {taskinstance.py:3482} INFO - 0 downstream tasks scheduled from follow-on schedule check
[2025-10-31T22:58:54.121+0700] {local_task_job_runner.py:222} INFO - ::endgroup::
