[2025-10-31T22:40:30.042+0700] {local_task_job_runner.py:120} INFO - ::group::Pre task execution logs
[2025-10-31T22:40:30.058+0700] {taskinstance.py:2073} INFO - Dependencies all met for dep_context=non-requeueable deps ti=<TaskInstance: vehicle_pipeline_new_dag.cleanup_vehicle_checkpoints manual__2025-10-31T15:36:24.038645+00:00 [queued]>
[2025-10-31T22:40:30.061+0700] {taskinstance.py:2073} INFO - Dependencies all met for dep_context=requeueable deps ti=<TaskInstance: vehicle_pipeline_new_dag.cleanup_vehicle_checkpoints manual__2025-10-31T15:36:24.038645+00:00 [queued]>
[2025-10-31T22:40:30.062+0700] {taskinstance.py:2303} INFO - Starting attempt 1 of 3
[2025-10-31T22:40:30.068+0700] {taskinstance.py:2327} INFO - Executing <Task(BashOperator): cleanup_vehicle_checkpoints> on 2025-10-31 15:36:24.038645+00:00
[2025-10-31T22:40:30.073+0700] {warnings.py:110} WARNING - /home/***/.local/lib/python3.12/site-packages/***/task/task_runner/standard_task_runner.py:61: DeprecationWarning: This process (pid=1446) is multi-threaded, use of fork() may lead to deadlocks in the child.
  pid = os.fork()

[2025-10-31T22:40:30.074+0700] {standard_task_runner.py:63} INFO - Started process 1448 to run task
[2025-10-31T22:40:30.075+0700] {standard_task_runner.py:90} INFO - Running: ['***', 'tasks', 'run', 'vehicle_pipeline_new_dag', 'cleanup_vehicle_checkpoints', 'manual__2025-10-31T15:36:24.038645+00:00', '--job-id', '365', '--raw', '--subdir', 'DAGS_FOLDER/vehicel_pipeline_new_dag.py', '--cfg-path', '/tmp/tmppfw5ah4t']
[2025-10-31T22:40:30.078+0700] {standard_task_runner.py:91} INFO - Job 365: Subtask cleanup_vehicle_checkpoints
[2025-10-31T22:40:30.116+0700] {task_command.py:426} INFO - Running <TaskInstance: vehicle_pipeline_new_dag.cleanup_vehicle_checkpoints manual__2025-10-31T15:36:24.038645+00:00 [running]> on host f7bb1ad77e89
[2025-10-31T22:40:30.178+0700] {taskinstance.py:2644} INFO - Exporting env vars: AIRFLOW_CTX_DAG_OWNER='***' AIRFLOW_CTX_DAG_ID='vehicle_pipeline_new_dag' AIRFLOW_CTX_TASK_ID='cleanup_vehicle_checkpoints' AIRFLOW_CTX_EXECUTION_DATE='2025-10-31T15:36:24.038645+00:00' AIRFLOW_CTX_TRY_NUMBER='1' AIRFLOW_CTX_DAG_RUN_ID='manual__2025-10-31T15:36:24.038645+00:00'
[2025-10-31T22:40:30.180+0700] {taskinstance.py:430} INFO - ::endgroup::
[2025-10-31T22:40:30.180+0700] {subprocess.py:63} INFO - Tmp dir root location: /tmp
[2025-10-31T22:40:30.181+0700] {subprocess.py:75} INFO - Running command: ['/usr/bin/bash', '-c', "echo '[Cleanup] Removing old vehicle checkpoint...'; rm -rf /opt/***/checkpoints/vehicle_pipeline_checkpoint || true; echo '[Cleanup] Done.'"]
[2025-10-31T22:40:30.191+0700] {subprocess.py:86} INFO - Output:
[2025-10-31T22:40:30.193+0700] {subprocess.py:93} INFO - [Cleanup] Removing old vehicle checkpoint...
[2025-10-31T22:40:30.195+0700] {subprocess.py:93} INFO - [Cleanup] Done.
[2025-10-31T22:40:30.195+0700] {subprocess.py:97} INFO - Command exited with return code 0
[2025-10-31T22:40:30.195+0700] {taskinstance.py:441} INFO - ::group::Post task execution logs
[2025-10-31T22:40:30.216+0700] {taskinstance.py:1205} INFO - Marking task as SUCCESS. dag_id=vehicle_pipeline_new_dag, task_id=cleanup_vehicle_checkpoints, execution_date=20251031T153624, start_date=20251031T154030, end_date=20251031T154030
[2025-10-31T22:40:30.249+0700] {local_task_job_runner.py:240} INFO - Task exited with return code 0
[2025-10-31T22:40:30.260+0700] {taskinstance.py:3482} INFO - 0 downstream tasks scheduled from follow-on schedule check
[2025-10-31T22:40:30.261+0700] {local_task_job_runner.py:222} INFO - ::endgroup::
