[2025-11-01T01:00:01.655+0700] {local_task_job_runner.py:120} INFO - ::group::Pre task execution logs
[2025-11-01T01:00:01.675+0700] {taskinstance.py:2073} INFO - Dependencies all met for dep_context=non-requeueable deps ti=<TaskInstance: vehicle_pipeline_new_dag.start_vehicle_producer_cam2 scheduled__2025-10-31T17:00:00+00:00 [queued]>
[2025-11-01T01:00:01.680+0700] {taskinstance.py:2073} INFO - Dependencies all met for dep_context=requeueable deps ti=<TaskInstance: vehicle_pipeline_new_dag.start_vehicle_producer_cam2 scheduled__2025-10-31T17:00:00+00:00 [queued]>
[2025-11-01T01:00:01.680+0700] {taskinstance.py:2303} INFO - Starting attempt 1 of 3
[2025-11-01T01:00:01.690+0700] {taskinstance.py:2327} INFO - Executing <Task(BashOperator): start_vehicle_producer_cam2> on 2025-10-31 17:00:00+00:00
[2025-11-01T01:00:01.696+0700] {warnings.py:110} WARNING - /home/***/.local/lib/python3.12/site-packages/***/task/task_runner/standard_task_runner.py:61: DeprecationWarning: This process (pid=35581) is multi-threaded, use of fork() may lead to deadlocks in the child.
  pid = os.fork()

[2025-11-01T01:00:01.700+0700] {standard_task_runner.py:63} INFO - Started process 35591 to run task
[2025-11-01T01:00:01.704+0700] {standard_task_runner.py:90} INFO - Running: ['***', 'tasks', 'run', 'vehicle_pipeline_new_dag', 'start_vehicle_producer_cam2', 'scheduled__2025-10-31T17:00:00+00:00', '--job-id', '537', '--raw', '--subdir', 'DAGS_FOLDER/vehicel_pipeline_new_dag.py', '--cfg-path', '/tmp/tmpniudwkfa']
[2025-11-01T01:00:01.710+0700] {standard_task_runner.py:91} INFO - Job 537: Subtask start_vehicle_producer_cam2
[2025-11-01T01:00:01.792+0700] {task_command.py:426} INFO - Running <TaskInstance: vehicle_pipeline_new_dag.start_vehicle_producer_cam2 scheduled__2025-10-31T17:00:00+00:00 [running]> on host f7bb1ad77e89
[2025-11-01T01:00:01.942+0700] {taskinstance.py:2644} INFO - Exporting env vars: AIRFLOW_CTX_DAG_OWNER='***' AIRFLOW_CTX_DAG_ID='vehicle_pipeline_new_dag' AIRFLOW_CTX_TASK_ID='start_vehicle_producer_cam2' AIRFLOW_CTX_EXECUTION_DATE='2025-10-31T17:00:00+00:00' AIRFLOW_CTX_TRY_NUMBER='1' AIRFLOW_CTX_DAG_RUN_ID='scheduled__2025-10-31T17:00:00+00:00'
[2025-11-01T01:00:01.946+0700] {taskinstance.py:430} INFO - ::endgroup::
[2025-11-01T01:00:01.947+0700] {subprocess.py:63} INFO - Tmp dir root location: /tmp
[2025-11-01T01:00:01.948+0700] {subprocess.py:75} INFO - Running command: ['/usr/bin/bash', '-c', 'bash -c "timeout 45m bash /opt/***/projects/vehicle_count/scripts/run_producer_cam2.sh"']
[2025-11-01T01:00:01.961+0700] {subprocess.py:86} INFO - Output:
[2025-11-01T01:00:01.972+0700] {subprocess.py:93} INFO - [Producer-CAM2] 🏍️ Starting Vehicle Kafka Producer (Camera 2)...
[2025-11-01T01:02:06.679+0700] {subprocess.py:93} INFO - [Producer-CAM_2] 🔌 Kết nối Kafka broker tại kafka:9092 ...
[2025-11-01T01:02:06.682+0700] {subprocess.py:93} INFO - [Producer-CAM_2] 🎥 Bắt đầu stream từ video2.mp4
[2025-11-01T01:02:06.682+0700] {subprocess.py:93} INFO - [Producer-CAM_2] ✅ Video video2.mp4 kết thúc (601 frames).
[2025-11-01T01:02:06.683+0700] {subprocess.py:93} INFO - [Producer-CAM_2] 📤 Gửi thành công 601 frames tới Kafka.
[2025-11-01T01:02:06.683+0700] {subprocess.py:93} INFO - [Producer-CAM_2] 🏁 Hoàn tất gửi dữ liệu.
[2025-11-01T01:02:06.742+0700] {subprocess.py:93} INFO - [Producer-CAM2] ✅ Completed successfully.
[2025-11-01T01:02:06.743+0700] {subprocess.py:97} INFO - Command exited with return code 0
[2025-11-01T01:02:06.744+0700] {taskinstance.py:441} INFO - ::group::Post task execution logs
[2025-11-01T01:02:06.783+0700] {taskinstance.py:1205} INFO - Marking task as SUCCESS. dag_id=vehicle_pipeline_new_dag, task_id=start_vehicle_producer_cam2, execution_date=20251031T170000, start_date=20251031T180001, end_date=20251031T180206
[2025-11-01T01:02:06.847+0700] {local_task_job_runner.py:240} INFO - Task exited with return code 0
[2025-11-01T01:02:06.887+0700] {taskinstance.py:3482} INFO - 0 downstream tasks scheduled from follow-on schedule check
[2025-11-01T01:02:06.888+0700] {local_task_job_runner.py:222} INFO - ::endgroup::
