[2025-10-31T23:20:41.837+0700] {local_task_job_runner.py:120} INFO - ::group::Pre task execution logs
[2025-10-31T23:20:41.850+0700] {taskinstance.py:2073} INFO - Dependencies all met for dep_context=non-requeueable deps ti=<TaskInstance: absa_streaming_lifecycle_full.update_model manual__2025-10-31T16:20:33.309051+00:00 [queued]>
[2025-10-31T23:20:41.853+0700] {taskinstance.py:2073} INFO - Dependencies all met for dep_context=requeueable deps ti=<TaskInstance: absa_streaming_lifecycle_full.update_model manual__2025-10-31T16:20:33.309051+00:00 [queued]>
[2025-10-31T23:20:41.853+0700] {taskinstance.py:2303} INFO - Starting attempt 1 of 3
[2025-10-31T23:20:41.860+0700] {taskinstance.py:2327} INFO - Executing <Task(PythonOperator): update_model> on 2025-10-31 16:20:33.309051+00:00
[2025-10-31T23:20:41.865+0700] {warnings.py:110} WARNING - /home/***/.local/lib/python3.12/site-packages/***/task/task_runner/standard_task_runner.py:61: DeprecationWarning: This process (pid=2767) is multi-threaded, use of fork() may lead to deadlocks in the child.
  pid = os.fork()

[2025-10-31T23:20:41.867+0700] {standard_task_runner.py:63} INFO - Started process 2773 to run task
[2025-10-31T23:20:41.868+0700] {standard_task_runner.py:90} INFO - Running: ['***', 'tasks', 'run', 'absa_streaming_lifecycle_full', 'update_model', 'manual__2025-10-31T16:20:33.309051+00:00', '--job-id', '457', '--raw', '--subdir', 'DAGS_FOLDER/absa_streaming_lifecycle_full.py', '--cfg-path', '/tmp/tmpxo0hxt7e']
[2025-10-31T23:20:41.870+0700] {standard_task_runner.py:91} INFO - Job 457: Subtask update_model
[2025-10-31T23:20:41.910+0700] {task_command.py:426} INFO - Running <TaskInstance: absa_streaming_lifecycle_full.update_model manual__2025-10-31T16:20:33.309051+00:00 [running]> on host f7bb1ad77e89
[2025-10-31T23:20:41.967+0700] {taskinstance.py:2644} INFO - Exporting env vars: AIRFLOW_CTX_DAG_OWNER='***' AIRFLOW_CTX_DAG_ID='absa_streaming_lifecycle_full' AIRFLOW_CTX_TASK_ID='update_model' AIRFLOW_CTX_EXECUTION_DATE='2025-10-31T16:20:33.309051+00:00' AIRFLOW_CTX_TRY_NUMBER='1' AIRFLOW_CTX_DAG_RUN_ID='manual__2025-10-31T16:20:33.309051+00:00'
[2025-10-31T23:20:41.969+0700] {taskinstance.py:430} INFO - ::endgroup::
[2025-10-31T23:20:41.969+0700] {logging_mixin.py:188} INFO - [Update] Deploying new ABSA model...
[2025-10-31T23:20:41.974+0700] {logging_mixin.py:188} INFO - [Update] ✅ Model updated → /opt/***/projects/absa_streaming/models/best_absa_hardshare.pt
[2025-10-31T23:20:41.974+0700] {python.py:237} INFO - Done. Returned value was: None
[2025-10-31T23:20:41.975+0700] {taskinstance.py:441} INFO - ::group::Post task execution logs
[2025-10-31T23:20:41.983+0700] {taskinstance.py:1205} INFO - Marking task as SUCCESS. dag_id=absa_streaming_lifecycle_full, task_id=update_model, execution_date=20251031T162033, start_date=20251031T162041, end_date=20251031T162041
[2025-10-31T23:20:42.001+0700] {local_task_job_runner.py:240} INFO - Task exited with return code 0
[2025-10-31T23:20:42.014+0700] {taskinstance.py:3482} INFO - 0 downstream tasks scheduled from follow-on schedule check
[2025-10-31T23:20:42.015+0700] {local_task_job_runner.py:222} INFO - ::endgroup::
