[2025-11-01T00:05:47.898+0700] {local_task_job_runner.py:120} INFO - ::group::Pre task execution logs
[2025-11-01T00:05:47.911+0700] {taskinstance.py:2073} INFO - Dependencies all met for dep_context=non-requeueable deps ti=<TaskInstance: vehicle_pipeline_new_dag.monitor_vehicle_stream scheduled__2025-10-31T16:00:00+00:00 [queued]>
[2025-11-01T00:05:47.914+0700] {taskinstance.py:2073} INFO - Dependencies all met for dep_context=requeueable deps ti=<TaskInstance: vehicle_pipeline_new_dag.monitor_vehicle_stream scheduled__2025-10-31T16:00:00+00:00 [queued]>
[2025-11-01T00:05:47.915+0700] {taskinstance.py:2303} INFO - Starting attempt 1 of 3
[2025-11-01T00:05:47.920+0700] {taskinstance.py:2327} INFO - Executing <Task(PythonOperator): monitor_vehicle_stream> on 2025-10-31 16:00:00+00:00
[2025-11-01T00:05:47.925+0700] {warnings.py:110} WARNING - /home/***/.local/lib/python3.12/site-packages/***/task/task_runner/standard_task_runner.py:61: DeprecationWarning: This process (pid=28137) is multi-threaded, use of fork() may lead to deadlocks in the child.
  pid = os.fork()

[2025-11-01T00:05:47.926+0700] {standard_task_runner.py:63} INFO - Started process 28139 to run task
[2025-11-01T00:05:47.927+0700] {standard_task_runner.py:90} INFO - Running: ['***', 'tasks', 'run', 'vehicle_pipeline_new_dag', 'monitor_vehicle_stream', 'scheduled__2025-10-31T16:00:00+00:00', '--job-id', '526', '--raw', '--subdir', 'DAGS_FOLDER/vehicel_pipeline_new_dag.py', '--cfg-path', '/tmp/tmpjf9u9mvu']
[2025-11-01T00:05:47.930+0700] {standard_task_runner.py:91} INFO - Job 526: Subtask monitor_vehicle_stream
[2025-11-01T00:05:47.967+0700] {task_command.py:426} INFO - Running <TaskInstance: vehicle_pipeline_new_dag.monitor_vehicle_stream scheduled__2025-10-31T16:00:00+00:00 [running]> on host f7bb1ad77e89
[2025-11-01T00:05:48.020+0700] {taskinstance.py:2644} INFO - Exporting env vars: AIRFLOW_CTX_DAG_OWNER='***' AIRFLOW_CTX_DAG_ID='vehicle_pipeline_new_dag' AIRFLOW_CTX_TASK_ID='monitor_vehicle_stream' AIRFLOW_CTX_EXECUTION_DATE='2025-10-31T16:00:00+00:00' AIRFLOW_CTX_TRY_NUMBER='1' AIRFLOW_CTX_DAG_RUN_ID='scheduled__2025-10-31T16:00:00+00:00'
[2025-11-01T00:05:48.021+0700] {taskinstance.py:430} INFO - ::endgroup::
[2025-11-01T00:05:48.021+0700] {logging_mixin.py:188} INFO - [Monitor] Checking vehicle streaming checkpoint...
[2025-11-01T00:05:48.022+0700] {logging_mixin.py:188} INFO - [Monitor] No checkpoint found. Possibly failed or cleaned.
[2025-11-01T00:05:48.022+0700] {python.py:237} INFO - Done. Returned value was: None
[2025-11-01T00:05:48.022+0700] {taskinstance.py:441} INFO - ::group::Post task execution logs
[2025-11-01T00:05:48.029+0700] {taskinstance.py:1205} INFO - Marking task as SUCCESS. dag_id=vehicle_pipeline_new_dag, task_id=monitor_vehicle_stream, execution_date=20251031T160000, start_date=20251031T170547, end_date=20251031T170548
[2025-11-01T00:05:48.060+0700] {local_task_job_runner.py:240} INFO - Task exited with return code 0
[2025-11-01T00:05:48.073+0700] {taskinstance.py:3482} INFO - 1 downstream tasks scheduled from follow-on schedule check
[2025-11-01T00:05:48.074+0700] {local_task_job_runner.py:222} INFO - ::endgroup::
