[2025-10-31T22:36:24.649+0700] {local_task_job_runner.py:120} INFO - ::group::Pre task execution logs
[2025-10-31T22:36:24.665+0700] {taskinstance.py:2073} INFO - Dependencies all met for dep_context=non-requeueable deps ti=<TaskInstance: absa_streaming_lifecycle_full.retrain_model manual__2025-10-31T15:36:23.408791+00:00 [queued]>
[2025-10-31T22:36:24.670+0700] {taskinstance.py:2073} INFO - Dependencies all met for dep_context=requeueable deps ti=<TaskInstance: absa_streaming_lifecycle_full.retrain_model manual__2025-10-31T15:36:23.408791+00:00 [queued]>
[2025-10-31T22:36:24.670+0700] {taskinstance.py:2303} INFO - Starting attempt 1 of 3
[2025-10-31T22:36:24.679+0700] {taskinstance.py:2327} INFO - Executing <Task(BashOperator): retrain_model> on 2025-10-31 15:36:23.408791+00:00
[2025-10-31T22:36:24.684+0700] {warnings.py:110} WARNING - /home/***/.local/lib/python3.12/site-packages/***/task/task_runner/standard_task_runner.py:61: DeprecationWarning: This process (pid=1118) is multi-threaded, use of fork() may lead to deadlocks in the child.
  pid = os.fork()

[2025-10-31T22:36:24.685+0700] {standard_task_runner.py:63} INFO - Started process 1127 to run task
[2025-10-31T22:36:24.688+0700] {standard_task_runner.py:90} INFO - Running: ['***', 'tasks', 'run', 'absa_streaming_lifecycle_full', 'retrain_model', 'manual__2025-10-31T15:36:23.408791+00:00', '--job-id', '314', '--raw', '--subdir', 'DAGS_FOLDER/absa_streaming_lifecycle_full.py', '--cfg-path', '/tmp/tmpplvotaug']
[2025-10-31T22:36:24.692+0700] {standard_task_runner.py:91} INFO - Job 314: Subtask retrain_model
[2025-10-31T22:36:24.734+0700] {task_command.py:426} INFO - Running <TaskInstance: absa_streaming_lifecycle_full.retrain_model manual__2025-10-31T15:36:23.408791+00:00 [running]> on host f7bb1ad77e89
[2025-10-31T22:36:24.795+0700] {taskinstance.py:2644} INFO - Exporting env vars: AIRFLOW_CTX_DAG_OWNER='***' AIRFLOW_CTX_DAG_ID='absa_streaming_lifecycle_full' AIRFLOW_CTX_TASK_ID='retrain_model' AIRFLOW_CTX_EXECUTION_DATE='2025-10-31T15:36:23.408791+00:00' AIRFLOW_CTX_TRY_NUMBER='1' AIRFLOW_CTX_DAG_RUN_ID='manual__2025-10-31T15:36:23.408791+00:00'
[2025-10-31T22:36:24.797+0700] {taskinstance.py:430} INFO - ::endgroup::
[2025-10-31T22:36:24.797+0700] {subprocess.py:63} INFO - Tmp dir root location: /tmp
[2025-10-31T22:36:24.798+0700] {subprocess.py:75} INFO - Running command: ['/usr/bin/bash', '-c', "echo '[Train] Starting ABSA retraining...'; python3 /opt/***/projects/absa_streaming/scripts/train_retrain.py --output /opt/***/projects/absa_streaming/models/candidate_absa.pt --eval-log /opt/***/projects/absa_streaming/models/eval_result.json; echo '[Train] Done.'"]
[2025-10-31T22:36:24.810+0700] {subprocess.py:86} INFO - Output:
[2025-10-31T22:36:24.812+0700] {subprocess.py:93} INFO - [Train] Starting ABSA retraining...
[2025-10-31T22:36:29.915+0700] {subprocess.py:93} INFO - 🧠 [train_retrain.py] Starting mock retraining...
[2025-10-31T22:36:29.916+0700] {subprocess.py:93} INFO - ✅ [train_retrain.py] Done retraining. new_acc=0.858, best_acc=0.83
[2025-10-31T22:36:29.916+0700] {subprocess.py:93} INFO - 📦 Model saved at: /opt/***/projects/absa_streaming/models/candidate_absa.pt
[2025-10-31T22:36:29.916+0700] {subprocess.py:93} INFO - 📊 Eval log saved at: /opt/***/projects/absa_streaming/models/eval_result.json
[2025-10-31T22:36:29.920+0700] {subprocess.py:93} INFO - [Train] Done.
[2025-10-31T22:36:29.920+0700] {subprocess.py:97} INFO - Command exited with return code 0
[2025-10-31T22:36:29.921+0700] {taskinstance.py:441} INFO - ::group::Post task execution logs
[2025-10-31T22:36:29.942+0700] {taskinstance.py:1205} INFO - Marking task as SUCCESS. dag_id=absa_streaming_lifecycle_full, task_id=retrain_model, execution_date=20251031T153623, start_date=20251031T153624, end_date=20251031T153629
[2025-10-31T22:36:29.959+0700] {local_task_job_runner.py:240} INFO - Task exited with return code 0
[2025-10-31T22:36:29.975+0700] {taskinstance.py:3482} INFO - 1 downstream tasks scheduled from follow-on schedule check
[2025-10-31T22:36:29.976+0700] {local_task_job_runner.py:222} INFO - ::endgroup::
