[2025-10-31T23:00:01.289+0700] {local_task_job_runner.py:120} INFO - ::group::Pre task execution logs
[2025-10-31T23:00:01.306+0700] {taskinstance.py:2073} INFO - Dependencies all met for dep_context=non-requeueable deps ti=<TaskInstance: vehicle_pipeline_new_dag.start_vehicle_producer_cam1 scheduled__2025-10-31T15:00:00+00:00 [queued]>
[2025-10-31T23:00:01.311+0700] {taskinstance.py:2073} INFO - Dependencies all met for dep_context=requeueable deps ti=<TaskInstance: vehicle_pipeline_new_dag.start_vehicle_producer_cam1 scheduled__2025-10-31T15:00:00+00:00 [queued]>
[2025-10-31T23:00:01.311+0700] {taskinstance.py:2303} INFO - Starting attempt 1 of 3
[2025-10-31T23:00:01.317+0700] {taskinstance.py:2327} INFO - Executing <Task(BashOperator): start_vehicle_producer_cam1> on 2025-10-31 15:00:00+00:00
[2025-10-31T23:00:01.323+0700] {warnings.py:110} WARNING - /home/***/.local/lib/python3.12/site-packages/***/task/task_runner/standard_task_runner.py:61: DeprecationWarning: This process (pid=1805) is multi-threaded, use of fork() may lead to deadlocks in the child.
  pid = os.fork()

[2025-10-31T23:00:01.325+0700] {standard_task_runner.py:63} INFO - Started process 1816 to run task
[2025-10-31T23:00:01.326+0700] {standard_task_runner.py:90} INFO - Running: ['***', 'tasks', 'run', 'vehicle_pipeline_new_dag', 'start_vehicle_producer_cam1', 'scheduled__2025-10-31T15:00:00+00:00', '--job-id', '387', '--raw', '--subdir', 'DAGS_FOLDER/vehicel_pipeline_new_dag.py', '--cfg-path', '/tmp/tmp8tmxt_b7']
[2025-10-31T23:00:01.329+0700] {standard_task_runner.py:91} INFO - Job 387: Subtask start_vehicle_producer_cam1
[2025-10-31T23:00:01.391+0700] {task_command.py:426} INFO - Running <TaskInstance: vehicle_pipeline_new_dag.start_vehicle_producer_cam1 scheduled__2025-10-31T15:00:00+00:00 [running]> on host f7bb1ad77e89
[2025-10-31T23:00:01.468+0700] {taskinstance.py:2644} INFO - Exporting env vars: AIRFLOW_CTX_DAG_OWNER='***' AIRFLOW_CTX_DAG_ID='vehicle_pipeline_new_dag' AIRFLOW_CTX_TASK_ID='start_vehicle_producer_cam1' AIRFLOW_CTX_EXECUTION_DATE='2025-10-31T15:00:00+00:00' AIRFLOW_CTX_TRY_NUMBER='1' AIRFLOW_CTX_DAG_RUN_ID='scheduled__2025-10-31T15:00:00+00:00'
[2025-10-31T23:00:01.470+0700] {taskinstance.py:430} INFO - ::endgroup::
[2025-10-31T23:00:01.471+0700] {subprocess.py:63} INFO - Tmp dir root location: /tmp
[2025-10-31T23:00:01.471+0700] {subprocess.py:75} INFO - Running command: ['/usr/bin/bash', '-c', 'bash -c "timeout 45m bash /opt/***/projects/vehicle_count/scripts/run_producer_cam1.sh"']
[2025-10-31T23:00:01.483+0700] {subprocess.py:86} INFO - Output:
[2025-10-31T23:00:01.494+0700] {subprocess.py:93} INFO - [Producer-CAM1] 🚗 Starting Vehicle Kafka Producer (Camera 1)...
[2025-10-31T23:00:01.530+0700] {subprocess.py:93} INFO - Traceback (most recent call last):
[2025-10-31T23:00:01.531+0700] {subprocess.py:93} INFO -   File "/opt/***/projects/vehicle_count/scripts/vehicle_producer_single.py", line 13, in <module>
[2025-10-31T23:00:01.531+0700] {subprocess.py:93} INFO -     import cv2
[2025-10-31T23:00:01.531+0700] {subprocess.py:93} INFO - ModuleNotFoundError: No module named 'cv2'
[2025-10-31T23:00:01.535+0700] {subprocess.py:97} INFO - Command exited with return code 1
[2025-10-31T23:00:01.535+0700] {taskinstance.py:441} INFO - ::group::Post task execution logs
[2025-10-31T23:00:01.547+0700] {taskinstance.py:2890} ERROR - Task failed with exception
Traceback (most recent call last):
  File "/home/airflow/.local/lib/python3.12/site-packages/airflow/models/taskinstance.py", line 460, in _execute_task
    result = _execute_callable(context=context, **execute_callable_kwargs)
             ^^^^^^^^^^^^^^^^^^^^^^^^^^^^^^^^^^^^^^^^^^^^^^^^^^^^^^^^^^^^^
  File "/home/airflow/.local/lib/python3.12/site-packages/airflow/models/taskinstance.py", line 432, in _execute_callable
    return execute_callable(context=context, **execute_callable_kwargs)
           ^^^^^^^^^^^^^^^^^^^^^^^^^^^^^^^^^^^^^^^^^^^^^^^^^^^^^^^^^^^^
  File "/home/airflow/.local/lib/python3.12/site-packages/airflow/models/baseoperator.py", line 400, in wrapper
    return func(self, *args, **kwargs)
           ^^^^^^^^^^^^^^^^^^^^^^^^^^^
  File "/home/airflow/.local/lib/python3.12/site-packages/airflow/operators/bash.py", line 243, in execute
    raise AirflowException(
airflow.exceptions.AirflowException: Bash command failed. The command returned a non-zero exit code 1.
[2025-10-31T23:00:01.550+0700] {taskinstance.py:1205} INFO - Marking task as UP_FOR_RETRY. dag_id=vehicle_pipeline_new_dag, task_id=start_vehicle_producer_cam1, execution_date=20251031T150000, start_date=20251031T160001, end_date=20251031T160001
[2025-10-31T23:00:01.558+0700] {standard_task_runner.py:110} ERROR - Failed to execute job 387 for task start_vehicle_producer_cam1 (Bash command failed. The command returned a non-zero exit code 1.; 1816)
[2025-10-31T23:00:01.579+0700] {local_task_job_runner.py:240} INFO - Task exited with return code 1
[2025-10-31T23:00:01.597+0700] {taskinstance.py:3482} INFO - 0 downstream tasks scheduled from follow-on schedule check
[2025-10-31T23:00:01.598+0700] {local_task_job_runner.py:222} INFO - ::endgroup::
[2025-10-31T23:20:30.709+0700] {local_task_job_runner.py:120} INFO - ::group::Pre task execution logs
[2025-10-31T23:20:30.724+0700] {taskinstance.py:2073} INFO - Dependencies all met for dep_context=non-requeueable deps ti=<TaskInstance: vehicle_pipeline_new_dag.start_vehicle_producer_cam1 scheduled__2025-10-31T15:00:00+00:00 [queued]>
[2025-10-31T23:20:30.729+0700] {taskinstance.py:2073} INFO - Dependencies all met for dep_context=requeueable deps ti=<TaskInstance: vehicle_pipeline_new_dag.start_vehicle_producer_cam1 scheduled__2025-10-31T15:00:00+00:00 [queued]>
[2025-10-31T23:20:30.729+0700] {taskinstance.py:2303} INFO - Starting attempt 1 of 3
[2025-10-31T23:20:30.736+0700] {taskinstance.py:2327} INFO - Executing <Task(BashOperator): start_vehicle_producer_cam1> on 2025-10-31 15:00:00+00:00
[2025-10-31T23:20:30.741+0700] {warnings.py:110} WARNING - /home/***/.local/lib/python3.12/site-packages/***/task/task_runner/standard_task_runner.py:61: DeprecationWarning: This process (pid=2604) is multi-threaded, use of fork() may lead to deadlocks in the child.
  pid = os.fork()

[2025-10-31T23:20:30.742+0700] {standard_task_runner.py:63} INFO - Started process 2610 to run task
[2025-10-31T23:20:30.744+0700] {standard_task_runner.py:90} INFO - Running: ['***', 'tasks', 'run', 'vehicle_pipeline_new_dag', 'start_vehicle_producer_cam1', 'scheduled__2025-10-31T15:00:00+00:00', '--job-id', '444', '--raw', '--subdir', 'DAGS_FOLDER/vehicel_pipeline_new_dag.py', '--cfg-path', '/tmp/tmp4y7jmo7i']
[2025-10-31T23:20:30.747+0700] {standard_task_runner.py:91} INFO - Job 444: Subtask start_vehicle_producer_cam1
[2025-10-31T23:20:30.788+0700] {task_command.py:426} INFO - Running <TaskInstance: vehicle_pipeline_new_dag.start_vehicle_producer_cam1 scheduled__2025-10-31T15:00:00+00:00 [running]> on host f7bb1ad77e89
[2025-10-31T23:20:30.851+0700] {taskinstance.py:2644} INFO - Exporting env vars: AIRFLOW_CTX_DAG_OWNER='***' AIRFLOW_CTX_DAG_ID='vehicle_pipeline_new_dag' AIRFLOW_CTX_TASK_ID='start_vehicle_producer_cam1' AIRFLOW_CTX_EXECUTION_DATE='2025-10-31T15:00:00+00:00' AIRFLOW_CTX_TRY_NUMBER='1' AIRFLOW_CTX_DAG_RUN_ID='scheduled__2025-10-31T15:00:00+00:00'
[2025-10-31T23:20:30.853+0700] {taskinstance.py:430} INFO - ::endgroup::
[2025-10-31T23:20:30.853+0700] {subprocess.py:63} INFO - Tmp dir root location: /tmp
[2025-10-31T23:20:30.854+0700] {subprocess.py:75} INFO - Running command: ['/usr/bin/bash', '-c', 'bash -c "timeout 45m bash /opt/***/projects/vehicle_count/scripts/run_producer_cam1.sh"']
[2025-10-31T23:20:30.865+0700] {subprocess.py:86} INFO - Output:
[2025-10-31T23:20:30.876+0700] {subprocess.py:93} INFO - [Producer-CAM1] 🚗 Starting Vehicle Kafka Producer (Camera 1)...
[2025-10-31T23:20:30.907+0700] {subprocess.py:93} INFO - Traceback (most recent call last):
[2025-10-31T23:20:30.908+0700] {subprocess.py:93} INFO -   File "/opt/***/projects/vehicle_count/scripts/vehicle_producer_single.py", line 13, in <module>
[2025-10-31T23:20:30.908+0700] {subprocess.py:93} INFO -     import cv2
[2025-10-31T23:20:30.909+0700] {subprocess.py:93} INFO - ModuleNotFoundError: No module named 'cv2'
[2025-10-31T23:20:30.911+0700] {subprocess.py:97} INFO - Command exited with return code 1
[2025-10-31T23:20:30.912+0700] {taskinstance.py:441} INFO - ::group::Post task execution logs
[2025-10-31T23:20:30.923+0700] {taskinstance.py:2890} ERROR - Task failed with exception
Traceback (most recent call last):
  File "/home/airflow/.local/lib/python3.12/site-packages/airflow/models/taskinstance.py", line 460, in _execute_task
    result = _execute_callable(context=context, **execute_callable_kwargs)
             ^^^^^^^^^^^^^^^^^^^^^^^^^^^^^^^^^^^^^^^^^^^^^^^^^^^^^^^^^^^^^
  File "/home/airflow/.local/lib/python3.12/site-packages/airflow/models/taskinstance.py", line 432, in _execute_callable
    return execute_callable(context=context, **execute_callable_kwargs)
           ^^^^^^^^^^^^^^^^^^^^^^^^^^^^^^^^^^^^^^^^^^^^^^^^^^^^^^^^^^^^
  File "/home/airflow/.local/lib/python3.12/site-packages/airflow/models/baseoperator.py", line 400, in wrapper
    return func(self, *args, **kwargs)
           ^^^^^^^^^^^^^^^^^^^^^^^^^^^
  File "/home/airflow/.local/lib/python3.12/site-packages/airflow/operators/bash.py", line 243, in execute
    raise AirflowException(
airflow.exceptions.AirflowException: Bash command failed. The command returned a non-zero exit code 1.
[2025-10-31T23:20:30.927+0700] {taskinstance.py:1205} INFO - Marking task as UP_FOR_RETRY. dag_id=vehicle_pipeline_new_dag, task_id=start_vehicle_producer_cam1, execution_date=20251031T150000, start_date=20251031T162030, end_date=20251031T162030
[2025-10-31T23:20:30.935+0700] {standard_task_runner.py:110} ERROR - Failed to execute job 444 for task start_vehicle_producer_cam1 (Bash command failed. The command returned a non-zero exit code 1.; 2610)
[2025-10-31T23:20:30.956+0700] {local_task_job_runner.py:240} INFO - Task exited with return code 1
[2025-10-31T23:20:30.978+0700] {taskinstance.py:3482} INFO - 0 downstream tasks scheduled from follow-on schedule check
[2025-10-31T23:20:30.979+0700] {local_task_job_runner.py:222} INFO - ::endgroup::
