[2025-10-31T23:33:02.813+0700] {local_task_job_runner.py:120} INFO - ::group::Pre task execution logs
[2025-10-31T23:33:02.828+0700] {taskinstance.py:2073} INFO - Dependencies all met for dep_context=non-requeueable deps ti=<TaskInstance: vehicle_pipeline_new_dag.monitor_vehicle_stream manual__2025-10-31T16:20:34.210157+00:00 [queued]>
[2025-10-31T23:33:02.831+0700] {taskinstance.py:2073} INFO - Dependencies all met for dep_context=requeueable deps ti=<TaskInstance: vehicle_pipeline_new_dag.monitor_vehicle_stream manual__2025-10-31T16:20:34.210157+00:00 [queued]>
[2025-10-31T23:33:02.832+0700] {taskinstance.py:2303} INFO - Starting attempt 2 of 4
[2025-10-31T23:33:02.838+0700] {taskinstance.py:2327} INFO - Executing <Task(PythonOperator): monitor_vehicle_stream> on 2025-10-31 16:20:34.210157+00:00
[2025-10-31T23:33:02.845+0700] {warnings.py:110} WARNING - /home/***/.local/lib/python3.12/site-packages/***/task/task_runner/standard_task_runner.py:61: DeprecationWarning: This process (pid=5348) is multi-threaded, use of fork() may lead to deadlocks in the child.
  pid = os.fork()

[2025-10-31T23:33:02.846+0700] {standard_task_runner.py:63} INFO - Started process 5350 to run task
[2025-10-31T23:33:02.848+0700] {standard_task_runner.py:90} INFO - Running: ['***', 'tasks', 'run', 'vehicle_pipeline_new_dag', 'monitor_vehicle_stream', 'manual__2025-10-31T16:20:34.210157+00:00', '--job-id', '495', '--raw', '--subdir', 'DAGS_FOLDER/vehicel_pipeline_new_dag.py', '--cfg-path', '/tmp/tmpwfg_i2ry']
[2025-10-31T23:33:02.850+0700] {standard_task_runner.py:91} INFO - Job 495: Subtask monitor_vehicle_stream
[2025-10-31T23:33:02.886+0700] {task_command.py:426} INFO - Running <TaskInstance: vehicle_pipeline_new_dag.monitor_vehicle_stream manual__2025-10-31T16:20:34.210157+00:00 [running]> on host f7bb1ad77e89
[2025-10-31T23:33:02.940+0700] {taskinstance.py:2644} INFO - Exporting env vars: AIRFLOW_CTX_DAG_OWNER='***' AIRFLOW_CTX_DAG_ID='vehicle_pipeline_new_dag' AIRFLOW_CTX_TASK_ID='monitor_vehicle_stream' AIRFLOW_CTX_EXECUTION_DATE='2025-10-31T16:20:34.210157+00:00' AIRFLOW_CTX_TRY_NUMBER='2' AIRFLOW_CTX_DAG_RUN_ID='manual__2025-10-31T16:20:34.210157+00:00'
[2025-10-31T23:33:02.941+0700] {taskinstance.py:430} INFO - ::endgroup::
[2025-10-31T23:33:02.942+0700] {logging_mixin.py:188} INFO - [Monitor] Checking vehicle streaming checkpoint...
[2025-10-31T23:33:02.942+0700] {logging_mixin.py:188} INFO - [Monitor] No checkpoint found. Possibly failed or cleaned.
[2025-10-31T23:33:02.942+0700] {python.py:237} INFO - Done. Returned value was: None
[2025-10-31T23:33:02.942+0700] {taskinstance.py:441} INFO - ::group::Post task execution logs
[2025-10-31T23:33:02.949+0700] {taskinstance.py:1205} INFO - Marking task as SUCCESS. dag_id=vehicle_pipeline_new_dag, task_id=monitor_vehicle_stream, execution_date=20251031T162034, start_date=20251031T163302, end_date=20251031T163302
[2025-10-31T23:33:02.982+0700] {local_task_job_runner.py:240} INFO - Task exited with return code 0
[2025-10-31T23:33:02.996+0700] {taskinstance.py:3482} INFO - 1 downstream tasks scheduled from follow-on schedule check
[2025-10-31T23:33:02.997+0700] {local_task_job_runner.py:222} INFO - ::endgroup::
