[2025-10-31T23:45:38.173+0700] {local_task_job_runner.py:120} INFO - ::group::Pre task execution logs
[2025-10-31T23:45:38.191+0700] {taskinstance.py:2073} INFO - Dependencies all met for dep_context=non-requeueable deps ti=<TaskInstance: vehicle_pipeline_new_dag.monitor_vehicle_stream manual__2025-10-31T16:20:34.210157+00:00 [queued]>
[2025-10-31T23:45:38.196+0700] {taskinstance.py:2073} INFO - Dependencies all met for dep_context=requeueable deps ti=<TaskInstance: vehicle_pipeline_new_dag.monitor_vehicle_stream manual__2025-10-31T16:20:34.210157+00:00 [queued]>
[2025-10-31T23:45:38.196+0700] {taskinstance.py:2303} INFO - Starting attempt 3 of 5
[2025-10-31T23:45:38.207+0700] {taskinstance.py:2327} INFO - Executing <Task(PythonOperator): monitor_vehicle_stream> on 2025-10-31 16:20:34.210157+00:00
[2025-10-31T23:45:38.214+0700] {warnings.py:110} WARNING - /home/***/.local/lib/python3.12/site-packages/***/task/task_runner/standard_task_runner.py:61: DeprecationWarning: This process (pid=7526) is multi-threaded, use of fork() may lead to deadlocks in the child.
  pid = os.fork()

[2025-10-31T23:45:38.215+0700] {standard_task_runner.py:63} INFO - Started process 7528 to run task
[2025-10-31T23:45:38.217+0700] {standard_task_runner.py:90} INFO - Running: ['***', 'tasks', 'run', 'vehicle_pipeline_new_dag', 'monitor_vehicle_stream', 'manual__2025-10-31T16:20:34.210157+00:00', '--job-id', '503', '--raw', '--subdir', 'DAGS_FOLDER/vehicel_pipeline_new_dag.py', '--cfg-path', '/tmp/tmpbsasvq7j']
[2025-10-31T23:45:38.220+0700] {standard_task_runner.py:91} INFO - Job 503: Subtask monitor_vehicle_stream
[2025-10-31T23:45:38.262+0700] {task_command.py:426} INFO - Running <TaskInstance: vehicle_pipeline_new_dag.monitor_vehicle_stream manual__2025-10-31T16:20:34.210157+00:00 [running]> on host f7bb1ad77e89
[2025-10-31T23:45:38.328+0700] {taskinstance.py:2644} INFO - Exporting env vars: AIRFLOW_CTX_DAG_OWNER='***' AIRFLOW_CTX_DAG_ID='vehicle_pipeline_new_dag' AIRFLOW_CTX_TASK_ID='monitor_vehicle_stream' AIRFLOW_CTX_EXECUTION_DATE='2025-10-31T16:20:34.210157+00:00' AIRFLOW_CTX_TRY_NUMBER='3' AIRFLOW_CTX_DAG_RUN_ID='manual__2025-10-31T16:20:34.210157+00:00'
[2025-10-31T23:45:38.329+0700] {taskinstance.py:430} INFO - ::endgroup::
[2025-10-31T23:45:38.330+0700] {logging_mixin.py:188} INFO - [Monitor] Checking vehicle streaming checkpoint...
[2025-10-31T23:45:38.330+0700] {logging_mixin.py:188} INFO - [Monitor] No checkpoint found. Possibly failed or cleaned.
[2025-10-31T23:45:38.330+0700] {python.py:237} INFO - Done. Returned value was: None
[2025-10-31T23:45:38.331+0700] {taskinstance.py:441} INFO - ::group::Post task execution logs
[2025-10-31T23:45:38.339+0700] {taskinstance.py:1205} INFO - Marking task as SUCCESS. dag_id=vehicle_pipeline_new_dag, task_id=monitor_vehicle_stream, execution_date=20251031T162034, start_date=20251031T164538, end_date=20251031T164538
[2025-10-31T23:45:38.391+0700] {local_task_job_runner.py:240} INFO - Task exited with return code 0
[2025-10-31T23:45:38.405+0700] {taskinstance.py:3482} INFO - 1 downstream tasks scheduled from follow-on schedule check
[2025-10-31T23:45:38.406+0700] {local_task_job_runner.py:222} INFO - ::endgroup::
