[2025-10-31T23:02:52.724+0700] {local_task_job_runner.py:120} INFO - ::group::Pre task execution logs
[2025-10-31T23:02:52.740+0700] {taskinstance.py:2073} INFO - Dependencies all met for dep_context=non-requeueable deps ti=<TaskInstance: absa_streaming_lifecycle_full.deploy_producer scheduled__2025-10-31T14:00:00+00:00 [queued]>
[2025-10-31T23:02:52.743+0700] {taskinstance.py:2073} INFO - Dependencies all met for dep_context=requeueable deps ti=<TaskInstance: absa_streaming_lifecycle_full.deploy_producer scheduled__2025-10-31T14:00:00+00:00 [queued]>
[2025-10-31T23:02:52.743+0700] {taskinstance.py:2303} INFO - Starting attempt 3 of 3
[2025-10-31T23:02:52.749+0700] {taskinstance.py:2327} INFO - Executing <Task(BashOperator): deploy_producer> on 2025-10-31 14:00:00+00:00
[2025-10-31T23:02:52.754+0700] {warnings.py:110} WARNING - /home/***/.local/lib/python3.12/site-packages/***/task/task_runner/standard_task_runner.py:61: DeprecationWarning: This process (pid=2003) is multi-threaded, use of fork() may lead to deadlocks in the child.
  pid = os.fork()

[2025-10-31T23:02:52.755+0700] {standard_task_runner.py:63} INFO - Started process 2007 to run task
[2025-10-31T23:02:52.764+0700] {standard_task_runner.py:90} INFO - Running: ['***', 'tasks', 'run', 'absa_streaming_lifecycle_full', 'deploy_producer', 'scheduled__2025-10-31T14:00:00+00:00', '--job-id', '413', '--raw', '--subdir', 'DAGS_FOLDER/absa_streaming_lifecycle_full.py', '--cfg-path', '/tmp/tmpomiejuso']
[2025-10-31T23:02:52.767+0700] {standard_task_runner.py:91} INFO - Job 413: Subtask deploy_producer
[2025-10-31T23:02:52.805+0700] {task_command.py:426} INFO - Running <TaskInstance: absa_streaming_lifecycle_full.deploy_producer scheduled__2025-10-31T14:00:00+00:00 [running]> on host f7bb1ad77e89
[2025-10-31T23:02:52.861+0700] {taskinstance.py:2644} INFO - Exporting env vars: AIRFLOW_CTX_DAG_OWNER='***' AIRFLOW_CTX_DAG_ID='absa_streaming_lifecycle_full' AIRFLOW_CTX_TASK_ID='deploy_producer' AIRFLOW_CTX_EXECUTION_DATE='2025-10-31T14:00:00+00:00' AIRFLOW_CTX_TRY_NUMBER='3' AIRFLOW_CTX_DAG_RUN_ID='scheduled__2025-10-31T14:00:00+00:00'
[2025-10-31T23:02:52.863+0700] {taskinstance.py:430} INFO - ::endgroup::
[2025-10-31T23:02:52.863+0700] {subprocess.py:63} INFO - Tmp dir root location: /tmp
[2025-10-31T23:02:52.864+0700] {subprocess.py:75} INFO - Running command: ['/usr/bin/bash', '-c', 'bash -c "timeout 45m bash /opt/***/projects/absa_streaming/scripts/run_producer.sh"']
[2025-10-31T23:02:52.875+0700] {subprocess.py:86} INFO - Output:
[2025-10-31T23:02:52.883+0700] {subprocess.py:93} INFO - [Producer] Starting Kafka Producer...
[2025-10-31T23:02:52.904+0700] {subprocess.py:93} INFO - Traceback (most recent call last):
[2025-10-31T23:02:52.904+0700] {subprocess.py:93} INFO -   File "/opt/***/projects/absa_streaming/scripts/producer.py", line 10, in <module>
[2025-10-31T23:02:52.905+0700] {subprocess.py:93} INFO -     from kafka import KafkaProducer
[2025-10-31T23:02:52.905+0700] {subprocess.py:93} INFO - ModuleNotFoundError: No module named 'kafka'
[2025-10-31T23:02:52.908+0700] {subprocess.py:97} INFO - Command exited with return code 1
[2025-10-31T23:02:52.908+0700] {taskinstance.py:441} INFO - ::group::Post task execution logs
[2025-10-31T23:02:52.918+0700] {taskinstance.py:2890} ERROR - Task failed with exception
Traceback (most recent call last):
  File "/home/airflow/.local/lib/python3.12/site-packages/airflow/models/taskinstance.py", line 460, in _execute_task
    result = _execute_callable(context=context, **execute_callable_kwargs)
             ^^^^^^^^^^^^^^^^^^^^^^^^^^^^^^^^^^^^^^^^^^^^^^^^^^^^^^^^^^^^^
  File "/home/airflow/.local/lib/python3.12/site-packages/airflow/models/taskinstance.py", line 432, in _execute_callable
    return execute_callable(context=context, **execute_callable_kwargs)
           ^^^^^^^^^^^^^^^^^^^^^^^^^^^^^^^^^^^^^^^^^^^^^^^^^^^^^^^^^^^^
  File "/home/airflow/.local/lib/python3.12/site-packages/airflow/models/baseoperator.py", line 400, in wrapper
    return func(self, *args, **kwargs)
           ^^^^^^^^^^^^^^^^^^^^^^^^^^^
  File "/home/airflow/.local/lib/python3.12/site-packages/airflow/operators/bash.py", line 243, in execute
    raise AirflowException(
airflow.exceptions.AirflowException: Bash command failed. The command returned a non-zero exit code 1.
[2025-10-31T23:02:52.921+0700] {taskinstance.py:1205} INFO - Marking task as FAILED. dag_id=absa_streaming_lifecycle_full, task_id=deploy_producer, execution_date=20251031T140000, start_date=20251031T160252, end_date=20251031T160252
[2025-10-31T23:02:52.928+0700] {standard_task_runner.py:110} ERROR - Failed to execute job 413 for task deploy_producer (Bash command failed. The command returned a non-zero exit code 1.; 2007)
[2025-10-31T23:02:52.970+0700] {local_task_job_runner.py:240} INFO - Task exited with return code 1
[2025-10-31T23:02:52.988+0700] {taskinstance.py:3482} INFO - 0 downstream tasks scheduled from follow-on schedule check
[2025-10-31T23:02:52.991+0700] {local_task_job_runner.py:222} INFO - ::endgroup::
