[2025-10-31T22:36:31.944+0700] {local_task_job_runner.py:120} INFO - ::group::Pre task execution logs
[2025-10-31T22:36:31.958+0700] {taskinstance.py:2073} INFO - Dependencies all met for dep_context=non-requeueable deps ti=<TaskInstance: absa_streaming_lifecycle_full.skip_update manual__2025-10-31T15:36:21.809479+00:00 [queued]>
[2025-10-31T22:36:31.962+0700] {taskinstance.py:2073} INFO - Dependencies all met for dep_context=requeueable deps ti=<TaskInstance: absa_streaming_lifecycle_full.skip_update manual__2025-10-31T15:36:21.809479+00:00 [queued]>
[2025-10-31T22:36:31.962+0700] {taskinstance.py:2303} INFO - Starting attempt 1 of 3
[2025-10-31T22:36:31.968+0700] {taskinstance.py:2327} INFO - Executing <Task(BashOperator): skip_update> on 2025-10-31 15:36:21.809479+00:00
[2025-10-31T22:36:31.973+0700] {warnings.py:110} WARNING - /home/***/.local/lib/python3.12/site-packages/***/task/task_runner/standard_task_runner.py:61: DeprecationWarning: This process (pid=1158) is multi-threaded, use of fork() may lead to deadlocks in the child.
  pid = os.fork()

[2025-10-31T22:36:31.974+0700] {standard_task_runner.py:63} INFO - Started process 1167 to run task
[2025-10-31T22:36:31.976+0700] {standard_task_runner.py:90} INFO - Running: ['***', 'tasks', 'run', 'absa_streaming_lifecycle_full', 'skip_update', 'manual__2025-10-31T15:36:21.809479+00:00', '--job-id', '325', '--raw', '--subdir', 'DAGS_FOLDER/absa_streaming_lifecycle_full.py', '--cfg-path', '/tmp/tmp0hnx796e']
[2025-10-31T22:36:31.978+0700] {standard_task_runner.py:91} INFO - Job 325: Subtask skip_update
[2025-10-31T22:36:32.021+0700] {task_command.py:426} INFO - Running <TaskInstance: absa_streaming_lifecycle_full.skip_update manual__2025-10-31T15:36:21.809479+00:00 [running]> on host f7bb1ad77e89
[2025-10-31T22:36:32.086+0700] {taskinstance.py:2644} INFO - Exporting env vars: AIRFLOW_CTX_DAG_OWNER='***' AIRFLOW_CTX_DAG_ID='absa_streaming_lifecycle_full' AIRFLOW_CTX_TASK_ID='skip_update' AIRFLOW_CTX_EXECUTION_DATE='2025-10-31T15:36:21.809479+00:00' AIRFLOW_CTX_TRY_NUMBER='1' AIRFLOW_CTX_DAG_RUN_ID='manual__2025-10-31T15:36:21.809479+00:00'
[2025-10-31T22:36:32.087+0700] {taskinstance.py:430} INFO - ::endgroup::
[2025-10-31T22:36:32.088+0700] {subprocess.py:63} INFO - Tmp dir root location: /tmp
[2025-10-31T22:36:32.088+0700] {subprocess.py:75} INFO - Running command: ['/usr/bin/bash', '-c', "echo '[Skip] Model not improved, keeping current version.'"]
[2025-10-31T22:36:32.101+0700] {subprocess.py:86} INFO - Output:
[2025-10-31T22:36:32.102+0700] {subprocess.py:93} INFO - [Skip] Model not improved, keeping current version.
[2025-10-31T22:36:32.103+0700] {subprocess.py:97} INFO - Command exited with return code 0
[2025-10-31T22:36:32.103+0700] {taskinstance.py:441} INFO - ::group::Post task execution logs
[2025-10-31T22:36:32.125+0700] {taskinstance.py:1205} INFO - Marking task as SUCCESS. dag_id=absa_streaming_lifecycle_full, task_id=skip_update, execution_date=20251031T153621, start_date=20251031T153631, end_date=20251031T153632
[2025-10-31T22:36:32.149+0700] {local_task_job_runner.py:240} INFO - Task exited with return code 0
[2025-10-31T22:36:32.163+0700] {taskinstance.py:3482} INFO - 0 downstream tasks scheduled from follow-on schedule check
[2025-10-31T22:36:32.164+0700] {local_task_job_runner.py:222} INFO - ::endgroup::
