[2025-10-31T22:35:08.109+0700] {local_task_job_runner.py:120} INFO - ::group::Pre task execution logs
[2025-10-31T22:35:08.127+0700] {taskinstance.py:2073} INFO - Dependencies all met for dep_context=non-requeueable deps ti=<TaskInstance: absa_streaming_lifecycle_full.deploy_producer manual__2025-10-31T15:35:06.939039+00:00 [queued]>
[2025-10-31T22:35:08.132+0700] {taskinstance.py:2073} INFO - Dependencies all met for dep_context=requeueable deps ti=<TaskInstance: absa_streaming_lifecycle_full.deploy_producer manual__2025-10-31T15:35:06.939039+00:00 [queued]>
[2025-10-31T22:35:08.132+0700] {taskinstance.py:2303} INFO - Starting attempt 1 of 3
[2025-10-31T22:35:08.140+0700] {taskinstance.py:2327} INFO - Executing <Task(BashOperator): deploy_producer> on 2025-10-31 15:35:06.939039+00:00
[2025-10-31T22:35:08.145+0700] {warnings.py:110} WARNING - /home/***/.local/lib/python3.12/site-packages/***/task/task_runner/standard_task_runner.py:61: DeprecationWarning: This process (pid=1032) is multi-threaded, use of fork() may lead to deadlocks in the child.
  pid = os.fork()

[2025-10-31T22:35:08.147+0700] {standard_task_runner.py:63} INFO - Started process 1038 to run task
[2025-10-31T22:35:08.148+0700] {standard_task_runner.py:90} INFO - Running: ['***', 'tasks', 'run', 'absa_streaming_lifecycle_full', 'deploy_producer', 'manual__2025-10-31T15:35:06.939039+00:00', '--job-id', '299', '--raw', '--subdir', 'DAGS_FOLDER/absa_streaming_lifecycle_full.py', '--cfg-path', '/tmp/tmp3pgqmz10']
[2025-10-31T22:35:08.151+0700] {standard_task_runner.py:91} INFO - Job 299: Subtask deploy_producer
[2025-10-31T22:35:08.193+0700] {task_command.py:426} INFO - Running <TaskInstance: absa_streaming_lifecycle_full.deploy_producer manual__2025-10-31T15:35:06.939039+00:00 [running]> on host f7bb1ad77e89
[2025-10-31T22:35:08.254+0700] {taskinstance.py:2644} INFO - Exporting env vars: AIRFLOW_CTX_DAG_OWNER='***' AIRFLOW_CTX_DAG_ID='absa_streaming_lifecycle_full' AIRFLOW_CTX_TASK_ID='deploy_producer' AIRFLOW_CTX_EXECUTION_DATE='2025-10-31T15:35:06.939039+00:00' AIRFLOW_CTX_TRY_NUMBER='1' AIRFLOW_CTX_DAG_RUN_ID='manual__2025-10-31T15:35:06.939039+00:00'
[2025-10-31T22:35:08.255+0700] {taskinstance.py:430} INFO - ::endgroup::
[2025-10-31T22:35:08.256+0700] {subprocess.py:63} INFO - Tmp dir root location: /tmp
[2025-10-31T22:35:08.256+0700] {subprocess.py:75} INFO - Running command: ['/usr/bin/bash', '-c', 'bash -c "timeout 45m /opt/***/projects/absa_streaming/scripts/run_producer.sh"']
[2025-10-31T22:35:08.267+0700] {subprocess.py:86} INFO - Output:
[2025-10-31T22:35:08.274+0700] {subprocess.py:93} INFO - timeout: failed to run command ‘/opt/***/projects/absa_streaming/scripts/run_producer.sh’: Permission denied
[2025-10-31T22:35:08.275+0700] {subprocess.py:97} INFO - Command exited with return code 126
[2025-10-31T22:35:08.275+0700] {taskinstance.py:441} INFO - ::group::Post task execution logs
[2025-10-31T22:35:08.285+0700] {taskinstance.py:2890} ERROR - Task failed with exception
Traceback (most recent call last):
  File "/home/airflow/.local/lib/python3.12/site-packages/airflow/models/taskinstance.py", line 460, in _execute_task
    result = _execute_callable(context=context, **execute_callable_kwargs)
             ^^^^^^^^^^^^^^^^^^^^^^^^^^^^^^^^^^^^^^^^^^^^^^^^^^^^^^^^^^^^^
  File "/home/airflow/.local/lib/python3.12/site-packages/airflow/models/taskinstance.py", line 432, in _execute_callable
    return execute_callable(context=context, **execute_callable_kwargs)
           ^^^^^^^^^^^^^^^^^^^^^^^^^^^^^^^^^^^^^^^^^^^^^^^^^^^^^^^^^^^^
  File "/home/airflow/.local/lib/python3.12/site-packages/airflow/models/baseoperator.py", line 400, in wrapper
    return func(self, *args, **kwargs)
           ^^^^^^^^^^^^^^^^^^^^^^^^^^^
  File "/home/airflow/.local/lib/python3.12/site-packages/airflow/operators/bash.py", line 243, in execute
    raise AirflowException(
airflow.exceptions.AirflowException: Bash command failed. The command returned a non-zero exit code 126.
[2025-10-31T22:35:08.288+0700] {taskinstance.py:1205} INFO - Marking task as UP_FOR_RETRY. dag_id=absa_streaming_lifecycle_full, task_id=deploy_producer, execution_date=20251031T153506, start_date=20251031T153508, end_date=20251031T153508
[2025-10-31T22:35:08.296+0700] {standard_task_runner.py:110} ERROR - Failed to execute job 299 for task deploy_producer (Bash command failed. The command returned a non-zero exit code 126.; 1038)
[2025-10-31T22:35:08.321+0700] {local_task_job_runner.py:240} INFO - Task exited with return code 1
[2025-10-31T22:35:08.337+0700] {taskinstance.py:3482} INFO - 0 downstream tasks scheduled from follow-on schedule check
[2025-10-31T22:35:08.338+0700] {local_task_job_runner.py:222} INFO - ::endgroup::
