[2025-10-31T23:27:54.015+0700] {local_task_job_runner.py:120} INFO - ::group::Pre task execution logs
[2025-10-31T23:27:54.029+0700] {taskinstance.py:2073} INFO - Dependencies all met for dep_context=non-requeueable deps ti=<TaskInstance: vehicle_pipeline_new_dag.start_vehicle_producer_cam1 manual__2025-10-31T16:20:34.210157+00:00 [queued]>
[2025-10-31T23:27:54.033+0700] {taskinstance.py:2073} INFO - Dependencies all met for dep_context=requeueable deps ti=<TaskInstance: vehicle_pipeline_new_dag.start_vehicle_producer_cam1 manual__2025-10-31T16:20:34.210157+00:00 [queued]>
[2025-10-31T23:27:54.033+0700] {taskinstance.py:2303} INFO - Starting attempt 5 of 7
[2025-10-31T23:27:54.039+0700] {taskinstance.py:2327} INFO - Executing <Task(BashOperator): start_vehicle_producer_cam1> on 2025-10-31 16:20:34.210157+00:00
[2025-10-31T23:27:54.045+0700] {warnings.py:110} WARNING - /home/***/.local/lib/python3.12/site-packages/***/task/task_runner/standard_task_runner.py:61: DeprecationWarning: This process (pid=4414) is multi-threaded, use of fork() may lead to deadlocks in the child.
  pid = os.fork()

[2025-10-31T23:27:54.046+0700] {standard_task_runner.py:63} INFO - Started process 4416 to run task
[2025-10-31T23:27:54.048+0700] {standard_task_runner.py:90} INFO - Running: ['***', 'tasks', 'run', 'vehicle_pipeline_new_dag', 'start_vehicle_producer_cam1', 'manual__2025-10-31T16:20:34.210157+00:00', '--job-id', '486', '--raw', '--subdir', 'DAGS_FOLDER/vehicel_pipeline_new_dag.py', '--cfg-path', '/tmp/tmpfa2hiswg']
[2025-10-31T23:27:54.050+0700] {standard_task_runner.py:91} INFO - Job 486: Subtask start_vehicle_producer_cam1
[2025-10-31T23:27:54.089+0700] {task_command.py:426} INFO - Running <TaskInstance: vehicle_pipeline_new_dag.start_vehicle_producer_cam1 manual__2025-10-31T16:20:34.210157+00:00 [running]> on host f7bb1ad77e89
[2025-10-31T23:27:54.152+0700] {taskinstance.py:2644} INFO - Exporting env vars: AIRFLOW_CTX_DAG_OWNER='***' AIRFLOW_CTX_DAG_ID='vehicle_pipeline_new_dag' AIRFLOW_CTX_TASK_ID='start_vehicle_producer_cam1' AIRFLOW_CTX_EXECUTION_DATE='2025-10-31T16:20:34.210157+00:00' AIRFLOW_CTX_TRY_NUMBER='5' AIRFLOW_CTX_DAG_RUN_ID='manual__2025-10-31T16:20:34.210157+00:00'
[2025-10-31T23:27:54.154+0700] {taskinstance.py:430} INFO - ::endgroup::
[2025-10-31T23:27:54.155+0700] {subprocess.py:63} INFO - Tmp dir root location: /tmp
[2025-10-31T23:27:54.156+0700] {subprocess.py:75} INFO - Running command: ['/usr/bin/bash', '-c', 'bash -c "timeout 45m bash /opt/***/projects/vehicle_count/scripts/run_producer_cam1.sh"']
[2025-10-31T23:27:54.167+0700] {subprocess.py:86} INFO - Output:
[2025-10-31T23:27:54.177+0700] {subprocess.py:93} INFO - [Producer-CAM1] 🚗 Starting Vehicle Kafka Producer (Camera 1)...
[2025-10-31T23:29:30.659+0700] {subprocess.py:93} INFO - [Producer-CAM_1] 🔌 Kết nối Kafka broker tại kafka:9092 ...
[2025-10-31T23:29:30.664+0700] {subprocess.py:93} INFO - [Producer-CAM_1] 🎥 Bắt đầu stream từ video1.mp4
[2025-10-31T23:29:30.664+0700] {subprocess.py:93} INFO - [Producer-CAM_1] ✅ Video video1.mp4 kết thúc (438 frames).
[2025-10-31T23:29:30.665+0700] {subprocess.py:93} INFO - [Producer-CAM_1] 📤 Gửi thành công 438 frames tới Kafka.
[2025-10-31T23:29:30.665+0700] {subprocess.py:93} INFO - [Producer-CAM_1] 🏁 Hoàn tất gửi dữ liệu.
[2025-10-31T23:29:30.721+0700] {subprocess.py:93} INFO - [Producer-CAM1] ✅ Completed successfully.
[2025-10-31T23:29:30.722+0700] {subprocess.py:97} INFO - Command exited with return code 0
[2025-10-31T23:29:30.723+0700] {taskinstance.py:441} INFO - ::group::Post task execution logs
[2025-10-31T23:29:30.758+0700] {taskinstance.py:1205} INFO - Marking task as SUCCESS. dag_id=vehicle_pipeline_new_dag, task_id=start_vehicle_producer_cam1, execution_date=20251031T162034, start_date=20251031T162754, end_date=20251031T162930
[2025-10-31T23:29:30.822+0700] {local_task_job_runner.py:240} INFO - Task exited with return code 0
[2025-10-31T23:29:30.846+0700] {taskinstance.py:3482} INFO - 0 downstream tasks scheduled from follow-on schedule check
[2025-10-31T23:29:30.847+0700] {local_task_job_runner.py:222} INFO - ::endgroup::
