[2025-11-01T00:00:01.967+0700] {local_task_job_runner.py:120} INFO - ::group::Pre task execution logs
[2025-11-01T00:00:01.992+0700] {taskinstance.py:2073} INFO - Dependencies all met for dep_context=non-requeueable deps ti=<TaskInstance: vehicle_pipeline_new_dag.start_vehicle_consumer scheduled__2025-10-31T16:00:00+00:00 [queued]>
[2025-11-01T00:00:01.999+0700] {taskinstance.py:2073} INFO - Dependencies all met for dep_context=requeueable deps ti=<TaskInstance: vehicle_pipeline_new_dag.start_vehicle_consumer scheduled__2025-10-31T16:00:00+00:00 [queued]>
[2025-11-01T00:00:02.000+0700] {taskinstance.py:2303} INFO - Starting attempt 1 of 3
[2025-11-01T00:00:02.008+0700] {taskinstance.py:2327} INFO - Executing <Task(BashOperator): start_vehicle_consumer> on 2025-10-31 16:00:00+00:00
[2025-11-01T00:00:02.017+0700] {warnings.py:110} WARNING - /home/***/.local/lib/python3.12/site-packages/***/task/task_runner/standard_task_runner.py:61: DeprecationWarning: This process (pid=18988) is multi-threaded, use of fork() may lead to deadlocks in the child.
  pid = os.fork()

[2025-11-01T00:00:02.019+0700] {standard_task_runner.py:63} INFO - Started process 19047 to run task
[2025-11-01T00:00:02.021+0700] {standard_task_runner.py:90} INFO - Running: ['***', 'tasks', 'run', 'vehicle_pipeline_new_dag', 'start_vehicle_consumer', 'scheduled__2025-10-31T16:00:00+00:00', '--job-id', '516', '--raw', '--subdir', 'DAGS_FOLDER/vehicel_pipeline_new_dag.py', '--cfg-path', '/tmp/tmp5lb9262o']
[2025-11-01T00:00:02.027+0700] {standard_task_runner.py:91} INFO - Job 516: Subtask start_vehicle_consumer
[2025-11-01T00:00:02.098+0700] {task_command.py:426} INFO - Running <TaskInstance: vehicle_pipeline_new_dag.start_vehicle_consumer scheduled__2025-10-31T16:00:00+00:00 [running]> on host f7bb1ad77e89
[2025-11-01T00:00:02.276+0700] {taskinstance.py:2644} INFO - Exporting env vars: AIRFLOW_CTX_DAG_OWNER='***' AIRFLOW_CTX_DAG_ID='vehicle_pipeline_new_dag' AIRFLOW_CTX_TASK_ID='start_vehicle_consumer' AIRFLOW_CTX_EXECUTION_DATE='2025-10-31T16:00:00+00:00' AIRFLOW_CTX_TRY_NUMBER='1' AIRFLOW_CTX_DAG_RUN_ID='scheduled__2025-10-31T16:00:00+00:00'
[2025-11-01T00:00:02.280+0700] {taskinstance.py:430} INFO - ::endgroup::
[2025-11-01T00:00:02.281+0700] {subprocess.py:63} INFO - Tmp dir root location: /tmp
[2025-11-01T00:00:02.285+0700] {subprocess.py:75} INFO - Running command: ['/usr/bin/bash', '-c', 'bash -c "timeout 45m bash /opt/***/projects/vehicle_count/scripts/run_consumer.sh"']
[2025-11-01T00:00:02.328+0700] {subprocess.py:86} INFO - Output:
[2025-11-01T00:00:02.356+0700] {subprocess.py:93} INFO - [Consumer] Starting Spark Structured Streaming job...
[2025-11-01T00:00:02.475+0700] {subprocess.py:93} INFO - /home/***/.local/lib/python3.12/site-packages/pyspark/bin/load-spark-env.sh: line 68: ps: command not found
[2025-11-01T00:00:03.364+0700] {subprocess.py:93} INFO - :: loading settings :: url = jar:file:/home/***/.local/lib/python3.12/site-packages/pyspark/jars/ivy-2.5.1.jar!/org/apache/ivy/core/settings/ivysettings.xml
[2025-11-01T00:00:03.397+0700] {subprocess.py:93} INFO - Ivy Default Cache set to: /home/***/.ivy2/cache
[2025-11-01T00:00:03.398+0700] {subprocess.py:93} INFO - The jars for the packages stored in: /home/***/.ivy2/jars
[2025-11-01T00:00:03.400+0700] {subprocess.py:93} INFO - org.apache.spark#spark-sql-kafka-0-10_2.12 added as a dependency
[2025-11-01T00:00:03.400+0700] {subprocess.py:93} INFO - org.postgresql#postgresql added as a dependency
[2025-11-01T00:00:03.400+0700] {subprocess.py:93} INFO - :: resolving dependencies :: org.apache.spark#spark-submit-parent-0f3d7ef6-8c08-4060-b98c-354b473d527b;1.0
[2025-11-01T00:00:03.401+0700] {subprocess.py:93} INFO - 	confs: [default]
[2025-11-01T00:00:03.490+0700] {subprocess.py:93} INFO - 	found org.apache.spark#spark-sql-kafka-0-10_2.12;3.5.1 in central
[2025-11-01T00:00:03.516+0700] {subprocess.py:93} INFO - 	found org.apache.spark#spark-token-provider-kafka-0-10_2.12;3.5.1 in central
[2025-11-01T00:00:03.528+0700] {subprocess.py:93} INFO - 	found org.apache.kafka#kafka-clients;3.4.1 in central
[2025-11-01T00:00:03.539+0700] {subprocess.py:93} INFO - 	found org.lz4#lz4-java;1.8.0 in central
[2025-11-01T00:00:03.548+0700] {subprocess.py:93} INFO - 	found org.xerial.snappy#snappy-java;1.1.10.3 in central
[2025-11-01T00:00:03.557+0700] {subprocess.py:93} INFO - 	found org.slf4j#slf4j-api;2.0.7 in central
[2025-11-01T00:00:03.571+0700] {subprocess.py:93} INFO - 	found org.apache.hadoop#hadoop-client-runtime;3.3.4 in central
[2025-11-01T00:00:03.589+0700] {subprocess.py:93} INFO - 	found org.apache.hadoop#hadoop-client-api;3.3.4 in central
[2025-11-01T00:00:03.603+0700] {subprocess.py:93} INFO - 	found commons-logging#commons-logging;1.1.3 in central
[2025-11-01T00:00:03.611+0700] {subprocess.py:93} INFO - 	found com.google.code.findbugs#jsr305;3.0.0 in spark-list
[2025-11-01T00:00:03.619+0700] {subprocess.py:93} INFO - 	found org.apache.commons#commons-pool2;2.11.1 in central
[2025-11-01T00:00:03.624+0700] {subprocess.py:93} INFO - 	found org.postgresql#postgresql;42.6.0 in central
[2025-11-01T00:00:03.630+0700] {subprocess.py:93} INFO - 	found org.checkerframework#checker-qual;3.31.0 in central
[2025-11-01T00:00:03.643+0700] {subprocess.py:93} INFO - :: resolution report :: resolve 235ms :: artifacts dl 8ms
[2025-11-01T00:00:03.643+0700] {subprocess.py:93} INFO - 	:: modules in use:
[2025-11-01T00:00:03.643+0700] {subprocess.py:93} INFO - 	com.google.code.findbugs#jsr305;3.0.0 from spark-list in [default]
[2025-11-01T00:00:03.644+0700] {subprocess.py:93} INFO - 	commons-logging#commons-logging;1.1.3 from central in [default]
[2025-11-01T00:00:03.644+0700] {subprocess.py:93} INFO - 	org.apache.commons#commons-pool2;2.11.1 from central in [default]
[2025-11-01T00:00:03.644+0700] {subprocess.py:93} INFO - 	org.apache.hadoop#hadoop-client-api;3.3.4 from central in [default]
[2025-11-01T00:00:03.644+0700] {subprocess.py:93} INFO - 	org.apache.hadoop#hadoop-client-runtime;3.3.4 from central in [default]
[2025-11-01T00:00:03.645+0700] {subprocess.py:93} INFO - 	org.apache.kafka#kafka-clients;3.4.1 from central in [default]
[2025-11-01T00:00:03.645+0700] {subprocess.py:93} INFO - 	org.apache.spark#spark-sql-kafka-0-10_2.12;3.5.1 from central in [default]
[2025-11-01T00:00:03.645+0700] {subprocess.py:93} INFO - 	org.apache.spark#spark-token-provider-kafka-0-10_2.12;3.5.1 from central in [default]
[2025-11-01T00:00:03.645+0700] {subprocess.py:93} INFO - 	org.checkerframework#checker-qual;3.31.0 from central in [default]
[2025-11-01T00:00:03.646+0700] {subprocess.py:93} INFO - 	org.lz4#lz4-java;1.8.0 from central in [default]
[2025-11-01T00:00:03.646+0700] {subprocess.py:93} INFO - 	org.postgresql#postgresql;42.6.0 from central in [default]
[2025-11-01T00:00:03.646+0700] {subprocess.py:93} INFO - 	org.slf4j#slf4j-api;2.0.7 from central in [default]
[2025-11-01T00:00:03.646+0700] {subprocess.py:93} INFO - 	org.xerial.snappy#snappy-java;1.1.10.3 from central in [default]
[2025-11-01T00:00:03.646+0700] {subprocess.py:93} INFO - 	---------------------------------------------------------------------
[2025-11-01T00:00:03.647+0700] {subprocess.py:93} INFO - 	|                  |            modules            ||   artifacts   |
[2025-11-01T00:00:03.647+0700] {subprocess.py:93} INFO - 	|       conf       | number| search|dwnlded|evicted|| number|dwnlded|
[2025-11-01T00:00:03.647+0700] {subprocess.py:93} INFO - 	---------------------------------------------------------------------
[2025-11-01T00:00:03.647+0700] {subprocess.py:93} INFO - 	|      default     |   13  |   0   |   0   |   0   ||   13  |   0   |
[2025-11-01T00:00:03.647+0700] {subprocess.py:93} INFO - 	---------------------------------------------------------------------
[2025-11-01T00:00:03.648+0700] {subprocess.py:93} INFO - 
[2025-11-01T00:00:03.648+0700] {subprocess.py:93} INFO - :: problems summary ::
[2025-11-01T00:00:03.648+0700] {subprocess.py:93} INFO - :::: ERRORS
[2025-11-01T00:00:03.648+0700] {subprocess.py:93} INFO - 	unknown resolver null
[2025-11-01T00:00:03.648+0700] {subprocess.py:93} INFO - 
[2025-11-01T00:00:03.648+0700] {subprocess.py:93} INFO - 	unknown resolver null
[2025-11-01T00:00:03.649+0700] {subprocess.py:93} INFO - 
[2025-11-01T00:00:03.649+0700] {subprocess.py:93} INFO - 
[2025-11-01T00:00:03.649+0700] {subprocess.py:93} INFO - :: USE VERBOSE OR DEBUG MESSAGE LEVEL FOR MORE DETAILS
[2025-11-01T00:00:03.649+0700] {subprocess.py:93} INFO - :: retrieving :: org.apache.spark#spark-submit-parent-0f3d7ef6-8c08-4060-b98c-354b473d527b
[2025-11-01T00:00:03.649+0700] {subprocess.py:93} INFO - 	confs: [default]
[2025-11-01T00:00:03.653+0700] {subprocess.py:93} INFO - 	0 artifacts copied, 13 already retrieved (0kB/5ms)
[2025-11-01T00:00:03.761+0700] {subprocess.py:93} INFO - 25/11/01 00:00:03 WARN NativeCodeLoader: Unable to load native-hadoop library for your platform... using builtin-java classes where applicable
[2025-11-01T00:00:07.107+0700] {subprocess.py:93} INFO - 25/11/01 00:00:07 INFO SparkContext: Running Spark version 3.5.1
[2025-11-01T00:00:07.108+0700] {subprocess.py:93} INFO - 25/11/01 00:00:07 INFO SparkContext: OS info Linux, 5.15.49-linuxkit, aarch64
[2025-11-01T00:00:07.108+0700] {subprocess.py:93} INFO - 25/11/01 00:00:07 INFO SparkContext: Java version 17.0.17
[2025-11-01T00:00:07.118+0700] {subprocess.py:93} INFO - 25/11/01 00:00:07 INFO ResourceUtils: ==============================================================
[2025-11-01T00:00:07.119+0700] {subprocess.py:93} INFO - 25/11/01 00:00:07 INFO ResourceUtils: No custom resources configured for spark.driver.
[2025-11-01T00:00:07.119+0700] {subprocess.py:93} INFO - 25/11/01 00:00:07 INFO ResourceUtils: ==============================================================
[2025-11-01T00:00:07.119+0700] {subprocess.py:93} INFO - 25/11/01 00:00:07 INFO SparkContext: Submitted application: VehicleStreamingConsumer
[2025-11-01T00:00:07.130+0700] {subprocess.py:93} INFO - 25/11/01 00:00:07 INFO ResourceProfile: Default ResourceProfile created, executor resources: Map(cores -> name: cores, amount: 1, script: , vendor: , memory -> name: memory, amount: 1024, script: , vendor: , offHeap -> name: offHeap, amount: 0, script: , vendor: ), task resources: Map(cpus -> name: cpus, amount: 1.0)
[2025-11-01T00:00:07.134+0700] {subprocess.py:93} INFO - 25/11/01 00:00:07 INFO ResourceProfile: Limiting resource is cpu
[2025-11-01T00:00:07.134+0700] {subprocess.py:93} INFO - 25/11/01 00:00:07 INFO ResourceProfileManager: Added ResourceProfile id: 0
[2025-11-01T00:00:07.156+0700] {subprocess.py:93} INFO - 25/11/01 00:00:07 INFO SecurityManager: Changing view acls to: ***
[2025-11-01T00:00:07.157+0700] {subprocess.py:93} INFO - 25/11/01 00:00:07 INFO SecurityManager: Changing modify acls to: ***
[2025-11-01T00:00:07.157+0700] {subprocess.py:93} INFO - 25/11/01 00:00:07 INFO SecurityManager: Changing view acls groups to:
[2025-11-01T00:00:07.157+0700] {subprocess.py:93} INFO - 25/11/01 00:00:07 INFO SecurityManager: Changing modify acls groups to:
[2025-11-01T00:00:07.157+0700] {subprocess.py:93} INFO - 25/11/01 00:00:07 INFO SecurityManager: SecurityManager: authentication disabled; ui acls disabled; users with view permissions: ***; groups with view permissions: EMPTY; users with modify permissions: ***; groups with modify permissions: EMPTY
[2025-11-01T00:00:07.257+0700] {subprocess.py:93} INFO - 25/11/01 00:00:07 INFO Utils: Successfully started service 'sparkDriver' on port 38565.
[2025-11-01T00:00:07.276+0700] {subprocess.py:93} INFO - 25/11/01 00:00:07 INFO SparkEnv: Registering MapOutputTracker
[2025-11-01T00:00:07.293+0700] {subprocess.py:93} INFO - 25/11/01 00:00:07 INFO SparkEnv: Registering BlockManagerMaster
[2025-11-01T00:00:07.301+0700] {subprocess.py:93} INFO - 25/11/01 00:00:07 INFO BlockManagerMasterEndpoint: Using org.apache.spark.storage.DefaultTopologyMapper for getting topology information
[2025-11-01T00:00:07.302+0700] {subprocess.py:93} INFO - 25/11/01 00:00:07 INFO BlockManagerMasterEndpoint: BlockManagerMasterEndpoint up
[2025-11-01T00:00:07.303+0700] {subprocess.py:93} INFO - 25/11/01 00:00:07 INFO SparkEnv: Registering BlockManagerMasterHeartbeat
[2025-11-01T00:00:07.314+0700] {subprocess.py:93} INFO - 25/11/01 00:00:07 INFO DiskBlockManager: Created local directory at /tmp/blockmgr-c74218f9-7d51-4ba6-a9aa-bbe679f5ada6
[2025-11-01T00:00:07.322+0700] {subprocess.py:93} INFO - 25/11/01 00:00:07 INFO MemoryStore: MemoryStore started with capacity 434.4 MiB
[2025-11-01T00:00:07.331+0700] {subprocess.py:93} INFO - 25/11/01 00:00:07 INFO SparkEnv: Registering OutputCommitCoordinator
[2025-11-01T00:00:07.393+0700] {subprocess.py:93} INFO - 25/11/01 00:00:07 INFO JettyUtils: Start Jetty 0.0.0.0:4040 for SparkUI
[2025-11-01T00:00:07.423+0700] {subprocess.py:93} INFO - 25/11/01 00:00:07 WARN Utils: Service 'SparkUI' could not bind on port 4040. Attempting port 4041.
[2025-11-01T00:00:07.424+0700] {subprocess.py:93} INFO - 25/11/01 00:00:07 WARN Utils: Service 'SparkUI' could not bind on port 4041. Attempting port 4042.
[2025-11-01T00:00:07.424+0700] {subprocess.py:93} INFO - 25/11/01 00:00:07 WARN Utils: Service 'SparkUI' could not bind on port 4042. Attempting port 4043.
[2025-11-01T00:00:07.428+0700] {subprocess.py:93} INFO - 25/11/01 00:00:07 INFO Utils: Successfully started service 'SparkUI' on port 4043.
[2025-11-01T00:00:07.444+0700] {subprocess.py:93} INFO - 25/11/01 00:00:07 INFO SparkContext: Added JAR file:///home/***/.ivy2/jars/org.apache.spark_spark-sql-kafka-0-10_2.12-3.5.1.jar at spark://f7bb1ad77e89:38565/jars/org.apache.spark_spark-sql-kafka-0-10_2.12-3.5.1.jar with timestamp 1761930007103
[2025-11-01T00:00:07.445+0700] {subprocess.py:93} INFO - 25/11/01 00:00:07 INFO SparkContext: Added JAR file:///home/***/.ivy2/jars/org.postgresql_postgresql-42.6.0.jar at spark://f7bb1ad77e89:38565/jars/org.postgresql_postgresql-42.6.0.jar with timestamp 1761930007103
[2025-11-01T00:00:07.445+0700] {subprocess.py:93} INFO - 25/11/01 00:00:07 INFO SparkContext: Added JAR file:///home/***/.ivy2/jars/org.apache.spark_spark-token-provider-kafka-0-10_2.12-3.5.1.jar at spark://f7bb1ad77e89:38565/jars/org.apache.spark_spark-token-provider-kafka-0-10_2.12-3.5.1.jar with timestamp 1761930007103
[2025-11-01T00:00:07.446+0700] {subprocess.py:93} INFO - 25/11/01 00:00:07 INFO SparkContext: Added JAR file:///home/***/.ivy2/jars/org.apache.kafka_kafka-clients-3.4.1.jar at spark://f7bb1ad77e89:38565/jars/org.apache.kafka_kafka-clients-3.4.1.jar with timestamp 1761930007103
[2025-11-01T00:00:07.446+0700] {subprocess.py:93} INFO - 25/11/01 00:00:07 INFO SparkContext: Added JAR file:///home/***/.ivy2/jars/com.google.code.findbugs_jsr305-3.0.0.jar at spark://f7bb1ad77e89:38565/jars/com.google.code.findbugs_jsr305-3.0.0.jar with timestamp 1761930007103
[2025-11-01T00:00:07.446+0700] {subprocess.py:93} INFO - 25/11/01 00:00:07 INFO SparkContext: Added JAR file:///home/***/.ivy2/jars/org.apache.commons_commons-pool2-2.11.1.jar at spark://f7bb1ad77e89:38565/jars/org.apache.commons_commons-pool2-2.11.1.jar with timestamp 1761930007103
[2025-11-01T00:00:07.446+0700] {subprocess.py:93} INFO - 25/11/01 00:00:07 INFO SparkContext: Added JAR file:///home/***/.ivy2/jars/org.apache.hadoop_hadoop-client-runtime-3.3.4.jar at spark://f7bb1ad77e89:38565/jars/org.apache.hadoop_hadoop-client-runtime-3.3.4.jar with timestamp 1761930007103
[2025-11-01T00:00:07.446+0700] {subprocess.py:93} INFO - 25/11/01 00:00:07 INFO SparkContext: Added JAR file:///home/***/.ivy2/jars/org.lz4_lz4-java-1.8.0.jar at spark://f7bb1ad77e89:38565/jars/org.lz4_lz4-java-1.8.0.jar with timestamp 1761930007103
[2025-11-01T00:00:07.447+0700] {subprocess.py:93} INFO - 25/11/01 00:00:07 INFO SparkContext: Added JAR file:///home/***/.ivy2/jars/org.xerial.snappy_snappy-java-1.1.10.3.jar at spark://f7bb1ad77e89:38565/jars/org.xerial.snappy_snappy-java-1.1.10.3.jar with timestamp 1761930007103
[2025-11-01T00:00:07.447+0700] {subprocess.py:93} INFO - 25/11/01 00:00:07 INFO SparkContext: Added JAR file:///home/***/.ivy2/jars/org.slf4j_slf4j-api-2.0.7.jar at spark://f7bb1ad77e89:38565/jars/org.slf4j_slf4j-api-2.0.7.jar with timestamp 1761930007103
[2025-11-01T00:00:07.447+0700] {subprocess.py:93} INFO - 25/11/01 00:00:07 INFO SparkContext: Added JAR file:///home/***/.ivy2/jars/org.apache.hadoop_hadoop-client-api-3.3.4.jar at spark://f7bb1ad77e89:38565/jars/org.apache.hadoop_hadoop-client-api-3.3.4.jar with timestamp 1761930007103
[2025-11-01T00:00:07.447+0700] {subprocess.py:93} INFO - 25/11/01 00:00:07 INFO SparkContext: Added JAR file:///home/***/.ivy2/jars/commons-logging_commons-logging-1.1.3.jar at spark://f7bb1ad77e89:38565/jars/commons-logging_commons-logging-1.1.3.jar with timestamp 1761930007103
[2025-11-01T00:00:07.447+0700] {subprocess.py:93} INFO - 25/11/01 00:00:07 INFO SparkContext: Added JAR file:///home/***/.ivy2/jars/org.checkerframework_checker-qual-3.31.0.jar at spark://f7bb1ad77e89:38565/jars/org.checkerframework_checker-qual-3.31.0.jar with timestamp 1761930007103
[2025-11-01T00:00:07.448+0700] {subprocess.py:93} INFO - 25/11/01 00:00:07 INFO SparkContext: Added file file:///home/***/.ivy2/jars/org.apache.spark_spark-sql-kafka-0-10_2.12-3.5.1.jar at file:///home/***/.ivy2/jars/org.apache.spark_spark-sql-kafka-0-10_2.12-3.5.1.jar with timestamp 1761930007103
[2025-11-01T00:00:07.448+0700] {subprocess.py:93} INFO - 25/11/01 00:00:07 INFO Utils: Copying /home/***/.ivy2/jars/org.apache.spark_spark-sql-kafka-0-10_2.12-3.5.1.jar to /tmp/spark-211d5d57-3546-42c9-ae69-a0fe0736cdb1/userFiles-2532d3da-5f09-4667-b5e5-0b86ac6bcbff/org.apache.spark_spark-sql-kafka-0-10_2.12-3.5.1.jar
[2025-11-01T00:00:07.455+0700] {subprocess.py:93} INFO - 25/11/01 00:00:07 INFO SparkContext: Added file file:///home/***/.ivy2/jars/org.postgresql_postgresql-42.6.0.jar at file:///home/***/.ivy2/jars/org.postgresql_postgresql-42.6.0.jar with timestamp 1761930007103
[2025-11-01T00:00:07.456+0700] {subprocess.py:93} INFO - 25/11/01 00:00:07 INFO Utils: Copying /home/***/.ivy2/jars/org.postgresql_postgresql-42.6.0.jar to /tmp/spark-211d5d57-3546-42c9-ae69-a0fe0736cdb1/userFiles-2532d3da-5f09-4667-b5e5-0b86ac6bcbff/org.postgresql_postgresql-42.6.0.jar
[2025-11-01T00:00:07.461+0700] {subprocess.py:93} INFO - 25/11/01 00:00:07 INFO SparkContext: Added file file:///home/***/.ivy2/jars/org.apache.spark_spark-token-provider-kafka-0-10_2.12-3.5.1.jar at file:///home/***/.ivy2/jars/org.apache.spark_spark-token-provider-kafka-0-10_2.12-3.5.1.jar with timestamp 1761930007103
[2025-11-01T00:00:07.462+0700] {subprocess.py:93} INFO - 25/11/01 00:00:07 INFO Utils: Copying /home/***/.ivy2/jars/org.apache.spark_spark-token-provider-kafka-0-10_2.12-3.5.1.jar to /tmp/spark-211d5d57-3546-42c9-ae69-a0fe0736cdb1/userFiles-2532d3da-5f09-4667-b5e5-0b86ac6bcbff/org.apache.spark_spark-token-provider-kafka-0-10_2.12-3.5.1.jar
[2025-11-01T00:00:07.467+0700] {subprocess.py:93} INFO - 25/11/01 00:00:07 INFO SparkContext: Added file file:///home/***/.ivy2/jars/org.apache.kafka_kafka-clients-3.4.1.jar at file:///home/***/.ivy2/jars/org.apache.kafka_kafka-clients-3.4.1.jar with timestamp 1761930007103
[2025-11-01T00:00:07.467+0700] {subprocess.py:93} INFO - 25/11/01 00:00:07 INFO Utils: Copying /home/***/.ivy2/jars/org.apache.kafka_kafka-clients-3.4.1.jar to /tmp/spark-211d5d57-3546-42c9-ae69-a0fe0736cdb1/userFiles-2532d3da-5f09-4667-b5e5-0b86ac6bcbff/org.apache.kafka_kafka-clients-3.4.1.jar
[2025-11-01T00:00:07.476+0700] {subprocess.py:93} INFO - 25/11/01 00:00:07 INFO SparkContext: Added file file:///home/***/.ivy2/jars/com.google.code.findbugs_jsr305-3.0.0.jar at file:///home/***/.ivy2/jars/com.google.code.findbugs_jsr305-3.0.0.jar with timestamp 1761930007103
[2025-11-01T00:00:07.477+0700] {subprocess.py:93} INFO - 25/11/01 00:00:07 INFO Utils: Copying /home/***/.ivy2/jars/com.google.code.findbugs_jsr305-3.0.0.jar to /tmp/spark-211d5d57-3546-42c9-ae69-a0fe0736cdb1/userFiles-2532d3da-5f09-4667-b5e5-0b86ac6bcbff/com.google.code.findbugs_jsr305-3.0.0.jar
[2025-11-01T00:00:07.481+0700] {subprocess.py:93} INFO - 25/11/01 00:00:07 INFO SparkContext: Added file file:///home/***/.ivy2/jars/org.apache.commons_commons-pool2-2.11.1.jar at file:///home/***/.ivy2/jars/org.apache.commons_commons-pool2-2.11.1.jar with timestamp 1761930007103
[2025-11-01T00:00:07.481+0700] {subprocess.py:93} INFO - 25/11/01 00:00:07 INFO Utils: Copying /home/***/.ivy2/jars/org.apache.commons_commons-pool2-2.11.1.jar to /tmp/spark-211d5d57-3546-42c9-ae69-a0fe0736cdb1/userFiles-2532d3da-5f09-4667-b5e5-0b86ac6bcbff/org.apache.commons_commons-pool2-2.11.1.jar
[2025-11-01T00:00:07.486+0700] {subprocess.py:93} INFO - 25/11/01 00:00:07 INFO SparkContext: Added file file:///home/***/.ivy2/jars/org.apache.hadoop_hadoop-client-runtime-3.3.4.jar at file:///home/***/.ivy2/jars/org.apache.hadoop_hadoop-client-runtime-3.3.4.jar with timestamp 1761930007103
[2025-11-01T00:00:07.486+0700] {subprocess.py:93} INFO - 25/11/01 00:00:07 INFO Utils: Copying /home/***/.ivy2/jars/org.apache.hadoop_hadoop-client-runtime-3.3.4.jar to /tmp/spark-211d5d57-3546-42c9-ae69-a0fe0736cdb1/userFiles-2532d3da-5f09-4667-b5e5-0b86ac6bcbff/org.apache.hadoop_hadoop-client-runtime-3.3.4.jar
[2025-11-01T00:00:07.511+0700] {subprocess.py:93} INFO - 25/11/01 00:00:07 INFO SparkContext: Added file file:///home/***/.ivy2/jars/org.lz4_lz4-java-1.8.0.jar at file:///home/***/.ivy2/jars/org.lz4_lz4-java-1.8.0.jar with timestamp 1761930007103
[2025-11-01T00:00:07.511+0700] {subprocess.py:93} INFO - 25/11/01 00:00:07 INFO Utils: Copying /home/***/.ivy2/jars/org.lz4_lz4-java-1.8.0.jar to /tmp/spark-211d5d57-3546-42c9-ae69-a0fe0736cdb1/userFiles-2532d3da-5f09-4667-b5e5-0b86ac6bcbff/org.lz4_lz4-java-1.8.0.jar
[2025-11-01T00:00:07.515+0700] {subprocess.py:93} INFO - 25/11/01 00:00:07 INFO SparkContext: Added file file:///home/***/.ivy2/jars/org.xerial.snappy_snappy-java-1.1.10.3.jar at file:///home/***/.ivy2/jars/org.xerial.snappy_snappy-java-1.1.10.3.jar with timestamp 1761930007103
[2025-11-01T00:00:07.516+0700] {subprocess.py:93} INFO - 25/11/01 00:00:07 INFO Utils: Copying /home/***/.ivy2/jars/org.xerial.snappy_snappy-java-1.1.10.3.jar to /tmp/spark-211d5d57-3546-42c9-ae69-a0fe0736cdb1/userFiles-2532d3da-5f09-4667-b5e5-0b86ac6bcbff/org.xerial.snappy_snappy-java-1.1.10.3.jar
[2025-11-01T00:00:07.521+0700] {subprocess.py:93} INFO - 25/11/01 00:00:07 INFO SparkContext: Added file file:///home/***/.ivy2/jars/org.slf4j_slf4j-api-2.0.7.jar at file:///home/***/.ivy2/jars/org.slf4j_slf4j-api-2.0.7.jar with timestamp 1761930007103
[2025-11-01T00:00:07.521+0700] {subprocess.py:93} INFO - 25/11/01 00:00:07 INFO Utils: Copying /home/***/.ivy2/jars/org.slf4j_slf4j-api-2.0.7.jar to /tmp/spark-211d5d57-3546-42c9-ae69-a0fe0736cdb1/userFiles-2532d3da-5f09-4667-b5e5-0b86ac6bcbff/org.slf4j_slf4j-api-2.0.7.jar
[2025-11-01T00:00:07.525+0700] {subprocess.py:93} INFO - 25/11/01 00:00:07 INFO SparkContext: Added file file:///home/***/.ivy2/jars/org.apache.hadoop_hadoop-client-api-3.3.4.jar at file:///home/***/.ivy2/jars/org.apache.hadoop_hadoop-client-api-3.3.4.jar with timestamp 1761930007103
[2025-11-01T00:00:07.525+0700] {subprocess.py:93} INFO - 25/11/01 00:00:07 INFO Utils: Copying /home/***/.ivy2/jars/org.apache.hadoop_hadoop-client-api-3.3.4.jar to /tmp/spark-211d5d57-3546-42c9-ae69-a0fe0736cdb1/userFiles-2532d3da-5f09-4667-b5e5-0b86ac6bcbff/org.apache.hadoop_hadoop-client-api-3.3.4.jar
[2025-11-01T00:00:07.542+0700] {subprocess.py:93} INFO - 25/11/01 00:00:07 INFO SparkContext: Added file file:///home/***/.ivy2/jars/commons-logging_commons-logging-1.1.3.jar at file:///home/***/.ivy2/jars/commons-logging_commons-logging-1.1.3.jar with timestamp 1761930007103
[2025-11-01T00:00:07.542+0700] {subprocess.py:93} INFO - 25/11/01 00:00:07 INFO Utils: Copying /home/***/.ivy2/jars/commons-logging_commons-logging-1.1.3.jar to /tmp/spark-211d5d57-3546-42c9-ae69-a0fe0736cdb1/userFiles-2532d3da-5f09-4667-b5e5-0b86ac6bcbff/commons-logging_commons-logging-1.1.3.jar
[2025-11-01T00:00:07.546+0700] {subprocess.py:93} INFO - 25/11/01 00:00:07 INFO SparkContext: Added file file:///home/***/.ivy2/jars/org.checkerframework_checker-qual-3.31.0.jar at file:///home/***/.ivy2/jars/org.checkerframework_checker-qual-3.31.0.jar with timestamp 1761930007103
[2025-11-01T00:00:07.546+0700] {subprocess.py:93} INFO - 25/11/01 00:00:07 INFO Utils: Copying /home/***/.ivy2/jars/org.checkerframework_checker-qual-3.31.0.jar to /tmp/spark-211d5d57-3546-42c9-ae69-a0fe0736cdb1/userFiles-2532d3da-5f09-4667-b5e5-0b86ac6bcbff/org.checkerframework_checker-qual-3.31.0.jar
[2025-11-01T00:00:07.575+0700] {subprocess.py:93} INFO - 25/11/01 00:00:07 INFO Executor: Starting executor ID driver on host f7bb1ad77e89
[2025-11-01T00:00:07.575+0700] {subprocess.py:93} INFO - 25/11/01 00:00:07 INFO Executor: OS info Linux, 5.15.49-linuxkit, aarch64
[2025-11-01T00:00:07.576+0700] {subprocess.py:93} INFO - 25/11/01 00:00:07 INFO Executor: Java version 17.0.17
[2025-11-01T00:00:07.578+0700] {subprocess.py:93} INFO - 25/11/01 00:00:07 INFO Executor: Starting executor with user classpath (userClassPathFirst = false): ''
[2025-11-01T00:00:07.578+0700] {subprocess.py:93} INFO - 25/11/01 00:00:07 INFO Executor: Created or updated repl class loader org.apache.spark.util.MutableURLClassLoader@18b1484 for default.
[2025-11-01T00:00:07.583+0700] {subprocess.py:93} INFO - 25/11/01 00:00:07 INFO Executor: Fetching file:///home/***/.ivy2/jars/org.apache.spark_spark-sql-kafka-0-10_2.12-3.5.1.jar with timestamp 1761930007103
[2025-11-01T00:00:07.594+0700] {subprocess.py:93} INFO - 25/11/01 00:00:07 INFO Utils: /home/***/.ivy2/jars/org.apache.spark_spark-sql-kafka-0-10_2.12-3.5.1.jar has been previously copied to /tmp/spark-211d5d57-3546-42c9-ae69-a0fe0736cdb1/userFiles-2532d3da-5f09-4667-b5e5-0b86ac6bcbff/org.apache.spark_spark-sql-kafka-0-10_2.12-3.5.1.jar
[2025-11-01T00:00:07.598+0700] {subprocess.py:93} INFO - 25/11/01 00:00:07 INFO Executor: Fetching file:///home/***/.ivy2/jars/org.apache.hadoop_hadoop-client-runtime-3.3.4.jar with timestamp 1761930007103
[2025-11-01T00:00:07.619+0700] {subprocess.py:93} INFO - 25/11/01 00:00:07 INFO Utils: /home/***/.ivy2/jars/org.apache.hadoop_hadoop-client-runtime-3.3.4.jar has been previously copied to /tmp/spark-211d5d57-3546-42c9-ae69-a0fe0736cdb1/userFiles-2532d3da-5f09-4667-b5e5-0b86ac6bcbff/org.apache.hadoop_hadoop-client-runtime-3.3.4.jar
[2025-11-01T00:00:07.624+0700] {subprocess.py:93} INFO - 25/11/01 00:00:07 INFO Executor: Fetching file:///home/***/.ivy2/jars/org.apache.hadoop_hadoop-client-api-3.3.4.jar with timestamp 1761930007103
[2025-11-01T00:00:07.633+0700] {subprocess.py:93} INFO - 25/11/01 00:00:07 INFO Utils: /home/***/.ivy2/jars/org.apache.hadoop_hadoop-client-api-3.3.4.jar has been previously copied to /tmp/spark-211d5d57-3546-42c9-ae69-a0fe0736cdb1/userFiles-2532d3da-5f09-4667-b5e5-0b86ac6bcbff/org.apache.hadoop_hadoop-client-api-3.3.4.jar
[2025-11-01T00:00:07.638+0700] {subprocess.py:93} INFO - 25/11/01 00:00:07 INFO Executor: Fetching file:///home/***/.ivy2/jars/org.apache.spark_spark-token-provider-kafka-0-10_2.12-3.5.1.jar with timestamp 1761930007103
[2025-11-01T00:00:07.639+0700] {subprocess.py:93} INFO - 25/11/01 00:00:07 INFO Utils: /home/***/.ivy2/jars/org.apache.spark_spark-token-provider-kafka-0-10_2.12-3.5.1.jar has been previously copied to /tmp/spark-211d5d57-3546-42c9-ae69-a0fe0736cdb1/userFiles-2532d3da-5f09-4667-b5e5-0b86ac6bcbff/org.apache.spark_spark-token-provider-kafka-0-10_2.12-3.5.1.jar
[2025-11-01T00:00:07.643+0700] {subprocess.py:93} INFO - 25/11/01 00:00:07 INFO Executor: Fetching file:///home/***/.ivy2/jars/com.google.code.findbugs_jsr305-3.0.0.jar with timestamp 1761930007103
[2025-11-01T00:00:07.643+0700] {subprocess.py:93} INFO - 25/11/01 00:00:07 INFO Utils: /home/***/.ivy2/jars/com.google.code.findbugs_jsr305-3.0.0.jar has been previously copied to /tmp/spark-211d5d57-3546-42c9-ae69-a0fe0736cdb1/userFiles-2532d3da-5f09-4667-b5e5-0b86ac6bcbff/com.google.code.findbugs_jsr305-3.0.0.jar
[2025-11-01T00:00:07.647+0700] {subprocess.py:93} INFO - 25/11/01 00:00:07 INFO Executor: Fetching file:///home/***/.ivy2/jars/org.lz4_lz4-java-1.8.0.jar with timestamp 1761930007103
[2025-11-01T00:00:07.648+0700] {subprocess.py:93} INFO - 25/11/01 00:00:07 INFO Utils: /home/***/.ivy2/jars/org.lz4_lz4-java-1.8.0.jar has been previously copied to /tmp/spark-211d5d57-3546-42c9-ae69-a0fe0736cdb1/userFiles-2532d3da-5f09-4667-b5e5-0b86ac6bcbff/org.lz4_lz4-java-1.8.0.jar
[2025-11-01T00:00:07.652+0700] {subprocess.py:93} INFO - 25/11/01 00:00:07 INFO Executor: Fetching file:///home/***/.ivy2/jars/org.slf4j_slf4j-api-2.0.7.jar with timestamp 1761930007103
[2025-11-01T00:00:07.653+0700] {subprocess.py:93} INFO - 25/11/01 00:00:07 INFO Utils: /home/***/.ivy2/jars/org.slf4j_slf4j-api-2.0.7.jar has been previously copied to /tmp/spark-211d5d57-3546-42c9-ae69-a0fe0736cdb1/userFiles-2532d3da-5f09-4667-b5e5-0b86ac6bcbff/org.slf4j_slf4j-api-2.0.7.jar
[2025-11-01T00:00:07.657+0700] {subprocess.py:93} INFO - 25/11/01 00:00:07 INFO Executor: Fetching file:///home/***/.ivy2/jars/org.checkerframework_checker-qual-3.31.0.jar with timestamp 1761930007103
[2025-11-01T00:00:07.658+0700] {subprocess.py:93} INFO - 25/11/01 00:00:07 INFO Utils: /home/***/.ivy2/jars/org.checkerframework_checker-qual-3.31.0.jar has been previously copied to /tmp/spark-211d5d57-3546-42c9-ae69-a0fe0736cdb1/userFiles-2532d3da-5f09-4667-b5e5-0b86ac6bcbff/org.checkerframework_checker-qual-3.31.0.jar
[2025-11-01T00:00:07.662+0700] {subprocess.py:93} INFO - 25/11/01 00:00:07 INFO Executor: Fetching file:///home/***/.ivy2/jars/org.apache.commons_commons-pool2-2.11.1.jar with timestamp 1761930007103
[2025-11-01T00:00:07.663+0700] {subprocess.py:93} INFO - 25/11/01 00:00:07 INFO Utils: /home/***/.ivy2/jars/org.apache.commons_commons-pool2-2.11.1.jar has been previously copied to /tmp/spark-211d5d57-3546-42c9-ae69-a0fe0736cdb1/userFiles-2532d3da-5f09-4667-b5e5-0b86ac6bcbff/org.apache.commons_commons-pool2-2.11.1.jar
[2025-11-01T00:00:07.667+0700] {subprocess.py:93} INFO - 25/11/01 00:00:07 INFO Executor: Fetching file:///home/***/.ivy2/jars/commons-logging_commons-logging-1.1.3.jar with timestamp 1761930007103
[2025-11-01T00:00:07.667+0700] {subprocess.py:93} INFO - 25/11/01 00:00:07 INFO Utils: /home/***/.ivy2/jars/commons-logging_commons-logging-1.1.3.jar has been previously copied to /tmp/spark-211d5d57-3546-42c9-ae69-a0fe0736cdb1/userFiles-2532d3da-5f09-4667-b5e5-0b86ac6bcbff/commons-logging_commons-logging-1.1.3.jar
[2025-11-01T00:00:07.672+0700] {subprocess.py:93} INFO - 25/11/01 00:00:07 INFO Executor: Fetching file:///home/***/.ivy2/jars/org.xerial.snappy_snappy-java-1.1.10.3.jar with timestamp 1761930007103
[2025-11-01T00:00:07.673+0700] {subprocess.py:93} INFO - 25/11/01 00:00:07 INFO Utils: /home/***/.ivy2/jars/org.xerial.snappy_snappy-java-1.1.10.3.jar has been previously copied to /tmp/spark-211d5d57-3546-42c9-ae69-a0fe0736cdb1/userFiles-2532d3da-5f09-4667-b5e5-0b86ac6bcbff/org.xerial.snappy_snappy-java-1.1.10.3.jar
[2025-11-01T00:00:07.676+0700] {subprocess.py:93} INFO - 25/11/01 00:00:07 INFO Executor: Fetching file:///home/***/.ivy2/jars/org.postgresql_postgresql-42.6.0.jar with timestamp 1761930007103
[2025-11-01T00:00:07.677+0700] {subprocess.py:93} INFO - 25/11/01 00:00:07 INFO Utils: /home/***/.ivy2/jars/org.postgresql_postgresql-42.6.0.jar has been previously copied to /tmp/spark-211d5d57-3546-42c9-ae69-a0fe0736cdb1/userFiles-2532d3da-5f09-4667-b5e5-0b86ac6bcbff/org.postgresql_postgresql-42.6.0.jar
[2025-11-01T00:00:07.682+0700] {subprocess.py:93} INFO - 25/11/01 00:00:07 INFO Executor: Fetching file:///home/***/.ivy2/jars/org.apache.kafka_kafka-clients-3.4.1.jar with timestamp 1761930007103
[2025-11-01T00:00:07.685+0700] {subprocess.py:93} INFO - 25/11/01 00:00:07 INFO Utils: /home/***/.ivy2/jars/org.apache.kafka_kafka-clients-3.4.1.jar has been previously copied to /tmp/spark-211d5d57-3546-42c9-ae69-a0fe0736cdb1/userFiles-2532d3da-5f09-4667-b5e5-0b86ac6bcbff/org.apache.kafka_kafka-clients-3.4.1.jar
[2025-11-01T00:00:07.690+0700] {subprocess.py:93} INFO - 25/11/01 00:00:07 INFO Executor: Fetching spark://f7bb1ad77e89:38565/jars/org.apache.hadoop_hadoop-client-runtime-3.3.4.jar with timestamp 1761930007103
[2025-11-01T00:00:07.715+0700] {subprocess.py:93} INFO - 25/11/01 00:00:07 INFO TransportClientFactory: Successfully created connection to f7bb1ad77e89/172.23.0.6:38565 after 19 ms (0 ms spent in bootstraps)
[2025-11-01T00:00:07.718+0700] {subprocess.py:93} INFO - 25/11/01 00:00:07 INFO Utils: Fetching spark://f7bb1ad77e89:38565/jars/org.apache.hadoop_hadoop-client-runtime-3.3.4.jar to /tmp/spark-211d5d57-3546-42c9-ae69-a0fe0736cdb1/userFiles-2532d3da-5f09-4667-b5e5-0b86ac6bcbff/fetchFileTemp16397738648869767079.tmp
[2025-11-01T00:00:07.802+0700] {subprocess.py:93} INFO - 25/11/01 00:00:07 INFO Utils: /tmp/spark-211d5d57-3546-42c9-ae69-a0fe0736cdb1/userFiles-2532d3da-5f09-4667-b5e5-0b86ac6bcbff/fetchFileTemp16397738648869767079.tmp has been previously copied to /tmp/spark-211d5d57-3546-42c9-ae69-a0fe0736cdb1/userFiles-2532d3da-5f09-4667-b5e5-0b86ac6bcbff/org.apache.hadoop_hadoop-client-runtime-3.3.4.jar
[2025-11-01T00:00:07.814+0700] {subprocess.py:93} INFO - 25/11/01 00:00:07 INFO Executor: Adding file:/tmp/spark-211d5d57-3546-42c9-ae69-a0fe0736cdb1/userFiles-2532d3da-5f09-4667-b5e5-0b86ac6bcbff/org.apache.hadoop_hadoop-client-runtime-3.3.4.jar to class loader default
[2025-11-01T00:00:07.814+0700] {subprocess.py:93} INFO - 25/11/01 00:00:07 INFO Executor: Fetching spark://f7bb1ad77e89:38565/jars/org.apache.hadoop_hadoop-client-api-3.3.4.jar with timestamp 1761930007103
[2025-11-01T00:00:07.815+0700] {subprocess.py:93} INFO - 25/11/01 00:00:07 INFO Utils: Fetching spark://f7bb1ad77e89:38565/jars/org.apache.hadoop_hadoop-client-api-3.3.4.jar to /tmp/spark-211d5d57-3546-42c9-ae69-a0fe0736cdb1/userFiles-2532d3da-5f09-4667-b5e5-0b86ac6bcbff/fetchFileTemp1286106650667150576.tmp
[2025-11-01T00:00:07.856+0700] {subprocess.py:93} INFO - 25/11/01 00:00:07 INFO Utils: /tmp/spark-211d5d57-3546-42c9-ae69-a0fe0736cdb1/userFiles-2532d3da-5f09-4667-b5e5-0b86ac6bcbff/fetchFileTemp1286106650667150576.tmp has been previously copied to /tmp/spark-211d5d57-3546-42c9-ae69-a0fe0736cdb1/userFiles-2532d3da-5f09-4667-b5e5-0b86ac6bcbff/org.apache.hadoop_hadoop-client-api-3.3.4.jar
[2025-11-01T00:00:07.864+0700] {subprocess.py:93} INFO - 25/11/01 00:00:07 INFO Executor: Adding file:/tmp/spark-211d5d57-3546-42c9-ae69-a0fe0736cdb1/userFiles-2532d3da-5f09-4667-b5e5-0b86ac6bcbff/org.apache.hadoop_hadoop-client-api-3.3.4.jar to class loader default
[2025-11-01T00:00:07.865+0700] {subprocess.py:93} INFO - 25/11/01 00:00:07 INFO Executor: Fetching spark://f7bb1ad77e89:38565/jars/com.google.code.findbugs_jsr305-3.0.0.jar with timestamp 1761930007103
[2025-11-01T00:00:07.865+0700] {subprocess.py:93} INFO - 25/11/01 00:00:07 INFO Utils: Fetching spark://f7bb1ad77e89:38565/jars/com.google.code.findbugs_jsr305-3.0.0.jar to /tmp/spark-211d5d57-3546-42c9-ae69-a0fe0736cdb1/userFiles-2532d3da-5f09-4667-b5e5-0b86ac6bcbff/fetchFileTemp9537537546286824617.tmp
[2025-11-01T00:00:07.866+0700] {subprocess.py:93} INFO - 25/11/01 00:00:07 INFO Utils: /tmp/spark-211d5d57-3546-42c9-ae69-a0fe0736cdb1/userFiles-2532d3da-5f09-4667-b5e5-0b86ac6bcbff/fetchFileTemp9537537546286824617.tmp has been previously copied to /tmp/spark-211d5d57-3546-42c9-ae69-a0fe0736cdb1/userFiles-2532d3da-5f09-4667-b5e5-0b86ac6bcbff/com.google.code.findbugs_jsr305-3.0.0.jar
[2025-11-01T00:00:07.870+0700] {subprocess.py:93} INFO - 25/11/01 00:00:07 INFO Executor: Adding file:/tmp/spark-211d5d57-3546-42c9-ae69-a0fe0736cdb1/userFiles-2532d3da-5f09-4667-b5e5-0b86ac6bcbff/com.google.code.findbugs_jsr305-3.0.0.jar to class loader default
[2025-11-01T00:00:07.870+0700] {subprocess.py:93} INFO - 25/11/01 00:00:07 INFO Executor: Fetching spark://f7bb1ad77e89:38565/jars/org.apache.spark_spark-sql-kafka-0-10_2.12-3.5.1.jar with timestamp 1761930007103
[2025-11-01T00:00:07.870+0700] {subprocess.py:93} INFO - 25/11/01 00:00:07 INFO Utils: Fetching spark://f7bb1ad77e89:38565/jars/org.apache.spark_spark-sql-kafka-0-10_2.12-3.5.1.jar to /tmp/spark-211d5d57-3546-42c9-ae69-a0fe0736cdb1/userFiles-2532d3da-5f09-4667-b5e5-0b86ac6bcbff/fetchFileTemp13957153594175009446.tmp
[2025-11-01T00:00:07.871+0700] {subprocess.py:93} INFO - 25/11/01 00:00:07 INFO Utils: /tmp/spark-211d5d57-3546-42c9-ae69-a0fe0736cdb1/userFiles-2532d3da-5f09-4667-b5e5-0b86ac6bcbff/fetchFileTemp13957153594175009446.tmp has been previously copied to /tmp/spark-211d5d57-3546-42c9-ae69-a0fe0736cdb1/userFiles-2532d3da-5f09-4667-b5e5-0b86ac6bcbff/org.apache.spark_spark-sql-kafka-0-10_2.12-3.5.1.jar
[2025-11-01T00:00:07.875+0700] {subprocess.py:93} INFO - 25/11/01 00:00:07 INFO Executor: Adding file:/tmp/spark-211d5d57-3546-42c9-ae69-a0fe0736cdb1/userFiles-2532d3da-5f09-4667-b5e5-0b86ac6bcbff/org.apache.spark_spark-sql-kafka-0-10_2.12-3.5.1.jar to class loader default
[2025-11-01T00:00:07.876+0700] {subprocess.py:93} INFO - 25/11/01 00:00:07 INFO Executor: Fetching spark://f7bb1ad77e89:38565/jars/org.lz4_lz4-java-1.8.0.jar with timestamp 1761930007103
[2025-11-01T00:00:07.876+0700] {subprocess.py:93} INFO - 25/11/01 00:00:07 INFO Utils: Fetching spark://f7bb1ad77e89:38565/jars/org.lz4_lz4-java-1.8.0.jar to /tmp/spark-211d5d57-3546-42c9-ae69-a0fe0736cdb1/userFiles-2532d3da-5f09-4667-b5e5-0b86ac6bcbff/fetchFileTemp10028028648094456599.tmp
[2025-11-01T00:00:07.877+0700] {subprocess.py:93} INFO - 25/11/01 00:00:07 INFO Utils: /tmp/spark-211d5d57-3546-42c9-ae69-a0fe0736cdb1/userFiles-2532d3da-5f09-4667-b5e5-0b86ac6bcbff/fetchFileTemp10028028648094456599.tmp has been previously copied to /tmp/spark-211d5d57-3546-42c9-ae69-a0fe0736cdb1/userFiles-2532d3da-5f09-4667-b5e5-0b86ac6bcbff/org.lz4_lz4-java-1.8.0.jar
[2025-11-01T00:00:07.881+0700] {subprocess.py:93} INFO - 25/11/01 00:00:07 INFO Executor: Adding file:/tmp/spark-211d5d57-3546-42c9-ae69-a0fe0736cdb1/userFiles-2532d3da-5f09-4667-b5e5-0b86ac6bcbff/org.lz4_lz4-java-1.8.0.jar to class loader default
[2025-11-01T00:00:07.881+0700] {subprocess.py:93} INFO - 25/11/01 00:00:07 INFO Executor: Fetching spark://f7bb1ad77e89:38565/jars/org.apache.kafka_kafka-clients-3.4.1.jar with timestamp 1761930007103
[2025-11-01T00:00:07.881+0700] {subprocess.py:93} INFO - 25/11/01 00:00:07 INFO Utils: Fetching spark://f7bb1ad77e89:38565/jars/org.apache.kafka_kafka-clients-3.4.1.jar to /tmp/spark-211d5d57-3546-42c9-ae69-a0fe0736cdb1/userFiles-2532d3da-5f09-4667-b5e5-0b86ac6bcbff/fetchFileTemp4382449762594132502.tmp
[2025-11-01T00:00:07.892+0700] {subprocess.py:93} INFO - 25/11/01 00:00:07 INFO Utils: /tmp/spark-211d5d57-3546-42c9-ae69-a0fe0736cdb1/userFiles-2532d3da-5f09-4667-b5e5-0b86ac6bcbff/fetchFileTemp4382449762594132502.tmp has been previously copied to /tmp/spark-211d5d57-3546-42c9-ae69-a0fe0736cdb1/userFiles-2532d3da-5f09-4667-b5e5-0b86ac6bcbff/org.apache.kafka_kafka-clients-3.4.1.jar
[2025-11-01T00:00:07.898+0700] {subprocess.py:93} INFO - 25/11/01 00:00:07 INFO Executor: Adding file:/tmp/spark-211d5d57-3546-42c9-ae69-a0fe0736cdb1/userFiles-2532d3da-5f09-4667-b5e5-0b86ac6bcbff/org.apache.kafka_kafka-clients-3.4.1.jar to class loader default
[2025-11-01T00:00:07.898+0700] {subprocess.py:93} INFO - 25/11/01 00:00:07 INFO Executor: Fetching spark://f7bb1ad77e89:38565/jars/org.slf4j_slf4j-api-2.0.7.jar with timestamp 1761930007103
[2025-11-01T00:00:07.899+0700] {subprocess.py:93} INFO - 25/11/01 00:00:07 INFO Utils: Fetching spark://f7bb1ad77e89:38565/jars/org.slf4j_slf4j-api-2.0.7.jar to /tmp/spark-211d5d57-3546-42c9-ae69-a0fe0736cdb1/userFiles-2532d3da-5f09-4667-b5e5-0b86ac6bcbff/fetchFileTemp9376355564827929095.tmp
[2025-11-01T00:00:07.899+0700] {subprocess.py:93} INFO - 25/11/01 00:00:07 INFO Utils: /tmp/spark-211d5d57-3546-42c9-ae69-a0fe0736cdb1/userFiles-2532d3da-5f09-4667-b5e5-0b86ac6bcbff/fetchFileTemp9376355564827929095.tmp has been previously copied to /tmp/spark-211d5d57-3546-42c9-ae69-a0fe0736cdb1/userFiles-2532d3da-5f09-4667-b5e5-0b86ac6bcbff/org.slf4j_slf4j-api-2.0.7.jar
[2025-11-01T00:00:07.904+0700] {subprocess.py:93} INFO - 25/11/01 00:00:07 INFO Executor: Adding file:/tmp/spark-211d5d57-3546-42c9-ae69-a0fe0736cdb1/userFiles-2532d3da-5f09-4667-b5e5-0b86ac6bcbff/org.slf4j_slf4j-api-2.0.7.jar to class loader default
[2025-11-01T00:00:07.904+0700] {subprocess.py:93} INFO - 25/11/01 00:00:07 INFO Executor: Fetching spark://f7bb1ad77e89:38565/jars/org.checkerframework_checker-qual-3.31.0.jar with timestamp 1761930007103
[2025-11-01T00:00:07.904+0700] {subprocess.py:93} INFO - 25/11/01 00:00:07 INFO Utils: Fetching spark://f7bb1ad77e89:38565/jars/org.checkerframework_checker-qual-3.31.0.jar to /tmp/spark-211d5d57-3546-42c9-ae69-a0fe0736cdb1/userFiles-2532d3da-5f09-4667-b5e5-0b86ac6bcbff/fetchFileTemp4010502002994893777.tmp
[2025-11-01T00:00:07.905+0700] {subprocess.py:93} INFO - 25/11/01 00:00:07 INFO Utils: /tmp/spark-211d5d57-3546-42c9-ae69-a0fe0736cdb1/userFiles-2532d3da-5f09-4667-b5e5-0b86ac6bcbff/fetchFileTemp4010502002994893777.tmp has been previously copied to /tmp/spark-211d5d57-3546-42c9-ae69-a0fe0736cdb1/userFiles-2532d3da-5f09-4667-b5e5-0b86ac6bcbff/org.checkerframework_checker-qual-3.31.0.jar
[2025-11-01T00:00:07.909+0700] {subprocess.py:93} INFO - 25/11/01 00:00:07 INFO Executor: Adding file:/tmp/spark-211d5d57-3546-42c9-ae69-a0fe0736cdb1/userFiles-2532d3da-5f09-4667-b5e5-0b86ac6bcbff/org.checkerframework_checker-qual-3.31.0.jar to class loader default
[2025-11-01T00:00:07.909+0700] {subprocess.py:93} INFO - 25/11/01 00:00:07 INFO Executor: Fetching spark://f7bb1ad77e89:38565/jars/org.postgresql_postgresql-42.6.0.jar with timestamp 1761930007103
[2025-11-01T00:00:07.910+0700] {subprocess.py:93} INFO - 25/11/01 00:00:07 INFO Utils: Fetching spark://f7bb1ad77e89:38565/jars/org.postgresql_postgresql-42.6.0.jar to /tmp/spark-211d5d57-3546-42c9-ae69-a0fe0736cdb1/userFiles-2532d3da-5f09-4667-b5e5-0b86ac6bcbff/fetchFileTemp10335717753267016784.tmp
[2025-11-01T00:00:07.912+0700] {subprocess.py:93} INFO - 25/11/01 00:00:07 INFO Utils: /tmp/spark-211d5d57-3546-42c9-ae69-a0fe0736cdb1/userFiles-2532d3da-5f09-4667-b5e5-0b86ac6bcbff/fetchFileTemp10335717753267016784.tmp has been previously copied to /tmp/spark-211d5d57-3546-42c9-ae69-a0fe0736cdb1/userFiles-2532d3da-5f09-4667-b5e5-0b86ac6bcbff/org.postgresql_postgresql-42.6.0.jar
[2025-11-01T00:00:07.916+0700] {subprocess.py:93} INFO - 25/11/01 00:00:07 INFO Executor: Adding file:/tmp/spark-211d5d57-3546-42c9-ae69-a0fe0736cdb1/userFiles-2532d3da-5f09-4667-b5e5-0b86ac6bcbff/org.postgresql_postgresql-42.6.0.jar to class loader default
[2025-11-01T00:00:07.916+0700] {subprocess.py:93} INFO - 25/11/01 00:00:07 INFO Executor: Fetching spark://f7bb1ad77e89:38565/jars/commons-logging_commons-logging-1.1.3.jar with timestamp 1761930007103
[2025-11-01T00:00:07.916+0700] {subprocess.py:93} INFO - 25/11/01 00:00:07 INFO Utils: Fetching spark://f7bb1ad77e89:38565/jars/commons-logging_commons-logging-1.1.3.jar to /tmp/spark-211d5d57-3546-42c9-ae69-a0fe0736cdb1/userFiles-2532d3da-5f09-4667-b5e5-0b86ac6bcbff/fetchFileTemp502544826645626613.tmp
[2025-11-01T00:00:07.917+0700] {subprocess.py:93} INFO - 25/11/01 00:00:07 INFO Utils: /tmp/spark-211d5d57-3546-42c9-ae69-a0fe0736cdb1/userFiles-2532d3da-5f09-4667-b5e5-0b86ac6bcbff/fetchFileTemp502544826645626613.tmp has been previously copied to /tmp/spark-211d5d57-3546-42c9-ae69-a0fe0736cdb1/userFiles-2532d3da-5f09-4667-b5e5-0b86ac6bcbff/commons-logging_commons-logging-1.1.3.jar
[2025-11-01T00:00:07.920+0700] {subprocess.py:93} INFO - 25/11/01 00:00:07 INFO Executor: Adding file:/tmp/spark-211d5d57-3546-42c9-ae69-a0fe0736cdb1/userFiles-2532d3da-5f09-4667-b5e5-0b86ac6bcbff/commons-logging_commons-logging-1.1.3.jar to class loader default
[2025-11-01T00:00:07.921+0700] {subprocess.py:93} INFO - 25/11/01 00:00:07 INFO Executor: Fetching spark://f7bb1ad77e89:38565/jars/org.apache.commons_commons-pool2-2.11.1.jar with timestamp 1761930007103
[2025-11-01T00:00:07.921+0700] {subprocess.py:93} INFO - 25/11/01 00:00:07 INFO Utils: Fetching spark://f7bb1ad77e89:38565/jars/org.apache.commons_commons-pool2-2.11.1.jar to /tmp/spark-211d5d57-3546-42c9-ae69-a0fe0736cdb1/userFiles-2532d3da-5f09-4667-b5e5-0b86ac6bcbff/fetchFileTemp15211362979223628271.tmp
[2025-11-01T00:00:07.921+0700] {subprocess.py:93} INFO - 25/11/01 00:00:07 INFO Utils: /tmp/spark-211d5d57-3546-42c9-ae69-a0fe0736cdb1/userFiles-2532d3da-5f09-4667-b5e5-0b86ac6bcbff/fetchFileTemp15211362979223628271.tmp has been previously copied to /tmp/spark-211d5d57-3546-42c9-ae69-a0fe0736cdb1/userFiles-2532d3da-5f09-4667-b5e5-0b86ac6bcbff/org.apache.commons_commons-pool2-2.11.1.jar
[2025-11-01T00:00:07.925+0700] {subprocess.py:93} INFO - 25/11/01 00:00:07 INFO Executor: Adding file:/tmp/spark-211d5d57-3546-42c9-ae69-a0fe0736cdb1/userFiles-2532d3da-5f09-4667-b5e5-0b86ac6bcbff/org.apache.commons_commons-pool2-2.11.1.jar to class loader default
[2025-11-01T00:00:07.926+0700] {subprocess.py:93} INFO - 25/11/01 00:00:07 INFO Executor: Fetching spark://f7bb1ad77e89:38565/jars/org.apache.spark_spark-token-provider-kafka-0-10_2.12-3.5.1.jar with timestamp 1761930007103
[2025-11-01T00:00:07.926+0700] {subprocess.py:93} INFO - 25/11/01 00:00:07 INFO Utils: Fetching spark://f7bb1ad77e89:38565/jars/org.apache.spark_spark-token-provider-kafka-0-10_2.12-3.5.1.jar to /tmp/spark-211d5d57-3546-42c9-ae69-a0fe0736cdb1/userFiles-2532d3da-5f09-4667-b5e5-0b86ac6bcbff/fetchFileTemp9797681569446590785.tmp
[2025-11-01T00:00:07.926+0700] {subprocess.py:93} INFO - 25/11/01 00:00:07 INFO Utils: /tmp/spark-211d5d57-3546-42c9-ae69-a0fe0736cdb1/userFiles-2532d3da-5f09-4667-b5e5-0b86ac6bcbff/fetchFileTemp9797681569446590785.tmp has been previously copied to /tmp/spark-211d5d57-3546-42c9-ae69-a0fe0736cdb1/userFiles-2532d3da-5f09-4667-b5e5-0b86ac6bcbff/org.apache.spark_spark-token-provider-kafka-0-10_2.12-3.5.1.jar
[2025-11-01T00:00:07.931+0700] {subprocess.py:93} INFO - 25/11/01 00:00:07 INFO Executor: Adding file:/tmp/spark-211d5d57-3546-42c9-ae69-a0fe0736cdb1/userFiles-2532d3da-5f09-4667-b5e5-0b86ac6bcbff/org.apache.spark_spark-token-provider-kafka-0-10_2.12-3.5.1.jar to class loader default
[2025-11-01T00:00:07.931+0700] {subprocess.py:93} INFO - 25/11/01 00:00:07 INFO Executor: Fetching spark://f7bb1ad77e89:38565/jars/org.xerial.snappy_snappy-java-1.1.10.3.jar with timestamp 1761930007103
[2025-11-01T00:00:07.931+0700] {subprocess.py:93} INFO - 25/11/01 00:00:07 INFO Utils: Fetching spark://f7bb1ad77e89:38565/jars/org.xerial.snappy_snappy-java-1.1.10.3.jar to /tmp/spark-211d5d57-3546-42c9-ae69-a0fe0736cdb1/userFiles-2532d3da-5f09-4667-b5e5-0b86ac6bcbff/fetchFileTemp1734263709435672020.tmp
[2025-11-01T00:00:07.936+0700] {subprocess.py:93} INFO - 25/11/01 00:00:07 INFO Utils: /tmp/spark-211d5d57-3546-42c9-ae69-a0fe0736cdb1/userFiles-2532d3da-5f09-4667-b5e5-0b86ac6bcbff/fetchFileTemp1734263709435672020.tmp has been previously copied to /tmp/spark-211d5d57-3546-42c9-ae69-a0fe0736cdb1/userFiles-2532d3da-5f09-4667-b5e5-0b86ac6bcbff/org.xerial.snappy_snappy-java-1.1.10.3.jar
[2025-11-01T00:00:07.940+0700] {subprocess.py:93} INFO - 25/11/01 00:00:07 INFO Executor: Adding file:/tmp/spark-211d5d57-3546-42c9-ae69-a0fe0736cdb1/userFiles-2532d3da-5f09-4667-b5e5-0b86ac6bcbff/org.xerial.snappy_snappy-java-1.1.10.3.jar to class loader default
[2025-11-01T00:00:07.944+0700] {subprocess.py:93} INFO - 25/11/01 00:00:07 INFO Utils: Successfully started service 'org.apache.spark.network.netty.NettyBlockTransferService' on port 34175.
[2025-11-01T00:00:07.945+0700] {subprocess.py:93} INFO - 25/11/01 00:00:07 INFO NettyBlockTransferService: Server created on f7bb1ad77e89:34175
[2025-11-01T00:00:07.945+0700] {subprocess.py:93} INFO - 25/11/01 00:00:07 INFO BlockManager: Using org.apache.spark.storage.RandomBlockReplicationPolicy for block replication policy
[2025-11-01T00:00:07.948+0700] {subprocess.py:93} INFO - 25/11/01 00:00:07 INFO BlockManagerMaster: Registering BlockManager BlockManagerId(driver, f7bb1ad77e89, 34175, None)
[2025-11-01T00:00:07.949+0700] {subprocess.py:93} INFO - 25/11/01 00:00:07 INFO BlockManagerMasterEndpoint: Registering block manager f7bb1ad77e89:34175 with 434.4 MiB RAM, BlockManagerId(driver, f7bb1ad77e89, 34175, None)
[2025-11-01T00:00:07.950+0700] {subprocess.py:93} INFO - 25/11/01 00:00:07 INFO BlockManagerMaster: Registered BlockManager BlockManagerId(driver, f7bb1ad77e89, 34175, None)
[2025-11-01T00:00:07.951+0700] {subprocess.py:93} INFO - 25/11/01 00:00:07 INFO BlockManager: Initialized BlockManager: BlockManagerId(driver, f7bb1ad77e89, 34175, None)
[2025-11-01T00:00:08.113+0700] {subprocess.py:93} INFO - [Consumer] ðŸš€ Spark Structured Streaming started...
[2025-11-01T00:00:08.952+0700] {subprocess.py:93} INFO - Downloading https://github.com/ultralytics/assets/releases/download/v8.2.0/yolov8n.pt to 'yolov8n.pt'...
[2025-11-01T00:00:11.081+0700] {subprocess.py:93} INFO -   0%|          | 0.00/6.25M [00:00<?, ?B/s]  6%|â–Œ         | 384k/6.25M [00:00<00:01, 3.32MB/s] 24%|â–ˆâ–ˆâ–       | 1.50M/6.25M [00:00<00:00, 7.58MB/s] 52%|â–ˆâ–ˆâ–ˆâ–ˆâ–ˆâ–    | 3.25M/6.25M [00:00<00:00, 10.4MB/s] 78%|â–ˆâ–ˆâ–ˆâ–ˆâ–ˆâ–ˆâ–ˆâ–Š  | 4.88M/6.25M [00:00<00:00, 12.6MB/s]100%|â–ˆâ–ˆâ–ˆâ–ˆâ–ˆâ–ˆâ–ˆâ–ˆâ–ˆâ–ˆ| 6.25M/6.25M [00:00<00:00, 12.1MB/s]
[2025-11-01T00:00:11.629+0700] {subprocess.py:93} INFO - 25/11/01 00:00:11 WARN ResolveWriteToStream: spark.sql.adaptive.enabled is not supported in streaming DataFrames/Datasets and will be disabled.
[2025-11-01T00:00:11.695+0700] {subprocess.py:93} INFO - [Consumer] ðŸ§  Waiting for streaming data...
[2025-11-01T00:00:12.604+0700] {subprocess.py:93} INFO - 
[2025-11-01T00:00:12.605+0700] {subprocess.py:93} INFO - ==============================
[2025-11-01T00:00:12.605+0700] {subprocess.py:93} INFO - [Batch 0] Writing 0 rows to PostgreSQL
[2025-11-01T00:00:12.605+0700] {subprocess.py:93} INFO - ==============================
[2025-11-01T00:00:12.826+0700] {subprocess.py:93} INFO - 25/11/01 00:00:12 ERROR MicroBatchExecution: Query [id = c9cf82bd-833d-444b-883e-2e3225f57b31, runId = 7132d93c-84a5-471b-a589-d5a9a3c6ef13] terminated with error
[2025-11-01T00:00:12.826+0700] {subprocess.py:93} INFO - py4j.Py4JException: An exception was raised by the Python Proxy. Return Message: Traceback (most recent call last):
[2025-11-01T00:00:12.827+0700] {subprocess.py:93} INFO -   File "/home/***/.local/lib/python3.12/site-packages/pyspark/python/lib/py4j-0.10.9.7-src.zip/py4j/clientserver.py", line 617, in _call_proxy
[2025-11-01T00:00:12.827+0700] {subprocess.py:93} INFO -     return_value = getattr(self.pool[obj_id], method)(*params)
[2025-11-01T00:00:12.827+0700] {subprocess.py:93} INFO -                    ^^^^^^^^^^^^^^^^^^^^^^^^^^^^^^^^^^^^^^^^^^^
[2025-11-01T00:00:12.828+0700] {subprocess.py:93} INFO -   File "/home/***/.local/lib/python3.12/site-packages/pyspark/python/lib/pyspark.zip/pyspark/sql/utils.py", line 120, in call
[2025-11-01T00:00:12.828+0700] {subprocess.py:93} INFO -     raise e
[2025-11-01T00:00:12.828+0700] {subprocess.py:93} INFO -   File "/home/***/.local/lib/python3.12/site-packages/pyspark/python/lib/pyspark.zip/pyspark/sql/utils.py", line 117, in call
[2025-11-01T00:00:12.828+0700] {subprocess.py:93} INFO -     self.func(DataFrame(jdf, wrapped_session_jdf), batch_id)
[2025-11-01T00:00:12.829+0700] {subprocess.py:93} INFO -   File "/opt/***/projects/vehicle_count/scripts/vehicle_consumer.py", line 144, in write_to_postgres
[2025-11-01T00:00:12.829+0700] {subprocess.py:93} INFO -     .jdbc(
[2025-11-01T00:00:12.829+0700] {subprocess.py:93} INFO -      ^^^^^
[2025-11-01T00:00:12.829+0700] {subprocess.py:93} INFO -   File "/home/***/.local/lib/python3.12/site-packages/pyspark/python/lib/pyspark.zip/pyspark/sql/readwriter.py", line 1984, in jdbc
[2025-11-01T00:00:12.829+0700] {subprocess.py:93} INFO -     self.mode(mode)._jwrite.jdbc(url, table, jprop)
[2025-11-01T00:00:12.829+0700] {subprocess.py:93} INFO -   File "/home/***/.local/lib/python3.12/site-packages/pyspark/python/lib/py4j-0.10.9.7-src.zip/py4j/java_gateway.py", line 1322, in __call__
[2025-11-01T00:00:12.830+0700] {subprocess.py:93} INFO -     return_value = get_return_value(
[2025-11-01T00:00:12.831+0700] {subprocess.py:93} INFO -                    ^^^^^^^^^^^^^^^^^
[2025-11-01T00:00:12.831+0700] {subprocess.py:93} INFO -   File "/home/***/.local/lib/python3.12/site-packages/pyspark/python/lib/pyspark.zip/pyspark/errors/exceptions/captured.py", line 179, in deco
[2025-11-01T00:00:12.831+0700] {subprocess.py:93} INFO -     return f(*a, **kw)
[2025-11-01T00:00:12.831+0700] {subprocess.py:93} INFO -            ^^^^^^^^^^^
[2025-11-01T00:00:12.832+0700] {subprocess.py:93} INFO -   File "/home/***/.local/lib/python3.12/site-packages/pyspark/python/lib/py4j-0.10.9.7-src.zip/py4j/protocol.py", line 326, in get_return_value
[2025-11-01T00:00:12.832+0700] {subprocess.py:93} INFO -     raise Py4JJavaError(
[2025-11-01T00:00:12.832+0700] {subprocess.py:93} INFO - py4j.protocol.Py4JJavaError: An error occurred while calling o100.jdbc.
[2025-11-01T00:00:12.832+0700] {subprocess.py:93} INFO - : org.postgresql.util.PSQLException: FATAL: database "vehicle_db" does not exist
[2025-11-01T00:00:12.833+0700] {subprocess.py:93} INFO - 	at org.postgresql.core.v3.QueryExecutorImpl.receiveErrorResponse(QueryExecutorImpl.java:2713)
[2025-11-01T00:00:12.833+0700] {subprocess.py:93} INFO - 	at org.postgresql.core.v3.QueryExecutorImpl.readStartupMessages(QueryExecutorImpl.java:2825)
[2025-11-01T00:00:12.833+0700] {subprocess.py:93} INFO - 	at org.postgresql.core.v3.QueryExecutorImpl.<init>(QueryExecutorImpl.java:175)
[2025-11-01T00:00:12.834+0700] {subprocess.py:93} INFO - 	at org.postgresql.core.v3.ConnectionFactoryImpl.openConnectionImpl(ConnectionFactoryImpl.java:313)
[2025-11-01T00:00:12.834+0700] {subprocess.py:93} INFO - 	at org.postgresql.core.ConnectionFactory.openConnection(ConnectionFactory.java:54)
[2025-11-01T00:00:12.834+0700] {subprocess.py:93} INFO - 	at org.postgresql.jdbc.PgConnection.<init>(PgConnection.java:263)
[2025-11-01T00:00:12.835+0700] {subprocess.py:93} INFO - 	at org.postgresql.Driver.makeConnection(Driver.java:443)
[2025-11-01T00:00:12.835+0700] {subprocess.py:93} INFO - 	at org.postgresql.Driver.connect(Driver.java:297)
[2025-11-01T00:00:12.835+0700] {subprocess.py:93} INFO - 	at org.apache.spark.sql.execution.datasources.jdbc.connection.BasicConnectionProvider.getConnection(BasicConnectionProvider.scala:49)
[2025-11-01T00:00:12.835+0700] {subprocess.py:93} INFO - 	at org.apache.spark.sql.execution.datasources.jdbc.connection.ConnectionProviderBase.create(ConnectionProvider.scala:102)
[2025-11-01T00:00:12.835+0700] {subprocess.py:93} INFO - 	at org.apache.spark.sql.jdbc.JdbcDialect.$anonfun$createConnectionFactory$1(JdbcDialects.scala:160)
[2025-11-01T00:00:12.836+0700] {subprocess.py:93} INFO - 	at org.apache.spark.sql.jdbc.JdbcDialect.$anonfun$createConnectionFactory$1$adapted(JdbcDialects.scala:156)
[2025-11-01T00:00:12.836+0700] {subprocess.py:93} INFO - 	at org.apache.spark.sql.execution.datasources.jdbc.JdbcRelationProvider.createRelation(JdbcRelationProvider.scala:50)
[2025-11-01T00:00:12.836+0700] {subprocess.py:93} INFO - 	at org.apache.spark.sql.execution.datasources.SaveIntoDataSourceCommand.run(SaveIntoDataSourceCommand.scala:48)
[2025-11-01T00:00:12.836+0700] {subprocess.py:93} INFO - 	at org.apache.spark.sql.execution.command.ExecutedCommandExec.sideEffectResult$lzycompute(commands.scala:75)
[2025-11-01T00:00:12.836+0700] {subprocess.py:93} INFO - 	at org.apache.spark.sql.execution.command.ExecutedCommandExec.sideEffectResult(commands.scala:73)
[2025-11-01T00:00:12.837+0700] {subprocess.py:93} INFO - 	at org.apache.spark.sql.execution.command.ExecutedCommandExec.executeCollect(commands.scala:84)
[2025-11-01T00:00:12.837+0700] {subprocess.py:93} INFO - 	at org.apache.spark.sql.execution.QueryExecution$$anonfun$eagerlyExecuteCommands$1.$anonfun$applyOrElse$1(QueryExecution.scala:107)
[2025-11-01T00:00:12.837+0700] {subprocess.py:93} INFO - 	at org.apache.spark.sql.execution.SQLExecution$.$anonfun$withNewExecutionId$6(SQLExecution.scala:125)
[2025-11-01T00:00:12.837+0700] {subprocess.py:93} INFO - 	at org.apache.spark.sql.execution.SQLExecution$.withSQLConfPropagated(SQLExecution.scala:201)
[2025-11-01T00:00:12.837+0700] {subprocess.py:93} INFO - 	at org.apache.spark.sql.execution.SQLExecution$.$anonfun$withNewExecutionId$1(SQLExecution.scala:108)
[2025-11-01T00:00:12.838+0700] {subprocess.py:93} INFO - 	at org.apache.spark.sql.SparkSession.withActive(SparkSession.scala:900)
[2025-11-01T00:00:12.838+0700] {subprocess.py:93} INFO - 	at org.apache.spark.sql.execution.SQLExecution$.withNewExecutionId(SQLExecution.scala:66)
[2025-11-01T00:00:12.838+0700] {subprocess.py:93} INFO - 	at org.apache.spark.sql.execution.QueryExecution$$anonfun$eagerlyExecuteCommands$1.applyOrElse(QueryExecution.scala:107)
[2025-11-01T00:00:12.838+0700] {subprocess.py:93} INFO - 	at org.apache.spark.sql.execution.QueryExecution$$anonfun$eagerlyExecuteCommands$1.applyOrElse(QueryExecution.scala:98)
[2025-11-01T00:00:12.838+0700] {subprocess.py:93} INFO - 	at org.apache.spark.sql.catalyst.trees.TreeNode.$anonfun$transformDownWithPruning$1(TreeNode.scala:461)
[2025-11-01T00:00:12.839+0700] {subprocess.py:93} INFO - 	at org.apache.spark.sql.catalyst.trees.CurrentOrigin$.withOrigin(origin.scala:76)
[2025-11-01T00:00:12.839+0700] {subprocess.py:93} INFO - 	at org.apache.spark.sql.catalyst.trees.TreeNode.transformDownWithPruning(TreeNode.scala:461)
[2025-11-01T00:00:12.839+0700] {subprocess.py:93} INFO - 	at org.apache.spark.sql.catalyst.plans.logical.LogicalPlan.org$apache$spark$sql$catalyst$plans$logical$AnalysisHelper$$super$transformDownWithPruning(LogicalPlan.scala:32)
[2025-11-01T00:00:12.839+0700] {subprocess.py:93} INFO - 	at org.apache.spark.sql.catalyst.plans.logical.AnalysisHelper.transformDownWithPruning(AnalysisHelper.scala:267)
[2025-11-01T00:00:12.840+0700] {subprocess.py:93} INFO - 	at org.apache.spark.sql.catalyst.plans.logical.AnalysisHelper.transformDownWithPruning$(AnalysisHelper.scala:263)
[2025-11-01T00:00:12.840+0700] {subprocess.py:93} INFO - 	at org.apache.spark.sql.catalyst.plans.logical.LogicalPlan.transformDownWithPruning(LogicalPlan.scala:32)
[2025-11-01T00:00:12.840+0700] {subprocess.py:93} INFO - 	at org.apache.spark.sql.catalyst.plans.logical.LogicalPlan.transformDownWithPruning(LogicalPlan.scala:32)
[2025-11-01T00:00:12.840+0700] {subprocess.py:93} INFO - 	at org.apache.spark.sql.catalyst.trees.TreeNode.transformDown(TreeNode.scala:437)
[2025-11-01T00:00:12.840+0700] {subprocess.py:93} INFO - 	at org.apache.spark.sql.execution.QueryExecution.eagerlyExecuteCommands(QueryExecution.scala:98)
[2025-11-01T00:00:12.840+0700] {subprocess.py:93} INFO - 	at org.apache.spark.sql.execution.QueryExecution.commandExecuted$lzycompute(QueryExecution.scala:85)
[2025-11-01T00:00:12.841+0700] {subprocess.py:93} INFO - 	at org.apache.spark.sql.execution.QueryExecution.commandExecuted(QueryExecution.scala:83)
[2025-11-01T00:00:12.841+0700] {subprocess.py:93} INFO - 	at org.apache.spark.sql.execution.QueryExecution.assertCommandExecuted(QueryExecution.scala:142)
[2025-11-01T00:00:12.841+0700] {subprocess.py:93} INFO - 	at org.apache.spark.sql.DataFrameWriter.runCommand(DataFrameWriter.scala:859)
[2025-11-01T00:00:12.841+0700] {subprocess.py:93} INFO - 	at org.apache.spark.sql.DataFrameWriter.saveToV1Source(DataFrameWriter.scala:388)
[2025-11-01T00:00:12.841+0700] {subprocess.py:93} INFO - 	at org.apache.spark.sql.DataFrameWriter.saveInternal(DataFrameWriter.scala:361)
[2025-11-01T00:00:12.842+0700] {subprocess.py:93} INFO - 	at org.apache.spark.sql.DataFrameWriter.save(DataFrameWriter.scala:248)
[2025-11-01T00:00:12.842+0700] {subprocess.py:93} INFO - 	at org.apache.spark.sql.DataFrameWriter.jdbc(DataFrameWriter.scala:756)
[2025-11-01T00:00:12.842+0700] {subprocess.py:93} INFO - 	at java.base/jdk.internal.reflect.NativeMethodAccessorImpl.invoke0(Native Method)
[2025-11-01T00:00:12.842+0700] {subprocess.py:93} INFO - 	at java.base/jdk.internal.reflect.NativeMethodAccessorImpl.invoke(NativeMethodAccessorImpl.java:77)
[2025-11-01T00:00:12.842+0700] {subprocess.py:93} INFO - 	at java.base/jdk.internal.reflect.DelegatingMethodAccessorImpl.invoke(DelegatingMethodAccessorImpl.java:43)
[2025-11-01T00:00:12.842+0700] {subprocess.py:93} INFO - 	at java.base/java.lang.reflect.Method.invoke(Method.java:569)
[2025-11-01T00:00:12.843+0700] {subprocess.py:93} INFO - 	at py4j.reflection.MethodInvoker.invoke(MethodInvoker.java:244)
[2025-11-01T00:00:12.843+0700] {subprocess.py:93} INFO - 	at py4j.reflection.ReflectionEngine.invoke(ReflectionEngine.java:374)
[2025-11-01T00:00:12.843+0700] {subprocess.py:93} INFO - 	at py4j.Gateway.invoke(Gateway.java:282)
[2025-11-01T00:00:12.843+0700] {subprocess.py:93} INFO - 	at py4j.commands.AbstractCommand.invokeMethod(AbstractCommand.java:132)
[2025-11-01T00:00:12.843+0700] {subprocess.py:93} INFO - 	at py4j.commands.CallCommand.execute(CallCommand.java:79)
[2025-11-01T00:00:12.843+0700] {subprocess.py:93} INFO - 	at py4j.ClientServerConnection.sendCommand(ClientServerConnection.java:244)
[2025-11-01T00:00:12.844+0700] {subprocess.py:93} INFO - 	at py4j.CallbackClient.sendCommand(CallbackClient.java:384)
[2025-11-01T00:00:12.844+0700] {subprocess.py:93} INFO - 	at py4j.CallbackClient.sendCommand(CallbackClient.java:356)
[2025-11-01T00:00:12.844+0700] {subprocess.py:93} INFO - 	at py4j.reflection.PythonProxyHandler.invoke(PythonProxyHandler.java:106)
[2025-11-01T00:00:12.844+0700] {subprocess.py:93} INFO - 	at jdk.proxy3/jdk.proxy3.$Proxy31.call(Unknown Source)
[2025-11-01T00:00:12.844+0700] {subprocess.py:93} INFO - 	at org.apache.spark.sql.execution.streaming.sources.PythonForeachBatchHelper$.$anonfun$callForeachBatch$1(ForeachBatchSink.scala:53)
[2025-11-01T00:00:12.845+0700] {subprocess.py:93} INFO - 	at org.apache.spark.sql.execution.streaming.sources.PythonForeachBatchHelper$.$anonfun$callForeachBatch$1$adapted(ForeachBatchSink.scala:53)
[2025-11-01T00:00:12.845+0700] {subprocess.py:93} INFO - 	at org.apache.spark.sql.execution.streaming.sources.ForeachBatchSink.addBatch(ForeachBatchSink.scala:34)
[2025-11-01T00:00:12.845+0700] {subprocess.py:93} INFO - 	at org.apache.spark.sql.execution.streaming.MicroBatchExecution.$anonfun$runBatch$17(MicroBatchExecution.scala:732)
[2025-11-01T00:00:12.845+0700] {subprocess.py:93} INFO - 	at org.apache.spark.sql.execution.SQLExecution$.$anonfun$withNewExecutionId$6(SQLExecution.scala:125)
[2025-11-01T00:00:12.845+0700] {subprocess.py:93} INFO - 	at org.apache.spark.sql.execution.SQLExecution$.withSQLConfPropagated(SQLExecution.scala:201)
[2025-11-01T00:00:12.845+0700] {subprocess.py:93} INFO - 	at org.apache.spark.sql.execution.SQLExecution$.$anonfun$withNewExecutionId$1(SQLExecution.scala:108)
[2025-11-01T00:00:12.846+0700] {subprocess.py:93} INFO - 	at org.apache.spark.sql.SparkSession.withActive(SparkSession.scala:900)
[2025-11-01T00:00:12.846+0700] {subprocess.py:93} INFO - 	at org.apache.spark.sql.execution.SQLExecution$.withNewExecutionId(SQLExecution.scala:66)
[2025-11-01T00:00:12.846+0700] {subprocess.py:93} INFO - 	at org.apache.spark.sql.execution.streaming.MicroBatchExecution.$anonfun$runBatch$16(MicroBatchExecution.scala:729)
[2025-11-01T00:00:12.846+0700] {subprocess.py:93} INFO - 	at org.apache.spark.sql.execution.streaming.ProgressReporter.reportTimeTaken(ProgressReporter.scala:427)
[2025-11-01T00:00:12.846+0700] {subprocess.py:93} INFO - 	at org.apache.spark.sql.execution.streaming.ProgressReporter.reportTimeTaken$(ProgressReporter.scala:425)
[2025-11-01T00:00:12.847+0700] {subprocess.py:93} INFO - 	at org.apache.spark.sql.execution.streaming.StreamExecution.reportTimeTaken(StreamExecution.scala:67)
[2025-11-01T00:00:12.847+0700] {subprocess.py:93} INFO - 	at org.apache.spark.sql.execution.streaming.MicroBatchExecution.runBatch(MicroBatchExecution.scala:729)
[2025-11-01T00:00:12.847+0700] {subprocess.py:93} INFO - 	at org.apache.spark.sql.execution.streaming.MicroBatchExecution.$anonfun$runActivatedStream$2(MicroBatchExecution.scala:286)
[2025-11-01T00:00:12.847+0700] {subprocess.py:93} INFO - 	at scala.runtime.java8.JFunction0$mcV$sp.apply(JFunction0$mcV$sp.java:23)
[2025-11-01T00:00:12.847+0700] {subprocess.py:93} INFO - 	at org.apache.spark.sql.execution.streaming.ProgressReporter.reportTimeTaken(ProgressReporter.scala:427)
[2025-11-01T00:00:12.847+0700] {subprocess.py:93} INFO - 	at org.apache.spark.sql.execution.streaming.ProgressReporter.reportTimeTaken$(ProgressReporter.scala:425)
[2025-11-01T00:00:12.848+0700] {subprocess.py:93} INFO - 	at org.apache.spark.sql.execution.streaming.StreamExecution.reportTimeTaken(StreamExecution.scala:67)
[2025-11-01T00:00:12.848+0700] {subprocess.py:93} INFO - 	at org.apache.spark.sql.execution.streaming.MicroBatchExecution.$anonfun$runActivatedStream$1(MicroBatchExecution.scala:249)
[2025-11-01T00:00:12.848+0700] {subprocess.py:93} INFO - 	at org.apache.spark.sql.execution.streaming.ProcessingTimeExecutor.execute(TriggerExecutor.scala:67)
[2025-11-01T00:00:12.848+0700] {subprocess.py:93} INFO - 	at org.apache.spark.sql.execution.streaming.MicroBatchExecution.runActivatedStream(MicroBatchExecution.scala:239)
[2025-11-01T00:00:12.848+0700] {subprocess.py:93} INFO - 	at org.apache.spark.sql.execution.streaming.StreamExecution.$anonfun$runStream$1(StreamExecution.scala:311)
[2025-11-01T00:00:12.848+0700] {subprocess.py:93} INFO - 	at scala.runtime.java8.JFunction0$mcV$sp.apply(JFunction0$mcV$sp.java:23)
[2025-11-01T00:00:12.849+0700] {subprocess.py:93} INFO - 	at org.apache.spark.sql.SparkSession.withActive(SparkSession.scala:900)
[2025-11-01T00:00:12.849+0700] {subprocess.py:93} INFO - 	at org.apache.spark.sql.execution.streaming.StreamExecution.org$apache$spark$sql$execution$streaming$StreamExecution$$runStream(StreamExecution.scala:289)
[2025-11-01T00:00:12.849+0700] {subprocess.py:93} INFO - 	at org.apache.spark.sql.execution.streaming.StreamExecution$$anon$1.$anonfun$run$1(StreamExecution.scala:211)
[2025-11-01T00:00:12.849+0700] {subprocess.py:93} INFO - 	at scala.runtime.java8.JFunction0$mcV$sp.apply(JFunction0$mcV$sp.java:23)
[2025-11-01T00:00:12.849+0700] {subprocess.py:93} INFO - 	at org.apache.spark.JobArtifactSet$.withActiveJobArtifactState(JobArtifactSet.scala:94)
[2025-11-01T00:00:12.849+0700] {subprocess.py:93} INFO - 	at org.apache.spark.sql.execution.streaming.StreamExecution$$anon$1.run(StreamExecution.scala:211)
[2025-11-01T00:00:12.850+0700] {subprocess.py:93} INFO - 
[2025-11-01T00:00:12.850+0700] {subprocess.py:93} INFO - 
[2025-11-01T00:00:12.850+0700] {subprocess.py:93} INFO - 	at py4j.Protocol.getReturnValue(Protocol.java:476)
[2025-11-01T00:00:12.850+0700] {subprocess.py:93} INFO - 	at py4j.reflection.PythonProxyHandler.invoke(PythonProxyHandler.java:108)
[2025-11-01T00:00:12.850+0700] {subprocess.py:93} INFO - 	at jdk.proxy3/jdk.proxy3.$Proxy31.call(Unknown Source)
[2025-11-01T00:00:12.850+0700] {subprocess.py:93} INFO - 	at org.apache.spark.sql.execution.streaming.sources.PythonForeachBatchHelper$.$anonfun$callForeachBatch$1(ForeachBatchSink.scala:53)
[2025-11-01T00:00:12.851+0700] {subprocess.py:93} INFO - 	at org.apache.spark.sql.execution.streaming.sources.PythonForeachBatchHelper$.$anonfun$callForeachBatch$1$adapted(ForeachBatchSink.scala:53)
[2025-11-01T00:00:12.851+0700] {subprocess.py:93} INFO - 	at org.apache.spark.sql.execution.streaming.sources.ForeachBatchSink.addBatch(ForeachBatchSink.scala:34)
[2025-11-01T00:00:12.851+0700] {subprocess.py:93} INFO - 	at org.apache.spark.sql.execution.streaming.MicroBatchExecution.$anonfun$runBatch$17(MicroBatchExecution.scala:732)
[2025-11-01T00:00:12.851+0700] {subprocess.py:93} INFO - 	at org.apache.spark.sql.execution.SQLExecution$.$anonfun$withNewExecutionId$6(SQLExecution.scala:125)
[2025-11-01T00:00:12.851+0700] {subprocess.py:93} INFO - 	at org.apache.spark.sql.execution.SQLExecution$.withSQLConfPropagated(SQLExecution.scala:201)
[2025-11-01T00:00:12.852+0700] {subprocess.py:93} INFO - 	at org.apache.spark.sql.execution.SQLExecution$.$anonfun$withNewExecutionId$1(SQLExecution.scala:108)
[2025-11-01T00:00:12.852+0700] {subprocess.py:93} INFO - 	at org.apache.spark.sql.SparkSession.withActive(SparkSession.scala:900)
[2025-11-01T00:00:12.852+0700] {subprocess.py:93} INFO - 	at org.apache.spark.sql.execution.SQLExecution$.withNewExecutionId(SQLExecution.scala:66)
[2025-11-01T00:00:12.852+0700] {subprocess.py:93} INFO - 	at org.apache.spark.sql.execution.streaming.MicroBatchExecution.$anonfun$runBatch$16(MicroBatchExecution.scala:729)
[2025-11-01T00:00:12.853+0700] {subprocess.py:93} INFO - 	at org.apache.spark.sql.execution.streaming.ProgressReporter.reportTimeTaken(ProgressReporter.scala:427)
[2025-11-01T00:00:12.853+0700] {subprocess.py:93} INFO - 	at org.apache.spark.sql.execution.streaming.ProgressReporter.reportTimeTaken$(ProgressReporter.scala:425)
[2025-11-01T00:00:12.853+0700] {subprocess.py:93} INFO - 	at org.apache.spark.sql.execution.streaming.StreamExecution.reportTimeTaken(StreamExecution.scala:67)
[2025-11-01T00:00:12.853+0700] {subprocess.py:93} INFO - 	at org.apache.spark.sql.execution.streaming.MicroBatchExecution.runBatch(MicroBatchExecution.scala:729)
[2025-11-01T00:00:12.854+0700] {subprocess.py:93} INFO - 	at org.apache.spark.sql.execution.streaming.MicroBatchExecution.$anonfun$runActivatedStream$2(MicroBatchExecution.scala:286)
[2025-11-01T00:00:12.854+0700] {subprocess.py:93} INFO - 	at scala.runtime.java8.JFunction0$mcV$sp.apply(JFunction0$mcV$sp.java:23)
[2025-11-01T00:00:12.854+0700] {subprocess.py:93} INFO - 	at org.apache.spark.sql.execution.streaming.ProgressReporter.reportTimeTaken(ProgressReporter.scala:427)
[2025-11-01T00:00:12.854+0700] {subprocess.py:93} INFO - 	at org.apache.spark.sql.execution.streaming.ProgressReporter.reportTimeTaken$(ProgressReporter.scala:425)
[2025-11-01T00:00:12.854+0700] {subprocess.py:93} INFO - 	at org.apache.spark.sql.execution.streaming.StreamExecution.reportTimeTaken(StreamExecution.scala:67)
[2025-11-01T00:00:12.854+0700] {subprocess.py:93} INFO - 	at org.apache.spark.sql.execution.streaming.MicroBatchExecution.$anonfun$runActivatedStream$1(MicroBatchExecution.scala:249)
[2025-11-01T00:00:12.855+0700] {subprocess.py:93} INFO - 	at org.apache.spark.sql.execution.streaming.ProcessingTimeExecutor.execute(TriggerExecutor.scala:67)
[2025-11-01T00:00:12.855+0700] {subprocess.py:93} INFO - 	at org.apache.spark.sql.execution.streaming.MicroBatchExecution.runActivatedStream(MicroBatchExecution.scala:239)
[2025-11-01T00:00:12.855+0700] {subprocess.py:93} INFO - 	at org.apache.spark.sql.execution.streaming.StreamExecution.$anonfun$runStream$1(StreamExecution.scala:311)
[2025-11-01T00:00:12.855+0700] {subprocess.py:93} INFO - 	at scala.runtime.java8.JFunction0$mcV$sp.apply(JFunction0$mcV$sp.java:23)
[2025-11-01T00:00:12.855+0700] {subprocess.py:93} INFO - 	at org.apache.spark.sql.SparkSession.withActive(SparkSession.scala:900)
[2025-11-01T00:00:12.856+0700] {subprocess.py:93} INFO - 	at org.apache.spark.sql.execution.streaming.StreamExecution.org$apache$spark$sql$execution$streaming$StreamExecution$$runStream(StreamExecution.scala:289)
[2025-11-01T00:00:12.856+0700] {subprocess.py:93} INFO - 	at org.apache.spark.sql.execution.streaming.StreamExecution$$anon$1.$anonfun$run$1(StreamExecution.scala:211)
[2025-11-01T00:00:12.856+0700] {subprocess.py:93} INFO - 	at scala.runtime.java8.JFunction0$mcV$sp.apply(JFunction0$mcV$sp.java:23)
[2025-11-01T00:00:12.856+0700] {subprocess.py:93} INFO - 	at org.apache.spark.JobArtifactSet$.withActiveJobArtifactState(JobArtifactSet.scala:94)
[2025-11-01T00:00:12.856+0700] {subprocess.py:93} INFO - 	at org.apache.spark.sql.execution.streaming.StreamExecution$$anon$1.run(StreamExecution.scala:211)
[2025-11-01T00:00:12.971+0700] {subprocess.py:93} INFO - Traceback (most recent call last):
[2025-11-01T00:00:12.972+0700] {subprocess.py:93} INFO -   File "/opt/***/projects/vehicle_count/scripts/vehicle_consumer.py", line 161, in <module>
[2025-11-01T00:00:12.972+0700] {subprocess.py:93} INFO -     query.awaitTermination()
[2025-11-01T00:00:12.972+0700] {subprocess.py:93} INFO -   File "/home/***/.local/lib/python3.12/site-packages/pyspark/python/lib/pyspark.zip/pyspark/sql/streaming/query.py", line 221, in awaitTermination
[2025-11-01T00:00:12.973+0700] {subprocess.py:93} INFO -   File "/home/***/.local/lib/python3.12/site-packages/pyspark/python/lib/py4j-0.10.9.7-src.zip/py4j/java_gateway.py", line 1322, in __call__
[2025-11-01T00:00:12.973+0700] {subprocess.py:93} INFO -   File "/home/***/.local/lib/python3.12/site-packages/pyspark/python/lib/pyspark.zip/pyspark/errors/exceptions/captured.py", line 185, in deco
[2025-11-01T00:00:12.976+0700] {subprocess.py:93} INFO - pyspark.errors.exceptions.captured.StreamingQueryException: [STREAM_FAILED] Query [id = c9cf82bd-833d-444b-883e-2e3225f57b31, runId = 7132d93c-84a5-471b-a589-d5a9a3c6ef13] terminated with exception: An exception was raised by the Python Proxy. Return Message: Traceback (most recent call last):
[2025-11-01T00:00:12.976+0700] {subprocess.py:93} INFO -   File "/home/***/.local/lib/python3.12/site-packages/pyspark/python/lib/py4j-0.10.9.7-src.zip/py4j/clientserver.py", line 617, in _call_proxy
[2025-11-01T00:00:12.976+0700] {subprocess.py:93} INFO -     return_value = getattr(self.pool[obj_id], method)(*params)
[2025-11-01T00:00:12.977+0700] {subprocess.py:93} INFO -                    ^^^^^^^^^^^^^^^^^^^^^^^^^^^^^^^^^^^^^^^^^^^
[2025-11-01T00:00:12.977+0700] {subprocess.py:93} INFO -   File "/home/***/.local/lib/python3.12/site-packages/pyspark/python/lib/pyspark.zip/pyspark/sql/utils.py", line 120, in call
[2025-11-01T00:00:12.977+0700] {subprocess.py:93} INFO -     raise e
[2025-11-01T00:00:12.977+0700] {subprocess.py:93} INFO -   File "/home/***/.local/lib/python3.12/site-packages/pyspark/python/lib/pyspark.zip/pyspark/sql/utils.py", line 117, in call
[2025-11-01T00:00:12.977+0700] {subprocess.py:93} INFO -     self.func(DataFrame(jdf, wrapped_session_jdf), batch_id)
[2025-11-01T00:00:12.978+0700] {subprocess.py:93} INFO -   File "/opt/***/projects/vehicle_count/scripts/vehicle_consumer.py", line 144, in write_to_postgres
[2025-11-01T00:00:12.978+0700] {subprocess.py:93} INFO -     .jdbc(
[2025-11-01T00:00:12.978+0700] {subprocess.py:93} INFO -      ^^^^^
[2025-11-01T00:00:12.978+0700] {subprocess.py:93} INFO -   File "/home/***/.local/lib/python3.12/site-packages/pyspark/python/lib/pyspark.zip/pyspark/sql/readwriter.py", line 1984, in jdbc
[2025-11-01T00:00:12.979+0700] {subprocess.py:93} INFO -     self.mode(mode)._jwrite.jdbc(url, table, jprop)
[2025-11-01T00:00:12.979+0700] {subprocess.py:93} INFO -   File "/home/***/.local/lib/python3.12/site-packages/pyspark/python/lib/py4j-0.10.9.7-src.zip/py4j/java_gateway.py", line 1322, in __call__
[2025-11-01T00:00:12.979+0700] {subprocess.py:93} INFO -     return_value = get_return_value(
[2025-11-01T00:00:12.979+0700] {subprocess.py:93} INFO -                    ^^^^^^^^^^^^^^^^^
[2025-11-01T00:00:12.980+0700] {subprocess.py:93} INFO -   File "/home/***/.local/lib/python3.12/site-packages/pyspark/python/lib/pyspark.zip/pyspark/errors/exceptions/captured.py", line 179, in deco
[2025-11-01T00:00:12.980+0700] {subprocess.py:93} INFO -     return f(*a, **kw)
[2025-11-01T00:00:12.980+0700] {subprocess.py:93} INFO -            ^^^^^^^^^^^
[2025-11-01T00:00:12.980+0700] {subprocess.py:93} INFO -   File "/home/***/.local/lib/python3.12/site-packages/pyspark/python/lib/py4j-0.10.9.7-src.zip/py4j/protocol.py", line 326, in get_return_value
[2025-11-01T00:00:12.980+0700] {subprocess.py:93} INFO -     raise Py4JJavaError(
[2025-11-01T00:00:12.980+0700] {subprocess.py:93} INFO - py4j.protocol.Py4JJavaError: An error occurred while calling o100.jdbc.
[2025-11-01T00:00:12.981+0700] {subprocess.py:93} INFO - : org.postgresql.util.PSQLException: FATAL: database "vehicle_db" does not exist
[2025-11-01T00:00:12.981+0700] {subprocess.py:93} INFO - 	at org.postgresql.core.v3.QueryExecutorImpl.receiveErrorResponse(QueryExecutorImpl.java:2713)
[2025-11-01T00:00:12.981+0700] {subprocess.py:93} INFO - 	at org.postgresql.core.v3.QueryExecutorImpl.readStartupMessages(QueryExecutorImpl.java:2825)
[2025-11-01T00:00:12.981+0700] {subprocess.py:93} INFO - 	at org.postgresql.core.v3.QueryExecutorImpl.<init>(QueryExecutorImpl.java:175)
[2025-11-01T00:00:12.981+0700] {subprocess.py:93} INFO - 	at org.postgresql.core.v3.ConnectionFactoryImpl.openConnectionImpl(ConnectionFactoryImpl.java:313)
[2025-11-01T00:00:12.981+0700] {subprocess.py:93} INFO - 	at org.postgresql.core.ConnectionFactory.openConnection(ConnectionFactory.java:54)
[2025-11-01T00:00:12.982+0700] {subprocess.py:93} INFO - 	at org.postgresql.jdbc.PgConnection.<init>(PgConnection.java:263)
[2025-11-01T00:00:12.982+0700] {subprocess.py:93} INFO - 	at org.postgresql.Driver.makeConnection(Driver.java:443)
[2025-11-01T00:00:12.982+0700] {subprocess.py:93} INFO - 	at org.postgresql.Driver.connect(Driver.java:297)
[2025-11-01T00:00:12.982+0700] {subprocess.py:93} INFO - 	at org.apache.spark.sql.execution.datasources.jdbc.connection.BasicConnectionProvider.getConnection(BasicConnectionProvider.scala:49)
[2025-11-01T00:00:12.982+0700] {subprocess.py:93} INFO - 	at org.apache.spark.sql.execution.datasources.jdbc.connection.ConnectionProviderBase.create(ConnectionProvider.scala:102)
[2025-11-01T00:00:12.983+0700] {subprocess.py:93} INFO - 	at org.apache.spark.sql.jdbc.JdbcDialect.$anonfun$createConnectionFactory$1(JdbcDialects.scala:160)
[2025-11-01T00:00:12.983+0700] {subprocess.py:93} INFO - 	at org.apache.spark.sql.jdbc.JdbcDialect.$anonfun$createConnectionFactory$1$adapted(JdbcDialects.scala:156)
[2025-11-01T00:00:12.983+0700] {subprocess.py:93} INFO - 	at org.apache.spark.sql.execution.datasources.jdbc.JdbcRelationProvider.createRelation(JdbcRelationProvider.scala:50)
[2025-11-01T00:00:12.984+0700] {subprocess.py:93} INFO - 	at org.apache.spark.sql.execution.datasources.SaveIntoDataSourceCommand.run(SaveIntoDataSourceCommand.scala:48)
[2025-11-01T00:00:12.984+0700] {subprocess.py:93} INFO - 	at org.apache.spark.sql.execution.command.ExecutedCommandExec.sideEffectResult$lzycompute(commands.scala:75)
[2025-11-01T00:00:12.984+0700] {subprocess.py:93} INFO - 	at org.apache.spark.sql.execution.command.ExecutedCommandExec.sideEffectResult(commands.scala:73)
[2025-11-01T00:00:12.984+0700] {subprocess.py:93} INFO - 	at org.apache.spark.sql.execution.command.ExecutedCommandExec.executeCollect(commands.scala:84)
[2025-11-01T00:00:12.985+0700] {subprocess.py:93} INFO - 	at org.apache.spark.sql.execution.QueryExecution$$anonfun$eagerlyExecuteCommands$1.$anonfun$applyOrElse$1(QueryExecution.scala:107)
[2025-11-01T00:00:12.985+0700] {subprocess.py:93} INFO - 	at org.apache.spark.sql.execution.SQLExecution$.$anonfun$withNewExecutionId$6(SQLExecution.scala:125)
[2025-11-01T00:00:12.985+0700] {subprocess.py:93} INFO - 	at org.apache.spark.sql.execution.SQLExecution$.withSQLConfPropagated(SQLExecution.scala:201)
[2025-11-01T00:00:12.985+0700] {subprocess.py:93} INFO - 	at org.apache.spark.sql.execution.SQLExecution$.$anonfun$withNewExecutionId$1(SQLExecution.scala:108)
[2025-11-01T00:00:12.985+0700] {subprocess.py:93} INFO - 	at org.apache.spark.sql.SparkSession.withActive(SparkSession.scala:900)
[2025-11-01T00:00:12.986+0700] {subprocess.py:93} INFO - 	at org.apache.spark.sql.execution.SQLExecution$.withNewExecutionId(SQLExecution.scala:66)
[2025-11-01T00:00:12.986+0700] {subprocess.py:93} INFO - 	at org.apache.spark.sql.execution.QueryExecution$$anonfun$eagerlyExecuteCommands$1.applyOrElse(QueryExecution.scala:107)
[2025-11-01T00:00:12.986+0700] {subprocess.py:93} INFO - 	at org.apache.spark.sql.execution.QueryExecution$$anonfun$eagerlyExecuteCommands$1.applyOrElse(QueryExecution.scala:98)
[2025-11-01T00:00:12.986+0700] {subprocess.py:93} INFO - 	at org.apache.spark.sql.catalyst.trees.TreeNode.$anonfun$transformDownWithPruning$1(TreeNode.scala:461)
[2025-11-01T00:00:12.986+0700] {subprocess.py:93} INFO - 	at org.apache.spark.sql.catalyst.trees.CurrentOrigin$.withOrigin(origin.scala:76)
[2025-11-01T00:00:12.986+0700] {subprocess.py:93} INFO - 	at org.apache.spark.sql.catalyst.trees.TreeNode.transformDownWithPruning(TreeNode.scala:461)
[2025-11-01T00:00:12.986+0700] {subprocess.py:93} INFO - 	at org.apache.spark.sql.catalyst.plans.logical.LogicalPlan.org$apache$spark$sql$catalyst$plans$logical$AnalysisHelper$$super$transformDownWithPruning(LogicalPlan.scala:32)
[2025-11-01T00:00:12.987+0700] {subprocess.py:93} INFO - 	at org.apache.spark.sql.catalyst.plans.logical.AnalysisHelper.transformDownWithPruning(AnalysisHelper.scala:267)
[2025-11-01T00:00:12.987+0700] {subprocess.py:93} INFO - 	at org.apache.spark.sql.catalyst.plans.logical.AnalysisHelper.transformDownWithPruning$(AnalysisHelper.scala:263)
[2025-11-01T00:00:12.987+0700] {subprocess.py:93} INFO - 	at org.apache.spark.sql.catalyst.plans.logical.LogicalPlan.transformDownWithPruning(LogicalPlan.scala:32)
[2025-11-01T00:00:12.987+0700] {subprocess.py:93} INFO - 	at org.apache.spark.sql.catalyst.plans.logical.LogicalPlan.transformDownWithPruning(LogicalPlan.scala:32)
[2025-11-01T00:00:12.987+0700] {subprocess.py:93} INFO - 	at org.apache.spark.sql.catalyst.trees.TreeNode.transformDown(TreeNode.scala:437)
[2025-11-01T00:00:12.987+0700] {subprocess.py:93} INFO - 	at org.apache.spark.sql.execution.QueryExecution.eagerlyExecuteCommands(QueryExecution.scala:98)
[2025-11-01T00:00:12.988+0700] {subprocess.py:93} INFO - 	at org.apache.spark.sql.execution.QueryExecution.commandExecuted$lzycompute(QueryExecution.scala:85)
[2025-11-01T00:00:12.988+0700] {subprocess.py:93} INFO - 	at org.apache.spark.sql.execution.QueryExecution.commandExecuted(QueryExecution.scala:83)
[2025-11-01T00:00:12.988+0700] {subprocess.py:93} INFO - 	at org.apache.spark.sql.execution.QueryExecution.assertCommandExecuted(QueryExecution.scala:142)
[2025-11-01T00:00:12.988+0700] {subprocess.py:93} INFO - 	at org.apache.spark.sql.DataFrameWriter.runCommand(DataFrameWriter.scala:859)
[2025-11-01T00:00:12.989+0700] {subprocess.py:93} INFO - 	at org.apache.spark.sql.DataFrameWriter.saveToV1Source(DataFrameWriter.scala:388)
[2025-11-01T00:00:12.989+0700] {subprocess.py:93} INFO - 	at org.apache.spark.sql.DataFrameWriter.saveInternal(DataFrameWriter.scala:361)
[2025-11-01T00:00:12.989+0700] {subprocess.py:93} INFO - 	at org.apache.spark.sql.DataFrameWriter.save(DataFrameWriter.scala:248)
[2025-11-01T00:00:12.989+0700] {subprocess.py:93} INFO - 	at org.apache.spark.sql.DataFrameWriter.jdbc(DataFrameWriter.scala:756)
[2025-11-01T00:00:12.989+0700] {subprocess.py:93} INFO - 	at java.base/jdk.internal.reflect.NativeMethodAccessorImpl.invoke0(Native Method)
[2025-11-01T00:00:12.990+0700] {subprocess.py:93} INFO - 	at java.base/jdk.internal.reflect.NativeMethodAccessorImpl.invoke(NativeMethodAccessorImpl.java:77)
[2025-11-01T00:00:12.990+0700] {subprocess.py:93} INFO - 	at java.base/jdk.internal.reflect.DelegatingMethodAccessorImpl.invoke(DelegatingMethodAccessorImpl.java:43)
[2025-11-01T00:00:12.990+0700] {subprocess.py:93} INFO - 	at java.base/java.lang.reflect.Method.invoke(Method.java:569)
[2025-11-01T00:00:12.990+0700] {subprocess.py:93} INFO - 	at py4j.reflection.MethodInvoker.invoke(MethodInvoker.java:244)
[2025-11-01T00:00:12.990+0700] {subprocess.py:93} INFO - 	at py4j.reflection.ReflectionEngine.invoke(ReflectionEngine.java:374)
[2025-11-01T00:00:12.990+0700] {subprocess.py:93} INFO - 	at py4j.Gateway.invoke(Gateway.java:282)
[2025-11-01T00:00:12.991+0700] {subprocess.py:93} INFO - 	at py4j.commands.AbstractCommand.invokeMethod(AbstractCommand.java:132)
[2025-11-01T00:00:12.991+0700] {subprocess.py:93} INFO - 	at py4j.commands.CallCommand.execute(CallCommand.java:79)
[2025-11-01T00:00:12.991+0700] {subprocess.py:93} INFO - 	at py4j.ClientServerConnection.sendCommand(ClientServerConnection.java:244)
[2025-11-01T00:00:12.991+0700] {subprocess.py:93} INFO - 	at py4j.CallbackClient.sendCommand(CallbackClient.java:384)
[2025-11-01T00:00:12.991+0700] {subprocess.py:93} INFO - 	at py4j.CallbackClient.sendCommand(CallbackClient.java:356)
[2025-11-01T00:00:12.991+0700] {subprocess.py:93} INFO - 	at py4j.reflection.PythonProxyHandler.invoke(PythonProxyHandler.java:106)
[2025-11-01T00:00:12.992+0700] {subprocess.py:93} INFO - 	at jdk.proxy3/jdk.proxy3.$Proxy31.call(Unknown Source)
[2025-11-01T00:00:12.992+0700] {subprocess.py:93} INFO - 	at org.apache.spark.sql.execution.streaming.sources.PythonForeachBatchHelper$.$anonfun$callForeachBatch$1(ForeachBatchSink.scala:53)
[2025-11-01T00:00:12.992+0700] {subprocess.py:93} INFO - 	at org.apache.spark.sql.execution.streaming.sources.PythonForeachBatchHelper$.$anonfun$callForeachBatch$1$adapted(ForeachBatchSink.scala:53)
[2025-11-01T00:00:12.992+0700] {subprocess.py:93} INFO - 	at org.apache.spark.sql.execution.streaming.sources.ForeachBatchSink.addBatch(ForeachBatchSink.scala:34)
[2025-11-01T00:00:12.992+0700] {subprocess.py:93} INFO - 	at org.apache.spark.sql.execution.streaming.MicroBatchExecution.$anonfun$runBatch$17(MicroBatchExecution.scala:732)
[2025-11-01T00:00:12.992+0700] {subprocess.py:93} INFO - 	at org.apache.spark.sql.execution.SQLExecution$.$anonfun$withNewExecutionId$6(SQLExecution.scala:125)
[2025-11-01T00:00:12.992+0700] {subprocess.py:93} INFO - 	at org.apache.spark.sql.execution.SQLExecution$.withSQLConfPropagated(SQLExecution.scala:201)
[2025-11-01T00:00:12.993+0700] {subprocess.py:93} INFO - 	at org.apache.spark.sql.execution.SQLExecution$.$anonfun$withNewExecutionId$1(SQLExecution.scala:108)
[2025-11-01T00:00:12.993+0700] {subprocess.py:93} INFO - 	at org.apache.spark.sql.SparkSession.withActive(SparkSession.scala:900)
[2025-11-01T00:00:12.993+0700] {subprocess.py:93} INFO - 	at org.apache.spark.sql.execution.SQLExecution$.withNewExecutionId(SQLExecution.scala:66)
[2025-11-01T00:00:12.993+0700] {subprocess.py:93} INFO - 	at org.apache.spark.sql.execution.streaming.MicroBatchExecution.$anonfun$runBatch$16(MicroBatchExecution.scala:729)
[2025-11-01T00:00:12.993+0700] {subprocess.py:93} INFO - 	at org.apache.spark.sql.execution.streaming.ProgressReporter.reportTimeTaken(ProgressReporter.scala:427)
[2025-11-01T00:00:12.993+0700] {subprocess.py:93} INFO - 	at org.apache.spark.sql.execution.streaming.ProgressReporter.reportTimeTaken$(ProgressReporter.scala:425)
[2025-11-01T00:00:12.994+0700] {subprocess.py:93} INFO - 	at org.apache.spark.sql.execution.streaming.StreamExecution.reportTimeTaken(StreamExecution.scala:67)
[2025-11-01T00:00:12.994+0700] {subprocess.py:93} INFO - 	at org.apache.spark.sql.execution.streaming.MicroBatchExecution.runBatch(MicroBatchExecution.scala:729)
[2025-11-01T00:00:12.994+0700] {subprocess.py:93} INFO - 	at org.apache.spark.sql.execution.streaming.MicroBatchExecution.$anonfun$runActivatedStream$2(MicroBatchExecution.scala:286)
[2025-11-01T00:00:12.994+0700] {subprocess.py:93} INFO - 	at scala.runtime.java8.JFunction0$mcV$sp.apply(JFunction0$mcV$sp.java:23)
[2025-11-01T00:00:12.994+0700] {subprocess.py:93} INFO - 	at org.apache.spark.sql.execution.streaming.ProgressReporter.reportTimeTaken(ProgressReporter.scala:427)
[2025-11-01T00:00:12.995+0700] {subprocess.py:93} INFO - 	at org.apache.spark.sql.execution.streaming.ProgressReporter.reportTimeTaken$(ProgressReporter.scala:425)
[2025-11-01T00:00:12.995+0700] {subprocess.py:93} INFO - 	at org.apache.spark.sql.execution.streaming.StreamExecution.reportTimeTaken(StreamExecution.scala:67)
[2025-11-01T00:00:12.995+0700] {subprocess.py:93} INFO - 	at org.apache.spark.sql.execution.streaming.MicroBatchExecution.$anonfun$runActivatedStream$1(MicroBatchExecution.scala:249)
[2025-11-01T00:00:12.995+0700] {subprocess.py:93} INFO - 	at org.apache.spark.sql.execution.streaming.ProcessingTimeExecutor.execute(TriggerExecutor.scala:67)
[2025-11-01T00:00:12.995+0700] {subprocess.py:93} INFO - 	at org.apache.spark.sql.execution.streaming.MicroBatchExecution.runActivatedStream(MicroBatchExecution.scala:239)
[2025-11-01T00:00:12.996+0700] {subprocess.py:93} INFO - 	at org.apache.spark.sql.execution.streaming.StreamExecution.$anonfun$runStream$1(StreamExecution.scala:311)
[2025-11-01T00:00:12.996+0700] {subprocess.py:93} INFO - 	at scala.runtime.java8.JFunction0$mcV$sp.apply(JFunction0$mcV$sp.java:23)
[2025-11-01T00:00:12.996+0700] {subprocess.py:93} INFO - 	at org.apache.spark.sql.SparkSession.withActive(SparkSession.scala:900)
[2025-11-01T00:00:12.996+0700] {subprocess.py:93} INFO - 	at org.apache.spark.sql.execution.streaming.StreamExecution.org$apache$spark$sql$execution$streaming$StreamExecution$$runStream(StreamExecution.scala:289)
[2025-11-01T00:00:12.996+0700] {subprocess.py:93} INFO - 	at org.apache.spark.sql.execution.streaming.StreamExecution$$anon$1.$anonfun$run$1(StreamExecution.scala:211)
[2025-11-01T00:00:12.997+0700] {subprocess.py:93} INFO - 	at scala.runtime.java8.JFunction0$mcV$sp.apply(JFunction0$mcV$sp.java:23)
[2025-11-01T00:00:12.997+0700] {subprocess.py:93} INFO - 	at org.apache.spark.JobArtifactSet$.withActiveJobArtifactState(JobArtifactSet.scala:94)
[2025-11-01T00:00:12.997+0700] {subprocess.py:93} INFO - 	at org.apache.spark.sql.execution.streaming.StreamExecution$$anon$1.run(StreamExecution.scala:211)
[2025-11-01T00:00:12.997+0700] {subprocess.py:93} INFO - 
[2025-11-01T00:00:12.997+0700] {subprocess.py:93} INFO - 
[2025-11-01T00:00:13.492+0700] {subprocess.py:97} INFO - Command exited with return code 1
[2025-11-01T00:00:13.495+0700] {taskinstance.py:441} INFO - ::group::Post task execution logs
[2025-11-01T00:00:13.507+0700] {taskinstance.py:2890} ERROR - Task failed with exception
Traceback (most recent call last):
  File "/home/airflow/.local/lib/python3.12/site-packages/airflow/models/taskinstance.py", line 460, in _execute_task
    result = _execute_callable(context=context, **execute_callable_kwargs)
             ^^^^^^^^^^^^^^^^^^^^^^^^^^^^^^^^^^^^^^^^^^^^^^^^^^^^^^^^^^^^^
  File "/home/airflow/.local/lib/python3.12/site-packages/airflow/models/taskinstance.py", line 432, in _execute_callable
    return execute_callable(context=context, **execute_callable_kwargs)
           ^^^^^^^^^^^^^^^^^^^^^^^^^^^^^^^^^^^^^^^^^^^^^^^^^^^^^^^^^^^^
  File "/home/airflow/.local/lib/python3.12/site-packages/airflow/models/baseoperator.py", line 400, in wrapper
    return func(self, *args, **kwargs)
           ^^^^^^^^^^^^^^^^^^^^^^^^^^^
  File "/home/airflow/.local/lib/python3.12/site-packages/airflow/operators/bash.py", line 243, in execute
    raise AirflowException(
airflow.exceptions.AirflowException: Bash command failed. The command returned a non-zero exit code 1.
[2025-11-01T00:00:13.511+0700] {taskinstance.py:1205} INFO - Marking task as UP_FOR_RETRY. dag_id=vehicle_pipeline_new_dag, task_id=start_vehicle_consumer, execution_date=20251031T160000, start_date=20251031T170001, end_date=20251031T170013
[2025-11-01T00:00:13.520+0700] {standard_task_runner.py:110} ERROR - Failed to execute job 516 for task start_vehicle_consumer (Bash command failed. The command returned a non-zero exit code 1.; 19047)
[2025-11-01T00:00:13.573+0700] {local_task_job_runner.py:240} INFO - Task exited with return code 1
[2025-11-01T00:00:13.593+0700] {taskinstance.py:3482} INFO - 0 downstream tasks scheduled from follow-on schedule check
[2025-11-01T00:00:13.595+0700] {local_task_job_runner.py:222} INFO - ::endgroup::
