[2025-11-01T00:02:15.001+0700] {local_task_job_runner.py:120} INFO - ::group::Pre task execution logs
[2025-11-01T00:02:15.017+0700] {taskinstance.py:2073} INFO - Dependencies all met for dep_context=non-requeueable deps ti=<TaskInstance: vehicle_pipeline_new_dag.start_vehicle_consumer scheduled__2025-10-31T16:00:00+00:00 [queued]>
[2025-11-01T00:02:15.022+0700] {taskinstance.py:2073} INFO - Dependencies all met for dep_context=requeueable deps ti=<TaskInstance: vehicle_pipeline_new_dag.start_vehicle_consumer scheduled__2025-10-31T16:00:00+00:00 [queued]>
[2025-11-01T00:02:15.022+0700] {taskinstance.py:2303} INFO - Starting attempt 2 of 3
[2025-11-01T00:02:15.030+0700] {taskinstance.py:2327} INFO - Executing <Task(BashOperator): start_vehicle_consumer> on 2025-10-31 16:00:00+00:00
[2025-11-01T00:02:15.035+0700] {warnings.py:110} WARNING - /home/***/.local/lib/python3.12/site-packages/***/task/task_runner/standard_task_runner.py:61: DeprecationWarning: This process (pid=23207) is multi-threaded, use of fork() may lead to deadlocks in the child.
  pid = os.fork()

[2025-11-01T00:02:15.037+0700] {standard_task_runner.py:63} INFO - Started process 23250 to run task
[2025-11-01T00:02:15.038+0700] {standard_task_runner.py:90} INFO - Running: ['***', 'tasks', 'run', 'vehicle_pipeline_new_dag', 'start_vehicle_consumer', 'scheduled__2025-10-31T16:00:00+00:00', '--job-id', '521', '--raw', '--subdir', 'DAGS_FOLDER/vehicel_pipeline_new_dag.py', '--cfg-path', '/tmp/tmp3egifbly']
[2025-11-01T00:02:15.041+0700] {standard_task_runner.py:91} INFO - Job 521: Subtask start_vehicle_consumer
[2025-11-01T00:02:15.088+0700] {task_command.py:426} INFO - Running <TaskInstance: vehicle_pipeline_new_dag.start_vehicle_consumer scheduled__2025-10-31T16:00:00+00:00 [running]> on host f7bb1ad77e89
[2025-11-01T00:02:15.150+0700] {taskinstance.py:2644} INFO - Exporting env vars: AIRFLOW_CTX_DAG_OWNER='***' AIRFLOW_CTX_DAG_ID='vehicle_pipeline_new_dag' AIRFLOW_CTX_TASK_ID='start_vehicle_consumer' AIRFLOW_CTX_EXECUTION_DATE='2025-10-31T16:00:00+00:00' AIRFLOW_CTX_TRY_NUMBER='2' AIRFLOW_CTX_DAG_RUN_ID='scheduled__2025-10-31T16:00:00+00:00'
[2025-11-01T00:02:15.152+0700] {taskinstance.py:430} INFO - ::endgroup::
[2025-11-01T00:02:15.153+0700] {subprocess.py:63} INFO - Tmp dir root location: /tmp
[2025-11-01T00:02:15.153+0700] {subprocess.py:75} INFO - Running command: ['/usr/bin/bash', '-c', 'bash -c "timeout 45m bash /opt/***/projects/vehicle_count/scripts/run_consumer.sh"']
[2025-11-01T00:02:15.183+0700] {subprocess.py:86} INFO - Output:
[2025-11-01T00:02:15.200+0700] {subprocess.py:93} INFO - [Consumer] Starting Spark Structured Streaming job...
[2025-11-01T00:02:15.303+0700] {subprocess.py:93} INFO - /home/***/.local/lib/python3.12/site-packages/pyspark/bin/load-spark-env.sh: line 68: ps: command not found
[2025-11-01T00:02:16.189+0700] {subprocess.py:93} INFO - :: loading settings :: url = jar:file:/home/***/.local/lib/python3.12/site-packages/pyspark/jars/ivy-2.5.1.jar!/org/apache/ivy/core/settings/ivysettings.xml
[2025-11-01T00:02:16.222+0700] {subprocess.py:93} INFO - Ivy Default Cache set to: /home/***/.ivy2/cache
[2025-11-01T00:02:16.222+0700] {subprocess.py:93} INFO - The jars for the packages stored in: /home/***/.ivy2/jars
[2025-11-01T00:02:16.224+0700] {subprocess.py:93} INFO - org.apache.spark#spark-sql-kafka-0-10_2.12 added as a dependency
[2025-11-01T00:02:16.224+0700] {subprocess.py:93} INFO - org.postgresql#postgresql added as a dependency
[2025-11-01T00:02:16.225+0700] {subprocess.py:93} INFO - :: resolving dependencies :: org.apache.spark#spark-submit-parent-b7a17641-fc26-4c2b-abb2-e882745fb391;1.0
[2025-11-01T00:02:16.225+0700] {subprocess.py:93} INFO - 	confs: [default]
[2025-11-01T00:02:16.310+0700] {subprocess.py:93} INFO - 	found org.apache.spark#spark-sql-kafka-0-10_2.12;3.5.1 in central
[2025-11-01T00:02:16.335+0700] {subprocess.py:93} INFO - 	found org.apache.spark#spark-token-provider-kafka-0-10_2.12;3.5.1 in central
[2025-11-01T00:02:16.347+0700] {subprocess.py:93} INFO - 	found org.apache.kafka#kafka-clients;3.4.1 in central
[2025-11-01T00:02:16.358+0700] {subprocess.py:93} INFO - 	found org.lz4#lz4-java;1.8.0 in central
[2025-11-01T00:02:16.368+0700] {subprocess.py:93} INFO - 	found org.xerial.snappy#snappy-java;1.1.10.3 in central
[2025-11-01T00:02:16.378+0700] {subprocess.py:93} INFO - 	found org.slf4j#slf4j-api;2.0.7 in central
[2025-11-01T00:02:16.390+0700] {subprocess.py:93} INFO - 	found org.apache.hadoop#hadoop-client-runtime;3.3.4 in central
[2025-11-01T00:02:16.403+0700] {subprocess.py:93} INFO - 	found org.apache.hadoop#hadoop-client-api;3.3.4 in central
[2025-11-01T00:02:16.414+0700] {subprocess.py:93} INFO - 	found commons-logging#commons-logging;1.1.3 in central
[2025-11-01T00:02:16.421+0700] {subprocess.py:93} INFO - 	found com.google.code.findbugs#jsr305;3.0.0 in spark-list
[2025-11-01T00:02:16.428+0700] {subprocess.py:93} INFO - 	found org.apache.commons#commons-pool2;2.11.1 in central
[2025-11-01T00:02:16.434+0700] {subprocess.py:93} INFO - 	found org.postgresql#postgresql;42.6.0 in central
[2025-11-01T00:02:16.439+0700] {subprocess.py:93} INFO - 	found org.checkerframework#checker-qual;3.31.0 in central
[2025-11-01T00:02:16.454+0700] {subprocess.py:93} INFO - :: resolution report :: resolve 221ms :: artifacts dl 8ms
[2025-11-01T00:02:16.454+0700] {subprocess.py:93} INFO - 	:: modules in use:
[2025-11-01T00:02:16.454+0700] {subprocess.py:93} INFO - 	com.google.code.findbugs#jsr305;3.0.0 from spark-list in [default]
[2025-11-01T00:02:16.455+0700] {subprocess.py:93} INFO - 	commons-logging#commons-logging;1.1.3 from central in [default]
[2025-11-01T00:02:16.455+0700] {subprocess.py:93} INFO - 	org.apache.commons#commons-pool2;2.11.1 from central in [default]
[2025-11-01T00:02:16.455+0700] {subprocess.py:93} INFO - 	org.apache.hadoop#hadoop-client-api;3.3.4 from central in [default]
[2025-11-01T00:02:16.456+0700] {subprocess.py:93} INFO - 	org.apache.hadoop#hadoop-client-runtime;3.3.4 from central in [default]
[2025-11-01T00:02:16.456+0700] {subprocess.py:93} INFO - 	org.apache.kafka#kafka-clients;3.4.1 from central in [default]
[2025-11-01T00:02:16.456+0700] {subprocess.py:93} INFO - 	org.apache.spark#spark-sql-kafka-0-10_2.12;3.5.1 from central in [default]
[2025-11-01T00:02:16.456+0700] {subprocess.py:93} INFO - 	org.apache.spark#spark-token-provider-kafka-0-10_2.12;3.5.1 from central in [default]
[2025-11-01T00:02:16.457+0700] {subprocess.py:93} INFO - 	org.checkerframework#checker-qual;3.31.0 from central in [default]
[2025-11-01T00:02:16.457+0700] {subprocess.py:93} INFO - 	org.lz4#lz4-java;1.8.0 from central in [default]
[2025-11-01T00:02:16.457+0700] {subprocess.py:93} INFO - 	org.postgresql#postgresql;42.6.0 from central in [default]
[2025-11-01T00:02:16.457+0700] {subprocess.py:93} INFO - 	org.slf4j#slf4j-api;2.0.7 from central in [default]
[2025-11-01T00:02:16.458+0700] {subprocess.py:93} INFO - 	org.xerial.snappy#snappy-java;1.1.10.3 from central in [default]
[2025-11-01T00:02:16.458+0700] {subprocess.py:93} INFO - 	---------------------------------------------------------------------
[2025-11-01T00:02:16.458+0700] {subprocess.py:93} INFO - 	|                  |            modules            ||   artifacts   |
[2025-11-01T00:02:16.458+0700] {subprocess.py:93} INFO - 	|       conf       | number| search|dwnlded|evicted|| number|dwnlded|
[2025-11-01T00:02:16.459+0700] {subprocess.py:93} INFO - 	---------------------------------------------------------------------
[2025-11-01T00:02:16.459+0700] {subprocess.py:93} INFO - 	|      default     |   13  |   0   |   0   |   0   ||   13  |   0   |
[2025-11-01T00:02:16.459+0700] {subprocess.py:93} INFO - 	---------------------------------------------------------------------
[2025-11-01T00:02:16.459+0700] {subprocess.py:93} INFO - :: retrieving :: org.apache.spark#spark-submit-parent-b7a17641-fc26-4c2b-abb2-e882745fb391
[2025-11-01T00:02:16.460+0700] {subprocess.py:93} INFO - 	confs: [default]
[2025-11-01T00:02:16.462+0700] {subprocess.py:93} INFO - 	0 artifacts copied, 13 already retrieved (0kB/4ms)
[2025-11-01T00:02:16.556+0700] {subprocess.py:93} INFO - 25/11/01 00:02:16 WARN NativeCodeLoader: Unable to load native-hadoop library for your platform... using builtin-java classes where applicable
[2025-11-01T00:02:18.836+0700] {subprocess.py:93} INFO - 25/11/01 00:02:18 INFO SparkContext: Running Spark version 3.5.1
[2025-11-01T00:02:18.836+0700] {subprocess.py:93} INFO - 25/11/01 00:02:18 INFO SparkContext: OS info Linux, 5.15.49-linuxkit, aarch64
[2025-11-01T00:02:18.837+0700] {subprocess.py:93} INFO - 25/11/01 00:02:18 INFO SparkContext: Java version 17.0.17
[2025-11-01T00:02:18.845+0700] {subprocess.py:93} INFO - 25/11/01 00:02:18 INFO ResourceUtils: ==============================================================
[2025-11-01T00:02:18.846+0700] {subprocess.py:93} INFO - 25/11/01 00:02:18 INFO ResourceUtils: No custom resources configured for spark.driver.
[2025-11-01T00:02:18.846+0700] {subprocess.py:93} INFO - 25/11/01 00:02:18 INFO ResourceUtils: ==============================================================
[2025-11-01T00:02:18.846+0700] {subprocess.py:93} INFO - 25/11/01 00:02:18 INFO SparkContext: Submitted application: VehicleStreamingConsumer
[2025-11-01T00:02:18.854+0700] {subprocess.py:93} INFO - 25/11/01 00:02:18 INFO ResourceProfile: Default ResourceProfile created, executor resources: Map(cores -> name: cores, amount: 1, script: , vendor: , memory -> name: memory, amount: 1024, script: , vendor: , offHeap -> name: offHeap, amount: 0, script: , vendor: ), task resources: Map(cpus -> name: cpus, amount: 1.0)
[2025-11-01T00:02:18.858+0700] {subprocess.py:93} INFO - 25/11/01 00:02:18 INFO ResourceProfile: Limiting resource is cpu
[2025-11-01T00:02:18.858+0700] {subprocess.py:93} INFO - 25/11/01 00:02:18 INFO ResourceProfileManager: Added ResourceProfile id: 0
[2025-11-01T00:02:18.883+0700] {subprocess.py:93} INFO - 25/11/01 00:02:18 INFO SecurityManager: Changing view acls to: ***
[2025-11-01T00:02:18.883+0700] {subprocess.py:93} INFO - 25/11/01 00:02:18 INFO SecurityManager: Changing modify acls to: ***
[2025-11-01T00:02:18.883+0700] {subprocess.py:93} INFO - 25/11/01 00:02:18 INFO SecurityManager: Changing view acls groups to:
[2025-11-01T00:02:18.884+0700] {subprocess.py:93} INFO - 25/11/01 00:02:18 INFO SecurityManager: Changing modify acls groups to:
[2025-11-01T00:02:18.884+0700] {subprocess.py:93} INFO - 25/11/01 00:02:18 INFO SecurityManager: SecurityManager: authentication disabled; ui acls disabled; users with view permissions: ***; groups with view permissions: EMPTY; users with modify permissions: ***; groups with modify permissions: EMPTY
[2025-11-01T00:02:18.971+0700] {subprocess.py:93} INFO - 25/11/01 00:02:18 INFO Utils: Successfully started service 'sparkDriver' on port 43629.
[2025-11-01T00:02:18.987+0700] {subprocess.py:93} INFO - 25/11/01 00:02:18 INFO SparkEnv: Registering MapOutputTracker
[2025-11-01T00:02:19.001+0700] {subprocess.py:93} INFO - 25/11/01 00:02:19 INFO SparkEnv: Registering BlockManagerMaster
[2025-11-01T00:02:19.007+0700] {subprocess.py:93} INFO - 25/11/01 00:02:19 INFO BlockManagerMasterEndpoint: Using org.apache.spark.storage.DefaultTopologyMapper for getting topology information
[2025-11-01T00:02:19.007+0700] {subprocess.py:93} INFO - 25/11/01 00:02:19 INFO BlockManagerMasterEndpoint: BlockManagerMasterEndpoint up
[2025-11-01T00:02:19.009+0700] {subprocess.py:93} INFO - 25/11/01 00:02:19 INFO SparkEnv: Registering BlockManagerMasterHeartbeat
[2025-11-01T00:02:19.017+0700] {subprocess.py:93} INFO - 25/11/01 00:02:19 INFO DiskBlockManager: Created local directory at /tmp/blockmgr-d3d3a8ae-f2fc-4634-8860-d16bbe146c4d
[2025-11-01T00:02:19.022+0700] {subprocess.py:93} INFO - 25/11/01 00:02:19 INFO MemoryStore: MemoryStore started with capacity 434.4 MiB
[2025-11-01T00:02:19.027+0700] {subprocess.py:93} INFO - 25/11/01 00:02:19 INFO SparkEnv: Registering OutputCommitCoordinator
[2025-11-01T00:02:19.071+0700] {subprocess.py:93} INFO - 25/11/01 00:02:19 INFO JettyUtils: Start Jetty 0.0.0.0:4040 for SparkUI
[2025-11-01T00:02:19.093+0700] {subprocess.py:93} INFO - 25/11/01 00:02:19 INFO Utils: Successfully started service 'SparkUI' on port 4040.
[2025-11-01T00:02:19.107+0700] {subprocess.py:93} INFO - 25/11/01 00:02:19 INFO SparkContext: Added JAR file:///home/***/.ivy2/jars/org.apache.spark_spark-sql-kafka-0-10_2.12-3.5.1.jar at spark://f7bb1ad77e89:43629/jars/org.apache.spark_spark-sql-kafka-0-10_2.12-3.5.1.jar with timestamp 1761930138833
[2025-11-01T00:02:19.107+0700] {subprocess.py:93} INFO - 25/11/01 00:02:19 INFO SparkContext: Added JAR file:///home/***/.ivy2/jars/org.postgresql_postgresql-42.6.0.jar at spark://f7bb1ad77e89:43629/jars/org.postgresql_postgresql-42.6.0.jar with timestamp 1761930138833
[2025-11-01T00:02:19.108+0700] {subprocess.py:93} INFO - 25/11/01 00:02:19 INFO SparkContext: Added JAR file:///home/***/.ivy2/jars/org.apache.spark_spark-token-provider-kafka-0-10_2.12-3.5.1.jar at spark://f7bb1ad77e89:43629/jars/org.apache.spark_spark-token-provider-kafka-0-10_2.12-3.5.1.jar with timestamp 1761930138833
[2025-11-01T00:02:19.108+0700] {subprocess.py:93} INFO - 25/11/01 00:02:19 INFO SparkContext: Added JAR file:///home/***/.ivy2/jars/org.apache.kafka_kafka-clients-3.4.1.jar at spark://f7bb1ad77e89:43629/jars/org.apache.kafka_kafka-clients-3.4.1.jar with timestamp 1761930138833
[2025-11-01T00:02:19.108+0700] {subprocess.py:93} INFO - 25/11/01 00:02:19 INFO SparkContext: Added JAR file:///home/***/.ivy2/jars/com.google.code.findbugs_jsr305-3.0.0.jar at spark://f7bb1ad77e89:43629/jars/com.google.code.findbugs_jsr305-3.0.0.jar with timestamp 1761930138833
[2025-11-01T00:02:19.108+0700] {subprocess.py:93} INFO - 25/11/01 00:02:19 INFO SparkContext: Added JAR file:///home/***/.ivy2/jars/org.apache.commons_commons-pool2-2.11.1.jar at spark://f7bb1ad77e89:43629/jars/org.apache.commons_commons-pool2-2.11.1.jar with timestamp 1761930138833
[2025-11-01T00:02:19.108+0700] {subprocess.py:93} INFO - 25/11/01 00:02:19 INFO SparkContext: Added JAR file:///home/***/.ivy2/jars/org.apache.hadoop_hadoop-client-runtime-3.3.4.jar at spark://f7bb1ad77e89:43629/jars/org.apache.hadoop_hadoop-client-runtime-3.3.4.jar with timestamp 1761930138833
[2025-11-01T00:02:19.109+0700] {subprocess.py:93} INFO - 25/11/01 00:02:19 INFO SparkContext: Added JAR file:///home/***/.ivy2/jars/org.lz4_lz4-java-1.8.0.jar at spark://f7bb1ad77e89:43629/jars/org.lz4_lz4-java-1.8.0.jar with timestamp 1761930138833
[2025-11-01T00:02:19.109+0700] {subprocess.py:93} INFO - 25/11/01 00:02:19 INFO SparkContext: Added JAR file:///home/***/.ivy2/jars/org.xerial.snappy_snappy-java-1.1.10.3.jar at spark://f7bb1ad77e89:43629/jars/org.xerial.snappy_snappy-java-1.1.10.3.jar with timestamp 1761930138833
[2025-11-01T00:02:19.109+0700] {subprocess.py:93} INFO - 25/11/01 00:02:19 INFO SparkContext: Added JAR file:///home/***/.ivy2/jars/org.slf4j_slf4j-api-2.0.7.jar at spark://f7bb1ad77e89:43629/jars/org.slf4j_slf4j-api-2.0.7.jar with timestamp 1761930138833
[2025-11-01T00:02:19.109+0700] {subprocess.py:93} INFO - 25/11/01 00:02:19 INFO SparkContext: Added JAR file:///home/***/.ivy2/jars/org.apache.hadoop_hadoop-client-api-3.3.4.jar at spark://f7bb1ad77e89:43629/jars/org.apache.hadoop_hadoop-client-api-3.3.4.jar with timestamp 1761930138833
[2025-11-01T00:02:19.110+0700] {subprocess.py:93} INFO - 25/11/01 00:02:19 INFO SparkContext: Added JAR file:///home/***/.ivy2/jars/commons-logging_commons-logging-1.1.3.jar at spark://f7bb1ad77e89:43629/jars/commons-logging_commons-logging-1.1.3.jar with timestamp 1761930138833
[2025-11-01T00:02:19.110+0700] {subprocess.py:93} INFO - 25/11/01 00:02:19 INFO SparkContext: Added JAR file:///home/***/.ivy2/jars/org.checkerframework_checker-qual-3.31.0.jar at spark://f7bb1ad77e89:43629/jars/org.checkerframework_checker-qual-3.31.0.jar with timestamp 1761930138833
[2025-11-01T00:02:19.110+0700] {subprocess.py:93} INFO - 25/11/01 00:02:19 INFO SparkContext: Added file file:///home/***/.ivy2/jars/org.apache.spark_spark-sql-kafka-0-10_2.12-3.5.1.jar at file:///home/***/.ivy2/jars/org.apache.spark_spark-sql-kafka-0-10_2.12-3.5.1.jar with timestamp 1761930138833
[2025-11-01T00:02:19.110+0700] {subprocess.py:93} INFO - 25/11/01 00:02:19 INFO Utils: Copying /home/***/.ivy2/jars/org.apache.spark_spark-sql-kafka-0-10_2.12-3.5.1.jar to /tmp/spark-f19d2b09-556f-4b93-a93a-f72094e45d0f/userFiles-cfd16eef-3ca3-401c-8b7e-b112ba1690a3/org.apache.spark_spark-sql-kafka-0-10_2.12-3.5.1.jar
[2025-11-01T00:02:19.117+0700] {subprocess.py:93} INFO - 25/11/01 00:02:19 INFO SparkContext: Added file file:///home/***/.ivy2/jars/org.postgresql_postgresql-42.6.0.jar at file:///home/***/.ivy2/jars/org.postgresql_postgresql-42.6.0.jar with timestamp 1761930138833
[2025-11-01T00:02:19.117+0700] {subprocess.py:93} INFO - 25/11/01 00:02:19 INFO Utils: Copying /home/***/.ivy2/jars/org.postgresql_postgresql-42.6.0.jar to /tmp/spark-f19d2b09-556f-4b93-a93a-f72094e45d0f/userFiles-cfd16eef-3ca3-401c-8b7e-b112ba1690a3/org.postgresql_postgresql-42.6.0.jar
[2025-11-01T00:02:19.122+0700] {subprocess.py:93} INFO - 25/11/01 00:02:19 INFO SparkContext: Added file file:///home/***/.ivy2/jars/org.apache.spark_spark-token-provider-kafka-0-10_2.12-3.5.1.jar at file:///home/***/.ivy2/jars/org.apache.spark_spark-token-provider-kafka-0-10_2.12-3.5.1.jar with timestamp 1761930138833
[2025-11-01T00:02:19.122+0700] {subprocess.py:93} INFO - 25/11/01 00:02:19 INFO Utils: Copying /home/***/.ivy2/jars/org.apache.spark_spark-token-provider-kafka-0-10_2.12-3.5.1.jar to /tmp/spark-f19d2b09-556f-4b93-a93a-f72094e45d0f/userFiles-cfd16eef-3ca3-401c-8b7e-b112ba1690a3/org.apache.spark_spark-token-provider-kafka-0-10_2.12-3.5.1.jar
[2025-11-01T00:02:19.127+0700] {subprocess.py:93} INFO - 25/11/01 00:02:19 INFO SparkContext: Added file file:///home/***/.ivy2/jars/org.apache.kafka_kafka-clients-3.4.1.jar at file:///home/***/.ivy2/jars/org.apache.kafka_kafka-clients-3.4.1.jar with timestamp 1761930138833
[2025-11-01T00:02:19.127+0700] {subprocess.py:93} INFO - 25/11/01 00:02:19 INFO Utils: Copying /home/***/.ivy2/jars/org.apache.kafka_kafka-clients-3.4.1.jar to /tmp/spark-f19d2b09-556f-4b93-a93a-f72094e45d0f/userFiles-cfd16eef-3ca3-401c-8b7e-b112ba1690a3/org.apache.kafka_kafka-clients-3.4.1.jar
[2025-11-01T00:02:19.138+0700] {subprocess.py:93} INFO - 25/11/01 00:02:19 INFO SparkContext: Added file file:///home/***/.ivy2/jars/com.google.code.findbugs_jsr305-3.0.0.jar at file:///home/***/.ivy2/jars/com.google.code.findbugs_jsr305-3.0.0.jar with timestamp 1761930138833
[2025-11-01T00:02:19.138+0700] {subprocess.py:93} INFO - 25/11/01 00:02:19 INFO Utils: Copying /home/***/.ivy2/jars/com.google.code.findbugs_jsr305-3.0.0.jar to /tmp/spark-f19d2b09-556f-4b93-a93a-f72094e45d0f/userFiles-cfd16eef-3ca3-401c-8b7e-b112ba1690a3/com.google.code.findbugs_jsr305-3.0.0.jar
[2025-11-01T00:02:19.143+0700] {subprocess.py:93} INFO - 25/11/01 00:02:19 INFO SparkContext: Added file file:///home/***/.ivy2/jars/org.apache.commons_commons-pool2-2.11.1.jar at file:///home/***/.ivy2/jars/org.apache.commons_commons-pool2-2.11.1.jar with timestamp 1761930138833
[2025-11-01T00:02:19.143+0700] {subprocess.py:93} INFO - 25/11/01 00:02:19 INFO Utils: Copying /home/***/.ivy2/jars/org.apache.commons_commons-pool2-2.11.1.jar to /tmp/spark-f19d2b09-556f-4b93-a93a-f72094e45d0f/userFiles-cfd16eef-3ca3-401c-8b7e-b112ba1690a3/org.apache.commons_commons-pool2-2.11.1.jar
[2025-11-01T00:02:19.148+0700] {subprocess.py:93} INFO - 25/11/01 00:02:19 INFO SparkContext: Added file file:///home/***/.ivy2/jars/org.apache.hadoop_hadoop-client-runtime-3.3.4.jar at file:///home/***/.ivy2/jars/org.apache.hadoop_hadoop-client-runtime-3.3.4.jar with timestamp 1761930138833
[2025-11-01T00:02:19.149+0700] {subprocess.py:93} INFO - 25/11/01 00:02:19 INFO Utils: Copying /home/***/.ivy2/jars/org.apache.hadoop_hadoop-client-runtime-3.3.4.jar to /tmp/spark-f19d2b09-556f-4b93-a93a-f72094e45d0f/userFiles-cfd16eef-3ca3-401c-8b7e-b112ba1690a3/org.apache.hadoop_hadoop-client-runtime-3.3.4.jar
[2025-11-01T00:02:19.185+0700] {subprocess.py:93} INFO - 25/11/01 00:02:19 INFO SparkContext: Added file file:///home/***/.ivy2/jars/org.lz4_lz4-java-1.8.0.jar at file:///home/***/.ivy2/jars/org.lz4_lz4-java-1.8.0.jar with timestamp 1761930138833
[2025-11-01T00:02:19.185+0700] {subprocess.py:93} INFO - 25/11/01 00:02:19 INFO Utils: Copying /home/***/.ivy2/jars/org.lz4_lz4-java-1.8.0.jar to /tmp/spark-f19d2b09-556f-4b93-a93a-f72094e45d0f/userFiles-cfd16eef-3ca3-401c-8b7e-b112ba1690a3/org.lz4_lz4-java-1.8.0.jar
[2025-11-01T00:02:19.190+0700] {subprocess.py:93} INFO - 25/11/01 00:02:19 INFO SparkContext: Added file file:///home/***/.ivy2/jars/org.xerial.snappy_snappy-java-1.1.10.3.jar at file:///home/***/.ivy2/jars/org.xerial.snappy_snappy-java-1.1.10.3.jar with timestamp 1761930138833
[2025-11-01T00:02:19.190+0700] {subprocess.py:93} INFO - 25/11/01 00:02:19 INFO Utils: Copying /home/***/.ivy2/jars/org.xerial.snappy_snappy-java-1.1.10.3.jar to /tmp/spark-f19d2b09-556f-4b93-a93a-f72094e45d0f/userFiles-cfd16eef-3ca3-401c-8b7e-b112ba1690a3/org.xerial.snappy_snappy-java-1.1.10.3.jar
[2025-11-01T00:02:19.197+0700] {subprocess.py:93} INFO - 25/11/01 00:02:19 INFO SparkContext: Added file file:///home/***/.ivy2/jars/org.slf4j_slf4j-api-2.0.7.jar at file:///home/***/.ivy2/jars/org.slf4j_slf4j-api-2.0.7.jar with timestamp 1761930138833
[2025-11-01T00:02:19.197+0700] {subprocess.py:93} INFO - 25/11/01 00:02:19 INFO Utils: Copying /home/***/.ivy2/jars/org.slf4j_slf4j-api-2.0.7.jar to /tmp/spark-f19d2b09-556f-4b93-a93a-f72094e45d0f/userFiles-cfd16eef-3ca3-401c-8b7e-b112ba1690a3/org.slf4j_slf4j-api-2.0.7.jar
[2025-11-01T00:02:19.202+0700] {subprocess.py:93} INFO - 25/11/01 00:02:19 INFO SparkContext: Added file file:///home/***/.ivy2/jars/org.apache.hadoop_hadoop-client-api-3.3.4.jar at file:///home/***/.ivy2/jars/org.apache.hadoop_hadoop-client-api-3.3.4.jar with timestamp 1761930138833
[2025-11-01T00:02:19.202+0700] {subprocess.py:93} INFO - 25/11/01 00:02:19 INFO Utils: Copying /home/***/.ivy2/jars/org.apache.hadoop_hadoop-client-api-3.3.4.jar to /tmp/spark-f19d2b09-556f-4b93-a93a-f72094e45d0f/userFiles-cfd16eef-3ca3-401c-8b7e-b112ba1690a3/org.apache.hadoop_hadoop-client-api-3.3.4.jar
[2025-11-01T00:02:19.224+0700] {subprocess.py:93} INFO - 25/11/01 00:02:19 INFO SparkContext: Added file file:///home/***/.ivy2/jars/commons-logging_commons-logging-1.1.3.jar at file:///home/***/.ivy2/jars/commons-logging_commons-logging-1.1.3.jar with timestamp 1761930138833
[2025-11-01T00:02:19.225+0700] {subprocess.py:93} INFO - 25/11/01 00:02:19 INFO Utils: Copying /home/***/.ivy2/jars/commons-logging_commons-logging-1.1.3.jar to /tmp/spark-f19d2b09-556f-4b93-a93a-f72094e45d0f/userFiles-cfd16eef-3ca3-401c-8b7e-b112ba1690a3/commons-logging_commons-logging-1.1.3.jar
[2025-11-01T00:02:19.229+0700] {subprocess.py:93} INFO - 25/11/01 00:02:19 INFO SparkContext: Added file file:///home/***/.ivy2/jars/org.checkerframework_checker-qual-3.31.0.jar at file:///home/***/.ivy2/jars/org.checkerframework_checker-qual-3.31.0.jar with timestamp 1761930138833
[2025-11-01T00:02:19.229+0700] {subprocess.py:93} INFO - 25/11/01 00:02:19 INFO Utils: Copying /home/***/.ivy2/jars/org.checkerframework_checker-qual-3.31.0.jar to /tmp/spark-f19d2b09-556f-4b93-a93a-f72094e45d0f/userFiles-cfd16eef-3ca3-401c-8b7e-b112ba1690a3/org.checkerframework_checker-qual-3.31.0.jar
[2025-11-01T00:02:19.261+0700] {subprocess.py:93} INFO - 25/11/01 00:02:19 INFO Executor: Starting executor ID driver on host f7bb1ad77e89
[2025-11-01T00:02:19.262+0700] {subprocess.py:93} INFO - 25/11/01 00:02:19 INFO Executor: OS info Linux, 5.15.49-linuxkit, aarch64
[2025-11-01T00:02:19.262+0700] {subprocess.py:93} INFO - 25/11/01 00:02:19 INFO Executor: Java version 17.0.17
[2025-11-01T00:02:19.264+0700] {subprocess.py:93} INFO - 25/11/01 00:02:19 INFO Executor: Starting executor with user classpath (userClassPathFirst = false): ''
[2025-11-01T00:02:19.264+0700] {subprocess.py:93} INFO - 25/11/01 00:02:19 INFO Executor: Created or updated repl class loader org.apache.spark.util.MutableURLClassLoader@5a87d39c for default.
[2025-11-01T00:02:19.269+0700] {subprocess.py:93} INFO - 25/11/01 00:02:19 INFO Executor: Fetching file:///home/***/.ivy2/jars/org.apache.spark_spark-sql-kafka-0-10_2.12-3.5.1.jar with timestamp 1761930138833
[2025-11-01T00:02:19.279+0700] {subprocess.py:93} INFO - 25/11/01 00:02:19 INFO Utils: /home/***/.ivy2/jars/org.apache.spark_spark-sql-kafka-0-10_2.12-3.5.1.jar has been previously copied to /tmp/spark-f19d2b09-556f-4b93-a93a-f72094e45d0f/userFiles-cfd16eef-3ca3-401c-8b7e-b112ba1690a3/org.apache.spark_spark-sql-kafka-0-10_2.12-3.5.1.jar
[2025-11-01T00:02:19.283+0700] {subprocess.py:93} INFO - 25/11/01 00:02:19 INFO Executor: Fetching file:///home/***/.ivy2/jars/org.apache.hadoop_hadoop-client-runtime-3.3.4.jar with timestamp 1761930138833
[2025-11-01T00:02:19.300+0700] {subprocess.py:93} INFO - 25/11/01 00:02:19 INFO Utils: /home/***/.ivy2/jars/org.apache.hadoop_hadoop-client-runtime-3.3.4.jar has been previously copied to /tmp/spark-f19d2b09-556f-4b93-a93a-f72094e45d0f/userFiles-cfd16eef-3ca3-401c-8b7e-b112ba1690a3/org.apache.hadoop_hadoop-client-runtime-3.3.4.jar
[2025-11-01T00:02:19.304+0700] {subprocess.py:93} INFO - 25/11/01 00:02:19 INFO Executor: Fetching file:///home/***/.ivy2/jars/org.apache.hadoop_hadoop-client-api-3.3.4.jar with timestamp 1761930138833
[2025-11-01T00:02:19.314+0700] {subprocess.py:93} INFO - 25/11/01 00:02:19 INFO Utils: /home/***/.ivy2/jars/org.apache.hadoop_hadoop-client-api-3.3.4.jar has been previously copied to /tmp/spark-f19d2b09-556f-4b93-a93a-f72094e45d0f/userFiles-cfd16eef-3ca3-401c-8b7e-b112ba1690a3/org.apache.hadoop_hadoop-client-api-3.3.4.jar
[2025-11-01T00:02:19.318+0700] {subprocess.py:93} INFO - 25/11/01 00:02:19 INFO Executor: Fetching file:///home/***/.ivy2/jars/org.apache.spark_spark-token-provider-kafka-0-10_2.12-3.5.1.jar with timestamp 1761930138833
[2025-11-01T00:02:19.318+0700] {subprocess.py:93} INFO - 25/11/01 00:02:19 INFO Utils: /home/***/.ivy2/jars/org.apache.spark_spark-token-provider-kafka-0-10_2.12-3.5.1.jar has been previously copied to /tmp/spark-f19d2b09-556f-4b93-a93a-f72094e45d0f/userFiles-cfd16eef-3ca3-401c-8b7e-b112ba1690a3/org.apache.spark_spark-token-provider-kafka-0-10_2.12-3.5.1.jar
[2025-11-01T00:02:19.322+0700] {subprocess.py:93} INFO - 25/11/01 00:02:19 INFO Executor: Fetching file:///home/***/.ivy2/jars/com.google.code.findbugs_jsr305-3.0.0.jar with timestamp 1761930138833
[2025-11-01T00:02:19.322+0700] {subprocess.py:93} INFO - 25/11/01 00:02:19 INFO Utils: /home/***/.ivy2/jars/com.google.code.findbugs_jsr305-3.0.0.jar has been previously copied to /tmp/spark-f19d2b09-556f-4b93-a93a-f72094e45d0f/userFiles-cfd16eef-3ca3-401c-8b7e-b112ba1690a3/com.google.code.findbugs_jsr305-3.0.0.jar
[2025-11-01T00:02:19.326+0700] {subprocess.py:93} INFO - 25/11/01 00:02:19 INFO Executor: Fetching file:///home/***/.ivy2/jars/org.lz4_lz4-java-1.8.0.jar with timestamp 1761930138833
[2025-11-01T00:02:19.326+0700] {subprocess.py:93} INFO - 25/11/01 00:02:19 INFO Utils: /home/***/.ivy2/jars/org.lz4_lz4-java-1.8.0.jar has been previously copied to /tmp/spark-f19d2b09-556f-4b93-a93a-f72094e45d0f/userFiles-cfd16eef-3ca3-401c-8b7e-b112ba1690a3/org.lz4_lz4-java-1.8.0.jar
[2025-11-01T00:02:19.330+0700] {subprocess.py:93} INFO - 25/11/01 00:02:19 INFO Executor: Fetching file:///home/***/.ivy2/jars/org.slf4j_slf4j-api-2.0.7.jar with timestamp 1761930138833
[2025-11-01T00:02:19.330+0700] {subprocess.py:93} INFO - 25/11/01 00:02:19 INFO Utils: /home/***/.ivy2/jars/org.slf4j_slf4j-api-2.0.7.jar has been previously copied to /tmp/spark-f19d2b09-556f-4b93-a93a-f72094e45d0f/userFiles-cfd16eef-3ca3-401c-8b7e-b112ba1690a3/org.slf4j_slf4j-api-2.0.7.jar
[2025-11-01T00:02:19.334+0700] {subprocess.py:93} INFO - 25/11/01 00:02:19 INFO Executor: Fetching file:///home/***/.ivy2/jars/org.checkerframework_checker-qual-3.31.0.jar with timestamp 1761930138833
[2025-11-01T00:02:19.335+0700] {subprocess.py:93} INFO - 25/11/01 00:02:19 INFO Utils: /home/***/.ivy2/jars/org.checkerframework_checker-qual-3.31.0.jar has been previously copied to /tmp/spark-f19d2b09-556f-4b93-a93a-f72094e45d0f/userFiles-cfd16eef-3ca3-401c-8b7e-b112ba1690a3/org.checkerframework_checker-qual-3.31.0.jar
[2025-11-01T00:02:19.338+0700] {subprocess.py:93} INFO - 25/11/01 00:02:19 INFO Executor: Fetching file:///home/***/.ivy2/jars/org.apache.commons_commons-pool2-2.11.1.jar with timestamp 1761930138833
[2025-11-01T00:02:19.338+0700] {subprocess.py:93} INFO - 25/11/01 00:02:19 INFO Utils: /home/***/.ivy2/jars/org.apache.commons_commons-pool2-2.11.1.jar has been previously copied to /tmp/spark-f19d2b09-556f-4b93-a93a-f72094e45d0f/userFiles-cfd16eef-3ca3-401c-8b7e-b112ba1690a3/org.apache.commons_commons-pool2-2.11.1.jar
[2025-11-01T00:02:19.342+0700] {subprocess.py:93} INFO - 25/11/01 00:02:19 INFO Executor: Fetching file:///home/***/.ivy2/jars/commons-logging_commons-logging-1.1.3.jar with timestamp 1761930138833
[2025-11-01T00:02:19.343+0700] {subprocess.py:93} INFO - 25/11/01 00:02:19 INFO Utils: /home/***/.ivy2/jars/commons-logging_commons-logging-1.1.3.jar has been previously copied to /tmp/spark-f19d2b09-556f-4b93-a93a-f72094e45d0f/userFiles-cfd16eef-3ca3-401c-8b7e-b112ba1690a3/commons-logging_commons-logging-1.1.3.jar
[2025-11-01T00:02:19.346+0700] {subprocess.py:93} INFO - 25/11/01 00:02:19 INFO Executor: Fetching file:///home/***/.ivy2/jars/org.xerial.snappy_snappy-java-1.1.10.3.jar with timestamp 1761930138833
[2025-11-01T00:02:19.347+0700] {subprocess.py:93} INFO - 25/11/01 00:02:19 INFO Utils: /home/***/.ivy2/jars/org.xerial.snappy_snappy-java-1.1.10.3.jar has been previously copied to /tmp/spark-f19d2b09-556f-4b93-a93a-f72094e45d0f/userFiles-cfd16eef-3ca3-401c-8b7e-b112ba1690a3/org.xerial.snappy_snappy-java-1.1.10.3.jar
[2025-11-01T00:02:19.351+0700] {subprocess.py:93} INFO - 25/11/01 00:02:19 INFO Executor: Fetching file:///home/***/.ivy2/jars/org.postgresql_postgresql-42.6.0.jar with timestamp 1761930138833
[2025-11-01T00:02:19.352+0700] {subprocess.py:93} INFO - 25/11/01 00:02:19 INFO Utils: /home/***/.ivy2/jars/org.postgresql_postgresql-42.6.0.jar has been previously copied to /tmp/spark-f19d2b09-556f-4b93-a93a-f72094e45d0f/userFiles-cfd16eef-3ca3-401c-8b7e-b112ba1690a3/org.postgresql_postgresql-42.6.0.jar
[2025-11-01T00:02:19.355+0700] {subprocess.py:93} INFO - 25/11/01 00:02:19 INFO Executor: Fetching file:///home/***/.ivy2/jars/org.apache.kafka_kafka-clients-3.4.1.jar with timestamp 1761930138833
[2025-11-01T00:02:19.358+0700] {subprocess.py:93} INFO - 25/11/01 00:02:19 INFO Utils: /home/***/.ivy2/jars/org.apache.kafka_kafka-clients-3.4.1.jar has been previously copied to /tmp/spark-f19d2b09-556f-4b93-a93a-f72094e45d0f/userFiles-cfd16eef-3ca3-401c-8b7e-b112ba1690a3/org.apache.kafka_kafka-clients-3.4.1.jar
[2025-11-01T00:02:19.363+0700] {subprocess.py:93} INFO - 25/11/01 00:02:19 INFO Executor: Fetching spark://f7bb1ad77e89:43629/jars/org.apache.hadoop_hadoop-client-api-3.3.4.jar with timestamp 1761930138833
[2025-11-01T00:02:19.377+0700] {subprocess.py:93} INFO - 25/11/01 00:02:19 INFO TransportClientFactory: Successfully created connection to f7bb1ad77e89/172.23.0.6:43629 after 9 ms (0 ms spent in bootstraps)
[2025-11-01T00:02:19.383+0700] {subprocess.py:93} INFO - 25/11/01 00:02:19 INFO Utils: Fetching spark://f7bb1ad77e89:43629/jars/org.apache.hadoop_hadoop-client-api-3.3.4.jar to /tmp/spark-f19d2b09-556f-4b93-a93a-f72094e45d0f/userFiles-cfd16eef-3ca3-401c-8b7e-b112ba1690a3/fetchFileTemp5442550317274732185.tmp
[2025-11-01T00:02:19.441+0700] {subprocess.py:93} INFO - 25/11/01 00:02:19 INFO Utils: /tmp/spark-f19d2b09-556f-4b93-a93a-f72094e45d0f/userFiles-cfd16eef-3ca3-401c-8b7e-b112ba1690a3/fetchFileTemp5442550317274732185.tmp has been previously copied to /tmp/spark-f19d2b09-556f-4b93-a93a-f72094e45d0f/userFiles-cfd16eef-3ca3-401c-8b7e-b112ba1690a3/org.apache.hadoop_hadoop-client-api-3.3.4.jar
[2025-11-01T00:02:19.449+0700] {subprocess.py:93} INFO - 25/11/01 00:02:19 INFO Executor: Adding file:/tmp/spark-f19d2b09-556f-4b93-a93a-f72094e45d0f/userFiles-cfd16eef-3ca3-401c-8b7e-b112ba1690a3/org.apache.hadoop_hadoop-client-api-3.3.4.jar to class loader default
[2025-11-01T00:02:19.450+0700] {subprocess.py:93} INFO - 25/11/01 00:02:19 INFO Executor: Fetching spark://f7bb1ad77e89:43629/jars/org.apache.kafka_kafka-clients-3.4.1.jar with timestamp 1761930138833
[2025-11-01T00:02:19.450+0700] {subprocess.py:93} INFO - 25/11/01 00:02:19 INFO Utils: Fetching spark://f7bb1ad77e89:43629/jars/org.apache.kafka_kafka-clients-3.4.1.jar to /tmp/spark-f19d2b09-556f-4b93-a93a-f72094e45d0f/userFiles-cfd16eef-3ca3-401c-8b7e-b112ba1690a3/fetchFileTemp10871758507778268172.tmp
[2025-11-01T00:02:19.461+0700] {subprocess.py:93} INFO - 25/11/01 00:02:19 INFO Utils: /tmp/spark-f19d2b09-556f-4b93-a93a-f72094e45d0f/userFiles-cfd16eef-3ca3-401c-8b7e-b112ba1690a3/fetchFileTemp10871758507778268172.tmp has been previously copied to /tmp/spark-f19d2b09-556f-4b93-a93a-f72094e45d0f/userFiles-cfd16eef-3ca3-401c-8b7e-b112ba1690a3/org.apache.kafka_kafka-clients-3.4.1.jar
[2025-11-01T00:02:19.465+0700] {subprocess.py:93} INFO - 25/11/01 00:02:19 INFO Executor: Adding file:/tmp/spark-f19d2b09-556f-4b93-a93a-f72094e45d0f/userFiles-cfd16eef-3ca3-401c-8b7e-b112ba1690a3/org.apache.kafka_kafka-clients-3.4.1.jar to class loader default
[2025-11-01T00:02:19.466+0700] {subprocess.py:93} INFO - 25/11/01 00:02:19 INFO Executor: Fetching spark://f7bb1ad77e89:43629/jars/com.google.code.findbugs_jsr305-3.0.0.jar with timestamp 1761930138833
[2025-11-01T00:02:19.466+0700] {subprocess.py:93} INFO - 25/11/01 00:02:19 INFO Utils: Fetching spark://f7bb1ad77e89:43629/jars/com.google.code.findbugs_jsr305-3.0.0.jar to /tmp/spark-f19d2b09-556f-4b93-a93a-f72094e45d0f/userFiles-cfd16eef-3ca3-401c-8b7e-b112ba1690a3/fetchFileTemp9467590300646487486.tmp
[2025-11-01T00:02:19.466+0700] {subprocess.py:93} INFO - 25/11/01 00:02:19 INFO Utils: /tmp/spark-f19d2b09-556f-4b93-a93a-f72094e45d0f/userFiles-cfd16eef-3ca3-401c-8b7e-b112ba1690a3/fetchFileTemp9467590300646487486.tmp has been previously copied to /tmp/spark-f19d2b09-556f-4b93-a93a-f72094e45d0f/userFiles-cfd16eef-3ca3-401c-8b7e-b112ba1690a3/com.google.code.findbugs_jsr305-3.0.0.jar
[2025-11-01T00:02:19.472+0700] {subprocess.py:93} INFO - 25/11/01 00:02:19 INFO Executor: Adding file:/tmp/spark-f19d2b09-556f-4b93-a93a-f72094e45d0f/userFiles-cfd16eef-3ca3-401c-8b7e-b112ba1690a3/com.google.code.findbugs_jsr305-3.0.0.jar to class loader default
[2025-11-01T00:02:19.472+0700] {subprocess.py:93} INFO - 25/11/01 00:02:19 INFO Executor: Fetching spark://f7bb1ad77e89:43629/jars/org.checkerframework_checker-qual-3.31.0.jar with timestamp 1761930138833
[2025-11-01T00:02:19.473+0700] {subprocess.py:93} INFO - 25/11/01 00:02:19 INFO Utils: Fetching spark://f7bb1ad77e89:43629/jars/org.checkerframework_checker-qual-3.31.0.jar to /tmp/spark-f19d2b09-556f-4b93-a93a-f72094e45d0f/userFiles-cfd16eef-3ca3-401c-8b7e-b112ba1690a3/fetchFileTemp5949180834484111386.tmp
[2025-11-01T00:02:19.474+0700] {subprocess.py:93} INFO - 25/11/01 00:02:19 INFO Utils: /tmp/spark-f19d2b09-556f-4b93-a93a-f72094e45d0f/userFiles-cfd16eef-3ca3-401c-8b7e-b112ba1690a3/fetchFileTemp5949180834484111386.tmp has been previously copied to /tmp/spark-f19d2b09-556f-4b93-a93a-f72094e45d0f/userFiles-cfd16eef-3ca3-401c-8b7e-b112ba1690a3/org.checkerframework_checker-qual-3.31.0.jar
[2025-11-01T00:02:19.485+0700] {subprocess.py:93} INFO - 25/11/01 00:02:19 INFO Executor: Adding file:/tmp/spark-f19d2b09-556f-4b93-a93a-f72094e45d0f/userFiles-cfd16eef-3ca3-401c-8b7e-b112ba1690a3/org.checkerframework_checker-qual-3.31.0.jar to class loader default
[2025-11-01T00:02:19.485+0700] {subprocess.py:93} INFO - 25/11/01 00:02:19 INFO Executor: Fetching spark://f7bb1ad77e89:43629/jars/org.xerial.snappy_snappy-java-1.1.10.3.jar with timestamp 1761930138833
[2025-11-01T00:02:19.485+0700] {subprocess.py:93} INFO - 25/11/01 00:02:19 INFO Utils: Fetching spark://f7bb1ad77e89:43629/jars/org.xerial.snappy_snappy-java-1.1.10.3.jar to /tmp/spark-f19d2b09-556f-4b93-a93a-f72094e45d0f/userFiles-cfd16eef-3ca3-401c-8b7e-b112ba1690a3/fetchFileTemp8702133953161701980.tmp
[2025-11-01T00:02:19.490+0700] {subprocess.py:93} INFO - 25/11/01 00:02:19 INFO Utils: /tmp/spark-f19d2b09-556f-4b93-a93a-f72094e45d0f/userFiles-cfd16eef-3ca3-401c-8b7e-b112ba1690a3/fetchFileTemp8702133953161701980.tmp has been previously copied to /tmp/spark-f19d2b09-556f-4b93-a93a-f72094e45d0f/userFiles-cfd16eef-3ca3-401c-8b7e-b112ba1690a3/org.xerial.snappy_snappy-java-1.1.10.3.jar
[2025-11-01T00:02:19.494+0700] {subprocess.py:93} INFO - 25/11/01 00:02:19 INFO Executor: Adding file:/tmp/spark-f19d2b09-556f-4b93-a93a-f72094e45d0f/userFiles-cfd16eef-3ca3-401c-8b7e-b112ba1690a3/org.xerial.snappy_snappy-java-1.1.10.3.jar to class loader default
[2025-11-01T00:02:19.494+0700] {subprocess.py:93} INFO - 25/11/01 00:02:19 INFO Executor: Fetching spark://f7bb1ad77e89:43629/jars/org.apache.commons_commons-pool2-2.11.1.jar with timestamp 1761930138833
[2025-11-01T00:02:19.494+0700] {subprocess.py:93} INFO - 25/11/01 00:02:19 INFO Utils: Fetching spark://f7bb1ad77e89:43629/jars/org.apache.commons_commons-pool2-2.11.1.jar to /tmp/spark-f19d2b09-556f-4b93-a93a-f72094e45d0f/userFiles-cfd16eef-3ca3-401c-8b7e-b112ba1690a3/fetchFileTemp12338429648666648226.tmp
[2025-11-01T00:02:19.495+0700] {subprocess.py:93} INFO - 25/11/01 00:02:19 INFO Utils: /tmp/spark-f19d2b09-556f-4b93-a93a-f72094e45d0f/userFiles-cfd16eef-3ca3-401c-8b7e-b112ba1690a3/fetchFileTemp12338429648666648226.tmp has been previously copied to /tmp/spark-f19d2b09-556f-4b93-a93a-f72094e45d0f/userFiles-cfd16eef-3ca3-401c-8b7e-b112ba1690a3/org.apache.commons_commons-pool2-2.11.1.jar
[2025-11-01T00:02:19.499+0700] {subprocess.py:93} INFO - 25/11/01 00:02:19 INFO Executor: Adding file:/tmp/spark-f19d2b09-556f-4b93-a93a-f72094e45d0f/userFiles-cfd16eef-3ca3-401c-8b7e-b112ba1690a3/org.apache.commons_commons-pool2-2.11.1.jar to class loader default
[2025-11-01T00:02:19.499+0700] {subprocess.py:93} INFO - 25/11/01 00:02:19 INFO Executor: Fetching spark://f7bb1ad77e89:43629/jars/org.lz4_lz4-java-1.8.0.jar with timestamp 1761930138833
[2025-11-01T00:02:19.499+0700] {subprocess.py:93} INFO - 25/11/01 00:02:19 INFO Utils: Fetching spark://f7bb1ad77e89:43629/jars/org.lz4_lz4-java-1.8.0.jar to /tmp/spark-f19d2b09-556f-4b93-a93a-f72094e45d0f/userFiles-cfd16eef-3ca3-401c-8b7e-b112ba1690a3/fetchFileTemp12798970077158716337.tmp
[2025-11-01T00:02:19.501+0700] {subprocess.py:93} INFO - 25/11/01 00:02:19 INFO Utils: /tmp/spark-f19d2b09-556f-4b93-a93a-f72094e45d0f/userFiles-cfd16eef-3ca3-401c-8b7e-b112ba1690a3/fetchFileTemp12798970077158716337.tmp has been previously copied to /tmp/spark-f19d2b09-556f-4b93-a93a-f72094e45d0f/userFiles-cfd16eef-3ca3-401c-8b7e-b112ba1690a3/org.lz4_lz4-java-1.8.0.jar
[2025-11-01T00:02:19.505+0700] {subprocess.py:93} INFO - 25/11/01 00:02:19 INFO Executor: Adding file:/tmp/spark-f19d2b09-556f-4b93-a93a-f72094e45d0f/userFiles-cfd16eef-3ca3-401c-8b7e-b112ba1690a3/org.lz4_lz4-java-1.8.0.jar to class loader default
[2025-11-01T00:02:19.505+0700] {subprocess.py:93} INFO - 25/11/01 00:02:19 INFO Executor: Fetching spark://f7bb1ad77e89:43629/jars/org.apache.spark_spark-sql-kafka-0-10_2.12-3.5.1.jar with timestamp 1761930138833
[2025-11-01T00:02:19.505+0700] {subprocess.py:93} INFO - 25/11/01 00:02:19 INFO Utils: Fetching spark://f7bb1ad77e89:43629/jars/org.apache.spark_spark-sql-kafka-0-10_2.12-3.5.1.jar to /tmp/spark-f19d2b09-556f-4b93-a93a-f72094e45d0f/userFiles-cfd16eef-3ca3-401c-8b7e-b112ba1690a3/fetchFileTemp12909031896067483073.tmp
[2025-11-01T00:02:19.507+0700] {subprocess.py:93} INFO - 25/11/01 00:02:19 INFO Utils: /tmp/spark-f19d2b09-556f-4b93-a93a-f72094e45d0f/userFiles-cfd16eef-3ca3-401c-8b7e-b112ba1690a3/fetchFileTemp12909031896067483073.tmp has been previously copied to /tmp/spark-f19d2b09-556f-4b93-a93a-f72094e45d0f/userFiles-cfd16eef-3ca3-401c-8b7e-b112ba1690a3/org.apache.spark_spark-sql-kafka-0-10_2.12-3.5.1.jar
[2025-11-01T00:02:19.510+0700] {subprocess.py:93} INFO - 25/11/01 00:02:19 INFO Executor: Adding file:/tmp/spark-f19d2b09-556f-4b93-a93a-f72094e45d0f/userFiles-cfd16eef-3ca3-401c-8b7e-b112ba1690a3/org.apache.spark_spark-sql-kafka-0-10_2.12-3.5.1.jar to class loader default
[2025-11-01T00:02:19.510+0700] {subprocess.py:93} INFO - 25/11/01 00:02:19 INFO Executor: Fetching spark://f7bb1ad77e89:43629/jars/org.apache.spark_spark-token-provider-kafka-0-10_2.12-3.5.1.jar with timestamp 1761930138833
[2025-11-01T00:02:19.511+0700] {subprocess.py:93} INFO - 25/11/01 00:02:19 INFO Utils: Fetching spark://f7bb1ad77e89:43629/jars/org.apache.spark_spark-token-provider-kafka-0-10_2.12-3.5.1.jar to /tmp/spark-f19d2b09-556f-4b93-a93a-f72094e45d0f/userFiles-cfd16eef-3ca3-401c-8b7e-b112ba1690a3/fetchFileTemp2607381631718201354.tmp
[2025-11-01T00:02:19.511+0700] {subprocess.py:93} INFO - 25/11/01 00:02:19 INFO Utils: /tmp/spark-f19d2b09-556f-4b93-a93a-f72094e45d0f/userFiles-cfd16eef-3ca3-401c-8b7e-b112ba1690a3/fetchFileTemp2607381631718201354.tmp has been previously copied to /tmp/spark-f19d2b09-556f-4b93-a93a-f72094e45d0f/userFiles-cfd16eef-3ca3-401c-8b7e-b112ba1690a3/org.apache.spark_spark-token-provider-kafka-0-10_2.12-3.5.1.jar
[2025-11-01T00:02:19.515+0700] {subprocess.py:93} INFO - 25/11/01 00:02:19 INFO Executor: Adding file:/tmp/spark-f19d2b09-556f-4b93-a93a-f72094e45d0f/userFiles-cfd16eef-3ca3-401c-8b7e-b112ba1690a3/org.apache.spark_spark-token-provider-kafka-0-10_2.12-3.5.1.jar to class loader default
[2025-11-01T00:02:19.515+0700] {subprocess.py:93} INFO - 25/11/01 00:02:19 INFO Executor: Fetching spark://f7bb1ad77e89:43629/jars/org.slf4j_slf4j-api-2.0.7.jar with timestamp 1761930138833
[2025-11-01T00:02:19.515+0700] {subprocess.py:93} INFO - 25/11/01 00:02:19 INFO Utils: Fetching spark://f7bb1ad77e89:43629/jars/org.slf4j_slf4j-api-2.0.7.jar to /tmp/spark-f19d2b09-556f-4b93-a93a-f72094e45d0f/userFiles-cfd16eef-3ca3-401c-8b7e-b112ba1690a3/fetchFileTemp9032647747359292340.tmp
[2025-11-01T00:02:19.516+0700] {subprocess.py:93} INFO - 25/11/01 00:02:19 INFO Utils: /tmp/spark-f19d2b09-556f-4b93-a93a-f72094e45d0f/userFiles-cfd16eef-3ca3-401c-8b7e-b112ba1690a3/fetchFileTemp9032647747359292340.tmp has been previously copied to /tmp/spark-f19d2b09-556f-4b93-a93a-f72094e45d0f/userFiles-cfd16eef-3ca3-401c-8b7e-b112ba1690a3/org.slf4j_slf4j-api-2.0.7.jar
[2025-11-01T00:02:19.519+0700] {subprocess.py:93} INFO - 25/11/01 00:02:19 INFO Executor: Adding file:/tmp/spark-f19d2b09-556f-4b93-a93a-f72094e45d0f/userFiles-cfd16eef-3ca3-401c-8b7e-b112ba1690a3/org.slf4j_slf4j-api-2.0.7.jar to class loader default
[2025-11-01T00:02:19.519+0700] {subprocess.py:93} INFO - 25/11/01 00:02:19 INFO Executor: Fetching spark://f7bb1ad77e89:43629/jars/commons-logging_commons-logging-1.1.3.jar with timestamp 1761930138833
[2025-11-01T00:02:19.520+0700] {subprocess.py:93} INFO - 25/11/01 00:02:19 INFO Utils: Fetching spark://f7bb1ad77e89:43629/jars/commons-logging_commons-logging-1.1.3.jar to /tmp/spark-f19d2b09-556f-4b93-a93a-f72094e45d0f/userFiles-cfd16eef-3ca3-401c-8b7e-b112ba1690a3/fetchFileTemp4167426796476625143.tmp
[2025-11-01T00:02:19.520+0700] {subprocess.py:93} INFO - 25/11/01 00:02:19 INFO Utils: /tmp/spark-f19d2b09-556f-4b93-a93a-f72094e45d0f/userFiles-cfd16eef-3ca3-401c-8b7e-b112ba1690a3/fetchFileTemp4167426796476625143.tmp has been previously copied to /tmp/spark-f19d2b09-556f-4b93-a93a-f72094e45d0f/userFiles-cfd16eef-3ca3-401c-8b7e-b112ba1690a3/commons-logging_commons-logging-1.1.3.jar
[2025-11-01T00:02:19.524+0700] {subprocess.py:93} INFO - 25/11/01 00:02:19 INFO Executor: Adding file:/tmp/spark-f19d2b09-556f-4b93-a93a-f72094e45d0f/userFiles-cfd16eef-3ca3-401c-8b7e-b112ba1690a3/commons-logging_commons-logging-1.1.3.jar to class loader default
[2025-11-01T00:02:19.524+0700] {subprocess.py:93} INFO - 25/11/01 00:02:19 INFO Executor: Fetching spark://f7bb1ad77e89:43629/jars/org.apache.hadoop_hadoop-client-runtime-3.3.4.jar with timestamp 1761930138833
[2025-11-01T00:02:19.525+0700] {subprocess.py:93} INFO - 25/11/01 00:02:19 INFO Utils: Fetching spark://f7bb1ad77e89:43629/jars/org.apache.hadoop_hadoop-client-runtime-3.3.4.jar to /tmp/spark-f19d2b09-556f-4b93-a93a-f72094e45d0f/userFiles-cfd16eef-3ca3-401c-8b7e-b112ba1690a3/fetchFileTemp9586066083579502590.tmp
[2025-11-01T00:02:19.590+0700] {subprocess.py:93} INFO - 25/11/01 00:02:19 INFO Utils: /tmp/spark-f19d2b09-556f-4b93-a93a-f72094e45d0f/userFiles-cfd16eef-3ca3-401c-8b7e-b112ba1690a3/fetchFileTemp9586066083579502590.tmp has been previously copied to /tmp/spark-f19d2b09-556f-4b93-a93a-f72094e45d0f/userFiles-cfd16eef-3ca3-401c-8b7e-b112ba1690a3/org.apache.hadoop_hadoop-client-runtime-3.3.4.jar
[2025-11-01T00:02:19.600+0700] {subprocess.py:93} INFO - 25/11/01 00:02:19 INFO Executor: Adding file:/tmp/spark-f19d2b09-556f-4b93-a93a-f72094e45d0f/userFiles-cfd16eef-3ca3-401c-8b7e-b112ba1690a3/org.apache.hadoop_hadoop-client-runtime-3.3.4.jar to class loader default
[2025-11-01T00:02:19.600+0700] {subprocess.py:93} INFO - 25/11/01 00:02:19 INFO Executor: Fetching spark://f7bb1ad77e89:43629/jars/org.postgresql_postgresql-42.6.0.jar with timestamp 1761930138833
[2025-11-01T00:02:19.601+0700] {subprocess.py:93} INFO - 25/11/01 00:02:19 INFO Utils: Fetching spark://f7bb1ad77e89:43629/jars/org.postgresql_postgresql-42.6.0.jar to /tmp/spark-f19d2b09-556f-4b93-a93a-f72094e45d0f/userFiles-cfd16eef-3ca3-401c-8b7e-b112ba1690a3/fetchFileTemp2003596411848841590.tmp
[2025-11-01T00:02:19.603+0700] {subprocess.py:93} INFO - 25/11/01 00:02:19 INFO Utils: /tmp/spark-f19d2b09-556f-4b93-a93a-f72094e45d0f/userFiles-cfd16eef-3ca3-401c-8b7e-b112ba1690a3/fetchFileTemp2003596411848841590.tmp has been previously copied to /tmp/spark-f19d2b09-556f-4b93-a93a-f72094e45d0f/userFiles-cfd16eef-3ca3-401c-8b7e-b112ba1690a3/org.postgresql_postgresql-42.6.0.jar
[2025-11-01T00:02:19.607+0700] {subprocess.py:93} INFO - 25/11/01 00:02:19 INFO Executor: Adding file:/tmp/spark-f19d2b09-556f-4b93-a93a-f72094e45d0f/userFiles-cfd16eef-3ca3-401c-8b7e-b112ba1690a3/org.postgresql_postgresql-42.6.0.jar to class loader default
[2025-11-01T00:02:19.612+0700] {subprocess.py:93} INFO - 25/11/01 00:02:19 INFO Utils: Successfully started service 'org.apache.spark.network.netty.NettyBlockTransferService' on port 46843.
[2025-11-01T00:02:19.612+0700] {subprocess.py:93} INFO - 25/11/01 00:02:19 INFO NettyBlockTransferService: Server created on f7bb1ad77e89:46843
[2025-11-01T00:02:19.612+0700] {subprocess.py:93} INFO - 25/11/01 00:02:19 INFO BlockManager: Using org.apache.spark.storage.RandomBlockReplicationPolicy for block replication policy
[2025-11-01T00:02:19.615+0700] {subprocess.py:93} INFO - 25/11/01 00:02:19 INFO BlockManagerMaster: Registering BlockManager BlockManagerId(driver, f7bb1ad77e89, 46843, None)
[2025-11-01T00:02:19.616+0700] {subprocess.py:93} INFO - 25/11/01 00:02:19 INFO BlockManagerMasterEndpoint: Registering block manager f7bb1ad77e89:46843 with 434.4 MiB RAM, BlockManagerId(driver, f7bb1ad77e89, 46843, None)
[2025-11-01T00:02:19.617+0700] {subprocess.py:93} INFO - 25/11/01 00:02:19 INFO BlockManagerMaster: Registered BlockManager BlockManagerId(driver, f7bb1ad77e89, 46843, None)
[2025-11-01T00:02:19.618+0700] {subprocess.py:93} INFO - 25/11/01 00:02:19 INFO BlockManager: Initialized BlockManager: BlockManagerId(driver, f7bb1ad77e89, 46843, None)
[2025-11-01T00:02:19.770+0700] {subprocess.py:93} INFO - [Consumer] ðŸš€ Spark Structured Streaming started...
[2025-11-01T00:02:20.981+0700] {subprocess.py:93} INFO - Downloading https://github.com/ultralytics/assets/releases/download/v8.2.0/yolov8n.pt to 'yolov8n.pt'...
[2025-11-01T00:02:23.686+0700] {subprocess.py:93} INFO -   0%|          | 0.00/6.25M [00:00<?, ?B/s]  4%|â–         | 256k/6.25M [00:00<00:02, 2.11MB/s] 20%|â–ˆâ–ˆ        | 1.25M/6.25M [00:00<00:00, 6.33MB/s] 56%|â–ˆâ–ˆâ–ˆâ–ˆâ–ˆâ–Œ    | 3.50M/6.25M [00:00<00:00, 8.42MB/s] 98%|â–ˆâ–ˆâ–ˆâ–ˆâ–ˆâ–ˆâ–ˆâ–ˆâ–ˆâ–Š| 6.12M/6.25M [00:00<00:00, 13.3MB/s]100%|â–ˆâ–ˆâ–ˆâ–ˆâ–ˆâ–ˆâ–ˆâ–ˆâ–ˆâ–ˆ| 6.25M/6.25M [00:00<00:00, 11.1MB/s]
[2025-11-01T00:02:23.975+0700] {subprocess.py:93} INFO - 25/11/01 00:02:23 WARN ResolveWriteToStream: spark.sql.adaptive.enabled is not supported in streaming DataFrames/Datasets and will be disabled.
[2025-11-01T00:02:24.030+0700] {subprocess.py:93} INFO - [Consumer] ðŸ§  Waiting for streaming data...
[2025-11-01T00:02:24.779+0700] {subprocess.py:93} INFO - 
[2025-11-01T00:02:24.780+0700] {subprocess.py:93} INFO - ==============================
[2025-11-01T00:02:24.780+0700] {subprocess.py:93} INFO - [Batch 0] Writing 0 rows to PostgreSQL
[2025-11-01T00:02:24.780+0700] {subprocess.py:93} INFO - ==============================
[2025-11-01T00:02:24.996+0700] {subprocess.py:93} INFO - 25/11/01 00:02:24 ERROR MicroBatchExecution: Query [id = c9cf82bd-833d-444b-883e-2e3225f57b31, runId = 106ac8d5-e4ff-4851-a97a-b4d6f4674a1e] terminated with error
[2025-11-01T00:02:24.996+0700] {subprocess.py:93} INFO - py4j.Py4JException: An exception was raised by the Python Proxy. Return Message: Traceback (most recent call last):
[2025-11-01T00:02:24.997+0700] {subprocess.py:93} INFO -   File "/home/***/.local/lib/python3.12/site-packages/pyspark/python/lib/py4j-0.10.9.7-src.zip/py4j/clientserver.py", line 617, in _call_proxy
[2025-11-01T00:02:24.997+0700] {subprocess.py:93} INFO -     return_value = getattr(self.pool[obj_id], method)(*params)
[2025-11-01T00:02:24.997+0700] {subprocess.py:93} INFO -                    ^^^^^^^^^^^^^^^^^^^^^^^^^^^^^^^^^^^^^^^^^^^
[2025-11-01T00:02:24.997+0700] {subprocess.py:93} INFO -   File "/home/***/.local/lib/python3.12/site-packages/pyspark/python/lib/pyspark.zip/pyspark/sql/utils.py", line 120, in call
[2025-11-01T00:02:24.997+0700] {subprocess.py:93} INFO -     raise e
[2025-11-01T00:02:24.997+0700] {subprocess.py:93} INFO -   File "/home/***/.local/lib/python3.12/site-packages/pyspark/python/lib/pyspark.zip/pyspark/sql/utils.py", line 117, in call
[2025-11-01T00:02:24.998+0700] {subprocess.py:93} INFO -     self.func(DataFrame(jdf, wrapped_session_jdf), batch_id)
[2025-11-01T00:02:24.998+0700] {subprocess.py:93} INFO -   File "/opt/***/projects/vehicle_count/scripts/vehicle_consumer.py", line 144, in write_to_postgres
[2025-11-01T00:02:24.998+0700] {subprocess.py:93} INFO -     .jdbc(
[2025-11-01T00:02:24.998+0700] {subprocess.py:93} INFO -      ^^^^^
[2025-11-01T00:02:24.998+0700] {subprocess.py:93} INFO -   File "/home/***/.local/lib/python3.12/site-packages/pyspark/python/lib/pyspark.zip/pyspark/sql/readwriter.py", line 1984, in jdbc
[2025-11-01T00:02:24.998+0700] {subprocess.py:93} INFO -     self.mode(mode)._jwrite.jdbc(url, table, jprop)
[2025-11-01T00:02:24.998+0700] {subprocess.py:93} INFO -   File "/home/***/.local/lib/python3.12/site-packages/pyspark/python/lib/py4j-0.10.9.7-src.zip/py4j/java_gateway.py", line 1322, in __call__
[2025-11-01T00:02:24.999+0700] {subprocess.py:93} INFO -     return_value = get_return_value(
[2025-11-01T00:02:24.999+0700] {subprocess.py:93} INFO -                    ^^^^^^^^^^^^^^^^^
[2025-11-01T00:02:24.999+0700] {subprocess.py:93} INFO -   File "/home/***/.local/lib/python3.12/site-packages/pyspark/python/lib/pyspark.zip/pyspark/errors/exceptions/captured.py", line 179, in deco
[2025-11-01T00:02:24.999+0700] {subprocess.py:93} INFO -     return f(*a, **kw)
[2025-11-01T00:02:24.999+0700] {subprocess.py:93} INFO -            ^^^^^^^^^^^
[2025-11-01T00:02:24.999+0700] {subprocess.py:93} INFO -   File "/home/***/.local/lib/python3.12/site-packages/pyspark/python/lib/py4j-0.10.9.7-src.zip/py4j/protocol.py", line 326, in get_return_value
[2025-11-01T00:02:25.000+0700] {subprocess.py:93} INFO -     raise Py4JJavaError(
[2025-11-01T00:02:25.000+0700] {subprocess.py:93} INFO - py4j.protocol.Py4JJavaError: An error occurred while calling o100.jdbc.
[2025-11-01T00:02:25.000+0700] {subprocess.py:93} INFO - : org.postgresql.util.PSQLException: FATAL: database "vehicle_db" does not exist
[2025-11-01T00:02:25.000+0700] {subprocess.py:93} INFO - 	at org.postgresql.core.v3.QueryExecutorImpl.receiveErrorResponse(QueryExecutorImpl.java:2713)
[2025-11-01T00:02:25.001+0700] {subprocess.py:93} INFO - 	at org.postgresql.core.v3.QueryExecutorImpl.readStartupMessages(QueryExecutorImpl.java:2825)
[2025-11-01T00:02:25.001+0700] {subprocess.py:93} INFO - 	at org.postgresql.core.v3.QueryExecutorImpl.<init>(QueryExecutorImpl.java:175)
[2025-11-01T00:02:25.001+0700] {subprocess.py:93} INFO - 	at org.postgresql.core.v3.ConnectionFactoryImpl.openConnectionImpl(ConnectionFactoryImpl.java:313)
[2025-11-01T00:02:25.001+0700] {subprocess.py:93} INFO - 	at org.postgresql.core.ConnectionFactory.openConnection(ConnectionFactory.java:54)
[2025-11-01T00:02:25.002+0700] {subprocess.py:93} INFO - 	at org.postgresql.jdbc.PgConnection.<init>(PgConnection.java:263)
[2025-11-01T00:02:25.002+0700] {subprocess.py:93} INFO - 	at org.postgresql.Driver.makeConnection(Driver.java:443)
[2025-11-01T00:02:25.002+0700] {subprocess.py:93} INFO - 	at org.postgresql.Driver.connect(Driver.java:297)
[2025-11-01T00:02:25.003+0700] {subprocess.py:93} INFO - 	at org.apache.spark.sql.execution.datasources.jdbc.connection.BasicConnectionProvider.getConnection(BasicConnectionProvider.scala:49)
[2025-11-01T00:02:25.003+0700] {subprocess.py:93} INFO - 	at org.apache.spark.sql.execution.datasources.jdbc.connection.ConnectionProviderBase.create(ConnectionProvider.scala:102)
[2025-11-01T00:02:25.003+0700] {subprocess.py:93} INFO - 	at org.apache.spark.sql.jdbc.JdbcDialect.$anonfun$createConnectionFactory$1(JdbcDialects.scala:160)
[2025-11-01T00:02:25.003+0700] {subprocess.py:93} INFO - 	at org.apache.spark.sql.jdbc.JdbcDialect.$anonfun$createConnectionFactory$1$adapted(JdbcDialects.scala:156)
[2025-11-01T00:02:25.003+0700] {subprocess.py:93} INFO - 	at org.apache.spark.sql.execution.datasources.jdbc.JdbcRelationProvider.createRelation(JdbcRelationProvider.scala:50)
[2025-11-01T00:02:25.003+0700] {subprocess.py:93} INFO - 	at org.apache.spark.sql.execution.datasources.SaveIntoDataSourceCommand.run(SaveIntoDataSourceCommand.scala:48)
[2025-11-01T00:02:25.004+0700] {subprocess.py:93} INFO - 	at org.apache.spark.sql.execution.command.ExecutedCommandExec.sideEffectResult$lzycompute(commands.scala:75)
[2025-11-01T00:02:25.004+0700] {subprocess.py:93} INFO - 	at org.apache.spark.sql.execution.command.ExecutedCommandExec.sideEffectResult(commands.scala:73)
[2025-11-01T00:02:25.004+0700] {subprocess.py:93} INFO - 	at org.apache.spark.sql.execution.command.ExecutedCommandExec.executeCollect(commands.scala:84)
[2025-11-01T00:02:25.004+0700] {subprocess.py:93} INFO - 	at org.apache.spark.sql.execution.QueryExecution$$anonfun$eagerlyExecuteCommands$1.$anonfun$applyOrElse$1(QueryExecution.scala:107)
[2025-11-01T00:02:25.004+0700] {subprocess.py:93} INFO - 	at org.apache.spark.sql.execution.SQLExecution$.$anonfun$withNewExecutionId$6(SQLExecution.scala:125)
[2025-11-01T00:02:25.005+0700] {subprocess.py:93} INFO - 	at org.apache.spark.sql.execution.SQLExecution$.withSQLConfPropagated(SQLExecution.scala:201)
[2025-11-01T00:02:25.005+0700] {subprocess.py:93} INFO - 	at org.apache.spark.sql.execution.SQLExecution$.$anonfun$withNewExecutionId$1(SQLExecution.scala:108)
[2025-11-01T00:02:25.005+0700] {subprocess.py:93} INFO - 	at org.apache.spark.sql.SparkSession.withActive(SparkSession.scala:900)
[2025-11-01T00:02:25.005+0700] {subprocess.py:93} INFO - 	at org.apache.spark.sql.execution.SQLExecution$.withNewExecutionId(SQLExecution.scala:66)
[2025-11-01T00:02:25.005+0700] {subprocess.py:93} INFO - 	at org.apache.spark.sql.execution.QueryExecution$$anonfun$eagerlyExecuteCommands$1.applyOrElse(QueryExecution.scala:107)
[2025-11-01T00:02:25.005+0700] {subprocess.py:93} INFO - 	at org.apache.spark.sql.execution.QueryExecution$$anonfun$eagerlyExecuteCommands$1.applyOrElse(QueryExecution.scala:98)
[2025-11-01T00:02:25.006+0700] {subprocess.py:93} INFO - 	at org.apache.spark.sql.catalyst.trees.TreeNode.$anonfun$transformDownWithPruning$1(TreeNode.scala:461)
[2025-11-01T00:02:25.006+0700] {subprocess.py:93} INFO - 	at org.apache.spark.sql.catalyst.trees.CurrentOrigin$.withOrigin(origin.scala:76)
[2025-11-01T00:02:25.006+0700] {subprocess.py:93} INFO - 	at org.apache.spark.sql.catalyst.trees.TreeNode.transformDownWithPruning(TreeNode.scala:461)
[2025-11-01T00:02:25.006+0700] {subprocess.py:93} INFO - 	at org.apache.spark.sql.catalyst.plans.logical.LogicalPlan.org$apache$spark$sql$catalyst$plans$logical$AnalysisHelper$$super$transformDownWithPruning(LogicalPlan.scala:32)
[2025-11-01T00:02:25.007+0700] {subprocess.py:93} INFO - 	at org.apache.spark.sql.catalyst.plans.logical.AnalysisHelper.transformDownWithPruning(AnalysisHelper.scala:267)
[2025-11-01T00:02:25.007+0700] {subprocess.py:93} INFO - 	at org.apache.spark.sql.catalyst.plans.logical.AnalysisHelper.transformDownWithPruning$(AnalysisHelper.scala:263)
[2025-11-01T00:02:25.007+0700] {subprocess.py:93} INFO - 	at org.apache.spark.sql.catalyst.plans.logical.LogicalPlan.transformDownWithPruning(LogicalPlan.scala:32)
[2025-11-01T00:02:25.007+0700] {subprocess.py:93} INFO - 	at org.apache.spark.sql.catalyst.plans.logical.LogicalPlan.transformDownWithPruning(LogicalPlan.scala:32)
[2025-11-01T00:02:25.007+0700] {subprocess.py:93} INFO - 	at org.apache.spark.sql.catalyst.trees.TreeNode.transformDown(TreeNode.scala:437)
[2025-11-01T00:02:25.008+0700] {subprocess.py:93} INFO - 	at org.apache.spark.sql.execution.QueryExecution.eagerlyExecuteCommands(QueryExecution.scala:98)
[2025-11-01T00:02:25.008+0700] {subprocess.py:93} INFO - 	at org.apache.spark.sql.execution.QueryExecution.commandExecuted$lzycompute(QueryExecution.scala:85)
[2025-11-01T00:02:25.008+0700] {subprocess.py:93} INFO - 	at org.apache.spark.sql.execution.QueryExecution.commandExecuted(QueryExecution.scala:83)
[2025-11-01T00:02:25.008+0700] {subprocess.py:93} INFO - 	at org.apache.spark.sql.execution.QueryExecution.assertCommandExecuted(QueryExecution.scala:142)
[2025-11-01T00:02:25.008+0700] {subprocess.py:93} INFO - 	at org.apache.spark.sql.DataFrameWriter.runCommand(DataFrameWriter.scala:859)
[2025-11-01T00:02:25.008+0700] {subprocess.py:93} INFO - 	at org.apache.spark.sql.DataFrameWriter.saveToV1Source(DataFrameWriter.scala:388)
[2025-11-01T00:02:25.009+0700] {subprocess.py:93} INFO - 	at org.apache.spark.sql.DataFrameWriter.saveInternal(DataFrameWriter.scala:361)
[2025-11-01T00:02:25.009+0700] {subprocess.py:93} INFO - 	at org.apache.spark.sql.DataFrameWriter.save(DataFrameWriter.scala:248)
[2025-11-01T00:02:25.009+0700] {subprocess.py:93} INFO - 	at org.apache.spark.sql.DataFrameWriter.jdbc(DataFrameWriter.scala:756)
[2025-11-01T00:02:25.009+0700] {subprocess.py:93} INFO - 	at java.base/jdk.internal.reflect.NativeMethodAccessorImpl.invoke0(Native Method)
[2025-11-01T00:02:25.009+0700] {subprocess.py:93} INFO - 	at java.base/jdk.internal.reflect.NativeMethodAccessorImpl.invoke(NativeMethodAccessorImpl.java:77)
[2025-11-01T00:02:25.009+0700] {subprocess.py:93} INFO - 	at java.base/jdk.internal.reflect.DelegatingMethodAccessorImpl.invoke(DelegatingMethodAccessorImpl.java:43)
[2025-11-01T00:02:25.010+0700] {subprocess.py:93} INFO - 	at java.base/java.lang.reflect.Method.invoke(Method.java:569)
[2025-11-01T00:02:25.010+0700] {subprocess.py:93} INFO - 	at py4j.reflection.MethodInvoker.invoke(MethodInvoker.java:244)
[2025-11-01T00:02:25.010+0700] {subprocess.py:93} INFO - 	at py4j.reflection.ReflectionEngine.invoke(ReflectionEngine.java:374)
[2025-11-01T00:02:25.010+0700] {subprocess.py:93} INFO - 	at py4j.Gateway.invoke(Gateway.java:282)
[2025-11-01T00:02:25.010+0700] {subprocess.py:93} INFO - 	at py4j.commands.AbstractCommand.invokeMethod(AbstractCommand.java:132)
[2025-11-01T00:02:25.011+0700] {subprocess.py:93} INFO - 	at py4j.commands.CallCommand.execute(CallCommand.java:79)
[2025-11-01T00:02:25.011+0700] {subprocess.py:93} INFO - 	at py4j.ClientServerConnection.sendCommand(ClientServerConnection.java:244)
[2025-11-01T00:02:25.011+0700] {subprocess.py:93} INFO - 	at py4j.CallbackClient.sendCommand(CallbackClient.java:384)
[2025-11-01T00:02:25.011+0700] {subprocess.py:93} INFO - 	at py4j.CallbackClient.sendCommand(CallbackClient.java:356)
[2025-11-01T00:02:25.011+0700] {subprocess.py:93} INFO - 	at py4j.reflection.PythonProxyHandler.invoke(PythonProxyHandler.java:106)
[2025-11-01T00:02:25.012+0700] {subprocess.py:93} INFO - 	at jdk.proxy3/jdk.proxy3.$Proxy31.call(Unknown Source)
[2025-11-01T00:02:25.012+0700] {subprocess.py:93} INFO - 	at org.apache.spark.sql.execution.streaming.sources.PythonForeachBatchHelper$.$anonfun$callForeachBatch$1(ForeachBatchSink.scala:53)
[2025-11-01T00:02:25.012+0700] {subprocess.py:93} INFO - 	at org.apache.spark.sql.execution.streaming.sources.PythonForeachBatchHelper$.$anonfun$callForeachBatch$1$adapted(ForeachBatchSink.scala:53)
[2025-11-01T00:02:25.012+0700] {subprocess.py:93} INFO - 	at org.apache.spark.sql.execution.streaming.sources.ForeachBatchSink.addBatch(ForeachBatchSink.scala:34)
[2025-11-01T00:02:25.012+0700] {subprocess.py:93} INFO - 	at org.apache.spark.sql.execution.streaming.MicroBatchExecution.$anonfun$runBatch$17(MicroBatchExecution.scala:732)
[2025-11-01T00:02:25.013+0700] {subprocess.py:93} INFO - 	at org.apache.spark.sql.execution.SQLExecution$.$anonfun$withNewExecutionId$6(SQLExecution.scala:125)
[2025-11-01T00:02:25.013+0700] {subprocess.py:93} INFO - 	at org.apache.spark.sql.execution.SQLExecution$.withSQLConfPropagated(SQLExecution.scala:201)
[2025-11-01T00:02:25.013+0700] {subprocess.py:93} INFO - 	at org.apache.spark.sql.execution.SQLExecution$.$anonfun$withNewExecutionId$1(SQLExecution.scala:108)
[2025-11-01T00:02:25.013+0700] {subprocess.py:93} INFO - 	at org.apache.spark.sql.SparkSession.withActive(SparkSession.scala:900)
[2025-11-01T00:02:25.013+0700] {subprocess.py:93} INFO - 	at org.apache.spark.sql.execution.SQLExecution$.withNewExecutionId(SQLExecution.scala:66)
[2025-11-01T00:02:25.013+0700] {subprocess.py:93} INFO - 	at org.apache.spark.sql.execution.streaming.MicroBatchExecution.$anonfun$runBatch$16(MicroBatchExecution.scala:729)
[2025-11-01T00:02:25.014+0700] {subprocess.py:93} INFO - 	at org.apache.spark.sql.execution.streaming.ProgressReporter.reportTimeTaken(ProgressReporter.scala:427)
[2025-11-01T00:02:25.014+0700] {subprocess.py:93} INFO - 	at org.apache.spark.sql.execution.streaming.ProgressReporter.reportTimeTaken$(ProgressReporter.scala:425)
[2025-11-01T00:02:25.014+0700] {subprocess.py:93} INFO - 	at org.apache.spark.sql.execution.streaming.StreamExecution.reportTimeTaken(StreamExecution.scala:67)
[2025-11-01T00:02:25.014+0700] {subprocess.py:93} INFO - 	at org.apache.spark.sql.execution.streaming.MicroBatchExecution.runBatch(MicroBatchExecution.scala:729)
[2025-11-01T00:02:25.014+0700] {subprocess.py:93} INFO - 	at org.apache.spark.sql.execution.streaming.MicroBatchExecution.$anonfun$runActivatedStream$2(MicroBatchExecution.scala:286)
[2025-11-01T00:02:25.015+0700] {subprocess.py:93} INFO - 	at scala.runtime.java8.JFunction0$mcV$sp.apply(JFunction0$mcV$sp.java:23)
[2025-11-01T00:02:25.015+0700] {subprocess.py:93} INFO - 	at org.apache.spark.sql.execution.streaming.ProgressReporter.reportTimeTaken(ProgressReporter.scala:427)
[2025-11-01T00:02:25.015+0700] {subprocess.py:93} INFO - 	at org.apache.spark.sql.execution.streaming.ProgressReporter.reportTimeTaken$(ProgressReporter.scala:425)
[2025-11-01T00:02:25.015+0700] {subprocess.py:93} INFO - 	at org.apache.spark.sql.execution.streaming.StreamExecution.reportTimeTaken(StreamExecution.scala:67)
[2025-11-01T00:02:25.015+0700] {subprocess.py:93} INFO - 	at org.apache.spark.sql.execution.streaming.MicroBatchExecution.$anonfun$runActivatedStream$1(MicroBatchExecution.scala:249)
[2025-11-01T00:02:25.015+0700] {subprocess.py:93} INFO - 	at org.apache.spark.sql.execution.streaming.ProcessingTimeExecutor.execute(TriggerExecutor.scala:67)
[2025-11-01T00:02:25.016+0700] {subprocess.py:93} INFO - 	at org.apache.spark.sql.execution.streaming.MicroBatchExecution.runActivatedStream(MicroBatchExecution.scala:239)
[2025-11-01T00:02:25.016+0700] {subprocess.py:93} INFO - 	at org.apache.spark.sql.execution.streaming.StreamExecution.$anonfun$runStream$1(StreamExecution.scala:311)
[2025-11-01T00:02:25.016+0700] {subprocess.py:93} INFO - 	at scala.runtime.java8.JFunction0$mcV$sp.apply(JFunction0$mcV$sp.java:23)
[2025-11-01T00:02:25.016+0700] {subprocess.py:93} INFO - 	at org.apache.spark.sql.SparkSession.withActive(SparkSession.scala:900)
[2025-11-01T00:02:25.016+0700] {subprocess.py:93} INFO - 	at org.apache.spark.sql.execution.streaming.StreamExecution.org$apache$spark$sql$execution$streaming$StreamExecution$$runStream(StreamExecution.scala:289)
[2025-11-01T00:02:25.017+0700] {subprocess.py:93} INFO - 	at org.apache.spark.sql.execution.streaming.StreamExecution$$anon$1.$anonfun$run$1(StreamExecution.scala:211)
[2025-11-01T00:02:25.017+0700] {subprocess.py:93} INFO - 	at scala.runtime.java8.JFunction0$mcV$sp.apply(JFunction0$mcV$sp.java:23)
[2025-11-01T00:02:25.017+0700] {subprocess.py:93} INFO - 	at org.apache.spark.JobArtifactSet$.withActiveJobArtifactState(JobArtifactSet.scala:94)
[2025-11-01T00:02:25.017+0700] {subprocess.py:93} INFO - 	at org.apache.spark.sql.execution.streaming.StreamExecution$$anon$1.run(StreamExecution.scala:211)
[2025-11-01T00:02:25.017+0700] {subprocess.py:93} INFO - 
[2025-11-01T00:02:25.018+0700] {subprocess.py:93} INFO - 
[2025-11-01T00:02:25.018+0700] {subprocess.py:93} INFO - 	at py4j.Protocol.getReturnValue(Protocol.java:476)
[2025-11-01T00:02:25.018+0700] {subprocess.py:93} INFO - 	at py4j.reflection.PythonProxyHandler.invoke(PythonProxyHandler.java:108)
[2025-11-01T00:02:25.018+0700] {subprocess.py:93} INFO - 	at jdk.proxy3/jdk.proxy3.$Proxy31.call(Unknown Source)
[2025-11-01T00:02:25.019+0700] {subprocess.py:93} INFO - 	at org.apache.spark.sql.execution.streaming.sources.PythonForeachBatchHelper$.$anonfun$callForeachBatch$1(ForeachBatchSink.scala:53)
[2025-11-01T00:02:25.019+0700] {subprocess.py:93} INFO - 	at org.apache.spark.sql.execution.streaming.sources.PythonForeachBatchHelper$.$anonfun$callForeachBatch$1$adapted(ForeachBatchSink.scala:53)
[2025-11-01T00:02:25.019+0700] {subprocess.py:93} INFO - 	at org.apache.spark.sql.execution.streaming.sources.ForeachBatchSink.addBatch(ForeachBatchSink.scala:34)
[2025-11-01T00:02:25.019+0700] {subprocess.py:93} INFO - 	at org.apache.spark.sql.execution.streaming.MicroBatchExecution.$anonfun$runBatch$17(MicroBatchExecution.scala:732)
[2025-11-01T00:02:25.019+0700] {subprocess.py:93} INFO - 	at org.apache.spark.sql.execution.SQLExecution$.$anonfun$withNewExecutionId$6(SQLExecution.scala:125)
[2025-11-01T00:02:25.019+0700] {subprocess.py:93} INFO - 	at org.apache.spark.sql.execution.SQLExecution$.withSQLConfPropagated(SQLExecution.scala:201)
[2025-11-01T00:02:25.020+0700] {subprocess.py:93} INFO - 	at org.apache.spark.sql.execution.SQLExecution$.$anonfun$withNewExecutionId$1(SQLExecution.scala:108)
[2025-11-01T00:02:25.020+0700] {subprocess.py:93} INFO - 	at org.apache.spark.sql.SparkSession.withActive(SparkSession.scala:900)
[2025-11-01T00:02:25.020+0700] {subprocess.py:93} INFO - 	at org.apache.spark.sql.execution.SQLExecution$.withNewExecutionId(SQLExecution.scala:66)
[2025-11-01T00:02:25.020+0700] {subprocess.py:93} INFO - 	at org.apache.spark.sql.execution.streaming.MicroBatchExecution.$anonfun$runBatch$16(MicroBatchExecution.scala:729)
[2025-11-01T00:02:25.020+0700] {subprocess.py:93} INFO - 	at org.apache.spark.sql.execution.streaming.ProgressReporter.reportTimeTaken(ProgressReporter.scala:427)
[2025-11-01T00:02:25.020+0700] {subprocess.py:93} INFO - 	at org.apache.spark.sql.execution.streaming.ProgressReporter.reportTimeTaken$(ProgressReporter.scala:425)
[2025-11-01T00:02:25.020+0700] {subprocess.py:93} INFO - 	at org.apache.spark.sql.execution.streaming.StreamExecution.reportTimeTaken(StreamExecution.scala:67)
[2025-11-01T00:02:25.021+0700] {subprocess.py:93} INFO - 	at org.apache.spark.sql.execution.streaming.MicroBatchExecution.runBatch(MicroBatchExecution.scala:729)
[2025-11-01T00:02:25.021+0700] {subprocess.py:93} INFO - 	at org.apache.spark.sql.execution.streaming.MicroBatchExecution.$anonfun$runActivatedStream$2(MicroBatchExecution.scala:286)
[2025-11-01T00:02:25.021+0700] {subprocess.py:93} INFO - 	at scala.runtime.java8.JFunction0$mcV$sp.apply(JFunction0$mcV$sp.java:23)
[2025-11-01T00:02:25.021+0700] {subprocess.py:93} INFO - 	at org.apache.spark.sql.execution.streaming.ProgressReporter.reportTimeTaken(ProgressReporter.scala:427)
[2025-11-01T00:02:25.021+0700] {subprocess.py:93} INFO - 	at org.apache.spark.sql.execution.streaming.ProgressReporter.reportTimeTaken$(ProgressReporter.scala:425)
[2025-11-01T00:02:25.022+0700] {subprocess.py:93} INFO - 	at org.apache.spark.sql.execution.streaming.StreamExecution.reportTimeTaken(StreamExecution.scala:67)
[2025-11-01T00:02:25.022+0700] {subprocess.py:93} INFO - 	at org.apache.spark.sql.execution.streaming.MicroBatchExecution.$anonfun$runActivatedStream$1(MicroBatchExecution.scala:249)
[2025-11-01T00:02:25.022+0700] {subprocess.py:93} INFO - 	at org.apache.spark.sql.execution.streaming.ProcessingTimeExecutor.execute(TriggerExecutor.scala:67)
[2025-11-01T00:02:25.022+0700] {subprocess.py:93} INFO - 	at org.apache.spark.sql.execution.streaming.MicroBatchExecution.runActivatedStream(MicroBatchExecution.scala:239)
[2025-11-01T00:02:25.022+0700] {subprocess.py:93} INFO - 	at org.apache.spark.sql.execution.streaming.StreamExecution.$anonfun$runStream$1(StreamExecution.scala:311)
[2025-11-01T00:02:25.023+0700] {subprocess.py:93} INFO - 	at scala.runtime.java8.JFunction0$mcV$sp.apply(JFunction0$mcV$sp.java:23)
[2025-11-01T00:02:25.023+0700] {subprocess.py:93} INFO - 	at org.apache.spark.sql.SparkSession.withActive(SparkSession.scala:900)
[2025-11-01T00:02:25.023+0700] {subprocess.py:93} INFO - 	at org.apache.spark.sql.execution.streaming.StreamExecution.org$apache$spark$sql$execution$streaming$StreamExecution$$runStream(StreamExecution.scala:289)
[2025-11-01T00:02:25.023+0700] {subprocess.py:93} INFO - 	at org.apache.spark.sql.execution.streaming.StreamExecution$$anon$1.$anonfun$run$1(StreamExecution.scala:211)
[2025-11-01T00:02:25.023+0700] {subprocess.py:93} INFO - 	at scala.runtime.java8.JFunction0$mcV$sp.apply(JFunction0$mcV$sp.java:23)
[2025-11-01T00:02:25.023+0700] {subprocess.py:93} INFO - 	at org.apache.spark.JobArtifactSet$.withActiveJobArtifactState(JobArtifactSet.scala:94)
[2025-11-01T00:02:25.023+0700] {subprocess.py:93} INFO - 	at org.apache.spark.sql.execution.streaming.StreamExecution$$anon$1.run(StreamExecution.scala:211)
[2025-11-01T00:02:25.141+0700] {subprocess.py:93} INFO - Traceback (most recent call last):
[2025-11-01T00:02:25.142+0700] {subprocess.py:93} INFO -   File "/opt/***/projects/vehicle_count/scripts/vehicle_consumer.py", line 161, in <module>
[2025-11-01T00:02:25.142+0700] {subprocess.py:93} INFO -     query.awaitTermination()
[2025-11-01T00:02:25.142+0700] {subprocess.py:93} INFO -   File "/home/***/.local/lib/python3.12/site-packages/pyspark/python/lib/pyspark.zip/pyspark/sql/streaming/query.py", line 221, in awaitTermination
[2025-11-01T00:02:25.143+0700] {subprocess.py:93} INFO -   File "/home/***/.local/lib/python3.12/site-packages/pyspark/python/lib/py4j-0.10.9.7-src.zip/py4j/java_gateway.py", line 1322, in __call__
[2025-11-01T00:02:25.143+0700] {subprocess.py:93} INFO -   File "/home/***/.local/lib/python3.12/site-packages/pyspark/python/lib/pyspark.zip/pyspark/errors/exceptions/captured.py", line 185, in deco
[2025-11-01T00:02:25.146+0700] {subprocess.py:93} INFO - pyspark.errors.exceptions.captured.StreamingQueryException: [STREAM_FAILED] Query [id = c9cf82bd-833d-444b-883e-2e3225f57b31, runId = 106ac8d5-e4ff-4851-a97a-b4d6f4674a1e] terminated with exception: An exception was raised by the Python Proxy. Return Message: Traceback (most recent call last):
[2025-11-01T00:02:25.146+0700] {subprocess.py:93} INFO -   File "/home/***/.local/lib/python3.12/site-packages/pyspark/python/lib/py4j-0.10.9.7-src.zip/py4j/clientserver.py", line 617, in _call_proxy
[2025-11-01T00:02:25.147+0700] {subprocess.py:93} INFO -     return_value = getattr(self.pool[obj_id], method)(*params)
[2025-11-01T00:02:25.147+0700] {subprocess.py:93} INFO -                    ^^^^^^^^^^^^^^^^^^^^^^^^^^^^^^^^^^^^^^^^^^^
[2025-11-01T00:02:25.147+0700] {subprocess.py:93} INFO -   File "/home/***/.local/lib/python3.12/site-packages/pyspark/python/lib/pyspark.zip/pyspark/sql/utils.py", line 120, in call
[2025-11-01T00:02:25.147+0700] {subprocess.py:93} INFO -     raise e
[2025-11-01T00:02:25.147+0700] {subprocess.py:93} INFO -   File "/home/***/.local/lib/python3.12/site-packages/pyspark/python/lib/pyspark.zip/pyspark/sql/utils.py", line 117, in call
[2025-11-01T00:02:25.147+0700] {subprocess.py:93} INFO -     self.func(DataFrame(jdf, wrapped_session_jdf), batch_id)
[2025-11-01T00:02:25.148+0700] {subprocess.py:93} INFO -   File "/opt/***/projects/vehicle_count/scripts/vehicle_consumer.py", line 144, in write_to_postgres
[2025-11-01T00:02:25.148+0700] {subprocess.py:93} INFO -     .jdbc(
[2025-11-01T00:02:25.148+0700] {subprocess.py:93} INFO -      ^^^^^
[2025-11-01T00:02:25.148+0700] {subprocess.py:93} INFO -   File "/home/***/.local/lib/python3.12/site-packages/pyspark/python/lib/pyspark.zip/pyspark/sql/readwriter.py", line 1984, in jdbc
[2025-11-01T00:02:25.148+0700] {subprocess.py:93} INFO -     self.mode(mode)._jwrite.jdbc(url, table, jprop)
[2025-11-01T00:02:25.148+0700] {subprocess.py:93} INFO -   File "/home/***/.local/lib/python3.12/site-packages/pyspark/python/lib/py4j-0.10.9.7-src.zip/py4j/java_gateway.py", line 1322, in __call__
[2025-11-01T00:02:25.149+0700] {subprocess.py:93} INFO -     return_value = get_return_value(
[2025-11-01T00:02:25.149+0700] {subprocess.py:93} INFO -                    ^^^^^^^^^^^^^^^^^
[2025-11-01T00:02:25.149+0700] {subprocess.py:93} INFO -   File "/home/***/.local/lib/python3.12/site-packages/pyspark/python/lib/pyspark.zip/pyspark/errors/exceptions/captured.py", line 179, in deco
[2025-11-01T00:02:25.149+0700] {subprocess.py:93} INFO -     return f(*a, **kw)
[2025-11-01T00:02:25.149+0700] {subprocess.py:93} INFO -            ^^^^^^^^^^^
[2025-11-01T00:02:25.149+0700] {subprocess.py:93} INFO -   File "/home/***/.local/lib/python3.12/site-packages/pyspark/python/lib/py4j-0.10.9.7-src.zip/py4j/protocol.py", line 326, in get_return_value
[2025-11-01T00:02:25.149+0700] {subprocess.py:93} INFO -     raise Py4JJavaError(
[2025-11-01T00:02:25.149+0700] {subprocess.py:93} INFO - py4j.protocol.Py4JJavaError: An error occurred while calling o100.jdbc.
[2025-11-01T00:02:25.149+0700] {subprocess.py:93} INFO - : org.postgresql.util.PSQLException: FATAL: database "vehicle_db" does not exist
[2025-11-01T00:02:25.150+0700] {subprocess.py:93} INFO - 	at org.postgresql.core.v3.QueryExecutorImpl.receiveErrorResponse(QueryExecutorImpl.java:2713)
[2025-11-01T00:02:25.150+0700] {subprocess.py:93} INFO - 	at org.postgresql.core.v3.QueryExecutorImpl.readStartupMessages(QueryExecutorImpl.java:2825)
[2025-11-01T00:02:25.150+0700] {subprocess.py:93} INFO - 	at org.postgresql.core.v3.QueryExecutorImpl.<init>(QueryExecutorImpl.java:175)
[2025-11-01T00:02:25.150+0700] {subprocess.py:93} INFO - 	at org.postgresql.core.v3.ConnectionFactoryImpl.openConnectionImpl(ConnectionFactoryImpl.java:313)
[2025-11-01T00:02:25.150+0700] {subprocess.py:93} INFO - 	at org.postgresql.core.ConnectionFactory.openConnection(ConnectionFactory.java:54)
[2025-11-01T00:02:25.150+0700] {subprocess.py:93} INFO - 	at org.postgresql.jdbc.PgConnection.<init>(PgConnection.java:263)
[2025-11-01T00:02:25.150+0700] {subprocess.py:93} INFO - 	at org.postgresql.Driver.makeConnection(Driver.java:443)
[2025-11-01T00:02:25.150+0700] {subprocess.py:93} INFO - 	at org.postgresql.Driver.connect(Driver.java:297)
[2025-11-01T00:02:25.151+0700] {subprocess.py:93} INFO - 	at org.apache.spark.sql.execution.datasources.jdbc.connection.BasicConnectionProvider.getConnection(BasicConnectionProvider.scala:49)
[2025-11-01T00:02:25.151+0700] {subprocess.py:93} INFO - 	at org.apache.spark.sql.execution.datasources.jdbc.connection.ConnectionProviderBase.create(ConnectionProvider.scala:102)
[2025-11-01T00:02:25.151+0700] {subprocess.py:93} INFO - 	at org.apache.spark.sql.jdbc.JdbcDialect.$anonfun$createConnectionFactory$1(JdbcDialects.scala:160)
[2025-11-01T00:02:25.151+0700] {subprocess.py:93} INFO - 	at org.apache.spark.sql.jdbc.JdbcDialect.$anonfun$createConnectionFactory$1$adapted(JdbcDialects.scala:156)
[2025-11-01T00:02:25.151+0700] {subprocess.py:93} INFO - 	at org.apache.spark.sql.execution.datasources.jdbc.JdbcRelationProvider.createRelation(JdbcRelationProvider.scala:50)
[2025-11-01T00:02:25.151+0700] {subprocess.py:93} INFO - 	at org.apache.spark.sql.execution.datasources.SaveIntoDataSourceCommand.run(SaveIntoDataSourceCommand.scala:48)
[2025-11-01T00:02:25.152+0700] {subprocess.py:93} INFO - 	at org.apache.spark.sql.execution.command.ExecutedCommandExec.sideEffectResult$lzycompute(commands.scala:75)
[2025-11-01T00:02:25.152+0700] {subprocess.py:93} INFO - 	at org.apache.spark.sql.execution.command.ExecutedCommandExec.sideEffectResult(commands.scala:73)
[2025-11-01T00:02:25.152+0700] {subprocess.py:93} INFO - 	at org.apache.spark.sql.execution.command.ExecutedCommandExec.executeCollect(commands.scala:84)
[2025-11-01T00:02:25.152+0700] {subprocess.py:93} INFO - 	at org.apache.spark.sql.execution.QueryExecution$$anonfun$eagerlyExecuteCommands$1.$anonfun$applyOrElse$1(QueryExecution.scala:107)
[2025-11-01T00:02:25.152+0700] {subprocess.py:93} INFO - 	at org.apache.spark.sql.execution.SQLExecution$.$anonfun$withNewExecutionId$6(SQLExecution.scala:125)
[2025-11-01T00:02:25.152+0700] {subprocess.py:93} INFO - 	at org.apache.spark.sql.execution.SQLExecution$.withSQLConfPropagated(SQLExecution.scala:201)
[2025-11-01T00:02:25.152+0700] {subprocess.py:93} INFO - 	at org.apache.spark.sql.execution.SQLExecution$.$anonfun$withNewExecutionId$1(SQLExecution.scala:108)
[2025-11-01T00:02:25.153+0700] {subprocess.py:93} INFO - 	at org.apache.spark.sql.SparkSession.withActive(SparkSession.scala:900)
[2025-11-01T00:02:25.153+0700] {subprocess.py:93} INFO - 	at org.apache.spark.sql.execution.SQLExecution$.withNewExecutionId(SQLExecution.scala:66)
[2025-11-01T00:02:25.153+0700] {subprocess.py:93} INFO - 	at org.apache.spark.sql.execution.QueryExecution$$anonfun$eagerlyExecuteCommands$1.applyOrElse(QueryExecution.scala:107)
[2025-11-01T00:02:25.153+0700] {subprocess.py:93} INFO - 	at org.apache.spark.sql.execution.QueryExecution$$anonfun$eagerlyExecuteCommands$1.applyOrElse(QueryExecution.scala:98)
[2025-11-01T00:02:25.153+0700] {subprocess.py:93} INFO - 	at org.apache.spark.sql.catalyst.trees.TreeNode.$anonfun$transformDownWithPruning$1(TreeNode.scala:461)
[2025-11-01T00:02:25.154+0700] {subprocess.py:93} INFO - 	at org.apache.spark.sql.catalyst.trees.CurrentOrigin$.withOrigin(origin.scala:76)
[2025-11-01T00:02:25.154+0700] {subprocess.py:93} INFO - 	at org.apache.spark.sql.catalyst.trees.TreeNode.transformDownWithPruning(TreeNode.scala:461)
[2025-11-01T00:02:25.154+0700] {subprocess.py:93} INFO - 	at org.apache.spark.sql.catalyst.plans.logical.LogicalPlan.org$apache$spark$sql$catalyst$plans$logical$AnalysisHelper$$super$transformDownWithPruning(LogicalPlan.scala:32)
[2025-11-01T00:02:25.154+0700] {subprocess.py:93} INFO - 	at org.apache.spark.sql.catalyst.plans.logical.AnalysisHelper.transformDownWithPruning(AnalysisHelper.scala:267)
[2025-11-01T00:02:25.154+0700] {subprocess.py:93} INFO - 	at org.apache.spark.sql.catalyst.plans.logical.AnalysisHelper.transformDownWithPruning$(AnalysisHelper.scala:263)
[2025-11-01T00:02:25.154+0700] {subprocess.py:93} INFO - 	at org.apache.spark.sql.catalyst.plans.logical.LogicalPlan.transformDownWithPruning(LogicalPlan.scala:32)
[2025-11-01T00:02:25.154+0700] {subprocess.py:93} INFO - 	at org.apache.spark.sql.catalyst.plans.logical.LogicalPlan.transformDownWithPruning(LogicalPlan.scala:32)
[2025-11-01T00:02:25.155+0700] {subprocess.py:93} INFO - 	at org.apache.spark.sql.catalyst.trees.TreeNode.transformDown(TreeNode.scala:437)
[2025-11-01T00:02:25.155+0700] {subprocess.py:93} INFO - 	at org.apache.spark.sql.execution.QueryExecution.eagerlyExecuteCommands(QueryExecution.scala:98)
[2025-11-01T00:02:25.155+0700] {subprocess.py:93} INFO - 	at org.apache.spark.sql.execution.QueryExecution.commandExecuted$lzycompute(QueryExecution.scala:85)
[2025-11-01T00:02:25.155+0700] {subprocess.py:93} INFO - 	at org.apache.spark.sql.execution.QueryExecution.commandExecuted(QueryExecution.scala:83)
[2025-11-01T00:02:25.155+0700] {subprocess.py:93} INFO - 	at org.apache.spark.sql.execution.QueryExecution.assertCommandExecuted(QueryExecution.scala:142)
[2025-11-01T00:02:25.156+0700] {subprocess.py:93} INFO - 	at org.apache.spark.sql.DataFrameWriter.runCommand(DataFrameWriter.scala:859)
[2025-11-01T00:02:25.156+0700] {subprocess.py:93} INFO - 	at org.apache.spark.sql.DataFrameWriter.saveToV1Source(DataFrameWriter.scala:388)
[2025-11-01T00:02:25.156+0700] {subprocess.py:93} INFO - 	at org.apache.spark.sql.DataFrameWriter.saveInternal(DataFrameWriter.scala:361)
[2025-11-01T00:02:25.156+0700] {subprocess.py:93} INFO - 	at org.apache.spark.sql.DataFrameWriter.save(DataFrameWriter.scala:248)
[2025-11-01T00:02:25.156+0700] {subprocess.py:93} INFO - 	at org.apache.spark.sql.DataFrameWriter.jdbc(DataFrameWriter.scala:756)
[2025-11-01T00:02:25.156+0700] {subprocess.py:93} INFO - 	at java.base/jdk.internal.reflect.NativeMethodAccessorImpl.invoke0(Native Method)
[2025-11-01T00:02:25.157+0700] {subprocess.py:93} INFO - 	at java.base/jdk.internal.reflect.NativeMethodAccessorImpl.invoke(NativeMethodAccessorImpl.java:77)
[2025-11-01T00:02:25.157+0700] {subprocess.py:93} INFO - 	at java.base/jdk.internal.reflect.DelegatingMethodAccessorImpl.invoke(DelegatingMethodAccessorImpl.java:43)
[2025-11-01T00:02:25.157+0700] {subprocess.py:93} INFO - 	at java.base/java.lang.reflect.Method.invoke(Method.java:569)
[2025-11-01T00:02:25.157+0700] {subprocess.py:93} INFO - 	at py4j.reflection.MethodInvoker.invoke(MethodInvoker.java:244)
[2025-11-01T00:02:25.157+0700] {subprocess.py:93} INFO - 	at py4j.reflection.ReflectionEngine.invoke(ReflectionEngine.java:374)
[2025-11-01T00:02:25.157+0700] {subprocess.py:93} INFO - 	at py4j.Gateway.invoke(Gateway.java:282)
[2025-11-01T00:02:25.158+0700] {subprocess.py:93} INFO - 	at py4j.commands.AbstractCommand.invokeMethod(AbstractCommand.java:132)
[2025-11-01T00:02:25.158+0700] {subprocess.py:93} INFO - 	at py4j.commands.CallCommand.execute(CallCommand.java:79)
[2025-11-01T00:02:25.158+0700] {subprocess.py:93} INFO - 	at py4j.ClientServerConnection.sendCommand(ClientServerConnection.java:244)
[2025-11-01T00:02:25.158+0700] {subprocess.py:93} INFO - 	at py4j.CallbackClient.sendCommand(CallbackClient.java:384)
[2025-11-01T00:02:25.158+0700] {subprocess.py:93} INFO - 	at py4j.CallbackClient.sendCommand(CallbackClient.java:356)
[2025-11-01T00:02:25.159+0700] {subprocess.py:93} INFO - 	at py4j.reflection.PythonProxyHandler.invoke(PythonProxyHandler.java:106)
[2025-11-01T00:02:25.159+0700] {subprocess.py:93} INFO - 	at jdk.proxy3/jdk.proxy3.$Proxy31.call(Unknown Source)
[2025-11-01T00:02:25.159+0700] {subprocess.py:93} INFO - 	at org.apache.spark.sql.execution.streaming.sources.PythonForeachBatchHelper$.$anonfun$callForeachBatch$1(ForeachBatchSink.scala:53)
[2025-11-01T00:02:25.159+0700] {subprocess.py:93} INFO - 	at org.apache.spark.sql.execution.streaming.sources.PythonForeachBatchHelper$.$anonfun$callForeachBatch$1$adapted(ForeachBatchSink.scala:53)
[2025-11-01T00:02:25.159+0700] {subprocess.py:93} INFO - 	at org.apache.spark.sql.execution.streaming.sources.ForeachBatchSink.addBatch(ForeachBatchSink.scala:34)
[2025-11-01T00:02:25.160+0700] {subprocess.py:93} INFO - 	at org.apache.spark.sql.execution.streaming.MicroBatchExecution.$anonfun$runBatch$17(MicroBatchExecution.scala:732)
[2025-11-01T00:02:25.160+0700] {subprocess.py:93} INFO - 	at org.apache.spark.sql.execution.SQLExecution$.$anonfun$withNewExecutionId$6(SQLExecution.scala:125)
[2025-11-01T00:02:25.160+0700] {subprocess.py:93} INFO - 	at org.apache.spark.sql.execution.SQLExecution$.withSQLConfPropagated(SQLExecution.scala:201)
[2025-11-01T00:02:25.160+0700] {subprocess.py:93} INFO - 	at org.apache.spark.sql.execution.SQLExecution$.$anonfun$withNewExecutionId$1(SQLExecution.scala:108)
[2025-11-01T00:02:25.160+0700] {subprocess.py:93} INFO - 	at org.apache.spark.sql.SparkSession.withActive(SparkSession.scala:900)
[2025-11-01T00:02:25.161+0700] {subprocess.py:93} INFO - 	at org.apache.spark.sql.execution.SQLExecution$.withNewExecutionId(SQLExecution.scala:66)
[2025-11-01T00:02:25.161+0700] {subprocess.py:93} INFO - 	at org.apache.spark.sql.execution.streaming.MicroBatchExecution.$anonfun$runBatch$16(MicroBatchExecution.scala:729)
[2025-11-01T00:02:25.161+0700] {subprocess.py:93} INFO - 	at org.apache.spark.sql.execution.streaming.ProgressReporter.reportTimeTaken(ProgressReporter.scala:427)
[2025-11-01T00:02:25.161+0700] {subprocess.py:93} INFO - 	at org.apache.spark.sql.execution.streaming.ProgressReporter.reportTimeTaken$(ProgressReporter.scala:425)
[2025-11-01T00:02:25.161+0700] {subprocess.py:93} INFO - 	at org.apache.spark.sql.execution.streaming.StreamExecution.reportTimeTaken(StreamExecution.scala:67)
[2025-11-01T00:02:25.162+0700] {subprocess.py:93} INFO - 	at org.apache.spark.sql.execution.streaming.MicroBatchExecution.runBatch(MicroBatchExecution.scala:729)
[2025-11-01T00:02:25.162+0700] {subprocess.py:93} INFO - 	at org.apache.spark.sql.execution.streaming.MicroBatchExecution.$anonfun$runActivatedStream$2(MicroBatchExecution.scala:286)
[2025-11-01T00:02:25.162+0700] {subprocess.py:93} INFO - 	at scala.runtime.java8.JFunction0$mcV$sp.apply(JFunction0$mcV$sp.java:23)
[2025-11-01T00:02:25.162+0700] {subprocess.py:93} INFO - 	at org.apache.spark.sql.execution.streaming.ProgressReporter.reportTimeTaken(ProgressReporter.scala:427)
[2025-11-01T00:02:25.163+0700] {subprocess.py:93} INFO - 	at org.apache.spark.sql.execution.streaming.ProgressReporter.reportTimeTaken$(ProgressReporter.scala:425)
[2025-11-01T00:02:25.164+0700] {subprocess.py:93} INFO - 	at org.apache.spark.sql.execution.streaming.StreamExecution.reportTimeTaken(StreamExecution.scala:67)
[2025-11-01T00:02:25.164+0700] {subprocess.py:93} INFO - 	at org.apache.spark.sql.execution.streaming.MicroBatchExecution.$anonfun$runActivatedStream$1(MicroBatchExecution.scala:249)
[2025-11-01T00:02:25.164+0700] {subprocess.py:93} INFO - 	at org.apache.spark.sql.execution.streaming.ProcessingTimeExecutor.execute(TriggerExecutor.scala:67)
[2025-11-01T00:02:25.164+0700] {subprocess.py:93} INFO - 	at org.apache.spark.sql.execution.streaming.MicroBatchExecution.runActivatedStream(MicroBatchExecution.scala:239)
[2025-11-01T00:02:25.165+0700] {subprocess.py:93} INFO - 	at org.apache.spark.sql.execution.streaming.StreamExecution.$anonfun$runStream$1(StreamExecution.scala:311)
[2025-11-01T00:02:25.165+0700] {subprocess.py:93} INFO - 	at scala.runtime.java8.JFunction0$mcV$sp.apply(JFunction0$mcV$sp.java:23)
[2025-11-01T00:02:25.165+0700] {subprocess.py:93} INFO - 	at org.apache.spark.sql.SparkSession.withActive(SparkSession.scala:900)
[2025-11-01T00:02:25.167+0700] {subprocess.py:93} INFO - 	at org.apache.spark.sql.execution.streaming.StreamExecution.org$apache$spark$sql$execution$streaming$StreamExecution$$runStream(StreamExecution.scala:289)
[2025-11-01T00:02:25.167+0700] {subprocess.py:93} INFO - 	at org.apache.spark.sql.execution.streaming.StreamExecution$$anon$1.$anonfun$run$1(StreamExecution.scala:211)
[2025-11-01T00:02:25.167+0700] {subprocess.py:93} INFO - 	at scala.runtime.java8.JFunction0$mcV$sp.apply(JFunction0$mcV$sp.java:23)
[2025-11-01T00:02:25.167+0700] {subprocess.py:93} INFO - 	at org.apache.spark.JobArtifactSet$.withActiveJobArtifactState(JobArtifactSet.scala:94)
[2025-11-01T00:02:25.167+0700] {subprocess.py:93} INFO - 	at org.apache.spark.sql.execution.streaming.StreamExecution$$anon$1.run(StreamExecution.scala:211)
[2025-11-01T00:02:25.168+0700] {subprocess.py:93} INFO - 
[2025-11-01T00:02:25.168+0700] {subprocess.py:93} INFO - 
[2025-11-01T00:02:25.894+0700] {subprocess.py:97} INFO - Command exited with return code 1
[2025-11-01T00:02:25.896+0700] {taskinstance.py:441} INFO - ::group::Post task execution logs
[2025-11-01T00:02:25.906+0700] {taskinstance.py:2890} ERROR - Task failed with exception
Traceback (most recent call last):
  File "/home/airflow/.local/lib/python3.12/site-packages/airflow/models/taskinstance.py", line 460, in _execute_task
    result = _execute_callable(context=context, **execute_callable_kwargs)
             ^^^^^^^^^^^^^^^^^^^^^^^^^^^^^^^^^^^^^^^^^^^^^^^^^^^^^^^^^^^^^
  File "/home/airflow/.local/lib/python3.12/site-packages/airflow/models/taskinstance.py", line 432, in _execute_callable
    return execute_callable(context=context, **execute_callable_kwargs)
           ^^^^^^^^^^^^^^^^^^^^^^^^^^^^^^^^^^^^^^^^^^^^^^^^^^^^^^^^^^^^
  File "/home/airflow/.local/lib/python3.12/site-packages/airflow/models/baseoperator.py", line 400, in wrapper
    return func(self, *args, **kwargs)
           ^^^^^^^^^^^^^^^^^^^^^^^^^^^
  File "/home/airflow/.local/lib/python3.12/site-packages/airflow/operators/bash.py", line 243, in execute
    raise AirflowException(
airflow.exceptions.AirflowException: Bash command failed. The command returned a non-zero exit code 1.
[2025-11-01T00:02:25.909+0700] {taskinstance.py:1205} INFO - Marking task as UP_FOR_RETRY. dag_id=vehicle_pipeline_new_dag, task_id=start_vehicle_consumer, execution_date=20251031T160000, start_date=20251031T170215, end_date=20251031T170225
[2025-11-01T00:02:25.917+0700] {standard_task_runner.py:110} ERROR - Failed to execute job 521 for task start_vehicle_consumer (Bash command failed. The command returned a non-zero exit code 1.; 23250)
[2025-11-01T00:02:25.962+0700] {local_task_job_runner.py:240} INFO - Task exited with return code 1
[2025-11-01T00:02:25.977+0700] {taskinstance.py:3482} INFO - 0 downstream tasks scheduled from follow-on schedule check
[2025-11-01T00:02:25.979+0700] {local_task_job_runner.py:222} INFO - ::endgroup::
