[2025-11-01T00:04:26.822+0700] {local_task_job_runner.py:120} INFO - ::group::Pre task execution logs
[2025-11-01T00:04:26.837+0700] {taskinstance.py:2073} INFO - Dependencies all met for dep_context=non-requeueable deps ti=<TaskInstance: vehicle_pipeline_new_dag.start_vehicle_consumer scheduled__2025-10-31T16:00:00+00:00 [queued]>
[2025-11-01T00:04:26.841+0700] {taskinstance.py:2073} INFO - Dependencies all met for dep_context=requeueable deps ti=<TaskInstance: vehicle_pipeline_new_dag.start_vehicle_consumer scheduled__2025-10-31T16:00:00+00:00 [queued]>
[2025-11-01T00:04:26.842+0700] {taskinstance.py:2303} INFO - Starting attempt 3 of 3
[2025-11-01T00:04:26.850+0700] {taskinstance.py:2327} INFO - Executing <Task(BashOperator): start_vehicle_consumer> on 2025-10-31 16:00:00+00:00
[2025-11-01T00:04:26.856+0700] {warnings.py:110} WARNING - /home/***/.local/lib/python3.12/site-packages/***/task/task_runner/standard_task_runner.py:61: DeprecationWarning: This process (pid=26337) is multi-threaded, use of fork() may lead to deadlocks in the child.
  pid = os.fork()

[2025-11-01T00:04:26.857+0700] {standard_task_runner.py:63} INFO - Started process 26347 to run task
[2025-11-01T00:04:26.858+0700] {standard_task_runner.py:90} INFO - Running: ['***', 'tasks', 'run', 'vehicle_pipeline_new_dag', 'start_vehicle_consumer', 'scheduled__2025-10-31T16:00:00+00:00', '--job-id', '525', '--raw', '--subdir', 'DAGS_FOLDER/vehicel_pipeline_new_dag.py', '--cfg-path', '/tmp/tmprlcxmxif']
[2025-11-01T00:04:26.861+0700] {standard_task_runner.py:91} INFO - Job 525: Subtask start_vehicle_consumer
[2025-11-01T00:04:26.899+0700] {task_command.py:426} INFO - Running <TaskInstance: vehicle_pipeline_new_dag.start_vehicle_consumer scheduled__2025-10-31T16:00:00+00:00 [running]> on host f7bb1ad77e89
[2025-11-01T00:04:26.958+0700] {taskinstance.py:2644} INFO - Exporting env vars: AIRFLOW_CTX_DAG_OWNER='***' AIRFLOW_CTX_DAG_ID='vehicle_pipeline_new_dag' AIRFLOW_CTX_TASK_ID='start_vehicle_consumer' AIRFLOW_CTX_EXECUTION_DATE='2025-10-31T16:00:00+00:00' AIRFLOW_CTX_TRY_NUMBER='3' AIRFLOW_CTX_DAG_RUN_ID='scheduled__2025-10-31T16:00:00+00:00'
[2025-11-01T00:04:26.959+0700] {taskinstance.py:430} INFO - ::endgroup::
[2025-11-01T00:04:26.960+0700] {subprocess.py:63} INFO - Tmp dir root location: /tmp
[2025-11-01T00:04:26.960+0700] {subprocess.py:75} INFO - Running command: ['/usr/bin/bash', '-c', 'bash -c "timeout 45m bash /opt/***/projects/vehicle_count/scripts/run_consumer.sh"']
[2025-11-01T00:04:26.971+0700] {subprocess.py:86} INFO - Output:
[2025-11-01T00:04:26.981+0700] {subprocess.py:93} INFO - [Consumer] Starting Spark Structured Streaming job...
[2025-11-01T00:04:27.015+0700] {subprocess.py:93} INFO - /home/***/.local/lib/python3.12/site-packages/pyspark/bin/load-spark-env.sh: line 68: ps: command not found
[2025-11-01T00:04:27.818+0700] {subprocess.py:93} INFO - :: loading settings :: url = jar:file:/home/***/.local/lib/python3.12/site-packages/pyspark/jars/ivy-2.5.1.jar!/org/apache/ivy/core/settings/ivysettings.xml
[2025-11-01T00:04:27.854+0700] {subprocess.py:93} INFO - Ivy Default Cache set to: /home/***/.ivy2/cache
[2025-11-01T00:04:27.854+0700] {subprocess.py:93} INFO - The jars for the packages stored in: /home/***/.ivy2/jars
[2025-11-01T00:04:27.856+0700] {subprocess.py:93} INFO - org.apache.spark#spark-sql-kafka-0-10_2.12 added as a dependency
[2025-11-01T00:04:27.857+0700] {subprocess.py:93} INFO - org.postgresql#postgresql added as a dependency
[2025-11-01T00:04:27.857+0700] {subprocess.py:93} INFO - :: resolving dependencies :: org.apache.spark#spark-submit-parent-3f192d16-3597-4d09-8482-6ddeba0b5e42;1.0
[2025-11-01T00:04:27.857+0700] {subprocess.py:93} INFO - 	confs: [default]
[2025-11-01T00:04:27.944+0700] {subprocess.py:93} INFO - 	found org.apache.spark#spark-sql-kafka-0-10_2.12;3.5.1 in central
[2025-11-01T00:04:28.005+0700] {subprocess.py:93} INFO - 	found org.apache.spark#spark-token-provider-kafka-0-10_2.12;3.5.1 in central
[2025-11-01T00:04:28.075+0700] {subprocess.py:93} INFO - 	found org.apache.kafka#kafka-clients;3.4.1 in central
[2025-11-01T00:04:28.098+0700] {subprocess.py:93} INFO - 	found org.lz4#lz4-java;1.8.0 in central
[2025-11-01T00:04:28.109+0700] {subprocess.py:93} INFO - 	found org.xerial.snappy#snappy-java;1.1.10.3 in central
[2025-11-01T00:04:28.118+0700] {subprocess.py:93} INFO - 	found org.slf4j#slf4j-api;2.0.7 in central
[2025-11-01T00:04:28.129+0700] {subprocess.py:93} INFO - 	found org.apache.hadoop#hadoop-client-runtime;3.3.4 in central
[2025-11-01T00:04:28.141+0700] {subprocess.py:93} INFO - 	found org.apache.hadoop#hadoop-client-api;3.3.4 in central
[2025-11-01T00:04:28.152+0700] {subprocess.py:93} INFO - 	found commons-logging#commons-logging;1.1.3 in central
[2025-11-01T00:04:28.158+0700] {subprocess.py:93} INFO - 	found com.google.code.findbugs#jsr305;3.0.0 in spark-list
[2025-11-01T00:04:28.164+0700] {subprocess.py:93} INFO - 	found org.apache.commons#commons-pool2;2.11.1 in central
[2025-11-01T00:04:28.169+0700] {subprocess.py:93} INFO - 	found org.postgresql#postgresql;42.6.0 in central
[2025-11-01T00:04:28.173+0700] {subprocess.py:93} INFO - 	found org.checkerframework#checker-qual;3.31.0 in central
[2025-11-01T00:04:28.187+0700] {subprocess.py:93} INFO - :: resolution report :: resolve 322ms :: artifacts dl 8ms
[2025-11-01T00:04:28.187+0700] {subprocess.py:93} INFO - 	:: modules in use:
[2025-11-01T00:04:28.187+0700] {subprocess.py:93} INFO - 	com.google.code.findbugs#jsr305;3.0.0 from spark-list in [default]
[2025-11-01T00:04:28.188+0700] {subprocess.py:93} INFO - 	commons-logging#commons-logging;1.1.3 from central in [default]
[2025-11-01T00:04:28.188+0700] {subprocess.py:93} INFO - 	org.apache.commons#commons-pool2;2.11.1 from central in [default]
[2025-11-01T00:04:28.188+0700] {subprocess.py:93} INFO - 	org.apache.hadoop#hadoop-client-api;3.3.4 from central in [default]
[2025-11-01T00:04:28.188+0700] {subprocess.py:93} INFO - 	org.apache.hadoop#hadoop-client-runtime;3.3.4 from central in [default]
[2025-11-01T00:04:28.188+0700] {subprocess.py:93} INFO - 	org.apache.kafka#kafka-clients;3.4.1 from central in [default]
[2025-11-01T00:04:28.188+0700] {subprocess.py:93} INFO - 	org.apache.spark#spark-sql-kafka-0-10_2.12;3.5.1 from central in [default]
[2025-11-01T00:04:28.189+0700] {subprocess.py:93} INFO - 	org.apache.spark#spark-token-provider-kafka-0-10_2.12;3.5.1 from central in [default]
[2025-11-01T00:04:28.189+0700] {subprocess.py:93} INFO - 	org.checkerframework#checker-qual;3.31.0 from central in [default]
[2025-11-01T00:04:28.189+0700] {subprocess.py:93} INFO - 	org.lz4#lz4-java;1.8.0 from central in [default]
[2025-11-01T00:04:28.189+0700] {subprocess.py:93} INFO - 	org.postgresql#postgresql;42.6.0 from central in [default]
[2025-11-01T00:04:28.189+0700] {subprocess.py:93} INFO - 	org.slf4j#slf4j-api;2.0.7 from central in [default]
[2025-11-01T00:04:28.190+0700] {subprocess.py:93} INFO - 	org.xerial.snappy#snappy-java;1.1.10.3 from central in [default]
[2025-11-01T00:04:28.190+0700] {subprocess.py:93} INFO - 	---------------------------------------------------------------------
[2025-11-01T00:04:28.190+0700] {subprocess.py:93} INFO - 	|                  |            modules            ||   artifacts   |
[2025-11-01T00:04:28.190+0700] {subprocess.py:93} INFO - 	|       conf       | number| search|dwnlded|evicted|| number|dwnlded|
[2025-11-01T00:04:28.190+0700] {subprocess.py:93} INFO - 	---------------------------------------------------------------------
[2025-11-01T00:04:28.190+0700] {subprocess.py:93} INFO - 	|      default     |   13  |   0   |   0   |   0   ||   13  |   0   |
[2025-11-01T00:04:28.191+0700] {subprocess.py:93} INFO - 	---------------------------------------------------------------------
[2025-11-01T00:04:28.192+0700] {subprocess.py:93} INFO - :: retrieving :: org.apache.spark#spark-submit-parent-3f192d16-3597-4d09-8482-6ddeba0b5e42
[2025-11-01T00:04:28.192+0700] {subprocess.py:93} INFO - 	confs: [default]
[2025-11-01T00:04:28.196+0700] {subprocess.py:93} INFO - 	0 artifacts copied, 13 already retrieved (0kB/4ms)
[2025-11-01T00:04:28.279+0700] {subprocess.py:93} INFO - 25/11/01 00:04:28 WARN NativeCodeLoader: Unable to load native-hadoop library for your platform... using builtin-java classes where applicable
[2025-11-01T00:04:30.964+0700] {subprocess.py:93} INFO - 25/11/01 00:04:30 INFO SparkContext: Running Spark version 3.5.1
[2025-11-01T00:04:30.964+0700] {subprocess.py:93} INFO - 25/11/01 00:04:30 INFO SparkContext: OS info Linux, 5.15.49-linuxkit, aarch64
[2025-11-01T00:04:30.964+0700] {subprocess.py:93} INFO - 25/11/01 00:04:30 INFO SparkContext: Java version 17.0.17
[2025-11-01T00:04:30.994+0700] {subprocess.py:93} INFO - 25/11/01 00:04:30 INFO ResourceUtils: ==============================================================
[2025-11-01T00:04:30.994+0700] {subprocess.py:93} INFO - 25/11/01 00:04:30 INFO ResourceUtils: No custom resources configured for spark.driver.
[2025-11-01T00:04:30.994+0700] {subprocess.py:93} INFO - 25/11/01 00:04:30 INFO ResourceUtils: ==============================================================
[2025-11-01T00:04:30.994+0700] {subprocess.py:93} INFO - 25/11/01 00:04:30 INFO SparkContext: Submitted application: VehicleStreamingConsumer
[2025-11-01T00:04:31.012+0700] {subprocess.py:93} INFO - 25/11/01 00:04:31 INFO ResourceProfile: Default ResourceProfile created, executor resources: Map(cores -> name: cores, amount: 1, script: , vendor: , memory -> name: memory, amount: 1024, script: , vendor: , offHeap -> name: offHeap, amount: 0, script: , vendor: ), task resources: Map(cpus -> name: cpus, amount: 1.0)
[2025-11-01T00:04:31.014+0700] {subprocess.py:93} INFO - 25/11/01 00:04:31 INFO ResourceProfile: Limiting resource is cpu
[2025-11-01T00:04:31.014+0700] {subprocess.py:93} INFO - 25/11/01 00:04:31 INFO ResourceProfileManager: Added ResourceProfile id: 0
[2025-11-01T00:04:31.070+0700] {subprocess.py:93} INFO - 25/11/01 00:04:31 INFO SecurityManager: Changing view acls to: ***
[2025-11-01T00:04:31.071+0700] {subprocess.py:93} INFO - 25/11/01 00:04:31 INFO SecurityManager: Changing modify acls to: ***
[2025-11-01T00:04:31.071+0700] {subprocess.py:93} INFO - 25/11/01 00:04:31 INFO SecurityManager: Changing view acls groups to:
[2025-11-01T00:04:31.071+0700] {subprocess.py:93} INFO - 25/11/01 00:04:31 INFO SecurityManager: Changing modify acls groups to:
[2025-11-01T00:04:31.072+0700] {subprocess.py:93} INFO - 25/11/01 00:04:31 INFO SecurityManager: SecurityManager: authentication disabled; ui acls disabled; users with view permissions: ***; groups with view permissions: EMPTY; users with modify permissions: ***; groups with modify permissions: EMPTY
[2025-11-01T00:04:31.202+0700] {subprocess.py:93} INFO - 25/11/01 00:04:31 INFO Utils: Successfully started service 'sparkDriver' on port 43329.
[2025-11-01T00:04:31.217+0700] {subprocess.py:93} INFO - 25/11/01 00:04:31 INFO SparkEnv: Registering MapOutputTracker
[2025-11-01T00:04:31.231+0700] {subprocess.py:93} INFO - 25/11/01 00:04:31 INFO SparkEnv: Registering BlockManagerMaster
[2025-11-01T00:04:31.240+0700] {subprocess.py:93} INFO - 25/11/01 00:04:31 INFO BlockManagerMasterEndpoint: Using org.apache.spark.storage.DefaultTopologyMapper for getting topology information
[2025-11-01T00:04:31.240+0700] {subprocess.py:93} INFO - 25/11/01 00:04:31 INFO BlockManagerMasterEndpoint: BlockManagerMasterEndpoint up
[2025-11-01T00:04:31.242+0700] {subprocess.py:93} INFO - 25/11/01 00:04:31 INFO SparkEnv: Registering BlockManagerMasterHeartbeat
[2025-11-01T00:04:31.251+0700] {subprocess.py:93} INFO - 25/11/01 00:04:31 INFO DiskBlockManager: Created local directory at /tmp/blockmgr-12d50304-7bf1-49ae-8a14-81bf466f3036
[2025-11-01T00:04:31.257+0700] {subprocess.py:93} INFO - 25/11/01 00:04:31 INFO MemoryStore: MemoryStore started with capacity 434.4 MiB
[2025-11-01T00:04:31.263+0700] {subprocess.py:93} INFO - 25/11/01 00:04:31 INFO SparkEnv: Registering OutputCommitCoordinator
[2025-11-01T00:04:31.316+0700] {subprocess.py:93} INFO - 25/11/01 00:04:31 INFO JettyUtils: Start Jetty 0.0.0.0:4040 for SparkUI
[2025-11-01T00:04:31.341+0700] {subprocess.py:93} INFO - 25/11/01 00:04:31 WARN Utils: Service 'SparkUI' could not bind on port 4040. Attempting port 4041.
[2025-11-01T00:04:31.344+0700] {subprocess.py:93} INFO - 25/11/01 00:04:31 INFO Utils: Successfully started service 'SparkUI' on port 4041.
[2025-11-01T00:04:31.361+0700] {subprocess.py:93} INFO - 25/11/01 00:04:31 INFO SparkContext: Added JAR file:///home/***/.ivy2/jars/org.apache.spark_spark-sql-kafka-0-10_2.12-3.5.1.jar at spark://f7bb1ad77e89:43329/jars/org.apache.spark_spark-sql-kafka-0-10_2.12-3.5.1.jar with timestamp 1761930270957
[2025-11-01T00:04:31.361+0700] {subprocess.py:93} INFO - 25/11/01 00:04:31 INFO SparkContext: Added JAR file:///home/***/.ivy2/jars/org.postgresql_postgresql-42.6.0.jar at spark://f7bb1ad77e89:43329/jars/org.postgresql_postgresql-42.6.0.jar with timestamp 1761930270957
[2025-11-01T00:04:31.362+0700] {subprocess.py:93} INFO - 25/11/01 00:04:31 INFO SparkContext: Added JAR file:///home/***/.ivy2/jars/org.apache.spark_spark-token-provider-kafka-0-10_2.12-3.5.1.jar at spark://f7bb1ad77e89:43329/jars/org.apache.spark_spark-token-provider-kafka-0-10_2.12-3.5.1.jar with timestamp 1761930270957
[2025-11-01T00:04:31.362+0700] {subprocess.py:93} INFO - 25/11/01 00:04:31 INFO SparkContext: Added JAR file:///home/***/.ivy2/jars/org.apache.kafka_kafka-clients-3.4.1.jar at spark://f7bb1ad77e89:43329/jars/org.apache.kafka_kafka-clients-3.4.1.jar with timestamp 1761930270957
[2025-11-01T00:04:31.362+0700] {subprocess.py:93} INFO - 25/11/01 00:04:31 INFO SparkContext: Added JAR file:///home/***/.ivy2/jars/com.google.code.findbugs_jsr305-3.0.0.jar at spark://f7bb1ad77e89:43329/jars/com.google.code.findbugs_jsr305-3.0.0.jar with timestamp 1761930270957
[2025-11-01T00:04:31.362+0700] {subprocess.py:93} INFO - 25/11/01 00:04:31 INFO SparkContext: Added JAR file:///home/***/.ivy2/jars/org.apache.commons_commons-pool2-2.11.1.jar at spark://f7bb1ad77e89:43329/jars/org.apache.commons_commons-pool2-2.11.1.jar with timestamp 1761930270957
[2025-11-01T00:04:31.363+0700] {subprocess.py:93} INFO - 25/11/01 00:04:31 INFO SparkContext: Added JAR file:///home/***/.ivy2/jars/org.apache.hadoop_hadoop-client-runtime-3.3.4.jar at spark://f7bb1ad77e89:43329/jars/org.apache.hadoop_hadoop-client-runtime-3.3.4.jar with timestamp 1761930270957
[2025-11-01T00:04:31.363+0700] {subprocess.py:93} INFO - 25/11/01 00:04:31 INFO SparkContext: Added JAR file:///home/***/.ivy2/jars/org.lz4_lz4-java-1.8.0.jar at spark://f7bb1ad77e89:43329/jars/org.lz4_lz4-java-1.8.0.jar with timestamp 1761930270957
[2025-11-01T00:04:31.363+0700] {subprocess.py:93} INFO - 25/11/01 00:04:31 INFO SparkContext: Added JAR file:///home/***/.ivy2/jars/org.xerial.snappy_snappy-java-1.1.10.3.jar at spark://f7bb1ad77e89:43329/jars/org.xerial.snappy_snappy-java-1.1.10.3.jar with timestamp 1761930270957
[2025-11-01T00:04:31.363+0700] {subprocess.py:93} INFO - 25/11/01 00:04:31 INFO SparkContext: Added JAR file:///home/***/.ivy2/jars/org.slf4j_slf4j-api-2.0.7.jar at spark://f7bb1ad77e89:43329/jars/org.slf4j_slf4j-api-2.0.7.jar with timestamp 1761930270957
[2025-11-01T00:04:31.363+0700] {subprocess.py:93} INFO - 25/11/01 00:04:31 INFO SparkContext: Added JAR file:///home/***/.ivy2/jars/org.apache.hadoop_hadoop-client-api-3.3.4.jar at spark://f7bb1ad77e89:43329/jars/org.apache.hadoop_hadoop-client-api-3.3.4.jar with timestamp 1761930270957
[2025-11-01T00:04:31.364+0700] {subprocess.py:93} INFO - 25/11/01 00:04:31 INFO SparkContext: Added JAR file:///home/***/.ivy2/jars/commons-logging_commons-logging-1.1.3.jar at spark://f7bb1ad77e89:43329/jars/commons-logging_commons-logging-1.1.3.jar with timestamp 1761930270957
[2025-11-01T00:04:31.364+0700] {subprocess.py:93} INFO - 25/11/01 00:04:31 INFO SparkContext: Added JAR file:///home/***/.ivy2/jars/org.checkerframework_checker-qual-3.31.0.jar at spark://f7bb1ad77e89:43329/jars/org.checkerframework_checker-qual-3.31.0.jar with timestamp 1761930270957
[2025-11-01T00:04:31.364+0700] {subprocess.py:93} INFO - 25/11/01 00:04:31 INFO SparkContext: Added file file:///home/***/.ivy2/jars/org.apache.spark_spark-sql-kafka-0-10_2.12-3.5.1.jar at file:///home/***/.ivy2/jars/org.apache.spark_spark-sql-kafka-0-10_2.12-3.5.1.jar with timestamp 1761930270957
[2025-11-01T00:04:31.364+0700] {subprocess.py:93} INFO - 25/11/01 00:04:31 INFO Utils: Copying /home/***/.ivy2/jars/org.apache.spark_spark-sql-kafka-0-10_2.12-3.5.1.jar to /tmp/spark-579fed2a-f838-4cb8-a93e-8f1042dc273f/userFiles-3b92c867-1264-4586-9de5-cb4017ceda9d/org.apache.spark_spark-sql-kafka-0-10_2.12-3.5.1.jar
[2025-11-01T00:04:31.371+0700] {subprocess.py:93} INFO - 25/11/01 00:04:31 INFO SparkContext: Added file file:///home/***/.ivy2/jars/org.postgresql_postgresql-42.6.0.jar at file:///home/***/.ivy2/jars/org.postgresql_postgresql-42.6.0.jar with timestamp 1761930270957
[2025-11-01T00:04:31.372+0700] {subprocess.py:93} INFO - 25/11/01 00:04:31 INFO Utils: Copying /home/***/.ivy2/jars/org.postgresql_postgresql-42.6.0.jar to /tmp/spark-579fed2a-f838-4cb8-a93e-8f1042dc273f/userFiles-3b92c867-1264-4586-9de5-cb4017ceda9d/org.postgresql_postgresql-42.6.0.jar
[2025-11-01T00:04:31.377+0700] {subprocess.py:93} INFO - 25/11/01 00:04:31 INFO SparkContext: Added file file:///home/***/.ivy2/jars/org.apache.spark_spark-token-provider-kafka-0-10_2.12-3.5.1.jar at file:///home/***/.ivy2/jars/org.apache.spark_spark-token-provider-kafka-0-10_2.12-3.5.1.jar with timestamp 1761930270957
[2025-11-01T00:04:31.377+0700] {subprocess.py:93} INFO - 25/11/01 00:04:31 INFO Utils: Copying /home/***/.ivy2/jars/org.apache.spark_spark-token-provider-kafka-0-10_2.12-3.5.1.jar to /tmp/spark-579fed2a-f838-4cb8-a93e-8f1042dc273f/userFiles-3b92c867-1264-4586-9de5-cb4017ceda9d/org.apache.spark_spark-token-provider-kafka-0-10_2.12-3.5.1.jar
[2025-11-01T00:04:31.381+0700] {subprocess.py:93} INFO - 25/11/01 00:04:31 INFO SparkContext: Added file file:///home/***/.ivy2/jars/org.apache.kafka_kafka-clients-3.4.1.jar at file:///home/***/.ivy2/jars/org.apache.kafka_kafka-clients-3.4.1.jar with timestamp 1761930270957
[2025-11-01T00:04:31.382+0700] {subprocess.py:93} INFO - 25/11/01 00:04:31 INFO Utils: Copying /home/***/.ivy2/jars/org.apache.kafka_kafka-clients-3.4.1.jar to /tmp/spark-579fed2a-f838-4cb8-a93e-8f1042dc273f/userFiles-3b92c867-1264-4586-9de5-cb4017ceda9d/org.apache.kafka_kafka-clients-3.4.1.jar
[2025-11-01T00:04:31.392+0700] {subprocess.py:93} INFO - 25/11/01 00:04:31 INFO SparkContext: Added file file:///home/***/.ivy2/jars/com.google.code.findbugs_jsr305-3.0.0.jar at file:///home/***/.ivy2/jars/com.google.code.findbugs_jsr305-3.0.0.jar with timestamp 1761930270957
[2025-11-01T00:04:31.392+0700] {subprocess.py:93} INFO - 25/11/01 00:04:31 INFO Utils: Copying /home/***/.ivy2/jars/com.google.code.findbugs_jsr305-3.0.0.jar to /tmp/spark-579fed2a-f838-4cb8-a93e-8f1042dc273f/userFiles-3b92c867-1264-4586-9de5-cb4017ceda9d/com.google.code.findbugs_jsr305-3.0.0.jar
[2025-11-01T00:04:31.398+0700] {subprocess.py:93} INFO - 25/11/01 00:04:31 INFO SparkContext: Added file file:///home/***/.ivy2/jars/org.apache.commons_commons-pool2-2.11.1.jar at file:///home/***/.ivy2/jars/org.apache.commons_commons-pool2-2.11.1.jar with timestamp 1761930270957
[2025-11-01T00:04:31.398+0700] {subprocess.py:93} INFO - 25/11/01 00:04:31 INFO Utils: Copying /home/***/.ivy2/jars/org.apache.commons_commons-pool2-2.11.1.jar to /tmp/spark-579fed2a-f838-4cb8-a93e-8f1042dc273f/userFiles-3b92c867-1264-4586-9de5-cb4017ceda9d/org.apache.commons_commons-pool2-2.11.1.jar
[2025-11-01T00:04:31.403+0700] {subprocess.py:93} INFO - 25/11/01 00:04:31 INFO SparkContext: Added file file:///home/***/.ivy2/jars/org.apache.hadoop_hadoop-client-runtime-3.3.4.jar at file:///home/***/.ivy2/jars/org.apache.hadoop_hadoop-client-runtime-3.3.4.jar with timestamp 1761930270957
[2025-11-01T00:04:31.403+0700] {subprocess.py:93} INFO - 25/11/01 00:04:31 INFO Utils: Copying /home/***/.ivy2/jars/org.apache.hadoop_hadoop-client-runtime-3.3.4.jar to /tmp/spark-579fed2a-f838-4cb8-a93e-8f1042dc273f/userFiles-3b92c867-1264-4586-9de5-cb4017ceda9d/org.apache.hadoop_hadoop-client-runtime-3.3.4.jar
[2025-11-01T00:04:31.436+0700] {subprocess.py:93} INFO - 25/11/01 00:04:31 INFO SparkContext: Added file file:///home/***/.ivy2/jars/org.lz4_lz4-java-1.8.0.jar at file:///home/***/.ivy2/jars/org.lz4_lz4-java-1.8.0.jar with timestamp 1761930270957
[2025-11-01T00:04:31.437+0700] {subprocess.py:93} INFO - 25/11/01 00:04:31 INFO Utils: Copying /home/***/.ivy2/jars/org.lz4_lz4-java-1.8.0.jar to /tmp/spark-579fed2a-f838-4cb8-a93e-8f1042dc273f/userFiles-3b92c867-1264-4586-9de5-cb4017ceda9d/org.lz4_lz4-java-1.8.0.jar
[2025-11-01T00:04:31.442+0700] {subprocess.py:93} INFO - 25/11/01 00:04:31 INFO SparkContext: Added file file:///home/***/.ivy2/jars/org.xerial.snappy_snappy-java-1.1.10.3.jar at file:///home/***/.ivy2/jars/org.xerial.snappy_snappy-java-1.1.10.3.jar with timestamp 1761930270957
[2025-11-01T00:04:31.442+0700] {subprocess.py:93} INFO - 25/11/01 00:04:31 INFO Utils: Copying /home/***/.ivy2/jars/org.xerial.snappy_snappy-java-1.1.10.3.jar to /tmp/spark-579fed2a-f838-4cb8-a93e-8f1042dc273f/userFiles-3b92c867-1264-4586-9de5-cb4017ceda9d/org.xerial.snappy_snappy-java-1.1.10.3.jar
[2025-11-01T00:04:31.449+0700] {subprocess.py:93} INFO - 25/11/01 00:04:31 INFO SparkContext: Added file file:///home/***/.ivy2/jars/org.slf4j_slf4j-api-2.0.7.jar at file:///home/***/.ivy2/jars/org.slf4j_slf4j-api-2.0.7.jar with timestamp 1761930270957
[2025-11-01T00:04:31.449+0700] {subprocess.py:93} INFO - 25/11/01 00:04:31 INFO Utils: Copying /home/***/.ivy2/jars/org.slf4j_slf4j-api-2.0.7.jar to /tmp/spark-579fed2a-f838-4cb8-a93e-8f1042dc273f/userFiles-3b92c867-1264-4586-9de5-cb4017ceda9d/org.slf4j_slf4j-api-2.0.7.jar
[2025-11-01T00:04:31.455+0700] {subprocess.py:93} INFO - 25/11/01 00:04:31 INFO SparkContext: Added file file:///home/***/.ivy2/jars/org.apache.hadoop_hadoop-client-api-3.3.4.jar at file:///home/***/.ivy2/jars/org.apache.hadoop_hadoop-client-api-3.3.4.jar with timestamp 1761930270957
[2025-11-01T00:04:31.455+0700] {subprocess.py:93} INFO - 25/11/01 00:04:31 INFO Utils: Copying /home/***/.ivy2/jars/org.apache.hadoop_hadoop-client-api-3.3.4.jar to /tmp/spark-579fed2a-f838-4cb8-a93e-8f1042dc273f/userFiles-3b92c867-1264-4586-9de5-cb4017ceda9d/org.apache.hadoop_hadoop-client-api-3.3.4.jar
[2025-11-01T00:04:31.479+0700] {subprocess.py:93} INFO - 25/11/01 00:04:31 INFO SparkContext: Added file file:///home/***/.ivy2/jars/commons-logging_commons-logging-1.1.3.jar at file:///home/***/.ivy2/jars/commons-logging_commons-logging-1.1.3.jar with timestamp 1761930270957
[2025-11-01T00:04:31.480+0700] {subprocess.py:93} INFO - 25/11/01 00:04:31 INFO Utils: Copying /home/***/.ivy2/jars/commons-logging_commons-logging-1.1.3.jar to /tmp/spark-579fed2a-f838-4cb8-a93e-8f1042dc273f/userFiles-3b92c867-1264-4586-9de5-cb4017ceda9d/commons-logging_commons-logging-1.1.3.jar
[2025-11-01T00:04:31.484+0700] {subprocess.py:93} INFO - 25/11/01 00:04:31 INFO SparkContext: Added file file:///home/***/.ivy2/jars/org.checkerframework_checker-qual-3.31.0.jar at file:///home/***/.ivy2/jars/org.checkerframework_checker-qual-3.31.0.jar with timestamp 1761930270957
[2025-11-01T00:04:31.484+0700] {subprocess.py:93} INFO - 25/11/01 00:04:31 INFO Utils: Copying /home/***/.ivy2/jars/org.checkerframework_checker-qual-3.31.0.jar to /tmp/spark-579fed2a-f838-4cb8-a93e-8f1042dc273f/userFiles-3b92c867-1264-4586-9de5-cb4017ceda9d/org.checkerframework_checker-qual-3.31.0.jar
[2025-11-01T00:04:31.518+0700] {subprocess.py:93} INFO - 25/11/01 00:04:31 INFO Executor: Starting executor ID driver on host f7bb1ad77e89
[2025-11-01T00:04:31.519+0700] {subprocess.py:93} INFO - 25/11/01 00:04:31 INFO Executor: OS info Linux, 5.15.49-linuxkit, aarch64
[2025-11-01T00:04:31.519+0700] {subprocess.py:93} INFO - 25/11/01 00:04:31 INFO Executor: Java version 17.0.17
[2025-11-01T00:04:31.521+0700] {subprocess.py:93} INFO - 25/11/01 00:04:31 INFO Executor: Starting executor with user classpath (userClassPathFirst = false): ''
[2025-11-01T00:04:31.522+0700] {subprocess.py:93} INFO - 25/11/01 00:04:31 INFO Executor: Created or updated repl class loader org.apache.spark.util.MutableURLClassLoader@6fe844bf for default.
[2025-11-01T00:04:31.527+0700] {subprocess.py:93} INFO - 25/11/01 00:04:31 INFO Executor: Fetching file:///home/***/.ivy2/jars/org.apache.spark_spark-sql-kafka-0-10_2.12-3.5.1.jar with timestamp 1761930270957
[2025-11-01T00:04:31.537+0700] {subprocess.py:93} INFO - 25/11/01 00:04:31 INFO Utils: /home/***/.ivy2/jars/org.apache.spark_spark-sql-kafka-0-10_2.12-3.5.1.jar has been previously copied to /tmp/spark-579fed2a-f838-4cb8-a93e-8f1042dc273f/userFiles-3b92c867-1264-4586-9de5-cb4017ceda9d/org.apache.spark_spark-sql-kafka-0-10_2.12-3.5.1.jar
[2025-11-01T00:04:31.542+0700] {subprocess.py:93} INFO - 25/11/01 00:04:31 INFO Executor: Fetching file:///home/***/.ivy2/jars/org.apache.hadoop_hadoop-client-runtime-3.3.4.jar with timestamp 1761930270957
[2025-11-01T00:04:31.556+0700] {subprocess.py:93} INFO - 25/11/01 00:04:31 INFO Utils: /home/***/.ivy2/jars/org.apache.hadoop_hadoop-client-runtime-3.3.4.jar has been previously copied to /tmp/spark-579fed2a-f838-4cb8-a93e-8f1042dc273f/userFiles-3b92c867-1264-4586-9de5-cb4017ceda9d/org.apache.hadoop_hadoop-client-runtime-3.3.4.jar
[2025-11-01T00:04:31.562+0700] {subprocess.py:93} INFO - 25/11/01 00:04:31 INFO Executor: Fetching file:///home/***/.ivy2/jars/org.apache.hadoop_hadoop-client-api-3.3.4.jar with timestamp 1761930270957
[2025-11-01T00:04:31.571+0700] {subprocess.py:93} INFO - 25/11/01 00:04:31 INFO Utils: /home/***/.ivy2/jars/org.apache.hadoop_hadoop-client-api-3.3.4.jar has been previously copied to /tmp/spark-579fed2a-f838-4cb8-a93e-8f1042dc273f/userFiles-3b92c867-1264-4586-9de5-cb4017ceda9d/org.apache.hadoop_hadoop-client-api-3.3.4.jar
[2025-11-01T00:04:31.576+0700] {subprocess.py:93} INFO - 25/11/01 00:04:31 INFO Executor: Fetching file:///home/***/.ivy2/jars/org.apache.spark_spark-token-provider-kafka-0-10_2.12-3.5.1.jar with timestamp 1761930270957
[2025-11-01T00:04:31.576+0700] {subprocess.py:93} INFO - 25/11/01 00:04:31 INFO Utils: /home/***/.ivy2/jars/org.apache.spark_spark-token-provider-kafka-0-10_2.12-3.5.1.jar has been previously copied to /tmp/spark-579fed2a-f838-4cb8-a93e-8f1042dc273f/userFiles-3b92c867-1264-4586-9de5-cb4017ceda9d/org.apache.spark_spark-token-provider-kafka-0-10_2.12-3.5.1.jar
[2025-11-01T00:04:31.581+0700] {subprocess.py:93} INFO - 25/11/01 00:04:31 INFO Executor: Fetching file:///home/***/.ivy2/jars/com.google.code.findbugs_jsr305-3.0.0.jar with timestamp 1761930270957
[2025-11-01T00:04:31.582+0700] {subprocess.py:93} INFO - 25/11/01 00:04:31 INFO Utils: /home/***/.ivy2/jars/com.google.code.findbugs_jsr305-3.0.0.jar has been previously copied to /tmp/spark-579fed2a-f838-4cb8-a93e-8f1042dc273f/userFiles-3b92c867-1264-4586-9de5-cb4017ceda9d/com.google.code.findbugs_jsr305-3.0.0.jar
[2025-11-01T00:04:31.586+0700] {subprocess.py:93} INFO - 25/11/01 00:04:31 INFO Executor: Fetching file:///home/***/.ivy2/jars/org.lz4_lz4-java-1.8.0.jar with timestamp 1761930270957
[2025-11-01T00:04:31.587+0700] {subprocess.py:93} INFO - 25/11/01 00:04:31 INFO Utils: /home/***/.ivy2/jars/org.lz4_lz4-java-1.8.0.jar has been previously copied to /tmp/spark-579fed2a-f838-4cb8-a93e-8f1042dc273f/userFiles-3b92c867-1264-4586-9de5-cb4017ceda9d/org.lz4_lz4-java-1.8.0.jar
[2025-11-01T00:04:31.591+0700] {subprocess.py:93} INFO - 25/11/01 00:04:31 INFO Executor: Fetching file:///home/***/.ivy2/jars/org.slf4j_slf4j-api-2.0.7.jar with timestamp 1761930270957
[2025-11-01T00:04:31.591+0700] {subprocess.py:93} INFO - 25/11/01 00:04:31 INFO Utils: /home/***/.ivy2/jars/org.slf4j_slf4j-api-2.0.7.jar has been previously copied to /tmp/spark-579fed2a-f838-4cb8-a93e-8f1042dc273f/userFiles-3b92c867-1264-4586-9de5-cb4017ceda9d/org.slf4j_slf4j-api-2.0.7.jar
[2025-11-01T00:04:31.596+0700] {subprocess.py:93} INFO - 25/11/01 00:04:31 INFO Executor: Fetching file:///home/***/.ivy2/jars/org.checkerframework_checker-qual-3.31.0.jar with timestamp 1761930270957
[2025-11-01T00:04:31.596+0700] {subprocess.py:93} INFO - 25/11/01 00:04:31 INFO Utils: /home/***/.ivy2/jars/org.checkerframework_checker-qual-3.31.0.jar has been previously copied to /tmp/spark-579fed2a-f838-4cb8-a93e-8f1042dc273f/userFiles-3b92c867-1264-4586-9de5-cb4017ceda9d/org.checkerframework_checker-qual-3.31.0.jar
[2025-11-01T00:04:31.600+0700] {subprocess.py:93} INFO - 25/11/01 00:04:31 INFO Executor: Fetching file:///home/***/.ivy2/jars/org.apache.commons_commons-pool2-2.11.1.jar with timestamp 1761930270957
[2025-11-01T00:04:31.600+0700] {subprocess.py:93} INFO - 25/11/01 00:04:31 INFO Utils: /home/***/.ivy2/jars/org.apache.commons_commons-pool2-2.11.1.jar has been previously copied to /tmp/spark-579fed2a-f838-4cb8-a93e-8f1042dc273f/userFiles-3b92c867-1264-4586-9de5-cb4017ceda9d/org.apache.commons_commons-pool2-2.11.1.jar
[2025-11-01T00:04:31.604+0700] {subprocess.py:93} INFO - 25/11/01 00:04:31 INFO Executor: Fetching file:///home/***/.ivy2/jars/commons-logging_commons-logging-1.1.3.jar with timestamp 1761930270957
[2025-11-01T00:04:31.605+0700] {subprocess.py:93} INFO - 25/11/01 00:04:31 INFO Utils: /home/***/.ivy2/jars/commons-logging_commons-logging-1.1.3.jar has been previously copied to /tmp/spark-579fed2a-f838-4cb8-a93e-8f1042dc273f/userFiles-3b92c867-1264-4586-9de5-cb4017ceda9d/commons-logging_commons-logging-1.1.3.jar
[2025-11-01T00:04:31.609+0700] {subprocess.py:93} INFO - 25/11/01 00:04:31 INFO Executor: Fetching file:///home/***/.ivy2/jars/org.xerial.snappy_snappy-java-1.1.10.3.jar with timestamp 1761930270957
[2025-11-01T00:04:31.610+0700] {subprocess.py:93} INFO - 25/11/01 00:04:31 INFO Utils: /home/***/.ivy2/jars/org.xerial.snappy_snappy-java-1.1.10.3.jar has been previously copied to /tmp/spark-579fed2a-f838-4cb8-a93e-8f1042dc273f/userFiles-3b92c867-1264-4586-9de5-cb4017ceda9d/org.xerial.snappy_snappy-java-1.1.10.3.jar
[2025-11-01T00:04:31.614+0700] {subprocess.py:93} INFO - 25/11/01 00:04:31 INFO Executor: Fetching file:///home/***/.ivy2/jars/org.postgresql_postgresql-42.6.0.jar with timestamp 1761930270957
[2025-11-01T00:04:31.615+0700] {subprocess.py:93} INFO - 25/11/01 00:04:31 INFO Utils: /home/***/.ivy2/jars/org.postgresql_postgresql-42.6.0.jar has been previously copied to /tmp/spark-579fed2a-f838-4cb8-a93e-8f1042dc273f/userFiles-3b92c867-1264-4586-9de5-cb4017ceda9d/org.postgresql_postgresql-42.6.0.jar
[2025-11-01T00:04:31.620+0700] {subprocess.py:93} INFO - 25/11/01 00:04:31 INFO Executor: Fetching file:///home/***/.ivy2/jars/org.apache.kafka_kafka-clients-3.4.1.jar with timestamp 1761930270957
[2025-11-01T00:04:31.622+0700] {subprocess.py:93} INFO - 25/11/01 00:04:31 INFO Utils: /home/***/.ivy2/jars/org.apache.kafka_kafka-clients-3.4.1.jar has been previously copied to /tmp/spark-579fed2a-f838-4cb8-a93e-8f1042dc273f/userFiles-3b92c867-1264-4586-9de5-cb4017ceda9d/org.apache.kafka_kafka-clients-3.4.1.jar
[2025-11-01T00:04:31.627+0700] {subprocess.py:93} INFO - 25/11/01 00:04:31 INFO Executor: Fetching spark://f7bb1ad77e89:43329/jars/org.apache.hadoop_hadoop-client-api-3.3.4.jar with timestamp 1761930270957
[2025-11-01T00:04:31.648+0700] {subprocess.py:93} INFO - 25/11/01 00:04:31 INFO TransportClientFactory: Successfully created connection to f7bb1ad77e89/172.23.0.6:43329 after 16 ms (0 ms spent in bootstraps)
[2025-11-01T00:04:31.651+0700] {subprocess.py:93} INFO - 25/11/01 00:04:31 INFO Utils: Fetching spark://f7bb1ad77e89:43329/jars/org.apache.hadoop_hadoop-client-api-3.3.4.jar to /tmp/spark-579fed2a-f838-4cb8-a93e-8f1042dc273f/userFiles-3b92c867-1264-4586-9de5-cb4017ceda9d/fetchFileTemp16050021358023581769.tmp
[2025-11-01T00:04:31.724+0700] {subprocess.py:93} INFO - 25/11/01 00:04:31 INFO Utils: /tmp/spark-579fed2a-f838-4cb8-a93e-8f1042dc273f/userFiles-3b92c867-1264-4586-9de5-cb4017ceda9d/fetchFileTemp16050021358023581769.tmp has been previously copied to /tmp/spark-579fed2a-f838-4cb8-a93e-8f1042dc273f/userFiles-3b92c867-1264-4586-9de5-cb4017ceda9d/org.apache.hadoop_hadoop-client-api-3.3.4.jar
[2025-11-01T00:04:31.733+0700] {subprocess.py:93} INFO - 25/11/01 00:04:31 INFO Executor: Adding file:/tmp/spark-579fed2a-f838-4cb8-a93e-8f1042dc273f/userFiles-3b92c867-1264-4586-9de5-cb4017ceda9d/org.apache.hadoop_hadoop-client-api-3.3.4.jar to class loader default
[2025-11-01T00:04:31.733+0700] {subprocess.py:93} INFO - 25/11/01 00:04:31 INFO Executor: Fetching spark://f7bb1ad77e89:43329/jars/org.apache.spark_spark-token-provider-kafka-0-10_2.12-3.5.1.jar with timestamp 1761930270957
[2025-11-01T00:04:31.733+0700] {subprocess.py:93} INFO - 25/11/01 00:04:31 INFO Utils: Fetching spark://f7bb1ad77e89:43329/jars/org.apache.spark_spark-token-provider-kafka-0-10_2.12-3.5.1.jar to /tmp/spark-579fed2a-f838-4cb8-a93e-8f1042dc273f/userFiles-3b92c867-1264-4586-9de5-cb4017ceda9d/fetchFileTemp632570792263493633.tmp
[2025-11-01T00:04:31.734+0700] {subprocess.py:93} INFO - 25/11/01 00:04:31 INFO Utils: /tmp/spark-579fed2a-f838-4cb8-a93e-8f1042dc273f/userFiles-3b92c867-1264-4586-9de5-cb4017ceda9d/fetchFileTemp632570792263493633.tmp has been previously copied to /tmp/spark-579fed2a-f838-4cb8-a93e-8f1042dc273f/userFiles-3b92c867-1264-4586-9de5-cb4017ceda9d/org.apache.spark_spark-token-provider-kafka-0-10_2.12-3.5.1.jar
[2025-11-01T00:04:31.738+0700] {subprocess.py:93} INFO - 25/11/01 00:04:31 INFO Executor: Adding file:/tmp/spark-579fed2a-f838-4cb8-a93e-8f1042dc273f/userFiles-3b92c867-1264-4586-9de5-cb4017ceda9d/org.apache.spark_spark-token-provider-kafka-0-10_2.12-3.5.1.jar to class loader default
[2025-11-01T00:04:31.739+0700] {subprocess.py:93} INFO - 25/11/01 00:04:31 INFO Executor: Fetching spark://f7bb1ad77e89:43329/jars/org.apache.commons_commons-pool2-2.11.1.jar with timestamp 1761930270957
[2025-11-01T00:04:31.739+0700] {subprocess.py:93} INFO - 25/11/01 00:04:31 INFO Utils: Fetching spark://f7bb1ad77e89:43329/jars/org.apache.commons_commons-pool2-2.11.1.jar to /tmp/spark-579fed2a-f838-4cb8-a93e-8f1042dc273f/userFiles-3b92c867-1264-4586-9de5-cb4017ceda9d/fetchFileTemp17160902772159729124.tmp
[2025-11-01T00:04:31.740+0700] {subprocess.py:93} INFO - 25/11/01 00:04:31 INFO Utils: /tmp/spark-579fed2a-f838-4cb8-a93e-8f1042dc273f/userFiles-3b92c867-1264-4586-9de5-cb4017ceda9d/fetchFileTemp17160902772159729124.tmp has been previously copied to /tmp/spark-579fed2a-f838-4cb8-a93e-8f1042dc273f/userFiles-3b92c867-1264-4586-9de5-cb4017ceda9d/org.apache.commons_commons-pool2-2.11.1.jar
[2025-11-01T00:04:31.744+0700] {subprocess.py:93} INFO - 25/11/01 00:04:31 INFO Executor: Adding file:/tmp/spark-579fed2a-f838-4cb8-a93e-8f1042dc273f/userFiles-3b92c867-1264-4586-9de5-cb4017ceda9d/org.apache.commons_commons-pool2-2.11.1.jar to class loader default
[2025-11-01T00:04:31.745+0700] {subprocess.py:93} INFO - 25/11/01 00:04:31 INFO Executor: Fetching spark://f7bb1ad77e89:43329/jars/org.apache.hadoop_hadoop-client-runtime-3.3.4.jar with timestamp 1761930270957
[2025-11-01T00:04:31.745+0700] {subprocess.py:93} INFO - 25/11/01 00:04:31 INFO Utils: Fetching spark://f7bb1ad77e89:43329/jars/org.apache.hadoop_hadoop-client-runtime-3.3.4.jar to /tmp/spark-579fed2a-f838-4cb8-a93e-8f1042dc273f/userFiles-3b92c867-1264-4586-9de5-cb4017ceda9d/fetchFileTemp5211513139681507978.tmp
[2025-11-01T00:04:31.807+0700] {subprocess.py:93} INFO - 25/11/01 00:04:31 INFO Utils: /tmp/spark-579fed2a-f838-4cb8-a93e-8f1042dc273f/userFiles-3b92c867-1264-4586-9de5-cb4017ceda9d/fetchFileTemp5211513139681507978.tmp has been previously copied to /tmp/spark-579fed2a-f838-4cb8-a93e-8f1042dc273f/userFiles-3b92c867-1264-4586-9de5-cb4017ceda9d/org.apache.hadoop_hadoop-client-runtime-3.3.4.jar
[2025-11-01T00:04:31.817+0700] {subprocess.py:93} INFO - 25/11/01 00:04:31 INFO Executor: Adding file:/tmp/spark-579fed2a-f838-4cb8-a93e-8f1042dc273f/userFiles-3b92c867-1264-4586-9de5-cb4017ceda9d/org.apache.hadoop_hadoop-client-runtime-3.3.4.jar to class loader default
[2025-11-01T00:04:31.818+0700] {subprocess.py:93} INFO - 25/11/01 00:04:31 INFO Executor: Fetching spark://f7bb1ad77e89:43329/jars/com.google.code.findbugs_jsr305-3.0.0.jar with timestamp 1761930270957
[2025-11-01T00:04:31.818+0700] {subprocess.py:93} INFO - 25/11/01 00:04:31 INFO Utils: Fetching spark://f7bb1ad77e89:43329/jars/com.google.code.findbugs_jsr305-3.0.0.jar to /tmp/spark-579fed2a-f838-4cb8-a93e-8f1042dc273f/userFiles-3b92c867-1264-4586-9de5-cb4017ceda9d/fetchFileTemp192835910312335410.tmp
[2025-11-01T00:04:31.819+0700] {subprocess.py:93} INFO - 25/11/01 00:04:31 INFO Utils: /tmp/spark-579fed2a-f838-4cb8-a93e-8f1042dc273f/userFiles-3b92c867-1264-4586-9de5-cb4017ceda9d/fetchFileTemp192835910312335410.tmp has been previously copied to /tmp/spark-579fed2a-f838-4cb8-a93e-8f1042dc273f/userFiles-3b92c867-1264-4586-9de5-cb4017ceda9d/com.google.code.findbugs_jsr305-3.0.0.jar
[2025-11-01T00:04:31.823+0700] {subprocess.py:93} INFO - 25/11/01 00:04:31 INFO Executor: Adding file:/tmp/spark-579fed2a-f838-4cb8-a93e-8f1042dc273f/userFiles-3b92c867-1264-4586-9de5-cb4017ceda9d/com.google.code.findbugs_jsr305-3.0.0.jar to class loader default
[2025-11-01T00:04:31.823+0700] {subprocess.py:93} INFO - 25/11/01 00:04:31 INFO Executor: Fetching spark://f7bb1ad77e89:43329/jars/org.slf4j_slf4j-api-2.0.7.jar with timestamp 1761930270957
[2025-11-01T00:04:31.824+0700] {subprocess.py:93} INFO - 25/11/01 00:04:31 INFO Utils: Fetching spark://f7bb1ad77e89:43329/jars/org.slf4j_slf4j-api-2.0.7.jar to /tmp/spark-579fed2a-f838-4cb8-a93e-8f1042dc273f/userFiles-3b92c867-1264-4586-9de5-cb4017ceda9d/fetchFileTemp18436705724540635948.tmp
[2025-11-01T00:04:31.824+0700] {subprocess.py:93} INFO - 25/11/01 00:04:31 INFO Utils: /tmp/spark-579fed2a-f838-4cb8-a93e-8f1042dc273f/userFiles-3b92c867-1264-4586-9de5-cb4017ceda9d/fetchFileTemp18436705724540635948.tmp has been previously copied to /tmp/spark-579fed2a-f838-4cb8-a93e-8f1042dc273f/userFiles-3b92c867-1264-4586-9de5-cb4017ceda9d/org.slf4j_slf4j-api-2.0.7.jar
[2025-11-01T00:04:31.829+0700] {subprocess.py:93} INFO - 25/11/01 00:04:31 INFO Executor: Adding file:/tmp/spark-579fed2a-f838-4cb8-a93e-8f1042dc273f/userFiles-3b92c867-1264-4586-9de5-cb4017ceda9d/org.slf4j_slf4j-api-2.0.7.jar to class loader default
[2025-11-01T00:04:31.829+0700] {subprocess.py:93} INFO - 25/11/01 00:04:31 INFO Executor: Fetching spark://f7bb1ad77e89:43329/jars/org.apache.kafka_kafka-clients-3.4.1.jar with timestamp 1761930270957
[2025-11-01T00:04:31.830+0700] {subprocess.py:93} INFO - 25/11/01 00:04:31 INFO Utils: Fetching spark://f7bb1ad77e89:43329/jars/org.apache.kafka_kafka-clients-3.4.1.jar to /tmp/spark-579fed2a-f838-4cb8-a93e-8f1042dc273f/userFiles-3b92c867-1264-4586-9de5-cb4017ceda9d/fetchFileTemp4960519535783134216.tmp
[2025-11-01T00:04:31.840+0700] {subprocess.py:93} INFO - 25/11/01 00:04:31 INFO Utils: /tmp/spark-579fed2a-f838-4cb8-a93e-8f1042dc273f/userFiles-3b92c867-1264-4586-9de5-cb4017ceda9d/fetchFileTemp4960519535783134216.tmp has been previously copied to /tmp/spark-579fed2a-f838-4cb8-a93e-8f1042dc273f/userFiles-3b92c867-1264-4586-9de5-cb4017ceda9d/org.apache.kafka_kafka-clients-3.4.1.jar
[2025-11-01T00:04:31.845+0700] {subprocess.py:93} INFO - 25/11/01 00:04:31 INFO Executor: Adding file:/tmp/spark-579fed2a-f838-4cb8-a93e-8f1042dc273f/userFiles-3b92c867-1264-4586-9de5-cb4017ceda9d/org.apache.kafka_kafka-clients-3.4.1.jar to class loader default
[2025-11-01T00:04:31.846+0700] {subprocess.py:93} INFO - 25/11/01 00:04:31 INFO Executor: Fetching spark://f7bb1ad77e89:43329/jars/commons-logging_commons-logging-1.1.3.jar with timestamp 1761930270957
[2025-11-01T00:04:31.846+0700] {subprocess.py:93} INFO - 25/11/01 00:04:31 INFO Utils: Fetching spark://f7bb1ad77e89:43329/jars/commons-logging_commons-logging-1.1.3.jar to /tmp/spark-579fed2a-f838-4cb8-a93e-8f1042dc273f/userFiles-3b92c867-1264-4586-9de5-cb4017ceda9d/fetchFileTemp307386310083122960.tmp
[2025-11-01T00:04:31.847+0700] {subprocess.py:93} INFO - 25/11/01 00:04:31 INFO Utils: /tmp/spark-579fed2a-f838-4cb8-a93e-8f1042dc273f/userFiles-3b92c867-1264-4586-9de5-cb4017ceda9d/fetchFileTemp307386310083122960.tmp has been previously copied to /tmp/spark-579fed2a-f838-4cb8-a93e-8f1042dc273f/userFiles-3b92c867-1264-4586-9de5-cb4017ceda9d/commons-logging_commons-logging-1.1.3.jar
[2025-11-01T00:04:31.852+0700] {subprocess.py:93} INFO - 25/11/01 00:04:31 INFO Executor: Adding file:/tmp/spark-579fed2a-f838-4cb8-a93e-8f1042dc273f/userFiles-3b92c867-1264-4586-9de5-cb4017ceda9d/commons-logging_commons-logging-1.1.3.jar to class loader default
[2025-11-01T00:04:31.852+0700] {subprocess.py:93} INFO - 25/11/01 00:04:31 INFO Executor: Fetching spark://f7bb1ad77e89:43329/jars/org.postgresql_postgresql-42.6.0.jar with timestamp 1761930270957
[2025-11-01T00:04:31.853+0700] {subprocess.py:93} INFO - 25/11/01 00:04:31 INFO Utils: Fetching spark://f7bb1ad77e89:43329/jars/org.postgresql_postgresql-42.6.0.jar to /tmp/spark-579fed2a-f838-4cb8-a93e-8f1042dc273f/userFiles-3b92c867-1264-4586-9de5-cb4017ceda9d/fetchFileTemp10992199004462967590.tmp
[2025-11-01T00:04:31.855+0700] {subprocess.py:93} INFO - 25/11/01 00:04:31 INFO Utils: /tmp/spark-579fed2a-f838-4cb8-a93e-8f1042dc273f/userFiles-3b92c867-1264-4586-9de5-cb4017ceda9d/fetchFileTemp10992199004462967590.tmp has been previously copied to /tmp/spark-579fed2a-f838-4cb8-a93e-8f1042dc273f/userFiles-3b92c867-1264-4586-9de5-cb4017ceda9d/org.postgresql_postgresql-42.6.0.jar
[2025-11-01T00:04:31.860+0700] {subprocess.py:93} INFO - 25/11/01 00:04:31 INFO Executor: Adding file:/tmp/spark-579fed2a-f838-4cb8-a93e-8f1042dc273f/userFiles-3b92c867-1264-4586-9de5-cb4017ceda9d/org.postgresql_postgresql-42.6.0.jar to class loader default
[2025-11-01T00:04:31.860+0700] {subprocess.py:93} INFO - 25/11/01 00:04:31 INFO Executor: Fetching spark://f7bb1ad77e89:43329/jars/org.lz4_lz4-java-1.8.0.jar with timestamp 1761930270957
[2025-11-01T00:04:31.861+0700] {subprocess.py:93} INFO - 25/11/01 00:04:31 INFO Utils: Fetching spark://f7bb1ad77e89:43329/jars/org.lz4_lz4-java-1.8.0.jar to /tmp/spark-579fed2a-f838-4cb8-a93e-8f1042dc273f/userFiles-3b92c867-1264-4586-9de5-cb4017ceda9d/fetchFileTemp317374995184600644.tmp
[2025-11-01T00:04:31.862+0700] {subprocess.py:93} INFO - 25/11/01 00:04:31 INFO Utils: /tmp/spark-579fed2a-f838-4cb8-a93e-8f1042dc273f/userFiles-3b92c867-1264-4586-9de5-cb4017ceda9d/fetchFileTemp317374995184600644.tmp has been previously copied to /tmp/spark-579fed2a-f838-4cb8-a93e-8f1042dc273f/userFiles-3b92c867-1264-4586-9de5-cb4017ceda9d/org.lz4_lz4-java-1.8.0.jar
[2025-11-01T00:04:31.867+0700] {subprocess.py:93} INFO - 25/11/01 00:04:31 INFO Executor: Adding file:/tmp/spark-579fed2a-f838-4cb8-a93e-8f1042dc273f/userFiles-3b92c867-1264-4586-9de5-cb4017ceda9d/org.lz4_lz4-java-1.8.0.jar to class loader default
[2025-11-01T00:04:31.867+0700] {subprocess.py:93} INFO - 25/11/01 00:04:31 INFO Executor: Fetching spark://f7bb1ad77e89:43329/jars/org.apache.spark_spark-sql-kafka-0-10_2.12-3.5.1.jar with timestamp 1761930270957
[2025-11-01T00:04:31.867+0700] {subprocess.py:93} INFO - 25/11/01 00:04:31 INFO Utils: Fetching spark://f7bb1ad77e89:43329/jars/org.apache.spark_spark-sql-kafka-0-10_2.12-3.5.1.jar to /tmp/spark-579fed2a-f838-4cb8-a93e-8f1042dc273f/userFiles-3b92c867-1264-4586-9de5-cb4017ceda9d/fetchFileTemp13629131261658550244.tmp
[2025-11-01T00:04:31.869+0700] {subprocess.py:93} INFO - 25/11/01 00:04:31 INFO Utils: /tmp/spark-579fed2a-f838-4cb8-a93e-8f1042dc273f/userFiles-3b92c867-1264-4586-9de5-cb4017ceda9d/fetchFileTemp13629131261658550244.tmp has been previously copied to /tmp/spark-579fed2a-f838-4cb8-a93e-8f1042dc273f/userFiles-3b92c867-1264-4586-9de5-cb4017ceda9d/org.apache.spark_spark-sql-kafka-0-10_2.12-3.5.1.jar
[2025-11-01T00:04:31.873+0700] {subprocess.py:93} INFO - 25/11/01 00:04:31 INFO Executor: Adding file:/tmp/spark-579fed2a-f838-4cb8-a93e-8f1042dc273f/userFiles-3b92c867-1264-4586-9de5-cb4017ceda9d/org.apache.spark_spark-sql-kafka-0-10_2.12-3.5.1.jar to class loader default
[2025-11-01T00:04:31.874+0700] {subprocess.py:93} INFO - 25/11/01 00:04:31 INFO Executor: Fetching spark://f7bb1ad77e89:43329/jars/org.checkerframework_checker-qual-3.31.0.jar with timestamp 1761930270957
[2025-11-01T00:04:31.874+0700] {subprocess.py:93} INFO - 25/11/01 00:04:31 INFO Utils: Fetching spark://f7bb1ad77e89:43329/jars/org.checkerframework_checker-qual-3.31.0.jar to /tmp/spark-579fed2a-f838-4cb8-a93e-8f1042dc273f/userFiles-3b92c867-1264-4586-9de5-cb4017ceda9d/fetchFileTemp16958174409836454695.tmp
[2025-11-01T00:04:31.875+0700] {subprocess.py:93} INFO - 25/11/01 00:04:31 INFO Utils: /tmp/spark-579fed2a-f838-4cb8-a93e-8f1042dc273f/userFiles-3b92c867-1264-4586-9de5-cb4017ceda9d/fetchFileTemp16958174409836454695.tmp has been previously copied to /tmp/spark-579fed2a-f838-4cb8-a93e-8f1042dc273f/userFiles-3b92c867-1264-4586-9de5-cb4017ceda9d/org.checkerframework_checker-qual-3.31.0.jar
[2025-11-01T00:04:31.880+0700] {subprocess.py:93} INFO - 25/11/01 00:04:31 INFO Executor: Adding file:/tmp/spark-579fed2a-f838-4cb8-a93e-8f1042dc273f/userFiles-3b92c867-1264-4586-9de5-cb4017ceda9d/org.checkerframework_checker-qual-3.31.0.jar to class loader default
[2025-11-01T00:04:31.880+0700] {subprocess.py:93} INFO - 25/11/01 00:04:31 INFO Executor: Fetching spark://f7bb1ad77e89:43329/jars/org.xerial.snappy_snappy-java-1.1.10.3.jar with timestamp 1761930270957
[2025-11-01T00:04:31.880+0700] {subprocess.py:93} INFO - 25/11/01 00:04:31 INFO Utils: Fetching spark://f7bb1ad77e89:43329/jars/org.xerial.snappy_snappy-java-1.1.10.3.jar to /tmp/spark-579fed2a-f838-4cb8-a93e-8f1042dc273f/userFiles-3b92c867-1264-4586-9de5-cb4017ceda9d/fetchFileTemp11346558389008496516.tmp
[2025-11-01T00:04:31.885+0700] {subprocess.py:93} INFO - 25/11/01 00:04:31 INFO Utils: /tmp/spark-579fed2a-f838-4cb8-a93e-8f1042dc273f/userFiles-3b92c867-1264-4586-9de5-cb4017ceda9d/fetchFileTemp11346558389008496516.tmp has been previously copied to /tmp/spark-579fed2a-f838-4cb8-a93e-8f1042dc273f/userFiles-3b92c867-1264-4586-9de5-cb4017ceda9d/org.xerial.snappy_snappy-java-1.1.10.3.jar
[2025-11-01T00:04:31.890+0700] {subprocess.py:93} INFO - 25/11/01 00:04:31 INFO Executor: Adding file:/tmp/spark-579fed2a-f838-4cb8-a93e-8f1042dc273f/userFiles-3b92c867-1264-4586-9de5-cb4017ceda9d/org.xerial.snappy_snappy-java-1.1.10.3.jar to class loader default
[2025-11-01T00:04:31.895+0700] {subprocess.py:93} INFO - 25/11/01 00:04:31 INFO Utils: Successfully started service 'org.apache.spark.network.netty.NettyBlockTransferService' on port 33627.
[2025-11-01T00:04:31.895+0700] {subprocess.py:93} INFO - 25/11/01 00:04:31 INFO NettyBlockTransferService: Server created on f7bb1ad77e89:33627
[2025-11-01T00:04:31.896+0700] {subprocess.py:93} INFO - 25/11/01 00:04:31 INFO BlockManager: Using org.apache.spark.storage.RandomBlockReplicationPolicy for block replication policy
[2025-11-01T00:04:31.898+0700] {subprocess.py:93} INFO - 25/11/01 00:04:31 INFO BlockManagerMaster: Registering BlockManager BlockManagerId(driver, f7bb1ad77e89, 33627, None)
[2025-11-01T00:04:31.900+0700] {subprocess.py:93} INFO - 25/11/01 00:04:31 INFO BlockManagerMasterEndpoint: Registering block manager f7bb1ad77e89:33627 with 434.4 MiB RAM, BlockManagerId(driver, f7bb1ad77e89, 33627, None)
[2025-11-01T00:04:31.902+0700] {subprocess.py:93} INFO - 25/11/01 00:04:31 INFO BlockManagerMaster: Registered BlockManager BlockManagerId(driver, f7bb1ad77e89, 33627, None)
[2025-11-01T00:04:31.902+0700] {subprocess.py:93} INFO - 25/11/01 00:04:31 INFO BlockManager: Initialized BlockManager: BlockManagerId(driver, f7bb1ad77e89, 33627, None)
[2025-11-01T00:04:32.073+0700] {subprocess.py:93} INFO - [Consumer] ðŸš€ Spark Structured Streaming started...
[2025-11-01T00:04:32.834+0700] {subprocess.py:93} INFO - Downloading https://github.com/ultralytics/assets/releases/download/v8.2.0/yolov8n.pt to 'yolov8n.pt'...
[2025-11-01T00:04:34.602+0700] {subprocess.py:93} INFO -   0%|          | 0.00/6.25M [00:00<?, ?B/s]  4%|â–         | 256k/6.25M [00:00<00:02, 2.42MB/s] 20%|â–ˆâ–ˆ        | 1.25M/6.25M [00:00<00:00, 6.71MB/s] 48%|â–ˆâ–ˆâ–ˆâ–ˆâ–Š     | 3.00M/6.25M [00:00<00:00, 9.61MB/s] 84%|â–ˆâ–ˆâ–ˆâ–ˆâ–ˆâ–ˆâ–ˆâ–ˆâ– | 5.25M/6.25M [00:00<00:00, 14.2MB/s]100%|â–ˆâ–ˆâ–ˆâ–ˆâ–ˆâ–ˆâ–ˆâ–ˆâ–ˆâ–ˆ| 6.25M/6.25M [00:00<00:00, 12.8MB/s]
[2025-11-01T00:04:34.918+0700] {subprocess.py:93} INFO - 25/11/01 00:04:34 WARN ResolveWriteToStream: spark.sql.adaptive.enabled is not supported in streaming DataFrames/Datasets and will be disabled.
[2025-11-01T00:04:34.982+0700] {subprocess.py:93} INFO - [Consumer] ðŸ§  Waiting for streaming data...
[2025-11-01T00:04:36.460+0700] {subprocess.py:93} INFO - 
[2025-11-01T00:04:36.461+0700] {subprocess.py:93} INFO - ==============================
[2025-11-01T00:04:36.461+0700] {subprocess.py:93} INFO - [Batch 0] Writing 0 rows to PostgreSQL
[2025-11-01T00:04:36.461+0700] {subprocess.py:93} INFO - ==============================
[2025-11-01T00:04:36.701+0700] {subprocess.py:93} INFO - 25/11/01 00:04:36 ERROR MicroBatchExecution: Query [id = c9cf82bd-833d-444b-883e-2e3225f57b31, runId = 8ff3f80f-9a57-4c4a-a265-5432eee6b5e8] terminated with error
[2025-11-01T00:04:36.701+0700] {subprocess.py:93} INFO - py4j.Py4JException: An exception was raised by the Python Proxy. Return Message: Traceback (most recent call last):
[2025-11-01T00:04:36.702+0700] {subprocess.py:93} INFO -   File "/home/***/.local/lib/python3.12/site-packages/pyspark/python/lib/py4j-0.10.9.7-src.zip/py4j/clientserver.py", line 617, in _call_proxy
[2025-11-01T00:04:36.702+0700] {subprocess.py:93} INFO -     return_value = getattr(self.pool[obj_id], method)(*params)
[2025-11-01T00:04:36.702+0700] {subprocess.py:93} INFO -                    ^^^^^^^^^^^^^^^^^^^^^^^^^^^^^^^^^^^^^^^^^^^
[2025-11-01T00:04:36.703+0700] {subprocess.py:93} INFO -   File "/home/***/.local/lib/python3.12/site-packages/pyspark/python/lib/pyspark.zip/pyspark/sql/utils.py", line 120, in call
[2025-11-01T00:04:36.703+0700] {subprocess.py:93} INFO -     raise e
[2025-11-01T00:04:36.703+0700] {subprocess.py:93} INFO -   File "/home/***/.local/lib/python3.12/site-packages/pyspark/python/lib/pyspark.zip/pyspark/sql/utils.py", line 117, in call
[2025-11-01T00:04:36.703+0700] {subprocess.py:93} INFO -     self.func(DataFrame(jdf, wrapped_session_jdf), batch_id)
[2025-11-01T00:04:36.704+0700] {subprocess.py:93} INFO -   File "/opt/***/projects/vehicle_count/scripts/vehicle_consumer.py", line 144, in write_to_postgres
[2025-11-01T00:04:36.704+0700] {subprocess.py:93} INFO -     .jdbc(
[2025-11-01T00:04:36.704+0700] {subprocess.py:93} INFO -      ^^^^^
[2025-11-01T00:04:36.704+0700] {subprocess.py:93} INFO -   File "/home/***/.local/lib/python3.12/site-packages/pyspark/python/lib/pyspark.zip/pyspark/sql/readwriter.py", line 1984, in jdbc
[2025-11-01T00:04:36.705+0700] {subprocess.py:93} INFO -     self.mode(mode)._jwrite.jdbc(url, table, jprop)
[2025-11-01T00:04:36.705+0700] {subprocess.py:93} INFO -   File "/home/***/.local/lib/python3.12/site-packages/pyspark/python/lib/py4j-0.10.9.7-src.zip/py4j/java_gateway.py", line 1322, in __call__
[2025-11-01T00:04:36.705+0700] {subprocess.py:93} INFO -     return_value = get_return_value(
[2025-11-01T00:04:36.705+0700] {subprocess.py:93} INFO -                    ^^^^^^^^^^^^^^^^^
[2025-11-01T00:04:36.706+0700] {subprocess.py:93} INFO -   File "/home/***/.local/lib/python3.12/site-packages/pyspark/python/lib/pyspark.zip/pyspark/errors/exceptions/captured.py", line 179, in deco
[2025-11-01T00:04:36.706+0700] {subprocess.py:93} INFO -     return f(*a, **kw)
[2025-11-01T00:04:36.706+0700] {subprocess.py:93} INFO -            ^^^^^^^^^^^
[2025-11-01T00:04:36.707+0700] {subprocess.py:93} INFO -   File "/home/***/.local/lib/python3.12/site-packages/pyspark/python/lib/py4j-0.10.9.7-src.zip/py4j/protocol.py", line 326, in get_return_value
[2025-11-01T00:04:36.707+0700] {subprocess.py:93} INFO -     raise Py4JJavaError(
[2025-11-01T00:04:36.707+0700] {subprocess.py:93} INFO - py4j.protocol.Py4JJavaError: An error occurred while calling o100.jdbc.
[2025-11-01T00:04:36.708+0700] {subprocess.py:93} INFO - : org.postgresql.util.PSQLException: FATAL: database "vehicle_db" does not exist
[2025-11-01T00:04:36.708+0700] {subprocess.py:93} INFO - 	at org.postgresql.core.v3.QueryExecutorImpl.receiveErrorResponse(QueryExecutorImpl.java:2713)
[2025-11-01T00:04:36.708+0700] {subprocess.py:93} INFO - 	at org.postgresql.core.v3.QueryExecutorImpl.readStartupMessages(QueryExecutorImpl.java:2825)
[2025-11-01T00:04:36.709+0700] {subprocess.py:93} INFO - 	at org.postgresql.core.v3.QueryExecutorImpl.<init>(QueryExecutorImpl.java:175)
[2025-11-01T00:04:36.709+0700] {subprocess.py:93} INFO - 	at org.postgresql.core.v3.ConnectionFactoryImpl.openConnectionImpl(ConnectionFactoryImpl.java:313)
[2025-11-01T00:04:36.709+0700] {subprocess.py:93} INFO - 	at org.postgresql.core.ConnectionFactory.openConnection(ConnectionFactory.java:54)
[2025-11-01T00:04:36.710+0700] {subprocess.py:93} INFO - 	at org.postgresql.jdbc.PgConnection.<init>(PgConnection.java:263)
[2025-11-01T00:04:36.710+0700] {subprocess.py:93} INFO - 	at org.postgresql.Driver.makeConnection(Driver.java:443)
[2025-11-01T00:04:36.710+0700] {subprocess.py:93} INFO - 	at org.postgresql.Driver.connect(Driver.java:297)
[2025-11-01T00:04:36.710+0700] {subprocess.py:93} INFO - 	at org.apache.spark.sql.execution.datasources.jdbc.connection.BasicConnectionProvider.getConnection(BasicConnectionProvider.scala:49)
[2025-11-01T00:04:36.711+0700] {subprocess.py:93} INFO - 	at org.apache.spark.sql.execution.datasources.jdbc.connection.ConnectionProviderBase.create(ConnectionProvider.scala:102)
[2025-11-01T00:04:36.711+0700] {subprocess.py:93} INFO - 	at org.apache.spark.sql.jdbc.JdbcDialect.$anonfun$createConnectionFactory$1(JdbcDialects.scala:160)
[2025-11-01T00:04:36.711+0700] {subprocess.py:93} INFO - 	at org.apache.spark.sql.jdbc.JdbcDialect.$anonfun$createConnectionFactory$1$adapted(JdbcDialects.scala:156)
[2025-11-01T00:04:36.711+0700] {subprocess.py:93} INFO - 	at org.apache.spark.sql.execution.datasources.jdbc.JdbcRelationProvider.createRelation(JdbcRelationProvider.scala:50)
[2025-11-01T00:04:36.711+0700] {subprocess.py:93} INFO - 	at org.apache.spark.sql.execution.datasources.SaveIntoDataSourceCommand.run(SaveIntoDataSourceCommand.scala:48)
[2025-11-01T00:04:36.712+0700] {subprocess.py:93} INFO - 	at org.apache.spark.sql.execution.command.ExecutedCommandExec.sideEffectResult$lzycompute(commands.scala:75)
[2025-11-01T00:04:36.712+0700] {subprocess.py:93} INFO - 	at org.apache.spark.sql.execution.command.ExecutedCommandExec.sideEffectResult(commands.scala:73)
[2025-11-01T00:04:36.712+0700] {subprocess.py:93} INFO - 	at org.apache.spark.sql.execution.command.ExecutedCommandExec.executeCollect(commands.scala:84)
[2025-11-01T00:04:36.712+0700] {subprocess.py:93} INFO - 	at org.apache.spark.sql.execution.QueryExecution$$anonfun$eagerlyExecuteCommands$1.$anonfun$applyOrElse$1(QueryExecution.scala:107)
[2025-11-01T00:04:36.713+0700] {subprocess.py:93} INFO - 	at org.apache.spark.sql.execution.SQLExecution$.$anonfun$withNewExecutionId$6(SQLExecution.scala:125)
[2025-11-01T00:04:36.713+0700] {subprocess.py:93} INFO - 	at org.apache.spark.sql.execution.SQLExecution$.withSQLConfPropagated(SQLExecution.scala:201)
[2025-11-01T00:04:36.713+0700] {subprocess.py:93} INFO - 	at org.apache.spark.sql.execution.SQLExecution$.$anonfun$withNewExecutionId$1(SQLExecution.scala:108)
[2025-11-01T00:04:36.713+0700] {subprocess.py:93} INFO - 	at org.apache.spark.sql.SparkSession.withActive(SparkSession.scala:900)
[2025-11-01T00:04:36.714+0700] {subprocess.py:93} INFO - 	at org.apache.spark.sql.execution.SQLExecution$.withNewExecutionId(SQLExecution.scala:66)
[2025-11-01T00:04:36.714+0700] {subprocess.py:93} INFO - 	at org.apache.spark.sql.execution.QueryExecution$$anonfun$eagerlyExecuteCommands$1.applyOrElse(QueryExecution.scala:107)
[2025-11-01T00:04:36.714+0700] {subprocess.py:93} INFO - 	at org.apache.spark.sql.execution.QueryExecution$$anonfun$eagerlyExecuteCommands$1.applyOrElse(QueryExecution.scala:98)
[2025-11-01T00:04:36.714+0700] {subprocess.py:93} INFO - 	at org.apache.spark.sql.catalyst.trees.TreeNode.$anonfun$transformDownWithPruning$1(TreeNode.scala:461)
[2025-11-01T00:04:36.714+0700] {subprocess.py:93} INFO - 	at org.apache.spark.sql.catalyst.trees.CurrentOrigin$.withOrigin(origin.scala:76)
[2025-11-01T00:04:36.715+0700] {subprocess.py:93} INFO - 	at org.apache.spark.sql.catalyst.trees.TreeNode.transformDownWithPruning(TreeNode.scala:461)
[2025-11-01T00:04:36.715+0700] {subprocess.py:93} INFO - 	at org.apache.spark.sql.catalyst.plans.logical.LogicalPlan.org$apache$spark$sql$catalyst$plans$logical$AnalysisHelper$$super$transformDownWithPruning(LogicalPlan.scala:32)
[2025-11-01T00:04:36.715+0700] {subprocess.py:93} INFO - 	at org.apache.spark.sql.catalyst.plans.logical.AnalysisHelper.transformDownWithPruning(AnalysisHelper.scala:267)
[2025-11-01T00:04:36.715+0700] {subprocess.py:93} INFO - 	at org.apache.spark.sql.catalyst.plans.logical.AnalysisHelper.transformDownWithPruning$(AnalysisHelper.scala:263)
[2025-11-01T00:04:36.715+0700] {subprocess.py:93} INFO - 	at org.apache.spark.sql.catalyst.plans.logical.LogicalPlan.transformDownWithPruning(LogicalPlan.scala:32)
[2025-11-01T00:04:36.716+0700] {subprocess.py:93} INFO - 	at org.apache.spark.sql.catalyst.plans.logical.LogicalPlan.transformDownWithPruning(LogicalPlan.scala:32)
[2025-11-01T00:04:36.716+0700] {subprocess.py:93} INFO - 	at org.apache.spark.sql.catalyst.trees.TreeNode.transformDown(TreeNode.scala:437)
[2025-11-01T00:04:36.716+0700] {subprocess.py:93} INFO - 	at org.apache.spark.sql.execution.QueryExecution.eagerlyExecuteCommands(QueryExecution.scala:98)
[2025-11-01T00:04:36.716+0700] {subprocess.py:93} INFO - 	at org.apache.spark.sql.execution.QueryExecution.commandExecuted$lzycompute(QueryExecution.scala:85)
[2025-11-01T00:04:36.716+0700] {subprocess.py:93} INFO - 	at org.apache.spark.sql.execution.QueryExecution.commandExecuted(QueryExecution.scala:83)
[2025-11-01T00:04:36.716+0700] {subprocess.py:93} INFO - 	at org.apache.spark.sql.execution.QueryExecution.assertCommandExecuted(QueryExecution.scala:142)
[2025-11-01T00:04:36.717+0700] {subprocess.py:93} INFO - 	at org.apache.spark.sql.DataFrameWriter.runCommand(DataFrameWriter.scala:859)
[2025-11-01T00:04:36.717+0700] {subprocess.py:93} INFO - 	at org.apache.spark.sql.DataFrameWriter.saveToV1Source(DataFrameWriter.scala:388)
[2025-11-01T00:04:36.717+0700] {subprocess.py:93} INFO - 	at org.apache.spark.sql.DataFrameWriter.saveInternal(DataFrameWriter.scala:361)
[2025-11-01T00:04:36.717+0700] {subprocess.py:93} INFO - 	at org.apache.spark.sql.DataFrameWriter.save(DataFrameWriter.scala:248)
[2025-11-01T00:04:36.717+0700] {subprocess.py:93} INFO - 	at org.apache.spark.sql.DataFrameWriter.jdbc(DataFrameWriter.scala:756)
[2025-11-01T00:04:36.717+0700] {subprocess.py:93} INFO - 	at java.base/jdk.internal.reflect.NativeMethodAccessorImpl.invoke0(Native Method)
[2025-11-01T00:04:36.717+0700] {subprocess.py:93} INFO - 	at java.base/jdk.internal.reflect.NativeMethodAccessorImpl.invoke(NativeMethodAccessorImpl.java:77)
[2025-11-01T00:04:36.718+0700] {subprocess.py:93} INFO - 	at java.base/jdk.internal.reflect.DelegatingMethodAccessorImpl.invoke(DelegatingMethodAccessorImpl.java:43)
[2025-11-01T00:04:36.718+0700] {subprocess.py:93} INFO - 	at java.base/java.lang.reflect.Method.invoke(Method.java:569)
[2025-11-01T00:04:36.718+0700] {subprocess.py:93} INFO - 	at py4j.reflection.MethodInvoker.invoke(MethodInvoker.java:244)
[2025-11-01T00:04:36.718+0700] {subprocess.py:93} INFO - 	at py4j.reflection.ReflectionEngine.invoke(ReflectionEngine.java:374)
[2025-11-01T00:04:36.718+0700] {subprocess.py:93} INFO - 	at py4j.Gateway.invoke(Gateway.java:282)
[2025-11-01T00:04:36.718+0700] {subprocess.py:93} INFO - 	at py4j.commands.AbstractCommand.invokeMethod(AbstractCommand.java:132)
[2025-11-01T00:04:36.719+0700] {subprocess.py:93} INFO - 	at py4j.commands.CallCommand.execute(CallCommand.java:79)
[2025-11-01T00:04:36.719+0700] {subprocess.py:93} INFO - 	at py4j.ClientServerConnection.sendCommand(ClientServerConnection.java:244)
[2025-11-01T00:04:36.719+0700] {subprocess.py:93} INFO - 	at py4j.CallbackClient.sendCommand(CallbackClient.java:384)
[2025-11-01T00:04:36.719+0700] {subprocess.py:93} INFO - 	at py4j.CallbackClient.sendCommand(CallbackClient.java:356)
[2025-11-01T00:04:36.719+0700] {subprocess.py:93} INFO - 	at py4j.reflection.PythonProxyHandler.invoke(PythonProxyHandler.java:106)
[2025-11-01T00:04:36.720+0700] {subprocess.py:93} INFO - 	at jdk.proxy3/jdk.proxy3.$Proxy31.call(Unknown Source)
[2025-11-01T00:04:36.720+0700] {subprocess.py:93} INFO - 	at org.apache.spark.sql.execution.streaming.sources.PythonForeachBatchHelper$.$anonfun$callForeachBatch$1(ForeachBatchSink.scala:53)
[2025-11-01T00:04:36.720+0700] {subprocess.py:93} INFO - 	at org.apache.spark.sql.execution.streaming.sources.PythonForeachBatchHelper$.$anonfun$callForeachBatch$1$adapted(ForeachBatchSink.scala:53)
[2025-11-01T00:04:36.720+0700] {subprocess.py:93} INFO - 	at org.apache.spark.sql.execution.streaming.sources.ForeachBatchSink.addBatch(ForeachBatchSink.scala:34)
[2025-11-01T00:04:36.720+0700] {subprocess.py:93} INFO - 	at org.apache.spark.sql.execution.streaming.MicroBatchExecution.$anonfun$runBatch$17(MicroBatchExecution.scala:732)
[2025-11-01T00:04:36.721+0700] {subprocess.py:93} INFO - 	at org.apache.spark.sql.execution.SQLExecution$.$anonfun$withNewExecutionId$6(SQLExecution.scala:125)
[2025-11-01T00:04:36.721+0700] {subprocess.py:93} INFO - 	at org.apache.spark.sql.execution.SQLExecution$.withSQLConfPropagated(SQLExecution.scala:201)
[2025-11-01T00:04:36.721+0700] {subprocess.py:93} INFO - 	at org.apache.spark.sql.execution.SQLExecution$.$anonfun$withNewExecutionId$1(SQLExecution.scala:108)
[2025-11-01T00:04:36.721+0700] {subprocess.py:93} INFO - 	at org.apache.spark.sql.SparkSession.withActive(SparkSession.scala:900)
[2025-11-01T00:04:36.722+0700] {subprocess.py:93} INFO - 	at org.apache.spark.sql.execution.SQLExecution$.withNewExecutionId(SQLExecution.scala:66)
[2025-11-01T00:04:36.722+0700] {subprocess.py:93} INFO - 	at org.apache.spark.sql.execution.streaming.MicroBatchExecution.$anonfun$runBatch$16(MicroBatchExecution.scala:729)
[2025-11-01T00:04:36.722+0700] {subprocess.py:93} INFO - 	at org.apache.spark.sql.execution.streaming.ProgressReporter.reportTimeTaken(ProgressReporter.scala:427)
[2025-11-01T00:04:36.722+0700] {subprocess.py:93} INFO - 	at org.apache.spark.sql.execution.streaming.ProgressReporter.reportTimeTaken$(ProgressReporter.scala:425)
[2025-11-01T00:04:36.723+0700] {subprocess.py:93} INFO - 	at org.apache.spark.sql.execution.streaming.StreamExecution.reportTimeTaken(StreamExecution.scala:67)
[2025-11-01T00:04:36.723+0700] {subprocess.py:93} INFO - 	at org.apache.spark.sql.execution.streaming.MicroBatchExecution.runBatch(MicroBatchExecution.scala:729)
[2025-11-01T00:04:36.723+0700] {subprocess.py:93} INFO - 	at org.apache.spark.sql.execution.streaming.MicroBatchExecution.$anonfun$runActivatedStream$2(MicroBatchExecution.scala:286)
[2025-11-01T00:04:36.723+0700] {subprocess.py:93} INFO - 	at scala.runtime.java8.JFunction0$mcV$sp.apply(JFunction0$mcV$sp.java:23)
[2025-11-01T00:04:36.723+0700] {subprocess.py:93} INFO - 	at org.apache.spark.sql.execution.streaming.ProgressReporter.reportTimeTaken(ProgressReporter.scala:427)
[2025-11-01T00:04:36.724+0700] {subprocess.py:93} INFO - 	at org.apache.spark.sql.execution.streaming.ProgressReporter.reportTimeTaken$(ProgressReporter.scala:425)
[2025-11-01T00:04:36.724+0700] {subprocess.py:93} INFO - 	at org.apache.spark.sql.execution.streaming.StreamExecution.reportTimeTaken(StreamExecution.scala:67)
[2025-11-01T00:04:36.724+0700] {subprocess.py:93} INFO - 	at org.apache.spark.sql.execution.streaming.MicroBatchExecution.$anonfun$runActivatedStream$1(MicroBatchExecution.scala:249)
[2025-11-01T00:04:36.724+0700] {subprocess.py:93} INFO - 	at org.apache.spark.sql.execution.streaming.ProcessingTimeExecutor.execute(TriggerExecutor.scala:67)
[2025-11-01T00:04:36.724+0700] {subprocess.py:93} INFO - 	at org.apache.spark.sql.execution.streaming.MicroBatchExecution.runActivatedStream(MicroBatchExecution.scala:239)
[2025-11-01T00:04:36.724+0700] {subprocess.py:93} INFO - 	at org.apache.spark.sql.execution.streaming.StreamExecution.$anonfun$runStream$1(StreamExecution.scala:311)
[2025-11-01T00:04:36.725+0700] {subprocess.py:93} INFO - 	at scala.runtime.java8.JFunction0$mcV$sp.apply(JFunction0$mcV$sp.java:23)
[2025-11-01T00:04:36.725+0700] {subprocess.py:93} INFO - 	at org.apache.spark.sql.SparkSession.withActive(SparkSession.scala:900)
[2025-11-01T00:04:36.725+0700] {subprocess.py:93} INFO - 	at org.apache.spark.sql.execution.streaming.StreamExecution.org$apache$spark$sql$execution$streaming$StreamExecution$$runStream(StreamExecution.scala:289)
[2025-11-01T00:04:36.725+0700] {subprocess.py:93} INFO - 	at org.apache.spark.sql.execution.streaming.StreamExecution$$anon$1.$anonfun$run$1(StreamExecution.scala:211)
[2025-11-01T00:04:36.725+0700] {subprocess.py:93} INFO - 	at scala.runtime.java8.JFunction0$mcV$sp.apply(JFunction0$mcV$sp.java:23)
[2025-11-01T00:04:36.725+0700] {subprocess.py:93} INFO - 	at org.apache.spark.JobArtifactSet$.withActiveJobArtifactState(JobArtifactSet.scala:94)
[2025-11-01T00:04:36.726+0700] {subprocess.py:93} INFO - 	at org.apache.spark.sql.execution.streaming.StreamExecution$$anon$1.run(StreamExecution.scala:211)
[2025-11-01T00:04:36.726+0700] {subprocess.py:93} INFO - 
[2025-11-01T00:04:36.726+0700] {subprocess.py:93} INFO - 
[2025-11-01T00:04:36.726+0700] {subprocess.py:93} INFO - 	at py4j.Protocol.getReturnValue(Protocol.java:476)
[2025-11-01T00:04:36.726+0700] {subprocess.py:93} INFO - 	at py4j.reflection.PythonProxyHandler.invoke(PythonProxyHandler.java:108)
[2025-11-01T00:04:36.726+0700] {subprocess.py:93} INFO - 	at jdk.proxy3/jdk.proxy3.$Proxy31.call(Unknown Source)
[2025-11-01T00:04:36.727+0700] {subprocess.py:93} INFO - 	at org.apache.spark.sql.execution.streaming.sources.PythonForeachBatchHelper$.$anonfun$callForeachBatch$1(ForeachBatchSink.scala:53)
[2025-11-01T00:04:36.727+0700] {subprocess.py:93} INFO - 	at org.apache.spark.sql.execution.streaming.sources.PythonForeachBatchHelper$.$anonfun$callForeachBatch$1$adapted(ForeachBatchSink.scala:53)
[2025-11-01T00:04:36.727+0700] {subprocess.py:93} INFO - 	at org.apache.spark.sql.execution.streaming.sources.ForeachBatchSink.addBatch(ForeachBatchSink.scala:34)
[2025-11-01T00:04:36.727+0700] {subprocess.py:93} INFO - 	at org.apache.spark.sql.execution.streaming.MicroBatchExecution.$anonfun$runBatch$17(MicroBatchExecution.scala:732)
[2025-11-01T00:04:36.727+0700] {subprocess.py:93} INFO - 	at org.apache.spark.sql.execution.SQLExecution$.$anonfun$withNewExecutionId$6(SQLExecution.scala:125)
[2025-11-01T00:04:36.727+0700] {subprocess.py:93} INFO - 	at org.apache.spark.sql.execution.SQLExecution$.withSQLConfPropagated(SQLExecution.scala:201)
[2025-11-01T00:04:36.727+0700] {subprocess.py:93} INFO - 	at org.apache.spark.sql.execution.SQLExecution$.$anonfun$withNewExecutionId$1(SQLExecution.scala:108)
[2025-11-01T00:04:36.728+0700] {subprocess.py:93} INFO - 	at org.apache.spark.sql.SparkSession.withActive(SparkSession.scala:900)
[2025-11-01T00:04:36.728+0700] {subprocess.py:93} INFO - 	at org.apache.spark.sql.execution.SQLExecution$.withNewExecutionId(SQLExecution.scala:66)
[2025-11-01T00:04:36.728+0700] {subprocess.py:93} INFO - 	at org.apache.spark.sql.execution.streaming.MicroBatchExecution.$anonfun$runBatch$16(MicroBatchExecution.scala:729)
[2025-11-01T00:04:36.728+0700] {subprocess.py:93} INFO - 	at org.apache.spark.sql.execution.streaming.ProgressReporter.reportTimeTaken(ProgressReporter.scala:427)
[2025-11-01T00:04:36.728+0700] {subprocess.py:93} INFO - 	at org.apache.spark.sql.execution.streaming.ProgressReporter.reportTimeTaken$(ProgressReporter.scala:425)
[2025-11-01T00:04:36.728+0700] {subprocess.py:93} INFO - 	at org.apache.spark.sql.execution.streaming.StreamExecution.reportTimeTaken(StreamExecution.scala:67)
[2025-11-01T00:04:36.728+0700] {subprocess.py:93} INFO - 	at org.apache.spark.sql.execution.streaming.MicroBatchExecution.runBatch(MicroBatchExecution.scala:729)
[2025-11-01T00:04:36.729+0700] {subprocess.py:93} INFO - 	at org.apache.spark.sql.execution.streaming.MicroBatchExecution.$anonfun$runActivatedStream$2(MicroBatchExecution.scala:286)
[2025-11-01T00:04:36.729+0700] {subprocess.py:93} INFO - 	at scala.runtime.java8.JFunction0$mcV$sp.apply(JFunction0$mcV$sp.java:23)
[2025-11-01T00:04:36.729+0700] {subprocess.py:93} INFO - 	at org.apache.spark.sql.execution.streaming.ProgressReporter.reportTimeTaken(ProgressReporter.scala:427)
[2025-11-01T00:04:36.729+0700] {subprocess.py:93} INFO - 	at org.apache.spark.sql.execution.streaming.ProgressReporter.reportTimeTaken$(ProgressReporter.scala:425)
[2025-11-01T00:04:36.729+0700] {subprocess.py:93} INFO - 	at org.apache.spark.sql.execution.streaming.StreamExecution.reportTimeTaken(StreamExecution.scala:67)
[2025-11-01T00:04:36.730+0700] {subprocess.py:93} INFO - 	at org.apache.spark.sql.execution.streaming.MicroBatchExecution.$anonfun$runActivatedStream$1(MicroBatchExecution.scala:249)
[2025-11-01T00:04:36.730+0700] {subprocess.py:93} INFO - 	at org.apache.spark.sql.execution.streaming.ProcessingTimeExecutor.execute(TriggerExecutor.scala:67)
[2025-11-01T00:04:36.730+0700] {subprocess.py:93} INFO - 	at org.apache.spark.sql.execution.streaming.MicroBatchExecution.runActivatedStream(MicroBatchExecution.scala:239)
[2025-11-01T00:04:36.730+0700] {subprocess.py:93} INFO - 	at org.apache.spark.sql.execution.streaming.StreamExecution.$anonfun$runStream$1(StreamExecution.scala:311)
[2025-11-01T00:04:36.730+0700] {subprocess.py:93} INFO - 	at scala.runtime.java8.JFunction0$mcV$sp.apply(JFunction0$mcV$sp.java:23)
[2025-11-01T00:04:36.730+0700] {subprocess.py:93} INFO - 	at org.apache.spark.sql.SparkSession.withActive(SparkSession.scala:900)
[2025-11-01T00:04:36.731+0700] {subprocess.py:93} INFO - 	at org.apache.spark.sql.execution.streaming.StreamExecution.org$apache$spark$sql$execution$streaming$StreamExecution$$runStream(StreamExecution.scala:289)
[2025-11-01T00:04:36.731+0700] {subprocess.py:93} INFO - 	at org.apache.spark.sql.execution.streaming.StreamExecution$$anon$1.$anonfun$run$1(StreamExecution.scala:211)
[2025-11-01T00:04:36.731+0700] {subprocess.py:93} INFO - 	at scala.runtime.java8.JFunction0$mcV$sp.apply(JFunction0$mcV$sp.java:23)
[2025-11-01T00:04:36.731+0700] {subprocess.py:93} INFO - 	at org.apache.spark.JobArtifactSet$.withActiveJobArtifactState(JobArtifactSet.scala:94)
[2025-11-01T00:04:36.731+0700] {subprocess.py:93} INFO - 	at org.apache.spark.sql.execution.streaming.StreamExecution$$anon$1.run(StreamExecution.scala:211)
[2025-11-01T00:04:36.847+0700] {subprocess.py:93} INFO - Traceback (most recent call last):
[2025-11-01T00:04:36.847+0700] {subprocess.py:93} INFO -   File "/opt/***/projects/vehicle_count/scripts/vehicle_consumer.py", line 161, in <module>
[2025-11-01T00:04:36.847+0700] {subprocess.py:93} INFO -     query.awaitTermination()
[2025-11-01T00:04:36.848+0700] {subprocess.py:93} INFO -   File "/home/***/.local/lib/python3.12/site-packages/pyspark/python/lib/pyspark.zip/pyspark/sql/streaming/query.py", line 221, in awaitTermination
[2025-11-01T00:04:36.848+0700] {subprocess.py:93} INFO -   File "/home/***/.local/lib/python3.12/site-packages/pyspark/python/lib/py4j-0.10.9.7-src.zip/py4j/java_gateway.py", line 1322, in __call__
[2025-11-01T00:04:36.848+0700] {subprocess.py:93} INFO -   File "/home/***/.local/lib/python3.12/site-packages/pyspark/python/lib/pyspark.zip/pyspark/errors/exceptions/captured.py", line 185, in deco
[2025-11-01T00:04:36.851+0700] {subprocess.py:93} INFO - pyspark.errors.exceptions.captured.StreamingQueryException: [STREAM_FAILED] Query [id = c9cf82bd-833d-444b-883e-2e3225f57b31, runId = 8ff3f80f-9a57-4c4a-a265-5432eee6b5e8] terminated with exception: An exception was raised by the Python Proxy. Return Message: Traceback (most recent call last):
[2025-11-01T00:04:36.852+0700] {subprocess.py:93} INFO -   File "/home/***/.local/lib/python3.12/site-packages/pyspark/python/lib/py4j-0.10.9.7-src.zip/py4j/clientserver.py", line 617, in _call_proxy
[2025-11-01T00:04:36.852+0700] {subprocess.py:93} INFO -     return_value = getattr(self.pool[obj_id], method)(*params)
[2025-11-01T00:04:36.852+0700] {subprocess.py:93} INFO -                    ^^^^^^^^^^^^^^^^^^^^^^^^^^^^^^^^^^^^^^^^^^^
[2025-11-01T00:04:36.852+0700] {subprocess.py:93} INFO -   File "/home/***/.local/lib/python3.12/site-packages/pyspark/python/lib/pyspark.zip/pyspark/sql/utils.py", line 120, in call
[2025-11-01T00:04:36.853+0700] {subprocess.py:93} INFO -     raise e
[2025-11-01T00:04:36.853+0700] {subprocess.py:93} INFO -   File "/home/***/.local/lib/python3.12/site-packages/pyspark/python/lib/pyspark.zip/pyspark/sql/utils.py", line 117, in call
[2025-11-01T00:04:36.853+0700] {subprocess.py:93} INFO -     self.func(DataFrame(jdf, wrapped_session_jdf), batch_id)
[2025-11-01T00:04:36.853+0700] {subprocess.py:93} INFO -   File "/opt/***/projects/vehicle_count/scripts/vehicle_consumer.py", line 144, in write_to_postgres
[2025-11-01T00:04:36.853+0700] {subprocess.py:93} INFO -     .jdbc(
[2025-11-01T00:04:36.853+0700] {subprocess.py:93} INFO -      ^^^^^
[2025-11-01T00:04:36.854+0700] {subprocess.py:93} INFO -   File "/home/***/.local/lib/python3.12/site-packages/pyspark/python/lib/pyspark.zip/pyspark/sql/readwriter.py", line 1984, in jdbc
[2025-11-01T00:04:36.854+0700] {subprocess.py:93} INFO -     self.mode(mode)._jwrite.jdbc(url, table, jprop)
[2025-11-01T00:04:36.854+0700] {subprocess.py:93} INFO -   File "/home/***/.local/lib/python3.12/site-packages/pyspark/python/lib/py4j-0.10.9.7-src.zip/py4j/java_gateway.py", line 1322, in __call__
[2025-11-01T00:04:36.854+0700] {subprocess.py:93} INFO -     return_value = get_return_value(
[2025-11-01T00:04:36.854+0700] {subprocess.py:93} INFO -                    ^^^^^^^^^^^^^^^^^
[2025-11-01T00:04:36.854+0700] {subprocess.py:93} INFO -   File "/home/***/.local/lib/python3.12/site-packages/pyspark/python/lib/pyspark.zip/pyspark/errors/exceptions/captured.py", line 179, in deco
[2025-11-01T00:04:36.854+0700] {subprocess.py:93} INFO -     return f(*a, **kw)
[2025-11-01T00:04:36.855+0700] {subprocess.py:93} INFO -            ^^^^^^^^^^^
[2025-11-01T00:04:36.855+0700] {subprocess.py:93} INFO -   File "/home/***/.local/lib/python3.12/site-packages/pyspark/python/lib/py4j-0.10.9.7-src.zip/py4j/protocol.py", line 326, in get_return_value
[2025-11-01T00:04:36.855+0700] {subprocess.py:93} INFO -     raise Py4JJavaError(
[2025-11-01T00:04:36.855+0700] {subprocess.py:93} INFO - py4j.protocol.Py4JJavaError: An error occurred while calling o100.jdbc.
[2025-11-01T00:04:36.855+0700] {subprocess.py:93} INFO - : org.postgresql.util.PSQLException: FATAL: database "vehicle_db" does not exist
[2025-11-01T00:04:36.855+0700] {subprocess.py:93} INFO - 	at org.postgresql.core.v3.QueryExecutorImpl.receiveErrorResponse(QueryExecutorImpl.java:2713)
[2025-11-01T00:04:36.856+0700] {subprocess.py:93} INFO - 	at org.postgresql.core.v3.QueryExecutorImpl.readStartupMessages(QueryExecutorImpl.java:2825)
[2025-11-01T00:04:36.856+0700] {subprocess.py:93} INFO - 	at org.postgresql.core.v3.QueryExecutorImpl.<init>(QueryExecutorImpl.java:175)
[2025-11-01T00:04:36.856+0700] {subprocess.py:93} INFO - 	at org.postgresql.core.v3.ConnectionFactoryImpl.openConnectionImpl(ConnectionFactoryImpl.java:313)
[2025-11-01T00:04:36.856+0700] {subprocess.py:93} INFO - 	at org.postgresql.core.ConnectionFactory.openConnection(ConnectionFactory.java:54)
[2025-11-01T00:04:36.856+0700] {subprocess.py:93} INFO - 	at org.postgresql.jdbc.PgConnection.<init>(PgConnection.java:263)
[2025-11-01T00:04:36.857+0700] {subprocess.py:93} INFO - 	at org.postgresql.Driver.makeConnection(Driver.java:443)
[2025-11-01T00:04:36.857+0700] {subprocess.py:93} INFO - 	at org.postgresql.Driver.connect(Driver.java:297)
[2025-11-01T00:04:36.857+0700] {subprocess.py:93} INFO - 	at org.apache.spark.sql.execution.datasources.jdbc.connection.BasicConnectionProvider.getConnection(BasicConnectionProvider.scala:49)
[2025-11-01T00:04:36.857+0700] {subprocess.py:93} INFO - 	at org.apache.spark.sql.execution.datasources.jdbc.connection.ConnectionProviderBase.create(ConnectionProvider.scala:102)
[2025-11-01T00:04:36.857+0700] {subprocess.py:93} INFO - 	at org.apache.spark.sql.jdbc.JdbcDialect.$anonfun$createConnectionFactory$1(JdbcDialects.scala:160)
[2025-11-01T00:04:36.858+0700] {subprocess.py:93} INFO - 	at org.apache.spark.sql.jdbc.JdbcDialect.$anonfun$createConnectionFactory$1$adapted(JdbcDialects.scala:156)
[2025-11-01T00:04:36.858+0700] {subprocess.py:93} INFO - 	at org.apache.spark.sql.execution.datasources.jdbc.JdbcRelationProvider.createRelation(JdbcRelationProvider.scala:50)
[2025-11-01T00:04:36.858+0700] {subprocess.py:93} INFO - 	at org.apache.spark.sql.execution.datasources.SaveIntoDataSourceCommand.run(SaveIntoDataSourceCommand.scala:48)
[2025-11-01T00:04:36.858+0700] {subprocess.py:93} INFO - 	at org.apache.spark.sql.execution.command.ExecutedCommandExec.sideEffectResult$lzycompute(commands.scala:75)
[2025-11-01T00:04:36.858+0700] {subprocess.py:93} INFO - 	at org.apache.spark.sql.execution.command.ExecutedCommandExec.sideEffectResult(commands.scala:73)
[2025-11-01T00:04:36.858+0700] {subprocess.py:93} INFO - 	at org.apache.spark.sql.execution.command.ExecutedCommandExec.executeCollect(commands.scala:84)
[2025-11-01T00:04:36.859+0700] {subprocess.py:93} INFO - 	at org.apache.spark.sql.execution.QueryExecution$$anonfun$eagerlyExecuteCommands$1.$anonfun$applyOrElse$1(QueryExecution.scala:107)
[2025-11-01T00:04:36.859+0700] {subprocess.py:93} INFO - 	at org.apache.spark.sql.execution.SQLExecution$.$anonfun$withNewExecutionId$6(SQLExecution.scala:125)
[2025-11-01T00:04:36.859+0700] {subprocess.py:93} INFO - 	at org.apache.spark.sql.execution.SQLExecution$.withSQLConfPropagated(SQLExecution.scala:201)
[2025-11-01T00:04:36.859+0700] {subprocess.py:93} INFO - 	at org.apache.spark.sql.execution.SQLExecution$.$anonfun$withNewExecutionId$1(SQLExecution.scala:108)
[2025-11-01T00:04:36.859+0700] {subprocess.py:93} INFO - 	at org.apache.spark.sql.SparkSession.withActive(SparkSession.scala:900)
[2025-11-01T00:04:36.860+0700] {subprocess.py:93} INFO - 	at org.apache.spark.sql.execution.SQLExecution$.withNewExecutionId(SQLExecution.scala:66)
[2025-11-01T00:04:36.860+0700] {subprocess.py:93} INFO - 	at org.apache.spark.sql.execution.QueryExecution$$anonfun$eagerlyExecuteCommands$1.applyOrElse(QueryExecution.scala:107)
[2025-11-01T00:04:36.860+0700] {subprocess.py:93} INFO - 	at org.apache.spark.sql.execution.QueryExecution$$anonfun$eagerlyExecuteCommands$1.applyOrElse(QueryExecution.scala:98)
[2025-11-01T00:04:36.860+0700] {subprocess.py:93} INFO - 	at org.apache.spark.sql.catalyst.trees.TreeNode.$anonfun$transformDownWithPruning$1(TreeNode.scala:461)
[2025-11-01T00:04:36.860+0700] {subprocess.py:93} INFO - 	at org.apache.spark.sql.catalyst.trees.CurrentOrigin$.withOrigin(origin.scala:76)
[2025-11-01T00:04:36.860+0700] {subprocess.py:93} INFO - 	at org.apache.spark.sql.catalyst.trees.TreeNode.transformDownWithPruning(TreeNode.scala:461)
[2025-11-01T00:04:36.861+0700] {subprocess.py:93} INFO - 	at org.apache.spark.sql.catalyst.plans.logical.LogicalPlan.org$apache$spark$sql$catalyst$plans$logical$AnalysisHelper$$super$transformDownWithPruning(LogicalPlan.scala:32)
[2025-11-01T00:04:36.861+0700] {subprocess.py:93} INFO - 	at org.apache.spark.sql.catalyst.plans.logical.AnalysisHelper.transformDownWithPruning(AnalysisHelper.scala:267)
[2025-11-01T00:04:36.861+0700] {subprocess.py:93} INFO - 	at org.apache.spark.sql.catalyst.plans.logical.AnalysisHelper.transformDownWithPruning$(AnalysisHelper.scala:263)
[2025-11-01T00:04:36.861+0700] {subprocess.py:93} INFO - 	at org.apache.spark.sql.catalyst.plans.logical.LogicalPlan.transformDownWithPruning(LogicalPlan.scala:32)
[2025-11-01T00:04:36.861+0700] {subprocess.py:93} INFO - 	at org.apache.spark.sql.catalyst.plans.logical.LogicalPlan.transformDownWithPruning(LogicalPlan.scala:32)
[2025-11-01T00:04:36.862+0700] {subprocess.py:93} INFO - 	at org.apache.spark.sql.catalyst.trees.TreeNode.transformDown(TreeNode.scala:437)
[2025-11-01T00:04:36.862+0700] {subprocess.py:93} INFO - 	at org.apache.spark.sql.execution.QueryExecution.eagerlyExecuteCommands(QueryExecution.scala:98)
[2025-11-01T00:04:36.862+0700] {subprocess.py:93} INFO - 	at org.apache.spark.sql.execution.QueryExecution.commandExecuted$lzycompute(QueryExecution.scala:85)
[2025-11-01T00:04:36.862+0700] {subprocess.py:93} INFO - 	at org.apache.spark.sql.execution.QueryExecution.commandExecuted(QueryExecution.scala:83)
[2025-11-01T00:04:36.862+0700] {subprocess.py:93} INFO - 	at org.apache.spark.sql.execution.QueryExecution.assertCommandExecuted(QueryExecution.scala:142)
[2025-11-01T00:04:36.862+0700] {subprocess.py:93} INFO - 	at org.apache.spark.sql.DataFrameWriter.runCommand(DataFrameWriter.scala:859)
[2025-11-01T00:04:36.863+0700] {subprocess.py:93} INFO - 	at org.apache.spark.sql.DataFrameWriter.saveToV1Source(DataFrameWriter.scala:388)
[2025-11-01T00:04:36.863+0700] {subprocess.py:93} INFO - 	at org.apache.spark.sql.DataFrameWriter.saveInternal(DataFrameWriter.scala:361)
[2025-11-01T00:04:36.863+0700] {subprocess.py:93} INFO - 	at org.apache.spark.sql.DataFrameWriter.save(DataFrameWriter.scala:248)
[2025-11-01T00:04:36.863+0700] {subprocess.py:93} INFO - 	at org.apache.spark.sql.DataFrameWriter.jdbc(DataFrameWriter.scala:756)
[2025-11-01T00:04:36.864+0700] {subprocess.py:93} INFO - 	at java.base/jdk.internal.reflect.NativeMethodAccessorImpl.invoke0(Native Method)
[2025-11-01T00:04:36.864+0700] {subprocess.py:93} INFO - 	at java.base/jdk.internal.reflect.NativeMethodAccessorImpl.invoke(NativeMethodAccessorImpl.java:77)
[2025-11-01T00:04:36.864+0700] {subprocess.py:93} INFO - 	at java.base/jdk.internal.reflect.DelegatingMethodAccessorImpl.invoke(DelegatingMethodAccessorImpl.java:43)
[2025-11-01T00:04:36.864+0700] {subprocess.py:93} INFO - 	at java.base/java.lang.reflect.Method.invoke(Method.java:569)
[2025-11-01T00:04:36.864+0700] {subprocess.py:93} INFO - 	at py4j.reflection.MethodInvoker.invoke(MethodInvoker.java:244)
[2025-11-01T00:04:36.864+0700] {subprocess.py:93} INFO - 	at py4j.reflection.ReflectionEngine.invoke(ReflectionEngine.java:374)
[2025-11-01T00:04:36.865+0700] {subprocess.py:93} INFO - 	at py4j.Gateway.invoke(Gateway.java:282)
[2025-11-01T00:04:36.865+0700] {subprocess.py:93} INFO - 	at py4j.commands.AbstractCommand.invokeMethod(AbstractCommand.java:132)
[2025-11-01T00:04:36.865+0700] {subprocess.py:93} INFO - 	at py4j.commands.CallCommand.execute(CallCommand.java:79)
[2025-11-01T00:04:36.865+0700] {subprocess.py:93} INFO - 	at py4j.ClientServerConnection.sendCommand(ClientServerConnection.java:244)
[2025-11-01T00:04:36.865+0700] {subprocess.py:93} INFO - 	at py4j.CallbackClient.sendCommand(CallbackClient.java:384)
[2025-11-01T00:04:36.866+0700] {subprocess.py:93} INFO - 	at py4j.CallbackClient.sendCommand(CallbackClient.java:356)
[2025-11-01T00:04:36.866+0700] {subprocess.py:93} INFO - 	at py4j.reflection.PythonProxyHandler.invoke(PythonProxyHandler.java:106)
[2025-11-01T00:04:36.866+0700] {subprocess.py:93} INFO - 	at jdk.proxy3/jdk.proxy3.$Proxy31.call(Unknown Source)
[2025-11-01T00:04:36.866+0700] {subprocess.py:93} INFO - 	at org.apache.spark.sql.execution.streaming.sources.PythonForeachBatchHelper$.$anonfun$callForeachBatch$1(ForeachBatchSink.scala:53)
[2025-11-01T00:04:36.866+0700] {subprocess.py:93} INFO - 	at org.apache.spark.sql.execution.streaming.sources.PythonForeachBatchHelper$.$anonfun$callForeachBatch$1$adapted(ForeachBatchSink.scala:53)
[2025-11-01T00:04:36.866+0700] {subprocess.py:93} INFO - 	at org.apache.spark.sql.execution.streaming.sources.ForeachBatchSink.addBatch(ForeachBatchSink.scala:34)
[2025-11-01T00:04:36.866+0700] {subprocess.py:93} INFO - 	at org.apache.spark.sql.execution.streaming.MicroBatchExecution.$anonfun$runBatch$17(MicroBatchExecution.scala:732)
[2025-11-01T00:04:36.867+0700] {subprocess.py:93} INFO - 	at org.apache.spark.sql.execution.SQLExecution$.$anonfun$withNewExecutionId$6(SQLExecution.scala:125)
[2025-11-01T00:04:36.867+0700] {subprocess.py:93} INFO - 	at org.apache.spark.sql.execution.SQLExecution$.withSQLConfPropagated(SQLExecution.scala:201)
[2025-11-01T00:04:36.867+0700] {subprocess.py:93} INFO - 	at org.apache.spark.sql.execution.SQLExecution$.$anonfun$withNewExecutionId$1(SQLExecution.scala:108)
[2025-11-01T00:04:36.867+0700] {subprocess.py:93} INFO - 	at org.apache.spark.sql.SparkSession.withActive(SparkSession.scala:900)
[2025-11-01T00:04:36.867+0700] {subprocess.py:93} INFO - 	at org.apache.spark.sql.execution.SQLExecution$.withNewExecutionId(SQLExecution.scala:66)
[2025-11-01T00:04:36.867+0700] {subprocess.py:93} INFO - 	at org.apache.spark.sql.execution.streaming.MicroBatchExecution.$anonfun$runBatch$16(MicroBatchExecution.scala:729)
[2025-11-01T00:04:36.868+0700] {subprocess.py:93} INFO - 	at org.apache.spark.sql.execution.streaming.ProgressReporter.reportTimeTaken(ProgressReporter.scala:427)
[2025-11-01T00:04:36.868+0700] {subprocess.py:93} INFO - 	at org.apache.spark.sql.execution.streaming.ProgressReporter.reportTimeTaken$(ProgressReporter.scala:425)
[2025-11-01T00:04:36.868+0700] {subprocess.py:93} INFO - 	at org.apache.spark.sql.execution.streaming.StreamExecution.reportTimeTaken(StreamExecution.scala:67)
[2025-11-01T00:04:36.868+0700] {subprocess.py:93} INFO - 	at org.apache.spark.sql.execution.streaming.MicroBatchExecution.runBatch(MicroBatchExecution.scala:729)
[2025-11-01T00:04:36.868+0700] {subprocess.py:93} INFO - 	at org.apache.spark.sql.execution.streaming.MicroBatchExecution.$anonfun$runActivatedStream$2(MicroBatchExecution.scala:286)
[2025-11-01T00:04:36.868+0700] {subprocess.py:93} INFO - 	at scala.runtime.java8.JFunction0$mcV$sp.apply(JFunction0$mcV$sp.java:23)
[2025-11-01T00:04:36.869+0700] {subprocess.py:93} INFO - 	at org.apache.spark.sql.execution.streaming.ProgressReporter.reportTimeTaken(ProgressReporter.scala:427)
[2025-11-01T00:04:36.869+0700] {subprocess.py:93} INFO - 	at org.apache.spark.sql.execution.streaming.ProgressReporter.reportTimeTaken$(ProgressReporter.scala:425)
[2025-11-01T00:04:36.869+0700] {subprocess.py:93} INFO - 	at org.apache.spark.sql.execution.streaming.StreamExecution.reportTimeTaken(StreamExecution.scala:67)
[2025-11-01T00:04:36.869+0700] {subprocess.py:93} INFO - 	at org.apache.spark.sql.execution.streaming.MicroBatchExecution.$anonfun$runActivatedStream$1(MicroBatchExecution.scala:249)
[2025-11-01T00:04:36.869+0700] {subprocess.py:93} INFO - 	at org.apache.spark.sql.execution.streaming.ProcessingTimeExecutor.execute(TriggerExecutor.scala:67)
[2025-11-01T00:04:36.870+0700] {subprocess.py:93} INFO - 	at org.apache.spark.sql.execution.streaming.MicroBatchExecution.runActivatedStream(MicroBatchExecution.scala:239)
[2025-11-01T00:04:36.870+0700] {subprocess.py:93} INFO - 	at org.apache.spark.sql.execution.streaming.StreamExecution.$anonfun$runStream$1(StreamExecution.scala:311)
[2025-11-01T00:04:36.870+0700] {subprocess.py:93} INFO - 	at scala.runtime.java8.JFunction0$mcV$sp.apply(JFunction0$mcV$sp.java:23)
[2025-11-01T00:04:36.870+0700] {subprocess.py:93} INFO - 	at org.apache.spark.sql.SparkSession.withActive(SparkSession.scala:900)
[2025-11-01T00:04:36.870+0700] {subprocess.py:93} INFO - 	at org.apache.spark.sql.execution.streaming.StreamExecution.org$apache$spark$sql$execution$streaming$StreamExecution$$runStream(StreamExecution.scala:289)
[2025-11-01T00:04:36.870+0700] {subprocess.py:93} INFO - 	at org.apache.spark.sql.execution.streaming.StreamExecution$$anon$1.$anonfun$run$1(StreamExecution.scala:211)
[2025-11-01T00:04:36.871+0700] {subprocess.py:93} INFO - 	at scala.runtime.java8.JFunction0$mcV$sp.apply(JFunction0$mcV$sp.java:23)
[2025-11-01T00:04:36.871+0700] {subprocess.py:93} INFO - 	at org.apache.spark.JobArtifactSet$.withActiveJobArtifactState(JobArtifactSet.scala:94)
[2025-11-01T00:04:36.871+0700] {subprocess.py:93} INFO - 	at org.apache.spark.sql.execution.streaming.StreamExecution$$anon$1.run(StreamExecution.scala:211)
[2025-11-01T00:04:36.871+0700] {subprocess.py:93} INFO - 
[2025-11-01T00:04:36.871+0700] {subprocess.py:93} INFO - 
[2025-11-01T00:04:37.352+0700] {subprocess.py:97} INFO - Command exited with return code 1
[2025-11-01T00:04:37.355+0700] {taskinstance.py:441} INFO - ::group::Post task execution logs
[2025-11-01T00:04:37.367+0700] {taskinstance.py:2890} ERROR - Task failed with exception
Traceback (most recent call last):
  File "/home/airflow/.local/lib/python3.12/site-packages/airflow/models/taskinstance.py", line 460, in _execute_task
    result = _execute_callable(context=context, **execute_callable_kwargs)
             ^^^^^^^^^^^^^^^^^^^^^^^^^^^^^^^^^^^^^^^^^^^^^^^^^^^^^^^^^^^^^
  File "/home/airflow/.local/lib/python3.12/site-packages/airflow/models/taskinstance.py", line 432, in _execute_callable
    return execute_callable(context=context, **execute_callable_kwargs)
           ^^^^^^^^^^^^^^^^^^^^^^^^^^^^^^^^^^^^^^^^^^^^^^^^^^^^^^^^^^^^
  File "/home/airflow/.local/lib/python3.12/site-packages/airflow/models/baseoperator.py", line 400, in wrapper
    return func(self, *args, **kwargs)
           ^^^^^^^^^^^^^^^^^^^^^^^^^^^
  File "/home/airflow/.local/lib/python3.12/site-packages/airflow/operators/bash.py", line 243, in execute
    raise AirflowException(
airflow.exceptions.AirflowException: Bash command failed. The command returned a non-zero exit code 1.
[2025-11-01T00:04:37.371+0700] {taskinstance.py:1205} INFO - Marking task as FAILED. dag_id=vehicle_pipeline_new_dag, task_id=start_vehicle_consumer, execution_date=20251031T160000, start_date=20251031T170426, end_date=20251031T170437
[2025-11-01T00:04:37.381+0700] {standard_task_runner.py:110} ERROR - Failed to execute job 525 for task start_vehicle_consumer (Bash command failed. The command returned a non-zero exit code 1.; 26347)
[2025-11-01T00:04:37.427+0700] {local_task_job_runner.py:240} INFO - Task exited with return code 1
[2025-11-01T00:04:37.445+0700] {taskinstance.py:3482} INFO - 0 downstream tasks scheduled from follow-on schedule check
[2025-11-01T00:04:37.446+0700] {local_task_job_runner.py:222} INFO - ::endgroup::
