[2025-11-01T01:07:44.070+0700] {local_task_job_runner.py:120} INFO - ::group::Pre task execution logs
[2025-11-01T01:07:44.085+0700] {taskinstance.py:2073} INFO - Dependencies all met for dep_context=non-requeueable deps ti=<TaskInstance: vehicle_pipeline_new_dag.monitor_vehicle_stream scheduled__2025-10-31T17:00:00+00:00 [queued]>
[2025-11-01T01:07:44.088+0700] {taskinstance.py:2073} INFO - Dependencies all met for dep_context=requeueable deps ti=<TaskInstance: vehicle_pipeline_new_dag.monitor_vehicle_stream scheduled__2025-10-31T17:00:00+00:00 [queued]>
[2025-11-01T01:07:44.088+0700] {taskinstance.py:2303} INFO - Starting attempt 1 of 3
[2025-11-01T01:07:44.094+0700] {taskinstance.py:2327} INFO - Executing <Task(PythonOperator): monitor_vehicle_stream> on 2025-10-31 17:00:00+00:00
[2025-11-01T01:07:44.099+0700] {warnings.py:110} WARNING - /home/***/.local/lib/python3.12/site-packages/***/task/task_runner/standard_task_runner.py:61: DeprecationWarning: This process (pid=37960) is multi-threaded, use of fork() may lead to deadlocks in the child.
  pid = os.fork()

[2025-11-01T01:07:44.100+0700] {standard_task_runner.py:63} INFO - Started process 37962 to run task
[2025-11-01T01:07:44.101+0700] {standard_task_runner.py:90} INFO - Running: ['***', 'tasks', 'run', 'vehicle_pipeline_new_dag', 'monitor_vehicle_stream', 'scheduled__2025-10-31T17:00:00+00:00', '--job-id', '546', '--raw', '--subdir', 'DAGS_FOLDER/vehicel_pipeline_new_dag.py', '--cfg-path', '/tmp/tmpu3on7fdj']
[2025-11-01T01:07:44.103+0700] {standard_task_runner.py:91} INFO - Job 546: Subtask monitor_vehicle_stream
[2025-11-01T01:07:44.141+0700] {task_command.py:426} INFO - Running <TaskInstance: vehicle_pipeline_new_dag.monitor_vehicle_stream scheduled__2025-10-31T17:00:00+00:00 [running]> on host f7bb1ad77e89
[2025-11-01T01:07:44.199+0700] {taskinstance.py:2644} INFO - Exporting env vars: AIRFLOW_CTX_DAG_OWNER='***' AIRFLOW_CTX_DAG_ID='vehicle_pipeline_new_dag' AIRFLOW_CTX_TASK_ID='monitor_vehicle_stream' AIRFLOW_CTX_EXECUTION_DATE='2025-10-31T17:00:00+00:00' AIRFLOW_CTX_TRY_NUMBER='1' AIRFLOW_CTX_DAG_RUN_ID='scheduled__2025-10-31T17:00:00+00:00'
[2025-11-01T01:07:44.200+0700] {taskinstance.py:430} INFO - ::endgroup::
[2025-11-01T01:07:44.201+0700] {logging_mixin.py:188} INFO - [Monitor] Checking vehicle streaming checkpoint...
[2025-11-01T01:07:44.201+0700] {logging_mixin.py:188} INFO - [Monitor] No checkpoint found. Possibly failed or cleaned.
[2025-11-01T01:07:44.201+0700] {python.py:237} INFO - Done. Returned value was: None
[2025-11-01T01:07:44.201+0700] {taskinstance.py:441} INFO - ::group::Post task execution logs
[2025-11-01T01:07:44.209+0700] {taskinstance.py:1205} INFO - Marking task as SUCCESS. dag_id=vehicle_pipeline_new_dag, task_id=monitor_vehicle_stream, execution_date=20251031T170000, start_date=20251031T180744, end_date=20251031T180744
[2025-11-01T01:07:44.235+0700] {local_task_job_runner.py:240} INFO - Task exited with return code 0
[2025-11-01T01:07:44.249+0700] {taskinstance.py:3482} INFO - 1 downstream tasks scheduled from follow-on schedule check
[2025-11-01T01:07:44.250+0700] {local_task_job_runner.py:222} INFO - ::endgroup::
