[2025-10-31T23:04:05.454+0700] {local_task_job_runner.py:120} INFO - ::group::Pre task execution logs
[2025-10-31T23:04:05.467+0700] {taskinstance.py:2073} INFO - Dependencies all met for dep_context=non-requeueable deps ti=<TaskInstance: vehicle_pipeline_new_dag.monitor_vehicle_stream scheduled__2025-10-31T15:00:00+00:00 [queued]>
[2025-10-31T23:04:05.471+0700] {taskinstance.py:2073} INFO - Dependencies all met for dep_context=requeueable deps ti=<TaskInstance: vehicle_pipeline_new_dag.monitor_vehicle_stream scheduled__2025-10-31T15:00:00+00:00 [queued]>
[2025-10-31T23:04:05.472+0700] {taskinstance.py:2303} INFO - Starting attempt 1 of 3
[2025-10-31T23:04:05.477+0700] {taskinstance.py:2327} INFO - Executing <Task(PythonOperator): monitor_vehicle_stream> on 2025-10-31 15:00:00+00:00
[2025-10-31T23:04:05.483+0700] {warnings.py:110} WARNING - /home/***/.local/lib/python3.12/site-packages/***/task/task_runner/standard_task_runner.py:61: DeprecationWarning: This process (pid=2095) is multi-threaded, use of fork() may lead to deadlocks in the child.
  pid = os.fork()

[2025-10-31T23:04:05.484+0700] {standard_task_runner.py:63} INFO - Started process 2097 to run task
[2025-10-31T23:04:05.485+0700] {standard_task_runner.py:90} INFO - Running: ['***', 'tasks', 'run', 'vehicle_pipeline_new_dag', 'monitor_vehicle_stream', 'scheduled__2025-10-31T15:00:00+00:00', '--job-id', '427', '--raw', '--subdir', 'DAGS_FOLDER/vehicel_pipeline_new_dag.py', '--cfg-path', '/tmp/tmpv1fphroy']
[2025-10-31T23:04:05.487+0700] {standard_task_runner.py:91} INFO - Job 427: Subtask monitor_vehicle_stream
[2025-10-31T23:04:05.527+0700] {task_command.py:426} INFO - Running <TaskInstance: vehicle_pipeline_new_dag.monitor_vehicle_stream scheduled__2025-10-31T15:00:00+00:00 [running]> on host f7bb1ad77e89
[2025-10-31T23:04:05.585+0700] {taskinstance.py:2644} INFO - Exporting env vars: AIRFLOW_CTX_DAG_OWNER='***' AIRFLOW_CTX_DAG_ID='vehicle_pipeline_new_dag' AIRFLOW_CTX_TASK_ID='monitor_vehicle_stream' AIRFLOW_CTX_EXECUTION_DATE='2025-10-31T15:00:00+00:00' AIRFLOW_CTX_TRY_NUMBER='1' AIRFLOW_CTX_DAG_RUN_ID='scheduled__2025-10-31T15:00:00+00:00'
[2025-10-31T23:04:05.586+0700] {taskinstance.py:430} INFO - ::endgroup::
[2025-10-31T23:04:05.587+0700] {logging_mixin.py:188} INFO - [Monitor] Checking vehicle streaming checkpoint...
[2025-10-31T23:04:05.587+0700] {logging_mixin.py:188} INFO - [Monitor] No checkpoint found. Possibly failed or cleaned.
[2025-10-31T23:04:05.587+0700] {python.py:237} INFO - Done. Returned value was: None
[2025-10-31T23:04:05.588+0700] {taskinstance.py:441} INFO - ::group::Post task execution logs
[2025-10-31T23:04:05.595+0700] {taskinstance.py:1205} INFO - Marking task as SUCCESS. dag_id=vehicle_pipeline_new_dag, task_id=monitor_vehicle_stream, execution_date=20251031T150000, start_date=20251031T160405, end_date=20251031T160405
[2025-10-31T23:04:05.618+0700] {local_task_job_runner.py:240} INFO - Task exited with return code 0
[2025-10-31T23:04:05.634+0700] {taskinstance.py:3482} INFO - 1 downstream tasks scheduled from follow-on schedule check
[2025-10-31T23:04:05.635+0700] {local_task_job_runner.py:222} INFO - ::endgroup::
[2025-10-31T23:24:34.346+0700] {local_task_job_runner.py:120} INFO - ::group::Pre task execution logs
[2025-10-31T23:24:34.359+0700] {taskinstance.py:2073} INFO - Dependencies all met for dep_context=non-requeueable deps ti=<TaskInstance: vehicle_pipeline_new_dag.monitor_vehicle_stream scheduled__2025-10-31T15:00:00+00:00 [queued]>
[2025-10-31T23:24:34.362+0700] {taskinstance.py:2073} INFO - Dependencies all met for dep_context=requeueable deps ti=<TaskInstance: vehicle_pipeline_new_dag.monitor_vehicle_stream scheduled__2025-10-31T15:00:00+00:00 [queued]>
[2025-10-31T23:24:34.362+0700] {taskinstance.py:2303} INFO - Starting attempt 1 of 3
[2025-10-31T23:24:34.367+0700] {taskinstance.py:2327} INFO - Executing <Task(PythonOperator): monitor_vehicle_stream> on 2025-10-31 15:00:00+00:00
[2025-10-31T23:24:34.372+0700] {warnings.py:110} WARNING - /home/***/.local/lib/python3.12/site-packages/***/task/task_runner/standard_task_runner.py:61: DeprecationWarning: This process (pid=3562) is multi-threaded, use of fork() may lead to deadlocks in the child.
  pid = os.fork()

[2025-10-31T23:24:34.373+0700] {standard_task_runner.py:63} INFO - Started process 3564 to run task
[2025-10-31T23:24:34.374+0700] {standard_task_runner.py:90} INFO - Running: ['***', 'tasks', 'run', 'vehicle_pipeline_new_dag', 'monitor_vehicle_stream', 'scheduled__2025-10-31T15:00:00+00:00', '--job-id', '473', '--raw', '--subdir', 'DAGS_FOLDER/vehicel_pipeline_new_dag.py', '--cfg-path', '/tmp/tmpz95n8y8b']
[2025-10-31T23:24:34.376+0700] {standard_task_runner.py:91} INFO - Job 473: Subtask monitor_vehicle_stream
[2025-10-31T23:24:34.411+0700] {task_command.py:426} INFO - Running <TaskInstance: vehicle_pipeline_new_dag.monitor_vehicle_stream scheduled__2025-10-31T15:00:00+00:00 [running]> on host f7bb1ad77e89
[2025-10-31T23:24:34.460+0700] {taskinstance.py:2644} INFO - Exporting env vars: AIRFLOW_CTX_DAG_OWNER='***' AIRFLOW_CTX_DAG_ID='vehicle_pipeline_new_dag' AIRFLOW_CTX_TASK_ID='monitor_vehicle_stream' AIRFLOW_CTX_EXECUTION_DATE='2025-10-31T15:00:00+00:00' AIRFLOW_CTX_TRY_NUMBER='1' AIRFLOW_CTX_DAG_RUN_ID='scheduled__2025-10-31T15:00:00+00:00'
[2025-10-31T23:24:34.461+0700] {taskinstance.py:430} INFO - ::endgroup::
[2025-10-31T23:24:34.462+0700] {logging_mixin.py:188} INFO - [Monitor] Checking vehicle streaming checkpoint...
[2025-10-31T23:24:34.462+0700] {logging_mixin.py:188} INFO - [Monitor] No checkpoint found. Possibly failed or cleaned.
[2025-10-31T23:24:34.462+0700] {python.py:237} INFO - Done. Returned value was: None
[2025-10-31T23:24:34.463+0700] {taskinstance.py:441} INFO - ::group::Post task execution logs
[2025-10-31T23:24:34.469+0700] {taskinstance.py:1205} INFO - Marking task as SUCCESS. dag_id=vehicle_pipeline_new_dag, task_id=monitor_vehicle_stream, execution_date=20251031T150000, start_date=20251031T162434, end_date=20251031T162434
[2025-10-31T23:24:34.511+0700] {local_task_job_runner.py:240} INFO - Task exited with return code 0
[2025-10-31T23:24:34.524+0700] {taskinstance.py:3482} INFO - 1 downstream tasks scheduled from follow-on schedule check
[2025-10-31T23:24:34.525+0700] {local_task_job_runner.py:222} INFO - ::endgroup::
